ARM GAS  /var/folders/lp/x54gwt890xv47sdkqj1k04q40000gn/T//cc6srKRy.s 			page 1


   1              		.cpu cortex-m4
   2              		.arch armv7e-m
   3              		.fpu fpv4-sp-d16
   4              		.eabi_attribute 27, 1
   5              		.eabi_attribute 28, 1
   6              		.eabi_attribute 20, 1
   7              		.eabi_attribute 21, 1
   8              		.eabi_attribute 23, 3
   9              		.eabi_attribute 24, 1
  10              		.eabi_attribute 25, 1
  11              		.eabi_attribute 26, 1
  12              		.eabi_attribute 30, 1
  13              		.eabi_attribute 34, 1
  14              		.eabi_attribute 18, 4
  15              		.file	"ADSR_envelope.c"
  16              		.text
  17              	.Ltext0:
  18              		.cfi_sections	.debug_frame
  19              		.file 1 "Core/Src/ADSR_envelope.c"
  20              		.section	.text.ADSR_keyOn,"ax",%progbits
  21              		.align	1
  22              		.global	ADSR_keyOn
  23              		.syntax unified
  24              		.thumb
  25              		.thumb_func
  27              	ADSR_keyOn:
  28              	.LVL0:
  29              	.LFB4:
   1:Core/Src/ADSR_envelope.c **** /**
   2:Core/Src/ADSR_envelope.c ****  * @file ADSR_envelope.c
   3:Core/Src/ADSR_envelope.c ****  * @author modified by johannes regnier
   4:Core/Src/ADSR_envelope.c ****  * @brief Exponential ADSR envelope generator
   5:Core/Src/ADSR_envelope.c ****  * @note Modification of Perry R. Cook and Gary P. Scavone Envelope subclass (which has linear segm
   6:Core/Src/ADSR_envelope.c ****  * @note  https://ccrma.stanford.edu/software/stk/classstk_1_1ADSR.html 
   7:Core/Src/ADSR_envelope.c ****  * @note Exponential curve multiplier from https://www.martin-finke.de/articles/audio-plugins-011-e
   8:Core/Src/ADSR_envelope.c ****  * @version 0.1
   9:Core/Src/ADSR_envelope.c ****  * @date 2023-12-31
  10:Core/Src/ADSR_envelope.c ****  * 
  11:Core/Src/ADSR_envelope.c ****  * @copyright Copyright (c) 2023
  12:Core/Src/ADSR_envelope.c ****  * 
  13:Core/Src/ADSR_envelope.c ****  */
  14:Core/Src/ADSR_envelope.c **** 
  15:Core/Src/ADSR_envelope.c **** 
  16:Core/Src/ADSR_envelope.c **** 
  17:Core/Src/ADSR_envelope.c **** 
  18:Core/Src/ADSR_envelope.c **** 
  19:Core/Src/ADSR_envelope.c **** /***************************************************/
  20:Core/Src/ADSR_envelope.c **** /*
  21:Core/Src/ADSR_envelope.c ****     This Envelope subclass implements a
  22:Core/Src/ADSR_envelope.c ****     traditional ADSR (Attack, Decay,
  23:Core/Src/ADSR_envelope.c ****     Sustain, Release) envelope.  It
  24:Core/Src/ADSR_envelope.c ****     responds to simple keyOn and keyOff
  25:Core/Src/ADSR_envelope.c ****     messages, keeping track of its state.
  26:Core/Src/ADSR_envelope.c ****     The \e state = ADSR::DONE after the
  27:Core/Src/ADSR_envelope.c ****     envelope value reaches 0.0 in the
  28:Core/Src/ADSR_envelope.c ****     ADSR::RELEASE state.
  29:Core/Src/ADSR_envelope.c **** 
ARM GAS  /var/folders/lp/x54gwt890xv47sdkqj1k04q40000gn/T//cc6srKRy.s 			page 2


  30:Core/Src/ADSR_envelope.c ****     by Perry R. Cook and Gary P. Scavone, 1995 - 2005.
  31:Core/Src/ADSR_envelope.c **** */
  32:Core/Src/ADSR_envelope.c **** /*
  33:Core/Src/ADSR_envelope.c **** * This program is free software; you can redistribute it and/or modify
  34:Core/Src/ADSR_envelope.c **** * it under the terms of the GNU General Public License as published by
  35:Core/Src/ADSR_envelope.c **** * the Free Software Foundation; either version 2 of the License, or
  36:Core/Src/ADSR_envelope.c **** * (at your option) any later version.
  37:Core/Src/ADSR_envelope.c **** *
  38:Core/Src/ADSR_envelope.c **** * This program is distributed in the hope that it will be useful,
  39:Core/Src/ADSR_envelope.c **** * but WITHOUT ANY WARRANTY; without even the implied warranty of
  40:Core/Src/ADSR_envelope.c **** * MERCHANTABILITY or FITNESS FOR A PARTICULAR PURPOSE. See the
  41:Core/Src/ADSR_envelope.c **** * GNU General Public License for more details.
  42:Core/Src/ADSR_envelope.c **** *
  43:Core/Src/ADSR_envelope.c **** * You should have received a copy of the GNU General Public License
  44:Core/Src/ADSR_envelope.c **** * along with this program; if not, write to the Free Software
  45:Core/Src/ADSR_envelope.c **** * Foundation, Inc., 59 Temple Place, Suite 330, Boston, MA 02111-1307 USA
  46:Core/Src/ADSR_envelope.c **** *
  47:Core/Src/ADSR_envelope.c **** */
  48:Core/Src/ADSR_envelope.c **** /***************************************************/
  49:Core/Src/ADSR_envelope.c **** 
  50:Core/Src/ADSR_envelope.c **** #include "ADSR_envelope.h"
  51:Core/Src/ADSR_envelope.c **** #include <stdint.h>
  52:Core/Src/ADSR_envelope.c **** #include "lut_log.h"
  53:Core/Src/ADSR_envelope.c **** #include "helper_functions.h"
  54:Core/Src/ADSR_envelope.c **** 
  55:Core/Src/ADSR_envelope.c **** 
  56:Core/Src/ADSR_envelope.c **** 
  57:Core/Src/ADSR_envelope.c **** ADSR_t			adsr_amp _CCM_;
  58:Core/Src/ADSR_envelope.c **** ADSR_t			adsr_filt _CCM_;
  59:Core/Src/ADSR_envelope.c **** ADSR_t			adsr_index _CCM_;
  60:Core/Src/ADSR_envelope.c **** 
  61:Core/Src/ADSR_envelope.c **** 
  62:Core/Src/ADSR_envelope.c **** void ADSR_init(ADSR_t *env)
  63:Core/Src/ADSR_envelope.c **** {
  64:Core/Src/ADSR_envelope.c ****     env->target = 1.3;
  65:Core/Src/ADSR_envelope.c ****     env->value = 0.0;
  66:Core/Src/ADSR_envelope.c ****     env->state = OFF;
  67:Core/Src/ADSR_envelope.c ****     env->atk_time = 0.001;
  68:Core/Src/ADSR_envelope.c ****     env->dcy_time = 3;
  69:Core/Src/ADSR_envelope.c ****     env->sust_level = 0.1;
  70:Core/Src/ADSR_envelope.c ****     env->rel_time = 2; 
  71:Core/Src/ADSR_envelope.c ****     env->atk_mult = ADSR_calculateMultiplier(ADSR_MIN_LEVEL, env->target, env->atk_time); 
  72:Core/Src/ADSR_envelope.c ****     env->dcy_mult = ADSR_calculateMultiplier(1, env->sust_level, env->dcy_time); 
  73:Core/Src/ADSR_envelope.c ****     env->rel_mult = ADSR_calculateMultiplier(env->sust_level, ADSR_MIN_LEVEL, env->rel_time);
  74:Core/Src/ADSR_envelope.c **** }
  75:Core/Src/ADSR_envelope.c **** 
  76:Core/Src/ADSR_envelope.c **** void ADSR_keyOn(ADSR_t *env)
  77:Core/Src/ADSR_envelope.c **** {
  30              		.loc 1 77 1 view -0
  31              		.cfi_startproc
  32              		@ args = 0, pretend = 0, frame = 0
  33              		@ frame_needed = 0, uses_anonymous_args = 0
  34              		@ link register save eliminated.
  78:Core/Src/ADSR_envelope.c **** 	env->target = 1.0f;
  35              		.loc 1 78 2 view .LVU1
  36              		.loc 1 78 14 is_stmt 0 view .LVU2
  37 0000 4FF07E53 		mov	r3, #1065353216
ARM GAS  /var/folders/lp/x54gwt890xv47sdkqj1k04q40000gn/T//cc6srKRy.s 			page 3


  38 0004 4360     		str	r3, [r0, #4]	@ float
  79:Core/Src/ADSR_envelope.c ****     env->value = ADSR_MIN_LEVEL; // start at very low value != 0, if not, multiplier does nothing
  39              		.loc 1 79 5 is_stmt 1 view .LVU3
  40              		.loc 1 79 16 is_stmt 0 view .LVU4
  41 0006 024B     		ldr	r3, .L2
  42 0008 0360     		str	r3, [r0]	@ float
  80:Core/Src/ADSR_envelope.c ****     env->state = ATTACK;
  43              		.loc 1 80 5 is_stmt 1 view .LVU5
  44              		.loc 1 80 16 is_stmt 0 view .LVU6
  45 000a 0023     		movs	r3, #0
  46 000c 8360     		str	r3, [r0, #8]
  81:Core/Src/ADSR_envelope.c **** }
  47              		.loc 1 81 1 view .LVU7
  48 000e 7047     		bx	lr
  49              	.L3:
  50              		.align	2
  51              	.L2:
  52 0010 17B7D138 		.word	953267991
  53              		.cfi_endproc
  54              	.LFE4:
  56              		.section	.text.ADSR_keyOff,"ax",%progbits
  57              		.align	1
  58              		.global	ADSR_keyOff
  59              		.syntax unified
  60              		.thumb
  61              		.thumb_func
  63              	ADSR_keyOff:
  64              	.LVL1:
  65              	.LFB5:
  82:Core/Src/ADSR_envelope.c **** 
  83:Core/Src/ADSR_envelope.c **** void ADSR_keyOff(ADSR_t *env)
  84:Core/Src/ADSR_envelope.c **** {
  66              		.loc 1 84 1 is_stmt 1 view -0
  67              		.cfi_startproc
  68              		@ args = 0, pretend = 0, frame = 0
  69              		@ frame_needed = 0, uses_anonymous_args = 0
  70              		@ link register save eliminated.
  85:Core/Src/ADSR_envelope.c **** 	env->target = 0.0;
  71              		.loc 1 85 2 view .LVU9
  72              		.loc 1 85 14 is_stmt 0 view .LVU10
  73 0000 0023     		movs	r3, #0
  74 0002 4360     		str	r3, [r0, #4]	@ float
  86:Core/Src/ADSR_envelope.c **** 	env->state = RELEASE;
  75              		.loc 1 86 2 is_stmt 1 view .LVU11
  76              		.loc 1 86 13 is_stmt 0 view .LVU12
  77 0004 0323     		movs	r3, #3
  78 0006 8360     		str	r3, [r0, #8]
  87:Core/Src/ADSR_envelope.c **** }
  79              		.loc 1 87 1 view .LVU13
  80 0008 7047     		bx	lr
  81              		.cfi_endproc
  82              	.LFE5:
  84              		.section	.text.ADSR_setSustainLevel,"ax",%progbits
  85              		.align	1
  86              		.global	ADSR_setSustainLevel
  87              		.syntax unified
  88              		.thumb
ARM GAS  /var/folders/lp/x54gwt890xv47sdkqj1k04q40000gn/T//cc6srKRy.s 			page 4


  89              		.thumb_func
  91              	ADSR_setSustainLevel:
  92              	.LVL2:
  93              	.LFB8:
  88:Core/Src/ADSR_envelope.c **** 
  89:Core/Src/ADSR_envelope.c **** 
  90:Core/Src/ADSR_envelope.c **** void ADSR_setAttackTime(ADSR_t *env, float time)
  91:Core/Src/ADSR_envelope.c **** {
  92:Core/Src/ADSR_envelope.c ****     env->atk_mult = ADSR_calculateMultiplier(ADSR_MIN_LEVEL, env->target, env->atk_time);
  93:Core/Src/ADSR_envelope.c **** }
  94:Core/Src/ADSR_envelope.c **** 
  95:Core/Src/ADSR_envelope.c **** void ADSR_setDecayTime(ADSR_t *env, float time)
  96:Core/Src/ADSR_envelope.c **** {
  97:Core/Src/ADSR_envelope.c **** 	env->dcy_mult = ADSR_calculateMultiplier(env->target, env->sust_level, env->dcy_time); 
  98:Core/Src/ADSR_envelope.c **** }
  99:Core/Src/ADSR_envelope.c **** 
 100:Core/Src/ADSR_envelope.c **** void ADSR_setSustainLevel(ADSR_t *env, float level)
 101:Core/Src/ADSR_envelope.c **** {
  94              		.loc 1 101 1 is_stmt 1 view -0
  95              		.cfi_startproc
  96              		@ args = 0, pretend = 0, frame = 0
  97              		@ frame_needed = 0, uses_anonymous_args = 0
  98              		@ link register save eliminated.
 102:Core/Src/ADSR_envelope.c **** 	env->sust_level = level;
  99              		.loc 1 102 2 view .LVU15
 100              		.loc 1 102 18 is_stmt 0 view .LVU16
 101 0000 80ED050A 		vstr.32	s0, [r0, #20]
 103:Core/Src/ADSR_envelope.c **** }
 102              		.loc 1 103 1 view .LVU17
 103 0004 7047     		bx	lr
 104              		.cfi_endproc
 105              	.LFE8:
 107              		.section	.text.ADSR_calculateMultiplier,"ax",%progbits
 108              		.align	1
 109              		.global	ADSR_calculateMultiplier
 110              		.syntax unified
 111              		.thumb
 112              		.thumb_func
 114              	ADSR_calculateMultiplier:
 115              	.LVL3:
 116              	.LFB10:
 104:Core/Src/ADSR_envelope.c **** 
 105:Core/Src/ADSR_envelope.c **** void ADSR_setReleaseTime(ADSR_t *env, float time)
 106:Core/Src/ADSR_envelope.c **** {
 107:Core/Src/ADSR_envelope.c ****     env->rel_mult = ADSR_calculateMultiplier(env->sust_level, ADSR_MIN_LEVEL, env->rel_time);
 108:Core/Src/ADSR_envelope.c **** }
 109:Core/Src/ADSR_envelope.c **** 
 110:Core/Src/ADSR_envelope.c **** /**
 111:Core/Src/ADSR_envelope.c ****  * @brief Compute multiplier to achieve exponential curve between 2 values in specified time
 112:Core/Src/ADSR_envelope.c ****  * @note uses lookup table for log instead of math log function
 113:Core/Src/ADSR_envelope.c ****  * @note formula comes from https://www.martin-finke.de/articles/audio-plugins-011-envelopes/  
 114:Core/Src/ADSR_envelope.c ****  * @param start_level 
 115:Core/Src/ADSR_envelope.c ****  * @param end_level 
 116:Core/Src/ADSR_envelope.c ****  * @param time
 117:Core/Src/ADSR_envelope.c ****  * @return float 
 118:Core/Src/ADSR_envelope.c ****  */
 119:Core/Src/ADSR_envelope.c **** float ADSR_calculateMultiplier(float start_level, float end_level, float time){
ARM GAS  /var/folders/lp/x54gwt890xv47sdkqj1k04q40000gn/T//cc6srKRy.s 			page 5


 117              		.loc 1 119 79 is_stmt 1 view -0
 118              		.cfi_startproc
 119              		@ args = 0, pretend = 0, frame = 0
 120              		@ frame_needed = 0, uses_anonymous_args = 0
 121              		.loc 1 119 79 is_stmt 0 view .LVU19
 122 0000 10B5     		push	{r4, lr}
 123              		.cfi_def_cfa_offset 8
 124              		.cfi_offset 4, -8
 125              		.cfi_offset 14, -4
 126 0002 2DED048B 		vpush.64	{d8, d9}
 127              		.cfi_def_cfa_offset 24
 128              		.cfi_offset 80, -24
 129              		.cfi_offset 81, -20
 130              		.cfi_offset 82, -16
 131              		.cfi_offset 83, -12
 132 0006 B0EE409A 		vmov.f32	s18, s0
 133 000a B0EE418A 		vmov.f32	s16, s2
 120:Core/Src/ADSR_envelope.c ****     return  1.0 + (interp_lin_lut(LUT_LOG_SIZE * (end_level), LUT_LOG_SIZE, log_lut) - interp_lin_l
 134              		.loc 1 120 5 is_stmt 1 view .LVU20
 135              		.loc 1 120 20 is_stmt 0 view .LVU21
 136 000e 114C     		ldr	r4, .L8
 137 0010 DFED119A 		vldr.32	s19, .L8+4
 138 0014 2146     		mov	r1, r4
 139 0016 4FF48060 		mov	r0, #1024
 140 001a 20EEA90A 		vmul.f32	s0, s1, s19
 141              	.LVL4:
 142              		.loc 1 120 20 view .LVU22
 143 001e FFF7FEFF 		bl	interp_lin_lut
 144              	.LVL5:
 145              		.loc 1 120 20 view .LVU23
 146 0022 F0EE408A 		vmov.f32	s17, s0
 147              		.loc 1 120 88 discriminator 1 view .LVU24
 148 0026 2146     		mov	r1, r4
 149 0028 4FF48060 		mov	r0, #1024
 150 002c 29EE290A 		vmul.f32	s0, s18, s19
 151 0030 FFF7FEFF 		bl	interp_lin_lut
 152              	.LVL6:
 153              		.loc 1 120 86 discriminator 2 view .LVU25
 154 0034 78EEC08A 		vsub.f32	s17, s17, s0
 155              		.loc 1 120 165 discriminator 2 view .LVU26
 156 0038 DFED087A 		vldr.32	s15, .L8+8
 157 003c 28EE278A 		vmul.f32	s16, s16, s15
 158              	.LVL7:
 159              		.loc 1 120 157 discriminator 2 view .LVU27
 160 0040 88EE880A 		vdiv.f32	s0, s17, s16
 121:Core/Src/ADSR_envelope.c **** }
 161              		.loc 1 121 1 view .LVU28
 162 0044 F7EE007A 		vmov.f32	s15, #1.0e+0
 163 0048 30EE270A 		vadd.f32	s0, s0, s15
 164 004c BDEC048B 		vldm	sp!, {d8-d9}
 165              		.cfi_restore 82
 166              		.cfi_restore 83
 167              		.cfi_restore 80
 168              		.cfi_restore 81
 169              		.cfi_def_cfa_offset 8
 170              	.LVL8:
 171              		.loc 1 121 1 view .LVU29
ARM GAS  /var/folders/lp/x54gwt890xv47sdkqj1k04q40000gn/T//cc6srKRy.s 			page 6


 172 0050 10BD     		pop	{r4, pc}
 173              	.L9:
 174 0052 00BF     		.align	2
 175              	.L8:
 176 0054 00000000 		.word	log_lut
 177 0058 00008044 		.word	1149239296
 178 005c 00442C47 		.word	1194083328
 179              		.cfi_endproc
 180              	.LFE10:
 182              		.section	.text.ADSR_init,"ax",%progbits
 183              		.align	1
 184              		.global	ADSR_init
 185              		.syntax unified
 186              		.thumb
 187              		.thumb_func
 189              	ADSR_init:
 190              	.LVL9:
 191              	.LFB3:
  63:Core/Src/ADSR_envelope.c ****     env->target = 1.3;
 192              		.loc 1 63 1 is_stmt 1 view -0
 193              		.cfi_startproc
 194              		@ args = 0, pretend = 0, frame = 0
 195              		@ frame_needed = 0, uses_anonymous_args = 0
  63:Core/Src/ADSR_envelope.c ****     env->target = 1.3;
 196              		.loc 1 63 1 is_stmt 0 view .LVU31
 197 0000 10B5     		push	{r4, lr}
 198              		.cfi_def_cfa_offset 8
 199              		.cfi_offset 4, -8
 200              		.cfi_offset 14, -4
 201 0002 2DED028B 		vpush.64	{d8}
 202              		.cfi_def_cfa_offset 16
 203              		.cfi_offset 80, -16
 204              		.cfi_offset 81, -12
 205 0006 0446     		mov	r4, r0
  64:Core/Src/ADSR_envelope.c ****     env->value = 0.0;
 206              		.loc 1 64 5 is_stmt 1 view .LVU32
  64:Core/Src/ADSR_envelope.c ****     env->value = 0.0;
 207              		.loc 1 64 17 is_stmt 0 view .LVU33
 208 0008 DFED180A 		vldr.32	s1, .L12
 209 000c C0ED010A 		vstr.32	s1, [r0, #4]
  65:Core/Src/ADSR_envelope.c ****     env->state = OFF;
 210              		.loc 1 65 5 is_stmt 1 view .LVU34
  65:Core/Src/ADSR_envelope.c ****     env->state = OFF;
 211              		.loc 1 65 16 is_stmt 0 view .LVU35
 212 0010 0023     		movs	r3, #0
 213 0012 0360     		str	r3, [r0]	@ float
  66:Core/Src/ADSR_envelope.c ****     env->atk_time = 0.001;
 214              		.loc 1 66 5 is_stmt 1 view .LVU36
  66:Core/Src/ADSR_envelope.c ****     env->atk_time = 0.001;
 215              		.loc 1 66 16 is_stmt 0 view .LVU37
 216 0014 0423     		movs	r3, #4
 217 0016 8360     		str	r3, [r0, #8]
  67:Core/Src/ADSR_envelope.c ****     env->dcy_time = 3;
 218              		.loc 1 67 5 is_stmt 1 view .LVU38
  67:Core/Src/ADSR_envelope.c ****     env->dcy_time = 3;
 219              		.loc 1 67 19 is_stmt 0 view .LVU39
 220 0018 9FED151A 		vldr.32	s2, .L12+4
ARM GAS  /var/folders/lp/x54gwt890xv47sdkqj1k04q40000gn/T//cc6srKRy.s 			page 7


 221 001c 80ED031A 		vstr.32	s2, [r0, #12]
  68:Core/Src/ADSR_envelope.c ****     env->sust_level = 0.1;
 222              		.loc 1 68 5 is_stmt 1 view .LVU40
  68:Core/Src/ADSR_envelope.c ****     env->sust_level = 0.1;
 223              		.loc 1 68 19 is_stmt 0 view .LVU41
 224 0020 144B     		ldr	r3, .L12+8
 225 0022 0361     		str	r3, [r0, #16]	@ float
  69:Core/Src/ADSR_envelope.c ****     env->rel_time = 2; 
 226              		.loc 1 69 5 is_stmt 1 view .LVU42
  69:Core/Src/ADSR_envelope.c ****     env->rel_time = 2; 
 227              		.loc 1 69 21 is_stmt 0 view .LVU43
 228 0024 144B     		ldr	r3, .L12+12
 229 0026 4361     		str	r3, [r0, #20]	@ float
  70:Core/Src/ADSR_envelope.c ****     env->atk_mult = ADSR_calculateMultiplier(ADSR_MIN_LEVEL, env->target, env->atk_time); 
 230              		.loc 1 70 5 is_stmt 1 view .LVU44
  70:Core/Src/ADSR_envelope.c ****     env->atk_mult = ADSR_calculateMultiplier(ADSR_MIN_LEVEL, env->target, env->atk_time); 
 231              		.loc 1 70 19 is_stmt 0 view .LVU45
 232 0028 4FF08043 		mov	r3, #1073741824
 233 002c 8361     		str	r3, [r0, #24]	@ float
  71:Core/Src/ADSR_envelope.c ****     env->dcy_mult = ADSR_calculateMultiplier(1, env->sust_level, env->dcy_time); 
 234              		.loc 1 71 5 is_stmt 1 view .LVU46
  71:Core/Src/ADSR_envelope.c ****     env->dcy_mult = ADSR_calculateMultiplier(1, env->sust_level, env->dcy_time); 
 235              		.loc 1 71 21 is_stmt 0 view .LVU47
 236 002e 9FED138A 		vldr.32	s16, .L12+16
 237 0032 B0EE480A 		vmov.f32	s0, s16
 238 0036 FFF7FEFF 		bl	ADSR_calculateMultiplier
 239              	.LVL10:
  71:Core/Src/ADSR_envelope.c ****     env->dcy_mult = ADSR_calculateMultiplier(1, env->sust_level, env->dcy_time); 
 240              		.loc 1 71 19 discriminator 1 view .LVU48
 241 003a 84ED070A 		vstr.32	s0, [r4, #28]
  72:Core/Src/ADSR_envelope.c ****     env->rel_mult = ADSR_calculateMultiplier(env->sust_level, ADSR_MIN_LEVEL, env->rel_time);
 242              		.loc 1 72 5 is_stmt 1 view .LVU49
  72:Core/Src/ADSR_envelope.c ****     env->rel_mult = ADSR_calculateMultiplier(env->sust_level, ADSR_MIN_LEVEL, env->rel_time);
 243              		.loc 1 72 21 is_stmt 0 view .LVU50
 244 003e 94ED041A 		vldr.32	s2, [r4, #16]
 245 0042 D4ED050A 		vldr.32	s1, [r4, #20]
 246 0046 B7EE000A 		vmov.f32	s0, #1.0e+0
 247 004a FFF7FEFF 		bl	ADSR_calculateMultiplier
 248              	.LVL11:
  72:Core/Src/ADSR_envelope.c ****     env->rel_mult = ADSR_calculateMultiplier(env->sust_level, ADSR_MIN_LEVEL, env->rel_time);
 249              		.loc 1 72 19 discriminator 1 view .LVU51
 250 004e 84ED080A 		vstr.32	s0, [r4, #32]
  73:Core/Src/ADSR_envelope.c **** }
 251              		.loc 1 73 5 is_stmt 1 view .LVU52
  73:Core/Src/ADSR_envelope.c **** }
 252              		.loc 1 73 21 is_stmt 0 view .LVU53
 253 0052 94ED061A 		vldr.32	s2, [r4, #24]
 254 0056 F0EE480A 		vmov.f32	s1, s16
 255 005a 94ED050A 		vldr.32	s0, [r4, #20]
 256 005e FFF7FEFF 		bl	ADSR_calculateMultiplier
 257              	.LVL12:
  73:Core/Src/ADSR_envelope.c **** }
 258              		.loc 1 73 19 discriminator 1 view .LVU54
 259 0062 84ED090A 		vstr.32	s0, [r4, #36]
  74:Core/Src/ADSR_envelope.c **** 
 260              		.loc 1 74 1 view .LVU55
 261 0066 BDEC028B 		vldm	sp!, {d8}
ARM GAS  /var/folders/lp/x54gwt890xv47sdkqj1k04q40000gn/T//cc6srKRy.s 			page 8


 262              		.cfi_restore 80
 263              		.cfi_restore 81
 264              		.cfi_def_cfa_offset 8
 265 006a 10BD     		pop	{r4, pc}
 266              	.LVL13:
 267              	.L13:
  74:Core/Src/ADSR_envelope.c **** 
 268              		.loc 1 74 1 view .LVU56
 269              		.align	2
 270              	.L12:
 271 006c 6666A63F 		.word	1067869798
 272 0070 6F12833A 		.word	981668463
 273 0074 00004040 		.word	1077936128
 274 0078 CDCCCC3D 		.word	1036831949
 275 007c 17B7D138 		.word	953267991
 276              		.cfi_endproc
 277              	.LFE3:
 279              		.section	.text.ADSR_setAttackTime,"ax",%progbits
 280              		.align	1
 281              		.global	ADSR_setAttackTime
 282              		.syntax unified
 283              		.thumb
 284              		.thumb_func
 286              	ADSR_setAttackTime:
 287              	.LVL14:
 288              	.LFB6:
  91:Core/Src/ADSR_envelope.c ****     env->atk_mult = ADSR_calculateMultiplier(ADSR_MIN_LEVEL, env->target, env->atk_time);
 289              		.loc 1 91 1 is_stmt 1 view -0
 290              		.cfi_startproc
 291              		@ args = 0, pretend = 0, frame = 0
 292              		@ frame_needed = 0, uses_anonymous_args = 0
  91:Core/Src/ADSR_envelope.c ****     env->atk_mult = ADSR_calculateMultiplier(ADSR_MIN_LEVEL, env->target, env->atk_time);
 293              		.loc 1 91 1 is_stmt 0 view .LVU58
 294 0000 10B5     		push	{r4, lr}
 295              		.cfi_def_cfa_offset 8
 296              		.cfi_offset 4, -8
 297              		.cfi_offset 14, -4
 298 0002 0446     		mov	r4, r0
  92:Core/Src/ADSR_envelope.c **** }
 299              		.loc 1 92 5 is_stmt 1 view .LVU59
  92:Core/Src/ADSR_envelope.c **** }
 300              		.loc 1 92 21 is_stmt 0 view .LVU60
 301 0004 90ED031A 		vldr.32	s2, [r0, #12]
 302 0008 D0ED010A 		vldr.32	s1, [r0, #4]
 303 000c 9FED030A 		vldr.32	s0, .L16
 304              	.LVL15:
  92:Core/Src/ADSR_envelope.c **** }
 305              		.loc 1 92 21 view .LVU61
 306 0010 FFF7FEFF 		bl	ADSR_calculateMultiplier
 307              	.LVL16:
  92:Core/Src/ADSR_envelope.c **** }
 308              		.loc 1 92 19 discriminator 1 view .LVU62
 309 0014 84ED070A 		vstr.32	s0, [r4, #28]
  93:Core/Src/ADSR_envelope.c **** 
 310              		.loc 1 93 1 view .LVU63
 311 0018 10BD     		pop	{r4, pc}
 312              	.LVL17:
ARM GAS  /var/folders/lp/x54gwt890xv47sdkqj1k04q40000gn/T//cc6srKRy.s 			page 9


 313              	.L17:
  93:Core/Src/ADSR_envelope.c **** 
 314              		.loc 1 93 1 view .LVU64
 315 001a 00BF     		.align	2
 316              	.L16:
 317 001c 17B7D138 		.word	953267991
 318              		.cfi_endproc
 319              	.LFE6:
 321              		.section	.text.ADSR_setDecayTime,"ax",%progbits
 322              		.align	1
 323              		.global	ADSR_setDecayTime
 324              		.syntax unified
 325              		.thumb
 326              		.thumb_func
 328              	ADSR_setDecayTime:
 329              	.LVL18:
 330              	.LFB7:
  96:Core/Src/ADSR_envelope.c **** 	env->dcy_mult = ADSR_calculateMultiplier(env->target, env->sust_level, env->dcy_time); 
 331              		.loc 1 96 1 is_stmt 1 view -0
 332              		.cfi_startproc
 333              		@ args = 0, pretend = 0, frame = 0
 334              		@ frame_needed = 0, uses_anonymous_args = 0
  96:Core/Src/ADSR_envelope.c **** 	env->dcy_mult = ADSR_calculateMultiplier(env->target, env->sust_level, env->dcy_time); 
 335              		.loc 1 96 1 is_stmt 0 view .LVU66
 336 0000 10B5     		push	{r4, lr}
 337              		.cfi_def_cfa_offset 8
 338              		.cfi_offset 4, -8
 339              		.cfi_offset 14, -4
 340 0002 0446     		mov	r4, r0
  97:Core/Src/ADSR_envelope.c **** }
 341              		.loc 1 97 2 is_stmt 1 view .LVU67
  97:Core/Src/ADSR_envelope.c **** }
 342              		.loc 1 97 18 is_stmt 0 view .LVU68
 343 0004 90ED041A 		vldr.32	s2, [r0, #16]
 344 0008 D0ED050A 		vldr.32	s1, [r0, #20]
 345 000c 90ED010A 		vldr.32	s0, [r0, #4]
 346              	.LVL19:
  97:Core/Src/ADSR_envelope.c **** }
 347              		.loc 1 97 18 view .LVU69
 348 0010 FFF7FEFF 		bl	ADSR_calculateMultiplier
 349              	.LVL20:
  97:Core/Src/ADSR_envelope.c **** }
 350              		.loc 1 97 16 discriminator 1 view .LVU70
 351 0014 84ED080A 		vstr.32	s0, [r4, #32]
  98:Core/Src/ADSR_envelope.c **** 
 352              		.loc 1 98 1 view .LVU71
 353 0018 10BD     		pop	{r4, pc}
  98:Core/Src/ADSR_envelope.c **** 
 354              		.loc 1 98 1 view .LVU72
 355              		.cfi_endproc
 356              	.LFE7:
 358              		.section	.text.ADSR_setReleaseTime,"ax",%progbits
 359              		.align	1
 360              		.global	ADSR_setReleaseTime
 361              		.syntax unified
 362              		.thumb
 363              		.thumb_func
ARM GAS  /var/folders/lp/x54gwt890xv47sdkqj1k04q40000gn/T//cc6srKRy.s 			page 10


 365              	ADSR_setReleaseTime:
 366              	.LVL21:
 367              	.LFB9:
 106:Core/Src/ADSR_envelope.c ****     env->rel_mult = ADSR_calculateMultiplier(env->sust_level, ADSR_MIN_LEVEL, env->rel_time);
 368              		.loc 1 106 1 is_stmt 1 view -0
 369              		.cfi_startproc
 370              		@ args = 0, pretend = 0, frame = 0
 371              		@ frame_needed = 0, uses_anonymous_args = 0
 106:Core/Src/ADSR_envelope.c ****     env->rel_mult = ADSR_calculateMultiplier(env->sust_level, ADSR_MIN_LEVEL, env->rel_time);
 372              		.loc 1 106 1 is_stmt 0 view .LVU74
 373 0000 10B5     		push	{r4, lr}
 374              		.cfi_def_cfa_offset 8
 375              		.cfi_offset 4, -8
 376              		.cfi_offset 14, -4
 377 0002 0446     		mov	r4, r0
 107:Core/Src/ADSR_envelope.c **** }
 378              		.loc 1 107 5 is_stmt 1 view .LVU75
 107:Core/Src/ADSR_envelope.c **** }
 379              		.loc 1 107 21 is_stmt 0 view .LVU76
 380 0004 90ED061A 		vldr.32	s2, [r0, #24]
 381 0008 DFED040A 		vldr.32	s1, .L22
 382 000c 90ED050A 		vldr.32	s0, [r0, #20]
 383              	.LVL22:
 107:Core/Src/ADSR_envelope.c **** }
 384              		.loc 1 107 21 view .LVU77
 385 0010 FFF7FEFF 		bl	ADSR_calculateMultiplier
 386              	.LVL23:
 107:Core/Src/ADSR_envelope.c **** }
 387              		.loc 1 107 19 discriminator 1 view .LVU78
 388 0014 84ED090A 		vstr.32	s0, [r4, #36]
 108:Core/Src/ADSR_envelope.c **** 
 389              		.loc 1 108 1 view .LVU79
 390 0018 10BD     		pop	{r4, pc}
 391              	.LVL24:
 392              	.L23:
 108:Core/Src/ADSR_envelope.c **** 
 393              		.loc 1 108 1 view .LVU80
 394 001a 00BF     		.align	2
 395              	.L22:
 396 001c 17B7D138 		.word	953267991
 397              		.cfi_endproc
 398              	.LFE9:
 400              		.section	.text.ADSR_setAllTimes,"ax",%progbits
 401              		.align	1
 402              		.global	ADSR_setAllTimes
 403              		.syntax unified
 404              		.thumb
 405              		.thumb_func
 407              	ADSR_setAllTimes:
 408              	.LVL25:
 409              	.LFB11:
 122:Core/Src/ADSR_envelope.c **** 
 123:Core/Src/ADSR_envelope.c **** void ADSR_setAllTimes(ADSR_t *env, float aTime, float dTime, float sLevel, float rTime)
 124:Core/Src/ADSR_envelope.c **** {
 410              		.loc 1 124 1 is_stmt 1 view -0
 411              		.cfi_startproc
 412              		@ args = 0, pretend = 0, frame = 0
ARM GAS  /var/folders/lp/x54gwt890xv47sdkqj1k04q40000gn/T//cc6srKRy.s 			page 11


 413              		@ frame_needed = 0, uses_anonymous_args = 0
 414              		.loc 1 124 1 is_stmt 0 view .LVU82
 415 0000 10B5     		push	{r4, lr}
 416              		.cfi_def_cfa_offset 8
 417              		.cfi_offset 4, -8
 418              		.cfi_offset 14, -4
 419 0002 2DED048B 		vpush.64	{d8, d9}
 420              		.cfi_def_cfa_offset 24
 421              		.cfi_offset 80, -24
 422              		.cfi_offset 81, -20
 423              		.cfi_offset 82, -16
 424              		.cfi_offset 83, -12
 425 0006 0446     		mov	r4, r0
 426 0008 B0EE609A 		vmov.f32	s18, s1
 427 000c F0EE418A 		vmov.f32	s17, s2
 428 0010 B0EE618A 		vmov.f32	s16, s3
 125:Core/Src/ADSR_envelope.c ****   ADSR_setAttackTime(env, aTime);
 429              		.loc 1 125 3 is_stmt 1 view .LVU83
 430 0014 FFF7FEFF 		bl	ADSR_setAttackTime
 431              	.LVL26:
 126:Core/Src/ADSR_envelope.c ****   ADSR_setDecayTime(env, dTime);
 432              		.loc 1 126 3 view .LVU84
 433 0018 B0EE490A 		vmov.f32	s0, s18
 434 001c 2046     		mov	r0, r4
 435 001e FFF7FEFF 		bl	ADSR_setDecayTime
 436              	.LVL27:
 127:Core/Src/ADSR_envelope.c ****   ADSR_setSustainLevel(env, sLevel);
 437              		.loc 1 127 3 view .LVU85
 438 0022 B0EE680A 		vmov.f32	s0, s17
 439 0026 2046     		mov	r0, r4
 440 0028 FFF7FEFF 		bl	ADSR_setSustainLevel
 441              	.LVL28:
 128:Core/Src/ADSR_envelope.c ****   ADSR_setReleaseTime(env, rTime);
 442              		.loc 1 128 3 view .LVU86
 443 002c B0EE480A 		vmov.f32	s0, s16
 444 0030 2046     		mov	r0, r4
 445 0032 FFF7FEFF 		bl	ADSR_setReleaseTime
 446              	.LVL29:
 129:Core/Src/ADSR_envelope.c **** }
 447              		.loc 1 129 1 is_stmt 0 view .LVU87
 448 0036 BDEC048B 		vldm	sp!, {d8-d9}
 449              		.cfi_restore 82
 450              		.cfi_restore 83
 451              		.cfi_restore 80
 452              		.cfi_restore 81
 453              		.cfi_def_cfa_offset 8
 454              	.LVL30:
 455              		.loc 1 129 1 view .LVU88
 456 003a 10BD     		pop	{r4, pc}
 457              		.loc 1 129 1 view .LVU89
 458              		.cfi_endproc
 459              	.LFE11:
 461              		.section	.text.ADSR_setTarget,"ax",%progbits
 462              		.align	1
 463              		.global	ADSR_setTarget
 464              		.syntax unified
 465              		.thumb
ARM GAS  /var/folders/lp/x54gwt890xv47sdkqj1k04q40000gn/T//cc6srKRy.s 			page 12


 466              		.thumb_func
 468              	ADSR_setTarget:
 469              	.LVL31:
 470              	.LFB12:
 130:Core/Src/ADSR_envelope.c **** 
 131:Core/Src/ADSR_envelope.c **** void ADSR_setTarget(ADSR_t *env, float target)
 132:Core/Src/ADSR_envelope.c **** {
 471              		.loc 1 132 1 is_stmt 1 view -0
 472              		.cfi_startproc
 473              		@ args = 0, pretend = 0, frame = 0
 474              		@ frame_needed = 0, uses_anonymous_args = 0
 475              		.loc 1 132 1 is_stmt 0 view .LVU91
 476 0000 10B5     		push	{r4, lr}
 477              		.cfi_def_cfa_offset 8
 478              		.cfi_offset 4, -8
 479              		.cfi_offset 14, -4
 480 0002 0446     		mov	r4, r0
 133:Core/Src/ADSR_envelope.c **** 	env->target = target;
 481              		.loc 1 133 2 is_stmt 1 view .LVU92
 482              		.loc 1 133 14 is_stmt 0 view .LVU93
 483 0004 80ED010A 		vstr.32	s0, [r0, #4]
 134:Core/Src/ADSR_envelope.c ****   if (env->value < env->target) {
 484              		.loc 1 134 3 is_stmt 1 view .LVU94
 485              		.loc 1 134 10 is_stmt 0 view .LVU95
 486 0008 D0ED007A 		vldr.32	s15, [r0]
 487              		.loc 1 134 6 view .LVU96
 488 000c F4EEC07A 		vcmpe.f32	s15, s0
 489 0010 F1EE10FA 		vmrs	APSR_nzcv, FPSCR
 490 0014 09D4     		bmi	.L34
 491              	.LVL32:
 492              	.L27:
 135:Core/Src/ADSR_envelope.c **** 	  env->state = ATTACK;
 136:Core/Src/ADSR_envelope.c **** 	  ADSR_setSustainLevel(env, env->target);
 137:Core/Src/ADSR_envelope.c ****     
 138:Core/Src/ADSR_envelope.c ****   }
 139:Core/Src/ADSR_envelope.c ****   if (env->value > env->target) {
 493              		.loc 1 139 3 is_stmt 1 view .LVU97
 494              		.loc 1 139 10 is_stmt 0 view .LVU98
 495 0016 D4ED007A 		vldr.32	s15, [r4]
 496              		.loc 1 139 23 view .LVU99
 497 001a 94ED010A 		vldr.32	s0, [r4, #4]
 498              		.loc 1 139 6 view .LVU100
 499 001e F4EEC07A 		vcmpe.f32	s15, s0
 500 0022 F1EE10FA 		vmrs	APSR_nzcv, FPSCR
 501 0026 05DC     		bgt	.L35
 502              	.L26:
 140:Core/Src/ADSR_envelope.c **** 	  ADSR_setSustainLevel(env, env->target);
 141:Core/Src/ADSR_envelope.c ****     env->state = DECAY;
 142:Core/Src/ADSR_envelope.c ****   }
 143:Core/Src/ADSR_envelope.c **** }
 503              		.loc 1 143 1 view .LVU101
 504 0028 10BD     		pop	{r4, pc}
 505              	.LVL33:
 506              	.L34:
 135:Core/Src/ADSR_envelope.c **** 	  env->state = ATTACK;
 507              		.loc 1 135 4 is_stmt 1 view .LVU102
 135:Core/Src/ADSR_envelope.c **** 	  env->state = ATTACK;
ARM GAS  /var/folders/lp/x54gwt890xv47sdkqj1k04q40000gn/T//cc6srKRy.s 			page 13


 508              		.loc 1 135 15 is_stmt 0 view .LVU103
 509 002a 0023     		movs	r3, #0
 510 002c 8360     		str	r3, [r0, #8]
 136:Core/Src/ADSR_envelope.c ****     
 511              		.loc 1 136 4 is_stmt 1 view .LVU104
 512 002e FFF7FEFF 		bl	ADSR_setSustainLevel
 513              	.LVL34:
 136:Core/Src/ADSR_envelope.c ****     
 514              		.loc 1 136 4 is_stmt 0 view .LVU105
 515 0032 F0E7     		b	.L27
 516              	.L35:
 140:Core/Src/ADSR_envelope.c **** 	  ADSR_setSustainLevel(env, env->target);
 517              		.loc 1 140 4 is_stmt 1 view .LVU106
 518 0034 2046     		mov	r0, r4
 519 0036 FFF7FEFF 		bl	ADSR_setSustainLevel
 520              	.LVL35:
 141:Core/Src/ADSR_envelope.c ****   }
 521              		.loc 1 141 5 view .LVU107
 141:Core/Src/ADSR_envelope.c ****   }
 522              		.loc 1 141 16 is_stmt 0 view .LVU108
 523 003a 0123     		movs	r3, #1
 524 003c A360     		str	r3, [r4, #8]
 525              		.loc 1 143 1 view .LVU109
 526 003e F3E7     		b	.L26
 527              		.cfi_endproc
 528              	.LFE12:
 530              		.section	.text.ADSR_setValue,"ax",%progbits
 531              		.align	1
 532              		.global	ADSR_setValue
 533              		.syntax unified
 534              		.thumb
 535              		.thumb_func
 537              	ADSR_setValue:
 538              	.LVL36:
 539              	.LFB13:
 144:Core/Src/ADSR_envelope.c **** 
 145:Core/Src/ADSR_envelope.c **** void ADSR_setValue(ADSR_t *env, float value)
 146:Core/Src/ADSR_envelope.c **** {
 540              		.loc 1 146 1 is_stmt 1 view -0
 541              		.cfi_startproc
 542              		@ args = 0, pretend = 0, frame = 0
 543              		@ frame_needed = 0, uses_anonymous_args = 0
 544              		.loc 1 146 1 is_stmt 0 view .LVU111
 545 0000 08B5     		push	{r3, lr}
 546              		.cfi_def_cfa_offset 8
 547              		.cfi_offset 3, -8
 548              		.cfi_offset 14, -4
 147:Core/Src/ADSR_envelope.c **** 	env->state = SUSTAIN;
 549              		.loc 1 147 2 is_stmt 1 view .LVU112
 550              		.loc 1 147 13 is_stmt 0 view .LVU113
 551 0002 0221     		movs	r1, #2
 552 0004 8160     		str	r1, [r0, #8]
 148:Core/Src/ADSR_envelope.c **** 	env->target = value;
 553              		.loc 1 148 2 is_stmt 1 view .LVU114
 554              		.loc 1 148 14 is_stmt 0 view .LVU115
 555 0006 80ED010A 		vstr.32	s0, [r0, #4]
 149:Core/Src/ADSR_envelope.c **** 	env->value = value;
ARM GAS  /var/folders/lp/x54gwt890xv47sdkqj1k04q40000gn/T//cc6srKRy.s 			page 14


 556              		.loc 1 149 2 is_stmt 1 view .LVU116
 557              		.loc 1 149 13 is_stmt 0 view .LVU117
 558 000a 80ED000A 		vstr.32	s0, [r0]
 150:Core/Src/ADSR_envelope.c **** 	ADSR_setSustainLevel(env, value);
 559              		.loc 1 150 2 is_stmt 1 view .LVU118
 560 000e FFF7FEFF 		bl	ADSR_setSustainLevel
 561              	.LVL37:
 151:Core/Src/ADSR_envelope.c **** }
 562              		.loc 1 151 1 is_stmt 0 view .LVU119
 563 0012 08BD     		pop	{r3, pc}
 564              		.cfi_endproc
 565              	.LFE13:
 567              		.section	.text.ADSR_getState,"ax",%progbits
 568              		.align	1
 569              		.global	ADSR_getState
 570              		.syntax unified
 571              		.thumb
 572              		.thumb_func
 574              	ADSR_getState:
 575              	.LVL38:
 576              	.LFB14:
 152:Core/Src/ADSR_envelope.c **** 
 153:Core/Src/ADSR_envelope.c **** int ADSR_getState(ADSR_t *env)
 154:Core/Src/ADSR_envelope.c **** {
 577              		.loc 1 154 1 is_stmt 1 view -0
 578              		.cfi_startproc
 579              		@ args = 0, pretend = 0, frame = 0
 580              		@ frame_needed = 0, uses_anonymous_args = 0
 581              		@ link register save eliminated.
 155:Core/Src/ADSR_envelope.c ****   return env->state;
 582              		.loc 1 155 3 view .LVU121
 156:Core/Src/ADSR_envelope.c **** }
 583              		.loc 1 156 1 is_stmt 0 view .LVU122
 584 0000 8068     		ldr	r0, [r0, #8]
 585              	.LVL39:
 586              		.loc 1 156 1 view .LVU123
 587 0002 7047     		bx	lr
 588              		.cfi_endproc
 589              	.LFE14:
 591              		.global	__aeabi_f2d
 592              		.global	__aeabi_dcmple
 593              		.section	.text.ADSR_compute,"ax",%progbits
 594              		.align	1
 595              		.global	ADSR_compute
 596              		.syntax unified
 597              		.thumb
 598              		.thumb_func
 600              	ADSR_compute:
 601              	.LVL40:
 602              	.LFB15:
 157:Core/Src/ADSR_envelope.c **** 
 158:Core/Src/ADSR_envelope.c **** /*--------------------------------------------------------------------------------------*/
 159:Core/Src/ADSR_envelope.c **** 
 160:Core/Src/ADSR_envelope.c **** 
 161:Core/Src/ADSR_envelope.c **** 
 162:Core/Src/ADSR_envelope.c **** 
 163:Core/Src/ADSR_envelope.c **** float ADSR_compute(ADSR_t *env)
ARM GAS  /var/folders/lp/x54gwt890xv47sdkqj1k04q40000gn/T//cc6srKRy.s 			page 15


 164:Core/Src/ADSR_envelope.c **** {
 603              		.loc 1 164 1 is_stmt 1 view -0
 604              		.cfi_startproc
 605              		@ args = 0, pretend = 0, frame = 0
 606              		@ frame_needed = 0, uses_anonymous_args = 0
 607              		.loc 1 164 1 is_stmt 0 view .LVU125
 608 0000 10B5     		push	{r4, lr}
 609              		.cfi_def_cfa_offset 8
 610              		.cfi_offset 4, -8
 611              		.cfi_offset 14, -4
 612 0002 0446     		mov	r4, r0
 165:Core/Src/ADSR_envelope.c ****     switch (env->state)
 613              		.loc 1 165 5 is_stmt 1 view .LVU126
 614              		.loc 1 165 16 is_stmt 0 view .LVU127
 615 0004 8368     		ldr	r3, [r0, #8]
 616              		.loc 1 165 5 view .LVU128
 617 0006 012B     		cmp	r3, #1
 618 0008 1AD0     		beq	.L40
 619 000a 032B     		cmp	r3, #3
 620 000c 2CD0     		beq	.L41
 621 000e A3B9     		cbnz	r3, .L42
 166:Core/Src/ADSR_envelope.c ****     {
 167:Core/Src/ADSR_envelope.c **** 
 168:Core/Src/ADSR_envelope.c ****     case ATTACK:
 169:Core/Src/ADSR_envelope.c ****         env->value *= env->atk_mult;
 622              		.loc 1 169 9 is_stmt 1 view .LVU129
 623              		.loc 1 169 12 is_stmt 0 view .LVU130
 624 0010 D0ED007A 		vldr.32	s15, [r0]
 625              		.loc 1 169 26 view .LVU131
 626 0014 90ED077A 		vldr.32	s14, [r0, #28]
 627              		.loc 1 169 20 view .LVU132
 628 0018 67EE877A 		vmul.f32	s15, s15, s14
 629 001c C0ED007A 		vstr.32	s15, [r0]
 170:Core/Src/ADSR_envelope.c ****         if (env->value >= 1)
 630              		.loc 1 170 9 is_stmt 1 view .LVU133
 631              		.loc 1 170 12 is_stmt 0 view .LVU134
 632 0020 B7EE007A 		vmov.f32	s14, #1.0e+0
 633 0024 F4EEC77A 		vcmpe.f32	s15, s14
 634 0028 F1EE10FA 		vmrs	APSR_nzcv, FPSCR
 635 002c 05DB     		blt	.L42
 171:Core/Src/ADSR_envelope.c ****         {
 172:Core/Src/ADSR_envelope.c ****             env->value = 1;
 636              		.loc 1 172 13 is_stmt 1 view .LVU135
 637              		.loc 1 172 24 is_stmt 0 view .LVU136
 638 002e 84ED007A 		vstr.32	s14, [r4]
 173:Core/Src/ADSR_envelope.c ****             env->target = env->sust_level;
 639              		.loc 1 173 13 is_stmt 1 view .LVU137
 640              		.loc 1 173 30 is_stmt 0 view .LVU138
 641 0032 4369     		ldr	r3, [r0, #20]	@ float
 642              		.loc 1 173 25 view .LVU139
 643 0034 4360     		str	r3, [r0, #4]	@ float
 174:Core/Src/ADSR_envelope.c ****             env->state = DECAY;
 644              		.loc 1 174 13 is_stmt 1 view .LVU140
 645              		.loc 1 174 24 is_stmt 0 view .LVU141
 646 0036 0123     		movs	r3, #1
 647 0038 8360     		str	r3, [r0, #8]
 648              	.LVL41:
ARM GAS  /var/folders/lp/x54gwt890xv47sdkqj1k04q40000gn/T//cc6srKRy.s 			page 16


 649              	.L42:
 175:Core/Src/ADSR_envelope.c ****         }
 176:Core/Src/ADSR_envelope.c ****         break;
 177:Core/Src/ADSR_envelope.c **** 
 178:Core/Src/ADSR_envelope.c ****     case DECAY:
 179:Core/Src/ADSR_envelope.c ****         env->value *= env->dcy_mult;
 180:Core/Src/ADSR_envelope.c ****         if (env->value <= env->sust_level)
 181:Core/Src/ADSR_envelope.c ****         {
 182:Core/Src/ADSR_envelope.c ****             env->value = env->sust_level;
 183:Core/Src/ADSR_envelope.c ****             env->state = SUSTAIN;
 184:Core/Src/ADSR_envelope.c ****         }
 185:Core/Src/ADSR_envelope.c ****         break;
 186:Core/Src/ADSR_envelope.c **** 
 187:Core/Src/ADSR_envelope.c ****     case RELEASE:
 188:Core/Src/ADSR_envelope.c ****         env->value *= env->rel_mult;
 189:Core/Src/ADSR_envelope.c ****         if (env->value <= ADSR_MIN_LEVEL)
 190:Core/Src/ADSR_envelope.c ****         {
 191:Core/Src/ADSR_envelope.c ****             env->value = 0.0f;
 192:Core/Src/ADSR_envelope.c ****             env->state = OFF;
 193:Core/Src/ADSR_envelope.c ****         }
 194:Core/Src/ADSR_envelope.c ****     }
 195:Core/Src/ADSR_envelope.c ****   return env->value;
 650              		.loc 1 195 3 is_stmt 1 view .LVU142
 196:Core/Src/ADSR_envelope.c **** }
 651              		.loc 1 196 1 is_stmt 0 view .LVU143
 652 003a 94ED000A 		vldr.32	s0, [r4]
 653 003e 10BD     		pop	{r4, pc}
 654              	.LVL42:
 655              	.L40:
 179:Core/Src/ADSR_envelope.c ****         if (env->value <= env->sust_level)
 656              		.loc 1 179 9 is_stmt 1 view .LVU144
 179:Core/Src/ADSR_envelope.c ****         if (env->value <= env->sust_level)
 657              		.loc 1 179 12 is_stmt 0 view .LVU145
 658 0040 D0ED007A 		vldr.32	s15, [r0]
 179:Core/Src/ADSR_envelope.c ****         if (env->value <= env->sust_level)
 659              		.loc 1 179 26 view .LVU146
 660 0044 90ED087A 		vldr.32	s14, [r0, #32]
 179:Core/Src/ADSR_envelope.c ****         if (env->value <= env->sust_level)
 661              		.loc 1 179 20 view .LVU147
 662 0048 67EE877A 		vmul.f32	s15, s15, s14
 663 004c C0ED007A 		vstr.32	s15, [r0]
 180:Core/Src/ADSR_envelope.c ****         {
 664              		.loc 1 180 9 is_stmt 1 view .LVU148
 180:Core/Src/ADSR_envelope.c ****         {
 665              		.loc 1 180 30 is_stmt 0 view .LVU149
 666 0050 90ED057A 		vldr.32	s14, [r0, #20]
 180:Core/Src/ADSR_envelope.c ****         {
 667              		.loc 1 180 12 view .LVU150
 668 0054 F4EEC77A 		vcmpe.f32	s15, s14
 669 0058 F1EE10FA 		vmrs	APSR_nzcv, FPSCR
 670 005c EDD8     		bhi	.L42
 182:Core/Src/ADSR_envelope.c ****             env->state = SUSTAIN;
 671              		.loc 1 182 13 is_stmt 1 view .LVU151
 182:Core/Src/ADSR_envelope.c ****             env->state = SUSTAIN;
 672              		.loc 1 182 24 is_stmt 0 view .LVU152
 673 005e 80ED007A 		vstr.32	s14, [r0]
 183:Core/Src/ADSR_envelope.c ****         }
ARM GAS  /var/folders/lp/x54gwt890xv47sdkqj1k04q40000gn/T//cc6srKRy.s 			page 17


 674              		.loc 1 183 13 is_stmt 1 view .LVU153
 183:Core/Src/ADSR_envelope.c ****         }
 675              		.loc 1 183 24 is_stmt 0 view .LVU154
 676 0062 0223     		movs	r3, #2
 677 0064 8360     		str	r3, [r0, #8]
 678 0066 E8E7     		b	.L42
 679              	.L41:
 188:Core/Src/ADSR_envelope.c ****         if (env->value <= ADSR_MIN_LEVEL)
 680              		.loc 1 188 9 is_stmt 1 view .LVU155
 188:Core/Src/ADSR_envelope.c ****         if (env->value <= ADSR_MIN_LEVEL)
 681              		.loc 1 188 12 is_stmt 0 view .LVU156
 682 0068 D0ED007A 		vldr.32	s15, [r0]
 188:Core/Src/ADSR_envelope.c ****         if (env->value <= ADSR_MIN_LEVEL)
 683              		.loc 1 188 26 view .LVU157
 684 006c 90ED097A 		vldr.32	s14, [r0, #36]
 188:Core/Src/ADSR_envelope.c ****         if (env->value <= ADSR_MIN_LEVEL)
 685              		.loc 1 188 20 view .LVU158
 686 0070 67EE877A 		vmul.f32	s15, s15, s14
 687 0074 C0ED007A 		vstr.32	s15, [r0]
 189:Core/Src/ADSR_envelope.c ****         {
 688              		.loc 1 189 9 is_stmt 1 view .LVU159
 189:Core/Src/ADSR_envelope.c ****         {
 689              		.loc 1 189 16 is_stmt 0 view .LVU160
 690 0078 17EE900A 		vmov	r0, s15
 691              	.LVL43:
 189:Core/Src/ADSR_envelope.c ****         {
 692              		.loc 1 189 16 view .LVU161
 693 007c FFF7FEFF 		bl	__aeabi_f2d
 694              	.LVL44:
 189:Core/Src/ADSR_envelope.c ****         {
 695              		.loc 1 189 12 view .LVU162
 696 0080 05A3     		adr	r3, .L50
 697 0082 D3E90023 		ldrd	r2, [r3]
 698 0086 FFF7FEFF 		bl	__aeabi_dcmple
 699              	.LVL45:
 700 008a 0028     		cmp	r0, #0
 701 008c D5D0     		beq	.L42
 191:Core/Src/ADSR_envelope.c ****             env->state = OFF;
 702              		.loc 1 191 13 is_stmt 1 view .LVU163
 191:Core/Src/ADSR_envelope.c ****             env->state = OFF;
 703              		.loc 1 191 24 is_stmt 0 view .LVU164
 704 008e 0023     		movs	r3, #0
 705 0090 2360     		str	r3, [r4]	@ float
 192:Core/Src/ADSR_envelope.c ****         }
 706              		.loc 1 192 13 is_stmt 1 view .LVU165
 192:Core/Src/ADSR_envelope.c ****         }
 707              		.loc 1 192 24 is_stmt 0 view .LVU166
 708 0092 0423     		movs	r3, #4
 709 0094 A360     		str	r3, [r4, #8]
 710 0096 D0E7     		b	.L42
 711              	.L51:
 712              		.align	3
 713              	.L50:
 714 0098 2D431CEB 		.word	-350469331
 715 009c E2361A3F 		.word	1058682594
 716              		.cfi_endproc
 717              	.LFE15:
ARM GAS  /var/folders/lp/x54gwt890xv47sdkqj1k04q40000gn/T//cc6srKRy.s 			page 18


 719              		.global	adsr_index
 720              		.section	.ccmram,"aw"
 721              		.align	2
 724              	adsr_index:
 725 0000 00000000 		.space	40
 725      00000000 
 725      00000000 
 725      00000000 
 725      00000000 
 726              		.global	adsr_filt
 727              		.align	2
 730              	adsr_filt:
 731 0028 00000000 		.space	40
 731      00000000 
 731      00000000 
 731      00000000 
 731      00000000 
 732              		.global	adsr_amp
 733              		.align	2
 736              	adsr_amp:
 737 0050 00000000 		.space	40
 737      00000000 
 737      00000000 
 737      00000000 
 737      00000000 
 738              		.global	log_lut
 739              		.section	.rodata.log_lut,"a"
 740              		.align	2
 743              	log_lut:
 744 0000 8D5D13C1 		.word	-1055695475
 745 0004 FBAFDAC0 		.word	-1059409925
 746 0008 4F07C6C0 		.word	-1060763825
 747 000c D593B9C0 		.word	-1061579819
 748 0010 05A3B0C0 		.word	-1062165755
 749 0014 07A8A9C0 		.word	-1062623225
 750 0018 E5EDA3C0 		.word	-1062998555
 751 001c C0129FC0 		.word	-1063316800
 752 0020 A3DB9AC0 		.word	-1063593053
 753 0024 462297C0 		.word	-1063837114
 754 0028 62CC93C0 		.word	-1064055710
 755 002c 28C790C0 		.word	-1064253656
 756 0030 A7048EC0 		.word	-1064434521
 757 0034 467A8BC0 		.word	-1064601018
 758 0038 C31F89C0 		.word	-1064755261
 759 003c 89EE86C0 		.word	-1064898935
 760 0040 4EE184C0 		.word	-1065033394
 761 0044 BDF382C0 		.word	-1065159747
 762 0048 382281C0 		.word	-1065278920
 763 004c 7CD37EC0 		.word	-1065430148
 764 0050 7E8F7BC0 		.word	-1065644162
 765 0054 157478C0 		.word	-1065847787
 766 0058 857D75C0 		.word	-1066041979
 767 005c 82A872C0 		.word	-1066227582
 768 0060 3DF26FC0 		.word	-1066405315
 769 0064 32586DC0 		.word	-1066575822
 770 0068 30D86AC0 		.word	-1066739664
 771 006c 3B7068C0 		.word	-1066897349
ARM GAS  /var/folders/lp/x54gwt890xv47sdkqj1k04q40000gn/T//cc6srKRy.s 			page 19


 772 0070 971E66C0 		.word	-1067049321
 773 0074 B5E163C0 		.word	-1067195979
 774 0078 30B861C0 		.word	-1067337680
 775 007c C3A05FC0 		.word	-1067474749
 776 0080 469A5DC0 		.word	-1067607482
 777 0084 B1A35BC0 		.word	-1067736143
 778 0088 12BC59C0 		.word	-1067860974
 779 008c 8BE257C0 		.word	-1067982197
 780 0090 511656C0 		.word	-1068100015
 781 0094 AC5654C0 		.word	-1068214612
 782 0098 F0A252C0 		.word	-1068326160
 783 009c 7BFA50C0 		.word	-1068434821
 784 00a0 C05C4FC0 		.word	-1068540736
 785 00a4 32C94DC0 		.word	-1068644046
 786 00a8 5B3F4CC0 		.word	-1068744869
 787 00ac C2BE4AC0 		.word	-1068843326
 788 00b0 FE4649C0 		.word	-1068939522
 789 00b4 A1D747C0 		.word	-1069033567
 790 00b8 587046C0 		.word	-1069125544
 791 00bc C31045C0 		.word	-1069215549
 792 00c0 91B843C0 		.word	-1069303663
 793 00c4 736742C0 		.word	-1069389965
 794 00c8 211D41C0 		.word	-1069474527
 795 00cc 55D93FC0 		.word	-1069557419
 796 00d0 D49B3EC0 		.word	-1069638700
 797 00d4 5A643DC0 		.word	-1069718438
 798 00d8 AD323CC0 		.word	-1069796691
 799 00dc 9E063BC0 		.word	-1069873506
 800 00e0 F0DF39C0 		.word	-1069948944
 801 00e4 7BBE38C0 		.word	-1070023045
 802 00e8 0AA237C0 		.word	-1070095862
 803 00ec 728A36C0 		.word	-1070167438
 804 00f0 8E7735C0 		.word	-1070237810
 805 00f4 346934C0 		.word	-1070307020
 806 00f8 395F33C0 		.word	-1070375111
 807 00fc 815932C0 		.word	-1070442111
 808 0100 E65731C0 		.word	-1070508058
 809 0104 475A30C0 		.word	-1070572985
 810 0108 89602FC0 		.word	-1070636919
 811 010c 876A2EC0 		.word	-1070699897
 812 0110 29782DC0 		.word	-1070761943
 813 0114 55892CC0 		.word	-1070823083
 814 0118 F19D2BC0 		.word	-1070883343
 815 011c E1B52AC0 		.word	-1070942751
 816 0120 0BD129C0 		.word	-1071001333
 817 0124 63EF28C0 		.word	-1071059101
 818 0128 C71028C0 		.word	-1071116089
 819 012c 263527C0 		.word	-1071172314
 820 0130 705C26C0 		.word	-1071227792
 821 0134 8C8625C0 		.word	-1071282548
 822 0138 6CB324C0 		.word	-1071336596
 823 013c FCE223C0 		.word	-1071389956
 824 0140 271523C0 		.word	-1071442649
 825 0144 E04922C0 		.word	-1071494688
 826 0148 1B8121C0 		.word	-1071546085
 827 014c BFBA20C0 		.word	-1071596865
 828 0150 C7F61FC0 		.word	-1071647033
ARM GAS  /var/folders/lp/x54gwt890xv47sdkqj1k04q40000gn/T//cc6srKRy.s 			page 20


 829 0154 1E351FC0 		.word	-1071696610
 830 0158 B8751EC0 		.word	-1071745608
 831 015c 84B81DC0 		.word	-1071794044
 832 0160 7EFD1CC0 		.word	-1071841922
 833 0164 95441CC0 		.word	-1071889259
 834 0168 B98D1BC0 		.word	-1071936071
 835 016c E4D81AC0 		.word	-1071982364
 836 0170 07261AC0 		.word	-1072028153
 837 0174 197519C0 		.word	-1072073447
 838 0178 0DC618C0 		.word	-1072118259
 839 017c DF1818C0 		.word	-1072162593
 840 0180 7F6D17C0 		.word	-1072206465
 841 0184 E3C316C0 		.word	-1072249885
 842 0188 041C16C0 		.word	-1072292860
 843 018c DA7515C0 		.word	-1072335398
 844 0190 5BD114C0 		.word	-1072377509
 845 0194 7F2E14C0 		.word	-1072419201
 846 0198 3F8D13C0 		.word	-1072460481
 847 019c 8DED12C0 		.word	-1072501363
 848 01a0 6A4F12C0 		.word	-1072541846
 849 01a4 C8B211C0 		.word	-1072581944
 850 01a8 A01711C0 		.word	-1072621664
 851 01ac ED7D10C0 		.word	-1072661011
 852 01b0 ACE50FC0 		.word	-1072699988
 853 01b4 CF4E0FC0 		.word	-1072738609
 854 01b8 52B90EC0 		.word	-1072776878
 855 01bc 31250EC0 		.word	-1072814799
 856 01c0 60920DC0 		.word	-1072852384
 857 01c4 DE000DC0 		.word	-1072889634
 858 01c8 A8700CC0 		.word	-1072926552
 859 01cc B1E10BC0 		.word	-1072963151
 860 01d0 F4530BC0 		.word	-1072999436
 861 01d4 71C70AC0 		.word	-1073035407
 862 01d8 213C0AC0 		.word	-1073071071
 863 01dc FBB109C0 		.word	-1073106437
 864 01e0 FE2809C0 		.word	-1073141506
 865 01e4 23A108C0 		.word	-1073176285
 866 01e8 691A08C0 		.word	-1073210775
 867 01ec C49407C0 		.word	-1073244988
 868 01f0 381007C0 		.word	-1073278920
 869 01f4 B98C06C0 		.word	-1073312583
 870 01f8 4A0A06C0 		.word	-1073345974
 871 01fc DF8805C0 		.word	-1073379105
 872 0200 780805C0 		.word	-1073411976
 873 0204 128904C0 		.word	-1073444590
 874 0208 A60A04C0 		.word	-1073476954
 875 020c 338D03C0 		.word	-1073509069
 876 0210 B21003C0 		.word	-1073540942
 877 0214 259502C0 		.word	-1073572571
 878 0218 821A02C0 		.word	-1073603966
 879 021c CBA001C0 		.word	-1073635125
 880 0220 F62701C0 		.word	-1073666058
 881 0224 08B000C0 		.word	-1073696760
 882 0228 F33800C0 		.word	-1073727245
 883 022c 7B85FFBF 		.word	-1073773189
 884 0230 C39AFEBF 		.word	-1073833277
 885 0234 B8B1FDBF 		.word	-1073892936
ARM GAS  /var/folders/lp/x54gwt890xv47sdkqj1k04q40000gn/T//cc6srKRy.s 			page 21


 886 0238 4FCAFCBF 		.word	-1073952177
 887 023c 82E4FBBF 		.word	-1074011006
 888 0240 5800FBBF 		.word	-1074069416
 889 0244 B81DFABF 		.word	-1074127432
 890 0248 AC3CF9BF 		.word	-1074185044
 891 024c 295DF8BF 		.word	-1074242263
 892 0250 287FF7BF 		.word	-1074299096
 893 0254 A1A2F6BF 		.word	-1074355551
 894 0258 9BC7F5BF 		.word	-1074411621
 895 025c 07EEF4BF 		.word	-1074467321
 896 0260 E415F4BF 		.word	-1074522652
 897 0264 293FF3BF 		.word	-1074577623
 898 0268 CF69F2BF 		.word	-1074632241
 899 026c DD95F1BF 		.word	-1074686499
 900 0270 4CC3F0BF 		.word	-1074740404
 901 0274 0AF2EFBF 		.word	-1074793974
 902 0278 2122EFBF 		.word	-1074847199
 903 027c 8753EEBF 		.word	-1074900089
 904 0280 3486EDBF 		.word	-1074952652
 905 0284 30BAECBF 		.word	-1075004880
 906 0288 6BEFEBBF 		.word	-1075056789
 907 028c E525EBBF 		.word	-1075108379
 908 0290 965DEABF 		.word	-1075159658
 909 0294 8596E9BF 		.word	-1075210619
 910 0298 A2D0E8BF 		.word	-1075261278
 911 029c F60BE8BF 		.word	-1075311626
 912 02a0 6F48E7BF 		.word	-1075361681
 913 02a4 1686E6BF 		.word	-1075411434
 914 02a8 E3C4E5BF 		.word	-1075460893
 915 02ac D504E5BF 		.word	-1075510059
 916 02b0 DD45E4BF 		.word	-1075558947
 917 02b4 0188E3BF 		.word	-1075607551
 918 02b8 43CBE2BF 		.word	-1075655869
 919 02bc 990FE2BF 		.word	-1075703911
 920 02c0 FC54E1BF 		.word	-1075751684
 921 02c4 749BE0BF 		.word	-1075799180
 922 02c8 EFE2DFBF 		.word	-1075846417
 923 02cc 772BDFBF 		.word	-1075893385
 924 02d0 0475DEBF 		.word	-1075940092
 925 02d4 94BFDDBF 		.word	-1075986540
 926 02d8 280BDDBF 		.word	-1076032728
 927 02dc B057DCBF 		.word	-1076078672
 928 02e0 3CA5DBBF 		.word	-1076124356
 929 02e4 BAF3DABF 		.word	-1076169798
 930 02e8 2D43DABF 		.word	-1076214995
 931 02ec 9293D9BF 		.word	-1076259950
 932 02f0 E2E4D8BF 		.word	-1076304670
 933 02f4 2637D8BF 		.word	-1076349146
 934 02f8 558AD7BF 		.word	-1076393387
 935 02fc 65DED6BF 		.word	-1076437403
 936 0300 6133D6BF 		.word	-1076481183
 937 0304 4089D5BF 		.word	-1076524736
 938 0308 01E0D4BF 		.word	-1076568063
 939 030c 9B37D4BF 		.word	-1076611173
 940 0310 1990D3BF 		.word	-1076654055
 941 0314 68E9D2BF 		.word	-1076696728
 942 0318 9A43D2BF 		.word	-1076739174
ARM GAS  /var/folders/lp/x54gwt890xv47sdkqj1k04q40000gn/T//cc6srKRy.s 			page 22


 943 031c 9D9ED1BF 		.word	-1076781411
 944 0320 72FAD0BF 		.word	-1076823438
 945 0324 1957D0BF 		.word	-1076865255
 946 0328 89B4CFBF 		.word	-1076906871
 947 032c D312CFBF 		.word	-1076948269
 948 0330 DE71CEBF 		.word	-1076989474
 949 0334 B3D1CDBF 		.word	-1077030477
 950 0338 5932CDBF 		.word	-1077071271
 951 033c B893CCBF 		.word	-1077111880
 952 0340 E8F5CBBF 		.word	-1077152280
 953 0344 D158CBBF 		.word	-1077192495
 954 0348 7BBCCABF 		.word	-1077232517
 955 034c DE20CABF 		.word	-1077272354
 956 0350 0A86C9BF 		.word	-1077311990
 957 0354 E6EBC8BF 		.word	-1077351450
 958 0358 7A52C8BF 		.word	-1077390726
 959 035c D0B9C7BF 		.word	-1077429808
 960 0360 CD21C7BF 		.word	-1077468723
 961 0364 8B8AC6BF 		.word	-1077507445
 962 0368 F1F3C5BF 		.word	-1077545999
 963 036c 0F5EC5BF 		.word	-1077584369
 964 0370 D6C8C4BF 		.word	-1077622570
 965 0374 4C34C4BF 		.word	-1077660596
 966 0378 6AA0C3BF 		.word	-1077698454
 967 037c 390DC3BF 		.word	-1077736135
 968 0380 AF7AC2BF 		.word	-1077773649
 969 0384 C4E8C1BF 		.word	-1077811004
 970 0388 8A57C1BF 		.word	-1077848182
 971 038c EFC6C0BF 		.word	-1077885201
 972 0390 F436C0BF 		.word	-1077922060
 973 0394 A0A7BFBF 		.word	-1077958752
 974 0398 E318BFBF 		.word	-1077995293
 975 039c CE8ABEBF 		.word	-1078031666
 976 03a0 50FDBDBF 		.word	-1078067888
 977 03a4 7270BDBF 		.word	-1078103950
 978 03a8 2AE4BCBF 		.word	-1078139862
 979 03ac 8258BCBF 		.word	-1078175614
 980 03b0 68CDBBBF 		.word	-1078211224
 981 03b4 EE42BBBF 		.word	-1078246674
 982 03b8 02B9BABF 		.word	-1078281982
 983 03bc AD2FBABF 		.word	-1078317139
 984 03c0 E7A6B9BF 		.word	-1078352153
 985 03c4 B81EB9BF 		.word	-1078387016
 986 03c8 1897B8BF 		.word	-1078421736
 987 03cc 0610B8BF 		.word	-1078456314
 988 03d0 8389B7BF 		.word	-1078490749
 989 03d4 8E03B7BF 		.word	-1078525042
 990 03d8 207EB6BF 		.word	-1078559200
 991 03dc 40F9B5BF 		.word	-1078593216
 992 03e0 E674B5BF 		.word	-1078627098
 993 03e4 1BF1B4BF 		.word	-1078660837
 994 03e8 CE6DB4BF 		.word	-1078694450
 995 03ec 10EBB3BF 		.word	-1078727920
 996 03f0 CF68B3BF 		.word	-1078761265
 997 03f4 1DE7B2BF 		.word	-1078794467
 998 03f8 E065B2BF 		.word	-1078827552
 999 03fc 32E5B1BF 		.word	-1078860494
ARM GAS  /var/folders/lp/x54gwt890xv47sdkqj1k04q40000gn/T//cc6srKRy.s 			page 23


 1000 0400 F964B1BF 		.word	-1078893319
 1001 0404 47E5B0BF 		.word	-1078926009
 1002 0408 1366B0BF 		.word	-1078958573
 1003 040c 5CE7AFBF 		.word	-1078991012
 1004 0410 2369AFBF 		.word	-1079023325
 1005 0414 68EBAEBF 		.word	-1079055512
 1006 0418 2B6EAEBF 		.word	-1079087573
 1007 041c 5AF1ADBF 		.word	-1079119526
 1008 0420 1075ADBF 		.word	-1079151344
 1009 0424 3CF9ACBF 		.word	-1079183044
 1010 0428 DD7DACBF 		.word	-1079214627
 1011 042c F302ACBF 		.word	-1079246093
 1012 0430 7F88ABBF 		.word	-1079277441
 1013 0434 800EABBF 		.word	-1079308672
 1014 0438 F794AABF 		.word	-1079339785
 1015 043c DA1BAABF 		.word	-1079370790
 1016 0440 33A3A9BF 		.word	-1079401677
 1017 0444 022BA9BF 		.word	-1079432446
 1018 0448 3EB3A8BF 		.word	-1079463106
 1019 044c E63BA8BF 		.word	-1079493658
 1020 0450 05C5A7BF 		.word	-1079524091
 1021 0454 904EA7BF 		.word	-1079554416
 1022 0458 80D8A6BF 		.word	-1079584640
 1023 045c E562A6BF 		.word	-1079614747
 1024 0460 B7EDA5BF 		.word	-1079644745
 1025 0464 EE78A5BF 		.word	-1079674642
 1026 0468 9204A5BF 		.word	-1079704430
 1027 046c 9B90A4BF 		.word	-1079734117
 1028 0470 111DA4BF 		.word	-1079763695
 1029 0474 EBA9A3BF 		.word	-1079793173
 1030 0478 3337A3BF 		.word	-1079822541
 1031 047c DFC4A2BF 		.word	-1079851809
 1032 0480 F052A2BF 		.word	-1079880976
 1033 0484 65E1A1BF 		.word	-1079910043
 1034 0488 3F70A1BF 		.word	-1079939009
 1035 048c 7EFFA0BF 		.word	-1079967874
 1036 0490 198FA0BF 		.word	-1079996647
 1037 0494 211FA0BF 		.word	-1080025311
 1038 0498 86AF9FBF 		.word	-1080053882
 1039 049c 46409FBF 		.word	-1080082362
 1040 04a0 6CD19EBF 		.word	-1080110740
 1041 04a4 F6629EBF 		.word	-1080139018
 1042 04a8 DCF49DBF 		.word	-1080167204
 1043 04ac 1E879DBF 		.word	-1080195298
 1044 04b0 BD199DBF 		.word	-1080223299
 1045 04b4 B8AC9CBF 		.word	-1080251208
 1046 04b8 18409CBF 		.word	-1080279016
 1047 04bc CCD39BBF 		.word	-1080306740
 1048 04c0 DC679BBF 		.word	-1080334372
 1049 04c4 48FC9ABF 		.word	-1080361912
 1050 04c8 10919ABF 		.word	-1080389360
 1051 04cc 35269ABF 		.word	-1080416715
 1052 04d0 AEBB99BF 		.word	-1080443986
 1053 04d4 7A5199BF 		.word	-1080471174
 1054 04d8 A3E798BF 		.word	-1080498269
 1055 04dc 287E98BF 		.word	-1080525272
 1056 04e0 F91498BF 		.word	-1080552199
ARM GAS  /var/folders/lp/x54gwt890xv47sdkqj1k04q40000gn/T//cc6srKRy.s 			page 24


 1057 04e4 2EAC97BF 		.word	-1080579026
 1058 04e8 AF4397BF 		.word	-1080605777
 1059 04ec 83DB96BF 		.word	-1080632445
 1060 04f0 B47396BF 		.word	-1080659020
 1061 04f4 310C96BF 		.word	-1080685519
 1062 04f8 01A595BF 		.word	-1080711935
 1063 04fc 2D3E95BF 		.word	-1080738259
 1064 0500 A5D794BF 		.word	-1080764507
 1065 0504 717194BF 		.word	-1080790671
 1066 0508 890B94BF 		.word	-1080816759
 1067 050c FCA593BF 		.word	-1080842756
 1068 0510 B34093BF 		.word	-1080868685
 1069 0514 C6DB92BF 		.word	-1080894522
 1070 0518 1D7792BF 		.word	-1080920291
 1071 051c CF1292BF 		.word	-1080945969
 1072 0520 C5AE91BF 		.word	-1080971579
 1073 0524 0E4B91BF 		.word	-1080997106
 1074 0528 A3E790BF 		.word	-1081022557
 1075 052c 848490BF 		.word	-1081047932
 1076 0530 AF2190BF 		.word	-1081073233
 1077 0534 2FBF8FBF 		.word	-1081098449
 1078 0538 F25C8FBF 		.word	-1081123598
 1079 053c 09FB8EBF 		.word	-1081148663
 1080 0540 63998EBF 		.word	-1081173661
 1081 0544 09388EBF 		.word	-1081198583
 1082 0548 F9D68DBF 		.word	-1081223431
 1083 054c 36768DBF 		.word	-1081248202
 1084 0550 B5158DBF 		.word	-1081272907
 1085 0554 80B58CBF 		.word	-1081297536
 1086 0558 97558CBF 		.word	-1081322089
 1087 055c F1F58BBF 		.word	-1081346575
 1088 0560 96968BBF 		.word	-1081370986
 1089 0564 7E378BBF 		.word	-1081395330
 1090 0568 A9D88ABF 		.word	-1081419607
 1091 056c 207A8ABF 		.word	-1081443808
 1092 0570 DA1B8ABF 		.word	-1081467942
 1093 0574 E0BD89BF 		.word	-1081492000
 1094 0578 206089BF 		.word	-1081516000
 1095 057c AC0289BF 		.word	-1081539924
 1096 0580 7AA588BF 		.word	-1081563782
 1097 0584 8C4888BF 		.word	-1081587572
 1098 0588 E1EB87BF 		.word	-1081611295
 1099 058c 7A8F87BF 		.word	-1081634950
 1100 0590 4C3387BF 		.word	-1081658548
 1101 0594 6BD786BF 		.word	-1081682069
 1102 0598 CC7B86BF 		.word	-1081705524
 1103 059c 682086BF 		.word	-1081728920
 1104 05a0 48C585BF 		.word	-1081752248
 1105 05a4 6A6A85BF 		.word	-1081775510
 1106 05a8 D00F85BF 		.word	-1081798704
 1107 05ac 70B584BF 		.word	-1081821840
 1108 05b0 535B84BF 		.word	-1081844909
 1109 05b4 710184BF 		.word	-1081867919
 1110 05b8 D2A783BF 		.word	-1081890862
 1111 05bc 6E4E83BF 		.word	-1081913746
 1112 05c0 4DF582BF 		.word	-1081936563
 1113 05c4 679C82BF 		.word	-1081959321
ARM GAS  /var/folders/lp/x54gwt890xv47sdkqj1k04q40000gn/T//cc6srKRy.s 			page 25


 1114 05c8 BB4382BF 		.word	-1081982021
 1115 05cc 53EB81BF 		.word	-1082004653
 1116 05d0 259381BF 		.word	-1082027227
 1117 05d4 323B81BF 		.word	-1082049742
 1118 05d8 7AE380BF 		.word	-1082072198
 1119 05dc 058C80BF 		.word	-1082094587
 1120 05e0 C23480BF 		.word	-1082116926
 1121 05e4 84BB7FBF 		.word	-1082147964
 1122 05e8 FA0D7FBF 		.word	-1082192390
 1123 05ec D4607EBF 		.word	-1082236716
 1124 05f0 35B47DBF 		.word	-1082280907
 1125 05f4 0B087DBF 		.word	-1082324981
 1126 05f8 465C7CBF 		.word	-1082368954
 1127 05fc F7B07BBF 		.word	-1082412809
 1128 0600 2D067BBF 		.word	-1082456531
 1129 0604 C85B7ABF 		.word	-1082500152
 1130 0608 C8B179BF 		.word	-1082543672
 1131 060c 4F0879BF 		.word	-1082587057
 1132 0610 395F78BF 		.word	-1082630343
 1133 0614 89B677BF 		.word	-1082673527
 1134 0618 5E0E77BF 		.word	-1082716578
 1135 061c 886676BF 		.word	-1082759544
 1136 0620 38BF75BF 		.word	-1082802376
 1137 0624 4C1875BF 		.word	-1082845108
 1138 0628 C57174BF 		.word	-1082887739
 1139 062c B4CB73BF 		.word	-1082930252
 1140 0630 072673BF 		.word	-1082972665
 1141 0634 D08072BF 		.word	-1083014960
 1142 0638 FDDB71BF 		.word	-1083057155
 1143 063c 8F3771BF 		.word	-1083099249
 1144 0640 869370BF 		.word	-1083141242
 1145 0644 F2EF6FBF 		.word	-1083183118
 1146 0648 C24C6FBF 		.word	-1083224894
 1147 064c F8A96EBF 		.word	-1083266568
 1148 0650 92076EBF 		.word	-1083308142
 1149 0654 A1656DBF 		.word	-1083349599
 1150 0658 05C46CBF 		.word	-1083390971
 1151 065c DD226CBF 		.word	-1083432227
 1152 0660 1B826BBF 		.word	-1083473381
 1153 0664 ACE16ABF 		.word	-1083514452
 1154 0668 B3416ABF 		.word	-1083555405
 1155 066c 0EA269BF 		.word	-1083596274
 1156 0670 DE0269BF 		.word	-1083637026
 1157 0674 026468BF 		.word	-1083677694
 1158 0678 9CC567BF 		.word	-1083718244
 1159 067c 892767BF 		.word	-1083758711
 1160 0680 CA8966BF 		.word	-1083799094
 1161 0684 81EC65BF 		.word	-1083839359
 1162 0688 8B4F65BF 		.word	-1083879541
 1163 068c 0BB364BF 		.word	-1083919605
 1164 0690 CE1664BF 		.word	-1083959602
 1165 0694 077B63BF 		.word	-1083999481
 1166 0698 93DF62BF 		.word	-1084039277
 1167 069c 854462BF 		.word	-1084078971
 1168 06a0 CAA961BF 		.word	-1084118582
 1169 06a4 730F61BF 		.word	-1084158093
 1170 06a8 717560BF 		.word	-1084197519
ARM GAS  /var/folders/lp/x54gwt890xv47sdkqj1k04q40000gn/T//cc6srKRy.s 			page 26


 1171 06ac D3DB5FBF 		.word	-1084236845
 1172 06b0 89425FBF 		.word	-1084276087
 1173 06b4 A4A95EBF 		.word	-1084315228
 1174 06b8 12115EBF 		.word	-1084354286
 1175 06bc E6785DBF 		.word	-1084393242
 1176 06c0 0DE15CBF 		.word	-1084432115
 1177 06c4 99495CBF 		.word	-1084470887
 1178 06c8 68B25BBF 		.word	-1084509592
 1179 06cc 9B1B5BBF 		.word	-1084548197
 1180 06d0 34855ABF 		.word	-1084586700
 1181 06d4 0FEF59BF 		.word	-1084625137
 1182 06d8 4F5959BF 		.word	-1084663473
 1183 06dc E3C358BF 		.word	-1084701725
 1184 06e0 CB2E58BF 		.word	-1084739893
 1185 06e4 179A57BF 		.word	-1084777961
 1186 06e8 A70557BF 		.word	-1084815961
 1187 06ec 9B7156BF 		.word	-1084853861
 1188 06f0 E3DD55BF 		.word	-1084891677
 1189 06f4 6F4A55BF 		.word	-1084929425
 1190 06f8 5FB754BF 		.word	-1084967073
 1191 06fc A22454BF 		.word	-1085004638
 1192 0700 3A9253BF 		.word	-1085042118
 1193 0704 260053BF 		.word	-1085079514
 1194 0708 656E52BF 		.word	-1085116827
 1195 070c E8DC51BF 		.word	-1085154072
 1196 0710 CF4B51BF 		.word	-1085191217
 1197 0714 0ABB50BF 		.word	-1085228278
 1198 0718 882A50BF 		.word	-1085265272
 1199 071c 5B9A4FBF 		.word	-1085302181
 1200 0720 810A4FBF 		.word	-1085339007
 1201 0724 FA7A4EBF 		.word	-1085375750
 1202 0728 C8EB4DBF 		.word	-1085412408
 1203 072c EA5C4DBF 		.word	-1085448982
 1204 0730 4FCE4CBF 		.word	-1085485489
 1205 0734 07404CBF 		.word	-1085521913
 1206 0738 03B24BBF 		.word	-1085558269
 1207 073c 64244BBF 		.word	-1085594524
 1208 0740 07974ABF 		.word	-1085630713
 1209 0744 EE094ABF 		.word	-1085666834
 1210 0748 287D49BF 		.word	-1085702872
 1211 074c B7F048BF 		.word	-1085738825
 1212 0750 996448BF 		.word	-1085774695
 1213 0754 BED847BF 		.word	-1085810498
 1214 0758 274D47BF 		.word	-1085846233
 1215 075c E3C146BF 		.word	-1085881885
 1216 0760 F43646BF 		.word	-1085917452
 1217 0764 47AC45BF 		.word	-1085952953
 1218 0768 DE2145BF 		.word	-1085988386
 1219 076c C89744BF 		.word	-1086023736
 1220 0770 060E44BF 		.word	-1086059002
 1221 0774 888443BF 		.word	-1086094200
 1222 0778 4CFB42BF 		.word	-1086129332
 1223 077c 547242BF 		.word	-1086164396
 1224 0780 AFE941BF 		.word	-1086199377
 1225 0784 5F6141BF 		.word	-1086234273
 1226 0788 40D940BF 		.word	-1086269120
 1227 078c 765140BF 		.word	-1086303882
ARM GAS  /var/folders/lp/x54gwt890xv47sdkqj1k04q40000gn/T//cc6srKRy.s 			page 27


 1228 0790 EFC93FBF 		.word	-1086338577
 1229 0794 BB423FBF 		.word	-1086373189
 1230 0798 CBBB3EBF 		.word	-1086407733
 1231 079c 0D353EBF 		.word	-1086442227
 1232 07a0 B4AE3DBF 		.word	-1086476620
 1233 07a4 8D283DBF 		.word	-1086510963
 1234 07a8 A9A23CBF 		.word	-1086545239
 1235 07ac 191D3CBF 		.word	-1086579431
 1236 07b0 CC973BBF 		.word	-1086613556
 1237 07b4 C2123BBF 		.word	-1086647614
 1238 07b8 FC8D3ABF 		.word	-1086681604
 1239 07bc 78093ABF 		.word	-1086715528
 1240 07c0 388539BF 		.word	-1086749384
 1241 07c4 4B0139BF 		.word	-1086783157
 1242 07c8 917D38BF 		.word	-1086816879
 1243 07cc 2BFA37BF 		.word	-1086850517
 1244 07d0 F77637BF 		.word	-1086884105
 1245 07d4 06F436BF 		.word	-1086917626
 1246 07d8 697136BF 		.word	-1086951063
 1247 07dc FEEE35BF 		.word	-1086984450
 1248 07e0 D76C35BF 		.word	-1087017769
 1249 07e4 03EB34BF 		.word	-1087051005
 1250 07e8 626934BF 		.word	-1087084190
 1251 07ec 04E833BF 		.word	-1087117308
 1252 07f0 E86633BF 		.word	-1087150360
 1253 07f4 10E632BF 		.word	-1087183344
 1254 07f8 6B6532BF 		.word	-1087216277
 1255 07fc 19E531BF 		.word	-1087249127
 1256 0800 F96431BF 		.word	-1087281927
 1257 0804 1DE530BF 		.word	-1087314659
 1258 0808 846530BF 		.word	-1087347324
 1259 080c 2EE62FBF 		.word	-1087379922
 1260 0810 1B672FBF 		.word	-1087412453
 1261 0814 3AE82EBF 		.word	-1087444934
 1262 0818 9C692EBF 		.word	-1087477348
 1263 081c 42EB2DBF 		.word	-1087509694
 1264 0820 1A6D2DBF 		.word	-1087541990
 1265 0824 35EF2CBF 		.word	-1087574219
 1266 0828 93712CBF 		.word	-1087606381
 1267 082c 34F42BBF 		.word	-1087638476
 1268 0830 08772BBF 		.word	-1087670520
 1269 0834 1EFA2ABF 		.word	-1087702498
 1270 0838 677D2ABF 		.word	-1087734425
 1271 083c F3002ABF 		.word	-1087766285
 1272 0840 C28429BF 		.word	-1087798078
 1273 0844 C40829BF 		.word	-1087829820
 1274 0848 098D28BF 		.word	-1087861495
 1275 084c 801128BF 		.word	-1087893120
 1276 0850 3A9627BF 		.word	-1087924678
 1277 0854 261B27BF 		.word	-1087956186
 1278 0858 55A026BF 		.word	-1087987627
 1279 085c C82526BF 		.word	-1088019000
 1280 0860 6DAB25BF 		.word	-1088050323
 1281 0864 443125BF 		.word	-1088081596
 1282 0868 5FB724BF 		.word	-1088112801
 1283 086c AB3D24BF 		.word	-1088143957
 1284 0870 3BC423BF 		.word	-1088175045
ARM GAS  /var/folders/lp/x54gwt890xv47sdkqj1k04q40000gn/T//cc6srKRy.s 			page 28


 1285 0874 FD4A23BF 		.word	-1088206083
 1286 0878 03D222BF 		.word	-1088237053
 1287 087c 3A5922BF 		.word	-1088267974
 1288 0880 A4E021BF 		.word	-1088298844
 1289 0884 516821BF 		.word	-1088329647
 1290 0888 30F020BF 		.word	-1088360400
 1291 088c 537820BF 		.word	-1088391085
 1292 0890 A80020BF 		.word	-1088421720
 1293 0894 2F891FBF 		.word	-1088452305
 1294 0898 E8111FBF 		.word	-1088482840
 1295 089c E59A1EBF 		.word	-1088513307
 1296 08a0 14241EBF 		.word	-1088543724
 1297 08a4 86AD1DBF 		.word	-1088574074
 1298 08a8 19371DBF 		.word	-1088604391
 1299 08ac F0C01CBF 		.word	-1088634640
 1300 08b0 F94A1CBF 		.word	-1088664839
 1301 08b4 45D51BBF 		.word	-1088694971
 1302 08b8 B35F1BBF 		.word	-1088725069
 1303 08bc 64EA1ABF 		.word	-1088755100
 1304 08c0 47751ABF 		.word	-1088785081
 1305 08c4 5C001ABF 		.word	-1088815012
 1306 08c8 B58B19BF 		.word	-1088844875
 1307 08cc 2F1719BF 		.word	-1088874705
 1308 08d0 ECA218BF 		.word	-1088904468
 1309 08d4 DC2E18BF 		.word	-1088934180
 1310 08d8 FEBA17BF 		.word	-1088963842
 1311 08dc 524717BF 		.word	-1088993454
 1312 08e0 D8D316BF 		.word	-1089023016
 1313 08e4 916016BF 		.word	-1089052527
 1314 08e8 8DED15BF 		.word	-1089081971
 1315 08ec AB7A15BF 		.word	-1089111381
 1316 08f0 0B0815BF 		.word	-1089140725
 1317 08f4 8E9514BF 		.word	-1089170034
 1318 08f8 532314BF 		.word	-1089199277
 1319 08fc 4BB113BF 		.word	-1089228469
 1320 0900 643F13BF 		.word	-1089257628
 1321 0904 C0CD12BF 		.word	-1089286720
 1322 0908 4F5C12BF 		.word	-1089315761
 1323 090c FFEA11BF 		.word	-1089344769
 1324 0910 F27911BF 		.word	-1089373710
 1325 0914 180911BF 		.word	-1089402600
 1326 0918 5F9810BF 		.word	-1089431457
 1327 091c E92710BF 		.word	-1089460247
 1328 0920 95B70FBF 		.word	-1089489003
 1329 0924 84470FBF 		.word	-1089517692
 1330 0928 95D70EBF 		.word	-1089546347
 1331 092c E8670EBF 		.word	-1089574936
 1332 0930 5DF80DBF 		.word	-1089603491
 1333 0934 05890DBF 		.word	-1089631995
 1334 0938 DF190DBF 		.word	-1089660449
 1335 093c EBAA0CBF 		.word	-1089688853
 1336 0940 193C0CBF 		.word	-1089717223
 1337 0944 8ACD0BBF 		.word	-1089745526
 1338 0948 1C5F0BBF 		.word	-1089773796
 1339 094c E1F00ABF 		.word	-1089802015
 1340 0950 D8820ABF 		.word	-1089830184
 1341 0954 01150ABF 		.word	-1089858303
ARM GAS  /var/folders/lp/x54gwt890xv47sdkqj1k04q40000gn/T//cc6srKRy.s 			page 29


 1342 0958 5DA709BF 		.word	-1089886371
 1343 095c DA3909BF 		.word	-1089914406
 1344 0960 8ACC08BF 		.word	-1089942390
 1345 0964 7C5F08BF 		.word	-1089970308
 1346 0968 80F207BF 		.word	-1089998208
 1347 096c C68507BF 		.word	-1090026042
 1348 0970 2F1907BF 		.word	-1090053841
 1349 0974 C9AC06BF 		.word	-1090081591
 1350 0978 964006BF 		.word	-1090109290
 1351 097c 84D405BF 		.word	-1090136956
 1352 0980 B66805BF 		.word	-1090164554
 1353 0984 F8FC04BF 		.word	-1090192136
 1354 0988 7D9104BF 		.word	-1090219651
 1355 098c 242604BF 		.word	-1090247132
 1356 0990 FEBA03BF 		.word	-1090274562
 1357 0994 095003BF 		.word	-1090301943
 1358 0998 36E502BF 		.word	-1090329290
 1359 099c 967A02BF 		.word	-1090356586
 1360 09a0 281002BF 		.word	-1090383832
 1361 09a4 DBA501BF 		.word	-1090411045
 1362 09a8 C13B01BF 		.word	-1090438207
 1363 09ac C8D100BF 		.word	-1090465336
 1364 09b0 016800BF 		.word	-1090492415
 1365 09b4 DBFCFFBE 		.word	-1090519845
 1366 09b8 F629FFBE 		.word	-1090573834
 1367 09bc 7557FEBE 		.word	-1090627723
 1368 09c0 3885FDBE 		.word	-1090681544
 1369 09c4 5FB3FCBE 		.word	-1090735265
 1370 09c8 EBE1FBBE 		.word	-1090788885
 1371 09cc BA10FBBE 		.word	-1090842438
 1372 09d0 EE3FFABE 		.word	-1090895890
 1373 09d4 656FF9BE 		.word	-1090949275
 1374 09d8 1F9FF8BE 		.word	-1091002593
 1375 09dc 5FCFF7BE 		.word	-1091055777
 1376 09e0 C1FFF6BE 		.word	-1091108927
 1377 09e4 A930F6BE 		.word	-1091161943
 1378 09e8 B361F5BE 		.word	-1091214925
 1379 09ec 4293F4BE 		.word	-1091267774
 1380 09f0 F4C4F3BE 		.word	-1091320588
 1381 09f4 0AF7F2BE 		.word	-1091373302
 1382 09f8 8429F2BE 		.word	-1091425916
 1383 09fc 425CF1BE 		.word	-1091478462
 1384 0a00 658FF0BE 		.word	-1091530907
 1385 0a04 CAC2EFBE 		.word	-1091583286
 1386 0a08 73F6EEBE 		.word	-1091635597
 1387 0a0c 802AEEBE 		.word	-1091687808
 1388 0a10 D05EEDBE 		.word	-1091739952
 1389 0a14 8693ECBE 		.word	-1091791994
 1390 0a18 7EC8EBBE 		.word	-1091843970
 1391 0a1c B9FDEABE 		.word	-1091895879
 1392 0a20 5933EABE 		.word	-1091947687
 1393 0a24 3C69E9BE 		.word	-1091999428
 1394 0a28 849FE8BE 		.word	-1092051068
 1395 0a2c 0FD6E7BE 		.word	-1092102641
 1396 0a30 DD0CE7BE 		.word	-1092154147
 1397 0a34 0F44E6BE 		.word	-1092205553
 1398 0a38 857BE5BE 		.word	-1092256891
ARM GAS  /var/folders/lp/x54gwt890xv47sdkqj1k04q40000gn/T//cc6srKRy.s 			page 30


 1399 0a3c 3EB3E4BE 		.word	-1092308162
 1400 0a40 5BEBE3BE 		.word	-1092359333
 1401 0a44 BC23E3BE 		.word	-1092410436
 1402 0a48 5F5CE2BE 		.word	-1092461473
 1403 0a4c 6895E1BE 		.word	-1092512408
 1404 0a50 B3CEE0BE 		.word	-1092563277
 1405 0a54 4208E0BE 		.word	-1092614078
 1406 0a58 3542DFBE 		.word	-1092664779
 1407 0a5c 4A7CDEBE 		.word	-1092715446
 1408 0a60 C3B6DDBE 		.word	-1092766013
 1409 0a64 A2F1DCBE 		.word	-1092816478
 1410 0a68 A12CDCBE 		.word	-1092866911
 1411 0a6c 0668DBBE 		.word	-1092917242
 1412 0a70 ADA3DABE 		.word	-1092967507
 1413 0a74 B9DFD9BE 		.word	-1093017671
 1414 0a78 E71BD9BE 		.word	-1093067801
 1415 0a7c 7958D8BE 		.word	-1093117831
 1416 0a80 4F95D7BE 		.word	-1093167793
 1417 0a84 67D2D6BE 		.word	-1093217689
 1418 0a88 E40FD6BE 		.word	-1093267484
 1419 0a8c 834DD5BE 		.word	-1093317245
 1420 0a90 878BD4BE 		.word	-1093366905
 1421 0a94 CDC9D3BE 		.word	-1093416499
 1422 0a98 5708D3BE 		.word	-1093466025
 1423 0a9c 4547D2BE 		.word	-1093515451
 1424 0aa0 5586D1BE 		.word	-1093564843
 1425 0aa4 CAC5D0BE 		.word	-1093614134
 1426 0aa8 8105D0BE 		.word	-1093663359
 1427 0aac 7C45CFBE 		.word	-1093712516
 1428 0ab0 BA85CEBE 		.word	-1093761606
 1429 0ab4 3BC6CDBE 		.word	-1093810629
 1430 0ab8 2107CDBE 		.word	-1093859551
 1431 0abc 2848CCBE 		.word	-1093908440
 1432 0ac0 9489CBBE 		.word	-1093957228
 1433 0ac4 43CBCABE 		.word	-1094005949
 1434 0ac8 350DCABE 		.word	-1094054603
 1435 0acc 6A4FC9BE 		.word	-1094103190
 1436 0ad0 E291C8BE 		.word	-1094151710
 1437 0ad4 9DD4C7BE 		.word	-1094200163
 1438 0ad8 9C17C7BE 		.word	-1094248548
 1439 0adc FF5AC6BE 		.word	-1094296833
 1440 0ae0 849EC5BE 		.word	-1094345084
 1441 0ae4 4CE2C4BE 		.word	-1094393268
 1442 0ae8 7826C4BE 		.word	-1094441352
 1443 0aec E86AC3BE 		.word	-1094489368
 1444 0af0 79AFC2BE 		.word	-1094537351
 1445 0af4 6FF4C1BE 		.word	-1094585233
 1446 0af8 A839C1BE 		.word	-1094633048
 1447 0afc 027FC0BE 		.word	-1094680830
 1448 0b00 C1C4BFBE 		.word	-1094728511
 1449 0b04 C40ABFBE 		.word	-1094776124
 1450 0b08 0951BEBE 		.word	-1094823671
 1451 0b0c 7097BDBE 		.word	-1094871184
 1452 0b10 3CDEBCBE 		.word	-1094918596
 1453 0b14 4A25BCBE 		.word	-1094965942
 1454 0b18 9C6CBBBE 		.word	-1095013220
 1455 0b1c 0FB4BABE 		.word	-1095060465
ARM GAS  /var/folders/lp/x54gwt890xv47sdkqj1k04q40000gn/T//cc6srKRy.s 			page 31


 1456 0b20 E7FBB9BE 		.word	-1095107609
 1457 0b24 0344B9BE 		.word	-1095154685
 1458 0b28 3F8CB8BE 		.word	-1095201729
 1459 0b2c E1D4B7BE 		.word	-1095248671
 1460 0b30 C51DB7BE 		.word	-1095295547
 1461 0b34 CB66B6BE 		.word	-1095342389
 1462 0b38 36B0B5BE 		.word	-1095389130
 1463 0b3c C2F9B4BE 		.word	-1095435838
 1464 0b40 9143B4BE 		.word	-1095482479
 1465 0b44 C58DB3BE 		.word	-1095529019
 1466 0b48 1BD8B2BE 		.word	-1095575525
 1467 0b4c B422B2BE 		.word	-1095621964
 1468 0b50 8F6DB1BE 		.word	-1095668337
 1469 0b54 AEB8B0BE 		.word	-1095714642
 1470 0b58 1004B0BE 		.word	-1095760880
 1471 0b5c 944FAFBE 		.word	-1095807084
 1472 0b60 7C9BAEBE 		.word	-1095853188
 1473 0b64 A7E7ADBE 		.word	-1095899225
 1474 0b68 F433ADBE 		.word	-1095945228
 1475 0b6c 8480ACBE 		.word	-1095991164
 1476 0b70 57CDABBE 		.word	-1096037033
 1477 0b74 6D1AABBE 		.word	-1096082835
 1478 0b78 C767AABE 		.word	-1096128569
 1479 0b7c 63B5A9BE 		.word	-1096174237
 1480 0b80 4303A9BE 		.word	-1096219837
 1481 0b84 4451A8BE 		.word	-1096265404
 1482 0b88 889FA7BE 		.word	-1096310904
 1483 0b8c 0FEEA6BE 		.word	-1096356337
 1484 0b90 DA3CA6BE 		.word	-1096401702
 1485 0b94 E78BA5BE 		.word	-1096447001
 1486 0b98 38DBA4BE 		.word	-1096492232
 1487 0b9c AA2AA4BE 		.word	-1096537430
 1488 0ba0 5F7AA3BE 		.word	-1096582561
 1489 0ba4 58CAA2BE 		.word	-1096627624
 1490 0ba8 931AA2BE 		.word	-1096672621
 1491 0bac 126BA1BE 		.word	-1096717550
 1492 0bb0 B2BBA0BE 		.word	-1096762446
 1493 0bb4 950CA0BE 		.word	-1096807275
 1494 0bb8 BC5D9FBE 		.word	-1096852036
 1495 0bbc 25AF9EBE 		.word	-1096896731
 1496 0bc0 B0009EBE 		.word	-1096941392
 1497 0bc4 A0529DBE 		.word	-1096985952
 1498 0bc8 B1A49CBE 		.word	-1097030479
 1499 0bcc E4F69BBE 		.word	-1097074972
 1500 0bd0 7B499BBE 		.word	-1097119365
 1501 0bd4 349C9ABE 		.word	-1097163724
 1502 0bd8 31EF99BE 		.word	-1097208015
 1503 0bdc 704299BE 		.word	-1097252240
 1504 0be0 F29598BE 		.word	-1097296398
 1505 0be4 96E997BE 		.word	-1097340522
 1506 0be8 7D3D97BE 		.word	-1097384579
 1507 0bec A79196BE 		.word	-1097428569
 1508 0bf0 F3E595BE 		.word	-1097472525
 1509 0bf4 823A95BE 		.word	-1097516414
 1510 0bf8 548F94BE 		.word	-1097560236
 1511 0bfc 69E493BE 		.word	-1097603991
 1512 0c00 9F3993BE 		.word	-1097647713
ARM GAS  /var/folders/lp/x54gwt890xv47sdkqj1k04q40000gn/T//cc6srKRy.s 			page 32


 1513 0c04 198F92BE 		.word	-1097691367
 1514 0c08 B4E491BE 		.word	-1097734988
 1515 0c0c B43A91BE 		.word	-1097778508
 1516 0c10 D69090BE 		.word	-1097821994
 1517 0c14 19E78FBE 		.word	-1097865447
 1518 0c18 C03D8FBE 		.word	-1097908800
 1519 0c1c 8A948EBE 		.word	-1097952118
 1520 0c20 74EB8DBE 		.word	-1097995404
 1521 0c24 C4428DBE 		.word	-1098038588
 1522 0c28 359A8CBE 		.word	-1098081739
 1523 0c2c C7F18BBE 		.word	-1098124857
 1524 0c30 BF498BBE 		.word	-1098167873
 1525 0c34 D7A18ABE 		.word	-1098210857
 1526 0c38 12FA89BE 		.word	-1098253806
 1527 0c3c 8F5289BE 		.word	-1098296689
 1528 0c40 50AB88BE 		.word	-1098339504
 1529 0c44 530488BE 		.word	-1098382253
 1530 0c48 795D87BE 		.word	-1098424967
 1531 0c4c BFB686BE 		.word	-1098467649
 1532 0c50 6B1086BE 		.word	-1098510229
 1533 0c54 386A85BE 		.word	-1098552776
 1534 0c58 26C484BE 		.word	-1098595290
 1535 0c5c 581E84BE 		.word	-1098637736
 1536 0c60 CD7883BE 		.word	-1098680115
 1537 0c64 63D382BE 		.word	-1098722461
 1538 0c68 3C2E82BE 		.word	-1098764740
 1539 0c6c 598981BE 		.word	-1098806951
 1540 0c70 97E480BE 		.word	-1098849129
 1541 0c74 184080BE 		.word	-1098891240
 1542 0c78 76377FBE 		.word	-1098958986
 1543 0c7c 41EF7DBE 		.word	-1099043007
 1544 0c80 50A77CBE 		.word	-1099126960
 1545 0c84 E55F7BBE 		.word	-1099210779
 1546 0c88 01197ABE 		.word	-1099294463
 1547 0c8c 5FD278BE 		.word	-1099378081
 1548 0c90 008C77BE 		.word	-1099461632
 1549 0c94 284676BE 		.word	-1099545048
 1550 0c98 D60075BE 		.word	-1099628330
 1551 0c9c C7BB73BE 		.word	-1099711545
 1552 0ca0 3E7772BE 		.word	-1099794626
 1553 0ca4 F83271BE 		.word	-1099877640
 1554 0ca8 39EF6FBE 		.word	-1099960519
 1555 0cac BDAB6EBE 		.word	-1100043331
 1556 0cb0 C7686DBE 		.word	-1100126009
 1557 0cb4 57266CBE 		.word	-1100208553
 1558 0cb8 2AE46ABE 		.word	-1100291030
 1559 0cbc 40A269BE 		.word	-1100373440
 1560 0cc0 DD6068BE 		.word	-1100455715
 1561 0cc4 BC1F67BE 		.word	-1100537924
 1562 0cc8 22DF65BE 		.word	-1100619998
 1563 0ccc 0E9F64BE 		.word	-1100701938
 1564 0cd0 3D5F63BE 		.word	-1100783811
 1565 0cd4 B01F62BE 		.word	-1100865616
 1566 0cd8 A8E060BE 		.word	-1100947288
 1567 0cdc E4A15FBE 		.word	-1101028892
 1568 0ce0 A6635EBE 		.word	-1101110362
 1569 0ce4 AB255DBE 		.word	-1101191765
ARM GAS  /var/folders/lp/x54gwt890xv47sdkqj1k04q40000gn/T//cc6srKRy.s 			page 33


 1570 0ce8 36E85BBE 		.word	-1101273034
 1571 0cec 04AB5ABE 		.word	-1101354236
 1572 0cf0 596E59BE 		.word	-1101435303
 1573 0cf4 F03158BE 		.word	-1101516304
 1574 0cf8 0EF656BE 		.word	-1101597170
 1575 0cfc 6FBA55BE 		.word	-1101677969
 1576 0d00 137F54BE 		.word	-1101758701
 1577 0d04 3D4453BE 		.word	-1101839299
 1578 0d08 EE0952BE 		.word	-1101919762
 1579 0d0c 9ECF50BE 		.word	-1102000226
 1580 0d10 18964FBE 		.word	-1102080488
 1581 0d14 925C4EBE 		.word	-1102160750
 1582 0d18 D5234DBE 		.word	-1102240811
 1583 0d1c 18EB4BBE 		.word	-1102320872
 1584 0d20 E1B24ABE 		.word	-1102400799
 1585 0d24 EE7A49BE 		.word	-1102480658
 1586 0d28 814348BE 		.word	-1102560383
 1587 0d2c 560C47BE 		.word	-1102640042
 1588 0d30 B2D545BE 		.word	-1102719566
 1589 0d34 519F44BE 		.word	-1102799023
 1590 0d38 346943BE 		.word	-1102878412
 1591 0d3c 9C3342BE 		.word	-1102957668
 1592 0d40 48FE40BE 		.word	-1103036856
 1593 0d44 79C93FBE 		.word	-1103115911
 1594 0d48 EE943EBE 		.word	-1103194898
 1595 0d4c A6603DBE 		.word	-1103273818
 1596 0d50 E42C3CBE 		.word	-1103352604
 1597 0d54 66F93ABE 		.word	-1103431322
 1598 0d58 6DC639BE 		.word	-1103509907
 1599 0d5c B89338BE 		.word	-1103588424
 1600 0d60 466137BE 		.word	-1103666874
 1601 0d64 162F36BE 		.word	-1103745258
 1602 0d68 6DFD34BE 		.word	-1103823507
 1603 0d6c 4BCC33BE 		.word	-1103901621
 1604 0d70 289B32BE 		.word	-1103979736
 1605 0d74 8C6A31BE 		.word	-1104057716
 1606 0d78 753A30BE 		.word	-1104135563
 1607 0d7c 5F0A2FBE 		.word	-1104213409
 1608 0d80 12DB2DBE 		.word	-1104291054
 1609 0d84 C5AB2CBE 		.word	-1104368699
 1610 0d88 FE7C2BBE 		.word	-1104446210
 1611 0d8c 7B4E2ABE 		.word	-1104523653
 1612 0d90 3A2029BE 		.word	-1104601030
 1613 0d94 80F227BE 		.word	-1104678272
 1614 0d98 09C526BE 		.word	-1104755447
 1615 0d9c D59725BE 		.word	-1104832555
 1616 0da0 276B24BE 		.word	-1104909529
 1617 0da4 BC3E23BE 		.word	-1104986436
 1618 0da8 941222BE 		.word	-1105063276
 1619 0dac F3E620BE 		.word	-1105139981
 1620 0db0 95BB1FBE 		.word	-1105216619
 1621 0db4 79901EBE 		.word	-1105293191
 1622 0db8 E4651DBE 		.word	-1105369628
 1623 0dbc 4F3B1CBE 		.word	-1105446065
 1624 0dc0 84111BBE 		.word	-1105522300
 1625 0dc4 B8E719BE 		.word	-1105598536
 1626 0dc8 73BE18BE 		.word	-1105674637
ARM GAS  /var/folders/lp/x54gwt890xv47sdkqj1k04q40000gn/T//cc6srKRy.s 			page 34


 1627 0dcc 709517BE 		.word	-1105750672
 1628 0dd0 B16C16BE 		.word	-1105826639
 1629 0dd4 354415BE 		.word	-1105902539
 1630 0dd8 3F1C14BE 		.word	-1105978305
 1631 0ddc 8CF412BE 		.word	-1106054004
 1632 0de0 60CD11BE 		.word	-1106129568
 1633 0de4 33A610BE 		.word	-1106205133
 1634 0de8 8D7F0FBE 		.word	-1106280563
 1635 0dec 29590EBE 		.word	-1106355927
 1636 0df0 4C330DBE 		.word	-1106431156
 1637 0df4 B20D0CBE 		.word	-1106506318
 1638 0df8 19E80ABE 		.word	-1106581479
 1639 0dfc 48C309BE 		.word	-1106656440
 1640 0e00 779E08BE 		.word	-1106731401
 1641 0e04 2D7A07BE 		.word	-1106806227
 1642 0e08 265606BE 		.word	-1106880986
 1643 0e0c 613205BE 		.word	-1106955679
 1644 0e10 E00E04BE 		.word	-1107030304
 1645 0e14 E6EB02BE 		.word	-1107104794
 1646 0e18 2EC901BE 		.word	-1107179218
 1647 0e1c B9A600BE 		.word	-1107253575
 1648 0e20 0F09FFBD 		.word	-1107359473
 1649 0e24 B9C5FCBD 		.word	-1107507783
 1650 0e28 6282FABD 		.word	-1107656094
 1651 0e2c 1840F8BD 		.word	-1107804136
 1652 0e30 DAFEF5BD 		.word	-1107951910
 1653 0e34 9DBDF3BD 		.word	-1108099683
 1654 0e38 6B7DF1BD 		.word	-1108247189
 1655 0e3c C03DEFBD 		.word	-1108394560
 1656 0e40 9BFEECBD 		.word	-1108541797
 1657 0e44 FDBFEABD 		.word	-1108688899
 1658 0e48 E481E8BD 		.word	-1108835868
 1659 0e4c D844E6BD 		.word	-1108982568
 1660 0e50 5308E4BD 		.word	-1109129133
 1661 0e54 53CCE1BD 		.word	-1109275565
 1662 0e58 DA90DFBD 		.word	-1109421862
 1663 0e5c E755DDBD 		.word	-1109568025
 1664 0e60 001CDBBD 		.word	-1109713920
 1665 0e64 A0E2D8BD 		.word	-1109859680
 1666 0e68 C5A9D6BD 		.word	-1110005307
 1667 0e6c 7171D4BD 		.word	-1110150799
 1668 0e70 A439D2BD 		.word	-1110296156
 1669 0e74 5C02D0BD 		.word	-1110441380
 1670 0e78 21CCCDBD 		.word	-1110586335
 1671 0e7c 6C96CBBD 		.word	-1110731156
 1672 0e80 3D61C9BD 		.word	-1110875843
 1673 0e84 952CC7BD 		.word	-1111020395
 1674 0e88 72F8C4BD 		.word	-1111164814
 1675 0e8c 5DC5C2BD 		.word	-1111308963
 1676 0e90 4792C0BD 		.word	-1111453113
 1677 0e94 3D60BEBD 		.word	-1111596995
 1678 0e98 BA2EBCBD 		.word	-1111740742
 1679 0e9c BDFDB9BD 		.word	-1111884355
 1680 0ea0 46CDB7BD 		.word	-1112027834
 1681 0ea4 569DB5BD 		.word	-1112171178
 1682 0ea8 726EB3BD 		.word	-1112314254
 1683 0eac 8E3FB1BD 		.word	-1112457330
ARM GAS  /var/folders/lp/x54gwt890xv47sdkqj1k04q40000gn/T//cc6srKRy.s 			page 35


 1684 0eb0 B611AFBD 		.word	-1112600138
 1685 0eb4 65E4ACBD 		.word	-1112742811
 1686 0eb8 99B7AABD 		.word	-1112885351
 1687 0ebc 548BA8BD 		.word	-1113027756
 1688 0ec0 965FA6BD 		.word	-1113170026
 1689 0ec4 E334A4BD 		.word	-1113312029
 1690 0ec8 310AA2BD 		.word	-1113454031
 1691 0ecc 8BE09FBD 		.word	-1113595765
 1692 0ed0 E5B69DBD 		.word	-1113737499
 1693 0ed4 4C8E9BBD 		.word	-1113878964
 1694 0ed8 386699BD 		.word	-1114020296
 1695 0edc AB3E97BD 		.word	-1114161493
 1696 0ee0 A41795BD 		.word	-1114302556
 1697 0ee4 24F192BD 		.word	-1114443484
 1698 0ee8 B0CB90BD 		.word	-1114584144
 1699 0eec 3BA68EBD 		.word	-1114724805
 1700 0ef0 D4818CBD 		.word	-1114865196
 1701 0ef4 6C5D8ABD 		.word	-1115005588
 1702 0ef8 113A88BD 		.word	-1115145711
 1703 0efc 3C1786BD 		.word	-1115285700
 1704 0f00 EDF483BD 		.word	-1115425555
 1705 0f04 24D381BD 		.word	-1115565276
 1706 0f08 C3637FBD 		.word	-1115724861
 1707 0f0c 4B227BBD 		.word	-1116003765
 1708 0f10 DFE176BD 		.word	-1116282401
 1709 0f14 8CA372BD 		.word	-1116560500
 1710 0f18 38656EBD 		.word	-1116838600
 1711 0f1c F2276ABD 		.word	-1117116430
 1712 0f20 C4EC65BD 		.word	-1117393724
 1713 0f24 A2B261BD 		.word	-1117670750
 1714 0f28 81785DBD 		.word	-1117947775
 1715 0f2c 794059BD 		.word	-1118224263
 1716 0f30 7D0955BD 		.word	-1118500483
 1717 0f34 80D250BD 		.word	-1118776704
 1718 0f38 9D9D4CBD 		.word	-1119052387
 1719 0f3c C66948BD 		.word	-1119327802
 1720 0f40 FC3644BD 		.word	-1119602948
 1721 0f44 3E0540BD 		.word	-1119877826
 1722 0f48 8DD43BBD 		.word	-1120152435
 1723 0f4c F4A537BD 		.word	-1120426508
 1724 0f50 5C7733BD 		.word	-1120700580
 1725 0f54 CF492FBD 		.word	-1120974385
 1726 0f58 501D2BBD 		.word	-1121247920
 1727 0f5c E9F226BD 		.word	-1121520919
 1728 0f60 82C822BD 		.word	-1121793918
 1729 0f64 279F1EBD 		.word	-1122066649
 1730 0f68 E6771ABD 		.word	-1122338842
 1731 0f6c A45016BD 		.word	-1122611036
 1732 0f70 6F2A12BD 		.word	-1122882961
 1733 0f74 53060EBD 		.word	-1123154349
 1734 0f78 37E209BD 		.word	-1123425737
 1735 0f7c 33C005BD 		.word	-1123696589
 1736 0f80 309E01BD 		.word	-1123967440
 1737 0f84 8BFCFABC 		.word	-1124402037
 1738 0f88 CFBEF2BC 		.word	-1124942129
 1739 0f8c 1381EABC 		.word	-1125482221
 1740 0f90 8847E2BC 		.word	-1126021240
ARM GAS  /var/folders/lp/x54gwt890xv47sdkqj1k04q40000gn/T//cc6srKRy.s 			page 36


 1741 0f94 FE0DDABC 		.word	-1126560258
 1742 0f98 A5D8D1BC 		.word	-1127098203
 1743 0f9c 65A5C9BC 		.word	-1127635611
 1744 0fa0 2672C1BC 		.word	-1128173018
 1745 0fa4 1843B9BC 		.word	-1128709352
 1746 0fa8 0A14B1BC 		.word	-1129245686
 1747 0fac 2DE9A8BC 		.word	-1129780947
 1748 0fb0 6AC0A0BC 		.word	-1130315670
 1749 0fb4 A69798BC 		.word	-1130850394
 1750 0fb8 157390BC 		.word	-1131384043
 1751 0fbc 834E88BC 		.word	-1131917693
 1752 0fc0 232E80BC 		.word	-1132450269
 1753 0fc4 861B70BC 		.word	-1133503610
 1754 0fc8 2AE35FBC 		.word	-1134566614
 1755 0fcc CEAA4FBC 		.word	-1135629618
 1756 0fd0 D57A3FBC 		.word	-1136690475
 1757 0fd4 DC4A2FBC 		.word	-1137751332
 1758 0fd8 46231FBC 		.word	-1138810042
 1759 0fdc B1FB0EBC 		.word	-1139868751
 1760 0fe0 9AB0FDBB 		.word	-1141002086
 1761 0fe4 9A7ADDBB 		.word	-1143113062
 1762 0fe8 9A44BDBB 		.word	-1145224038
 1763 0fec FD169DBB 		.word	-1147332867
 1764 0ff0 4DF479BB 		.word	-1149635507
 1765 0ff4 A1BA39BB 		.word	-1153844575
 1766 0ff8 7923F3BA 		.word	-1158470791
 1767 0ffc 79E665BA 		.word	-1167726983
 1768 1000 00000000 		.word	0
 1769              		.text
 1770              	.Letext0:
 1771              		.file 2 "/Users/jr/Library/Application Support/Code/User/globalStorage/bmd.stm32-for-vscode/@xpack
 1772              		.file 3 "/Users/jr/Library/Application Support/Code/User/globalStorage/bmd.stm32-for-vscode/@xpack
 1773              		.file 4 "Core/Inc/ADSR_envelope.h"
 1774              		.file 5 "Core/Inc/lut_log.h"
 1775              		.file 6 "Core/Inc/helper_functions.h"
ARM GAS  /var/folders/lp/x54gwt890xv47sdkqj1k04q40000gn/T//cc6srKRy.s 			page 37


DEFINED SYMBOLS
                            *ABS*:00000000 ADSR_envelope.c
/var/folders/lp/x54gwt890xv47sdkqj1k04q40000gn/T//cc6srKRy.s:21     .text.ADSR_keyOn:00000000 $t
/var/folders/lp/x54gwt890xv47sdkqj1k04q40000gn/T//cc6srKRy.s:27     .text.ADSR_keyOn:00000000 ADSR_keyOn
/var/folders/lp/x54gwt890xv47sdkqj1k04q40000gn/T//cc6srKRy.s:52     .text.ADSR_keyOn:00000010 $d
/var/folders/lp/x54gwt890xv47sdkqj1k04q40000gn/T//cc6srKRy.s:57     .text.ADSR_keyOff:00000000 $t
/var/folders/lp/x54gwt890xv47sdkqj1k04q40000gn/T//cc6srKRy.s:63     .text.ADSR_keyOff:00000000 ADSR_keyOff
/var/folders/lp/x54gwt890xv47sdkqj1k04q40000gn/T//cc6srKRy.s:85     .text.ADSR_setSustainLevel:00000000 $t
/var/folders/lp/x54gwt890xv47sdkqj1k04q40000gn/T//cc6srKRy.s:91     .text.ADSR_setSustainLevel:00000000 ADSR_setSustainLevel
/var/folders/lp/x54gwt890xv47sdkqj1k04q40000gn/T//cc6srKRy.s:108    .text.ADSR_calculateMultiplier:00000000 $t
/var/folders/lp/x54gwt890xv47sdkqj1k04q40000gn/T//cc6srKRy.s:114    .text.ADSR_calculateMultiplier:00000000 ADSR_calculateMultiplier
/var/folders/lp/x54gwt890xv47sdkqj1k04q40000gn/T//cc6srKRy.s:176    .text.ADSR_calculateMultiplier:00000054 $d
/var/folders/lp/x54gwt890xv47sdkqj1k04q40000gn/T//cc6srKRy.s:743    .rodata.log_lut:00000000 log_lut
/var/folders/lp/x54gwt890xv47sdkqj1k04q40000gn/T//cc6srKRy.s:183    .text.ADSR_init:00000000 $t
/var/folders/lp/x54gwt890xv47sdkqj1k04q40000gn/T//cc6srKRy.s:189    .text.ADSR_init:00000000 ADSR_init
/var/folders/lp/x54gwt890xv47sdkqj1k04q40000gn/T//cc6srKRy.s:271    .text.ADSR_init:0000006c $d
/var/folders/lp/x54gwt890xv47sdkqj1k04q40000gn/T//cc6srKRy.s:280    .text.ADSR_setAttackTime:00000000 $t
/var/folders/lp/x54gwt890xv47sdkqj1k04q40000gn/T//cc6srKRy.s:286    .text.ADSR_setAttackTime:00000000 ADSR_setAttackTime
/var/folders/lp/x54gwt890xv47sdkqj1k04q40000gn/T//cc6srKRy.s:317    .text.ADSR_setAttackTime:0000001c $d
/var/folders/lp/x54gwt890xv47sdkqj1k04q40000gn/T//cc6srKRy.s:322    .text.ADSR_setDecayTime:00000000 $t
/var/folders/lp/x54gwt890xv47sdkqj1k04q40000gn/T//cc6srKRy.s:328    .text.ADSR_setDecayTime:00000000 ADSR_setDecayTime
/var/folders/lp/x54gwt890xv47sdkqj1k04q40000gn/T//cc6srKRy.s:359    .text.ADSR_setReleaseTime:00000000 $t
/var/folders/lp/x54gwt890xv47sdkqj1k04q40000gn/T//cc6srKRy.s:365    .text.ADSR_setReleaseTime:00000000 ADSR_setReleaseTime
/var/folders/lp/x54gwt890xv47sdkqj1k04q40000gn/T//cc6srKRy.s:396    .text.ADSR_setReleaseTime:0000001c $d
/var/folders/lp/x54gwt890xv47sdkqj1k04q40000gn/T//cc6srKRy.s:401    .text.ADSR_setAllTimes:00000000 $t
/var/folders/lp/x54gwt890xv47sdkqj1k04q40000gn/T//cc6srKRy.s:407    .text.ADSR_setAllTimes:00000000 ADSR_setAllTimes
/var/folders/lp/x54gwt890xv47sdkqj1k04q40000gn/T//cc6srKRy.s:462    .text.ADSR_setTarget:00000000 $t
/var/folders/lp/x54gwt890xv47sdkqj1k04q40000gn/T//cc6srKRy.s:468    .text.ADSR_setTarget:00000000 ADSR_setTarget
/var/folders/lp/x54gwt890xv47sdkqj1k04q40000gn/T//cc6srKRy.s:531    .text.ADSR_setValue:00000000 $t
/var/folders/lp/x54gwt890xv47sdkqj1k04q40000gn/T//cc6srKRy.s:537    .text.ADSR_setValue:00000000 ADSR_setValue
/var/folders/lp/x54gwt890xv47sdkqj1k04q40000gn/T//cc6srKRy.s:568    .text.ADSR_getState:00000000 $t
/var/folders/lp/x54gwt890xv47sdkqj1k04q40000gn/T//cc6srKRy.s:574    .text.ADSR_getState:00000000 ADSR_getState
/var/folders/lp/x54gwt890xv47sdkqj1k04q40000gn/T//cc6srKRy.s:594    .text.ADSR_compute:00000000 $t
/var/folders/lp/x54gwt890xv47sdkqj1k04q40000gn/T//cc6srKRy.s:600    .text.ADSR_compute:00000000 ADSR_compute
/var/folders/lp/x54gwt890xv47sdkqj1k04q40000gn/T//cc6srKRy.s:714    .text.ADSR_compute:00000098 $d
/var/folders/lp/x54gwt890xv47sdkqj1k04q40000gn/T//cc6srKRy.s:724    .ccmram:00000000 adsr_index
/var/folders/lp/x54gwt890xv47sdkqj1k04q40000gn/T//cc6srKRy.s:721    .ccmram:00000000 $d
/var/folders/lp/x54gwt890xv47sdkqj1k04q40000gn/T//cc6srKRy.s:730    .ccmram:00000028 adsr_filt
/var/folders/lp/x54gwt890xv47sdkqj1k04q40000gn/T//cc6srKRy.s:736    .ccmram:00000050 adsr_amp
/var/folders/lp/x54gwt890xv47sdkqj1k04q40000gn/T//cc6srKRy.s:740    .rodata.log_lut:00000000 $d

UNDEFINED SYMBOLS
interp_lin_lut
__aeabi_f2d
__aeabi_dcmple
