ARM GAS  /var/folders/lp/x54gwt890xv47sdkqj1k04q40000gn/T//ccOhVDCp.s 			page 1


   1              		.cpu cortex-m4
   2              		.arch armv7e-m
   3              		.fpu fpv4-sp-d16
   4              		.eabi_attribute 27, 1
   5              		.eabi_attribute 28, 1
   6              		.eabi_attribute 20, 1
   7              		.eabi_attribute 21, 1
   8              		.eabi_attribute 23, 3
   9              		.eabi_attribute 24, 1
  10              		.eabi_attribute 25, 1
  11              		.eabi_attribute 26, 1
  12              		.eabi_attribute 30, 1
  13              		.eabi_attribute 34, 1
  14              		.eabi_attribute 18, 4
  15              		.file	"dma.c"
  16              		.text
  17              	.Ltext0:
  18              		.cfi_sections	.debug_frame
  19              		.file 1 "Core/Src/dma.c"
  20              		.section	.text.MX_DMA_Init,"ax",%progbits
  21              		.align	1
  22              		.global	MX_DMA_Init
  23              		.syntax unified
  24              		.thumb
  25              		.thumb_func
  27              	MX_DMA_Init:
  28              	.LFB242:
   1:Core/Src/dma.c **** /* USER CODE BEGIN Header */
   2:Core/Src/dma.c **** /**
   3:Core/Src/dma.c ****   ******************************************************************************
   4:Core/Src/dma.c ****   * @file    dma.c
   5:Core/Src/dma.c ****   * @brief   This file provides code for the configuration
   6:Core/Src/dma.c ****   *          of all the requested memory to memory DMA transfers.
   7:Core/Src/dma.c ****   ******************************************************************************
   8:Core/Src/dma.c ****   * @attention
   9:Core/Src/dma.c ****   *
  10:Core/Src/dma.c ****   * Copyright (c) 2023 STMicroelectronics.
  11:Core/Src/dma.c ****   * All rights reserved.
  12:Core/Src/dma.c ****   *
  13:Core/Src/dma.c ****   * This software is licensed under terms that can be found in the LICENSE file
  14:Core/Src/dma.c ****   * in the root directory of this software component.
  15:Core/Src/dma.c ****   * If no LICENSE file comes with this software, it is provided AS-IS.
  16:Core/Src/dma.c ****   *
  17:Core/Src/dma.c ****   ******************************************************************************
  18:Core/Src/dma.c ****   */
  19:Core/Src/dma.c **** /* USER CODE END Header */
  20:Core/Src/dma.c **** 
  21:Core/Src/dma.c **** /* Includes ------------------------------------------------------------------*/
  22:Core/Src/dma.c **** #include "dma.h"
  23:Core/Src/dma.c **** 
  24:Core/Src/dma.c **** /* USER CODE BEGIN 0 */
  25:Core/Src/dma.c **** 
  26:Core/Src/dma.c **** /* USER CODE END 0 */
  27:Core/Src/dma.c **** 
  28:Core/Src/dma.c **** /*----------------------------------------------------------------------------*/
  29:Core/Src/dma.c **** /* Configure DMA                                                              */
  30:Core/Src/dma.c **** /*----------------------------------------------------------------------------*/
ARM GAS  /var/folders/lp/x54gwt890xv47sdkqj1k04q40000gn/T//ccOhVDCp.s 			page 2


  31:Core/Src/dma.c **** 
  32:Core/Src/dma.c **** /* USER CODE BEGIN 1 */
  33:Core/Src/dma.c **** 
  34:Core/Src/dma.c **** /* USER CODE END 1 */
  35:Core/Src/dma.c **** 
  36:Core/Src/dma.c **** /**
  37:Core/Src/dma.c ****   * Enable DMA controller clock
  38:Core/Src/dma.c ****   */
  39:Core/Src/dma.c **** void MX_DMA_Init(void)
  40:Core/Src/dma.c **** {
  29              		.loc 1 40 1 view -0
  30              		.cfi_startproc
  31              		@ args = 0, pretend = 0, frame = 8
  32              		@ frame_needed = 0, uses_anonymous_args = 0
  33 0000 00B5     		push	{lr}
  34              		.cfi_def_cfa_offset 4
  35              		.cfi_offset 14, -4
  36 0002 83B0     		sub	sp, sp, #12
  37              		.cfi_def_cfa_offset 16
  41:Core/Src/dma.c **** 
  42:Core/Src/dma.c ****   /* DMA controller clock enable */
  43:Core/Src/dma.c ****   __HAL_RCC_DMA2_CLK_ENABLE();
  38              		.loc 1 43 3 view .LVU1
  39              	.LBB2:
  40              		.loc 1 43 3 view .LVU2
  41 0004 0021     		movs	r1, #0
  42 0006 0191     		str	r1, [sp, #4]
  43              		.loc 1 43 3 view .LVU3
  44 0008 094B     		ldr	r3, .L3
  45 000a 1A6B     		ldr	r2, [r3, #48]
  46 000c 42F48002 		orr	r2, r2, #4194304
  47 0010 1A63     		str	r2, [r3, #48]
  48              		.loc 1 43 3 view .LVU4
  49 0012 1B6B     		ldr	r3, [r3, #48]
  50 0014 03F48003 		and	r3, r3, #4194304
  51 0018 0193     		str	r3, [sp, #4]
  52              		.loc 1 43 3 view .LVU5
  53 001a 019B     		ldr	r3, [sp, #4]
  54              	.LBE2:
  55              		.loc 1 43 3 view .LVU6
  44:Core/Src/dma.c **** 
  45:Core/Src/dma.c ****   /* DMA interrupt init */
  46:Core/Src/dma.c ****   /* DMA2_Stream3_IRQn interrupt configuration */
  47:Core/Src/dma.c ****   HAL_NVIC_SetPriority(DMA2_Stream3_IRQn, 0, 0);
  56              		.loc 1 47 3 view .LVU7
  57 001c 0A46     		mov	r2, r1
  58 001e 3B20     		movs	r0, #59
  59 0020 FFF7FEFF 		bl	HAL_NVIC_SetPriority
  60              	.LVL0:
  48:Core/Src/dma.c ****   HAL_NVIC_EnableIRQ(DMA2_Stream3_IRQn);
  61              		.loc 1 48 3 view .LVU8
  62 0024 3B20     		movs	r0, #59
  63 0026 FFF7FEFF 		bl	HAL_NVIC_EnableIRQ
  64              	.LVL1:
  49:Core/Src/dma.c **** 
  50:Core/Src/dma.c **** }
  65              		.loc 1 50 1 is_stmt 0 view .LVU9
ARM GAS  /var/folders/lp/x54gwt890xv47sdkqj1k04q40000gn/T//ccOhVDCp.s 			page 3


  66 002a 03B0     		add	sp, sp, #12
  67              		.cfi_def_cfa_offset 4
  68              		@ sp needed
  69 002c 5DF804FB 		ldr	pc, [sp], #4
  70              	.L4:
  71              		.align	2
  72              	.L3:
  73 0030 00380240 		.word	1073887232
  74              		.cfi_endproc
  75              	.LFE242:
  77              		.text
  78              	.Letext0:
  79              		.file 2 "Drivers/CMSIS/Device/ST/STM32F4xx/Include/stm32f407xx.h"
  80              		.file 3 "/Users/jr/Library/Application Support/Code/User/globalStorage/bmd.stm32-for-vscode/@xpack
  81              		.file 4 "/Users/jr/Library/Application Support/Code/User/globalStorage/bmd.stm32-for-vscode/@xpack
  82              		.file 5 "Drivers/STM32F4xx_HAL_Driver/Inc/stm32f4xx_hal_cortex.h"
ARM GAS  /var/folders/lp/x54gwt890xv47sdkqj1k04q40000gn/T//ccOhVDCp.s 			page 4


DEFINED SYMBOLS
                            *ABS*:00000000 dma.c
/var/folders/lp/x54gwt890xv47sdkqj1k04q40000gn/T//ccOhVDCp.s:21     .text.MX_DMA_Init:00000000 $t
/var/folders/lp/x54gwt890xv47sdkqj1k04q40000gn/T//ccOhVDCp.s:27     .text.MX_DMA_Init:00000000 MX_DMA_Init
/var/folders/lp/x54gwt890xv47sdkqj1k04q40000gn/T//ccOhVDCp.s:73     .text.MX_DMA_Init:00000030 $d

UNDEFINED SYMBOLS
HAL_NVIC_SetPriority
HAL_NVIC_EnableIRQ
