ARM GAS  /var/folders/lp/x54gwt890xv47sdkqj1k04q40000gn/T//ccGDp4S1.s 			page 1


   1              		.cpu cortex-m4
   2              		.arch armv7e-m
   3              		.fpu fpv4-sp-d16
   4              		.eabi_attribute 27, 1
   5              		.eabi_attribute 28, 1
   6              		.eabi_attribute 20, 1
   7              		.eabi_attribute 21, 1
   8              		.eabi_attribute 23, 3
   9              		.eabi_attribute 24, 1
  10              		.eabi_attribute 25, 1
  11              		.eabi_attribute 26, 1
  12              		.eabi_attribute 30, 1
  13              		.eabi_attribute 34, 1
  14              		.eabi_attribute 18, 4
  15              		.file	"lis302dl.c"
  16              		.text
  17              	.Ltext0:
  18              		.cfi_sections	.debug_frame
  19              		.file 1 "Drivers/BSP/Components/lis302dl/lis302dl.c"
  20              		.section	.text.LIS302DL_DeInit,"ax",%progbits
  21              		.align	1
  22              		.global	LIS302DL_DeInit
  23              		.syntax unified
  24              		.thumb
  25              		.thumb_func
  27              	LIS302DL_DeInit:
  28              	.LFB1:
   1:Drivers/BSP/Components/lis302dl/lis302dl.c **** /**
   2:Drivers/BSP/Components/lis302dl/lis302dl.c ****   ******************************************************************************
   3:Drivers/BSP/Components/lis302dl/lis302dl.c ****   * @file    lis302dl.c
   4:Drivers/BSP/Components/lis302dl/lis302dl.c ****   * @author  MCD Application Team
   5:Drivers/BSP/Components/lis302dl/lis302dl.c ****   * @version V2.0.0
   6:Drivers/BSP/Components/lis302dl/lis302dl.c ****   * @date    03-August-2015
   7:Drivers/BSP/Components/lis302dl/lis302dl.c ****   * @brief   This file provides a set of functions needed to manage the LIS302DL
   8:Drivers/BSP/Components/lis302dl/lis302dl.c ****   *          MEMS accelerometer.
   9:Drivers/BSP/Components/lis302dl/lis302dl.c ****   ******************************************************************************
  10:Drivers/BSP/Components/lis302dl/lis302dl.c ****   * @attention
  11:Drivers/BSP/Components/lis302dl/lis302dl.c ****   *
  12:Drivers/BSP/Components/lis302dl/lis302dl.c ****   * <h2><center>&copy; COPYRIGHT(c) 2015 STMicroelectronics</center></h2>
  13:Drivers/BSP/Components/lis302dl/lis302dl.c ****   *
  14:Drivers/BSP/Components/lis302dl/lis302dl.c ****   * Redistribution and use in source and binary forms, with or without modification,
  15:Drivers/BSP/Components/lis302dl/lis302dl.c ****   * are permitted provided that the following conditions are met:
  16:Drivers/BSP/Components/lis302dl/lis302dl.c ****   *   1. Redistributions of source code must retain the above copyright notice,
  17:Drivers/BSP/Components/lis302dl/lis302dl.c ****   *      this list of conditions and the following disclaimer.
  18:Drivers/BSP/Components/lis302dl/lis302dl.c ****   *   2. Redistributions in binary form must reproduce the above copyright notice,
  19:Drivers/BSP/Components/lis302dl/lis302dl.c ****   *      this list of conditions and the following disclaimer in the documentation
  20:Drivers/BSP/Components/lis302dl/lis302dl.c ****   *      and/or other materials provided with the distribution.
  21:Drivers/BSP/Components/lis302dl/lis302dl.c ****   *   3. Neither the name of STMicroelectronics nor the names of its contributors
  22:Drivers/BSP/Components/lis302dl/lis302dl.c ****   *      may be used to endorse or promote products derived from this software
  23:Drivers/BSP/Components/lis302dl/lis302dl.c ****   *      without specific prior written permission.
  24:Drivers/BSP/Components/lis302dl/lis302dl.c ****   *
  25:Drivers/BSP/Components/lis302dl/lis302dl.c ****   * THIS SOFTWARE IS PROVIDED BY THE COPYRIGHT HOLDERS AND CONTRIBUTORS "AS IS"
  26:Drivers/BSP/Components/lis302dl/lis302dl.c ****   * AND ANY EXPRESS OR IMPLIED WARRANTIES, INCLUDING, BUT NOT LIMITED TO, THE
  27:Drivers/BSP/Components/lis302dl/lis302dl.c ****   * IMPLIED WARRANTIES OF MERCHANTABILITY AND FITNESS FOR A PARTICULAR PURPOSE ARE
  28:Drivers/BSP/Components/lis302dl/lis302dl.c ****   * DISCLAIMED. IN NO EVENT SHALL THE COPYRIGHT HOLDER OR CONTRIBUTORS BE LIABLE
  29:Drivers/BSP/Components/lis302dl/lis302dl.c ****   * FOR ANY DIRECT, INDIRECT, INCIDENTAL, SPECIAL, EXEMPLARY, OR CONSEQUENTIAL
  30:Drivers/BSP/Components/lis302dl/lis302dl.c ****   * DAMAGES (INCLUDING, BUT NOT LIMITED TO, PROCUREMENT OF SUBSTITUTE GOODS OR
ARM GAS  /var/folders/lp/x54gwt890xv47sdkqj1k04q40000gn/T//ccGDp4S1.s 			page 2


  31:Drivers/BSP/Components/lis302dl/lis302dl.c ****   * SERVICES; LOSS OF USE, DATA, OR PROFITS; OR BUSINESS INTERRUPTION) HOWEVER
  32:Drivers/BSP/Components/lis302dl/lis302dl.c ****   * CAUSED AND ON ANY THEORY OF LIABILITY, WHETHER IN CONTRACT, STRICT LIABILITY,
  33:Drivers/BSP/Components/lis302dl/lis302dl.c ****   * OR TORT (INCLUDING NEGLIGENCE OR OTHERWISE) ARISING IN ANY WAY OUT OF THE USE
  34:Drivers/BSP/Components/lis302dl/lis302dl.c ****   * OF THIS SOFTWARE, EVEN IF ADVISED OF THE POSSIBILITY OF SUCH DAMAGE.
  35:Drivers/BSP/Components/lis302dl/lis302dl.c ****   *
  36:Drivers/BSP/Components/lis302dl/lis302dl.c ****   ******************************************************************************
  37:Drivers/BSP/Components/lis302dl/lis302dl.c ****   */ 
  38:Drivers/BSP/Components/lis302dl/lis302dl.c **** 
  39:Drivers/BSP/Components/lis302dl/lis302dl.c **** /* Includes ------------------------------------------------------------------*/
  40:Drivers/BSP/Components/lis302dl/lis302dl.c **** #include "lis302dl.h"
  41:Drivers/BSP/Components/lis302dl/lis302dl.c **** 
  42:Drivers/BSP/Components/lis302dl/lis302dl.c **** /** @addtogroup BSP
  43:Drivers/BSP/Components/lis302dl/lis302dl.c ****   * @{
  44:Drivers/BSP/Components/lis302dl/lis302dl.c ****   */ 
  45:Drivers/BSP/Components/lis302dl/lis302dl.c **** 
  46:Drivers/BSP/Components/lis302dl/lis302dl.c **** /** @addtogroup Components
  47:Drivers/BSP/Components/lis302dl/lis302dl.c ****   * @{
  48:Drivers/BSP/Components/lis302dl/lis302dl.c ****   */ 
  49:Drivers/BSP/Components/lis302dl/lis302dl.c **** 
  50:Drivers/BSP/Components/lis302dl/lis302dl.c **** /** @addtogroup LIS302DL
  51:Drivers/BSP/Components/lis302dl/lis302dl.c ****   * @brief  This file includes the motion sensor driver for LIS302DL motion sensor 
  52:Drivers/BSP/Components/lis302dl/lis302dl.c ****   *         devices.
  53:Drivers/BSP/Components/lis302dl/lis302dl.c ****   * @{
  54:Drivers/BSP/Components/lis302dl/lis302dl.c ****   */
  55:Drivers/BSP/Components/lis302dl/lis302dl.c **** 
  56:Drivers/BSP/Components/lis302dl/lis302dl.c **** 
  57:Drivers/BSP/Components/lis302dl/lis302dl.c **** /** @defgroup LIS302DL_Private_TypesDefinitions
  58:Drivers/BSP/Components/lis302dl/lis302dl.c ****   * @{
  59:Drivers/BSP/Components/lis302dl/lis302dl.c ****   */
  60:Drivers/BSP/Components/lis302dl/lis302dl.c **** 
  61:Drivers/BSP/Components/lis302dl/lis302dl.c **** /**
  62:Drivers/BSP/Components/lis302dl/lis302dl.c ****   * @}
  63:Drivers/BSP/Components/lis302dl/lis302dl.c ****   */
  64:Drivers/BSP/Components/lis302dl/lis302dl.c **** 
  65:Drivers/BSP/Components/lis302dl/lis302dl.c **** /** @defgroup LIS302DL_Private_Defines
  66:Drivers/BSP/Components/lis302dl/lis302dl.c ****   * @{
  67:Drivers/BSP/Components/lis302dl/lis302dl.c ****   */
  68:Drivers/BSP/Components/lis302dl/lis302dl.c **** 
  69:Drivers/BSP/Components/lis302dl/lis302dl.c **** /**
  70:Drivers/BSP/Components/lis302dl/lis302dl.c ****   * @}
  71:Drivers/BSP/Components/lis302dl/lis302dl.c ****   */
  72:Drivers/BSP/Components/lis302dl/lis302dl.c **** 
  73:Drivers/BSP/Components/lis302dl/lis302dl.c **** /** @defgroup LIS302DL_Private_Macros
  74:Drivers/BSP/Components/lis302dl/lis302dl.c ****   * @{
  75:Drivers/BSP/Components/lis302dl/lis302dl.c ****   */
  76:Drivers/BSP/Components/lis302dl/lis302dl.c **** 
  77:Drivers/BSP/Components/lis302dl/lis302dl.c **** /**
  78:Drivers/BSP/Components/lis302dl/lis302dl.c ****   * @}
  79:Drivers/BSP/Components/lis302dl/lis302dl.c ****   */ 
  80:Drivers/BSP/Components/lis302dl/lis302dl.c ****   
  81:Drivers/BSP/Components/lis302dl/lis302dl.c **** /** @defgroup LIS302DL_Private_Variables
  82:Drivers/BSP/Components/lis302dl/lis302dl.c ****   * @{
  83:Drivers/BSP/Components/lis302dl/lis302dl.c ****   */
  84:Drivers/BSP/Components/lis302dl/lis302dl.c **** 
  85:Drivers/BSP/Components/lis302dl/lis302dl.c **** ACCELERO_DrvTypeDef Lis302dlDrv =
  86:Drivers/BSP/Components/lis302dl/lis302dl.c **** {
  87:Drivers/BSP/Components/lis302dl/lis302dl.c ****   LIS302DL_Init,
ARM GAS  /var/folders/lp/x54gwt890xv47sdkqj1k04q40000gn/T//ccGDp4S1.s 			page 3


  88:Drivers/BSP/Components/lis302dl/lis302dl.c ****   LIS302DL_DeInit,
  89:Drivers/BSP/Components/lis302dl/lis302dl.c ****   LIS302DL_ReadID,
  90:Drivers/BSP/Components/lis302dl/lis302dl.c ****   LIS302DL_RebootCmd,
  91:Drivers/BSP/Components/lis302dl/lis302dl.c ****   LIS302DL_Click_IntConfig,
  92:Drivers/BSP/Components/lis302dl/lis302dl.c ****   0,
  93:Drivers/BSP/Components/lis302dl/lis302dl.c ****   0,
  94:Drivers/BSP/Components/lis302dl/lis302dl.c ****   0,
  95:Drivers/BSP/Components/lis302dl/lis302dl.c ****   0,
  96:Drivers/BSP/Components/lis302dl/lis302dl.c ****   LIS302DL_Click_IntClear,
  97:Drivers/BSP/Components/lis302dl/lis302dl.c ****   LIS302DL_FilterConfig,
  98:Drivers/BSP/Components/lis302dl/lis302dl.c ****   0,
  99:Drivers/BSP/Components/lis302dl/lis302dl.c ****   LIS302DL_ReadACC,
 100:Drivers/BSP/Components/lis302dl/lis302dl.c **** };
 101:Drivers/BSP/Components/lis302dl/lis302dl.c **** 
 102:Drivers/BSP/Components/lis302dl/lis302dl.c **** /**
 103:Drivers/BSP/Components/lis302dl/lis302dl.c ****   * @}
 104:Drivers/BSP/Components/lis302dl/lis302dl.c ****   */
 105:Drivers/BSP/Components/lis302dl/lis302dl.c **** 
 106:Drivers/BSP/Components/lis302dl/lis302dl.c **** /** @defgroup LIS302DL_Private_FunctionPrototypes
 107:Drivers/BSP/Components/lis302dl/lis302dl.c ****   * @{
 108:Drivers/BSP/Components/lis302dl/lis302dl.c ****   */
 109:Drivers/BSP/Components/lis302dl/lis302dl.c **** 
 110:Drivers/BSP/Components/lis302dl/lis302dl.c **** /**
 111:Drivers/BSP/Components/lis302dl/lis302dl.c ****   * @}
 112:Drivers/BSP/Components/lis302dl/lis302dl.c ****   */
 113:Drivers/BSP/Components/lis302dl/lis302dl.c **** 
 114:Drivers/BSP/Components/lis302dl/lis302dl.c **** /** @defgroup LIS302DL_Private_Functions
 115:Drivers/BSP/Components/lis302dl/lis302dl.c ****   * @{
 116:Drivers/BSP/Components/lis302dl/lis302dl.c ****   */
 117:Drivers/BSP/Components/lis302dl/lis302dl.c **** 
 118:Drivers/BSP/Components/lis302dl/lis302dl.c **** /**
 119:Drivers/BSP/Components/lis302dl/lis302dl.c ****   * @brief  Set LIS302DL Initialization.
 120:Drivers/BSP/Components/lis302dl/lis302dl.c ****   * @param  InitStruct: contains mask of different init parameters
 121:Drivers/BSP/Components/lis302dl/lis302dl.c ****   * @retval None
 122:Drivers/BSP/Components/lis302dl/lis302dl.c ****   */
 123:Drivers/BSP/Components/lis302dl/lis302dl.c **** void LIS302DL_Init(uint16_t InitStruct)
 124:Drivers/BSP/Components/lis302dl/lis302dl.c **** {
 125:Drivers/BSP/Components/lis302dl/lis302dl.c ****   uint8_t ctrl = 0x00;
 126:Drivers/BSP/Components/lis302dl/lis302dl.c ****   
 127:Drivers/BSP/Components/lis302dl/lis302dl.c ****   /* Configure the low level interface */
 128:Drivers/BSP/Components/lis302dl/lis302dl.c ****   ACCELERO_IO_Init();
 129:Drivers/BSP/Components/lis302dl/lis302dl.c **** 
 130:Drivers/BSP/Components/lis302dl/lis302dl.c ****   ctrl = (uint8_t) InitStruct;
 131:Drivers/BSP/Components/lis302dl/lis302dl.c **** 
 132:Drivers/BSP/Components/lis302dl/lis302dl.c ****   /* Write value to MEMS CTRL_REG1 register */
 133:Drivers/BSP/Components/lis302dl/lis302dl.c ****   ACCELERO_IO_Write(&ctrl, LIS302DL_CTRL_REG1_ADDR, 1);
 134:Drivers/BSP/Components/lis302dl/lis302dl.c **** }
 135:Drivers/BSP/Components/lis302dl/lis302dl.c **** 
 136:Drivers/BSP/Components/lis302dl/lis302dl.c **** /**
 137:Drivers/BSP/Components/lis302dl/lis302dl.c ****   * @brief  LIS302DL De-Initialization.
 138:Drivers/BSP/Components/lis302dl/lis302dl.c ****   * @param  None
 139:Drivers/BSP/Components/lis302dl/lis302dl.c ****   * @retval None.
 140:Drivers/BSP/Components/lis302dl/lis302dl.c ****   */
 141:Drivers/BSP/Components/lis302dl/lis302dl.c **** void LIS302DL_DeInit(void)
 142:Drivers/BSP/Components/lis302dl/lis302dl.c **** {
  29              		.loc 1 142 1 view -0
  30              		.cfi_startproc
ARM GAS  /var/folders/lp/x54gwt890xv47sdkqj1k04q40000gn/T//ccGDp4S1.s 			page 4


  31              		@ args = 0, pretend = 0, frame = 0
  32              		@ frame_needed = 0, uses_anonymous_args = 0
  33              		@ link register save eliminated.
 143:Drivers/BSP/Components/lis302dl/lis302dl.c ****   
 144:Drivers/BSP/Components/lis302dl/lis302dl.c **** }
  34              		.loc 1 144 1 view .LVU1
  35 0000 7047     		bx	lr
  36              		.cfi_endproc
  37              	.LFE1:
  39              		.section	.text.LIS302DL_Init,"ax",%progbits
  40              		.align	1
  41              		.global	LIS302DL_Init
  42              		.syntax unified
  43              		.thumb
  44              		.thumb_func
  46              	LIS302DL_Init:
  47              	.LVL0:
  48              	.LFB0:
 124:Drivers/BSP/Components/lis302dl/lis302dl.c ****   uint8_t ctrl = 0x00;
  49              		.loc 1 124 1 view -0
  50              		.cfi_startproc
  51              		@ args = 0, pretend = 0, frame = 8
  52              		@ frame_needed = 0, uses_anonymous_args = 0
 124:Drivers/BSP/Components/lis302dl/lis302dl.c ****   uint8_t ctrl = 0x00;
  53              		.loc 1 124 1 is_stmt 0 view .LVU3
  54 0000 10B5     		push	{r4, lr}
  55              		.cfi_def_cfa_offset 8
  56              		.cfi_offset 4, -8
  57              		.cfi_offset 14, -4
  58 0002 82B0     		sub	sp, sp, #8
  59              		.cfi_def_cfa_offset 16
  60 0004 0446     		mov	r4, r0
 125:Drivers/BSP/Components/lis302dl/lis302dl.c ****   
  61              		.loc 1 125 3 is_stmt 1 view .LVU4
 125:Drivers/BSP/Components/lis302dl/lis302dl.c ****   
  62              		.loc 1 125 11 is_stmt 0 view .LVU5
  63 0006 0023     		movs	r3, #0
  64 0008 8DF80730 		strb	r3, [sp, #7]
 128:Drivers/BSP/Components/lis302dl/lis302dl.c **** 
  65              		.loc 1 128 3 is_stmt 1 view .LVU6
  66 000c FFF7FEFF 		bl	ACCELERO_IO_Init
  67              	.LVL1:
 130:Drivers/BSP/Components/lis302dl/lis302dl.c **** 
  68              		.loc 1 130 3 view .LVU7
 130:Drivers/BSP/Components/lis302dl/lis302dl.c **** 
  69              		.loc 1 130 8 is_stmt 0 view .LVU8
  70 0010 8DF80740 		strb	r4, [sp, #7]
 133:Drivers/BSP/Components/lis302dl/lis302dl.c **** }
  71              		.loc 1 133 3 is_stmt 1 view .LVU9
  72 0014 0122     		movs	r2, #1
  73 0016 2021     		movs	r1, #32
  74 0018 0DF10700 		add	r0, sp, #7
  75 001c FFF7FEFF 		bl	ACCELERO_IO_Write
  76              	.LVL2:
 134:Drivers/BSP/Components/lis302dl/lis302dl.c **** 
  77              		.loc 1 134 1 is_stmt 0 view .LVU10
  78 0020 02B0     		add	sp, sp, #8
ARM GAS  /var/folders/lp/x54gwt890xv47sdkqj1k04q40000gn/T//ccGDp4S1.s 			page 5


  79              		.cfi_def_cfa_offset 8
  80              		@ sp needed
  81 0022 10BD     		pop	{r4, pc}
 134:Drivers/BSP/Components/lis302dl/lis302dl.c **** 
  82              		.loc 1 134 1 view .LVU11
  83              		.cfi_endproc
  84              	.LFE0:
  86              		.section	.text.LIS302DL_ReadID,"ax",%progbits
  87              		.align	1
  88              		.global	LIS302DL_ReadID
  89              		.syntax unified
  90              		.thumb
  91              		.thumb_func
  93              	LIS302DL_ReadID:
  94              	.LFB2:
 145:Drivers/BSP/Components/lis302dl/lis302dl.c **** 
 146:Drivers/BSP/Components/lis302dl/lis302dl.c **** /**
 147:Drivers/BSP/Components/lis302dl/lis302dl.c ****   * @brief  Read LIS302DL device ID.
 148:Drivers/BSP/Components/lis302dl/lis302dl.c ****   * @param  None
 149:Drivers/BSP/Components/lis302dl/lis302dl.c ****   * @retval The Device ID (two bytes).
 150:Drivers/BSP/Components/lis302dl/lis302dl.c ****   */
 151:Drivers/BSP/Components/lis302dl/lis302dl.c **** uint8_t LIS302DL_ReadID(void)
 152:Drivers/BSP/Components/lis302dl/lis302dl.c **** {
  95              		.loc 1 152 1 is_stmt 1 view -0
  96              		.cfi_startproc
  97              		@ args = 0, pretend = 0, frame = 8
  98              		@ frame_needed = 0, uses_anonymous_args = 0
  99 0000 00B5     		push	{lr}
 100              		.cfi_def_cfa_offset 4
 101              		.cfi_offset 14, -4
 102 0002 83B0     		sub	sp, sp, #12
 103              		.cfi_def_cfa_offset 16
 153:Drivers/BSP/Components/lis302dl/lis302dl.c ****   uint8_t tmp = 0;
 104              		.loc 1 153 3 view .LVU13
 105              		.loc 1 153 11 is_stmt 0 view .LVU14
 106 0004 0023     		movs	r3, #0
 107 0006 8DF80730 		strb	r3, [sp, #7]
 154:Drivers/BSP/Components/lis302dl/lis302dl.c **** 
 155:Drivers/BSP/Components/lis302dl/lis302dl.c ****   /* Configure the low level interface */
 156:Drivers/BSP/Components/lis302dl/lis302dl.c ****   ACCELERO_IO_Init();
 108              		.loc 1 156 3 is_stmt 1 view .LVU15
 109 000a FFF7FEFF 		bl	ACCELERO_IO_Init
 110              	.LVL3:
 157:Drivers/BSP/Components/lis302dl/lis302dl.c **** 
 158:Drivers/BSP/Components/lis302dl/lis302dl.c ****   /* Read WHO_AM_I register */
 159:Drivers/BSP/Components/lis302dl/lis302dl.c ****   ACCELERO_IO_Read(&tmp, LIS302DL_WHO_AM_I_ADDR, 1);
 111              		.loc 1 159 3 view .LVU16
 112 000e 0122     		movs	r2, #1
 113 0010 0F21     		movs	r1, #15
 114 0012 0DF10700 		add	r0, sp, #7
 115 0016 FFF7FEFF 		bl	ACCELERO_IO_Read
 116              	.LVL4:
 160:Drivers/BSP/Components/lis302dl/lis302dl.c ****   
 161:Drivers/BSP/Components/lis302dl/lis302dl.c ****   /* Return the ID */
 162:Drivers/BSP/Components/lis302dl/lis302dl.c ****   return (uint16_t)tmp;
 117              		.loc 1 162 3 view .LVU17
 163:Drivers/BSP/Components/lis302dl/lis302dl.c **** }
ARM GAS  /var/folders/lp/x54gwt890xv47sdkqj1k04q40000gn/T//ccGDp4S1.s 			page 6


 118              		.loc 1 163 1 is_stmt 0 view .LVU18
 119 001a 9DF80700 		ldrb	r0, [sp, #7]	@ zero_extendqisi2
 120 001e 03B0     		add	sp, sp, #12
 121              		.cfi_def_cfa_offset 4
 122              		@ sp needed
 123 0020 5DF804FB 		ldr	pc, [sp], #4
 124              		.cfi_endproc
 125              	.LFE2:
 127              		.section	.text.LIS302DL_FilterConfig,"ax",%progbits
 128              		.align	1
 129              		.global	LIS302DL_FilterConfig
 130              		.syntax unified
 131              		.thumb
 132              		.thumb_func
 134              	LIS302DL_FilterConfig:
 135              	.LVL5:
 136              	.LFB3:
 164:Drivers/BSP/Components/lis302dl/lis302dl.c **** 
 165:Drivers/BSP/Components/lis302dl/lis302dl.c **** /**
 166:Drivers/BSP/Components/lis302dl/lis302dl.c ****   * @brief  Set LIS302DL Internal High Pass Filter configuration.
 167:Drivers/BSP/Components/lis302dl/lis302dl.c ****   * @param  FilterStruct: contains data for filter config
 168:Drivers/BSP/Components/lis302dl/lis302dl.c ****   * @retval None
 169:Drivers/BSP/Components/lis302dl/lis302dl.c ****   */
 170:Drivers/BSP/Components/lis302dl/lis302dl.c **** void LIS302DL_FilterConfig(uint8_t FilterStruct)
 171:Drivers/BSP/Components/lis302dl/lis302dl.c **** {
 137              		.loc 1 171 1 is_stmt 1 view -0
 138              		.cfi_startproc
 139              		@ args = 0, pretend = 0, frame = 8
 140              		@ frame_needed = 0, uses_anonymous_args = 0
 141              		.loc 1 171 1 is_stmt 0 view .LVU20
 142 0000 10B5     		push	{r4, lr}
 143              		.cfi_def_cfa_offset 8
 144              		.cfi_offset 4, -8
 145              		.cfi_offset 14, -4
 146 0002 82B0     		sub	sp, sp, #8
 147              		.cfi_def_cfa_offset 16
 148 0004 0446     		mov	r4, r0
 172:Drivers/BSP/Components/lis302dl/lis302dl.c ****   uint8_t ctrl = 0x00;
 149              		.loc 1 172 3 is_stmt 1 view .LVU21
 150              		.loc 1 172 11 is_stmt 0 view .LVU22
 151 0006 0023     		movs	r3, #0
 152 0008 8DF80730 		strb	r3, [sp, #7]
 173:Drivers/BSP/Components/lis302dl/lis302dl.c ****   
 174:Drivers/BSP/Components/lis302dl/lis302dl.c ****   /* Read CTRL_REG2 register */
 175:Drivers/BSP/Components/lis302dl/lis302dl.c ****   ACCELERO_IO_Read(&ctrl, LIS302DL_CTRL_REG2_ADDR, 1);
 153              		.loc 1 175 3 is_stmt 1 view .LVU23
 154 000c 0122     		movs	r2, #1
 155 000e 2121     		movs	r1, #33
 156 0010 0DF10700 		add	r0, sp, #7
 157              	.LVL6:
 158              		.loc 1 175 3 is_stmt 0 view .LVU24
 159 0014 FFF7FEFF 		bl	ACCELERO_IO_Read
 160              	.LVL7:
 176:Drivers/BSP/Components/lis302dl/lis302dl.c **** 
 177:Drivers/BSP/Components/lis302dl/lis302dl.c ****   /* Clear high pass filter cut-off level, interrupt and data selection bits */
 178:Drivers/BSP/Components/lis302dl/lis302dl.c ****   ctrl &= (uint8_t)~(LIS302DL_FILTEREDDATASELECTION_OUTPUTREGISTER | \
 161              		.loc 1 178 3 is_stmt 1 view .LVU25
ARM GAS  /var/folders/lp/x54gwt890xv47sdkqj1k04q40000gn/T//ccGDp4S1.s 			page 7


 162              		.loc 1 178 8 is_stmt 0 view .LVU26
 163 0018 9DF80730 		ldrb	r3, [sp, #7]	@ zero_extendqisi2
 164 001c 03F0D003 		and	r3, r3, #208
 165 0020 8DF80730 		strb	r3, [sp, #7]
 179:Drivers/BSP/Components/lis302dl/lis302dl.c ****                      LIS302DL_HIGHPASSFILTER_LEVEL_3 | \
 180:Drivers/BSP/Components/lis302dl/lis302dl.c ****                      LIS302DL_HIGHPASSFILTERINTERRUPT_1_2);
 181:Drivers/BSP/Components/lis302dl/lis302dl.c **** 
 182:Drivers/BSP/Components/lis302dl/lis302dl.c ****   ctrl |= FilterStruct;
 166              		.loc 1 182 3 is_stmt 1 view .LVU27
 167              		.loc 1 182 8 is_stmt 0 view .LVU28
 168 0024 2343     		orrs	r3, r3, r4
 169 0026 8DF80730 		strb	r3, [sp, #7]
 183:Drivers/BSP/Components/lis302dl/lis302dl.c ****   
 184:Drivers/BSP/Components/lis302dl/lis302dl.c ****   /* Write value to MEMS CTRL_REG2 register */
 185:Drivers/BSP/Components/lis302dl/lis302dl.c ****   ACCELERO_IO_Write(&ctrl, LIS302DL_CTRL_REG2_ADDR, 1);
 170              		.loc 1 185 3 is_stmt 1 view .LVU29
 171 002a 0122     		movs	r2, #1
 172 002c 2121     		movs	r1, #33
 173 002e 0DF10700 		add	r0, sp, #7
 174 0032 FFF7FEFF 		bl	ACCELERO_IO_Write
 175              	.LVL8:
 186:Drivers/BSP/Components/lis302dl/lis302dl.c **** }
 176              		.loc 1 186 1 is_stmt 0 view .LVU30
 177 0036 02B0     		add	sp, sp, #8
 178              		.cfi_def_cfa_offset 8
 179              		@ sp needed
 180 0038 10BD     		pop	{r4, pc}
 181              		.loc 1 186 1 view .LVU31
 182              		.cfi_endproc
 183              	.LFE3:
 185              		.section	.text.LIS302DL_Click_IntClear,"ax",%progbits
 186              		.align	1
 187              		.global	LIS302DL_Click_IntClear
 188              		.syntax unified
 189              		.thumb
 190              		.thumb_func
 192              	LIS302DL_Click_IntClear:
 193              	.LFB6:
 187:Drivers/BSP/Components/lis302dl/lis302dl.c **** 
 188:Drivers/BSP/Components/lis302dl/lis302dl.c **** /**
 189:Drivers/BSP/Components/lis302dl/lis302dl.c ****   * @brief  Set LIS302DL Interrupt configuration.
 190:Drivers/BSP/Components/lis302dl/lis302dl.c ****   * @param  LIS302DL_InterruptConfig_TypeDef: pointer to a LIS302DL_InterruptConfig_TypeDef 
 191:Drivers/BSP/Components/lis302dl/lis302dl.c ****   *         structure that contains the configuration setting for the LIS302DL Interrupt.
 192:Drivers/BSP/Components/lis302dl/lis302dl.c ****   * @retval None
 193:Drivers/BSP/Components/lis302dl/lis302dl.c ****   */
 194:Drivers/BSP/Components/lis302dl/lis302dl.c **** void LIS302DL_InterruptConfig(LIS302DL_InterruptConfigTypeDef *LIS302DL_IntConfigStruct)
 195:Drivers/BSP/Components/lis302dl/lis302dl.c **** {
 196:Drivers/BSP/Components/lis302dl/lis302dl.c ****   uint8_t ctrl = 0x00;
 197:Drivers/BSP/Components/lis302dl/lis302dl.c ****   
 198:Drivers/BSP/Components/lis302dl/lis302dl.c ****   /* Read CLICK_CFG register */
 199:Drivers/BSP/Components/lis302dl/lis302dl.c ****   ACCELERO_IO_Read(&ctrl, LIS302DL_CLICK_CFG_REG_ADDR, 1);
 200:Drivers/BSP/Components/lis302dl/lis302dl.c ****   
 201:Drivers/BSP/Components/lis302dl/lis302dl.c ****   /* Configure latch Interrupt request, click interrupts and double click interrupts */            
 202:Drivers/BSP/Components/lis302dl/lis302dl.c ****   ctrl = (uint8_t)(LIS302DL_IntConfigStruct->Latch_Request| \
 203:Drivers/BSP/Components/lis302dl/lis302dl.c ****                    LIS302DL_IntConfigStruct->SingleClick_Axes | \
 204:Drivers/BSP/Components/lis302dl/lis302dl.c ****                    LIS302DL_IntConfigStruct->DoubleClick_Axes);
 205:Drivers/BSP/Components/lis302dl/lis302dl.c ****   
ARM GAS  /var/folders/lp/x54gwt890xv47sdkqj1k04q40000gn/T//ccGDp4S1.s 			page 8


 206:Drivers/BSP/Components/lis302dl/lis302dl.c ****   /* Write value to MEMS CLICK_CFG register */
 207:Drivers/BSP/Components/lis302dl/lis302dl.c ****   ACCELERO_IO_Write(&ctrl, LIS302DL_CLICK_CFG_REG_ADDR, 1);
 208:Drivers/BSP/Components/lis302dl/lis302dl.c **** }
 209:Drivers/BSP/Components/lis302dl/lis302dl.c **** 
 210:Drivers/BSP/Components/lis302dl/lis302dl.c **** /**
 211:Drivers/BSP/Components/lis302dl/lis302dl.c ****   * @brief  Set LIS302DL Interrupt configuration
 212:Drivers/BSP/Components/lis302dl/lis302dl.c ****   * @param  None
 213:Drivers/BSP/Components/lis302dl/lis302dl.c ****   * @retval None
 214:Drivers/BSP/Components/lis302dl/lis302dl.c ****   */
 215:Drivers/BSP/Components/lis302dl/lis302dl.c **** void LIS302DL_Click_IntConfig(void)
 216:Drivers/BSP/Components/lis302dl/lis302dl.c **** {
 217:Drivers/BSP/Components/lis302dl/lis302dl.c ****   uint8_t ctrl = 0x00;
 218:Drivers/BSP/Components/lis302dl/lis302dl.c ****   LIS302DL_InterruptConfigTypeDef   LIS302DL_InterruptStruct;
 219:Drivers/BSP/Components/lis302dl/lis302dl.c ****   
 220:Drivers/BSP/Components/lis302dl/lis302dl.c ****   ACCELERO_IO_ITConfig();
 221:Drivers/BSP/Components/lis302dl/lis302dl.c ****   
 222:Drivers/BSP/Components/lis302dl/lis302dl.c ****   /* Set configuration of Internal High Pass Filter of LIS302DL */
 223:Drivers/BSP/Components/lis302dl/lis302dl.c ****   LIS302DL_InterruptStruct.Latch_Request = LIS302DL_INTERRUPTREQUEST_LATCHED;
 224:Drivers/BSP/Components/lis302dl/lis302dl.c ****   LIS302DL_InterruptStruct.SingleClick_Axes = LIS302DL_CLICKINTERRUPT_Z_ENABLE;
 225:Drivers/BSP/Components/lis302dl/lis302dl.c ****   LIS302DL_InterruptStruct.DoubleClick_Axes = LIS302DL_DOUBLECLICKINTERRUPT_Z_ENABLE;
 226:Drivers/BSP/Components/lis302dl/lis302dl.c ****   LIS302DL_InterruptConfig(&LIS302DL_InterruptStruct);
 227:Drivers/BSP/Components/lis302dl/lis302dl.c ****   
 228:Drivers/BSP/Components/lis302dl/lis302dl.c ****   /* Configure Interrupt control register: enable Click interrupt on INT1 and
 229:Drivers/BSP/Components/lis302dl/lis302dl.c ****   INT2 on Z axis high event */
 230:Drivers/BSP/Components/lis302dl/lis302dl.c ****   ctrl = 0x3F;
 231:Drivers/BSP/Components/lis302dl/lis302dl.c ****   ACCELERO_IO_Write(&ctrl, LIS302DL_CTRL_REG3_ADDR, 1);
 232:Drivers/BSP/Components/lis302dl/lis302dl.c ****   
 233:Drivers/BSP/Components/lis302dl/lis302dl.c ****   /* Enable Interrupt generation on click on Z axis */
 234:Drivers/BSP/Components/lis302dl/lis302dl.c ****   ctrl = 0x50;
 235:Drivers/BSP/Components/lis302dl/lis302dl.c ****   ACCELERO_IO_Write(&ctrl, LIS302DL_CLICK_CFG_REG_ADDR, 1);
 236:Drivers/BSP/Components/lis302dl/lis302dl.c ****   
 237:Drivers/BSP/Components/lis302dl/lis302dl.c ****   /* Configure Click Threshold on X/Y axis (10 x 0.5g) */
 238:Drivers/BSP/Components/lis302dl/lis302dl.c ****   ctrl = 0xAA;
 239:Drivers/BSP/Components/lis302dl/lis302dl.c ****   ACCELERO_IO_Write(&ctrl, LIS302DL_CLICK_THSY_X_REG_ADDR, 1);
 240:Drivers/BSP/Components/lis302dl/lis302dl.c ****   
 241:Drivers/BSP/Components/lis302dl/lis302dl.c ****   /* Configure Click Threshold on Z axis (10 x 0.5g) */
 242:Drivers/BSP/Components/lis302dl/lis302dl.c ****   ctrl = 0x0A;
 243:Drivers/BSP/Components/lis302dl/lis302dl.c ****   ACCELERO_IO_Write(&ctrl, LIS302DL_CLICK_THSZ_REG_ADDR, 1);
 244:Drivers/BSP/Components/lis302dl/lis302dl.c ****   
 245:Drivers/BSP/Components/lis302dl/lis302dl.c ****   /* Enable interrupt on Y axis high event */
 246:Drivers/BSP/Components/lis302dl/lis302dl.c ****   ctrl = 0x4C;
 247:Drivers/BSP/Components/lis302dl/lis302dl.c ****   ACCELERO_IO_Write(&ctrl, LIS302DL_FF_WU_CFG1_REG_ADDR, 1);
 248:Drivers/BSP/Components/lis302dl/lis302dl.c ****   
 249:Drivers/BSP/Components/lis302dl/lis302dl.c ****   /* Configure Time Limit */
 250:Drivers/BSP/Components/lis302dl/lis302dl.c ****   ctrl = 0x03;
 251:Drivers/BSP/Components/lis302dl/lis302dl.c ****   ACCELERO_IO_Write(&ctrl, LIS302DL_CLICK_TIMELIMIT_REG_ADDR, 1);
 252:Drivers/BSP/Components/lis302dl/lis302dl.c ****   
 253:Drivers/BSP/Components/lis302dl/lis302dl.c ****   /* Configure Latency */
 254:Drivers/BSP/Components/lis302dl/lis302dl.c ****   ctrl = 0x7F;
 255:Drivers/BSP/Components/lis302dl/lis302dl.c ****   ACCELERO_IO_Write(&ctrl, LIS302DL_CLICK_LATENCY_REG_ADDR, 1);
 256:Drivers/BSP/Components/lis302dl/lis302dl.c ****   
 257:Drivers/BSP/Components/lis302dl/lis302dl.c ****   /* Configure Click Window */
 258:Drivers/BSP/Components/lis302dl/lis302dl.c ****   ctrl = 0x7F;
 259:Drivers/BSP/Components/lis302dl/lis302dl.c ****   ACCELERO_IO_Write(&ctrl, LIS302DL_CLICK_WINDOW_REG_ADDR, 1);
 260:Drivers/BSP/Components/lis302dl/lis302dl.c **** }
 261:Drivers/BSP/Components/lis302dl/lis302dl.c **** 
 262:Drivers/BSP/Components/lis302dl/lis302dl.c **** /**
ARM GAS  /var/folders/lp/x54gwt890xv47sdkqj1k04q40000gn/T//ccGDp4S1.s 			page 9


 263:Drivers/BSP/Components/lis302dl/lis302dl.c ****   * @brief  Clear LIS302DL click Interrupt 
 264:Drivers/BSP/Components/lis302dl/lis302dl.c ****   * @param  None
 265:Drivers/BSP/Components/lis302dl/lis302dl.c ****   * @retval None
 266:Drivers/BSP/Components/lis302dl/lis302dl.c ****   */
 267:Drivers/BSP/Components/lis302dl/lis302dl.c **** void LIS302DL_Click_IntClear(void)
 268:Drivers/BSP/Components/lis302dl/lis302dl.c **** {
 194              		.loc 1 268 1 is_stmt 1 view -0
 195              		.cfi_startproc
 196              		@ args = 0, pretend = 0, frame = 16
 197              		@ frame_needed = 0, uses_anonymous_args = 0
 198 0000 00B5     		push	{lr}
 199              		.cfi_def_cfa_offset 4
 200              		.cfi_offset 14, -4
 201 0002 85B0     		sub	sp, sp, #20
 202              		.cfi_def_cfa_offset 24
 269:Drivers/BSP/Components/lis302dl/lis302dl.c ****   uint8_t buffer[6], clickreg = 0;
 203              		.loc 1 269 3 view .LVU33
 204              		.loc 1 269 22 is_stmt 0 view .LVU34
 205 0004 0023     		movs	r3, #0
 206 0006 8DF80730 		strb	r3, [sp, #7]
 270:Drivers/BSP/Components/lis302dl/lis302dl.c **** 
 271:Drivers/BSP/Components/lis302dl/lis302dl.c ****   /* Read click and status registers if the available MEMS Accelerometer is LIS302DL */
 272:Drivers/BSP/Components/lis302dl/lis302dl.c ****   ACCELERO_IO_Read(&clickreg, LIS302DL_CLICK_SRC_REG_ADDR, 1); 
 207              		.loc 1 272 3 is_stmt 1 view .LVU35
 208 000a 0122     		movs	r2, #1
 209 000c 3921     		movs	r1, #57
 210 000e 0DF10700 		add	r0, sp, #7
 211 0012 FFF7FEFF 		bl	ACCELERO_IO_Read
 212              	.LVL9:
 273:Drivers/BSP/Components/lis302dl/lis302dl.c ****   ACCELERO_IO_Read(buffer, LIS302DL_STATUS_REG_ADDR, 6);
 213              		.loc 1 273 3 view .LVU36
 214 0016 0622     		movs	r2, #6
 215 0018 2721     		movs	r1, #39
 216 001a 02A8     		add	r0, sp, #8
 217 001c FFF7FEFF 		bl	ACCELERO_IO_Read
 218              	.LVL10:
 274:Drivers/BSP/Components/lis302dl/lis302dl.c **** }
 219              		.loc 1 274 1 is_stmt 0 view .LVU37
 220 0020 05B0     		add	sp, sp, #20
 221              		.cfi_def_cfa_offset 4
 222              		@ sp needed
 223 0022 5DF804FB 		ldr	pc, [sp], #4
 224              		.cfi_endproc
 225              	.LFE6:
 227              		.section	.text.LIS302DL_RebootCmd,"ax",%progbits
 228              		.align	1
 229              		.global	LIS302DL_RebootCmd
 230              		.syntax unified
 231              		.thumb
 232              		.thumb_func
 234              	LIS302DL_RebootCmd:
 235              	.LFB10:
 275:Drivers/BSP/Components/lis302dl/lis302dl.c **** 
 276:Drivers/BSP/Components/lis302dl/lis302dl.c **** /**
 277:Drivers/BSP/Components/lis302dl/lis302dl.c ****   * @brief  Change the lowpower mode for LIS302DL
 278:Drivers/BSP/Components/lis302dl/lis302dl.c ****   * @param  LowPowerMode: New state for the low power mode.
 279:Drivers/BSP/Components/lis302dl/lis302dl.c ****   *   This parameter can be one of the following values:
ARM GAS  /var/folders/lp/x54gwt890xv47sdkqj1k04q40000gn/T//ccGDp4S1.s 			page 10


 280:Drivers/BSP/Components/lis302dl/lis302dl.c ****   *     @arg LIS302DL_LOWPOWERMODE_POWERDOWN: Power down mode
 281:Drivers/BSP/Components/lis302dl/lis302dl.c ****   *     @arg LIS302DL_LOWPOWERMODE_ACTIVE: Active mode  
 282:Drivers/BSP/Components/lis302dl/lis302dl.c ****   * @retval None
 283:Drivers/BSP/Components/lis302dl/lis302dl.c ****   */
 284:Drivers/BSP/Components/lis302dl/lis302dl.c **** void LIS302DL_LowpowerCmd(uint8_t LowPowerMode)
 285:Drivers/BSP/Components/lis302dl/lis302dl.c **** {
 286:Drivers/BSP/Components/lis302dl/lis302dl.c ****   uint8_t tmpreg;
 287:Drivers/BSP/Components/lis302dl/lis302dl.c ****   
 288:Drivers/BSP/Components/lis302dl/lis302dl.c ****   /* Read CTRL_REG1 register */
 289:Drivers/BSP/Components/lis302dl/lis302dl.c ****   ACCELERO_IO_Read(&tmpreg, LIS302DL_CTRL_REG1_ADDR, 1);
 290:Drivers/BSP/Components/lis302dl/lis302dl.c ****   
 291:Drivers/BSP/Components/lis302dl/lis302dl.c ****   /* Set new low power mode configuration */
 292:Drivers/BSP/Components/lis302dl/lis302dl.c ****   tmpreg &= (uint8_t)~LIS302DL_LOWPOWERMODE_ACTIVE;
 293:Drivers/BSP/Components/lis302dl/lis302dl.c ****   tmpreg |= LowPowerMode;
 294:Drivers/BSP/Components/lis302dl/lis302dl.c ****   
 295:Drivers/BSP/Components/lis302dl/lis302dl.c ****   /* Write value to MEMS CTRL_REG1 register */
 296:Drivers/BSP/Components/lis302dl/lis302dl.c ****   ACCELERO_IO_Write(&tmpreg, LIS302DL_CTRL_REG1_ADDR, 1);
 297:Drivers/BSP/Components/lis302dl/lis302dl.c **** }
 298:Drivers/BSP/Components/lis302dl/lis302dl.c **** 
 299:Drivers/BSP/Components/lis302dl/lis302dl.c **** /**
 300:Drivers/BSP/Components/lis302dl/lis302dl.c ****   * @brief  Data Rate command 
 301:Drivers/BSP/Components/lis302dl/lis302dl.c ****   * @param  DataRateValue: Data rate value
 302:Drivers/BSP/Components/lis302dl/lis302dl.c ****   *   This parameter can be one of the following values:
 303:Drivers/BSP/Components/lis302dl/lis302dl.c ****   *     @arg LIS302DL_DATARATE_100: 100 Hz output data rate 
 304:Drivers/BSP/Components/lis302dl/lis302dl.c ****   *     @arg LIS302DL_DATARATE_400: 400 Hz output data rate    
 305:Drivers/BSP/Components/lis302dl/lis302dl.c ****   * @retval None
 306:Drivers/BSP/Components/lis302dl/lis302dl.c ****   */
 307:Drivers/BSP/Components/lis302dl/lis302dl.c **** void LIS302DL_DataRateCmd(uint8_t DataRateValue)
 308:Drivers/BSP/Components/lis302dl/lis302dl.c **** {
 309:Drivers/BSP/Components/lis302dl/lis302dl.c ****   uint8_t tmpreg;
 310:Drivers/BSP/Components/lis302dl/lis302dl.c ****   
 311:Drivers/BSP/Components/lis302dl/lis302dl.c ****   /* Read CTRL_REG1 register */
 312:Drivers/BSP/Components/lis302dl/lis302dl.c ****   ACCELERO_IO_Read(&tmpreg, LIS302DL_CTRL_REG1_ADDR, 1);
 313:Drivers/BSP/Components/lis302dl/lis302dl.c ****   
 314:Drivers/BSP/Components/lis302dl/lis302dl.c ****   /* Set new Data rate configuration */
 315:Drivers/BSP/Components/lis302dl/lis302dl.c ****   tmpreg &= (uint8_t)~LIS302DL_DATARATE_400;
 316:Drivers/BSP/Components/lis302dl/lis302dl.c ****   tmpreg |= DataRateValue;
 317:Drivers/BSP/Components/lis302dl/lis302dl.c ****   
 318:Drivers/BSP/Components/lis302dl/lis302dl.c ****   /* Write value to MEMS CTRL_REG1 register */
 319:Drivers/BSP/Components/lis302dl/lis302dl.c ****   ACCELERO_IO_Write(&tmpreg, LIS302DL_CTRL_REG1_ADDR, 1);
 320:Drivers/BSP/Components/lis302dl/lis302dl.c **** }
 321:Drivers/BSP/Components/lis302dl/lis302dl.c **** 
 322:Drivers/BSP/Components/lis302dl/lis302dl.c **** /**
 323:Drivers/BSP/Components/lis302dl/lis302dl.c ****   * @brief  Change the Full Scale of LIS302DL
 324:Drivers/BSP/Components/lis302dl/lis302dl.c ****   * @param  FS_value: new full scale value. 
 325:Drivers/BSP/Components/lis302dl/lis302dl.c ****   *   This parameter can be one of the following values:
 326:Drivers/BSP/Components/lis302dl/lis302dl.c ****   *     @arg LIS302DL_FULLSCALE_2_3: +-2.3g
 327:Drivers/BSP/Components/lis302dl/lis302dl.c ****   *     @arg LIS302DL_FULLSCALE_9_2: +-9.2g   
 328:Drivers/BSP/Components/lis302dl/lis302dl.c ****   * @retval None
 329:Drivers/BSP/Components/lis302dl/lis302dl.c ****   */
 330:Drivers/BSP/Components/lis302dl/lis302dl.c **** void LIS302DL_FullScaleCmd(uint8_t FS_value)
 331:Drivers/BSP/Components/lis302dl/lis302dl.c **** {
 332:Drivers/BSP/Components/lis302dl/lis302dl.c ****   uint8_t tmpreg;
 333:Drivers/BSP/Components/lis302dl/lis302dl.c ****   
 334:Drivers/BSP/Components/lis302dl/lis302dl.c ****   /* Read CTRL_REG1 register */
 335:Drivers/BSP/Components/lis302dl/lis302dl.c ****   ACCELERO_IO_Read(&tmpreg, LIS302DL_CTRL_REG1_ADDR, 1);
 336:Drivers/BSP/Components/lis302dl/lis302dl.c ****   
ARM GAS  /var/folders/lp/x54gwt890xv47sdkqj1k04q40000gn/T//ccGDp4S1.s 			page 11


 337:Drivers/BSP/Components/lis302dl/lis302dl.c ****   /* Set new full scale configuration */
 338:Drivers/BSP/Components/lis302dl/lis302dl.c ****   tmpreg &= (uint8_t)~LIS302DL_FULLSCALE_9_2;
 339:Drivers/BSP/Components/lis302dl/lis302dl.c ****   tmpreg |= FS_value;
 340:Drivers/BSP/Components/lis302dl/lis302dl.c ****   
 341:Drivers/BSP/Components/lis302dl/lis302dl.c ****   /* Write value to MEMS CTRL_REG1 register */
 342:Drivers/BSP/Components/lis302dl/lis302dl.c ****   ACCELERO_IO_Write(&tmpreg, LIS302DL_CTRL_REG1_ADDR, 1);
 343:Drivers/BSP/Components/lis302dl/lis302dl.c **** }
 344:Drivers/BSP/Components/lis302dl/lis302dl.c **** 
 345:Drivers/BSP/Components/lis302dl/lis302dl.c **** /**
 346:Drivers/BSP/Components/lis302dl/lis302dl.c ****   * @brief  Reboot memory content of LIS302DL.
 347:Drivers/BSP/Components/lis302dl/lis302dl.c ****   * @param  None
 348:Drivers/BSP/Components/lis302dl/lis302dl.c ****   * @retval None
 349:Drivers/BSP/Components/lis302dl/lis302dl.c ****   */
 350:Drivers/BSP/Components/lis302dl/lis302dl.c **** void LIS302DL_RebootCmd(void)
 351:Drivers/BSP/Components/lis302dl/lis302dl.c **** {
 236              		.loc 1 351 1 is_stmt 1 view -0
 237              		.cfi_startproc
 238              		@ args = 0, pretend = 0, frame = 8
 239              		@ frame_needed = 0, uses_anonymous_args = 0
 240 0000 00B5     		push	{lr}
 241              		.cfi_def_cfa_offset 4
 242              		.cfi_offset 14, -4
 243 0002 83B0     		sub	sp, sp, #12
 244              		.cfi_def_cfa_offset 16
 352:Drivers/BSP/Components/lis302dl/lis302dl.c ****   uint8_t tmpreg;
 245              		.loc 1 352 3 view .LVU39
 353:Drivers/BSP/Components/lis302dl/lis302dl.c ****   /* Read CTRL_REG2 register */
 354:Drivers/BSP/Components/lis302dl/lis302dl.c ****   ACCELERO_IO_Read(&tmpreg, LIS302DL_CTRL_REG2_ADDR, 1);
 246              		.loc 1 354 3 view .LVU40
 247 0004 0122     		movs	r2, #1
 248 0006 2121     		movs	r1, #33
 249 0008 0DF10700 		add	r0, sp, #7
 250 000c FFF7FEFF 		bl	ACCELERO_IO_Read
 251              	.LVL11:
 355:Drivers/BSP/Components/lis302dl/lis302dl.c ****   
 356:Drivers/BSP/Components/lis302dl/lis302dl.c ****   /* Enable or Disable the reboot memory */
 357:Drivers/BSP/Components/lis302dl/lis302dl.c ****   tmpreg |= LIS302DL_BOOT_REBOOTMEMORY;
 252              		.loc 1 357 3 view .LVU41
 253              		.loc 1 357 10 is_stmt 0 view .LVU42
 254 0010 9DF80730 		ldrb	r3, [sp, #7]	@ zero_extendqisi2
 255 0014 43F04003 		orr	r3, r3, #64
 256 0018 8DF80730 		strb	r3, [sp, #7]
 358:Drivers/BSP/Components/lis302dl/lis302dl.c ****   
 359:Drivers/BSP/Components/lis302dl/lis302dl.c ****   /* Write value to MEMS CTRL_REG2 register */
 360:Drivers/BSP/Components/lis302dl/lis302dl.c ****   ACCELERO_IO_Write(&tmpreg, LIS302DL_CTRL_REG2_ADDR, 1);
 257              		.loc 1 360 3 is_stmt 1 view .LVU43
 258 001c 0122     		movs	r2, #1
 259 001e 2121     		movs	r1, #33
 260 0020 0DF10700 		add	r0, sp, #7
 261 0024 FFF7FEFF 		bl	ACCELERO_IO_Write
 262              	.LVL12:
 361:Drivers/BSP/Components/lis302dl/lis302dl.c **** }
 263              		.loc 1 361 1 is_stmt 0 view .LVU44
 264 0028 03B0     		add	sp, sp, #12
 265              		.cfi_def_cfa_offset 4
 266              		@ sp needed
 267 002a 5DF804FB 		ldr	pc, [sp], #4
ARM GAS  /var/folders/lp/x54gwt890xv47sdkqj1k04q40000gn/T//ccGDp4S1.s 			page 12


 268              		.cfi_endproc
 269              	.LFE10:
 271              		.section	.text.LIS302DL_ReadACC,"ax",%progbits
 272              		.align	1
 273              		.global	LIS302DL_ReadACC
 274              		.syntax unified
 275              		.thumb
 276              		.thumb_func
 278              	LIS302DL_ReadACC:
 279              	.LVL13:
 280              	.LFB11:
 362:Drivers/BSP/Components/lis302dl/lis302dl.c **** 
 363:Drivers/BSP/Components/lis302dl/lis302dl.c **** /**
 364:Drivers/BSP/Components/lis302dl/lis302dl.c ****   * @brief  Read LIS302DL output register, and calculate the acceleration 
 365:Drivers/BSP/Components/lis302dl/lis302dl.c ****   *         ACC[mg]=SENSITIVITY* (out_h*256+out_l)/16 (12 bit rappresentation)
 366:Drivers/BSP/Components/lis302dl/lis302dl.c ****   * @param  pfData: Data out pointer
 367:Drivers/BSP/Components/lis302dl/lis302dl.c ****   * @retval None
 368:Drivers/BSP/Components/lis302dl/lis302dl.c ****   */
 369:Drivers/BSP/Components/lis302dl/lis302dl.c **** void LIS302DL_ReadACC(int16_t *pData)
 370:Drivers/BSP/Components/lis302dl/lis302dl.c **** {
 281              		.loc 1 370 1 is_stmt 1 view -0
 282              		.cfi_startproc
 283              		@ args = 0, pretend = 0, frame = 24
 284              		@ frame_needed = 0, uses_anonymous_args = 0
 285              		.loc 1 370 1 is_stmt 0 view .LVU46
 286 0000 10B5     		push	{r4, lr}
 287              		.cfi_def_cfa_offset 8
 288              		.cfi_offset 4, -8
 289              		.cfi_offset 14, -4
 290 0002 86B0     		sub	sp, sp, #24
 291              		.cfi_def_cfa_offset 32
 292 0004 0446     		mov	r4, r0
 371:Drivers/BSP/Components/lis302dl/lis302dl.c ****   int8_t buffer[6];
 293              		.loc 1 371 3 is_stmt 1 view .LVU47
 372:Drivers/BSP/Components/lis302dl/lis302dl.c ****   int16_t pnRawData[3];
 294              		.loc 1 372 3 view .LVU48
 373:Drivers/BSP/Components/lis302dl/lis302dl.c ****   uint8_t sensitivity = LIS302DL_SENSITIVITY_2_3G;
 295              		.loc 1 373 3 view .LVU49
 296              	.LVL14:
 374:Drivers/BSP/Components/lis302dl/lis302dl.c ****   uint8_t crtl, i = 0x00;
 297              		.loc 1 374 3 view .LVU50
 375:Drivers/BSP/Components/lis302dl/lis302dl.c ****   
 376:Drivers/BSP/Components/lis302dl/lis302dl.c ****   ACCELERO_IO_Read(&crtl, LIS302DL_CTRL_REG1_ADDR, 1);
 298              		.loc 1 376 3 view .LVU51
 299 0006 0122     		movs	r2, #1
 300 0008 2021     		movs	r1, #32
 301 000a 0DF10700 		add	r0, sp, #7
 302              	.LVL15:
 303              		.loc 1 376 3 is_stmt 0 view .LVU52
 304 000e FFF7FEFF 		bl	ACCELERO_IO_Read
 305              	.LVL16:
 377:Drivers/BSP/Components/lis302dl/lis302dl.c ****   ACCELERO_IO_Read((uint8_t*)buffer, LIS302DL_OUT_X_ADDR, 6);
 306              		.loc 1 377 3 is_stmt 1 view .LVU53
 307 0012 0622     		movs	r2, #6
 308 0014 2921     		movs	r1, #41
 309 0016 04A8     		add	r0, sp, #16
 310 0018 FFF7FEFF 		bl	ACCELERO_IO_Read
ARM GAS  /var/folders/lp/x54gwt890xv47sdkqj1k04q40000gn/T//ccGDp4S1.s 			page 13


 311              	.LVL17:
 378:Drivers/BSP/Components/lis302dl/lis302dl.c ****   
 379:Drivers/BSP/Components/lis302dl/lis302dl.c ****   for(i=0; i<3; i++)
 312              		.loc 1 379 3 view .LVU54
 313              		.loc 1 379 8 is_stmt 0 view .LVU55
 314 001c 0023     		movs	r3, #0
 315              		.loc 1 379 3 view .LVU56
 316 001e 08E0     		b	.L13
 317              	.LVL18:
 318              	.L14:
 380:Drivers/BSP/Components/lis302dl/lis302dl.c ****   {
 381:Drivers/BSP/Components/lis302dl/lis302dl.c ****     pnRawData[i] = buffer[2*i];
 319              		.loc 1 381 5 is_stmt 1 view .LVU57
 320              		.loc 1 381 26 is_stmt 0 view .LVU58
 321 0020 06AA     		add	r2, sp, #24
 322 0022 02EB4302 		add	r2, r2, r3, lsl #1
 323 0026 12F9081C 		ldrsb	r1, [r2, #-8]
 324              		.loc 1 381 18 view .LVU59
 325 002a 22F8101C 		strh	r1, [r2, #-16]	@ movhi
 379:Drivers/BSP/Components/lis302dl/lis302dl.c ****   {
 326              		.loc 1 379 18 is_stmt 1 discriminator 3 view .LVU60
 327 002e 0133     		adds	r3, r3, #1
 328              	.LVL19:
 379:Drivers/BSP/Components/lis302dl/lis302dl.c ****   {
 329              		.loc 1 379 18 is_stmt 0 discriminator 3 view .LVU61
 330 0030 DBB2     		uxtb	r3, r3
 331              	.LVL20:
 332              	.L13:
 379:Drivers/BSP/Components/lis302dl/lis302dl.c ****   {
 333              		.loc 1 379 13 is_stmt 1 discriminator 1 view .LVU62
 334 0032 022B     		cmp	r3, #2
 335 0034 F4D9     		bls	.L14
 382:Drivers/BSP/Components/lis302dl/lis302dl.c ****   }
 383:Drivers/BSP/Components/lis302dl/lis302dl.c ****   
 384:Drivers/BSP/Components/lis302dl/lis302dl.c ****   switch(crtl & LIS302DL_FULLSCALE_9_2) 
 336              		.loc 1 384 3 view .LVU63
 337              		.loc 1 384 15 is_stmt 0 view .LVU64
 338 0036 9DF80730 		ldrb	r3, [sp, #7]	@ zero_extendqisi2
 339              	.LVL21:
 340              		.loc 1 384 3 view .LVU65
 341 003a 03F02003 		and	r3, r3, #32
 342 003e 13B9     		cbnz	r3, .L18
 373:Drivers/BSP/Components/lis302dl/lis302dl.c ****   uint8_t crtl, i = 0x00;
 343              		.loc 1 373 11 view .LVU66
 344 0040 1221     		movs	r1, #18
 345              	.L15:
 346              	.LVL22:
 385:Drivers/BSP/Components/lis302dl/lis302dl.c ****   {
 386:Drivers/BSP/Components/lis302dl/lis302dl.c ****     /* FS bit = 0 ==> Sensitivity typical value = 18milligals/digit*/ 
 387:Drivers/BSP/Components/lis302dl/lis302dl.c ****   case LIS302DL_FULLSCALE_2_3:
 388:Drivers/BSP/Components/lis302dl/lis302dl.c ****     sensitivity = LIS302DL_SENSITIVITY_2_3G;
 389:Drivers/BSP/Components/lis302dl/lis302dl.c ****     break;
 390:Drivers/BSP/Components/lis302dl/lis302dl.c ****     
 391:Drivers/BSP/Components/lis302dl/lis302dl.c ****     /* FS bit = 1 ==> Sensitivity typical value = 72milligals/digit*/ 
 392:Drivers/BSP/Components/lis302dl/lis302dl.c ****   case LIS302DL_FULLSCALE_9_2:
 393:Drivers/BSP/Components/lis302dl/lis302dl.c ****     sensitivity = LIS302DL_SENSITIVITY_9_2G;
 394:Drivers/BSP/Components/lis302dl/lis302dl.c ****     break;
ARM GAS  /var/folders/lp/x54gwt890xv47sdkqj1k04q40000gn/T//ccGDp4S1.s 			page 14


 395:Drivers/BSP/Components/lis302dl/lis302dl.c ****     
 396:Drivers/BSP/Components/lis302dl/lis302dl.c ****   default:
 397:Drivers/BSP/Components/lis302dl/lis302dl.c ****     break;
 398:Drivers/BSP/Components/lis302dl/lis302dl.c ****   }
 399:Drivers/BSP/Components/lis302dl/lis302dl.c ****   
 400:Drivers/BSP/Components/lis302dl/lis302dl.c ****   /* Obtain the mg value for the three axis */
 401:Drivers/BSP/Components/lis302dl/lis302dl.c ****   for(i=0; i<3; i++)
 347              		.loc 1 401 3 is_stmt 1 view .LVU67
 348              		.loc 1 401 8 is_stmt 0 view .LVU68
 349 0042 0023     		movs	r3, #0
 350              		.loc 1 401 3 view .LVU69
 351 0044 0CE0     		b	.L16
 352              	.LVL23:
 353              	.L18:
 393:Drivers/BSP/Components/lis302dl/lis302dl.c ****     break;
 354              		.loc 1 393 17 view .LVU70
 355 0046 4821     		movs	r1, #72
 356 0048 FBE7     		b	.L15
 357              	.LVL24:
 358              	.L17:
 402:Drivers/BSP/Components/lis302dl/lis302dl.c ****   {
 403:Drivers/BSP/Components/lis302dl/lis302dl.c ****     pData[i]=(pnRawData[i] * sensitivity);
 359              		.loc 1 403 5 is_stmt 1 view .LVU71
 360              		.loc 1 403 24 is_stmt 0 view .LVU72
 361 004a 06AA     		add	r2, sp, #24
 362 004c 02EB4302 		add	r2, r2, r3, lsl #1
 363 0050 32F9102C 		ldrsh	r2, [r2, #-16]
 364              		.loc 1 403 13 view .LVU73
 365 0054 12FB01F2 		smulbb	r2, r2, r1
 366 0058 24F81320 		strh	r2, [r4, r3, lsl #1]	@ movhi
 401:Drivers/BSP/Components/lis302dl/lis302dl.c ****   {
 367              		.loc 1 401 18 is_stmt 1 discriminator 3 view .LVU74
 368 005c 0133     		adds	r3, r3, #1
 369              	.LVL25:
 401:Drivers/BSP/Components/lis302dl/lis302dl.c ****   {
 370              		.loc 1 401 18 is_stmt 0 discriminator 3 view .LVU75
 371 005e DBB2     		uxtb	r3, r3
 372              	.LVL26:
 373              	.L16:
 401:Drivers/BSP/Components/lis302dl/lis302dl.c ****   {
 374              		.loc 1 401 13 is_stmt 1 discriminator 1 view .LVU76
 375 0060 022B     		cmp	r3, #2
 376 0062 F2D9     		bls	.L17
 404:Drivers/BSP/Components/lis302dl/lis302dl.c ****   }
 405:Drivers/BSP/Components/lis302dl/lis302dl.c **** }
 377              		.loc 1 405 1 is_stmt 0 view .LVU77
 378 0064 06B0     		add	sp, sp, #24
 379              		.cfi_def_cfa_offset 8
 380              		@ sp needed
 381 0066 10BD     		pop	{r4, pc}
 382              		.loc 1 405 1 view .LVU78
 383              		.cfi_endproc
 384              	.LFE11:
 386              		.section	.text.LIS302DL_InterruptConfig,"ax",%progbits
 387              		.align	1
 388              		.global	LIS302DL_InterruptConfig
 389              		.syntax unified
ARM GAS  /var/folders/lp/x54gwt890xv47sdkqj1k04q40000gn/T//ccGDp4S1.s 			page 15


 390              		.thumb
 391              		.thumb_func
 393              	LIS302DL_InterruptConfig:
 394              	.LVL27:
 395              	.LFB4:
 195:Drivers/BSP/Components/lis302dl/lis302dl.c ****   uint8_t ctrl = 0x00;
 396              		.loc 1 195 1 is_stmt 1 view -0
 397              		.cfi_startproc
 398              		@ args = 0, pretend = 0, frame = 8
 399              		@ frame_needed = 0, uses_anonymous_args = 0
 195:Drivers/BSP/Components/lis302dl/lis302dl.c ****   uint8_t ctrl = 0x00;
 400              		.loc 1 195 1 is_stmt 0 view .LVU80
 401 0000 10B5     		push	{r4, lr}
 402              		.cfi_def_cfa_offset 8
 403              		.cfi_offset 4, -8
 404              		.cfi_offset 14, -4
 405 0002 82B0     		sub	sp, sp, #8
 406              		.cfi_def_cfa_offset 16
 407 0004 0446     		mov	r4, r0
 196:Drivers/BSP/Components/lis302dl/lis302dl.c ****   
 408              		.loc 1 196 3 is_stmt 1 view .LVU81
 196:Drivers/BSP/Components/lis302dl/lis302dl.c ****   
 409              		.loc 1 196 11 is_stmt 0 view .LVU82
 410 0006 0023     		movs	r3, #0
 411 0008 8DF80730 		strb	r3, [sp, #7]
 199:Drivers/BSP/Components/lis302dl/lis302dl.c ****   
 412              		.loc 1 199 3 is_stmt 1 view .LVU83
 413 000c 0122     		movs	r2, #1
 414 000e 3821     		movs	r1, #56
 415 0010 0DF10700 		add	r0, sp, #7
 416              	.LVL28:
 199:Drivers/BSP/Components/lis302dl/lis302dl.c ****   
 417              		.loc 1 199 3 is_stmt 0 view .LVU84
 418 0014 FFF7FEFF 		bl	ACCELERO_IO_Read
 419              	.LVL29:
 202:Drivers/BSP/Components/lis302dl/lis302dl.c ****                    LIS302DL_IntConfigStruct->SingleClick_Axes | \
 420              		.loc 1 202 3 is_stmt 1 view .LVU85
 202:Drivers/BSP/Components/lis302dl/lis302dl.c ****                    LIS302DL_IntConfigStruct->SingleClick_Axes | \
 421              		.loc 1 202 44 is_stmt 0 view .LVU86
 422 0018 2278     		ldrb	r2, [r4]	@ zero_extendqisi2
 203:Drivers/BSP/Components/lis302dl/lis302dl.c ****                    LIS302DL_IntConfigStruct->DoubleClick_Axes);
 423              		.loc 1 203 44 view .LVU87
 424 001a 6178     		ldrb	r1, [r4, #1]	@ zero_extendqisi2
 204:Drivers/BSP/Components/lis302dl/lis302dl.c ****   
 425              		.loc 1 204 44 view .LVU88
 426 001c A378     		ldrb	r3, [r4, #2]	@ zero_extendqisi2
 202:Drivers/BSP/Components/lis302dl/lis302dl.c ****                    LIS302DL_IntConfigStruct->SingleClick_Axes | \
 427              		.loc 1 202 10 view .LVU89
 428 001e 0A43     		orrs	r2, r2, r1
 429 0020 1343     		orrs	r3, r3, r2
 202:Drivers/BSP/Components/lis302dl/lis302dl.c ****                    LIS302DL_IntConfigStruct->SingleClick_Axes | \
 430              		.loc 1 202 8 view .LVU90
 431 0022 8DF80730 		strb	r3, [sp, #7]
 207:Drivers/BSP/Components/lis302dl/lis302dl.c **** }
 432              		.loc 1 207 3 is_stmt 1 view .LVU91
 433 0026 0122     		movs	r2, #1
 434 0028 3821     		movs	r1, #56
ARM GAS  /var/folders/lp/x54gwt890xv47sdkqj1k04q40000gn/T//ccGDp4S1.s 			page 16


 435 002a 0DF10700 		add	r0, sp, #7
 436 002e FFF7FEFF 		bl	ACCELERO_IO_Write
 437              	.LVL30:
 208:Drivers/BSP/Components/lis302dl/lis302dl.c **** 
 438              		.loc 1 208 1 is_stmt 0 view .LVU92
 439 0032 02B0     		add	sp, sp, #8
 440              		.cfi_def_cfa_offset 8
 441              		@ sp needed
 442 0034 10BD     		pop	{r4, pc}
 208:Drivers/BSP/Components/lis302dl/lis302dl.c **** 
 443              		.loc 1 208 1 view .LVU93
 444              		.cfi_endproc
 445              	.LFE4:
 447              		.section	.text.LIS302DL_Click_IntConfig,"ax",%progbits
 448              		.align	1
 449              		.global	LIS302DL_Click_IntConfig
 450              		.syntax unified
 451              		.thumb
 452              		.thumb_func
 454              	LIS302DL_Click_IntConfig:
 455              	.LFB5:
 216:Drivers/BSP/Components/lis302dl/lis302dl.c ****   uint8_t ctrl = 0x00;
 456              		.loc 1 216 1 is_stmt 1 view -0
 457              		.cfi_startproc
 458              		@ args = 0, pretend = 0, frame = 8
 459              		@ frame_needed = 0, uses_anonymous_args = 0
 460 0000 30B5     		push	{r4, r5, lr}
 461              		.cfi_def_cfa_offset 12
 462              		.cfi_offset 4, -12
 463              		.cfi_offset 5, -8
 464              		.cfi_offset 14, -4
 465 0002 83B0     		sub	sp, sp, #12
 466              		.cfi_def_cfa_offset 24
 217:Drivers/BSP/Components/lis302dl/lis302dl.c ****   LIS302DL_InterruptConfigTypeDef   LIS302DL_InterruptStruct;
 467              		.loc 1 217 3 view .LVU95
 217:Drivers/BSP/Components/lis302dl/lis302dl.c ****   LIS302DL_InterruptConfigTypeDef   LIS302DL_InterruptStruct;
 468              		.loc 1 217 11 is_stmt 0 view .LVU96
 469 0004 0023     		movs	r3, #0
 470 0006 8DF80730 		strb	r3, [sp, #7]
 218:Drivers/BSP/Components/lis302dl/lis302dl.c ****   
 471              		.loc 1 218 3 is_stmt 1 view .LVU97
 220:Drivers/BSP/Components/lis302dl/lis302dl.c ****   
 472              		.loc 1 220 3 view .LVU98
 473 000a FFF7FEFF 		bl	ACCELERO_IO_ITConfig
 474              	.LVL31:
 223:Drivers/BSP/Components/lis302dl/lis302dl.c ****   LIS302DL_InterruptStruct.SingleClick_Axes = LIS302DL_CLICKINTERRUPT_Z_ENABLE;
 475              		.loc 1 223 3 view .LVU99
 223:Drivers/BSP/Components/lis302dl/lis302dl.c ****   LIS302DL_InterruptStruct.SingleClick_Axes = LIS302DL_CLICKINTERRUPT_Z_ENABLE;
 476              		.loc 1 223 42 is_stmt 0 view .LVU100
 477 000e 4023     		movs	r3, #64
 478 0010 8DF80430 		strb	r3, [sp, #4]
 224:Drivers/BSP/Components/lis302dl/lis302dl.c ****   LIS302DL_InterruptStruct.DoubleClick_Axes = LIS302DL_DOUBLECLICKINTERRUPT_Z_ENABLE;
 479              		.loc 1 224 3 is_stmt 1 view .LVU101
 224:Drivers/BSP/Components/lis302dl/lis302dl.c ****   LIS302DL_InterruptStruct.DoubleClick_Axes = LIS302DL_DOUBLECLICKINTERRUPT_Z_ENABLE;
 480              		.loc 1 224 45 is_stmt 0 view .LVU102
 481 0014 1023     		movs	r3, #16
 482 0016 8DF80530 		strb	r3, [sp, #5]
ARM GAS  /var/folders/lp/x54gwt890xv47sdkqj1k04q40000gn/T//ccGDp4S1.s 			page 17


 225:Drivers/BSP/Components/lis302dl/lis302dl.c ****   LIS302DL_InterruptConfig(&LIS302DL_InterruptStruct);
 483              		.loc 1 225 3 is_stmt 1 view .LVU103
 225:Drivers/BSP/Components/lis302dl/lis302dl.c ****   LIS302DL_InterruptConfig(&LIS302DL_InterruptStruct);
 484              		.loc 1 225 45 is_stmt 0 view .LVU104
 485 001a 2023     		movs	r3, #32
 486 001c 8DF80630 		strb	r3, [sp, #6]
 226:Drivers/BSP/Components/lis302dl/lis302dl.c ****   
 487              		.loc 1 226 3 is_stmt 1 view .LVU105
 488 0020 01A8     		add	r0, sp, #4
 489 0022 FFF7FEFF 		bl	LIS302DL_InterruptConfig
 490              	.LVL32:
 230:Drivers/BSP/Components/lis302dl/lis302dl.c ****   ACCELERO_IO_Write(&ctrl, LIS302DL_CTRL_REG3_ADDR, 1);
 491              		.loc 1 230 3 view .LVU106
 230:Drivers/BSP/Components/lis302dl/lis302dl.c ****   ACCELERO_IO_Write(&ctrl, LIS302DL_CTRL_REG3_ADDR, 1);
 492              		.loc 1 230 8 is_stmt 0 view .LVU107
 493 0026 3F24     		movs	r4, #63
 494 0028 8DF80740 		strb	r4, [sp, #7]
 231:Drivers/BSP/Components/lis302dl/lis302dl.c ****   
 495              		.loc 1 231 3 is_stmt 1 view .LVU108
 496 002c 0122     		movs	r2, #1
 497 002e 2221     		movs	r1, #34
 498 0030 0DF10700 		add	r0, sp, #7
 499 0034 FFF7FEFF 		bl	ACCELERO_IO_Write
 500              	.LVL33:
 234:Drivers/BSP/Components/lis302dl/lis302dl.c ****   ACCELERO_IO_Write(&ctrl, LIS302DL_CLICK_CFG_REG_ADDR, 1);
 501              		.loc 1 234 3 view .LVU109
 234:Drivers/BSP/Components/lis302dl/lis302dl.c ****   ACCELERO_IO_Write(&ctrl, LIS302DL_CLICK_CFG_REG_ADDR, 1);
 502              		.loc 1 234 8 is_stmt 0 view .LVU110
 503 0038 5023     		movs	r3, #80
 504 003a 8DF80730 		strb	r3, [sp, #7]
 235:Drivers/BSP/Components/lis302dl/lis302dl.c ****   
 505              		.loc 1 235 3 is_stmt 1 view .LVU111
 506 003e 0122     		movs	r2, #1
 507 0040 3821     		movs	r1, #56
 508 0042 0DF10700 		add	r0, sp, #7
 509 0046 FFF7FEFF 		bl	ACCELERO_IO_Write
 510              	.LVL34:
 238:Drivers/BSP/Components/lis302dl/lis302dl.c ****   ACCELERO_IO_Write(&ctrl, LIS302DL_CLICK_THSY_X_REG_ADDR, 1);
 511              		.loc 1 238 3 view .LVU112
 238:Drivers/BSP/Components/lis302dl/lis302dl.c ****   ACCELERO_IO_Write(&ctrl, LIS302DL_CLICK_THSY_X_REG_ADDR, 1);
 512              		.loc 1 238 8 is_stmt 0 view .LVU113
 513 004a AA23     		movs	r3, #170
 514 004c 8DF80730 		strb	r3, [sp, #7]
 239:Drivers/BSP/Components/lis302dl/lis302dl.c ****   
 515              		.loc 1 239 3 is_stmt 1 view .LVU114
 516 0050 0122     		movs	r2, #1
 517 0052 3B21     		movs	r1, #59
 518 0054 0DF10700 		add	r0, sp, #7
 519 0058 FFF7FEFF 		bl	ACCELERO_IO_Write
 520              	.LVL35:
 242:Drivers/BSP/Components/lis302dl/lis302dl.c ****   ACCELERO_IO_Write(&ctrl, LIS302DL_CLICK_THSZ_REG_ADDR, 1);
 521              		.loc 1 242 3 view .LVU115
 242:Drivers/BSP/Components/lis302dl/lis302dl.c ****   ACCELERO_IO_Write(&ctrl, LIS302DL_CLICK_THSZ_REG_ADDR, 1);
 522              		.loc 1 242 8 is_stmt 0 view .LVU116
 523 005c 0A23     		movs	r3, #10
 524 005e 8DF80730 		strb	r3, [sp, #7]
 243:Drivers/BSP/Components/lis302dl/lis302dl.c ****   
ARM GAS  /var/folders/lp/x54gwt890xv47sdkqj1k04q40000gn/T//ccGDp4S1.s 			page 18


 525              		.loc 1 243 3 is_stmt 1 view .LVU117
 526 0062 0122     		movs	r2, #1
 527 0064 3C21     		movs	r1, #60
 528 0066 0DF10700 		add	r0, sp, #7
 529 006a FFF7FEFF 		bl	ACCELERO_IO_Write
 530              	.LVL36:
 246:Drivers/BSP/Components/lis302dl/lis302dl.c ****   ACCELERO_IO_Write(&ctrl, LIS302DL_FF_WU_CFG1_REG_ADDR, 1);
 531              		.loc 1 246 3 view .LVU118
 246:Drivers/BSP/Components/lis302dl/lis302dl.c ****   ACCELERO_IO_Write(&ctrl, LIS302DL_FF_WU_CFG1_REG_ADDR, 1);
 532              		.loc 1 246 8 is_stmt 0 view .LVU119
 533 006e 4C23     		movs	r3, #76
 534 0070 8DF80730 		strb	r3, [sp, #7]
 247:Drivers/BSP/Components/lis302dl/lis302dl.c ****   
 535              		.loc 1 247 3 is_stmt 1 view .LVU120
 536 0074 0122     		movs	r2, #1
 537 0076 3021     		movs	r1, #48
 538 0078 0DF10700 		add	r0, sp, #7
 539 007c FFF7FEFF 		bl	ACCELERO_IO_Write
 540              	.LVL37:
 250:Drivers/BSP/Components/lis302dl/lis302dl.c ****   ACCELERO_IO_Write(&ctrl, LIS302DL_CLICK_TIMELIMIT_REG_ADDR, 1);
 541              		.loc 1 250 3 view .LVU121
 250:Drivers/BSP/Components/lis302dl/lis302dl.c ****   ACCELERO_IO_Write(&ctrl, LIS302DL_CLICK_TIMELIMIT_REG_ADDR, 1);
 542              		.loc 1 250 8 is_stmt 0 view .LVU122
 543 0080 0323     		movs	r3, #3
 544 0082 8DF80730 		strb	r3, [sp, #7]
 251:Drivers/BSP/Components/lis302dl/lis302dl.c ****   
 545              		.loc 1 251 3 is_stmt 1 view .LVU123
 546 0086 0122     		movs	r2, #1
 547 0088 3D21     		movs	r1, #61
 548 008a 0DF10700 		add	r0, sp, #7
 549 008e FFF7FEFF 		bl	ACCELERO_IO_Write
 550              	.LVL38:
 254:Drivers/BSP/Components/lis302dl/lis302dl.c ****   ACCELERO_IO_Write(&ctrl, LIS302DL_CLICK_LATENCY_REG_ADDR, 1);
 551              		.loc 1 254 3 view .LVU124
 254:Drivers/BSP/Components/lis302dl/lis302dl.c ****   ACCELERO_IO_Write(&ctrl, LIS302DL_CLICK_LATENCY_REG_ADDR, 1);
 552              		.loc 1 254 8 is_stmt 0 view .LVU125
 553 0092 7F25     		movs	r5, #127
 554 0094 8DF80750 		strb	r5, [sp, #7]
 255:Drivers/BSP/Components/lis302dl/lis302dl.c ****   
 555              		.loc 1 255 3 is_stmt 1 view .LVU126
 556 0098 0122     		movs	r2, #1
 557 009a 3E21     		movs	r1, #62
 558 009c 0DF10700 		add	r0, sp, #7
 559 00a0 FFF7FEFF 		bl	ACCELERO_IO_Write
 560              	.LVL39:
 258:Drivers/BSP/Components/lis302dl/lis302dl.c ****   ACCELERO_IO_Write(&ctrl, LIS302DL_CLICK_WINDOW_REG_ADDR, 1);
 561              		.loc 1 258 3 view .LVU127
 258:Drivers/BSP/Components/lis302dl/lis302dl.c ****   ACCELERO_IO_Write(&ctrl, LIS302DL_CLICK_WINDOW_REG_ADDR, 1);
 562              		.loc 1 258 8 is_stmt 0 view .LVU128
 563 00a4 8DF80750 		strb	r5, [sp, #7]
 259:Drivers/BSP/Components/lis302dl/lis302dl.c **** }
 564              		.loc 1 259 3 is_stmt 1 view .LVU129
 565 00a8 0122     		movs	r2, #1
 566 00aa 2146     		mov	r1, r4
 567 00ac 0DF10700 		add	r0, sp, #7
 568 00b0 FFF7FEFF 		bl	ACCELERO_IO_Write
 569              	.LVL40:
ARM GAS  /var/folders/lp/x54gwt890xv47sdkqj1k04q40000gn/T//ccGDp4S1.s 			page 19


 260:Drivers/BSP/Components/lis302dl/lis302dl.c **** 
 570              		.loc 1 260 1 is_stmt 0 view .LVU130
 571 00b4 03B0     		add	sp, sp, #12
 572              		.cfi_def_cfa_offset 12
 573              		@ sp needed
 574 00b6 30BD     		pop	{r4, r5, pc}
 575              		.cfi_endproc
 576              	.LFE5:
 578              		.section	.text.LIS302DL_LowpowerCmd,"ax",%progbits
 579              		.align	1
 580              		.global	LIS302DL_LowpowerCmd
 581              		.syntax unified
 582              		.thumb
 583              		.thumb_func
 585              	LIS302DL_LowpowerCmd:
 586              	.LVL41:
 587              	.LFB7:
 285:Drivers/BSP/Components/lis302dl/lis302dl.c ****   uint8_t tmpreg;
 588              		.loc 1 285 1 is_stmt 1 view -0
 589              		.cfi_startproc
 590              		@ args = 0, pretend = 0, frame = 8
 591              		@ frame_needed = 0, uses_anonymous_args = 0
 285:Drivers/BSP/Components/lis302dl/lis302dl.c ****   uint8_t tmpreg;
 592              		.loc 1 285 1 is_stmt 0 view .LVU132
 593 0000 10B5     		push	{r4, lr}
 594              		.cfi_def_cfa_offset 8
 595              		.cfi_offset 4, -8
 596              		.cfi_offset 14, -4
 597 0002 82B0     		sub	sp, sp, #8
 598              		.cfi_def_cfa_offset 16
 599 0004 0446     		mov	r4, r0
 286:Drivers/BSP/Components/lis302dl/lis302dl.c ****   
 600              		.loc 1 286 3 is_stmt 1 view .LVU133
 289:Drivers/BSP/Components/lis302dl/lis302dl.c ****   
 601              		.loc 1 289 3 view .LVU134
 602 0006 0122     		movs	r2, #1
 603 0008 2021     		movs	r1, #32
 604 000a 0DF10700 		add	r0, sp, #7
 605              	.LVL42:
 289:Drivers/BSP/Components/lis302dl/lis302dl.c ****   
 606              		.loc 1 289 3 is_stmt 0 view .LVU135
 607 000e FFF7FEFF 		bl	ACCELERO_IO_Read
 608              	.LVL43:
 292:Drivers/BSP/Components/lis302dl/lis302dl.c ****   tmpreg |= LowPowerMode;
 609              		.loc 1 292 3 is_stmt 1 view .LVU136
 292:Drivers/BSP/Components/lis302dl/lis302dl.c ****   tmpreg |= LowPowerMode;
 610              		.loc 1 292 10 is_stmt 0 view .LVU137
 611 0012 9DF80730 		ldrb	r3, [sp, #7]	@ zero_extendqisi2
 612 0016 03F0BF03 		and	r3, r3, #191
 613 001a 8DF80730 		strb	r3, [sp, #7]
 293:Drivers/BSP/Components/lis302dl/lis302dl.c ****   
 614              		.loc 1 293 3 is_stmt 1 view .LVU138
 293:Drivers/BSP/Components/lis302dl/lis302dl.c ****   
 615              		.loc 1 293 10 is_stmt 0 view .LVU139
 616 001e 2343     		orrs	r3, r3, r4
 617 0020 8DF80730 		strb	r3, [sp, #7]
 296:Drivers/BSP/Components/lis302dl/lis302dl.c **** }
ARM GAS  /var/folders/lp/x54gwt890xv47sdkqj1k04q40000gn/T//ccGDp4S1.s 			page 20


 618              		.loc 1 296 3 is_stmt 1 view .LVU140
 619 0024 0122     		movs	r2, #1
 620 0026 2021     		movs	r1, #32
 621 0028 0DF10700 		add	r0, sp, #7
 622 002c FFF7FEFF 		bl	ACCELERO_IO_Write
 623              	.LVL44:
 297:Drivers/BSP/Components/lis302dl/lis302dl.c **** 
 624              		.loc 1 297 1 is_stmt 0 view .LVU141
 625 0030 02B0     		add	sp, sp, #8
 626              		.cfi_def_cfa_offset 8
 627              		@ sp needed
 628 0032 10BD     		pop	{r4, pc}
 297:Drivers/BSP/Components/lis302dl/lis302dl.c **** 
 629              		.loc 1 297 1 view .LVU142
 630              		.cfi_endproc
 631              	.LFE7:
 633              		.section	.text.LIS302DL_DataRateCmd,"ax",%progbits
 634              		.align	1
 635              		.global	LIS302DL_DataRateCmd
 636              		.syntax unified
 637              		.thumb
 638              		.thumb_func
 640              	LIS302DL_DataRateCmd:
 641              	.LVL45:
 642              	.LFB8:
 308:Drivers/BSP/Components/lis302dl/lis302dl.c ****   uint8_t tmpreg;
 643              		.loc 1 308 1 is_stmt 1 view -0
 644              		.cfi_startproc
 645              		@ args = 0, pretend = 0, frame = 8
 646              		@ frame_needed = 0, uses_anonymous_args = 0
 308:Drivers/BSP/Components/lis302dl/lis302dl.c ****   uint8_t tmpreg;
 647              		.loc 1 308 1 is_stmt 0 view .LVU144
 648 0000 10B5     		push	{r4, lr}
 649              		.cfi_def_cfa_offset 8
 650              		.cfi_offset 4, -8
 651              		.cfi_offset 14, -4
 652 0002 82B0     		sub	sp, sp, #8
 653              		.cfi_def_cfa_offset 16
 654 0004 0446     		mov	r4, r0
 309:Drivers/BSP/Components/lis302dl/lis302dl.c ****   
 655              		.loc 1 309 3 is_stmt 1 view .LVU145
 312:Drivers/BSP/Components/lis302dl/lis302dl.c ****   
 656              		.loc 1 312 3 view .LVU146
 657 0006 0122     		movs	r2, #1
 658 0008 2021     		movs	r1, #32
 659 000a 0DF10700 		add	r0, sp, #7
 660              	.LVL46:
 312:Drivers/BSP/Components/lis302dl/lis302dl.c ****   
 661              		.loc 1 312 3 is_stmt 0 view .LVU147
 662 000e FFF7FEFF 		bl	ACCELERO_IO_Read
 663              	.LVL47:
 315:Drivers/BSP/Components/lis302dl/lis302dl.c ****   tmpreg |= DataRateValue;
 664              		.loc 1 315 3 is_stmt 1 view .LVU148
 315:Drivers/BSP/Components/lis302dl/lis302dl.c ****   tmpreg |= DataRateValue;
 665              		.loc 1 315 10 is_stmt 0 view .LVU149
 666 0012 9DF80730 		ldrb	r3, [sp, #7]	@ zero_extendqisi2
 667 0016 03F07F03 		and	r3, r3, #127
ARM GAS  /var/folders/lp/x54gwt890xv47sdkqj1k04q40000gn/T//ccGDp4S1.s 			page 21


 668 001a 8DF80730 		strb	r3, [sp, #7]
 316:Drivers/BSP/Components/lis302dl/lis302dl.c ****   
 669              		.loc 1 316 3 is_stmt 1 view .LVU150
 316:Drivers/BSP/Components/lis302dl/lis302dl.c ****   
 670              		.loc 1 316 10 is_stmt 0 view .LVU151
 671 001e 2343     		orrs	r3, r3, r4
 672 0020 8DF80730 		strb	r3, [sp, #7]
 319:Drivers/BSP/Components/lis302dl/lis302dl.c **** }
 673              		.loc 1 319 3 is_stmt 1 view .LVU152
 674 0024 0122     		movs	r2, #1
 675 0026 2021     		movs	r1, #32
 676 0028 0DF10700 		add	r0, sp, #7
 677 002c FFF7FEFF 		bl	ACCELERO_IO_Write
 678              	.LVL48:
 320:Drivers/BSP/Components/lis302dl/lis302dl.c **** 
 679              		.loc 1 320 1 is_stmt 0 view .LVU153
 680 0030 02B0     		add	sp, sp, #8
 681              		.cfi_def_cfa_offset 8
 682              		@ sp needed
 683 0032 10BD     		pop	{r4, pc}
 320:Drivers/BSP/Components/lis302dl/lis302dl.c **** 
 684              		.loc 1 320 1 view .LVU154
 685              		.cfi_endproc
 686              	.LFE8:
 688              		.section	.text.LIS302DL_FullScaleCmd,"ax",%progbits
 689              		.align	1
 690              		.global	LIS302DL_FullScaleCmd
 691              		.syntax unified
 692              		.thumb
 693              		.thumb_func
 695              	LIS302DL_FullScaleCmd:
 696              	.LVL49:
 697              	.LFB9:
 331:Drivers/BSP/Components/lis302dl/lis302dl.c ****   uint8_t tmpreg;
 698              		.loc 1 331 1 is_stmt 1 view -0
 699              		.cfi_startproc
 700              		@ args = 0, pretend = 0, frame = 8
 701              		@ frame_needed = 0, uses_anonymous_args = 0
 331:Drivers/BSP/Components/lis302dl/lis302dl.c ****   uint8_t tmpreg;
 702              		.loc 1 331 1 is_stmt 0 view .LVU156
 703 0000 10B5     		push	{r4, lr}
 704              		.cfi_def_cfa_offset 8
 705              		.cfi_offset 4, -8
 706              		.cfi_offset 14, -4
 707 0002 82B0     		sub	sp, sp, #8
 708              		.cfi_def_cfa_offset 16
 709 0004 0446     		mov	r4, r0
 332:Drivers/BSP/Components/lis302dl/lis302dl.c ****   
 710              		.loc 1 332 3 is_stmt 1 view .LVU157
 335:Drivers/BSP/Components/lis302dl/lis302dl.c ****   
 711              		.loc 1 335 3 view .LVU158
 712 0006 0122     		movs	r2, #1
 713 0008 2021     		movs	r1, #32
 714 000a 0DF10700 		add	r0, sp, #7
 715              	.LVL50:
 335:Drivers/BSP/Components/lis302dl/lis302dl.c ****   
 716              		.loc 1 335 3 is_stmt 0 view .LVU159
ARM GAS  /var/folders/lp/x54gwt890xv47sdkqj1k04q40000gn/T//ccGDp4S1.s 			page 22


 717 000e FFF7FEFF 		bl	ACCELERO_IO_Read
 718              	.LVL51:
 338:Drivers/BSP/Components/lis302dl/lis302dl.c ****   tmpreg |= FS_value;
 719              		.loc 1 338 3 is_stmt 1 view .LVU160
 338:Drivers/BSP/Components/lis302dl/lis302dl.c ****   tmpreg |= FS_value;
 720              		.loc 1 338 10 is_stmt 0 view .LVU161
 721 0012 9DF80730 		ldrb	r3, [sp, #7]	@ zero_extendqisi2
 722 0016 03F0DF03 		and	r3, r3, #223
 723 001a 8DF80730 		strb	r3, [sp, #7]
 339:Drivers/BSP/Components/lis302dl/lis302dl.c ****   
 724              		.loc 1 339 3 is_stmt 1 view .LVU162
 339:Drivers/BSP/Components/lis302dl/lis302dl.c ****   
 725              		.loc 1 339 10 is_stmt 0 view .LVU163
 726 001e 2343     		orrs	r3, r3, r4
 727 0020 8DF80730 		strb	r3, [sp, #7]
 342:Drivers/BSP/Components/lis302dl/lis302dl.c **** }
 728              		.loc 1 342 3 is_stmt 1 view .LVU164
 729 0024 0122     		movs	r2, #1
 730 0026 2021     		movs	r1, #32
 731 0028 0DF10700 		add	r0, sp, #7
 732 002c FFF7FEFF 		bl	ACCELERO_IO_Write
 733              	.LVL52:
 343:Drivers/BSP/Components/lis302dl/lis302dl.c **** 
 734              		.loc 1 343 1 is_stmt 0 view .LVU165
 735 0030 02B0     		add	sp, sp, #8
 736              		.cfi_def_cfa_offset 8
 737              		@ sp needed
 738 0032 10BD     		pop	{r4, pc}
 343:Drivers/BSP/Components/lis302dl/lis302dl.c **** 
 739              		.loc 1 343 1 view .LVU166
 740              		.cfi_endproc
 741              	.LFE9:
 743              		.global	Lis302dlDrv
 744              		.section	.data.Lis302dlDrv,"aw"
 745              		.align	2
 748              	Lis302dlDrv:
 749 0000 00000000 		.word	LIS302DL_Init
 750 0004 00000000 		.word	LIS302DL_DeInit
 751 0008 00000000 		.word	LIS302DL_ReadID
 752 000c 00000000 		.word	LIS302DL_RebootCmd
 753 0010 00000000 		.word	LIS302DL_Click_IntConfig
 754 0014 00000000 		.word	0
 755 0018 00000000 		.word	0
 756 001c 00000000 		.word	0
 757 0020 00000000 		.word	0
 758 0024 00000000 		.word	LIS302DL_Click_IntClear
 759 0028 00000000 		.word	LIS302DL_FilterConfig
 760 002c 00000000 		.word	0
 761 0030 00000000 		.word	LIS302DL_ReadACC
 762              		.text
 763              	.Letext0:
 764              		.file 2 "/Users/jr/Library/Application Support/Code/User/globalStorage/bmd.stm32-for-vscode/@xpack
 765              		.file 3 "/Users/jr/Library/Application Support/Code/User/globalStorage/bmd.stm32-for-vscode/@xpack
 766              		.file 4 "Drivers/BSP/Components/lis302dl/../Common/accelero.h"
 767              		.file 5 "Drivers/BSP/Components/lis302dl/lis302dl.h"
ARM GAS  /var/folders/lp/x54gwt890xv47sdkqj1k04q40000gn/T//ccGDp4S1.s 			page 23


DEFINED SYMBOLS
                            *ABS*:00000000 lis302dl.c
/var/folders/lp/x54gwt890xv47sdkqj1k04q40000gn/T//ccGDp4S1.s:21     .text.LIS302DL_DeInit:00000000 $t
/var/folders/lp/x54gwt890xv47sdkqj1k04q40000gn/T//ccGDp4S1.s:27     .text.LIS302DL_DeInit:00000000 LIS302DL_DeInit
/var/folders/lp/x54gwt890xv47sdkqj1k04q40000gn/T//ccGDp4S1.s:40     .text.LIS302DL_Init:00000000 $t
/var/folders/lp/x54gwt890xv47sdkqj1k04q40000gn/T//ccGDp4S1.s:46     .text.LIS302DL_Init:00000000 LIS302DL_Init
/var/folders/lp/x54gwt890xv47sdkqj1k04q40000gn/T//ccGDp4S1.s:87     .text.LIS302DL_ReadID:00000000 $t
/var/folders/lp/x54gwt890xv47sdkqj1k04q40000gn/T//ccGDp4S1.s:93     .text.LIS302DL_ReadID:00000000 LIS302DL_ReadID
/var/folders/lp/x54gwt890xv47sdkqj1k04q40000gn/T//ccGDp4S1.s:128    .text.LIS302DL_FilterConfig:00000000 $t
/var/folders/lp/x54gwt890xv47sdkqj1k04q40000gn/T//ccGDp4S1.s:134    .text.LIS302DL_FilterConfig:00000000 LIS302DL_FilterConfig
/var/folders/lp/x54gwt890xv47sdkqj1k04q40000gn/T//ccGDp4S1.s:186    .text.LIS302DL_Click_IntClear:00000000 $t
/var/folders/lp/x54gwt890xv47sdkqj1k04q40000gn/T//ccGDp4S1.s:192    .text.LIS302DL_Click_IntClear:00000000 LIS302DL_Click_IntClear
/var/folders/lp/x54gwt890xv47sdkqj1k04q40000gn/T//ccGDp4S1.s:228    .text.LIS302DL_RebootCmd:00000000 $t
/var/folders/lp/x54gwt890xv47sdkqj1k04q40000gn/T//ccGDp4S1.s:234    .text.LIS302DL_RebootCmd:00000000 LIS302DL_RebootCmd
/var/folders/lp/x54gwt890xv47sdkqj1k04q40000gn/T//ccGDp4S1.s:272    .text.LIS302DL_ReadACC:00000000 $t
/var/folders/lp/x54gwt890xv47sdkqj1k04q40000gn/T//ccGDp4S1.s:278    .text.LIS302DL_ReadACC:00000000 LIS302DL_ReadACC
/var/folders/lp/x54gwt890xv47sdkqj1k04q40000gn/T//ccGDp4S1.s:387    .text.LIS302DL_InterruptConfig:00000000 $t
/var/folders/lp/x54gwt890xv47sdkqj1k04q40000gn/T//ccGDp4S1.s:393    .text.LIS302DL_InterruptConfig:00000000 LIS302DL_InterruptConfig
/var/folders/lp/x54gwt890xv47sdkqj1k04q40000gn/T//ccGDp4S1.s:448    .text.LIS302DL_Click_IntConfig:00000000 $t
/var/folders/lp/x54gwt890xv47sdkqj1k04q40000gn/T//ccGDp4S1.s:454    .text.LIS302DL_Click_IntConfig:00000000 LIS302DL_Click_IntConfig
/var/folders/lp/x54gwt890xv47sdkqj1k04q40000gn/T//ccGDp4S1.s:579    .text.LIS302DL_LowpowerCmd:00000000 $t
/var/folders/lp/x54gwt890xv47sdkqj1k04q40000gn/T//ccGDp4S1.s:585    .text.LIS302DL_LowpowerCmd:00000000 LIS302DL_LowpowerCmd
/var/folders/lp/x54gwt890xv47sdkqj1k04q40000gn/T//ccGDp4S1.s:634    .text.LIS302DL_DataRateCmd:00000000 $t
/var/folders/lp/x54gwt890xv47sdkqj1k04q40000gn/T//ccGDp4S1.s:640    .text.LIS302DL_DataRateCmd:00000000 LIS302DL_DataRateCmd
/var/folders/lp/x54gwt890xv47sdkqj1k04q40000gn/T//ccGDp4S1.s:689    .text.LIS302DL_FullScaleCmd:00000000 $t
/var/folders/lp/x54gwt890xv47sdkqj1k04q40000gn/T//ccGDp4S1.s:695    .text.LIS302DL_FullScaleCmd:00000000 LIS302DL_FullScaleCmd
/var/folders/lp/x54gwt890xv47sdkqj1k04q40000gn/T//ccGDp4S1.s:748    .data.Lis302dlDrv:00000000 Lis302dlDrv
/var/folders/lp/x54gwt890xv47sdkqj1k04q40000gn/T//ccGDp4S1.s:745    .data.Lis302dlDrv:00000000 $d

UNDEFINED SYMBOLS
ACCELERO_IO_Init
ACCELERO_IO_Write
ACCELERO_IO_Read
ACCELERO_IO_ITConfig
