ARM GAS  /var/folders/lp/x54gwt890xv47sdkqj1k04q40000gn/T//ccnutLzR.s 			page 1


   1              		.cpu cortex-m4
   2              		.arch armv7e-m
   3              		.fpu fpv4-sp-d16
   4              		.eabi_attribute 27, 1
   5              		.eabi_attribute 28, 1
   6              		.eabi_attribute 20, 1
   7              		.eabi_attribute 21, 1
   8              		.eabi_attribute 23, 3
   9              		.eabi_attribute 24, 1
  10              		.eabi_attribute 25, 1
  11              		.eabi_attribute 26, 1
  12              		.eabi_attribute 30, 1
  13              		.eabi_attribute 34, 1
  14              		.eabi_attribute 18, 4
  15              		.file	"lis3dsh.c"
  16              		.text
  17              	.Ltext0:
  18              		.cfi_sections	.debug_frame
  19              		.file 1 "Drivers/BSP/Components/lis3dsh/lis3dsh.c"
  20              		.section	.text.LIS3DSH_DeInit,"ax",%progbits
  21              		.align	1
  22              		.global	LIS3DSH_DeInit
  23              		.syntax unified
  24              		.thumb
  25              		.thumb_func
  27              	LIS3DSH_DeInit:
  28              	.LFB1:
   1:Drivers/BSP/Components/lis3dsh/lis3dsh.c **** /**
   2:Drivers/BSP/Components/lis3dsh/lis3dsh.c ****   ******************************************************************************
   3:Drivers/BSP/Components/lis3dsh/lis3dsh.c ****   * @file    lis3dsh.c
   4:Drivers/BSP/Components/lis3dsh/lis3dsh.c ****   * @author  MCD Application Team
   5:Drivers/BSP/Components/lis3dsh/lis3dsh.c ****   * @version V2.0.0
   6:Drivers/BSP/Components/lis3dsh/lis3dsh.c ****   * @date    03-August-2015
   7:Drivers/BSP/Components/lis3dsh/lis3dsh.c ****   * @brief   This file provides a set of functions needed to manage the LIS3DSH
   8:Drivers/BSP/Components/lis3dsh/lis3dsh.c ****   *          MEMS Accelerometer.
   9:Drivers/BSP/Components/lis3dsh/lis3dsh.c ****   ******************************************************************************
  10:Drivers/BSP/Components/lis3dsh/lis3dsh.c ****   * @attention
  11:Drivers/BSP/Components/lis3dsh/lis3dsh.c ****   *
  12:Drivers/BSP/Components/lis3dsh/lis3dsh.c ****   * <h2><center>&copy; COPYRIGHT(c) 2015 STMicroelectronics</center></h2>
  13:Drivers/BSP/Components/lis3dsh/lis3dsh.c ****   *
  14:Drivers/BSP/Components/lis3dsh/lis3dsh.c ****   * Redistribution and use in source and binary forms, with or without modification,
  15:Drivers/BSP/Components/lis3dsh/lis3dsh.c ****   * are permitted provided that the following conditions are met:
  16:Drivers/BSP/Components/lis3dsh/lis3dsh.c ****   *   1. Redistributions of source code must retain the above copyright notice,
  17:Drivers/BSP/Components/lis3dsh/lis3dsh.c ****   *      this list of conditions and the following disclaimer.
  18:Drivers/BSP/Components/lis3dsh/lis3dsh.c ****   *   2. Redistributions in binary form must reproduce the above copyright notice,
  19:Drivers/BSP/Components/lis3dsh/lis3dsh.c ****   *      this list of conditions and the following disclaimer in the documentation
  20:Drivers/BSP/Components/lis3dsh/lis3dsh.c ****   *      and/or other materials provided with the distribution.
  21:Drivers/BSP/Components/lis3dsh/lis3dsh.c ****   *   3. Neither the name of STMicroelectronics nor the names of its contributors
  22:Drivers/BSP/Components/lis3dsh/lis3dsh.c ****   *      may be used to endorse or promote products derived from this software
  23:Drivers/BSP/Components/lis3dsh/lis3dsh.c ****   *      without specific prior written permission.
  24:Drivers/BSP/Components/lis3dsh/lis3dsh.c ****   *
  25:Drivers/BSP/Components/lis3dsh/lis3dsh.c ****   * THIS SOFTWARE IS PROVIDED BY THE COPYRIGHT HOLDERS AND CONTRIBUTORS "AS IS"
  26:Drivers/BSP/Components/lis3dsh/lis3dsh.c ****   * AND ANY EXPRESS OR IMPLIED WARRANTIES, INCLUDING, BUT NOT LIMITED TO, THE
  27:Drivers/BSP/Components/lis3dsh/lis3dsh.c ****   * IMPLIED WARRANTIES OF MERCHANTABILITY AND FITNESS FOR A PARTICULAR PURPOSE ARE
  28:Drivers/BSP/Components/lis3dsh/lis3dsh.c ****   * DISCLAIMED. IN NO EVENT SHALL THE COPYRIGHT HOLDER OR CONTRIBUTORS BE LIABLE
  29:Drivers/BSP/Components/lis3dsh/lis3dsh.c ****   * FOR ANY DIRECT, INDIRECT, INCIDENTAL, SPECIAL, EXEMPLARY, OR CONSEQUENTIAL
  30:Drivers/BSP/Components/lis3dsh/lis3dsh.c ****   * DAMAGES (INCLUDING, BUT NOT LIMITED TO, PROCUREMENT OF SUBSTITUTE GOODS OR
ARM GAS  /var/folders/lp/x54gwt890xv47sdkqj1k04q40000gn/T//ccnutLzR.s 			page 2


  31:Drivers/BSP/Components/lis3dsh/lis3dsh.c ****   * SERVICES; LOSS OF USE, DATA, OR PROFITS; OR BUSINESS INTERRUPTION) HOWEVER
  32:Drivers/BSP/Components/lis3dsh/lis3dsh.c ****   * CAUSED AND ON ANY THEORY OF LIABILITY, WHETHER IN CONTRACT, STRICT LIABILITY,
  33:Drivers/BSP/Components/lis3dsh/lis3dsh.c ****   * OR TORT (INCLUDING NEGLIGENCE OR OTHERWISE) ARISING IN ANY WAY OUT OF THE USE
  34:Drivers/BSP/Components/lis3dsh/lis3dsh.c ****   * OF THIS SOFTWARE, EVEN IF ADVISED OF THE POSSIBILITY OF SUCH DAMAGE.
  35:Drivers/BSP/Components/lis3dsh/lis3dsh.c ****   *
  36:Drivers/BSP/Components/lis3dsh/lis3dsh.c ****   ******************************************************************************
  37:Drivers/BSP/Components/lis3dsh/lis3dsh.c ****   */
  38:Drivers/BSP/Components/lis3dsh/lis3dsh.c **** 
  39:Drivers/BSP/Components/lis3dsh/lis3dsh.c **** /* Includes ------------------------------------------------------------------*/
  40:Drivers/BSP/Components/lis3dsh/lis3dsh.c **** #include "lis3dsh.h"
  41:Drivers/BSP/Components/lis3dsh/lis3dsh.c **** 
  42:Drivers/BSP/Components/lis3dsh/lis3dsh.c **** /** @addtogroup BSP
  43:Drivers/BSP/Components/lis3dsh/lis3dsh.c ****   * @{
  44:Drivers/BSP/Components/lis3dsh/lis3dsh.c ****   */ 
  45:Drivers/BSP/Components/lis3dsh/lis3dsh.c **** 
  46:Drivers/BSP/Components/lis3dsh/lis3dsh.c **** /** @addtogroup Components
  47:Drivers/BSP/Components/lis3dsh/lis3dsh.c ****   * @{
  48:Drivers/BSP/Components/lis3dsh/lis3dsh.c ****   */ 
  49:Drivers/BSP/Components/lis3dsh/lis3dsh.c **** 
  50:Drivers/BSP/Components/lis3dsh/lis3dsh.c **** /** @addtogroup LIS3DSH
  51:Drivers/BSP/Components/lis3dsh/lis3dsh.c ****   * @brief  This file includes the motion sensor driver for LIS3DSH motion sensor 
  52:Drivers/BSP/Components/lis3dsh/lis3dsh.c ****   *         devices.
  53:Drivers/BSP/Components/lis3dsh/lis3dsh.c ****   * @{
  54:Drivers/BSP/Components/lis3dsh/lis3dsh.c ****   */
  55:Drivers/BSP/Components/lis3dsh/lis3dsh.c **** 
  56:Drivers/BSP/Components/lis3dsh/lis3dsh.c **** /** @defgroup LIS3DSH_Private_TypesDefinitions
  57:Drivers/BSP/Components/lis3dsh/lis3dsh.c ****   * @{
  58:Drivers/BSP/Components/lis3dsh/lis3dsh.c ****   */
  59:Drivers/BSP/Components/lis3dsh/lis3dsh.c **** 
  60:Drivers/BSP/Components/lis3dsh/lis3dsh.c **** /**
  61:Drivers/BSP/Components/lis3dsh/lis3dsh.c ****   * @}
  62:Drivers/BSP/Components/lis3dsh/lis3dsh.c ****   */
  63:Drivers/BSP/Components/lis3dsh/lis3dsh.c **** 
  64:Drivers/BSP/Components/lis3dsh/lis3dsh.c **** /** @defgroup LIS3DSH_Private_Defines
  65:Drivers/BSP/Components/lis3dsh/lis3dsh.c ****   * @{
  66:Drivers/BSP/Components/lis3dsh/lis3dsh.c ****   */
  67:Drivers/BSP/Components/lis3dsh/lis3dsh.c **** 
  68:Drivers/BSP/Components/lis3dsh/lis3dsh.c **** /**
  69:Drivers/BSP/Components/lis3dsh/lis3dsh.c ****   * @}
  70:Drivers/BSP/Components/lis3dsh/lis3dsh.c ****   */
  71:Drivers/BSP/Components/lis3dsh/lis3dsh.c **** 
  72:Drivers/BSP/Components/lis3dsh/lis3dsh.c **** /** @defgroup LIS3DSH_Private_Macros
  73:Drivers/BSP/Components/lis3dsh/lis3dsh.c ****   * @{
  74:Drivers/BSP/Components/lis3dsh/lis3dsh.c ****   */
  75:Drivers/BSP/Components/lis3dsh/lis3dsh.c **** 
  76:Drivers/BSP/Components/lis3dsh/lis3dsh.c **** /**
  77:Drivers/BSP/Components/lis3dsh/lis3dsh.c ****   * @}
  78:Drivers/BSP/Components/lis3dsh/lis3dsh.c ****   */ 
  79:Drivers/BSP/Components/lis3dsh/lis3dsh.c ****   
  80:Drivers/BSP/Components/lis3dsh/lis3dsh.c **** /** @defgroup LIS3DSH_Private_Variables
  81:Drivers/BSP/Components/lis3dsh/lis3dsh.c ****   * @{
  82:Drivers/BSP/Components/lis3dsh/lis3dsh.c ****   */
  83:Drivers/BSP/Components/lis3dsh/lis3dsh.c **** ACCELERO_DrvTypeDef Lis3dshDrv =
  84:Drivers/BSP/Components/lis3dsh/lis3dsh.c **** {
  85:Drivers/BSP/Components/lis3dsh/lis3dsh.c ****   LIS3DSH_Init,
  86:Drivers/BSP/Components/lis3dsh/lis3dsh.c ****   LIS3DSH_DeInit,
  87:Drivers/BSP/Components/lis3dsh/lis3dsh.c ****   LIS3DSH_ReadID,
ARM GAS  /var/folders/lp/x54gwt890xv47sdkqj1k04q40000gn/T//ccnutLzR.s 			page 3


  88:Drivers/BSP/Components/lis3dsh/lis3dsh.c ****   LIS3DSH_RebootCmd,
  89:Drivers/BSP/Components/lis3dsh/lis3dsh.c ****   LIS3DSH_Click_IntConfig,
  90:Drivers/BSP/Components/lis3dsh/lis3dsh.c ****   0,
  91:Drivers/BSP/Components/lis3dsh/lis3dsh.c ****   0,
  92:Drivers/BSP/Components/lis3dsh/lis3dsh.c ****   0,
  93:Drivers/BSP/Components/lis3dsh/lis3dsh.c ****   0,
  94:Drivers/BSP/Components/lis3dsh/lis3dsh.c ****   0,
  95:Drivers/BSP/Components/lis3dsh/lis3dsh.c ****   0,
  96:Drivers/BSP/Components/lis3dsh/lis3dsh.c ****   0,
  97:Drivers/BSP/Components/lis3dsh/lis3dsh.c ****   LIS3DSH_ReadACC,
  98:Drivers/BSP/Components/lis3dsh/lis3dsh.c **** };
  99:Drivers/BSP/Components/lis3dsh/lis3dsh.c **** 
 100:Drivers/BSP/Components/lis3dsh/lis3dsh.c **** /**
 101:Drivers/BSP/Components/lis3dsh/lis3dsh.c ****   * @}
 102:Drivers/BSP/Components/lis3dsh/lis3dsh.c ****   */
 103:Drivers/BSP/Components/lis3dsh/lis3dsh.c **** 
 104:Drivers/BSP/Components/lis3dsh/lis3dsh.c **** /** @defgroup LIS3DSH_Private_FunctionPrototypes
 105:Drivers/BSP/Components/lis3dsh/lis3dsh.c ****   * @{
 106:Drivers/BSP/Components/lis3dsh/lis3dsh.c ****   */
 107:Drivers/BSP/Components/lis3dsh/lis3dsh.c ****   
 108:Drivers/BSP/Components/lis3dsh/lis3dsh.c **** /**
 109:Drivers/BSP/Components/lis3dsh/lis3dsh.c ****   * @}
 110:Drivers/BSP/Components/lis3dsh/lis3dsh.c ****   */
 111:Drivers/BSP/Components/lis3dsh/lis3dsh.c **** 
 112:Drivers/BSP/Components/lis3dsh/lis3dsh.c **** /** @defgroup LIS3DSH_Private_Functions
 113:Drivers/BSP/Components/lis3dsh/lis3dsh.c ****   * @{
 114:Drivers/BSP/Components/lis3dsh/lis3dsh.c ****   */
 115:Drivers/BSP/Components/lis3dsh/lis3dsh.c **** 
 116:Drivers/BSP/Components/lis3dsh/lis3dsh.c **** /**
 117:Drivers/BSP/Components/lis3dsh/lis3dsh.c ****   * @brief  Set LIS3DSH Initialization.
 118:Drivers/BSP/Components/lis3dsh/lis3dsh.c ****   * @param  InitStruct: contains mask of different init parameters
 119:Drivers/BSP/Components/lis3dsh/lis3dsh.c ****   * @retval None
 120:Drivers/BSP/Components/lis3dsh/lis3dsh.c ****   */
 121:Drivers/BSP/Components/lis3dsh/lis3dsh.c **** void LIS3DSH_Init(uint16_t InitStruct)
 122:Drivers/BSP/Components/lis3dsh/lis3dsh.c **** {
 123:Drivers/BSP/Components/lis3dsh/lis3dsh.c ****   uint8_t ctrl = 0x00;
 124:Drivers/BSP/Components/lis3dsh/lis3dsh.c ****   
 125:Drivers/BSP/Components/lis3dsh/lis3dsh.c ****   /* Configure the low level interface */
 126:Drivers/BSP/Components/lis3dsh/lis3dsh.c ****   ACCELERO_IO_Init();
 127:Drivers/BSP/Components/lis3dsh/lis3dsh.c **** 
 128:Drivers/BSP/Components/lis3dsh/lis3dsh.c ****   /* Configure MEMS: power mode(ODR) and axes enable */
 129:Drivers/BSP/Components/lis3dsh/lis3dsh.c ****   ctrl = (uint8_t) (InitStruct);
 130:Drivers/BSP/Components/lis3dsh/lis3dsh.c ****   
 131:Drivers/BSP/Components/lis3dsh/lis3dsh.c ****   /* Write value to MEMS CTRL_REG4 register */
 132:Drivers/BSP/Components/lis3dsh/lis3dsh.c ****   ACCELERO_IO_Write(&ctrl, LIS3DSH_CTRL_REG4_ADDR, 1);
 133:Drivers/BSP/Components/lis3dsh/lis3dsh.c ****   
 134:Drivers/BSP/Components/lis3dsh/lis3dsh.c ****   /* Configure MEMS: full scale and self test */
 135:Drivers/BSP/Components/lis3dsh/lis3dsh.c ****   ctrl = (uint8_t) (InitStruct >> 8);
 136:Drivers/BSP/Components/lis3dsh/lis3dsh.c ****   
 137:Drivers/BSP/Components/lis3dsh/lis3dsh.c ****   /* Write value to MEMS CTRL_REG5 register */
 138:Drivers/BSP/Components/lis3dsh/lis3dsh.c ****   ACCELERO_IO_Write(&ctrl, LIS3DSH_CTRL_REG5_ADDR, 1);
 139:Drivers/BSP/Components/lis3dsh/lis3dsh.c **** }
 140:Drivers/BSP/Components/lis3dsh/lis3dsh.c **** 
 141:Drivers/BSP/Components/lis3dsh/lis3dsh.c **** /**
 142:Drivers/BSP/Components/lis3dsh/lis3dsh.c ****   * @brief  LIS3DSH De-Initialization.
 143:Drivers/BSP/Components/lis3dsh/lis3dsh.c ****   * @param  None
 144:Drivers/BSP/Components/lis3dsh/lis3dsh.c ****   * @retval None.
ARM GAS  /var/folders/lp/x54gwt890xv47sdkqj1k04q40000gn/T//ccnutLzR.s 			page 4


 145:Drivers/BSP/Components/lis3dsh/lis3dsh.c ****   */
 146:Drivers/BSP/Components/lis3dsh/lis3dsh.c **** void LIS3DSH_DeInit(void)
 147:Drivers/BSP/Components/lis3dsh/lis3dsh.c **** {
  29              		.loc 1 147 1 view -0
  30              		.cfi_startproc
  31              		@ args = 0, pretend = 0, frame = 0
  32              		@ frame_needed = 0, uses_anonymous_args = 0
  33              		@ link register save eliminated.
 148:Drivers/BSP/Components/lis3dsh/lis3dsh.c ****   
 149:Drivers/BSP/Components/lis3dsh/lis3dsh.c **** }
  34              		.loc 1 149 1 view .LVU1
  35 0000 7047     		bx	lr
  36              		.cfi_endproc
  37              	.LFE1:
  39              		.section	.text.LIS3DSH_Init,"ax",%progbits
  40              		.align	1
  41              		.global	LIS3DSH_Init
  42              		.syntax unified
  43              		.thumb
  44              		.thumb_func
  46              	LIS3DSH_Init:
  47              	.LVL0:
  48              	.LFB0:
 122:Drivers/BSP/Components/lis3dsh/lis3dsh.c ****   uint8_t ctrl = 0x00;
  49              		.loc 1 122 1 view -0
  50              		.cfi_startproc
  51              		@ args = 0, pretend = 0, frame = 8
  52              		@ frame_needed = 0, uses_anonymous_args = 0
 122:Drivers/BSP/Components/lis3dsh/lis3dsh.c ****   uint8_t ctrl = 0x00;
  53              		.loc 1 122 1 is_stmt 0 view .LVU3
  54 0000 10B5     		push	{r4, lr}
  55              		.cfi_def_cfa_offset 8
  56              		.cfi_offset 4, -8
  57              		.cfi_offset 14, -4
  58 0002 82B0     		sub	sp, sp, #8
  59              		.cfi_def_cfa_offset 16
  60 0004 0446     		mov	r4, r0
 123:Drivers/BSP/Components/lis3dsh/lis3dsh.c ****   
  61              		.loc 1 123 3 is_stmt 1 view .LVU4
 123:Drivers/BSP/Components/lis3dsh/lis3dsh.c ****   
  62              		.loc 1 123 11 is_stmt 0 view .LVU5
  63 0006 0023     		movs	r3, #0
  64 0008 8DF80730 		strb	r3, [sp, #7]
 126:Drivers/BSP/Components/lis3dsh/lis3dsh.c **** 
  65              		.loc 1 126 3 is_stmt 1 view .LVU6
  66 000c FFF7FEFF 		bl	ACCELERO_IO_Init
  67              	.LVL1:
 129:Drivers/BSP/Components/lis3dsh/lis3dsh.c ****   
  68              		.loc 1 129 3 view .LVU7
 129:Drivers/BSP/Components/lis3dsh/lis3dsh.c ****   
  69              		.loc 1 129 8 is_stmt 0 view .LVU8
  70 0010 8DF80740 		strb	r4, [sp, #7]
 132:Drivers/BSP/Components/lis3dsh/lis3dsh.c ****   
  71              		.loc 1 132 3 is_stmt 1 view .LVU9
  72 0014 0122     		movs	r2, #1
  73 0016 2021     		movs	r1, #32
  74 0018 0DF10700 		add	r0, sp, #7
ARM GAS  /var/folders/lp/x54gwt890xv47sdkqj1k04q40000gn/T//ccnutLzR.s 			page 5


  75 001c FFF7FEFF 		bl	ACCELERO_IO_Write
  76              	.LVL2:
 135:Drivers/BSP/Components/lis3dsh/lis3dsh.c ****   
  77              		.loc 1 135 3 view .LVU10
 135:Drivers/BSP/Components/lis3dsh/lis3dsh.c ****   
  78              		.loc 1 135 10 is_stmt 0 view .LVU11
  79 0020 240A     		lsrs	r4, r4, #8
  80              	.LVL3:
 135:Drivers/BSP/Components/lis3dsh/lis3dsh.c ****   
  81              		.loc 1 135 8 view .LVU12
  82 0022 8DF80740 		strb	r4, [sp, #7]
 138:Drivers/BSP/Components/lis3dsh/lis3dsh.c **** }
  83              		.loc 1 138 3 is_stmt 1 view .LVU13
  84 0026 0122     		movs	r2, #1
  85 0028 2421     		movs	r1, #36
  86 002a 0DF10700 		add	r0, sp, #7
  87 002e FFF7FEFF 		bl	ACCELERO_IO_Write
  88              	.LVL4:
 139:Drivers/BSP/Components/lis3dsh/lis3dsh.c **** 
  89              		.loc 1 139 1 is_stmt 0 view .LVU14
  90 0032 02B0     		add	sp, sp, #8
  91              		.cfi_def_cfa_offset 8
  92              		@ sp needed
  93 0034 10BD     		pop	{r4, pc}
  94              		.cfi_endproc
  95              	.LFE0:
  97              		.section	.text.LIS3DSH_ReadID,"ax",%progbits
  98              		.align	1
  99              		.global	LIS3DSH_ReadID
 100              		.syntax unified
 101              		.thumb
 102              		.thumb_func
 104              	LIS3DSH_ReadID:
 105              	.LFB2:
 150:Drivers/BSP/Components/lis3dsh/lis3dsh.c **** 
 151:Drivers/BSP/Components/lis3dsh/lis3dsh.c **** /**
 152:Drivers/BSP/Components/lis3dsh/lis3dsh.c ****   * @brief  Read LIS3DSH device ID.
 153:Drivers/BSP/Components/lis3dsh/lis3dsh.c ****   * @param  None
 154:Drivers/BSP/Components/lis3dsh/lis3dsh.c ****   * @retval The Device ID (two bytes).
 155:Drivers/BSP/Components/lis3dsh/lis3dsh.c ****   */
 156:Drivers/BSP/Components/lis3dsh/lis3dsh.c **** uint8_t LIS3DSH_ReadID(void)
 157:Drivers/BSP/Components/lis3dsh/lis3dsh.c **** {
 106              		.loc 1 157 1 is_stmt 1 view -0
 107              		.cfi_startproc
 108              		@ args = 0, pretend = 0, frame = 8
 109              		@ frame_needed = 0, uses_anonymous_args = 0
 110 0000 00B5     		push	{lr}
 111              		.cfi_def_cfa_offset 4
 112              		.cfi_offset 14, -4
 113 0002 83B0     		sub	sp, sp, #12
 114              		.cfi_def_cfa_offset 16
 158:Drivers/BSP/Components/lis3dsh/lis3dsh.c ****   uint8_t tmp = 0;
 115              		.loc 1 158 3 view .LVU16
 116              		.loc 1 158 11 is_stmt 0 view .LVU17
 117 0004 0023     		movs	r3, #0
 118 0006 8DF80730 		strb	r3, [sp, #7]
 159:Drivers/BSP/Components/lis3dsh/lis3dsh.c **** 
ARM GAS  /var/folders/lp/x54gwt890xv47sdkqj1k04q40000gn/T//ccnutLzR.s 			page 6


 160:Drivers/BSP/Components/lis3dsh/lis3dsh.c ****   /* Configure the low level interface */
 161:Drivers/BSP/Components/lis3dsh/lis3dsh.c ****   ACCELERO_IO_Init();
 119              		.loc 1 161 3 is_stmt 1 view .LVU18
 120 000a FFF7FEFF 		bl	ACCELERO_IO_Init
 121              	.LVL5:
 162:Drivers/BSP/Components/lis3dsh/lis3dsh.c **** 
 163:Drivers/BSP/Components/lis3dsh/lis3dsh.c ****   /* Read WHO_AM_I register */
 164:Drivers/BSP/Components/lis3dsh/lis3dsh.c ****   ACCELERO_IO_Read(&tmp, LIS3DSH_WHO_AM_I_ADDR, 1);
 122              		.loc 1 164 3 view .LVU19
 123 000e 0122     		movs	r2, #1
 124 0010 0F21     		movs	r1, #15
 125 0012 0DF10700 		add	r0, sp, #7
 126 0016 FFF7FEFF 		bl	ACCELERO_IO_Read
 127              	.LVL6:
 165:Drivers/BSP/Components/lis3dsh/lis3dsh.c ****   
 166:Drivers/BSP/Components/lis3dsh/lis3dsh.c ****   /* Return the ID */
 167:Drivers/BSP/Components/lis3dsh/lis3dsh.c ****   return (uint16_t)tmp;
 128              		.loc 1 167 3 view .LVU20
 168:Drivers/BSP/Components/lis3dsh/lis3dsh.c **** }
 129              		.loc 1 168 1 is_stmt 0 view .LVU21
 130 001a 9DF80700 		ldrb	r0, [sp, #7]	@ zero_extendqisi2
 131 001e 03B0     		add	sp, sp, #12
 132              		.cfi_def_cfa_offset 4
 133              		@ sp needed
 134 0020 5DF804FB 		ldr	pc, [sp], #4
 135              		.cfi_endproc
 136              	.LFE2:
 138              		.section	.text.LIS3DSH_RebootCmd,"ax",%progbits
 139              		.align	1
 140              		.global	LIS3DSH_RebootCmd
 141              		.syntax unified
 142              		.thumb
 143              		.thumb_func
 145              	LIS3DSH_RebootCmd:
 146              	.LFB8:
 169:Drivers/BSP/Components/lis3dsh/lis3dsh.c **** 
 170:Drivers/BSP/Components/lis3dsh/lis3dsh.c **** /**
 171:Drivers/BSP/Components/lis3dsh/lis3dsh.c ****   * @brief  Set LIS3DSH Interrupt configuration
 172:Drivers/BSP/Components/lis3dsh/lis3dsh.c ****   * @param  LIS3DSH_InterruptConfig_TypeDef: pointer to a LIS3DSH_InterruptConfig_TypeDef 
 173:Drivers/BSP/Components/lis3dsh/lis3dsh.c ****   *         structure that contains the configuration setting for the LIS3DSH Interrupt.
 174:Drivers/BSP/Components/lis3dsh/lis3dsh.c ****   * @retval None
 175:Drivers/BSP/Components/lis3dsh/lis3dsh.c ****   */
 176:Drivers/BSP/Components/lis3dsh/lis3dsh.c **** void LIS3DSH_InterruptConfig(LIS3DSH_InterruptConfigTypeDef *LIS3DSH_IntConfigStruct)
 177:Drivers/BSP/Components/lis3dsh/lis3dsh.c **** {
 178:Drivers/BSP/Components/lis3dsh/lis3dsh.c ****   uint8_t ctrl = 0x00;
 179:Drivers/BSP/Components/lis3dsh/lis3dsh.c ****   
 180:Drivers/BSP/Components/lis3dsh/lis3dsh.c ****   /* Configure Interrupt Selection , Request and Signal */                   
 181:Drivers/BSP/Components/lis3dsh/lis3dsh.c ****   ctrl = (uint8_t)(LIS3DSH_IntConfigStruct->Interrupt_Selection_Enable | \
 182:Drivers/BSP/Components/lis3dsh/lis3dsh.c ****                    LIS3DSH_IntConfigStruct->Interrupt_Request | \
 183:Drivers/BSP/Components/lis3dsh/lis3dsh.c ****                    LIS3DSH_IntConfigStruct->Interrupt_Signal);
 184:Drivers/BSP/Components/lis3dsh/lis3dsh.c ****   
 185:Drivers/BSP/Components/lis3dsh/lis3dsh.c ****   /* Write value to MEMS CTRL_REG3 register */
 186:Drivers/BSP/Components/lis3dsh/lis3dsh.c ****   ACCELERO_IO_Write(&ctrl, LIS3DSH_CTRL_REG3_ADDR, 1);
 187:Drivers/BSP/Components/lis3dsh/lis3dsh.c ****   
 188:Drivers/BSP/Components/lis3dsh/lis3dsh.c ****   /* Configure State Machine 1 */                   
 189:Drivers/BSP/Components/lis3dsh/lis3dsh.c ****   ctrl = (uint8_t)(LIS3DSH_IntConfigStruct->State_Machine1_Enable | \
 190:Drivers/BSP/Components/lis3dsh/lis3dsh.c ****                    LIS3DSH_IntConfigStruct->State_Machine1_Interrupt);
ARM GAS  /var/folders/lp/x54gwt890xv47sdkqj1k04q40000gn/T//ccnutLzR.s 			page 7


 191:Drivers/BSP/Components/lis3dsh/lis3dsh.c ****   
 192:Drivers/BSP/Components/lis3dsh/lis3dsh.c ****   /* Write value to MEMS CTRL_REG1 register */
 193:Drivers/BSP/Components/lis3dsh/lis3dsh.c ****   ACCELERO_IO_Write(&ctrl, LIS3DSH_CTRL_REG1_ADDR, 1);
 194:Drivers/BSP/Components/lis3dsh/lis3dsh.c ****   
 195:Drivers/BSP/Components/lis3dsh/lis3dsh.c ****   /* Configure State Machine 2 */                   
 196:Drivers/BSP/Components/lis3dsh/lis3dsh.c ****   ctrl = (uint8_t)(LIS3DSH_IntConfigStruct->State_Machine2_Enable | \
 197:Drivers/BSP/Components/lis3dsh/lis3dsh.c ****                    LIS3DSH_IntConfigStruct->State_Machine2_Interrupt);
 198:Drivers/BSP/Components/lis3dsh/lis3dsh.c ****   
 199:Drivers/BSP/Components/lis3dsh/lis3dsh.c ****   /* Write value to MEMS CTRL_REG2 register */
 200:Drivers/BSP/Components/lis3dsh/lis3dsh.c ****   ACCELERO_IO_Write(&ctrl, LIS3DSH_CTRL_REG2_ADDR, 1);
 201:Drivers/BSP/Components/lis3dsh/lis3dsh.c **** }
 202:Drivers/BSP/Components/lis3dsh/lis3dsh.c **** 
 203:Drivers/BSP/Components/lis3dsh/lis3dsh.c **** /**
 204:Drivers/BSP/Components/lis3dsh/lis3dsh.c ****   * @brief  Set LIS3DSH for click detection
 205:Drivers/BSP/Components/lis3dsh/lis3dsh.c ****   * @param  None
 206:Drivers/BSP/Components/lis3dsh/lis3dsh.c ****   * @retval None
 207:Drivers/BSP/Components/lis3dsh/lis3dsh.c ****   */
 208:Drivers/BSP/Components/lis3dsh/lis3dsh.c **** void LIS3DSH_Click_IntConfig(void)
 209:Drivers/BSP/Components/lis3dsh/lis3dsh.c **** {
 210:Drivers/BSP/Components/lis3dsh/lis3dsh.c ****   uint8_t ctrl = 0x00;
 211:Drivers/BSP/Components/lis3dsh/lis3dsh.c ****   LIS3DSH_InterruptConfigTypeDef   LIS3DSH_InterruptStruct; 
 212:Drivers/BSP/Components/lis3dsh/lis3dsh.c **** 
 213:Drivers/BSP/Components/lis3dsh/lis3dsh.c ****   ACCELERO_IO_ITConfig();
 214:Drivers/BSP/Components/lis3dsh/lis3dsh.c **** 
 215:Drivers/BSP/Components/lis3dsh/lis3dsh.c ****   /* Set LIS3DSH Interrupt configuration */
 216:Drivers/BSP/Components/lis3dsh/lis3dsh.c ****   LIS3DSH_InterruptStruct.Interrupt_Selection_Enable = LIS3DSH_INTERRUPT_2_ENABLE;
 217:Drivers/BSP/Components/lis3dsh/lis3dsh.c ****   LIS3DSH_InterruptStruct.Interrupt_Request = LIS3DSH_INTERRUPT_REQUEST_LATCHED;
 218:Drivers/BSP/Components/lis3dsh/lis3dsh.c ****   LIS3DSH_InterruptStruct.Interrupt_Signal = LIS3DSH_INTERRUPT_SIGNAL_HIGH;
 219:Drivers/BSP/Components/lis3dsh/lis3dsh.c ****   LIS3DSH_InterruptStruct.State_Machine1_Enable = LIS3DSH_SM_DISABLE;
 220:Drivers/BSP/Components/lis3dsh/lis3dsh.c ****   LIS3DSH_InterruptStruct.State_Machine2_Enable = LIS3DSH_SM_ENABLE;
 221:Drivers/BSP/Components/lis3dsh/lis3dsh.c ****   LIS3DSH_InterruptStruct.State_Machine2_Interrupt = LIS3DSH_SM_INT1;
 222:Drivers/BSP/Components/lis3dsh/lis3dsh.c ****   LIS3DSH_InterruptConfig(&LIS3DSH_InterruptStruct);
 223:Drivers/BSP/Components/lis3dsh/lis3dsh.c ****     
 224:Drivers/BSP/Components/lis3dsh/lis3dsh.c ****   /* Set LIS3DSH State Machines configuration */
 225:Drivers/BSP/Components/lis3dsh/lis3dsh.c ****   ctrl=0x03; 
 226:Drivers/BSP/Components/lis3dsh/lis3dsh.c ****   ACCELERO_IO_Write(&ctrl, LIS3DSH_TIM2_1_L_ADDR,1);
 227:Drivers/BSP/Components/lis3dsh/lis3dsh.c ****   ctrl=0xC8; 
 228:Drivers/BSP/Components/lis3dsh/lis3dsh.c ****   ACCELERO_IO_Write(&ctrl, LIS3DSH_TIM1_1_L_ADDR,1);
 229:Drivers/BSP/Components/lis3dsh/lis3dsh.c ****   ctrl=0x45; 
 230:Drivers/BSP/Components/lis3dsh/lis3dsh.c ****   ACCELERO_IO_Write(&ctrl, LIS3DSH_THRS2_1_ADDR,1);
 231:Drivers/BSP/Components/lis3dsh/lis3dsh.c ****   ctrl=0xFC; 
 232:Drivers/BSP/Components/lis3dsh/lis3dsh.c ****   ACCELERO_IO_Write(&ctrl, LIS3DSH_MASK1_A_ADDR,1);
 233:Drivers/BSP/Components/lis3dsh/lis3dsh.c ****   ctrl=0xA1; 
 234:Drivers/BSP/Components/lis3dsh/lis3dsh.c ****   ACCELERO_IO_Write(&ctrl, LIS3DSH_SETT1_ADDR,1);
 235:Drivers/BSP/Components/lis3dsh/lis3dsh.c ****   ctrl=0x01; 
 236:Drivers/BSP/Components/lis3dsh/lis3dsh.c ****   ACCELERO_IO_Write(&ctrl, LIS3DSH_PR1_ADDR,1);
 237:Drivers/BSP/Components/lis3dsh/lis3dsh.c **** 
 238:Drivers/BSP/Components/lis3dsh/lis3dsh.c ****   ACCELERO_IO_Write(&ctrl, LIS3DSH_SETT2_ADDR,1);
 239:Drivers/BSP/Components/lis3dsh/lis3dsh.c ****   
 240:Drivers/BSP/Components/lis3dsh/lis3dsh.c ****   /* Configure State Machine 2 to detect single click */
 241:Drivers/BSP/Components/lis3dsh/lis3dsh.c ****   ACCELERO_IO_Write(&ctrl, LIS3DSH_ST2_1_ADDR,1);
 242:Drivers/BSP/Components/lis3dsh/lis3dsh.c ****   ctrl=0x06; 
 243:Drivers/BSP/Components/lis3dsh/lis3dsh.c ****   ACCELERO_IO_Write(&ctrl, LIS3DSH_ST2_2_ADDR,1);
 244:Drivers/BSP/Components/lis3dsh/lis3dsh.c ****   ctrl=0x28; 
 245:Drivers/BSP/Components/lis3dsh/lis3dsh.c ****   ACCELERO_IO_Write(&ctrl, LIS3DSH_ST2_3_ADDR,1);
 246:Drivers/BSP/Components/lis3dsh/lis3dsh.c ****   ctrl=0x11; 
 247:Drivers/BSP/Components/lis3dsh/lis3dsh.c ****   ACCELERO_IO_Write(&ctrl, LIS3DSH_ST2_4_ADDR,1);
ARM GAS  /var/folders/lp/x54gwt890xv47sdkqj1k04q40000gn/T//ccnutLzR.s 			page 8


 248:Drivers/BSP/Components/lis3dsh/lis3dsh.c **** }
 249:Drivers/BSP/Components/lis3dsh/lis3dsh.c **** 
 250:Drivers/BSP/Components/lis3dsh/lis3dsh.c **** /**
 251:Drivers/BSP/Components/lis3dsh/lis3dsh.c ****   * @brief  Change the lowpower mode for LIS3DSH.
 252:Drivers/BSP/Components/lis3dsh/lis3dsh.c ****   * @param  LowPowerMode: new state for the lowpower mode.
 253:Drivers/BSP/Components/lis3dsh/lis3dsh.c ****   *   This parameter can be one of the following values:
 254:Drivers/BSP/Components/lis3dsh/lis3dsh.c ****   *     @arg LIS3DSH_DATARATE_POWERDOWN: Power down mode
 255:Drivers/BSP/Components/lis3dsh/lis3dsh.c ****   *     @arg LIS3DSH_DATARATE_3_125: Normal mode. ODR: 3.125 Hz
 256:Drivers/BSP/Components/lis3dsh/lis3dsh.c ****   *     @arg LIS3DSH_DATARATE_6_25: Normal mode. ODR: 6.25 Hz
 257:Drivers/BSP/Components/lis3dsh/lis3dsh.c ****   *     @arg LIS3DSH_DATARATE_12_5: Normal mode. ODR: 12.5 Hz
 258:Drivers/BSP/Components/lis3dsh/lis3dsh.c ****   *     @arg LIS3DSH_DATARATE_25: Normal mode. ODR: 25 Hz
 259:Drivers/BSP/Components/lis3dsh/lis3dsh.c ****   *     @arg LIS3DSH_DATARATE_50: Normal mode. ODR: 50 Hz
 260:Drivers/BSP/Components/lis3dsh/lis3dsh.c ****   *     @arg LIS3DSH_DATARATE_100: Normal mode. ODR: 100 Hz
 261:Drivers/BSP/Components/lis3dsh/lis3dsh.c ****   *     @arg LIS3DSH_DATARATE_400: Normal mode. ODR: 400 Hz
 262:Drivers/BSP/Components/lis3dsh/lis3dsh.c ****   *     @arg LIS3DSH_DATARATE_800: Normal mode. ODR: 800 Hz
 263:Drivers/BSP/Components/lis3dsh/lis3dsh.c ****   *     @arg LIS3DSH_DATARATE_1600: Normal mode. ODR: 1600 Hz
 264:Drivers/BSP/Components/lis3dsh/lis3dsh.c ****   * @retval None
 265:Drivers/BSP/Components/lis3dsh/lis3dsh.c ****   */
 266:Drivers/BSP/Components/lis3dsh/lis3dsh.c **** void LIS3DSH_ODR_LowpowerCmd(uint8_t ODR_LowPowerMode)
 267:Drivers/BSP/Components/lis3dsh/lis3dsh.c **** {
 268:Drivers/BSP/Components/lis3dsh/lis3dsh.c ****   uint8_t tmpreg;
 269:Drivers/BSP/Components/lis3dsh/lis3dsh.c ****   
 270:Drivers/BSP/Components/lis3dsh/lis3dsh.c ****   /* Read CTRL_REG4 register */
 271:Drivers/BSP/Components/lis3dsh/lis3dsh.c ****   ACCELERO_IO_Read(&tmpreg, LIS3DSH_CTRL_REG4_ADDR, 1);
 272:Drivers/BSP/Components/lis3dsh/lis3dsh.c ****   
 273:Drivers/BSP/Components/lis3dsh/lis3dsh.c ****   /* Set new low power mode configuration */
 274:Drivers/BSP/Components/lis3dsh/lis3dsh.c ****   tmpreg &= (uint8_t)~LIS3DSH_DATARATE_100;
 275:Drivers/BSP/Components/lis3dsh/lis3dsh.c ****   tmpreg |= ODR_LowPowerMode;
 276:Drivers/BSP/Components/lis3dsh/lis3dsh.c ****   
 277:Drivers/BSP/Components/lis3dsh/lis3dsh.c ****   /* Write value to MEMS CTRL_REG4 register */
 278:Drivers/BSP/Components/lis3dsh/lis3dsh.c ****   ACCELERO_IO_Write(&tmpreg, LIS3DSH_CTRL_REG4_ADDR, 1);
 279:Drivers/BSP/Components/lis3dsh/lis3dsh.c **** }
 280:Drivers/BSP/Components/lis3dsh/lis3dsh.c **** 
 281:Drivers/BSP/Components/lis3dsh/lis3dsh.c **** /**
 282:Drivers/BSP/Components/lis3dsh/lis3dsh.c ****   * @brief  Data Rate command. 
 283:Drivers/BSP/Components/lis3dsh/lis3dsh.c ****   * @param  DataRateValue: Data rate value.
 284:Drivers/BSP/Components/lis3dsh/lis3dsh.c ****   *   This parameter can be one of the following values:
 285:Drivers/BSP/Components/lis3dsh/lis3dsh.c ****   *     @arg LIS3DSH_DATARATE_3_125: 3.125 Hz output data rate 
 286:Drivers/BSP/Components/lis3dsh/lis3dsh.c ****   *     @arg LIS3DSH_DATARATE_6_25: 6.25 Hz output data rate
 287:Drivers/BSP/Components/lis3dsh/lis3dsh.c ****   *     @arg LIS3DSH_DATARATE_12_5: 12.5  Hz output data rate
 288:Drivers/BSP/Components/lis3dsh/lis3dsh.c ****   *     @arg LIS3DSH_DATARATE_25: 25 Hz output data rate
 289:Drivers/BSP/Components/lis3dsh/lis3dsh.c ****   *     @arg LIS3DSH_DATARATE_50: 50 Hz output data rate 
 290:Drivers/BSP/Components/lis3dsh/lis3dsh.c ****   *     @arg LIS3DSH_DATARATE_100: 100 Hz output data rate
 291:Drivers/BSP/Components/lis3dsh/lis3dsh.c ****   *     @arg LIS3DSH_DATARATE_400: 400 Hz output data rate 
 292:Drivers/BSP/Components/lis3dsh/lis3dsh.c ****   *     @arg LIS3DSH_DATARATE_800: 800 Hz output data rate
 293:Drivers/BSP/Components/lis3dsh/lis3dsh.c ****   *     @arg LIS3DSH_DATARATE_1600: 1600 Hz output data rate
 294:Drivers/BSP/Components/lis3dsh/lis3dsh.c ****   * @retval None
 295:Drivers/BSP/Components/lis3dsh/lis3dsh.c ****   */
 296:Drivers/BSP/Components/lis3dsh/lis3dsh.c **** void LIS3DSH_DataRateCmd(uint8_t DataRateValue)
 297:Drivers/BSP/Components/lis3dsh/lis3dsh.c **** {
 298:Drivers/BSP/Components/lis3dsh/lis3dsh.c ****   uint8_t tmpreg;
 299:Drivers/BSP/Components/lis3dsh/lis3dsh.c ****   
 300:Drivers/BSP/Components/lis3dsh/lis3dsh.c ****   /* Read CTRL_REG4 register */
 301:Drivers/BSP/Components/lis3dsh/lis3dsh.c ****   ACCELERO_IO_Read(&tmpreg, LIS3DSH_CTRL_REG4_ADDR, 1);
 302:Drivers/BSP/Components/lis3dsh/lis3dsh.c ****   
 303:Drivers/BSP/Components/lis3dsh/lis3dsh.c ****   /* Set new data rate configuration from 100 to 400Hz */
 304:Drivers/BSP/Components/lis3dsh/lis3dsh.c ****   tmpreg &= (uint8_t)~LIS3DSH_DATARATE_400; 
ARM GAS  /var/folders/lp/x54gwt890xv47sdkqj1k04q40000gn/T//ccnutLzR.s 			page 9


 305:Drivers/BSP/Components/lis3dsh/lis3dsh.c ****   tmpreg |= DataRateValue;
 306:Drivers/BSP/Components/lis3dsh/lis3dsh.c ****   
 307:Drivers/BSP/Components/lis3dsh/lis3dsh.c ****   /* Write value to MEMS CTRL_REG4 register */
 308:Drivers/BSP/Components/lis3dsh/lis3dsh.c ****   ACCELERO_IO_Write(&tmpreg, LIS3DSH_CTRL_REG4_ADDR, 1);
 309:Drivers/BSP/Components/lis3dsh/lis3dsh.c **** }
 310:Drivers/BSP/Components/lis3dsh/lis3dsh.c **** 
 311:Drivers/BSP/Components/lis3dsh/lis3dsh.c **** /**
 312:Drivers/BSP/Components/lis3dsh/lis3dsh.c ****   * @brief  Change the Full Scale of LIS3DSH.
 313:Drivers/BSP/Components/lis3dsh/lis3dsh.c ****   * @param  FS_value: new full scale value. 
 314:Drivers/BSP/Components/lis3dsh/lis3dsh.c ****   *   This parameter can be one of the following values:
 315:Drivers/BSP/Components/lis3dsh/lis3dsh.c ****   *     @arg LIS3DSH_FULLSCALE_2: +-2g
 316:Drivers/BSP/Components/lis3dsh/lis3dsh.c ****   *     @arg LIS3DSH_FULLSCALE_4: +-4g
 317:Drivers/BSP/Components/lis3dsh/lis3dsh.c ****   *     @arg LIS3DSH_FULLSCALE_6: +-6g
 318:Drivers/BSP/Components/lis3dsh/lis3dsh.c ****   *     @arg LIS3DSH_FULLSCALE_8: +-8g
 319:Drivers/BSP/Components/lis3dsh/lis3dsh.c ****   *     @arg LIS3DSH_FULLSCALE_16: +-16g
 320:Drivers/BSP/Components/lis3dsh/lis3dsh.c ****   * @retval None
 321:Drivers/BSP/Components/lis3dsh/lis3dsh.c ****   */
 322:Drivers/BSP/Components/lis3dsh/lis3dsh.c **** void LIS3DSH_FullScaleCmd(uint8_t FS_value)
 323:Drivers/BSP/Components/lis3dsh/lis3dsh.c **** {
 324:Drivers/BSP/Components/lis3dsh/lis3dsh.c ****   uint8_t tmpreg;
 325:Drivers/BSP/Components/lis3dsh/lis3dsh.c ****   
 326:Drivers/BSP/Components/lis3dsh/lis3dsh.c ****   /* Read CTRL_REG5 register */
 327:Drivers/BSP/Components/lis3dsh/lis3dsh.c ****   ACCELERO_IO_Read(&tmpreg, LIS3DSH_CTRL_REG5_ADDR, 1);
 328:Drivers/BSP/Components/lis3dsh/lis3dsh.c ****   
 329:Drivers/BSP/Components/lis3dsh/lis3dsh.c ****   /* Set new full scale configuration */
 330:Drivers/BSP/Components/lis3dsh/lis3dsh.c ****   tmpreg &= (uint8_t)~LIS3DSH_FULLSCALE_16;
 331:Drivers/BSP/Components/lis3dsh/lis3dsh.c ****   tmpreg |= FS_value;
 332:Drivers/BSP/Components/lis3dsh/lis3dsh.c ****   
 333:Drivers/BSP/Components/lis3dsh/lis3dsh.c ****   /* Write value to MEMS CTRL_REG5 register */
 334:Drivers/BSP/Components/lis3dsh/lis3dsh.c ****   ACCELERO_IO_Write(&tmpreg, LIS3DSH_CTRL_REG5_ADDR, 1);
 335:Drivers/BSP/Components/lis3dsh/lis3dsh.c **** }
 336:Drivers/BSP/Components/lis3dsh/lis3dsh.c **** 
 337:Drivers/BSP/Components/lis3dsh/lis3dsh.c **** /**
 338:Drivers/BSP/Components/lis3dsh/lis3dsh.c ****   * @brief  Reboot memory content of LIS3DSH.
 339:Drivers/BSP/Components/lis3dsh/lis3dsh.c ****   * @param  None
 340:Drivers/BSP/Components/lis3dsh/lis3dsh.c ****   * @retval None
 341:Drivers/BSP/Components/lis3dsh/lis3dsh.c ****   */
 342:Drivers/BSP/Components/lis3dsh/lis3dsh.c **** void LIS3DSH_RebootCmd(void)
 343:Drivers/BSP/Components/lis3dsh/lis3dsh.c **** {
 147              		.loc 1 343 1 is_stmt 1 view -0
 148              		.cfi_startproc
 149              		@ args = 0, pretend = 0, frame = 8
 150              		@ frame_needed = 0, uses_anonymous_args = 0
 151 0000 00B5     		push	{lr}
 152              		.cfi_def_cfa_offset 4
 153              		.cfi_offset 14, -4
 154 0002 83B0     		sub	sp, sp, #12
 155              		.cfi_def_cfa_offset 16
 344:Drivers/BSP/Components/lis3dsh/lis3dsh.c ****   uint8_t tmpreg;
 156              		.loc 1 344 3 view .LVU23
 345:Drivers/BSP/Components/lis3dsh/lis3dsh.c ****   /* Read CTRL_REG6 register */
 346:Drivers/BSP/Components/lis3dsh/lis3dsh.c ****   ACCELERO_IO_Read(&tmpreg, LIS3DSH_CTRL_REG6_ADDR, 1);
 157              		.loc 1 346 3 view .LVU24
 158 0004 0122     		movs	r2, #1
 159 0006 2521     		movs	r1, #37
 160 0008 0DF10700 		add	r0, sp, #7
 161 000c FFF7FEFF 		bl	ACCELERO_IO_Read
ARM GAS  /var/folders/lp/x54gwt890xv47sdkqj1k04q40000gn/T//ccnutLzR.s 			page 10


 162              	.LVL7:
 347:Drivers/BSP/Components/lis3dsh/lis3dsh.c ****   
 348:Drivers/BSP/Components/lis3dsh/lis3dsh.c ****   /* Enable or Disable the reboot memory */
 349:Drivers/BSP/Components/lis3dsh/lis3dsh.c ****   tmpreg |= LIS3DSH_BOOT_FORCED;
 163              		.loc 1 349 3 view .LVU25
 164              		.loc 1 349 10 is_stmt 0 view .LVU26
 165 0010 9DF80730 		ldrb	r3, [sp, #7]	@ zero_extendqisi2
 166 0014 63F07F03 		orn	r3, r3, #127
 167 0018 8DF80730 		strb	r3, [sp, #7]
 350:Drivers/BSP/Components/lis3dsh/lis3dsh.c ****   
 351:Drivers/BSP/Components/lis3dsh/lis3dsh.c ****   /* Write value to MEMS CTRL_REG6 register */
 352:Drivers/BSP/Components/lis3dsh/lis3dsh.c ****   ACCELERO_IO_Write(&tmpreg, LIS3DSH_CTRL_REG6_ADDR, 1);
 168              		.loc 1 352 3 is_stmt 1 view .LVU27
 169 001c 0122     		movs	r2, #1
 170 001e 2521     		movs	r1, #37
 171 0020 0DF10700 		add	r0, sp, #7
 172 0024 FFF7FEFF 		bl	ACCELERO_IO_Write
 173              	.LVL8:
 353:Drivers/BSP/Components/lis3dsh/lis3dsh.c **** }
 174              		.loc 1 353 1 is_stmt 0 view .LVU28
 175 0028 03B0     		add	sp, sp, #12
 176              		.cfi_def_cfa_offset 4
 177              		@ sp needed
 178 002a 5DF804FB 		ldr	pc, [sp], #4
 179              		.cfi_endproc
 180              	.LFE8:
 182              		.section	.text.LIS3DSH_ReadACC,"ax",%progbits
 183              		.align	1
 184              		.global	LIS3DSH_ReadACC
 185              		.syntax unified
 186              		.thumb
 187              		.thumb_func
 189              	LIS3DSH_ReadACC:
 190              	.LVL9:
 191              	.LFB9:
 354:Drivers/BSP/Components/lis3dsh/lis3dsh.c **** 
 355:Drivers/BSP/Components/lis3dsh/lis3dsh.c **** /**
 356:Drivers/BSP/Components/lis3dsh/lis3dsh.c ****   * @brief  Read LIS3DSH output register, and calculate the acceleration 
 357:Drivers/BSP/Components/lis3dsh/lis3dsh.c ****   *         ACC[mg]=SENSITIVITY* (out_h*256+out_l)/16 (12 bit representation).
 358:Drivers/BSP/Components/lis3dsh/lis3dsh.c ****   * @param  pointer on floating buffer.
 359:Drivers/BSP/Components/lis3dsh/lis3dsh.c ****   * @retval None
 360:Drivers/BSP/Components/lis3dsh/lis3dsh.c ****   */
 361:Drivers/BSP/Components/lis3dsh/lis3dsh.c **** void LIS3DSH_ReadACC(int16_t *pData)
 362:Drivers/BSP/Components/lis3dsh/lis3dsh.c **** {
 192              		.loc 1 362 1 is_stmt 1 view -0
 193              		.cfi_startproc
 194              		@ args = 0, pretend = 0, frame = 16
 195              		@ frame_needed = 0, uses_anonymous_args = 0
 196              		.loc 1 362 1 is_stmt 0 view .LVU30
 197 0000 10B5     		push	{r4, lr}
 198              		.cfi_def_cfa_offset 8
 199              		.cfi_offset 4, -8
 200              		.cfi_offset 14, -4
 201 0002 84B0     		sub	sp, sp, #16
 202              		.cfi_def_cfa_offset 24
 203 0004 0446     		mov	r4, r0
 363:Drivers/BSP/Components/lis3dsh/lis3dsh.c ****   int8_t buffer[6];
ARM GAS  /var/folders/lp/x54gwt890xv47sdkqj1k04q40000gn/T//ccnutLzR.s 			page 11


 204              		.loc 1 363 3 is_stmt 1 view .LVU31
 364:Drivers/BSP/Components/lis3dsh/lis3dsh.c ****   uint8_t crtl, i = 0x00;
 205              		.loc 1 364 3 view .LVU32
 206              	.LVL10:
 365:Drivers/BSP/Components/lis3dsh/lis3dsh.c ****   float sensitivity = LIS3DSH_SENSITIVITY_0_06G;
 207              		.loc 1 365 3 view .LVU33
 366:Drivers/BSP/Components/lis3dsh/lis3dsh.c ****   float valueinfloat = 0;
 208              		.loc 1 366 3 view .LVU34
 367:Drivers/BSP/Components/lis3dsh/lis3dsh.c ****   
 368:Drivers/BSP/Components/lis3dsh/lis3dsh.c ****   ACCELERO_IO_Read(&crtl, LIS3DSH_CTRL_REG5_ADDR, 1);  
 209              		.loc 1 368 3 view .LVU35
 210 0006 0122     		movs	r2, #1
 211 0008 2421     		movs	r1, #36
 212 000a 0DF10700 		add	r0, sp, #7
 213              	.LVL11:
 214              		.loc 1 368 3 is_stmt 0 view .LVU36
 215 000e FFF7FEFF 		bl	ACCELERO_IO_Read
 216              	.LVL12:
 369:Drivers/BSP/Components/lis3dsh/lis3dsh.c ****   ACCELERO_IO_Read((uint8_t*)&buffer[0], LIS3DSH_OUT_X_L_ADDR, 1);
 217              		.loc 1 369 3 is_stmt 1 view .LVU37
 218 0012 0122     		movs	r2, #1
 219 0014 2821     		movs	r1, #40
 220 0016 02A8     		add	r0, sp, #8
 221 0018 FFF7FEFF 		bl	ACCELERO_IO_Read
 222              	.LVL13:
 370:Drivers/BSP/Components/lis3dsh/lis3dsh.c ****   ACCELERO_IO_Read((uint8_t*)&buffer[1], LIS3DSH_OUT_X_H_ADDR, 1);
 223              		.loc 1 370 3 view .LVU38
 224 001c 0122     		movs	r2, #1
 225 001e 2921     		movs	r1, #41
 226 0020 0DF10900 		add	r0, sp, #9
 227 0024 FFF7FEFF 		bl	ACCELERO_IO_Read
 228              	.LVL14:
 371:Drivers/BSP/Components/lis3dsh/lis3dsh.c ****   ACCELERO_IO_Read((uint8_t*)&buffer[2], LIS3DSH_OUT_Y_L_ADDR, 1);
 229              		.loc 1 371 3 view .LVU39
 230 0028 0122     		movs	r2, #1
 231 002a 2A21     		movs	r1, #42
 232 002c 0DF10A00 		add	r0, sp, #10
 233 0030 FFF7FEFF 		bl	ACCELERO_IO_Read
 234              	.LVL15:
 372:Drivers/BSP/Components/lis3dsh/lis3dsh.c ****   ACCELERO_IO_Read((uint8_t*)&buffer[3], LIS3DSH_OUT_Y_H_ADDR, 1);
 235              		.loc 1 372 3 view .LVU40
 236 0034 0122     		movs	r2, #1
 237 0036 2B21     		movs	r1, #43
 238 0038 0DF10B00 		add	r0, sp, #11
 239 003c FFF7FEFF 		bl	ACCELERO_IO_Read
 240              	.LVL16:
 373:Drivers/BSP/Components/lis3dsh/lis3dsh.c ****   ACCELERO_IO_Read((uint8_t*)&buffer[4], LIS3DSH_OUT_Z_L_ADDR, 1);
 241              		.loc 1 373 3 view .LVU41
 242 0040 0122     		movs	r2, #1
 243 0042 2C21     		movs	r1, #44
 244 0044 03A8     		add	r0, sp, #12
 245 0046 FFF7FEFF 		bl	ACCELERO_IO_Read
 246              	.LVL17:
 374:Drivers/BSP/Components/lis3dsh/lis3dsh.c ****   ACCELERO_IO_Read((uint8_t*)&buffer[5], LIS3DSH_OUT_Z_H_ADDR, 1);
 247              		.loc 1 374 3 view .LVU42
 248 004a 0122     		movs	r2, #1
 249 004c 2D21     		movs	r1, #45
ARM GAS  /var/folders/lp/x54gwt890xv47sdkqj1k04q40000gn/T//ccnutLzR.s 			page 12


 250 004e 0DF10D00 		add	r0, sp, #13
 251 0052 FFF7FEFF 		bl	ACCELERO_IO_Read
 252              	.LVL18:
 375:Drivers/BSP/Components/lis3dsh/lis3dsh.c ****   
 376:Drivers/BSP/Components/lis3dsh/lis3dsh.c ****   switch(crtl & LIS3DSH__FULLSCALE_SELECTION) 
 253              		.loc 1 376 3 view .LVU43
 254              		.loc 1 376 15 is_stmt 0 view .LVU44
 255 0056 9DF80730 		ldrb	r3, [sp, #7]	@ zero_extendqisi2
 256              		.loc 1 376 3 view .LVU45
 257 005a 03F03803 		and	r3, r3, #56
 258 005e 083B     		subs	r3, r3, #8
 259 0060 182B     		cmp	r3, #24
 260 0062 0ED8     		bhi	.L9
 261 0064 DFE803F0 		tbb	[pc, r3]
 262              	.L11:
 263 0068 1A       		.byte	(.L17-.L11)/2
 264 0069 0D       		.byte	(.L9-.L11)/2
 265 006a 0D       		.byte	(.L9-.L11)/2
 266 006b 0D       		.byte	(.L9-.L11)/2
 267 006c 0D       		.byte	(.L9-.L11)/2
 268 006d 0D       		.byte	(.L9-.L11)/2
 269 006e 0D       		.byte	(.L9-.L11)/2
 270 006f 0D       		.byte	(.L9-.L11)/2
 271 0070 11       		.byte	(.L13-.L11)/2
 272 0071 0D       		.byte	(.L9-.L11)/2
 273 0072 0D       		.byte	(.L9-.L11)/2
 274 0073 0D       		.byte	(.L9-.L11)/2
 275 0074 0D       		.byte	(.L9-.L11)/2
 276 0075 0D       		.byte	(.L9-.L11)/2
 277 0076 0D       		.byte	(.L9-.L11)/2
 278 0077 0D       		.byte	(.L9-.L11)/2
 279 0078 14       		.byte	(.L12-.L11)/2
 280 0079 0D       		.byte	(.L9-.L11)/2
 281 007a 0D       		.byte	(.L9-.L11)/2
 282 007b 0D       		.byte	(.L9-.L11)/2
 283 007c 0D       		.byte	(.L9-.L11)/2
 284 007d 0D       		.byte	(.L9-.L11)/2
 285 007e 0D       		.byte	(.L9-.L11)/2
 286 007f 0D       		.byte	(.L9-.L11)/2
 287 0080 17       		.byte	(.L10-.L11)/2
 288 0081 00       		.p2align 1
 289              	.L9:
 290 0082 9FED177A 		vldr.32	s14, .L19
 291              	.LVL19:
 292              	.L14:
 377:Drivers/BSP/Components/lis3dsh/lis3dsh.c ****   {
 378:Drivers/BSP/Components/lis3dsh/lis3dsh.c ****     /* FS bit = 000 ==> Sensitivity typical value = 0.06milligals/digit */ 
 379:Drivers/BSP/Components/lis3dsh/lis3dsh.c ****   case LIS3DSH_FULLSCALE_2:
 380:Drivers/BSP/Components/lis3dsh/lis3dsh.c ****     sensitivity = LIS3DSH_SENSITIVITY_0_06G;
 381:Drivers/BSP/Components/lis3dsh/lis3dsh.c ****     break;
 382:Drivers/BSP/Components/lis3dsh/lis3dsh.c ****     
 383:Drivers/BSP/Components/lis3dsh/lis3dsh.c ****     /* FS bit = 001 ==> Sensitivity typical value = 0.12milligals/digit */ 
 384:Drivers/BSP/Components/lis3dsh/lis3dsh.c ****   case LIS3DSH_FULLSCALE_4:
 385:Drivers/BSP/Components/lis3dsh/lis3dsh.c ****     sensitivity = LIS3DSH_SENSITIVITY_0_12G;
 386:Drivers/BSP/Components/lis3dsh/lis3dsh.c ****     break;
 387:Drivers/BSP/Components/lis3dsh/lis3dsh.c ****     
 388:Drivers/BSP/Components/lis3dsh/lis3dsh.c ****     /* FS bit = 010 ==> Sensitivity typical value = 0.18milligals/digit */ 
ARM GAS  /var/folders/lp/x54gwt890xv47sdkqj1k04q40000gn/T//ccnutLzR.s 			page 13


 389:Drivers/BSP/Components/lis3dsh/lis3dsh.c ****   case LIS3DSH_FULLSCALE_6:
 390:Drivers/BSP/Components/lis3dsh/lis3dsh.c ****     sensitivity = LIS3DSH_SENSITIVITY_0_18G;
 391:Drivers/BSP/Components/lis3dsh/lis3dsh.c ****     break;
 392:Drivers/BSP/Components/lis3dsh/lis3dsh.c ****     
 393:Drivers/BSP/Components/lis3dsh/lis3dsh.c ****     /* FS bit = 011 ==> Sensitivity typical value = 0.24milligals/digit */ 
 394:Drivers/BSP/Components/lis3dsh/lis3dsh.c ****   case LIS3DSH_FULLSCALE_8:
 395:Drivers/BSP/Components/lis3dsh/lis3dsh.c ****     sensitivity = LIS3DSH_SENSITIVITY_0_24G;
 396:Drivers/BSP/Components/lis3dsh/lis3dsh.c ****     break;
 397:Drivers/BSP/Components/lis3dsh/lis3dsh.c ****     
 398:Drivers/BSP/Components/lis3dsh/lis3dsh.c ****     /* FS bit = 100 ==> Sensitivity typical value = 0.73milligals/digit */ 
 399:Drivers/BSP/Components/lis3dsh/lis3dsh.c ****   case LIS3DSH_FULLSCALE_16:
 400:Drivers/BSP/Components/lis3dsh/lis3dsh.c ****     sensitivity = LIS3DSH_SENSITIVITY_0_73G;
 401:Drivers/BSP/Components/lis3dsh/lis3dsh.c ****     break;
 402:Drivers/BSP/Components/lis3dsh/lis3dsh.c ****     
 403:Drivers/BSP/Components/lis3dsh/lis3dsh.c ****   default:
 404:Drivers/BSP/Components/lis3dsh/lis3dsh.c ****     break;
 405:Drivers/BSP/Components/lis3dsh/lis3dsh.c ****   }
 406:Drivers/BSP/Components/lis3dsh/lis3dsh.c ****   
 407:Drivers/BSP/Components/lis3dsh/lis3dsh.c ****   /* Obtain the mg value for the three axis */
 408:Drivers/BSP/Components/lis3dsh/lis3dsh.c ****   for(i=0; i<3; i++)
 293              		.loc 1 408 3 is_stmt 1 view .LVU46
 294              		.loc 1 408 8 is_stmt 0 view .LVU47
 295 0086 0022     		movs	r2, #0
 296              		.loc 1 408 3 view .LVU48
 297 0088 25E0     		b	.L15
 298              	.LVL20:
 299              	.L13:
 390:Drivers/BSP/Components/lis3dsh/lis3dsh.c ****     break;
 300              		.loc 1 390 5 is_stmt 1 view .LVU49
 391:Drivers/BSP/Components/lis3dsh/lis3dsh.c ****     
 301              		.loc 1 391 5 view .LVU50
 390:Drivers/BSP/Components/lis3dsh/lis3dsh.c ****     break;
 302              		.loc 1 390 17 is_stmt 0 view .LVU51
 303 008a 9FED167A 		vldr.32	s14, .L19+4
 391:Drivers/BSP/Components/lis3dsh/lis3dsh.c ****     
 304              		.loc 1 391 5 view .LVU52
 305 008e FAE7     		b	.L14
 306              	.LVL21:
 307              	.L12:
 395:Drivers/BSP/Components/lis3dsh/lis3dsh.c ****     break;
 308              		.loc 1 395 5 is_stmt 1 view .LVU53
 396:Drivers/BSP/Components/lis3dsh/lis3dsh.c ****     
 309              		.loc 1 396 5 view .LVU54
 395:Drivers/BSP/Components/lis3dsh/lis3dsh.c ****     break;
 310              		.loc 1 395 17 is_stmt 0 view .LVU55
 311 0090 9FED157A 		vldr.32	s14, .L19+8
 396:Drivers/BSP/Components/lis3dsh/lis3dsh.c ****     
 312              		.loc 1 396 5 view .LVU56
 313 0094 F7E7     		b	.L14
 314              	.LVL22:
 315              	.L10:
 400:Drivers/BSP/Components/lis3dsh/lis3dsh.c ****     break;
 316              		.loc 1 400 5 is_stmt 1 view .LVU57
 401:Drivers/BSP/Components/lis3dsh/lis3dsh.c ****     
 317              		.loc 1 401 5 view .LVU58
 400:Drivers/BSP/Components/lis3dsh/lis3dsh.c ****     break;
 318              		.loc 1 400 17 is_stmt 0 view .LVU59
ARM GAS  /var/folders/lp/x54gwt890xv47sdkqj1k04q40000gn/T//ccnutLzR.s 			page 14


 319 0096 9FED157A 		vldr.32	s14, .L19+12
 401:Drivers/BSP/Components/lis3dsh/lis3dsh.c ****     
 320              		.loc 1 401 5 view .LVU60
 321 009a F4E7     		b	.L14
 322              	.LVL23:
 323              	.L17:
 385:Drivers/BSP/Components/lis3dsh/lis3dsh.c ****     break;
 324              		.loc 1 385 17 view .LVU61
 325 009c 9FED147A 		vldr.32	s14, .L19+16
 326 00a0 F1E7     		b	.L14
 327              	.LVL24:
 328              	.L16:
 409:Drivers/BSP/Components/lis3dsh/lis3dsh.c ****   {
 410:Drivers/BSP/Components/lis3dsh/lis3dsh.c ****     valueinfloat = ((buffer[2*i+1] << 8) + buffer[2*i]) * sensitivity;
 329              		.loc 1 410 5 is_stmt 1 view .LVU62
 330              		.loc 1 410 30 is_stmt 0 view .LVU63
 331 00a2 5300     		lsls	r3, r2, #1
 332              		.loc 1 410 28 view .LVU64
 333 00a4 03F11101 		add	r1, r3, #17
 334 00a8 6944     		add	r1, sp, r1
 335 00aa 11F9081C 		ldrsb	r1, [r1, #-8]
 336              		.loc 1 410 50 view .LVU65
 337 00ae 1033     		adds	r3, r3, #16
 338 00b0 6B44     		add	r3, sp, r3
 339 00b2 13F9083C 		ldrsb	r3, [r3, #-8]
 340              		.loc 1 410 42 view .LVU66
 341 00b6 03EB0123 		add	r3, r3, r1, lsl #8
 342 00ba 07EE903A 		vmov	s15, r3	@ int
 343              		.loc 1 410 57 view .LVU67
 344 00be F8EEE77A 		vcvt.f32.s32	s15, s15
 345              		.loc 1 410 18 view .LVU68
 346 00c2 67EE877A 		vmul.f32	s15, s15, s14
 347              	.LVL25:
 411:Drivers/BSP/Components/lis3dsh/lis3dsh.c ****     pData[i] = (int16_t)valueinfloat;
 348              		.loc 1 411 5 is_stmt 1 view .LVU69
 349              		.loc 1 411 16 is_stmt 0 view .LVU70
 350 00c6 FDEEE77A 		vcvt.s32.f32	s15, s15
 351              	.LVL26:
 352              		.loc 1 411 14 view .LVU71
 353 00ca 17EE903A 		vmov	r3, s15	@ int
 354              	.LVL27:
 355              		.loc 1 411 14 view .LVU72
 356 00ce 24F81230 		strh	r3, [r4, r2, lsl #1]	@ movhi
 357              	.LVL28:
 408:Drivers/BSP/Components/lis3dsh/lis3dsh.c ****   {
 358              		.loc 1 408 18 is_stmt 1 discriminator 3 view .LVU73
 359 00d2 0132     		adds	r2, r2, #1
 360              	.LVL29:
 408:Drivers/BSP/Components/lis3dsh/lis3dsh.c ****   {
 361              		.loc 1 408 18 is_stmt 0 discriminator 3 view .LVU74
 362 00d4 D2B2     		uxtb	r2, r2
 363              	.LVL30:
 364              	.L15:
 408:Drivers/BSP/Components/lis3dsh/lis3dsh.c ****   {
 365              		.loc 1 408 13 is_stmt 1 discriminator 1 view .LVU75
 366 00d6 022A     		cmp	r2, #2
 367 00d8 E3D9     		bls	.L16
ARM GAS  /var/folders/lp/x54gwt890xv47sdkqj1k04q40000gn/T//ccnutLzR.s 			page 15


 412:Drivers/BSP/Components/lis3dsh/lis3dsh.c ****   }
 413:Drivers/BSP/Components/lis3dsh/lis3dsh.c **** }
 368              		.loc 1 413 1 is_stmt 0 view .LVU76
 369 00da 04B0     		add	sp, sp, #16
 370              		.cfi_def_cfa_offset 8
 371              		@ sp needed
 372 00dc 10BD     		pop	{r4, pc}
 373              	.LVL31:
 374              	.L20:
 375              		.loc 1 413 1 view .LVU77
 376 00de 00BF     		.align	2
 377              	.L19:
 378 00e0 8FC2753D 		.word	1031127695
 379 00e4 EC51383E 		.word	1043878380
 380 00e8 8FC2753E 		.word	1047904911
 381 00ec 48E13A3F 		.word	1060823368
 382 00f0 8FC2F53D 		.word	1039516303
 383              		.cfi_endproc
 384              	.LFE9:
 386              		.section	.text.LIS3DSH_InterruptConfig,"ax",%progbits
 387              		.align	1
 388              		.global	LIS3DSH_InterruptConfig
 389              		.syntax unified
 390              		.thumb
 391              		.thumb_func
 393              	LIS3DSH_InterruptConfig:
 394              	.LVL32:
 395              	.LFB3:
 177:Drivers/BSP/Components/lis3dsh/lis3dsh.c ****   uint8_t ctrl = 0x00;
 396              		.loc 1 177 1 is_stmt 1 view -0
 397              		.cfi_startproc
 398              		@ args = 0, pretend = 0, frame = 8
 399              		@ frame_needed = 0, uses_anonymous_args = 0
 177:Drivers/BSP/Components/lis3dsh/lis3dsh.c ****   uint8_t ctrl = 0x00;
 400              		.loc 1 177 1 is_stmt 0 view .LVU79
 401 0000 10B5     		push	{r4, lr}
 402              		.cfi_def_cfa_offset 8
 403              		.cfi_offset 4, -8
 404              		.cfi_offset 14, -4
 405 0002 82B0     		sub	sp, sp, #8
 406              		.cfi_def_cfa_offset 16
 407 0004 0446     		mov	r4, r0
 178:Drivers/BSP/Components/lis3dsh/lis3dsh.c ****   
 408              		.loc 1 178 3 is_stmt 1 view .LVU80
 178:Drivers/BSP/Components/lis3dsh/lis3dsh.c ****   
 409              		.loc 1 178 11 is_stmt 0 view .LVU81
 410 0006 0023     		movs	r3, #0
 411 0008 8DF80730 		strb	r3, [sp, #7]
 181:Drivers/BSP/Components/lis3dsh/lis3dsh.c ****                    LIS3DSH_IntConfigStruct->Interrupt_Request | \
 412              		.loc 1 181 3 is_stmt 1 view .LVU82
 181:Drivers/BSP/Components/lis3dsh/lis3dsh.c ****                    LIS3DSH_IntConfigStruct->Interrupt_Request | \
 413              		.loc 1 181 43 is_stmt 0 view .LVU83
 414 000c 4278     		ldrb	r2, [r0, #1]	@ zero_extendqisi2
 182:Drivers/BSP/Components/lis3dsh/lis3dsh.c ****                    LIS3DSH_IntConfigStruct->Interrupt_Signal);
 415              		.loc 1 182 43 view .LVU84
 416 000e 0178     		ldrb	r1, [r0]	@ zero_extendqisi2
 183:Drivers/BSP/Components/lis3dsh/lis3dsh.c ****   
ARM GAS  /var/folders/lp/x54gwt890xv47sdkqj1k04q40000gn/T//ccnutLzR.s 			page 16


 417              		.loc 1 183 43 view .LVU85
 418 0010 8378     		ldrb	r3, [r0, #2]	@ zero_extendqisi2
 181:Drivers/BSP/Components/lis3dsh/lis3dsh.c ****                    LIS3DSH_IntConfigStruct->Interrupt_Request | \
 419              		.loc 1 181 10 view .LVU86
 420 0012 0A43     		orrs	r2, r2, r1
 421 0014 1343     		orrs	r3, r3, r2
 181:Drivers/BSP/Components/lis3dsh/lis3dsh.c ****                    LIS3DSH_IntConfigStruct->Interrupt_Request | \
 422              		.loc 1 181 8 view .LVU87
 423 0016 8DF80730 		strb	r3, [sp, #7]
 186:Drivers/BSP/Components/lis3dsh/lis3dsh.c ****   
 424              		.loc 1 186 3 is_stmt 1 view .LVU88
 425 001a 0122     		movs	r2, #1
 426 001c 2321     		movs	r1, #35
 427 001e 0DF10700 		add	r0, sp, #7
 428              	.LVL33:
 186:Drivers/BSP/Components/lis3dsh/lis3dsh.c ****   
 429              		.loc 1 186 3 is_stmt 0 view .LVU89
 430 0022 FFF7FEFF 		bl	ACCELERO_IO_Write
 431              	.LVL34:
 189:Drivers/BSP/Components/lis3dsh/lis3dsh.c ****                    LIS3DSH_IntConfigStruct->State_Machine1_Interrupt);
 432              		.loc 1 189 3 is_stmt 1 view .LVU90
 189:Drivers/BSP/Components/lis3dsh/lis3dsh.c ****                    LIS3DSH_IntConfigStruct->State_Machine1_Interrupt);
 433              		.loc 1 189 43 is_stmt 0 view .LVU91
 434 0026 E378     		ldrb	r3, [r4, #3]	@ zero_extendqisi2
 190:Drivers/BSP/Components/lis3dsh/lis3dsh.c ****   
 435              		.loc 1 190 43 view .LVU92
 436 0028 2279     		ldrb	r2, [r4, #4]	@ zero_extendqisi2
 189:Drivers/BSP/Components/lis3dsh/lis3dsh.c ****                    LIS3DSH_IntConfigStruct->State_Machine1_Interrupt);
 437              		.loc 1 189 10 view .LVU93
 438 002a 1343     		orrs	r3, r3, r2
 189:Drivers/BSP/Components/lis3dsh/lis3dsh.c ****                    LIS3DSH_IntConfigStruct->State_Machine1_Interrupt);
 439              		.loc 1 189 8 view .LVU94
 440 002c 8DF80730 		strb	r3, [sp, #7]
 193:Drivers/BSP/Components/lis3dsh/lis3dsh.c ****   
 441              		.loc 1 193 3 is_stmt 1 view .LVU95
 442 0030 0122     		movs	r2, #1
 443 0032 2121     		movs	r1, #33
 444 0034 0DF10700 		add	r0, sp, #7
 445 0038 FFF7FEFF 		bl	ACCELERO_IO_Write
 446              	.LVL35:
 196:Drivers/BSP/Components/lis3dsh/lis3dsh.c ****                    LIS3DSH_IntConfigStruct->State_Machine2_Interrupt);
 447              		.loc 1 196 3 view .LVU96
 196:Drivers/BSP/Components/lis3dsh/lis3dsh.c ****                    LIS3DSH_IntConfigStruct->State_Machine2_Interrupt);
 448              		.loc 1 196 43 is_stmt 0 view .LVU97
 449 003c 6379     		ldrb	r3, [r4, #5]	@ zero_extendqisi2
 197:Drivers/BSP/Components/lis3dsh/lis3dsh.c ****   
 450              		.loc 1 197 43 view .LVU98
 451 003e A279     		ldrb	r2, [r4, #6]	@ zero_extendqisi2
 196:Drivers/BSP/Components/lis3dsh/lis3dsh.c ****                    LIS3DSH_IntConfigStruct->State_Machine2_Interrupt);
 452              		.loc 1 196 10 view .LVU99
 453 0040 1343     		orrs	r3, r3, r2
 196:Drivers/BSP/Components/lis3dsh/lis3dsh.c ****                    LIS3DSH_IntConfigStruct->State_Machine2_Interrupt);
 454              		.loc 1 196 8 view .LVU100
 455 0042 8DF80730 		strb	r3, [sp, #7]
 200:Drivers/BSP/Components/lis3dsh/lis3dsh.c **** }
 456              		.loc 1 200 3 is_stmt 1 view .LVU101
 457 0046 0122     		movs	r2, #1
ARM GAS  /var/folders/lp/x54gwt890xv47sdkqj1k04q40000gn/T//ccnutLzR.s 			page 17


 458 0048 2221     		movs	r1, #34
 459 004a 0DF10700 		add	r0, sp, #7
 460 004e FFF7FEFF 		bl	ACCELERO_IO_Write
 461              	.LVL36:
 201:Drivers/BSP/Components/lis3dsh/lis3dsh.c **** 
 462              		.loc 1 201 1 is_stmt 0 view .LVU102
 463 0052 02B0     		add	sp, sp, #8
 464              		.cfi_def_cfa_offset 8
 465              		@ sp needed
 466 0054 10BD     		pop	{r4, pc}
 201:Drivers/BSP/Components/lis3dsh/lis3dsh.c **** 
 467              		.loc 1 201 1 view .LVU103
 468              		.cfi_endproc
 469              	.LFE3:
 471              		.section	.text.LIS3DSH_Click_IntConfig,"ax",%progbits
 472              		.align	1
 473              		.global	LIS3DSH_Click_IntConfig
 474              		.syntax unified
 475              		.thumb
 476              		.thumb_func
 478              	LIS3DSH_Click_IntConfig:
 479              	.LFB4:
 209:Drivers/BSP/Components/lis3dsh/lis3dsh.c ****   uint8_t ctrl = 0x00;
 480              		.loc 1 209 1 is_stmt 1 view -0
 481              		.cfi_startproc
 482              		@ args = 0, pretend = 0, frame = 8
 483              		@ frame_needed = 0, uses_anonymous_args = 0
 484 0000 30B5     		push	{r4, r5, lr}
 485              		.cfi_def_cfa_offset 12
 486              		.cfi_offset 4, -12
 487              		.cfi_offset 5, -8
 488              		.cfi_offset 14, -4
 489 0002 83B0     		sub	sp, sp, #12
 490              		.cfi_def_cfa_offset 24
 210:Drivers/BSP/Components/lis3dsh/lis3dsh.c ****   LIS3DSH_InterruptConfigTypeDef   LIS3DSH_InterruptStruct; 
 491              		.loc 1 210 3 view .LVU105
 210:Drivers/BSP/Components/lis3dsh/lis3dsh.c ****   LIS3DSH_InterruptConfigTypeDef   LIS3DSH_InterruptStruct; 
 492              		.loc 1 210 11 is_stmt 0 view .LVU106
 493 0004 0025     		movs	r5, #0
 494 0006 8DF80750 		strb	r5, [sp, #7]
 211:Drivers/BSP/Components/lis3dsh/lis3dsh.c **** 
 495              		.loc 1 211 3 is_stmt 1 view .LVU107
 213:Drivers/BSP/Components/lis3dsh/lis3dsh.c **** 
 496              		.loc 1 213 3 view .LVU108
 497 000a FFF7FEFF 		bl	ACCELERO_IO_ITConfig
 498              	.LVL37:
 216:Drivers/BSP/Components/lis3dsh/lis3dsh.c ****   LIS3DSH_InterruptStruct.Interrupt_Request = LIS3DSH_INTERRUPT_REQUEST_LATCHED;
 499              		.loc 1 216 3 view .LVU109
 216:Drivers/BSP/Components/lis3dsh/lis3dsh.c ****   LIS3DSH_InterruptStruct.Interrupt_Request = LIS3DSH_INTERRUPT_REQUEST_LATCHED;
 500              		.loc 1 216 54 is_stmt 0 view .LVU110
 501 000e 8DF80150 		strb	r5, [sp, #1]
 217:Drivers/BSP/Components/lis3dsh/lis3dsh.c ****   LIS3DSH_InterruptStruct.Interrupt_Signal = LIS3DSH_INTERRUPT_SIGNAL_HIGH;
 502              		.loc 1 217 3 is_stmt 1 view .LVU111
 217:Drivers/BSP/Components/lis3dsh/lis3dsh.c ****   LIS3DSH_InterruptStruct.Interrupt_Signal = LIS3DSH_INTERRUPT_SIGNAL_HIGH;
 503              		.loc 1 217 45 is_stmt 0 view .LVU112
 504 0012 8DF80050 		strb	r5, [sp]
 218:Drivers/BSP/Components/lis3dsh/lis3dsh.c ****   LIS3DSH_InterruptStruct.State_Machine1_Enable = LIS3DSH_SM_DISABLE;
ARM GAS  /var/folders/lp/x54gwt890xv47sdkqj1k04q40000gn/T//ccnutLzR.s 			page 18


 505              		.loc 1 218 3 is_stmt 1 view .LVU113
 218:Drivers/BSP/Components/lis3dsh/lis3dsh.c ****   LIS3DSH_InterruptStruct.State_Machine1_Enable = LIS3DSH_SM_DISABLE;
 506              		.loc 1 218 44 is_stmt 0 view .LVU114
 507 0016 4023     		movs	r3, #64
 508 0018 8DF80230 		strb	r3, [sp, #2]
 219:Drivers/BSP/Components/lis3dsh/lis3dsh.c ****   LIS3DSH_InterruptStruct.State_Machine2_Enable = LIS3DSH_SM_ENABLE;
 509              		.loc 1 219 3 is_stmt 1 view .LVU115
 219:Drivers/BSP/Components/lis3dsh/lis3dsh.c ****   LIS3DSH_InterruptStruct.State_Machine2_Enable = LIS3DSH_SM_ENABLE;
 510              		.loc 1 219 49 is_stmt 0 view .LVU116
 511 001c 8DF80350 		strb	r5, [sp, #3]
 220:Drivers/BSP/Components/lis3dsh/lis3dsh.c ****   LIS3DSH_InterruptStruct.State_Machine2_Interrupt = LIS3DSH_SM_INT1;
 512              		.loc 1 220 3 is_stmt 1 view .LVU117
 220:Drivers/BSP/Components/lis3dsh/lis3dsh.c ****   LIS3DSH_InterruptStruct.State_Machine2_Interrupt = LIS3DSH_SM_INT1;
 513              		.loc 1 220 49 is_stmt 0 view .LVU118
 514 0020 0124     		movs	r4, #1
 515 0022 8DF80540 		strb	r4, [sp, #5]
 221:Drivers/BSP/Components/lis3dsh/lis3dsh.c ****   LIS3DSH_InterruptConfig(&LIS3DSH_InterruptStruct);
 516              		.loc 1 221 3 is_stmt 1 view .LVU119
 221:Drivers/BSP/Components/lis3dsh/lis3dsh.c ****   LIS3DSH_InterruptConfig(&LIS3DSH_InterruptStruct);
 517              		.loc 1 221 52 is_stmt 0 view .LVU120
 518 0026 8DF80650 		strb	r5, [sp, #6]
 222:Drivers/BSP/Components/lis3dsh/lis3dsh.c ****     
 519              		.loc 1 222 3 is_stmt 1 view .LVU121
 520 002a 6846     		mov	r0, sp
 521 002c FFF7FEFF 		bl	LIS3DSH_InterruptConfig
 522              	.LVL38:
 225:Drivers/BSP/Components/lis3dsh/lis3dsh.c ****   ACCELERO_IO_Write(&ctrl, LIS3DSH_TIM2_1_L_ADDR,1);
 523              		.loc 1 225 3 view .LVU122
 225:Drivers/BSP/Components/lis3dsh/lis3dsh.c ****   ACCELERO_IO_Write(&ctrl, LIS3DSH_TIM2_1_L_ADDR,1);
 524              		.loc 1 225 7 is_stmt 0 view .LVU123
 525 0030 0323     		movs	r3, #3
 526 0032 8DF80730 		strb	r3, [sp, #7]
 226:Drivers/BSP/Components/lis3dsh/lis3dsh.c ****   ctrl=0xC8; 
 527              		.loc 1 226 3 is_stmt 1 view .LVU124
 528 0036 2246     		mov	r2, r4
 529 0038 5221     		movs	r1, #82
 530 003a 0DF10700 		add	r0, sp, #7
 531 003e FFF7FEFF 		bl	ACCELERO_IO_Write
 532              	.LVL39:
 227:Drivers/BSP/Components/lis3dsh/lis3dsh.c ****   ACCELERO_IO_Write(&ctrl, LIS3DSH_TIM1_1_L_ADDR,1);
 533              		.loc 1 227 3 view .LVU125
 227:Drivers/BSP/Components/lis3dsh/lis3dsh.c ****   ACCELERO_IO_Write(&ctrl, LIS3DSH_TIM1_1_L_ADDR,1);
 534              		.loc 1 227 7 is_stmt 0 view .LVU126
 535 0042 C823     		movs	r3, #200
 536 0044 8DF80730 		strb	r3, [sp, #7]
 228:Drivers/BSP/Components/lis3dsh/lis3dsh.c ****   ctrl=0x45; 
 537              		.loc 1 228 3 is_stmt 1 view .LVU127
 538 0048 2246     		mov	r2, r4
 539 004a 5421     		movs	r1, #84
 540 004c 0DF10700 		add	r0, sp, #7
 541 0050 FFF7FEFF 		bl	ACCELERO_IO_Write
 542              	.LVL40:
 229:Drivers/BSP/Components/lis3dsh/lis3dsh.c ****   ACCELERO_IO_Write(&ctrl, LIS3DSH_THRS2_1_ADDR,1);
 543              		.loc 1 229 3 view .LVU128
 229:Drivers/BSP/Components/lis3dsh/lis3dsh.c ****   ACCELERO_IO_Write(&ctrl, LIS3DSH_THRS2_1_ADDR,1);
 544              		.loc 1 229 7 is_stmt 0 view .LVU129
 545 0054 4523     		movs	r3, #69
ARM GAS  /var/folders/lp/x54gwt890xv47sdkqj1k04q40000gn/T//ccnutLzR.s 			page 19


 546 0056 8DF80730 		strb	r3, [sp, #7]
 230:Drivers/BSP/Components/lis3dsh/lis3dsh.c ****   ctrl=0xFC; 
 547              		.loc 1 230 3 is_stmt 1 view .LVU130
 548 005a 2246     		mov	r2, r4
 549 005c 5621     		movs	r1, #86
 550 005e 0DF10700 		add	r0, sp, #7
 551 0062 FFF7FEFF 		bl	ACCELERO_IO_Write
 552              	.LVL41:
 231:Drivers/BSP/Components/lis3dsh/lis3dsh.c ****   ACCELERO_IO_Write(&ctrl, LIS3DSH_MASK1_A_ADDR,1);
 553              		.loc 1 231 3 view .LVU131
 231:Drivers/BSP/Components/lis3dsh/lis3dsh.c ****   ACCELERO_IO_Write(&ctrl, LIS3DSH_MASK1_A_ADDR,1);
 554              		.loc 1 231 7 is_stmt 0 view .LVU132
 555 0066 FC23     		movs	r3, #252
 556 0068 8DF80730 		strb	r3, [sp, #7]
 232:Drivers/BSP/Components/lis3dsh/lis3dsh.c ****   ctrl=0xA1; 
 557              		.loc 1 232 3 is_stmt 1 view .LVU133
 558 006c 2246     		mov	r2, r4
 559 006e 5A21     		movs	r1, #90
 560 0070 0DF10700 		add	r0, sp, #7
 561 0074 FFF7FEFF 		bl	ACCELERO_IO_Write
 562              	.LVL42:
 233:Drivers/BSP/Components/lis3dsh/lis3dsh.c ****   ACCELERO_IO_Write(&ctrl, LIS3DSH_SETT1_ADDR,1);
 563              		.loc 1 233 3 view .LVU134
 233:Drivers/BSP/Components/lis3dsh/lis3dsh.c ****   ACCELERO_IO_Write(&ctrl, LIS3DSH_SETT1_ADDR,1);
 564              		.loc 1 233 7 is_stmt 0 view .LVU135
 565 0078 A123     		movs	r3, #161
 566 007a 8DF80730 		strb	r3, [sp, #7]
 234:Drivers/BSP/Components/lis3dsh/lis3dsh.c ****   ctrl=0x01; 
 567              		.loc 1 234 3 is_stmt 1 view .LVU136
 568 007e 2246     		mov	r2, r4
 569 0080 5B21     		movs	r1, #91
 570 0082 0DF10700 		add	r0, sp, #7
 571 0086 FFF7FEFF 		bl	ACCELERO_IO_Write
 572              	.LVL43:
 235:Drivers/BSP/Components/lis3dsh/lis3dsh.c ****   ACCELERO_IO_Write(&ctrl, LIS3DSH_PR1_ADDR,1);
 573              		.loc 1 235 3 view .LVU137
 235:Drivers/BSP/Components/lis3dsh/lis3dsh.c ****   ACCELERO_IO_Write(&ctrl, LIS3DSH_PR1_ADDR,1);
 574              		.loc 1 235 7 is_stmt 0 view .LVU138
 575 008a 8DF80740 		strb	r4, [sp, #7]
 236:Drivers/BSP/Components/lis3dsh/lis3dsh.c **** 
 576              		.loc 1 236 3 is_stmt 1 view .LVU139
 577 008e 2246     		mov	r2, r4
 578 0090 5C21     		movs	r1, #92
 579 0092 0DF10700 		add	r0, sp, #7
 580 0096 FFF7FEFF 		bl	ACCELERO_IO_Write
 581              	.LVL44:
 238:Drivers/BSP/Components/lis3dsh/lis3dsh.c ****   
 582              		.loc 1 238 3 view .LVU140
 583 009a 2246     		mov	r2, r4
 584 009c 7B21     		movs	r1, #123
 585 009e 0DF10700 		add	r0, sp, #7
 586 00a2 FFF7FEFF 		bl	ACCELERO_IO_Write
 587              	.LVL45:
 241:Drivers/BSP/Components/lis3dsh/lis3dsh.c ****   ctrl=0x06; 
 588              		.loc 1 241 3 view .LVU141
 589 00a6 2246     		mov	r2, r4
 590 00a8 6021     		movs	r1, #96
ARM GAS  /var/folders/lp/x54gwt890xv47sdkqj1k04q40000gn/T//ccnutLzR.s 			page 20


 591 00aa 0DF10700 		add	r0, sp, #7
 592 00ae FFF7FEFF 		bl	ACCELERO_IO_Write
 593              	.LVL46:
 242:Drivers/BSP/Components/lis3dsh/lis3dsh.c ****   ACCELERO_IO_Write(&ctrl, LIS3DSH_ST2_2_ADDR,1);
 594              		.loc 1 242 3 view .LVU142
 242:Drivers/BSP/Components/lis3dsh/lis3dsh.c ****   ACCELERO_IO_Write(&ctrl, LIS3DSH_ST2_2_ADDR,1);
 595              		.loc 1 242 7 is_stmt 0 view .LVU143
 596 00b2 0623     		movs	r3, #6
 597 00b4 8DF80730 		strb	r3, [sp, #7]
 243:Drivers/BSP/Components/lis3dsh/lis3dsh.c ****   ctrl=0x28; 
 598              		.loc 1 243 3 is_stmt 1 view .LVU144
 599 00b8 2246     		mov	r2, r4
 600 00ba 6121     		movs	r1, #97
 601 00bc 0DF10700 		add	r0, sp, #7
 602 00c0 FFF7FEFF 		bl	ACCELERO_IO_Write
 603              	.LVL47:
 244:Drivers/BSP/Components/lis3dsh/lis3dsh.c ****   ACCELERO_IO_Write(&ctrl, LIS3DSH_ST2_3_ADDR,1);
 604              		.loc 1 244 3 view .LVU145
 244:Drivers/BSP/Components/lis3dsh/lis3dsh.c ****   ACCELERO_IO_Write(&ctrl, LIS3DSH_ST2_3_ADDR,1);
 605              		.loc 1 244 7 is_stmt 0 view .LVU146
 606 00c4 2823     		movs	r3, #40
 607 00c6 8DF80730 		strb	r3, [sp, #7]
 245:Drivers/BSP/Components/lis3dsh/lis3dsh.c ****   ctrl=0x11; 
 608              		.loc 1 245 3 is_stmt 1 view .LVU147
 609 00ca 2246     		mov	r2, r4
 610 00cc 6221     		movs	r1, #98
 611 00ce 0DF10700 		add	r0, sp, #7
 612 00d2 FFF7FEFF 		bl	ACCELERO_IO_Write
 613              	.LVL48:
 246:Drivers/BSP/Components/lis3dsh/lis3dsh.c ****   ACCELERO_IO_Write(&ctrl, LIS3DSH_ST2_4_ADDR,1);
 614              		.loc 1 246 3 view .LVU148
 246:Drivers/BSP/Components/lis3dsh/lis3dsh.c ****   ACCELERO_IO_Write(&ctrl, LIS3DSH_ST2_4_ADDR,1);
 615              		.loc 1 246 7 is_stmt 0 view .LVU149
 616 00d6 1123     		movs	r3, #17
 617 00d8 8DF80730 		strb	r3, [sp, #7]
 247:Drivers/BSP/Components/lis3dsh/lis3dsh.c **** }
 618              		.loc 1 247 3 is_stmt 1 view .LVU150
 619 00dc 2246     		mov	r2, r4
 620 00de 6321     		movs	r1, #99
 621 00e0 0DF10700 		add	r0, sp, #7
 622 00e4 FFF7FEFF 		bl	ACCELERO_IO_Write
 623              	.LVL49:
 248:Drivers/BSP/Components/lis3dsh/lis3dsh.c **** 
 624              		.loc 1 248 1 is_stmt 0 view .LVU151
 625 00e8 03B0     		add	sp, sp, #12
 626              		.cfi_def_cfa_offset 12
 627              		@ sp needed
 628 00ea 30BD     		pop	{r4, r5, pc}
 629              		.cfi_endproc
 630              	.LFE4:
 632              		.section	.text.LIS3DSH_ODR_LowpowerCmd,"ax",%progbits
 633              		.align	1
 634              		.global	LIS3DSH_ODR_LowpowerCmd
 635              		.syntax unified
 636              		.thumb
 637              		.thumb_func
 639              	LIS3DSH_ODR_LowpowerCmd:
ARM GAS  /var/folders/lp/x54gwt890xv47sdkqj1k04q40000gn/T//ccnutLzR.s 			page 21


 640              	.LVL50:
 641              	.LFB5:
 267:Drivers/BSP/Components/lis3dsh/lis3dsh.c ****   uint8_t tmpreg;
 642              		.loc 1 267 1 is_stmt 1 view -0
 643              		.cfi_startproc
 644              		@ args = 0, pretend = 0, frame = 8
 645              		@ frame_needed = 0, uses_anonymous_args = 0
 267:Drivers/BSP/Components/lis3dsh/lis3dsh.c ****   uint8_t tmpreg;
 646              		.loc 1 267 1 is_stmt 0 view .LVU153
 647 0000 10B5     		push	{r4, lr}
 648              		.cfi_def_cfa_offset 8
 649              		.cfi_offset 4, -8
 650              		.cfi_offset 14, -4
 651 0002 82B0     		sub	sp, sp, #8
 652              		.cfi_def_cfa_offset 16
 653 0004 0446     		mov	r4, r0
 268:Drivers/BSP/Components/lis3dsh/lis3dsh.c ****   
 654              		.loc 1 268 3 is_stmt 1 view .LVU154
 271:Drivers/BSP/Components/lis3dsh/lis3dsh.c ****   
 655              		.loc 1 271 3 view .LVU155
 656 0006 0122     		movs	r2, #1
 657 0008 2021     		movs	r1, #32
 658 000a 0DF10700 		add	r0, sp, #7
 659              	.LVL51:
 271:Drivers/BSP/Components/lis3dsh/lis3dsh.c ****   
 660              		.loc 1 271 3 is_stmt 0 view .LVU156
 661 000e FFF7FEFF 		bl	ACCELERO_IO_Read
 662              	.LVL52:
 274:Drivers/BSP/Components/lis3dsh/lis3dsh.c ****   tmpreg |= ODR_LowPowerMode;
 663              		.loc 1 274 3 is_stmt 1 view .LVU157
 274:Drivers/BSP/Components/lis3dsh/lis3dsh.c ****   tmpreg |= ODR_LowPowerMode;
 664              		.loc 1 274 10 is_stmt 0 view .LVU158
 665 0012 9DF80730 		ldrb	r3, [sp, #7]	@ zero_extendqisi2
 666 0016 03F09F03 		and	r3, r3, #159
 667 001a 8DF80730 		strb	r3, [sp, #7]
 275:Drivers/BSP/Components/lis3dsh/lis3dsh.c ****   
 668              		.loc 1 275 3 is_stmt 1 view .LVU159
 275:Drivers/BSP/Components/lis3dsh/lis3dsh.c ****   
 669              		.loc 1 275 10 is_stmt 0 view .LVU160
 670 001e 2343     		orrs	r3, r3, r4
 671 0020 8DF80730 		strb	r3, [sp, #7]
 278:Drivers/BSP/Components/lis3dsh/lis3dsh.c **** }
 672              		.loc 1 278 3 is_stmt 1 view .LVU161
 673 0024 0122     		movs	r2, #1
 674 0026 2021     		movs	r1, #32
 675 0028 0DF10700 		add	r0, sp, #7
 676 002c FFF7FEFF 		bl	ACCELERO_IO_Write
 677              	.LVL53:
 279:Drivers/BSP/Components/lis3dsh/lis3dsh.c **** 
 678              		.loc 1 279 1 is_stmt 0 view .LVU162
 679 0030 02B0     		add	sp, sp, #8
 680              		.cfi_def_cfa_offset 8
 681              		@ sp needed
 682 0032 10BD     		pop	{r4, pc}
 279:Drivers/BSP/Components/lis3dsh/lis3dsh.c **** 
 683              		.loc 1 279 1 view .LVU163
 684              		.cfi_endproc
ARM GAS  /var/folders/lp/x54gwt890xv47sdkqj1k04q40000gn/T//ccnutLzR.s 			page 22


 685              	.LFE5:
 687              		.section	.text.LIS3DSH_DataRateCmd,"ax",%progbits
 688              		.align	1
 689              		.global	LIS3DSH_DataRateCmd
 690              		.syntax unified
 691              		.thumb
 692              		.thumb_func
 694              	LIS3DSH_DataRateCmd:
 695              	.LVL54:
 696              	.LFB6:
 297:Drivers/BSP/Components/lis3dsh/lis3dsh.c ****   uint8_t tmpreg;
 697              		.loc 1 297 1 is_stmt 1 view -0
 698              		.cfi_startproc
 699              		@ args = 0, pretend = 0, frame = 8
 700              		@ frame_needed = 0, uses_anonymous_args = 0
 297:Drivers/BSP/Components/lis3dsh/lis3dsh.c ****   uint8_t tmpreg;
 701              		.loc 1 297 1 is_stmt 0 view .LVU165
 702 0000 10B5     		push	{r4, lr}
 703              		.cfi_def_cfa_offset 8
 704              		.cfi_offset 4, -8
 705              		.cfi_offset 14, -4
 706 0002 82B0     		sub	sp, sp, #8
 707              		.cfi_def_cfa_offset 16
 708 0004 0446     		mov	r4, r0
 298:Drivers/BSP/Components/lis3dsh/lis3dsh.c ****   
 709              		.loc 1 298 3 is_stmt 1 view .LVU166
 301:Drivers/BSP/Components/lis3dsh/lis3dsh.c ****   
 710              		.loc 1 301 3 view .LVU167
 711 0006 0122     		movs	r2, #1
 712 0008 2021     		movs	r1, #32
 713 000a 0DF10700 		add	r0, sp, #7
 714              	.LVL55:
 301:Drivers/BSP/Components/lis3dsh/lis3dsh.c ****   
 715              		.loc 1 301 3 is_stmt 0 view .LVU168
 716 000e FFF7FEFF 		bl	ACCELERO_IO_Read
 717              	.LVL56:
 304:Drivers/BSP/Components/lis3dsh/lis3dsh.c ****   tmpreg |= DataRateValue;
 718              		.loc 1 304 3 is_stmt 1 view .LVU169
 304:Drivers/BSP/Components/lis3dsh/lis3dsh.c ****   tmpreg |= DataRateValue;
 719              		.loc 1 304 10 is_stmt 0 view .LVU170
 720 0012 9DF80730 		ldrb	r3, [sp, #7]	@ zero_extendqisi2
 721 0016 03F08F03 		and	r3, r3, #143
 722 001a 8DF80730 		strb	r3, [sp, #7]
 305:Drivers/BSP/Components/lis3dsh/lis3dsh.c ****   
 723              		.loc 1 305 3 is_stmt 1 view .LVU171
 305:Drivers/BSP/Components/lis3dsh/lis3dsh.c ****   
 724              		.loc 1 305 10 is_stmt 0 view .LVU172
 725 001e 2343     		orrs	r3, r3, r4
 726 0020 8DF80730 		strb	r3, [sp, #7]
 308:Drivers/BSP/Components/lis3dsh/lis3dsh.c **** }
 727              		.loc 1 308 3 is_stmt 1 view .LVU173
 728 0024 0122     		movs	r2, #1
 729 0026 2021     		movs	r1, #32
 730 0028 0DF10700 		add	r0, sp, #7
 731 002c FFF7FEFF 		bl	ACCELERO_IO_Write
 732              	.LVL57:
 309:Drivers/BSP/Components/lis3dsh/lis3dsh.c **** 
ARM GAS  /var/folders/lp/x54gwt890xv47sdkqj1k04q40000gn/T//ccnutLzR.s 			page 23


 733              		.loc 1 309 1 is_stmt 0 view .LVU174
 734 0030 02B0     		add	sp, sp, #8
 735              		.cfi_def_cfa_offset 8
 736              		@ sp needed
 737 0032 10BD     		pop	{r4, pc}
 309:Drivers/BSP/Components/lis3dsh/lis3dsh.c **** 
 738              		.loc 1 309 1 view .LVU175
 739              		.cfi_endproc
 740              	.LFE6:
 742              		.section	.text.LIS3DSH_FullScaleCmd,"ax",%progbits
 743              		.align	1
 744              		.global	LIS3DSH_FullScaleCmd
 745              		.syntax unified
 746              		.thumb
 747              		.thumb_func
 749              	LIS3DSH_FullScaleCmd:
 750              	.LVL58:
 751              	.LFB7:
 323:Drivers/BSP/Components/lis3dsh/lis3dsh.c ****   uint8_t tmpreg;
 752              		.loc 1 323 1 is_stmt 1 view -0
 753              		.cfi_startproc
 754              		@ args = 0, pretend = 0, frame = 8
 755              		@ frame_needed = 0, uses_anonymous_args = 0
 323:Drivers/BSP/Components/lis3dsh/lis3dsh.c ****   uint8_t tmpreg;
 756              		.loc 1 323 1 is_stmt 0 view .LVU177
 757 0000 10B5     		push	{r4, lr}
 758              		.cfi_def_cfa_offset 8
 759              		.cfi_offset 4, -8
 760              		.cfi_offset 14, -4
 761 0002 82B0     		sub	sp, sp, #8
 762              		.cfi_def_cfa_offset 16
 763 0004 0446     		mov	r4, r0
 324:Drivers/BSP/Components/lis3dsh/lis3dsh.c ****   
 764              		.loc 1 324 3 is_stmt 1 view .LVU178
 327:Drivers/BSP/Components/lis3dsh/lis3dsh.c ****   
 765              		.loc 1 327 3 view .LVU179
 766 0006 0122     		movs	r2, #1
 767 0008 2421     		movs	r1, #36
 768 000a 0DF10700 		add	r0, sp, #7
 769              	.LVL59:
 327:Drivers/BSP/Components/lis3dsh/lis3dsh.c ****   
 770              		.loc 1 327 3 is_stmt 0 view .LVU180
 771 000e FFF7FEFF 		bl	ACCELERO_IO_Read
 772              	.LVL60:
 330:Drivers/BSP/Components/lis3dsh/lis3dsh.c ****   tmpreg |= FS_value;
 773              		.loc 1 330 3 is_stmt 1 view .LVU181
 330:Drivers/BSP/Components/lis3dsh/lis3dsh.c ****   tmpreg |= FS_value;
 774              		.loc 1 330 10 is_stmt 0 view .LVU182
 775 0012 9DF80730 		ldrb	r3, [sp, #7]	@ zero_extendqisi2
 776 0016 03F0DF03 		and	r3, r3, #223
 777 001a 8DF80730 		strb	r3, [sp, #7]
 331:Drivers/BSP/Components/lis3dsh/lis3dsh.c ****   
 778              		.loc 1 331 3 is_stmt 1 view .LVU183
 331:Drivers/BSP/Components/lis3dsh/lis3dsh.c ****   
 779              		.loc 1 331 10 is_stmt 0 view .LVU184
 780 001e 2343     		orrs	r3, r3, r4
 781 0020 8DF80730 		strb	r3, [sp, #7]
ARM GAS  /var/folders/lp/x54gwt890xv47sdkqj1k04q40000gn/T//ccnutLzR.s 			page 24


 334:Drivers/BSP/Components/lis3dsh/lis3dsh.c **** }
 782              		.loc 1 334 3 is_stmt 1 view .LVU185
 783 0024 0122     		movs	r2, #1
 784 0026 2421     		movs	r1, #36
 785 0028 0DF10700 		add	r0, sp, #7
 786 002c FFF7FEFF 		bl	ACCELERO_IO_Write
 787              	.LVL61:
 335:Drivers/BSP/Components/lis3dsh/lis3dsh.c **** 
 788              		.loc 1 335 1 is_stmt 0 view .LVU186
 789 0030 02B0     		add	sp, sp, #8
 790              		.cfi_def_cfa_offset 8
 791              		@ sp needed
 792 0032 10BD     		pop	{r4, pc}
 335:Drivers/BSP/Components/lis3dsh/lis3dsh.c **** 
 793              		.loc 1 335 1 view .LVU187
 794              		.cfi_endproc
 795              	.LFE7:
 797              		.global	Lis3dshDrv
 798              		.section	.data.Lis3dshDrv,"aw"
 799              		.align	2
 802              	Lis3dshDrv:
 803 0000 00000000 		.word	LIS3DSH_Init
 804 0004 00000000 		.word	LIS3DSH_DeInit
 805 0008 00000000 		.word	LIS3DSH_ReadID
 806 000c 00000000 		.word	LIS3DSH_RebootCmd
 807 0010 00000000 		.word	LIS3DSH_Click_IntConfig
 808 0014 00000000 		.word	0
 809 0018 00000000 		.word	0
 810 001c 00000000 		.word	0
 811 0020 00000000 		.word	0
 812 0024 00000000 		.word	0
 813 0028 00000000 		.word	0
 814 002c 00000000 		.word	0
 815 0030 00000000 		.word	LIS3DSH_ReadACC
 816              		.text
 817              	.Letext0:
 818              		.file 2 "/Users/jr/Library/Application Support/Code/User/globalStorage/bmd.stm32-for-vscode/@xpack
 819              		.file 3 "/Users/jr/Library/Application Support/Code/User/globalStorage/bmd.stm32-for-vscode/@xpack
 820              		.file 4 "Drivers/BSP/Components/lis3dsh/../Common/accelero.h"
 821              		.file 5 "Drivers/BSP/Components/lis3dsh/lis3dsh.h"
ARM GAS  /var/folders/lp/x54gwt890xv47sdkqj1k04q40000gn/T//ccnutLzR.s 			page 25


DEFINED SYMBOLS
                            *ABS*:00000000 lis3dsh.c
/var/folders/lp/x54gwt890xv47sdkqj1k04q40000gn/T//ccnutLzR.s:21     .text.LIS3DSH_DeInit:00000000 $t
/var/folders/lp/x54gwt890xv47sdkqj1k04q40000gn/T//ccnutLzR.s:27     .text.LIS3DSH_DeInit:00000000 LIS3DSH_DeInit
/var/folders/lp/x54gwt890xv47sdkqj1k04q40000gn/T//ccnutLzR.s:40     .text.LIS3DSH_Init:00000000 $t
/var/folders/lp/x54gwt890xv47sdkqj1k04q40000gn/T//ccnutLzR.s:46     .text.LIS3DSH_Init:00000000 LIS3DSH_Init
/var/folders/lp/x54gwt890xv47sdkqj1k04q40000gn/T//ccnutLzR.s:98     .text.LIS3DSH_ReadID:00000000 $t
/var/folders/lp/x54gwt890xv47sdkqj1k04q40000gn/T//ccnutLzR.s:104    .text.LIS3DSH_ReadID:00000000 LIS3DSH_ReadID
/var/folders/lp/x54gwt890xv47sdkqj1k04q40000gn/T//ccnutLzR.s:139    .text.LIS3DSH_RebootCmd:00000000 $t
/var/folders/lp/x54gwt890xv47sdkqj1k04q40000gn/T//ccnutLzR.s:145    .text.LIS3DSH_RebootCmd:00000000 LIS3DSH_RebootCmd
/var/folders/lp/x54gwt890xv47sdkqj1k04q40000gn/T//ccnutLzR.s:183    .text.LIS3DSH_ReadACC:00000000 $t
/var/folders/lp/x54gwt890xv47sdkqj1k04q40000gn/T//ccnutLzR.s:189    .text.LIS3DSH_ReadACC:00000000 LIS3DSH_ReadACC
/var/folders/lp/x54gwt890xv47sdkqj1k04q40000gn/T//ccnutLzR.s:263    .text.LIS3DSH_ReadACC:00000068 $d
/var/folders/lp/x54gwt890xv47sdkqj1k04q40000gn/T//ccnutLzR.s:378    .text.LIS3DSH_ReadACC:000000e0 $d
/var/folders/lp/x54gwt890xv47sdkqj1k04q40000gn/T//ccnutLzR.s:387    .text.LIS3DSH_InterruptConfig:00000000 $t
/var/folders/lp/x54gwt890xv47sdkqj1k04q40000gn/T//ccnutLzR.s:393    .text.LIS3DSH_InterruptConfig:00000000 LIS3DSH_InterruptConfig
/var/folders/lp/x54gwt890xv47sdkqj1k04q40000gn/T//ccnutLzR.s:472    .text.LIS3DSH_Click_IntConfig:00000000 $t
/var/folders/lp/x54gwt890xv47sdkqj1k04q40000gn/T//ccnutLzR.s:478    .text.LIS3DSH_Click_IntConfig:00000000 LIS3DSH_Click_IntConfig
/var/folders/lp/x54gwt890xv47sdkqj1k04q40000gn/T//ccnutLzR.s:633    .text.LIS3DSH_ODR_LowpowerCmd:00000000 $t
/var/folders/lp/x54gwt890xv47sdkqj1k04q40000gn/T//ccnutLzR.s:639    .text.LIS3DSH_ODR_LowpowerCmd:00000000 LIS3DSH_ODR_LowpowerCmd
/var/folders/lp/x54gwt890xv47sdkqj1k04q40000gn/T//ccnutLzR.s:688    .text.LIS3DSH_DataRateCmd:00000000 $t
/var/folders/lp/x54gwt890xv47sdkqj1k04q40000gn/T//ccnutLzR.s:694    .text.LIS3DSH_DataRateCmd:00000000 LIS3DSH_DataRateCmd
/var/folders/lp/x54gwt890xv47sdkqj1k04q40000gn/T//ccnutLzR.s:743    .text.LIS3DSH_FullScaleCmd:00000000 $t
/var/folders/lp/x54gwt890xv47sdkqj1k04q40000gn/T//ccnutLzR.s:749    .text.LIS3DSH_FullScaleCmd:00000000 LIS3DSH_FullScaleCmd
/var/folders/lp/x54gwt890xv47sdkqj1k04q40000gn/T//ccnutLzR.s:802    .data.Lis3dshDrv:00000000 Lis3dshDrv
/var/folders/lp/x54gwt890xv47sdkqj1k04q40000gn/T//ccnutLzR.s:799    .data.Lis3dshDrv:00000000 $d
/var/folders/lp/x54gwt890xv47sdkqj1k04q40000gn/T//ccnutLzR.s:288    .text.LIS3DSH_ReadACC:00000081 $d
/var/folders/lp/x54gwt890xv47sdkqj1k04q40000gn/T//ccnutLzR.s:288    .text.LIS3DSH_ReadACC:00000082 $t

UNDEFINED SYMBOLS
ACCELERO_IO_Init
ACCELERO_IO_Write
ACCELERO_IO_Read
ACCELERO_IO_ITConfig
