ARM GAS  /var/folders/lp/x54gwt890xv47sdkqj1k04q40000gn/T//ccuHpxW7.s 			page 1


   1              		.cpu cortex-m4
   2              		.arch armv7e-m
   3              		.fpu fpv4-sp-d16
   4              		.eabi_attribute 27, 1
   5              		.eabi_attribute 28, 1
   6              		.eabi_attribute 20, 1
   7              		.eabi_attribute 21, 1
   8              		.eabi_attribute 23, 3
   9              		.eabi_attribute 24, 1
  10              		.eabi_attribute 25, 1
  11              		.eabi_attribute 26, 1
  12              		.eabi_attribute 30, 1
  13              		.eabi_attribute 34, 1
  14              		.eabi_attribute 18, 4
  15              		.file	"lut_tan.c"
  16              		.text
  17              	.Ltext0:
  18              		.cfi_sections	.debug_frame
  19              		.file 1 "Core/Src/lut_tan.c"
  20              		.global	tan_lut
  21              		.section	.data.tan_lut,"aw"
  22              		.align	2
  25              	tan_lut:
  26 0000 00000000 		.word	0
  27 0004 8010493A 		.word	977866880
  28 0008 8010C93A 		.word	986255488
  29 000c 60CC163B 		.word	991349856
  30 0010 8010493B 		.word	994644096
  31 0014 A0547B3B 		.word	997938336
  32 0018 60CC963B 		.word	999738464
  33 001c 70EEAF3B 		.word	1001385584
  34 0020 8010C93B 		.word	1003032704
  35 0024 9032E23B 		.word	1004679824
  36 0028 A054FB3B 		.word	1006326944
  37 002c 583B0A3C 		.word	1007303512
  38 0030 60CC163C 		.word	1008127072
  39 0034 685D233C 		.word	1008950632
  40 0038 70EE2F3C 		.word	1009774192
  41 003c 787F3C3C 		.word	1010597752
  42 0040 8010493C 		.word	1011421312
  43 0044 B9A5553C 		.word	1012245945
  44 0048 C136623C 		.word	1013069505
  45 004c C9C76E3C 		.word	1013893065
  46 0050 D1587B3C 		.word	1014716625
  47 0054 EDF4833C 		.word	1015280877
  48 0058 713D8A3C 		.word	1015692657
  49 005c 0E88903C 		.word	1016104974
  50 0060 91D0963C 		.word	1016516753
  51 0064 15199D3C 		.word	1016928533
  52 0068 9961A33C 		.word	1017340313
  53 006c 36ACA93C 		.word	1017752630
  54 0070 BAF4AF3C 		.word	1018164410
  55 0074 3E3DB63C 		.word	1018576190
  56 0078 DB87BC3C 		.word	1018988507
  57 007c 5FD0C23C 		.word	1019400287
  58 0080 FC1AC93C 		.word	1019812604
  59 0084 8063CF3C 		.word	1020224384
ARM GAS  /var/folders/lp/x54gwt890xv47sdkqj1k04q40000gn/T//ccuHpxW7.s 			page 2


  60 0088 1DAED53C 		.word	1020636701
  61 008c A1F6DB3C 		.word	1021048481
  62 0090 3E41E23C 		.word	1021460798
  63 0094 C289E83C 		.word	1021872578
  64 0098 5FD4EE3C 		.word	1022284895
  65 009c FB1EF53C 		.word	1022697211
  66 00a0 7F67FB3C 		.word	1023108991
  67 00a4 0ED9003D 		.word	1023465742
  68 00a8 5DFE033D 		.word	1023671901
  69 00ac AB23073D 		.word	1023878059
  70 00b0 ED470A3D 		.word	1024083949
  71 00b4 3B6D0D3D 		.word	1024290107
  72 00b8 8A92103D 		.word	1024496266
  73 00bc D8B7133D 		.word	1024702424
  74 00c0 27DD163D 		.word	1024908583
  75 00c4 75021A3D 		.word	1025114741
  76 00c8 C4271D3D 		.word	1025320900
  77 00cc 124D203D 		.word	1025527058
  78 00d0 6D73233D 		.word	1025733485
  79 00d4 BB98263D 		.word	1025939643
  80 00d8 0ABE293D 		.word	1026145802
  81 00dc 65E42C3D 		.word	1026352229
  82 00e0 B309303D 		.word	1026558387
  83 00e4 012F333D 		.word	1026764545
  84 00e8 5C55363D 		.word	1026970972
  85 00ec AB7A393D 		.word	1027177131
  86 00f0 06A13C3D 		.word	1027383558
  87 00f4 60C73F3D 		.word	1027589984
  88 00f8 AFEC423D 		.word	1027796143
  89 00fc 0A13463D 		.word	1028002570
  90 0100 6539493D 		.word	1028208997
  91 0104 C05F4C3D 		.word	1028415424
  92 0108 1A864F3D 		.word	1028621850
  93 010c 75AC523D 		.word	1028828277
  94 0110 D0D2553D 		.word	1029034704
  95 0114 2BF9583D 		.word	1029241131
  96 0118 861F5C3D 		.word	1029447558
  97 011c E1455F3D 		.word	1029653985
  98 0120 486D623D 		.word	1029860680
  99 0124 A393653D 		.word	1030067107
 100 0128 FEB9683D 		.word	1030273534
 101 012c 65E16B3D 		.word	1030480229
 102 0130 C0076F3D 		.word	1030686656
 103 0134 272F723D 		.word	1030893351
 104 0138 8F56753D 		.word	1031100047
 105 013c F67D783D 		.word	1031306742
 106 0140 51A47B3D 		.word	1031513169
 107 0144 B8CB7E3D 		.word	1031719864
 108 0148 90F9803D 		.word	1031862672
 109 014c 438D823D 		.word	1031966019
 110 0150 7D21843D 		.word	1032069501
 111 0154 31B5853D 		.word	1032172849
 112 0158 E448873D 		.word	1032276196
 113 015c 98DC883D 		.word	1032379544
 114 0160 D2708A3D 		.word	1032483026
 115 0164 86048C3D 		.word	1032586374
 116 0168 BF988D3D 		.word	1032689855
ARM GAS  /var/folders/lp/x54gwt890xv47sdkqj1k04q40000gn/T//ccuHpxW7.s 			page 3


 117 016c F92C8F3D 		.word	1032793337
 118 0170 ADC0903D 		.word	1032896685
 119 0174 E754923D 		.word	1033000167
 120 0178 21E9933D 		.word	1033103649
 121 017c 5B7D953D 		.word	1033207131
 122 0180 9411973D 		.word	1033310612
 123 0184 55A6983D 		.word	1033414229
 124 0188 8E3A9A3D 		.word	1033517710
 125 018c C8CE9B3D 		.word	1033621192
 126 0190 88639D3D 		.word	1033724808
 127 0194 C2F79E3D 		.word	1033828290
 128 0198 828CA03D 		.word	1033931906
 129 019c 4221A23D 		.word	1034035522
 130 01a0 03B6A33D 		.word	1034139139
 131 01a4 C34AA53D 		.word	1034242755
 132 01a8 83DFA63D 		.word	1034346371
 133 01ac 4374A83D 		.word	1034449987
 134 01b0 0309AA3D 		.word	1034553603
 135 01b4 C39DAB3D 		.word	1034657219
 136 01b8 0933AD3D 		.word	1034760969
 137 01bc C9C7AE3D 		.word	1034864585
 138 01c0 105DB03D 		.word	1034968336
 139 01c4 56F2B13D 		.word	1035072086
 140 01c8 1687B33D 		.word	1035175702
 141 01cc 5C1CB53D 		.word	1035279452
 142 01d0 A3B1B63D 		.word	1035383203
 143 01d4 6F47B83D 		.word	1035487087
 144 01d8 B5DCB93D 		.word	1035590837
 145 01dc FC71BB3D 		.word	1035694588
 146 01e0 C807BD3D 		.word	1035798472
 147 01e4 0F9DBE3D 		.word	1035902223
 148 01e8 DB32C03D 		.word	1036006107
 149 01ec A8C8C13D 		.word	1036109992
 150 01f0 745EC33D 		.word	1036213876
 151 01f4 41F4C43D 		.word	1036317761
 152 01f8 0D8AC63D 		.word	1036421645
 153 01fc DA1FC83D 		.word	1036525530
 154 0200 A6B5C93D 		.word	1036629414
 155 0204 F94BCB3D 		.word	1036733433
 156 0208 4CE2CC3D 		.word	1036837452
 157 020c 1878CE3D 		.word	1036941336
 158 0210 6B0ED03D 		.word	1037045355
 159 0214 BEA4D13D 		.word	1037149374
 160 0218 103BD33D 		.word	1037253392
 161 021c 63D1D43D 		.word	1037357411
 162 0220 3C68D63D 		.word	1037461564
 163 0224 8FFED73D 		.word	1037565583
 164 0228 6895D93D 		.word	1037669736
 165 022c BB2BDB3D 		.word	1037773755
 166 0230 94C2DC3D 		.word	1037877908
 167 0234 6D59DE3D 		.word	1037982061
 168 0238 45F0DF3D 		.word	1038086213
 169 023c A587E13D 		.word	1038190501
 170 0240 7E1EE33D 		.word	1038294654
 171 0244 57B5E43D 		.word	1038398807
 172 0248 B64CE63D 		.word	1038503094
 173 024c 15E4E73D 		.word	1038607381
ARM GAS  /var/folders/lp/x54gwt890xv47sdkqj1k04q40000gn/T//ccuHpxW7.s 			page 4


 174 0250 747BE93D 		.word	1038711668
 175 0254 D312EB3D 		.word	1038815955
 176 0258 32AAEC3D 		.word	1038920242
 177 025c 9241EE3D 		.word	1039024530
 178 0260 77D9EF3D 		.word	1039128951
 179 0264 D670F13D 		.word	1039233238
 180 0268 BC08F33D 		.word	1039337660
 181 026c A1A0F43D 		.word	1039442081
 182 0270 8638F63D 		.word	1039546502
 183 0274 6CD0F73D 		.word	1039650924
 184 0278 5168F93D 		.word	1039755345
 185 027c BD00FB3D 		.word	1039859901
 186 0280 A298FC3D 		.word	1039964322
 187 0284 0E31FE3D 		.word	1040068878
 188 0288 79C9FF3D 		.word	1040173433
 189 028c F2B0003E 		.word	1040232690
 190 0290 287D013E 		.word	1040284968
 191 0294 5E49023E 		.word	1040337246
 192 0298 D715033E 		.word	1040389591
 193 029c 50E2033E 		.word	1040441936
 194 02a0 86AE043E 		.word	1040494214
 195 02a4 FF7A053E 		.word	1040546559
 196 02a8 7847063E 		.word	1040598904
 197 02ac 3414073E 		.word	1040651316
 198 02b0 ACE0073E 		.word	1040703660
 199 02b4 69AD083E 		.word	1040756073
 200 02b8 E179093E 		.word	1040808417
 201 02bc 9D460A3E 		.word	1040860829
 202 02c0 59130B3E 		.word	1040913241
 203 02c4 59E00B3E 		.word	1040965721
 204 02c8 15AD0C3E 		.word	1041018133
 205 02cc D1790D3E 		.word	1041070545
 206 02d0 D0460E3E 		.word	1041123024
 207 02d4 CF130F3E 		.word	1041175503
 208 02d8 CEE00F3E 		.word	1041227982
 209 02dc CDAD103E 		.word	1041280461
 210 02e0 0F7B113E 		.word	1041333007
 211 02e4 0F48123E 		.word	1041385487
 212 02e8 5115133E 		.word	1041438033
 213 02ec 93E2133E 		.word	1041490579
 214 02f0 D5AF143E 		.word	1041543125
 215 02f4 187D153E 		.word	1041595672
 216 02f8 9D4A163E 		.word	1041648285
 217 02fc DF17173E 		.word	1041700831
 218 0300 64E5173E 		.word	1041753444
 219 0304 EAB2183E 		.word	1041806058
 220 0308 6F80193E 		.word	1041858671
 221 030c F44D1A3E 		.word	1041911284
 222 0310 BD1B1B3E 		.word	1041963965
 223 0314 85E91B3E 		.word	1042016645
 224 0318 4EB71C3E 		.word	1042069326
 225 031c 16851D3E 		.word	1042122006
 226 0320 DF521E3E 		.word	1042174687
 227 0324 A7201F3E 		.word	1042227367
 228 0328 B3EE1F3E 		.word	1042280115
 229 032c BEBC203E 		.word	1042332862
 230 0330 CA8A213E 		.word	1042385610
ARM GAS  /var/folders/lp/x54gwt890xv47sdkqj1k04q40000gn/T//ccuHpxW7.s 			page 5


 231 0334 D658223E 		.word	1042438358
 232 0338 E126233E 		.word	1042491105
 233 033c 30F5233E 		.word	1042543920
 234 0340 3BC3243E 		.word	1042596667
 235 0344 8A91253E 		.word	1042649482
 236 0348 1C60263E 		.word	1042702364
 237 034c 6A2E273E 		.word	1042755178
 238 0350 B9FC273E 		.word	1042807993
 239 0354 4BCB283E 		.word	1042860875
 240 0358 DD99293E 		.word	1042913757
 241 035c 6E682A3E 		.word	1042966638
 242 0360 43372B3E 		.word	1043019587
 243 0364 D5052C3E 		.word	1043072469
 244 0368 AAD42C3E 		.word	1043125418
 245 036c 7FA32D3E 		.word	1043178367
 246 0370 54722E3E 		.word	1043231316
 247 0374 29412F3E 		.word	1043284265
 248 0378 4110303E 		.word	1043337281
 249 037c 59DF303E 		.word	1043390297
 250 0380 71AE313E 		.word	1043443313
 251 0384 897D323E 		.word	1043496329
 252 0388 A14C333E 		.word	1043549345
 253 038c FC1B343E 		.word	1043602428
 254 0390 57EB343E 		.word	1043655511
 255 0394 B2BA353E 		.word	1043708594
 256 0398 0D8A363E 		.word	1043761677
 257 039c 6859373E 		.word	1043814760
 258 03a0 0729383E 		.word	1043867911
 259 03a4 A5F8383E 		.word	1043921061
 260 03a8 43C8393E 		.word	1043974211
 261 03ac E1973A3E 		.word	1044027361
 262 03b0 C3673B3E 		.word	1044080579
 263 03b4 A4373C3E 		.word	1044133796
 264 03b8 85073D3E 		.word	1044187013
 265 03bc 67D73D3E 		.word	1044240231
 266 03c0 48A73E3E 		.word	1044293448
 267 03c4 6C773F3E 		.word	1044346732
 268 03c8 9147403E 		.word	1044400017
 269 03cc B517413E 		.word	1044453301
 270 03d0 1DE8413E 		.word	1044506653
 271 03d4 41B8423E 		.word	1044559937
 272 03d8 A988433E 		.word	1044613289
 273 03dc 1059443E 		.word	1044666640
 274 03e0 7829453E 		.word	1044719992
 275 03e4 22FA453E 		.word	1044773410
 276 03e8 CDCA463E 		.word	1044826829
 277 03ec 789B473E 		.word	1044880248
 278 03f0 226C483E 		.word	1044933666
 279 03f4 103D493E 		.word	1044987152
 280 03f8 BB0D4A3E 		.word	1045040571
 281 03fc A9DE4A3E 		.word	1045094057
 282 0400 96AF4B3E 		.word	1045147542
 283 0404 C7804C3E 		.word	1045201095
 284 0408 F8514D3E 		.word	1045254648
 285 040c 29234E3E 		.word	1045308201
 286 0410 5AF44E3E 		.word	1045361754
 287 0414 8BC54F3E 		.word	1045415307
ARM GAS  /var/folders/lp/x54gwt890xv47sdkqj1k04q40000gn/T//ccuHpxW7.s 			page 6


 288 0418 FF96503E 		.word	1045468927
 289 041c 7368513E 		.word	1045522547
 290 0420 E739523E 		.word	1045576167
 291 0424 5B0B533E 		.word	1045629787
 292 0428 12DD533E 		.word	1045683474
 293 042c C9AE543E 		.word	1045737161
 294 0430 8080553E 		.word	1045790848
 295 0434 7A52563E 		.word	1045844602
 296 0438 7424573E 		.word	1045898356
 297 043c 2BF6573E 		.word	1045952043
 298 0440 69C8583E 		.word	1046005865
 299 0444 639A593E 		.word	1046059619
 300 0448 A06C5A3E 		.word	1046113440
 301 044c DE3E5B3E 		.word	1046167262
 302 0450 1B115C3E 		.word	1046221083
 303 0454 9BE35C3E 		.word	1046274971
 304 0458 1CB65D3E 		.word	1046328860
 305 045c 9C885E3E 		.word	1046382748
 306 0460 1D5B5F3E 		.word	1046436637
 307 0464 E02D603E 		.word	1046490592
 308 0468 A400613E 		.word	1046544548
 309 046c 67D3613E 		.word	1046598503
 310 0470 2BA6623E 		.word	1046652459
 311 0474 3179633E 		.word	1046706481
 312 0478 384C643E 		.word	1046760504
 313 047c 3F1F653E 		.word	1046814527
 314 0480 88F2653E 		.word	1046868616
 315 0484 8FC5663E 		.word	1046922639
 316 0488 D998673E 		.word	1046976729
 317 048c 666C683E 		.word	1047030886
 318 0490 F23F693E 		.word	1047085042
 319 0494 3C136A3E 		.word	1047139132
 320 0498 0CE76A3E 		.word	1047193356
 321 049c 99BA6B3E 		.word	1047247513
 322 04a0 698E6C3E 		.word	1047301737
 323 04a4 39626D3E 		.word	1047355961
 324 04a8 09366E3E 		.word	1047410185
 325 04ac 1C0A6F3E 		.word	1047464476
 326 04b0 2FDE6F3E 		.word	1047518767
 327 04b4 42B2703E 		.word	1047573058
 328 04b8 9886713E 		.word	1047627416
 329 04bc AB5A723E 		.word	1047681707
 330 04c0 452F733E 		.word	1047736133
 331 04c4 9B03743E 		.word	1047790491
 332 04c8 34D8743E 		.word	1047844916
 333 04cc CDAC753E 		.word	1047899341
 334 04d0 6781763E 		.word	1047953767
 335 04d4 4356773E 		.word	1048008259
 336 04d8 DC2A783E 		.word	1048062684
 337 04dc FCFF783E 		.word	1048117244
 338 04e0 D8D4793E 		.word	1048171736
 339 04e4 F8A97A3E 		.word	1048226296
 340 04e8 177F7B3E 		.word	1048280855
 341 04ec 37547C3E 		.word	1048335415
 342 04f0 99297D3E 		.word	1048390041
 343 04f4 FCFE7D3E 		.word	1048444668
 344 04f8 5FD47E3E 		.word	1048499295
ARM GAS  /var/folders/lp/x54gwt890xv47sdkqj1k04q40000gn/T//ccuHpxW7.s 			page 7


 345 04fc 04AA7F3E 		.word	1048553988
 346 0500 D53F803E 		.word	1048592341
 347 0504 A8AA803E 		.word	1048619688
 348 0508 9C15813E 		.word	1048647068
 349 050c 9180813E 		.word	1048674449
 350 0510 85EB813E 		.word	1048701829
 351 0514 9B56823E 		.word	1048729243
 352 0518 90C1823E 		.word	1048756624
 353 051c C72C833E 		.word	1048784071
 354 0520 DD97833E 		.word	1048811485
 355 0524 1503843E 		.word	1048838933
 356 0528 4C6E843E 		.word	1048866380
 357 052c A5D9843E 		.word	1048893861
 358 0530 DD44853E 		.word	1048921309
 359 0534 36B0853E 		.word	1048948790
 360 0538 B01B863E 		.word	1048976304
 361 053c 2B87863E 		.word	1049003819
 362 0540 A6F2863E 		.word	1049031334
 363 0544 205E873E 		.word	1049058848
 364 0548 BCC9873E 		.word	1049086396
 365 054c 5935883E 		.word	1049113945
 366 0550 16A1883E 		.word	1049141526
 367 0554 B30C893E 		.word	1049169075
 368 0558 7078893E 		.word	1049196656
 369 055c 50E4893E 		.word	1049224272
 370 0560 2F508A3E 		.word	1049251887
 371 0564 0EBC8A3E 		.word	1049279502
 372 0568 EE278B3E 		.word	1049307118
 373 056c EE938B3E 		.word	1049334766
 374 0570 EFFF8B3E 		.word	1049362415
 375 0574 126C8C3E 		.word	1049390098
 376 0578 34D88C3E 		.word	1049417780
 377 057c 56448D3E 		.word	1049445462
 378 0580 79B08D3E 		.word	1049473145
 379 0584 BD1C8E3E 		.word	1049500861
 380 0588 22898E3E 		.word	1049528610
 381 058c 66F58E3E 		.word	1049556326
 382 0590 CC618F3E 		.word	1049584076
 383 0594 31CE8F3E 		.word	1049611825
 384 0598 B83A903E 		.word	1049639608
 385 059c 3FA7903E 		.word	1049667391
 386 05a0 E813913E 		.word	1049695208
 387 05a4 6F80913E 		.word	1049722991
 388 05a8 18ED913E 		.word	1049750808
 389 05ac E259923E 		.word	1049778658
 390 05b0 ACC6923E 		.word	1049806508
 391 05b4 7633933E 		.word	1049834358
 392 05b8 62A0933E 		.word	1049862242
 393 05bc 2C0D943E 		.word	1049890092
 394 05c0 3A7A943E 		.word	1049918010
 395 05c4 25E7943E 		.word	1049945893
 396 05c8 3354953E 		.word	1049973811
 397 05cc 61C1953E 		.word	1050001761
 398 05d0 902E963E 		.word	1050029712
 399 05d4 BF9B963E 		.word	1050057663
 400 05d8 EE08973E 		.word	1050085614
 401 05dc 3E76973E 		.word	1050113598
ARM GAS  /var/folders/lp/x54gwt890xv47sdkqj1k04q40000gn/T//ccuHpxW7.s 			page 8


 402 05e0 B0E3973E 		.word	1050141616
 403 05e4 0151983E 		.word	1050169601
 404 05e8 73BE983E 		.word	1050197619
 405 05ec 062C993E 		.word	1050225670
 406 05f0 9A99993E 		.word	1050253722
 407 05f4 2D079A3E 		.word	1050281773
 408 05f8 C1749A3E 		.word	1050309825
 409 05fc 76E29A3E 		.word	1050337910
 410 0600 4C509B3E 		.word	1050366028
 411 0604 23BE9B3E 		.word	1050394147
 412 0608 FA2B9C3E 		.word	1050422266
 413 060c D0999C3E 		.word	1050450384
 414 0610 C8079D3E 		.word	1050478536
 415 0614 E2759D3E 		.word	1050506722
 416 0618 DAE39D3E 		.word	1050534874
 417 061c F4519E3E 		.word	1050563060
 418 0620 2FC09E3E 		.word	1050591279
 419 0624 6A2E9F3E 		.word	1050619498
 420 0628 A69C9F3E 		.word	1050647718
 421 062c 030BA03E 		.word	1050675971
 422 0630 5F79A03E 		.word	1050704223
 423 0634 DEE7A03E 		.word	1050732510
 424 0638 5C56A13E 		.word	1050760796
 425 063c DBC4A13E 		.word	1050789083
 426 0640 7B33A23E 		.word	1050817403
 427 0644 1AA2A23E 		.word	1050845722
 428 0648 BA10A33E 		.word	1050874042
 429 064c 7C7FA33E 		.word	1050902396
 430 0650 5FEEA33E 		.word	1050930783
 431 0654 425DA43E 		.word	1050959170
 432 0658 25CCA43E 		.word	1050987557
 433 065c 2A3BA53E 		.word	1051015978
 434 0660 2EAAA53E 		.word	1051044398
 435 0664 3319A63E 		.word	1051072819
 436 0668 5988A63E 		.word	1051101273
 437 066c 7FF7A63E 		.word	1051129727
 438 0670 C766A73E 		.word	1051158215
 439 0674 0FD6A73E 		.word	1051186703
 440 0678 7845A83E 		.word	1051215224
 441 067c E1B4A83E 		.word	1051243745
 442 0680 6C24A93E 		.word	1051272300
 443 0684 D593A93E 		.word	1051300821
 444 0688 8203AA3E 		.word	1051329410
 445 068c 2E73AA3E 		.word	1051357998
 446 0690 DAE2AA3E 		.word	1051386586
 447 0694 8752AB3E 		.word	1051415175
 448 0698 76C2AB3E 		.word	1051443830
 449 069c 4432AC3E 		.word	1051472452
 450 06a0 34A2AC3E 		.word	1051501108
 451 06a4 2312AD3E 		.word	1051529763
 452 06a8 3482AD3E 		.word	1051558452
 453 06ac 67F2AD3E 		.word	1051587175
 454 06b0 7862AE3E 		.word	1051615864
 455 06b4 AAD2AE3E 		.word	1051644586
 456 06b8 FF42AF3E 		.word	1051673343
 457 06bc 53B3AF3E 		.word	1051702099
 458 06c0 C823B03E 		.word	1051730888
ARM GAS  /var/folders/lp/x54gwt890xv47sdkqj1k04q40000gn/T//ccuHpxW7.s 			page 9


 459 06c4 3E94B03E 		.word	1051759678
 460 06c8 B404B13E 		.word	1051788468
 461 06cc 4B75B13E 		.word	1051817291
 462 06d0 E2E5B13E 		.word	1051846114
 463 06d4 9B56B23E 		.word	1051874971
 464 06d8 75C7B23E 		.word	1051903861
 465 06dc 2E38B33E 		.word	1051932718
 466 06e0 09A9B33E 		.word	1051961609
 467 06e4 051AB43E 		.word	1051990533
 468 06e8 008BB43E 		.word	1052019456
 469 06ec 1EFCB43E 		.word	1052048414
 470 06f0 3B6DB53E 		.word	1052077371
 471 06f4 59DEB53E 		.word	1052106329
 472 06f8 984FB63E 		.word	1052135320
 473 06fc F9C0B63E 		.word	1052164345
 474 0700 5932B73E 		.word	1052193369
 475 0704 BAA3B73E 		.word	1052222394
 476 0708 3C15B83E 		.word	1052251452
 477 070c E086B83E 		.word	1052280544
 478 0710 62F8B83E 		.word	1052309602
 479 0714 276AB93E 		.word	1052338727
 480 0718 ECDBB93E 		.word	1052367852
 481 071c B14DBA3E 		.word	1052396977
 482 0720 98BFBA3E 		.word	1052426136
 483 0724 7F31BB3E 		.word	1052455295
 484 0728 87A3BB3E 		.word	1052484487
 485 072c 9015BC3E 		.word	1052513680
 486 0730 BA87BC3E 		.word	1052542906
 487 0734 E4F9BC3E 		.word	1052572132
 488 0738 2F6CBD3E 		.word	1052601391
 489 073c 7ADEBD3E 		.word	1052630650
 490 0740 E750BE3E 		.word	1052659943
 491 0744 54C3BE3E 		.word	1052689236
 492 0748 E335BF3E 		.word	1052718563
 493 074c 72A8BF3E 		.word	1052747890
 494 0750 001BC03E 		.word	1052777216
 495 0754 D28DC03E 		.word	1052806610
 496 0758 8200C13E 		.word	1052835970
 497 075c 7573C13E 		.word	1052865397
 498 0760 47E6C13E 		.word	1052894791
 499 0764 5C59C23E 		.word	1052924252
 500 0768 4FCCC23E 		.word	1052953679
 501 076c 853FC33E 		.word	1052983173
 502 0770 9AB2C33E 		.word	1053012634
 503 0774 F225C43E 		.word	1053042162
 504 0778 4A99C43E 		.word	1053071690
 505 077c A20CC53E 		.word	1053101218
 506 0780 1B80C53E 		.word	1053130779
 507 0784 95F3C53E 		.word	1053160341
 508 0788 3067C63E 		.word	1053189936
 509 078c CBDAC63E 		.word	1053219531
 510 0790 874EC73E 		.word	1053249159
 511 0794 65C2C73E 		.word	1053278821
 512 0798 4436C83E 		.word	1053308484
 513 079c 22AAC83E 		.word	1053338146
 514 07a0 211EC93E 		.word	1053367841
 515 07a4 4392C93E 		.word	1053397571
ARM GAS  /var/folders/lp/x54gwt890xv47sdkqj1k04q40000gn/T//ccuHpxW7.s 			page 10


 516 07a8 6406CA3E 		.word	1053427300
 517 07ac A77ACA3E 		.word	1053457063
 518 07b0 E9EECA3E 		.word	1053486825
 519 07b4 4E63CB3E 		.word	1053516622
 520 07b8 B2D7CB3E 		.word	1053546418
 521 07bc 384CCC3E 		.word	1053576248
 522 07c0 BEC0CC3E 		.word	1053606078
 523 07c4 6535CD3E 		.word	1053635941
 524 07c8 2EAACD3E 		.word	1053665838
 525 07cc F71ECE3E 		.word	1053695735
 526 07d0 C093CE3E 		.word	1053725632
 527 07d4 CC08CF3E 		.word	1053755596
 528 07d8 B77DCF3E 		.word	1053785527
 529 07dc C3F2CF3E 		.word	1053815491
 530 07e0 F167D03E 		.word	1053845489
 531 07e4 40DDD03E 		.word	1053875520
 532 07e8 6E52D13E 		.word	1053905518
 533 07ec DEC7D13E 		.word	1053935582
 534 07f0 4F3DD23E 		.word	1053965647
 535 07f4 E1B2D23E 		.word	1053995745
 536 07f8 7428D33E 		.word	1054025844
 537 07fc 069ED33E 		.word	1054055942
 538 0800 DB13D43E 		.word	1054086107
 539 0804 B189D43E 		.word	1054116273
 540 0808 86FFD43E 		.word	1054146438
 541 080c 7D75D53E 		.word	1054176637
 542 0810 96EBD53E 		.word	1054206870
 543 0814 AE61D63E 		.word	1054237102
 544 0818 E9D7D63E 		.word	1054267369
 545 081c 234ED73E 		.word	1054297635
 546 0820 7EC4D73E 		.word	1054327934
 547 0824 DA3AD83E 		.word	1054358234
 548 0828 57B1D83E 		.word	1054388567
 549 082c F627D93E 		.word	1054418934
 550 0830 959ED93E 		.word	1054449301
 551 0834 5515DA3E 		.word	1054479701
 552 0838 378CDA3E 		.word	1054510135
 553 083c 1903DB3E 		.word	1054540569
 554 0840 FB79DB3E 		.word	1054571003
 555 0844 20F1DB3E 		.word	1054601504
 556 0848 2368DC3E 		.word	1054631971
 557 084c 6ADFDC3E 		.word	1054662506
 558 0850 B056DD3E 		.word	1054693040
 559 0854 F7CDDD3E 		.word	1054723575
 560 0858 8045DE3E 		.word	1054754176
 561 085c 0ABDDE3E 		.word	1054784778
 562 0860 9434DF3E 		.word	1054815380
 563 0864 3FACDF3E 		.word	1054846015
 564 0868 0B24E03E 		.word	1054876683
 565 086c D89BE03E 		.word	1054907352
 566 0870 C713E13E 		.word	1054938055
 567 0874 B58BE13E 		.word	1054968757
 568 0878 E603E23E 		.word	1054999526
 569 087c F67BE23E 		.word	1055030262
 570 0880 49F4E23E 		.word	1055061065
 571 0884 9C6CE33E 		.word	1055091868
 572 0888 EFE4E33E 		.word	1055122671
ARM GAS  /var/folders/lp/x54gwt890xv47sdkqj1k04q40000gn/T//ccuHpxW7.s 			page 11


 573 088c 855DE43E 		.word	1055153541
 574 0890 1BD6E43E 		.word	1055184411
 575 0894 B14EE53E 		.word	1055215281
 576 0898 69C7E53E 		.word	1055246185
 577 089c 4240E63E 		.word	1055277122
 578 08a0 1BB9E63E 		.word	1055308059
 579 08a4 1632E73E 		.word	1055339030
 580 08a8 32ABE73E 		.word	1055370034
 581 08ac 7024E83E 		.word	1055401072
 582 08b0 8C9DE83E 		.word	1055432076
 583 08b4 EC16E93E 		.word	1055463148
 584 08b8 4B90E93E 		.word	1055494219
 585 08bc CC09EA3E 		.word	1055525324
 586 08c0 6F83EA3E 		.word	1055556463
 587 08c4 11FDEA3E 		.word	1055587601
 588 08c8 D576EB3E 		.word	1055618773
 589 08cc BBF0EB3E 		.word	1055649979
 590 08d0 A16AEC3E 		.word	1055681185
 591 08d4 A8E4EC3E 		.word	1055712424
 592 08d8 AF5EED3E 		.word	1055743663
 593 08dc D8D8ED3E 		.word	1055774936
 594 08e0 2253EE3E 		.word	1055806242
 595 08e4 8ECDEE3E 		.word	1055837582
 596 08e8 FA47EF3E 		.word	1055868922
 597 08ec 87C2EF3E 		.word	1055900295
 598 08f0 143DF03E 		.word	1055931668
 599 08f4 C3B7F03E 		.word	1055963075
 600 08f8 9432F13E 		.word	1055994516
 601 08fc 86ADF13E 		.word	1056025990
 602 0900 7828F23E 		.word	1056057464
 603 0904 8CA3F23E 		.word	1056088972
 604 0908 9F1EF33E 		.word	1056120479
 605 090c F699F33E 		.word	1056152054
 606 0910 4D15F43E 		.word	1056183629
 607 0914 A390F43E 		.word	1056215203
 608 0918 3D0CF53E 		.word	1056246845
 609 091c D787F53E 		.word	1056278487
 610 0920 7103F63E 		.word	1056310129
 611 0924 4E7FF63E 		.word	1056341838
 612 0928 2BFBF63E 		.word	1056373547
 613 092c 2977F73E 		.word	1056405289
 614 0930 28F3F73E 		.word	1056437032
 615 0934 696FF83E 		.word	1056468841
 616 0938 89EBF83E 		.word	1056500617
 617 093c EC67F93E 		.word	1056532460
 618 0940 50E4F93E 		.word	1056564304
 619 0944 F660FA3E 		.word	1056596214
 620 0948 7BDDFA3E 		.word	1056628091
 621 094c 425AFB3E 		.word	1056660034
 622 0950 0AD7FB3E 		.word	1056691978
 623 0954 F453FC3E 		.word	1056723956
 624 0958 FFD0FC3E 		.word	1056755967
 625 095c 094EFD3E 		.word	1056787977
 626 0960 36CBFD3E 		.word	1056820022
 627 0964 8448FE3E 		.word	1056852100
 628 0968 D2C5FE3E 		.word	1056884178
 629 096c 6343FF3E 		.word	1056916323
ARM GAS  /var/folders/lp/x54gwt890xv47sdkqj1k04q40000gn/T//ccuHpxW7.s 			page 12


 630 0970 F4C0FF3E 		.word	1056948468
 631 0974 431F003F 		.word	1056972611
 632 0978 2D5E003F 		.word	1056988717
 633 097c 179D003F 		.word	1057004823
 634 0980 12DC003F 		.word	1057020946
 635 0984 1E1B013F 		.word	1057037086
 636 0988 295A013F 		.word	1057053225
 637 098c 4699013F 		.word	1057069382
 638 0990 73D8013F 		.word	1057085555
 639 0994 B117023F 		.word	1057101745
 640 0998 EF56023F 		.word	1057117935
 641 099c 4F96023F 		.word	1057134159
 642 09a0 9DD5023F 		.word	1057150365
 643 09a4 0E15033F 		.word	1057166606
 644 09a8 8F54033F 		.word	1057182863
 645 09ac 1094033F 		.word	1057199120
 646 09b0 A2D3033F 		.word	1057215394
 647 09b4 4513043F 		.word	1057231685
 648 09b8 E752043F 		.word	1057247975
 649 09bc 9B92043F 		.word	1057264283
 650 09c0 5FD2043F 		.word	1057280607
 651 09c4 3412053F 		.word	1057296948
 652 09c8 1A52053F 		.word	1057313306
 653 09cc FF91053F 		.word	1057329663
 654 09d0 07D2053F 		.word	1057346055
 655 09d4 0E12063F 		.word	1057362446
 656 09d8 1552063F 		.word	1057378837
 657 09dc 3E92063F 		.word	1057395262
 658 09e0 67D2063F 		.word	1057411687
 659 09e4 A112073F 		.word	1057428129
 660 09e8 EB52073F 		.word	1057444587
 661 09ec 4793073F 		.word	1057461063
 662 09f0 A2D3073F 		.word	1057477538
 663 09f4 1F14083F 		.word	1057494047
 664 09f8 9B54083F 		.word	1057510555
 665 09fc 2995083F 		.word	1057527081
 666 0a00 B7D5083F 		.word	1057543607
 667 0a04 6616093F 		.word	1057560166
 668 0a08 1557093F 		.word	1057576725
 669 0a0c D597093F 		.word	1057593301
 670 0a10 A5D8093F 		.word	1057609893
 671 0a14 87190A3F 		.word	1057626503
 672 0a18 795A0A3F 		.word	1057643129
 673 0a1c 6B9B0A3F 		.word	1057659755
 674 0a20 6EDC0A3F 		.word	1057676398
 675 0a24 931D0B3F 		.word	1057693075
 676 0a28 A65E0B3F 		.word	1057709734
 677 0a2c DC9F0B3F 		.word	1057726428
 678 0a30 22E10B3F 		.word	1057743138
 679 0a34 68220C3F 		.word	1057759848
 680 0a38 BF630C3F 		.word	1057776575
 681 0a3c 27A50C3F 		.word	1057793319
 682 0a40 9FE60C3F 		.word	1057810079
 683 0a44 28280D3F 		.word	1057826856
 684 0a48 C2690D3F 		.word	1057843650
 685 0a4c 5CAB0D3F 		.word	1057860444
 686 0a50 07ED0D3F 		.word	1057877255
ARM GAS  /var/folders/lp/x54gwt890xv47sdkqj1k04q40000gn/T//ccuHpxW7.s 			page 13


 687 0a54 D32E0E3F 		.word	1057894099
 688 0a58 A0700E3F 		.word	1057910944
 689 0a5c 7DB20E3F 		.word	1057927805
 690 0a60 5AF40E3F 		.word	1057944666
 691 0a64 59360F3F 		.word	1057961561
 692 0a68 57780F3F 		.word	1057978455
 693 0a6c 77BA0F3F 		.word	1057995383
 694 0a70 98FC0F3F 		.word	1058012312
 695 0a74 C93E103F 		.word	1058029257
 696 0a78 0A81103F 		.word	1058046218
 697 0a7c 5DC3103F 		.word	1058063197
 698 0a80 AF05113F 		.word	1058080175
 699 0a84 2448113F 		.word	1058097188
 700 0a88 988A113F 		.word	1058114200
 701 0a8c 2DCD113F 		.word	1058131245
 702 0a90 C30F123F 		.word	1058148291
 703 0a94 6952123F 		.word	1058165353
 704 0a98 2195123F 		.word	1058182433
 705 0a9c E9D7123F 		.word	1058199529
 706 0aa0 C11A133F 		.word	1058216641
 707 0aa4 9A5D133F 		.word	1058233754
 708 0aa8 94A0133F 		.word	1058250900
 709 0aac 9FE3133F 		.word	1058268063
 710 0ab0 AB26143F 		.word	1058285227
 711 0ab4 C669143F 		.word	1058302406
 712 0ab8 F3AC143F 		.word	1058319603
 713 0abc 41F0143F 		.word	1058336833
 714 0ac0 8F33153F 		.word	1058354063
 715 0ac4 EE76153F 		.word	1058371310
 716 0ac8 5EBA153F 		.word	1058388574
 717 0acc CEFD153F 		.word	1058405838
 718 0ad0 5F41163F 		.word	1058423135
 719 0ad4 0185163F 		.word	1058440449
 720 0ad8 A3C8163F 		.word	1058457763
 721 0adc 670C173F 		.word	1058475111
 722 0ae0 2B50173F 		.word	1058492459
 723 0ae4 1094173F 		.word	1058509840
 724 0ae8 F5D7173F 		.word	1058527221
 725 0aec FC1B183F 		.word	1058544636
 726 0af0 0360183F 		.word	1058562051
 727 0af4 1AA4183F 		.word	1058579482
 728 0af8 42E8183F 		.word	1058596930
 729 0afc 7C2C193F 		.word	1058614396
 730 0b00 C570193F 		.word	1058631877
 731 0b04 20B5193F 		.word	1058649376
 732 0b08 8BF9193F 		.word	1058666891
 733 0b0c 083E1A3F 		.word	1058684424
 734 0b10 95821A3F 		.word	1058701973
 735 0b14 32C71A3F 		.word	1058719538
 736 0b18 E10B1B3F 		.word	1058737121
 737 0b1c A0501B3F 		.word	1058754720
 738 0b20 5F951B3F 		.word	1058772319
 739 0b24 40DA1B3F 		.word	1058789952
 740 0b28 321F1C3F 		.word	1058807602
 741 0b2c 34641C3F 		.word	1058825268
 742 0b30 37A91C3F 		.word	1058842935
 743 0b34 5BEE1C3F 		.word	1058860635
ARM GAS  /var/folders/lp/x54gwt890xv47sdkqj1k04q40000gn/T//ccuHpxW7.s 			page 14


 744 0b38 8F331D3F 		.word	1058878351
 745 0b3c D5781D3F 		.word	1058896085
 746 0b40 1BBE1D3F 		.word	1058913819
 747 0b44 82031E3F 		.word	1058931586
 748 0b48 F9481E3F 		.word	1058949369
 749 0b4c 718E1E3F 		.word	1058967153
 750 0b50 0BD41E3F 		.word	1058984971
 751 0b54 B5191F3F 		.word	1059002805
 752 0b58 705F1F3F 		.word	1059020656
 753 0b5c 2BA51F3F 		.word	1059038507
 754 0b60 07EB1F3F 		.word	1059056391
 755 0b64 F530203F 		.word	1059074293
 756 0b68 F376203F 		.word	1059092211
 757 0b6c 01BD203F 		.word	1059110145
 758 0b70 1003213F 		.word	1059128080
 759 0b74 4149213F 		.word	1059146049
 760 0b78 828F213F 		.word	1059164034
 761 0b7c D4D5213F 		.word	1059182036
 762 0b80 371C223F 		.word	1059200055
 763 0b84 AA62223F 		.word	1059218090
 764 0b88 3FA9223F 		.word	1059236159
 765 0b8c D4EF223F 		.word	1059254228
 766 0b90 7A36233F 		.word	1059272314
 767 0b94 317D233F 		.word	1059290417
 768 0b98 09C4233F 		.word	1059308553
 769 0b9c E10A243F 		.word	1059326689
 770 0ba0 CA51243F 		.word	1059344842
 771 0ba4 D498243F 		.word	1059363028
 772 0ba8 F0DF243F 		.word	1059381232
 773 0bac 0B27253F 		.word	1059399435
 774 0bb0 486E253F 		.word	1059417672
 775 0bb4 95B5253F 		.word	1059435925
 776 0bb8 F4FC253F 		.word	1059454196
 777 0bbc 6344263F 		.word	1059472483
 778 0bc0 E38B263F 		.word	1059490787
 779 0bc4 74D3263F 		.word	1059509108
 780 0bc8 151B273F 		.word	1059527445
 781 0bcc C762273F 		.word	1059545799
 782 0bd0 9BAA273F 		.word	1059564187
 783 0bd4 6FF2273F 		.word	1059582575
 784 0bd8 643A283F 		.word	1059600996
 785 0bdc 6B82283F 		.word	1059619435
 786 0be0 82CA283F 		.word	1059637890
 787 0be4 A912293F 		.word	1059656361
 788 0be8 E25A293F 		.word	1059674850
 789 0bec 2BA3293F 		.word	1059693355
 790 0bf0 85EB293F 		.word	1059711877
 791 0bf4 01342A3F 		.word	1059730433
 792 0bf8 7C7C2A3F 		.word	1059748988
 793 0bfc 19C52A3F 		.word	1059767577
 794 0c00 C70D2B3F 		.word	1059786183
 795 0c04 86562B3F 		.word	1059804806
 796 0c08 569F2B3F 		.word	1059823446
 797 0c0c 36E82B3F 		.word	1059842102
 798 0c10 38312C3F 		.word	1059860792
 799 0c14 3A7A2C3F 		.word	1059879482
 800 0c18 5DC32C3F 		.word	1059898205
ARM GAS  /var/folders/lp/x54gwt890xv47sdkqj1k04q40000gn/T//ccuHpxW7.s 			page 15


 801 0c1c 910C2D3F 		.word	1059916945
 802 0c20 D6552D3F 		.word	1059935702
 803 0c24 2C9F2D3F 		.word	1059954476
 804 0c28 A3E82D3F 		.word	1059973283
 805 0c2c 1A322E3F 		.word	1059992090
 806 0c30 B37B2E3F 		.word	1060010931
 807 0c34 5DC52E3F 		.word	1060029789
 808 0c38 170F2F3F 		.word	1060048663
 809 0c3c E2582F3F 		.word	1060067554
 810 0c40 BEA22F3F 		.word	1060086462
 811 0c44 BBEC2F3F 		.word	1060105403
 812 0c48 CA36303F 		.word	1060124362
 813 0c4c E980303F 		.word	1060143337
 814 0c50 19CB303F 		.word	1060162329
 815 0c54 5915313F 		.word	1060181337
 816 0c58 BB5F313F 		.word	1060200379
 817 0c5c 2EAA313F 		.word	1060219438
 818 0c60 B2F4313F 		.word	1060238514
 819 0c64 463F323F 		.word	1060257606
 820 0c68 EC89323F 		.word	1060276716
 821 0c6c B2D4323F 		.word	1060295858
 822 0c70 8A1F333F 		.word	1060315018
 823 0c74 726A333F 		.word	1060334194
 824 0c78 6CB5333F 		.word	1060353388
 825 0c7c 8600343F 		.word	1060372614
 826 0c80 B24B343F 		.word	1060391858
 827 0c84 EE96343F 		.word	1060411118
 828 0c88 3BE2343F 		.word	1060430395
 829 0c8c AA2D353F 		.word	1060449706
 830 0c90 2979353F 		.word	1060469033
 831 0c94 B9C4353F 		.word	1060488377
 832 0c98 5A10363F 		.word	1060507738
 833 0c9c 0C5C363F 		.word	1060527116
 834 0ca0 DFA7363F 		.word	1060546527
 835 0ca4 C3F3363F 		.word	1060565955
 836 0ca8 C83F373F 		.word	1060585416
 837 0cac CE8B373F 		.word	1060604878
 838 0cb0 F5D7373F 		.word	1060624373
 839 0cb4 2D24383F 		.word	1060643885
 840 0cb8 8670383F 		.word	1060663430
 841 0cbc F1BC383F 		.word	1060682993
 842 0cc0 6C09393F 		.word	1060702572
 843 0cc4 F855393F 		.word	1060722168
 844 0cc8 A5A2393F 		.word	1060741797
 845 0ccc 63EF393F 		.word	1060761443
 846 0cd0 323C3A3F 		.word	1060781106
 847 0cd4 12893A3F 		.word	1060800786
 848 0cd8 13D63A3F 		.word	1060820499
 849 0cdc 25233B3F 		.word	1060840229
 850 0ce0 58703B3F 		.word	1060859992
 851 0ce4 9DBD3B3F 		.word	1060879773
 852 0ce8 F20A3C3F 		.word	1060899570
 853 0cec 58583C3F 		.word	1060919384
 854 0cf0 DFA53C3F 		.word	1060939231
 855 0cf4 77F33C3F 		.word	1060959095
 856 0cf8 31413D3F 		.word	1060978993
 857 0cfc FC8E3D3F 		.word	1060998908
ARM GAS  /var/folders/lp/x54gwt890xv47sdkqj1k04q40000gn/T//ccuHpxW7.s 			page 16


 858 0d00 D7DC3D3F 		.word	1061018839
 859 0d04 D42A3E3F 		.word	1061038804
 860 0d08 D1783E3F 		.word	1061058769
 861 0d0c 00C73E3F 		.word	1061078784
 862 0d10 2F153F3F 		.word	1061098799
 863 0d14 80633F3F 		.word	1061118848
 864 0d18 F2B13F3F 		.word	1061138930
 865 0d1c 6500403F 		.word	1061159013
 866 0d20 094F403F 		.word	1061179145
 867 0d24 AE9D403F 		.word	1061199278
 868 0d28 74EC403F 		.word	1061219444
 869 0d2c 4B3B413F 		.word	1061239627
 870 0d30 448A413F 		.word	1061259844
 871 0d34 4DD9413F 		.word	1061280077
 872 0d38 6728423F 		.word	1061300327
 873 0d3c A377423F 		.word	1061320611
 874 0d40 00C7423F 		.word	1061340928
 875 0d44 5D16433F 		.word	1061361245
 876 0d48 DC65433F 		.word	1061381596
 877 0d4c 7CB5433F 		.word	1061401980
 878 0d50 2D05443F 		.word	1061422381
 879 0d54 EF54443F 		.word	1061442799
 880 0d58 D3A4443F 		.word	1061463251
 881 0d5c C7F4443F 		.word	1061483719
 882 0d60 DD44453F 		.word	1061504221
 883 0d64 0395453F 		.word	1061524739
 884 0d68 4BE5453F 		.word	1061545291
 885 0d6c A435463F 		.word	1061565860
 886 0d70 0E86463F 		.word	1061586446
 887 0d74 99D6463F 		.word	1061607065
 888 0d78 4627473F 		.word	1061627718
 889 0d7c 0378473F 		.word	1061648387
 890 0d80 D2C8473F 		.word	1061669074
 891 0d84 C119483F 		.word	1061689793
 892 0d88 C26A483F 		.word	1061710530
 893 0d8c E4BB483F 		.word	1061731300
 894 0d90 170D493F 		.word	1061752087
 895 0d94 6C5E493F 		.word	1061772908
 896 0d98 E2AF493F 		.word	1061793762
 897 0d9c 58014A3F 		.word	1061814616
 898 0da0 00534A3F 		.word	1061835520
 899 0da4 BAA44A3F 		.word	1061856442
 900 0da8 83F64A3F 		.word	1061877379
 901 0dac 6F484B3F 		.word	1061898351
 902 0db0 6B9A4B3F 		.word	1061919339
 903 0db4 89EC4B3F 		.word	1061940361
 904 0db8 B83E4C3F 		.word	1061961400
 905 0dbc 08914C3F 		.word	1061982472
 906 0dc0 7AE34C3F 		.word	1062003578
 907 0dc4 FC354D3F 		.word	1062024700
 908 0dc8 A0884D3F 		.word	1062045856
 909 0dcc 55DB4D3F 		.word	1062067029
 910 0dd0 1B2E4E3F 		.word	1062088219
 911 0dd4 13814E3F 		.word	1062109459
 912 0dd8 1BD44E3F 		.word	1062130715
 913 0ddc 35274F3F 		.word	1062151989
 914 0de0 707A4F3F 		.word	1062173296
ARM GAS  /var/folders/lp/x54gwt890xv47sdkqj1k04q40000gn/T//ccuHpxW7.s 			page 17


 915 0de4 CDCD4F3F 		.word	1062194637
 916 0de8 3A21503F 		.word	1062215994
 917 0dec C974503F 		.word	1062237385
 918 0df0 69C8503F 		.word	1062258793
 919 0df4 2A1C513F 		.word	1062280234
 920 0df8 FC6F513F 		.word	1062301692
 921 0dfc 00C4513F 		.word	1062323200
 922 0e00 0518523F 		.word	1062344709
 923 0e04 3C6C523F 		.word	1062366268
 924 0e08 83C0523F 		.word	1062387843
 925 0e0c DB14533F 		.word	1062409435
 926 0e10 6669533F 		.word	1062431078
 927 0e14 F1BD533F 		.word	1062452721
 928 0e18 AE12543F 		.word	1062474414
 929 0e1c 7B67543F 		.word	1062496123
 930 0e20 6ABC543F 		.word	1062517866
 931 0e24 6B11553F 		.word	1062539627
 932 0e28 9D66553F 		.word	1062561437
 933 0e2c CFBB553F 		.word	1062583247
 934 0e30 3411563F 		.word	1062605108
 935 0e34 AA66563F 		.word	1062626986
 936 0e38 41BC563F 		.word	1062648897
 937 0e3c E811573F 		.word	1062670824
 938 0e40 B267573F 		.word	1062692786
 939 0e44 9DBD573F 		.word	1062714781
 940 0e48 A913583F 		.word	1062736809
 941 0e4c C669583F 		.word	1062758854
 942 0e50 05C0583F 		.word	1062780933
 943 0e54 6616593F 		.word	1062803046
 944 0e58 D76C593F 		.word	1062825175
 945 0e5c 69C3593F 		.word	1062847337
 946 0e60 1E1A5A3F 		.word	1062869534
 947 0e64 F4705A3F 		.word	1062891764
 948 0e68 DAC75A3F 		.word	1062914010
 949 0e6c E21E5B3F 		.word	1062936290
 950 0e70 0C765B3F 		.word	1062958604
 951 0e74 46CD5B3F 		.word	1062980934
 952 0e78 B3245C3F 		.word	1063003315
 953 0e7c 317C5C3F 		.word	1063025713
 954 0e80 BFD35C3F 		.word	1063048127
 955 0e84 802B5D3F 		.word	1063070592
 956 0e88 51835D3F 		.word	1063093073
 957 0e8c 55DB5D3F 		.word	1063115605
 958 0e90 59335E3F 		.word	1063138137
 959 0e94 8F8B5E3F 		.word	1063160719
 960 0e98 E7E35E3F 		.word	1063183335
 961 0e9c 4F3C5F3F 		.word	1063205967
 962 0ea0 D9945F3F 		.word	1063228633
 963 0ea4 85ED5F3F 		.word	1063251333
 964 0ea8 5246603F 		.word	1063274066
 965 0eac 309F603F 		.word	1063296816
 966 0eb0 40F8603F 		.word	1063319616
 967 0eb4 6151613F 		.word	1063342433
 968 0eb8 A4AA613F 		.word	1063365284
 969 0ebc 0804623F 		.word	1063388168
 970 0ec0 8D5D623F 		.word	1063411085
 971 0ec4 24B7623F 		.word	1063434020
ARM GAS  /var/folders/lp/x54gwt890xv47sdkqj1k04q40000gn/T//ccuHpxW7.s 			page 18


 972 0ec8 ED10633F 		.word	1063457005
 973 0ecc C66A633F 		.word	1063480006
 974 0ed0 C1C4633F 		.word	1063503041
 975 0ed4 DE1E643F 		.word	1063526110
 976 0ed8 1C79643F 		.word	1063549212
 977 0edc 7CD3643F 		.word	1063572348
 978 0ee0 FD2D653F 		.word	1063595517
 979 0ee4 A088653F 		.word	1063618720
 980 0ee8 54E3653F 		.word	1063641940
 981 0eec 3A3E663F 		.word	1063665210
 982 0ef0 3199663F 		.word	1063688497
 983 0ef4 49F4663F 		.word	1063711817
 984 0ef8 944F673F 		.word	1063735188
 985 0efc EFAA673F 		.word	1063758575
 986 0f00 6C06683F 		.word	1063781996
 987 0f04 0B62683F 		.word	1063805451
 988 0f08 CBBD683F 		.word	1063828939
 989 0f0c AC19693F 		.word	1063852460
 990 0f10 B075693F 		.word	1063876016
 991 0f14 C4D1693F 		.word	1063899588
 992 0f18 0A2E6A3F 		.word	1063923210
 993 0f1c 728A6A3F 		.word	1063946866
 994 0f20 FBE66A3F 		.word	1063970555
 995 0f24 A6436B3F 		.word	1063994278
 996 0f28 62A06B3F 		.word	1064018018
 997 0f2c 50FD6B3F 		.word	1064041808
 998 0f30 605A6C3F 		.word	1064065632
 999 0f34 91B76C3F 		.word	1064089489
 1000 0f38 D3146D3F 		.word	1064113363
 1001 0f3c 47726D3F 		.word	1064137287
 1002 0f40 DDCF6D3F 		.word	1064161245
 1003 0f44 952D6E3F 		.word	1064185237
 1004 0f48 6E8B6E3F 		.word	1064209262
 1005 0f4c 68E96E3F 		.word	1064233320
 1006 0f50 84476F3F 		.word	1064257412
 1007 0f54 C2A56F3F 		.word	1064281538
 1008 0f58 2104703F 		.word	1064305697
 1009 0f5c A262703F 		.word	1064329890
 1010 0f60 55C1703F 		.word	1064354133
 1011 0f64 1920713F 		.word	1064378393
 1012 0f68 0F7F713F 		.word	1064402703
 1013 0f6c 16DE713F 		.word	1064427030
 1014 0f70 4F3D723F 		.word	1064451407
 1015 0f74 AA9C723F 		.word	1064475818
 1016 0f78 26FC723F 		.word	1064500262
 1017 0f7c C45B733F 		.word	1064524740
 1018 0f80 84BB733F 		.word	1064549252
 1019 0f84 651B743F 		.word	1064573797
 1020 0f88 787B743F 		.word	1064598392
 1021 0f8c 9CDB743F 		.word	1064623004
 1022 0f90 F33B753F 		.word	1064647667
 1023 0f94 6B9C753F 		.word	1064672363
 1024 0f98 05FD753F 		.word	1064697093
 1025 0f9c C05D763F 		.word	1064721856
 1026 0fa0 ADBE763F 		.word	1064746669
 1027 0fa4 AC1F773F 		.word	1064771500
 1028 0fa8 DC80773F 		.word	1064796380
ARM GAS  /var/folders/lp/x54gwt890xv47sdkqj1k04q40000gn/T//ccuHpxW7.s 			page 19


 1029 0fac 2EE2773F 		.word	1064821294
 1030 0fb0 A243783F 		.word	1064846242
 1031 0fb4 48A5783F 		.word	1064871240
 1032 0fb8 FF06793F 		.word	1064896255
 1033 0fbc E868793F 		.word	1064921320
 1034 0fc0 F3CA793F 		.word	1064946419
 1035 0fc4 302D7A3F 		.word	1064971568
 1036 0fc8 7E8F7A3F 		.word	1064996734
 1037 0fcc FEF17A3F 		.word	1065021950
 1038 0fd0 A0547B3F 		.word	1065047200
 1039 0fd4 74B77B3F 		.word	1065072500
 1040 0fd8 581A7C3F 		.word	1065097816
 1041 0fdc 707D7C3F 		.word	1065123184
 1042 0fe0 B9E07C3F 		.word	1065148601
 1043 0fe4 13447D3F 		.word	1065174035
 1044 0fe8 A0A77D3F 		.word	1065199520
 1045 0fec 4E0B7E3F 		.word	1065225038
 1046 0ff0 1E6F7E3F 		.word	1065250590
 1047 0ff4 20D37E3F 		.word	1065276192
 1048 0ff8 43377F3F 		.word	1065301827
 1049 0ffc 999B7F3F 		.word	1065327513
 1050 1000 0800803F 		.word	1065353224
 1051 1004 5532803F 		.word	1065366101
 1052 1008 B264803F 		.word	1065378994
 1053 100c 2997803F 		.word	1065391913
 1054 1010 B8C9803F 		.word	1065404856
 1055 1014 50FC803F 		.word	1065417808
 1056 1018 012F813F 		.word	1065430785
 1057 101c CC61813F 		.word	1065443788
 1058 1020 9F94813F 		.word	1065456799
 1059 1024 93C7813F 		.word	1065469843
 1060 1028 8FFA813F 		.word	1065482895
 1061 102c A52D823F 		.word	1065495973
 1062 1030 D460823F 		.word	1065509076
 1063 1034 1494823F 		.word	1065522196
 1064 1038 65C7823F 		.word	1065535333
 1065 103c CEFA823F 		.word	1065548494
 1066 1040 512E833F 		.word	1065561681
 1067 1044 DD61833F 		.word	1065574877
 1068 1048 8995833F 		.word	1065588105
 1069 104c 3FC9833F 		.word	1065601343
 1070 1050 15FD833F 		.word	1065614613
 1071 1054 FD30843F 		.word	1065627901
 1072 1058 F564843F 		.word	1065641205
 1073 105c 0799843F 		.word	1065654535
 1074 1060 29CD843F 		.word	1065667881
 1075 1064 6501853F 		.word	1065681253
 1076 1068 B135853F 		.word	1065694641
 1077 106c 166A853F 		.word	1065708054
 1078 1070 959E853F 		.word	1065721493
 1079 1074 24D3853F 		.word	1065734948
 1080 1078 C407863F 		.word	1065748420
 1081 107c 863C863F 		.word	1065761926
 1082 1080 5871863F 		.word	1065775448
 1083 1084 3BA6863F 		.word	1065788987
 1084 1088 38DB863F 		.word	1065802552
 1085 108c 4D10873F 		.word	1065816141
ARM GAS  /var/folders/lp/x54gwt890xv47sdkqj1k04q40000gn/T//ccuHpxW7.s 			page 20


 1086 1090 7445873F 		.word	1065829748
 1087 1094 B37A873F 		.word	1065843379
 1088 1098 03B0873F 		.word	1065857027
 1089 109c 75E5873F 		.word	1065870709
 1090 10a0 F81A883F 		.word	1065884408
 1091 10a4 8B50883F 		.word	1065898123
 1092 10a8 3886883F 		.word	1065911864
 1093 10ac FDBB883F 		.word	1065925629
 1094 10b0 DCF1883F 		.word	1065939420
 1095 10b4 CC27893F 		.word	1065953228
 1096 10b8 D55D893F 		.word	1065967061
 1097 10bc F793893F 		.word	1065980919
 1098 10c0 2ACA893F 		.word	1065994794
 1099 10c4 75008A3F 		.word	1066008693
 1100 10c8 DB368A3F 		.word	1066022619
 1101 10cc 596D8A3F 		.word	1066036569
 1102 10d0 E8A38A3F 		.word	1066050536
 1103 10d4 90DA8A3F 		.word	1066064528
 1104 10d8 51118B3F 		.word	1066078545
 1105 10dc 2C488B3F 		.word	1066092588
 1106 10e0 207F8B3F 		.word	1066106656
 1107 10e4 24B68B3F 		.word	1066120740
 1108 10e8 42ED8B3F 		.word	1066134850
 1109 10ec 79248C3F 		.word	1066148985
 1110 10f0 C85B8C3F 		.word	1066163144
 1111 10f4 32938C3F 		.word	1066177330
 1112 10f8 ACCA8C3F 		.word	1066191532
 1113 10fc 47028D3F 		.word	1066205767
 1114 1100 F3398D3F 		.word	1066220019
 1115 1104 B9718D3F 		.word	1066234297
 1116 1108 97A98D3F 		.word	1066248599
 1117 110c 8FE18D3F 		.word	1066262927
 1118 1110 A0198E3F 		.word	1066277280
 1119 1114 C2518E3F 		.word	1066291650
 1120 1118 058A8E3F 		.word	1066306053
 1121 111c 61C28E3F 		.word	1066320481
 1122 1120 CEFA8E3F 		.word	1066334926
 1123 1124 5D338F3F 		.word	1066349405
 1124 1128 FD6B8F3F 		.word	1066363901
 1125 112c B5A48F3F 		.word	1066378421
 1126 1130 90DD8F3F 		.word	1066392976
 1127 1134 7B16903F 		.word	1066407547
 1128 1138 874F903F 		.word	1066422151
 1129 113c A488903F 		.word	1066436772
 1130 1140 E3C1903F 		.word	1066451427
 1131 1144 33FB903F 		.word	1066466099
 1132 1148 9C34913F 		.word	1066480796
 1133 114c 266E913F 		.word	1066495526
 1134 1150 CAA7913F 		.word	1066510282
 1135 1154 7EE1913F 		.word	1066525054
 1136 1158 541B923F 		.word	1066539860
 1137 115c 4355923F 		.word	1066554691
 1138 1160 4B8F923F 		.word	1066569547
 1139 1164 6DC9923F 		.word	1066584429
 1140 1168 A703933F 		.word	1066599335
 1141 116c 033E933F 		.word	1066614275
 1142 1170 7078933F 		.word	1066629232
ARM GAS  /var/folders/lp/x54gwt890xv47sdkqj1k04q40000gn/T//ccuHpxW7.s 			page 21


 1143 1174 FFB2933F 		.word	1066644223
 1144 1178 A6ED933F 		.word	1066659238
 1145 117c 6728943F 		.word	1066674279
 1146 1180 4163943F 		.word	1066689345
 1147 1184 349E943F 		.word	1066704436
 1148 1188 49D9943F 		.word	1066719561
 1149 118c 7714953F 		.word	1066734711
 1150 1190 BE4F953F 		.word	1066749886
 1151 1194 1E8B953F 		.word	1066765086
 1152 1198 97C6953F 		.word	1066780311
 1153 119c 3202963F 		.word	1066795570
 1154 11a0 E63D963F 		.word	1066810854
 1155 11a4 B379963F 		.word	1066826163
 1156 11a8 A2B5963F 		.word	1066841506
 1157 11ac AAF1963F 		.word	1066856874
 1158 11b0 CB2D973F 		.word	1066872267
 1159 11b4 0E6A973F 		.word	1066887694
 1160 11b8 6AA6973F 		.word	1066903146
 1161 11bc DFE2973F 		.word	1066918623
 1162 11c0 751F983F 		.word	1066934133
 1163 11c4 255C983F 		.word	1066949669
 1164 11c8 EE98983F 		.word	1066965230
 1165 11cc D8D5983F 		.word	1066980824
 1166 11d0 DC12993F 		.word	1066996444
 1167 11d4 0150993F 		.word	1067012097
 1168 11d8 3F8D993F 		.word	1067027775
 1169 11dc 97CA993F 		.word	1067043479
 1170 11e0 10089A3F 		.word	1067059216
 1171 11e4 AA459A3F 		.word	1067074986
 1172 11e8 56839A3F 		.word	1067090774
 1173 11ec 2BC19A3F 		.word	1067106603
 1174 11f0 19FF9A3F 		.word	1067122457
 1175 11f4 213D9B3F 		.word	1067138337
 1176 11f8 4A7B9B3F 		.word	1067154250
 1177 11fc 8CB99B3F 		.word	1067170188
 1178 1200 F0F79B3F 		.word	1067186160
 1179 1204 76369C3F 		.word	1067202166
 1180 1208 14759C3F 		.word	1067218196
 1181 120c D5B39C3F 		.word	1067234261
 1182 1210 AEF29C3F 		.word	1067250350
 1183 1214 A9319D3F 		.word	1067266473
 1184 1218 C5709D3F 		.word	1067282629
 1185 121c FBAF9D3F 		.word	1067298811
 1186 1220 52EF9D3F 		.word	1067315026
 1187 1224 C32E9E3F 		.word	1067331267
 1188 1228 546E9E3F 		.word	1067347540
 1189 122c 08AE9E3F 		.word	1067363848
 1190 1230 DDED9E3F 		.word	1067380189
 1191 1234 CB2D9F3F 		.word	1067396555
 1192 1238 DB6D9F3F 		.word	1067412955
 1193 123c 0CAE9F3F 		.word	1067429388
 1194 1240 57EE9F3F 		.word	1067445847
 1195 1244 CB2EA03F 		.word	1067462347
 1196 1248 586FA03F 		.word	1067478872
 1197 124c 08B0A03F 		.word	1067495432
 1198 1250 D0F0A03F 		.word	1067512016
 1199 1254 C231A13F 		.word	1067528642
ARM GAS  /var/folders/lp/x54gwt890xv47sdkqj1k04q40000gn/T//ccuHpxW7.s 			page 22


 1200 1258 CD72A13F 		.word	1067545293
 1201 125c FAB3A13F 		.word	1067561978
 1202 1260 49F5A13F 		.word	1067578697
 1203 1264 B936A23F 		.word	1067595449
 1204 1268 4B78A23F 		.word	1067612235
 1205 126c F5B9A23F 		.word	1067629045
 1206 1270 CAFBA23F 		.word	1067645898
 1207 1274 B83DA33F 		.word	1067662776
 1208 1278 D07FA33F 		.word	1067679696
 1209 127c 01C2A33F 		.word	1067696641
 1210 1280 5C04A43F 		.word	1067713628
 1211 1284 D046A43F 		.word	1067730640
 1212 1288 6589A43F 		.word	1067747685
 1213 128c 25CCA43F 		.word	1067764773
 1214 1290 FE0EA53F 		.word	1067781886
 1215 1294 F851A53F 		.word	1067799032
 1216 1298 1C95A53F 		.word	1067816220
 1217 129c 5AD8A53F 		.word	1067833434
 1218 12a0 C11BA63F 		.word	1067850689
 1219 12a4 4A5FA63F 		.word	1067867978
 1220 12a8 F5A2A63F 		.word	1067885301
 1221 12ac C1E6A63F 		.word	1067902657
 1222 12b0 AE2AA73F 		.word	1067920046
 1223 12b4 BD6EA73F 		.word	1067937469
 1224 12b8 EEB2A73F 		.word	1067954926
 1225 12bc 49F7A73F 		.word	1067972425
 1226 12c0 C53BA83F 		.word	1067989957
 1227 12c4 6380A83F 		.word	1068007523
 1228 12c8 22C5A83F 		.word	1068025122
 1229 12cc 0B0AA93F 		.word	1068042763
 1230 12d0 0E4FA93F 		.word	1068060430
 1231 12d4 3A94A93F 		.word	1068078138
 1232 12d8 90D9A93F 		.word	1068095888
 1233 12dc 001FAA3F 		.word	1068113664
 1234 12e0 9964AA3F 		.word	1068131481
 1235 12e4 5CAAAA3F 		.word	1068149340
 1236 12e8 39F0AA3F 		.word	1068167225
 1237 12ec 4836AB3F 		.word	1068185160
 1238 12f0 707CAB3F 		.word	1068203120
 1239 12f4 C2C2AB3F 		.word	1068221122
 1240 12f8 3509AC3F 		.word	1068239157
 1241 12fc D34FAC3F 		.word	1068257235
 1242 1300 9296AC3F 		.word	1068275346
 1243 1304 7BDDAC3F 		.word	1068293499
 1244 1308 8524AD3F 		.word	1068311685
 1245 130c B16BAD3F 		.word	1068329905
 1246 1310 10B3AD3F 		.word	1068348176
 1247 1314 87FAAD3F 		.word	1068366471
 1248 1318 3142AE3F 		.word	1068384817
 1249 131c F489AE3F 		.word	1068403188
 1250 1320 E9D1AE3F 		.word	1068421609
 1251 1324 001AAF3F 		.word	1068440064
 1252 1328 3962AF3F 		.word	1068458553
 1253 132c A4AAAF3F 		.word	1068477092
 1254 1330 30F3AF3F 		.word	1068495664
 1255 1334 DE3BB03F 		.word	1068514270
 1256 1338 B684B03F 		.word	1068532918
ARM GAS  /var/folders/lp/x54gwt890xv47sdkqj1k04q40000gn/T//ccuHpxW7.s 			page 23


 1257 133c B8CDB03F 		.word	1068551608
 1258 1340 E316B13F 		.word	1068570339
 1259 1344 3960B13F 		.word	1068589113
 1260 1348 B0A9B13F 		.word	1068607920
 1261 134c 52F3B13F 		.word	1068626770
 1262 1350 1D3DB23F 		.word	1068645661
 1263 1354 0987B23F 		.word	1068664585
 1264 1358 28D1B23F 		.word	1068683560
 1265 135c 691BB33F 		.word	1068702569
 1266 1360 D465B33F 		.word	1068721620
 1267 1364 68B0B33F 		.word	1068740712
 1268 1368 26FBB33F 		.word	1068759846
 1269 136c 0F46B43F 		.word	1068779023
 1270 1370 2191B43F 		.word	1068798241
 1271 1374 5DDCB43F 		.word	1068817501
 1272 1378 C427B53F 		.word	1068836804
 1273 137c 4B73B53F 		.word	1068856139
 1274 1380 05BFB53F 		.word	1068875525
 1275 1384 E90AB63F 		.word	1068894953
 1276 1388 F756B63F 		.word	1068914423
 1277 138c 2FA3B63F 		.word	1068933935
 1278 1390 91EFB63F 		.word	1068953489
 1279 1394 1D3CB73F 		.word	1068973085
 1280 1398 D388B73F 		.word	1068992723
 1281 139c BBD5B73F 		.word	1069012411
 1282 13a0 CD22B83F 		.word	1069032141
 1283 13a4 0070B83F 		.word	1069051904
 1284 13a8 66BDB83F 		.word	1069071718
 1285 13ac FE0AB93F 		.word	1069091582
 1286 13b0 B858B93F 		.word	1069111480
 1287 13b4 A4A6B93F 		.word	1069131428
 1288 13b8 BAF4B93F 		.word	1069151418
 1289 13bc 0343BA3F 		.word	1069171459
 1290 13c0 6D91BA3F 		.word	1069191533
 1291 13c4 11E0BA3F 		.word	1069211665
 1292 13c8 D82EBB3F 		.word	1069231832
 1293 13cc D07DBB3F 		.word	1069252048
 1294 13d0 F3CCBB3F 		.word	1069272307
 1295 13d4 471CBC3F 		.word	1069292615
 1296 13d8 C66BBC3F 		.word	1069312966
 1297 13dc 77BBBC3F 		.word	1069333367
 1298 13e0 520BBD3F 		.word	1069353810
 1299 13e4 605BBD3F 		.word	1069374304
 1300 13e8 97ABBD3F 		.word	1069394839
 1301 13ec 01FCBD3F 		.word	1069415425
 1302 13f0 9D4CBE3F 		.word	1069436061
 1303 13f4 629DBE3F 		.word	1069456738
 1304 13f8 5BEEBE3F 		.word	1069477467
 1305 13fc 7D3FBF3F 		.word	1069498237
 1306 1400 D190BF3F 		.word	1069519057
 1307 1404 58E2BF3F 		.word	1069539928
 1308 1408 0934C03F 		.word	1069560841
 1309 140c F585C03F 		.word	1069581813
 1310 1410 0AD8C03F 		.word	1069602826
 1311 1414 522AC13F 		.word	1069623890
 1312 1418 C47CC13F 		.word	1069644996
 1313 141c 70CFC13F 		.word	1069666160
ARM GAS  /var/folders/lp/x54gwt890xv47sdkqj1k04q40000gn/T//ccuHpxW7.s 			page 24


 1314 1420 4622C23F 		.word	1069687366
 1315 1424 4F75C23F 		.word	1069708623
 1316 1428 8AC8C23F 		.word	1069729930
 1317 142c F81BC33F 		.word	1069751288
 1318 1430 A06FC33F 		.word	1069772704
 1319 1434 72C3C33F 		.word	1069794162
 1320 1438 7617C43F 		.word	1069815670
 1321 143c AD6BC43F 		.word	1069837229
 1322 1440 16C0C43F 		.word	1069858838
 1323 1444 B114C53F 		.word	1069880497
 1324 1448 7F69C53F 		.word	1069902207
 1325 144c 88BEC53F 		.word	1069923976
 1326 1450 BA13C63F 		.word	1069945786
 1327 1454 2769C63F 		.word	1069967655
 1328 1458 C6BEC63F 		.word	1069989574
 1329 145c 9814C73F 		.word	1070011544
 1330 1460 A56AC73F 		.word	1070033573
 1331 1464 E4C0C73F 		.word	1070055652
 1332 1468 5517C83F 		.word	1070077781
 1333 146c F86DC83F 		.word	1070099960
 1334 1470 D6C4C83F 		.word	1070122198
 1335 1474 E71BC93F 		.word	1070144487
 1336 1478 3273C93F 		.word	1070166834
 1337 147c B0CAC93F 		.word	1070189232
 1338 1480 6022CA3F 		.word	1070211680
 1339 1484 4A7ACA3F 		.word	1070234186
 1340 1488 70D2CA3F 		.word	1070256752
 1341 148c C72ACB3F 		.word	1070279367
 1342 1490 5183CB3F 		.word	1070302033
 1343 1494 16DCCB3F 		.word	1070324758
 1344 1498 1635CC3F 		.word	1070347542
 1345 149c 508ECC3F 		.word	1070370384
 1346 14a0 BCE7CC3F 		.word	1070393276
 1347 14a4 6341CD3F 		.word	1070416227
 1348 14a8 3D9BCD3F 		.word	1070439229
 1349 14ac 5AF5CD3F 		.word	1070462298
 1350 14b0 A94FCE3F 		.word	1070485417
 1351 14b4 32AACE3F 		.word	1070508594
 1352 14b8 F704CF3F 		.word	1070531831
 1353 14bc EE5FCF3F 		.word	1070555118
 1354 14c0 28BBCF3F 		.word	1070578472
 1355 14c4 9416D03F 		.word	1070601876
 1356 14c8 4372D03F 		.word	1070625347
 1357 14cc 2DCED03F 		.word	1070648877
 1358 14d0 492AD13F 		.word	1070672457
 1359 14d4 A986D13F 		.word	1070696105
 1360 14d8 3BE3D13F 		.word	1070719803
 1361 14dc 1040D23F 		.word	1070743568
 1362 14e0 1F9DD23F 		.word	1070767391
 1363 14e4 6AFAD23F 		.word	1070791274
 1364 14e8 F757D33F 		.word	1070815223
 1365 14ec B7B5D33F 		.word	1070839223
 1366 14f0 BA13D43F 		.word	1070863290
 1367 14f4 F871D43F 		.word	1070887416
 1368 14f8 78D0D43F 		.word	1070911608
 1369 14fc 342FD53F 		.word	1070935860
 1370 1500 2A8ED53F 		.word	1070960170
ARM GAS  /var/folders/lp/x54gwt890xv47sdkqj1k04q40000gn/T//ccuHpxW7.s 			page 25


 1371 1504 63EDD53F 		.word	1070984547
 1372 1508 D74CD63F 		.word	1071008983
 1373 150c 86ACD63F 		.word	1071033478
 1374 1510 780CD73F 		.word	1071058040
 1375 1514 AD6CD73F 		.word	1071082669
 1376 1518 1CCDD73F 		.word	1071107356
 1377 151c CF2DD83F 		.word	1071132111
 1378 1520 C58ED83F 		.word	1071156933
 1379 1524 F6EFD83F 		.word	1071181814
 1380 1528 6951D93F 		.word	1071206761
 1381 152c 20B3D93F 		.word	1071231776
 1382 1530 1215DA3F 		.word	1071256850
 1383 1534 4F77DA3F 		.word	1071281999
 1384 1538 C7D9DA3F 		.word	1071307207
 1385 153c 823CDB3F 		.word	1071332482
 1386 1540 809FDB3F 		.word	1071357824
 1387 1544 C102DC3F 		.word	1071383233
 1388 1548 4566DC3F 		.word	1071408709
 1389 154c 0CCADC3F 		.word	1071434252
 1390 1550 172EDD3F 		.word	1071459863
 1391 1554 6492DD3F 		.word	1071485540
 1392 1558 FDF6DD3F 		.word	1071511293
 1393 155c D15BDE3F 		.word	1071537105
 1394 1560 F0C0DE3F 		.word	1071562992
 1395 1564 5226DF3F 		.word	1071588946
 1396 1568 F88BDF3F 		.word	1071614968
 1397 156c E9F1DF3F 		.word	1071641065
 1398 1570 1D58E03F 		.word	1071667229
 1399 1574 94BEE03F 		.word	1071693460
 1400 1578 5725E13F 		.word	1071719767
 1401 157c 5D8CE13F 		.word	1071746141
 1402 1580 AEF3E13F 		.word	1071772590
 1403 1584 425BE23F 		.word	1071799106
 1404 1588 22C3E23F 		.word	1071825698
 1405 158c 452BE33F 		.word	1071852357
 1406 1590 BC93E33F 		.word	1071879100
 1407 1594 6EFCE33F 		.word	1071905902
 1408 1598 7365E43F 		.word	1071932787
 1409 159c BCCEE43F 		.word	1071959740
 1410 15a0 5838E53F 		.word	1071986776
 1411 15a4 38A2E53F 		.word	1072013880
 1412 15a8 630CE63F 		.word	1072041059
 1413 15ac D976E63F 		.word	1072068313
 1414 15b0 9CE1E63F 		.word	1072095644
 1415 15b4 A94CE73F 		.word	1072123049
 1416 15b8 02B8E73F 		.word	1072150530
 1417 15bc A723E83F 		.word	1072178087
 1418 15c0 978FE83F 		.word	1072205719
 1419 15c4 DBFBE83F 		.word	1072233435
 1420 15c8 6268E93F 		.word	1072261218
 1421 15cc 3DD5E93F 		.word	1072289085
 1422 15d0 6C42EA3F 		.word	1072317036
 1423 15d4 DEAFEA3F 		.word	1072345054
 1424 15d8 A31DEB3F 		.word	1072373155
 1425 15dc BD8BEB3F 		.word	1072401341
 1426 15e0 22FAEB3F 		.word	1072429602
 1427 15e4 D368EC3F 		.word	1072457939
ARM GAS  /var/folders/lp/x54gwt890xv47sdkqj1k04q40000gn/T//ccuHpxW7.s 			page 26


 1428 15e8 E0D7EC3F 		.word	1072486368
 1429 15ec 3047ED3F 		.word	1072514864
 1430 15f0 DDB6ED3F 		.word	1072543453
 1431 15f4 D526EE3F 		.word	1072572117
 1432 15f8 2097EE3F 		.word	1072600864
 1433 15fc C007EF3F 		.word	1072629696
 1434 1600 AB78EF3F 		.word	1072658603
 1435 1604 F2E9EF3F 		.word	1072687602
 1436 1608 8E5BF03F 		.word	1072716686
 1437 160c 75CDF03F 		.word	1072745845
 1438 1610 B83FF13F 		.word	1072775096
 1439 1614 46B2F13F 		.word	1072804422
 1440 1618 3125F23F 		.word	1072833841
 1441 161c 7098F23F 		.word	1072863344
 1442 1620 020CF33F 		.word	1072892930
 1443 1624 F17FF33F 		.word	1072922609
 1444 1628 2CF4F33F 		.word	1072952364
 1445 162c CB68F43F 		.word	1072982219
 1446 1630 B5DDF43F 		.word	1073012149
 1447 1634 FC52F53F 		.word	1073042172
 1448 1638 9FC8F53F 		.word	1073072287
 1449 163c 963EF63F 		.word	1073102486
 1450 1640 EAB4F63F 		.word	1073132778
 1451 1644 992BF73F 		.word	1073163161
 1452 1648 9CA2F73F 		.word	1073193628
 1453 164c FC19F83F 		.word	1073224188
 1454 1650 B891F83F 		.word	1073254840
 1455 1654 D009F93F 		.word	1073285584
 1456 1658 4582F93F 		.word	1073316421
 1457 165c 16FBF93F 		.word	1073347350
 1458 1660 4374FA3F 		.word	1073378371
 1459 1664 CCEDFA3F 		.word	1073409484
 1460 1668 B267FB3F 		.word	1073440690
 1461 166c FCE1FB3F 		.word	1073471996
 1462 1670 9A5CFC3F 		.word	1073503386
 1463 1674 9DD7FC3F 		.word	1073534877
 1464 1678 0553FD3F 		.word	1073566469
 1465 167c C8CEFD3F 		.word	1073598152
 1466 1680 E84AFE3F 		.word	1073629928
 1467 1684 6DC7FE3F 		.word	1073661805
 1468 1688 5644FF3F 		.word	1073693782
 1469 168c 9CC1FF3F 		.word	1073725852
 1470 1690 A31F0040 		.word	1073749923
 1471 1694 AB5E0040 		.word	1073766059
 1472 1698 E09D0040 		.word	1073782240
 1473 169c 4CDD0040 		.word	1073798476
 1474 16a0 E71C0140 		.word	1073814759
 1475 16a4 B85C0140 		.word	1073831096
 1476 16a8 BB9C0140 		.word	1073847483
 1477 16ac ECDC0140 		.word	1073863916
 1478 16b0 541D0240 		.word	1073880404
 1479 16b4 F25D0240 		.word	1073896946
 1480 16b8 BF9E0240 		.word	1073913535
 1481 16bc C6DF0240 		.word	1073930182
 1482 16c0 FB200340 		.word	1073946875
 1483 16c4 67620340 		.word	1073963623
 1484 16c8 09A40340 		.word	1073980425
ARM GAS  /var/folders/lp/x54gwt890xv47sdkqj1k04q40000gn/T//ccuHpxW7.s 			page 27


 1485 16cc DEE50340 		.word	1073997278
 1486 16d0 E9270440 		.word	1074014185
 1487 16d4 2B6A0440 		.word	1074031147
 1488 16d8 A3AC0440 		.word	1074048163
 1489 16dc 4EEF0440 		.word	1074065230
 1490 16e0 33320540 		.word	1074082355
 1491 16e4 4B750540 		.word	1074099531
 1492 16e8 9DB80540 		.word	1074116765
 1493 16ec 26FC0540 		.word	1074134054
 1494 16f0 E63F0640 		.word	1074151398
 1495 16f4 E0830640 		.word	1074168800
 1496 16f8 11C80640 		.word	1074186257
 1497 16fc 780C0740 		.word	1074203768
 1498 1700 1A510740 		.word	1074221338
 1499 1704 F6950740 		.word	1074238966
 1500 1708 0ADB0740 		.word	1074256650
 1501 170c 58200840 		.word	1074274392
 1502 1710 E0650840 		.word	1074292192
 1503 1714 9FAB0840 		.word	1074310047
 1504 1718 9DF10840 		.word	1074327965
 1505 171c D6370940 		.word	1074345942
 1506 1720 467E0940 		.word	1074363974
 1507 1724 F4C40940 		.word	1074382068
 1508 1728 E10B0A40 		.word	1074400225
 1509 172c 05530A40 		.word	1074418437
 1510 1730 679A0A40 		.word	1074436711
 1511 1734 09E20A40 		.word	1074455049
 1512 1738 E5290B40 		.word	1074473445
 1513 173c 00720B40 		.word	1074491904
 1514 1740 56BA0B40 		.word	1074510422
 1515 1744 EF020C40 		.word	1074529007
 1516 1748 C24B0C40 		.word	1074547650
 1517 174c D5940C40 		.word	1074566357
 1518 1750 27DE0C40 		.word	1074585127
 1519 1754 BB270D40 		.word	1074603963
 1520 1758 8B710D40 		.word	1074622859
 1521 175c 9DBB0D40 		.word	1074641821
 1522 1760 F3050E40 		.word	1074660851
 1523 1764 83500E40 		.word	1074679939
 1524 1768 5A9B0E40 		.word	1074699098
 1525 176c 71E60E40 		.word	1074718321
 1526 1770 C6310F40 		.word	1074737606
 1527 1774 637D0F40 		.word	1074756963
 1528 1778 3FC90F40 		.word	1074776383
 1529 177c 5D151040 		.word	1074795869
 1530 1780 C3611040 		.word	1074815427
 1531 1784 68AE1040 		.word	1074835048
 1532 1788 55FB1040 		.word	1074854741
 1533 178c 88481140 		.word	1074874504
 1534 1790 FB951140 		.word	1074894331
 1535 1794 B4E31140 		.word	1074914228
 1536 1798 B6311240 		.word	1074934198
 1537 179c FE7F1240 		.word	1074954238
 1538 17a0 89CE1240 		.word	1074974345
 1539 17a4 5C1D1340 		.word	1074994524
 1540 17a8 766C1340 		.word	1075014774
 1541 17ac D8BB1340 		.word	1075035096
ARM GAS  /var/folders/lp/x54gwt890xv47sdkqj1k04q40000gn/T//ccuHpxW7.s 			page 28


 1542 17b0 850B1440 		.word	1075055493
 1543 17b4 795B1440 		.word	1075075961
 1544 17b8 B4AB1440 		.word	1075096500
 1545 17bc 37FC1440 		.word	1075117111
 1546 17c0 0A4D1540 		.word	1075137802
 1547 17c4 1F9E1540 		.word	1075158559
 1548 17c8 85EF1540 		.word	1075179397
 1549 17cc 35411640 		.word	1075200309
 1550 17d0 2D931640 		.word	1075221293
 1551 17d4 75E51640 		.word	1075242357
 1552 17d8 09381740 		.word	1075263497
 1553 17dc E78A1740 		.word	1075284711
 1554 17e0 12DE1740 		.word	1075306002
 1555 17e4 8C311840 		.word	1075327372
 1556 17e8 55851840 		.word	1075348821
 1557 17ec 6AD91840 		.word	1075370346
 1558 17f0 D32D1940 		.word	1075391955
 1559 17f4 88821940 		.word	1075413640
 1560 17f8 8CD71940 		.word	1075435404
 1561 17fc E02C1A40 		.word	1075457248
 1562 1800 88821A40 		.word	1075479176
 1563 1804 80D81A40 		.word	1075501184
 1564 1808 CB2E1B40 		.word	1075523275
 1565 180c 66851B40 		.word	1075545446
 1566 1810 55DC1B40 		.word	1075567701
 1567 1814 98331C40 		.word	1075590040
 1568 1818 2A8B1C40 		.word	1075612458
 1569 181c 15E31C40 		.word	1075634965
 1570 1820 543B1D40 		.word	1075657556
 1571 1824 EA931D40 		.word	1075680234
 1572 1828 D5EC1D40 		.word	1075702997
 1573 182c 13461E40 		.word	1075725843
 1574 1830 A99F1E40 		.word	1075748777
 1575 1834 98F91E40 		.word	1075771800
 1576 1838 DF531F40 		.word	1075794911
 1577 183c 7DAE1F40 		.word	1075818109
 1578 1840 78092040 		.word	1075841400
 1579 1844 C7642040 		.word	1075864775
 1580 1848 72C02040 		.word	1075888242
 1581 184c 7A1C2140 		.word	1075911802
 1582 1850 D9782140 		.word	1075935449
 1583 1854 99D52140 		.word	1075959193
 1584 1858 B1322240 		.word	1075983025
 1585 185c 25902240 		.word	1076006949
 1586 1860 FAED2240 		.word	1076030970
 1587 1864 2B4C2340 		.word	1076055083
 1588 1868 B9AA2340 		.word	1076079289
 1589 186c AB092440 		.word	1076103595
 1590 1870 F9682440 		.word	1076127993
 1591 1874 A8C82440 		.word	1076152488
 1592 1878 B7282540 		.word	1076177079
 1593 187c 2B892540 		.word	1076201771
 1594 1880 FBE92540 		.word	1076226555
 1595 1884 344B2640 		.word	1076251444
 1596 1888 CDAC2640 		.word	1076276429
 1597 188c CB0E2740 		.word	1076301515
 1598 1890 2E712740 		.word	1076326702
ARM GAS  /var/folders/lp/x54gwt890xv47sdkqj1k04q40000gn/T//ccuHpxW7.s 			page 29


 1599 1894 F6D32740 		.word	1076351990
 1600 1898 22372840 		.word	1076377378
 1601 189c B79A2840 		.word	1076402871
 1602 18a0 B5FE2840 		.word	1076428469
 1603 18a4 17632940 		.word	1076454167
 1604 18a8 E3C72940 		.word	1076479971
 1605 18ac 172D2A40 		.word	1076505879
 1606 18b0 B8922A40 		.word	1076531896
 1607 18b4 C2F82A40 		.word	1076558018
 1608 18b8 355F2B40 		.word	1076584245
 1609 18bc 15C62B40 		.word	1076610581
 1610 18c0 662D2C40 		.word	1076637030
 1611 18c4 21952C40 		.word	1076663585
 1612 18c8 48FD2C40 		.word	1076690248
 1613 18cc E0652D40 		.word	1076717024
 1614 18d0 E6CE2D40 		.word	1076743910
 1615 18d4 61382E40 		.word	1076770913
 1616 18d8 49A22E40 		.word	1076798025
 1617 18dc A20C2F40 		.word	1076825250
 1618 18e0 70772F40 		.word	1076852592
 1619 18e4 B0E22F40 		.word	1076880048
 1620 18e8 624E3040 		.word	1076907618
 1621 18ec 8CBA3040 		.word	1076935308
 1622 18f0 28273140 		.word	1076963112
 1623 18f4 3E943140 		.word	1076991038
 1624 18f8 C9013240 		.word	1077019081
 1625 18fc CE6F3240 		.word	1077047246
 1626 1900 48DE3240 		.word	1077075528
 1627 1904 404D3340 		.word	1077103936
 1628 1908 B2BC3340 		.word	1077132466
 1629 190c 9D2C3440 		.word	1077161117
 1630 1910 029D3440 		.word	1077189890
 1631 1914 E50D3540 		.word	1077218789
 1632 1918 4A7F3540 		.word	1077247818
 1633 191c 28F13540 		.word	1077276968
 1634 1920 88633640 		.word	1077306248
 1635 1924 6BD63640 		.word	1077335659
 1636 1928 CB493740 		.word	1077365195
 1637 192c ADBD3740 		.word	1077394861
 1638 1930 12323840 		.word	1077424658
 1639 1934 FCA63840 		.word	1077454588
 1640 1938 6D1C3940 		.word	1077484653
 1641 193c 60923940 		.word	1077514848
 1642 1940 DD083A40 		.word	1077545181
 1643 1944 E17F3A40 		.word	1077575649
 1644 1948 6AF73A40 		.word	1077606250
 1645 194c 7E6F3B40 		.word	1077636990
 1646 1950 1DE83B40 		.word	1077667869
 1647 1954 4A613C40 		.word	1077698890
 1648 1958 FDDA3C40 		.word	1077730045
 1649 195c 43553D40 		.word	1077761347
 1650 1960 14D03D40 		.word	1077792788
 1651 1964 774B3E40 		.word	1077824375
 1652 1968 69C73E40 		.word	1077856105
 1653 196c EE433F40 		.word	1077887982
 1654 1970 05C13F40 		.word	1077920005
 1655 1974 AF3E4040 		.word	1077952175
ARM GAS  /var/folders/lp/x54gwt890xv47sdkqj1k04q40000gn/T//ccuHpxW7.s 			page 30


 1656 1978 EDBC4040 		.word	1077984493
 1657 197c C13B4140 		.word	1078016961
 1658 1980 2CBB4140 		.word	1078049580
 1659 1984 2E3B4240 		.word	1078082350
 1660 1988 C7BB4240 		.word	1078115271
 1661 198c FF3C4340 		.word	1078148351
 1662 1990 CFBE4340 		.word	1078181583
 1663 1994 3A414440 		.word	1078214970
 1664 1998 44C44440 		.word	1078248516
 1665 199c ED474540 		.word	1078282221
 1666 19a0 36CC4540 		.word	1078316086
 1667 19a4 22514640 		.word	1078350114
 1668 19a8 AAD64640 		.word	1078384298
 1669 19ac D95C4740 		.word	1078418649
 1670 19b0 B0E34740 		.word	1078453168
 1671 19b4 276B4840 		.word	1078487847
 1672 19b8 49F34840 		.word	1078522697
 1673 19bc 0F7C4940 		.word	1078557711
 1674 19c0 81054A40 		.word	1078592897
 1675 19c4 9F8F4A40 		.word	1078628255
 1676 19c8 691A4B40 		.word	1078663785
 1677 19cc DFA54B40 		.word	1078699487
 1678 19d0 05324C40 		.word	1078735365
 1679 19d4 D7BE4C40 		.word	1078771415
 1680 19d8 5E4C4D40 		.word	1078807646
 1681 19dc 98DA4D40 		.word	1078844056
 1682 19e0 83694E40 		.word	1078880643
 1683 19e4 27F94E40 		.word	1078917415
 1684 19e8 83894F40 		.word	1078954371
 1685 19ec 931A5040 		.word	1078991507
 1686 19f0 60AC5040 		.word	1079028832
 1687 19f4 E63E5140 		.word	1079066342
 1688 19f8 28D25140 		.word	1079104040
 1689 19fc 2C665240 		.word	1079141932
 1690 1a00 ECFA5240 		.word	1079180012
 1691 1a04 6D905340 		.word	1079218285
 1692 1a08 B3265440 		.word	1079256755
 1693 1a0c BABD5440 		.word	1079295418
 1694 1a10 86555540 		.word	1079334278
 1695 1a14 1CEE5540 		.word	1079373340
 1696 1a18 7B875640 		.word	1079412603
 1697 1a1c A3215740 		.word	1079452067
 1698 1a20 99BC5740 		.word	1079491737
 1699 1a24 5C585840 		.word	1079531612
 1700 1a28 EDF45840 		.word	1079571693
 1701 1a2c 4F925940 		.word	1079611983
 1702 1a30 83305A40 		.word	1079652483
 1703 1a34 8DCF5A40 		.word	1079693197
 1704 1a38 6D6F5B40 		.word	1079734125
 1705 1a3c 28105C40 		.word	1079775272
 1706 1a40 B8B15C40 		.word	1079816632
 1707 1a44 22545D40 		.word	1079858210
 1708 1a48 6EF75D40 		.word	1079900014
 1709 1a4c 959B5E40 		.word	1079942037
 1710 1a50 9E405F40 		.word	1079984286
 1711 1a54 8AE65F40 		.word	1080026762
 1712 1a58 5C8D6040 		.word	1080069468
ARM GAS  /var/folders/lp/x54gwt890xv47sdkqj1k04q40000gn/T//ccuHpxW7.s 			page 31


 1713 1a5c 16356140 		.word	1080112406
 1714 1a60 B5DD6140 		.word	1080155573
 1715 1a64 3C876240 		.word	1080198972
 1716 1a68 B6316340 		.word	1080242614
 1717 1a6c 1ADD6340 		.word	1080286490
 1718 1a70 6E896440 		.word	1080330606
 1719 1a74 B5366540 		.word	1080374965
 1720 1a78 EFE46540 		.word	1080419567
 1721 1a7c 21946640 		.word	1080464417
 1722 1a80 4E446740 		.word	1080509518
 1723 1a84 73F56740 		.word	1080554867
 1724 1a88 93A76840 		.word	1080600467
 1725 1a8c B45A6940 		.word	1080646324
 1726 1a90 D80E6A40 		.word	1080692440
 1727 1a94 FCC36A40 		.word	1080738812
 1728 1a98 297A6B40 		.word	1080785449
 1729 1a9c 59316C40 		.word	1080832345
 1730 1aa0 9AE96C40 		.word	1080879514
 1731 1aa4 E4A26D40 		.word	1080926948
 1732 1aa8 3A5D6E40 		.word	1080974650
 1733 1aac A4186F40 		.word	1081022628
 1734 1ab0 24D56F40 		.word	1081070884
 1735 1ab4 B8927040 		.word	1081119416
 1736 1ab8 65517140 		.word	1081168229
 1737 1abc 30117240 		.word	1081217328
 1738 1ac0 13D27240 		.word	1081266707
 1739 1ac4 18947340 		.word	1081316376
 1740 1ac8 43577440 		.word	1081366339
 1741 1acc 931B7540 		.word	1081416595
 1742 1ad0 09E17540 		.word	1081467145
 1743 1ad4 A8A77640 		.word	1081517992
 1744 1ad8 766F7740 		.word	1081569142
 1745 1adc 76387840 		.word	1081620598
 1746 1ae0 A7027940 		.word	1081672359
 1747 1ae4 10CE7940 		.word	1081724432
 1748 1ae8 B39A7A40 		.word	1081776819
 1749 1aec 8C687B40 		.word	1081829516
 1750 1af0 A8377C40 		.word	1081882536
 1751 1af4 03087D40 		.word	1081935875
 1752 1af8 A5D97D40 		.word	1081989541
 1753 1afc 8EAC7E40 		.word	1082043534
 1754 1b00 BF807F40 		.word	1082097855
 1755 1b04 222B8040 		.word	1082141474
 1756 1b08 89968040 		.word	1082168969
 1757 1b0c 9D028140 		.word	1082196637
 1758 1b10 5B6F8140 		.word	1082224475
 1759 1b14 C6DC8140 		.word	1082252486
 1760 1b18 E04A8240 		.word	1082280672
 1761 1b1c ACB98240 		.word	1082309036
 1762 1b20 28298340 		.word	1082337576
 1763 1b24 5B998340 		.word	1082366299
 1764 1b28 420A8440 		.word	1082395202
 1765 1b2c E17B8440 		.word	1082424289
 1766 1b30 39EE8440 		.word	1082453561
 1767 1b34 4C618540 		.word	1082483020
 1768 1b38 1BD58540 		.word	1082512667
 1769 1b3c AC498640 		.word	1082542508
ARM GAS  /var/folders/lp/x54gwt890xv47sdkqj1k04q40000gn/T//ccuHpxW7.s 			page 32


 1770 1b40 FBBE8640 		.word	1082572539
 1771 1b44 0D358740 		.word	1082602765
 1772 1b48 E5AB8740 		.word	1082633189
 1773 1b4c 81238840 		.word	1082663809
 1774 1b50 E79B8840 		.word	1082694631
 1775 1b54 16158940 		.word	1082725654
 1776 1b58 158F8940 		.word	1082756885
 1777 1b5c DF098A40 		.word	1082788319
 1778 1b60 7B858A40 		.word	1082819963
 1779 1b64 EB018B40 		.word	1082851819
 1780 1b68 2E7F8B40 		.word	1082883886
 1781 1b6c 4AFD8B40 		.word	1082916170
 1782 1b70 3D7C8C40 		.word	1082948669
 1783 1b74 0FFC8C40 		.word	1082981391
 1784 1b78 BD7C8D40 		.word	1083014333
 1785 1b7c 4AFE8D40 		.word	1083047498
 1786 1b80 BB808E40 		.word	1083080891
 1787 1b84 10048F40 		.word	1083114512
 1788 1b88 4F888F40 		.word	1083148367
 1789 1b8c 740D9040 		.word	1083182452
 1790 1b90 88939040 		.word	1083216776
 1791 1b94 891A9140 		.word	1083251337
 1792 1b98 7BA29140 		.word	1083286139
 1793 1b9c 632B9240 		.word	1083321187
 1794 1ba0 3FB59240 		.word	1083356479
 1795 1ba4 16409340 		.word	1083392022
 1796 1ba8 E8CB9340 		.word	1083427816
 1797 1bac B8589440 		.word	1083463864
 1798 1bb0 8AE69440 		.word	1083500170
 1799 1bb4 60759540 		.word	1083536736
 1800 1bb8 3C059640 		.word	1083573564
 1801 1bbc 23969640 		.word	1083610659
 1802 1bc0 15289740 		.word	1083648021
 1803 1bc4 19BB9740 		.word	1083685657
 1804 1bc8 2D4F9840 		.word	1083723565
 1805 1bcc 5AE49840 		.word	1083761754
 1806 1bd0 9E7A9940 		.word	1083800222
 1807 1bd4 FD119A40 		.word	1083838973
 1808 1bd8 7EAA9A40 		.word	1083878014
 1809 1bdc 20449B40 		.word	1083917344
 1810 1be0 E8DE9B40 		.word	1083956968
 1811 1be4 D97A9C40 		.word	1083996889
 1812 1be8 F6179D40 		.word	1084037110
 1813 1bec 46B69D40 		.word	1084077638
 1814 1bf0 C7559E40 		.word	1084118471
 1815 1bf4 7FF69E40 		.word	1084159615
 1816 1bf8 72989F40 		.word	1084201074
 1817 1bfc A33BA040 		.word	1084242851
 1818 1c00 18E0A040 		.word	1084284952
 1819 1c04 D185A140 		.word	1084327377
 1820 1c08 D62CA240 		.word	1084370134
 1821 1c0c 26D5A240 		.word	1084413222
 1822 1c10 CA7EA340 		.word	1084456650
 1823 1c14 C129A440 		.word	1084500417
 1824 1c18 13D6A440 		.word	1084544531
 1825 1c1c C583A540 		.word	1084588997
 1826 1c20 D732A640 		.word	1084633815
ARM GAS  /var/folders/lp/x54gwt890xv47sdkqj1k04q40000gn/T//ccuHpxW7.s 			page 33


 1827 1c24 50E3A640 		.word	1084678992
 1828 1c28 3395A740 		.word	1084724531
 1829 1c2c 8648A840 		.word	1084770438
 1830 1c30 4EFDA840 		.word	1084816718
 1831 1c34 8DB3A940 		.word	1084863373
 1832 1c38 486BAA40 		.word	1084910408
 1833 1c3c 8724AB40 		.word	1084957831
 1834 1c40 4CDFAB40 		.word	1085005644
 1835 1c44 9D9BAC40 		.word	1085053853
 1836 1c48 7D59AD40 		.word	1085102461
 1837 1c4c F418AE40 		.word	1085151476
 1838 1c50 06DAAE40 		.word	1085200902
 1839 1c54 B99CAF40 		.word	1085250745
 1840 1c58 0F61B040 		.word	1085301007
 1841 1c5c 1127B140 		.word	1085351697
 1842 1c60 C1EEB140 		.word	1085402817
 1843 1c64 2AB8B240 		.word	1085454378
 1844 1c68 4D83B340 		.word	1085506381
 1845 1c6c 3350B440 		.word	1085558835
 1846 1c70 DE1EB540 		.word	1085611742
 1847 1c74 58EFB540 		.word	1085665112
 1848 1c78 A7C1B640 		.word	1085718951
 1849 1c7c CD95B740 		.word	1085773261
 1850 1c80 D56BB840 		.word	1085828053
 1851 1c84 C243B940 		.word	1085883330
 1852 1c88 9B1DBA40 		.word	1085939099
 1853 1c8c 6AF9BA40 		.word	1085995370
 1854 1c90 34D7BB40 		.word	1086052148
 1855 1c94 FEB6BC40 		.word	1086109438
 1856 1c98 D098BD40 		.word	1086167248
 1857 1c9c B57CBE40 		.word	1086225589
 1858 1ca0 AE62BF40 		.word	1086284462
 1859 1ca4 C74AC040 		.word	1086343879
 1860 1ca8 0735C140 		.word	1086403847
 1861 1cac 7321C240 		.word	1086464371
 1862 1cb0 1710C340 		.word	1086525463
 1863 1cb4 F700C440 		.word	1086587127
 1864 1cb8 1FF4C440 		.word	1086649375
 1865 1cbc 94E9C540 		.word	1086712212
 1866 1cc0 61E1C640 		.word	1086775649
 1867 1cc4 8CDBC740 		.word	1086839692
 1868 1cc8 21D8C840 		.word	1086904353
 1869 1ccc 28D7C940 		.word	1086969640
 1870 1cd0 A7D8CA40 		.word	1087035559
 1871 1cd4 ADDCCB40 		.word	1087102125
 1872 1cd8 41E3CC40 		.word	1087169345
 1873 1cdc 6AECCD40 		.word	1087237226
 1874 1ce0 36F8CE40 		.word	1087305782
 1875 1ce4 AD06D040 		.word	1087375021
 1876 1ce8 DB17D140 		.word	1087444955
 1877 1cec C92BD240 		.word	1087515593
 1878 1cf0 8142D340 		.word	1087586945
 1879 1cf4 125CD440 		.word	1087659026
 1880 1cf8 8178D540 		.word	1087731841
 1881 1cfc DF97D640 		.word	1087805407
 1882 1d00 36BAD740 		.word	1087879734
 1883 1d04 91DFD840 		.word	1087954833
ARM GAS  /var/folders/lp/x54gwt890xv47sdkqj1k04q40000gn/T//ccuHpxW7.s 			page 34


 1884 1d08 FD07DA40 		.word	1088030717
 1885 1d0c 8533DB40 		.word	1088107397
 1886 1d10 3962DC40 		.word	1088184889
 1887 1d14 2394DD40 		.word	1088263203
 1888 1d18 52C9DE40 		.word	1088342354
 1889 1d1c D201E040 		.word	1088422354
 1890 1d20 B23DE140 		.word	1088503218
 1891 1d24 007DE240 		.word	1088584960
 1892 1d28 CBBFE340 		.word	1088667595
 1893 1d2c 1F06E540 		.word	1088751135
 1894 1d30 0F50E640 		.word	1088835599
 1895 1d34 A89DE740 		.word	1088921000
 1896 1d38 FAEEE840 		.word	1089007354
 1897 1d3c 1844EA40 		.word	1089094680
 1898 1d40 0F9DEB40 		.word	1089182991
 1899 1d44 F0F9EC40 		.word	1089272304
 1900 1d48 CD5AEE40 		.word	1089362637
 1901 1d4c BABFEF40 		.word	1089454010
 1902 1d50 C628F140 		.word	1089546438
 1903 1d54 0596F240 		.word	1089639941
 1904 1d58 8907F440 		.word	1089734537
 1905 1d5c 677DF540 		.word	1089830247
 1906 1d60 B4F7F640 		.word	1089927092
 1907 1d64 7F76F840 		.word	1090025087
 1908 1d68 E1F9F940 		.word	1090124257
 1909 1d6c EF81FB40 		.word	1090224623
 1910 1d70 BF0EFD40 		.word	1090326207
 1911 1d74 66A0FE40 		.word	1090429030
 1912 1d78 7E1B0041 		.word	1090526078
 1913 1d7c 4CE90041 		.word	1090578764
 1914 1d80 A9B90141 		.word	1090632105
 1915 1d84 A28C0241 		.word	1090686114
 1916 1d88 43620341 		.word	1090740803
 1917 1d8c 993A0441 		.word	1090796185
 1918 1d90 B2150541 		.word	1090852274
 1919 1d94 9BF30541 		.word	1090909083
 1920 1d98 63D40641 		.word	1090966627
 1921 1d9c 17B80741 		.word	1091024919
 1922 1da0 C79E0841 		.word	1091083975
 1923 1da4 81880941 		.word	1091143809
 1924 1da8 56750A41 		.word	1091204438
 1925 1dac 54650B41 		.word	1091265876
 1926 1db0 8D580C41 		.word	1091328141
 1927 1db4 124F0D41 		.word	1091391250
 1928 1db8 F3480E41 		.word	1091455219
 1929 1dbc 43460F41 		.word	1091520067
 1930 1dc0 15471041 		.word	1091585813
 1931 1dc4 7A4B1141 		.word	1091652474
 1932 1dc8 86531241 		.word	1091720070
 1933 1dcc 4C5F1341 		.word	1091788620
 1934 1dd0 E36E1441 		.word	1091858147
 1935 1dd4 5E821541 		.word	1091928670
 1936 1dd8 D3991641 		.word	1092000211
 1937 1ddc 59B51741 		.word	1092072793
 1938 1de0 05D51841 		.word	1092146437
 1939 1de4 F1F81941 		.word	1092221169
 1940 1de8 35211B41 		.word	1092297013
ARM GAS  /var/folders/lp/x54gwt890xv47sdkqj1k04q40000gn/T//ccuHpxW7.s 			page 35


 1941 1dec E94D1C41 		.word	1092373993
 1942 1df0 277F1D41 		.word	1092452135
 1943 1df4 0AB51E41 		.word	1092531466
 1944 1df8 ADEF1F41 		.word	1092612013
 1945 1dfc 2D2F2141 		.word	1092693805
 1946 1e00 A8732241 		.word	1092776872
 1947 1e04 39BD2341 		.word	1092861241
 1948 1e08 020C2541 		.word	1092946946
 1949 1e0c 22602641 		.word	1093034018
 1950 1e10 BAB92741 		.word	1093122490
 1951 1e14 EC182941 		.word	1093212396
 1952 1e18 DB7D2A41 		.word	1093303771
 1953 1e1c ACE82B41 		.word	1093396652
 1954 1e20 86592D41 		.word	1093491078
 1955 1e24 8CD02E41 		.word	1093587084
 1956 1e28 EA4D3041 		.word	1093684714
 1957 1e2c C9D13141 		.word	1093784009
 1958 1e30 535C3341 		.word	1093885011
 1959 1e34 B4ED3441 		.word	1093987764
 1960 1e38 1B863641 		.word	1094092315
 1961 1e3c B9253841 		.word	1094198713
 1962 1e40 BDCC3941 		.word	1094307005
 1963 1e44 5C7B3B41 		.word	1094417244
 1964 1e48 CA313D41 		.word	1094529482
 1965 1e4c 3FF03E41 		.word	1094643775
 1966 1e50 F4B64041 		.word	1094760180
 1967 1e54 23864241 		.word	1094878755
 1968 1e58 0A5E4441 		.word	1094999562
 1969 1e5c E93E4641 		.word	1095122665
 1970 1e60 03294841 		.word	1095248131
 1971 1e64 9C1C4A41 		.word	1095376028
 1972 1e68 FB194C41 		.word	1095506427
 1973 1e6c 6B214E41 		.word	1095639403
 1974 1e70 39335041 		.word	1095775033
 1975 1e74 B64F5241 		.word	1095913398
 1976 1e78 35775441 		.word	1096054581
 1977 1e7c 0EAA5641 		.word	1096198670
 1978 1e80 9BE85841 		.word	1096345755
 1979 1e84 3B335B41 		.word	1096495931
 1980 1e88 4F8A5D41 		.word	1096649295
 1981 1e8c 41EE5F41 		.word	1096805953
 1982 1e90 7A5F6241 		.word	1096966010
 1983 1e94 6CDE6441 		.word	1097129580
 1984 1e98 8A6B6741 		.word	1097296778
 1985 1e9c 50076A41 		.word	1097467728
 1986 1ea0 3DB26C41 		.word	1097642557
 1987 1ea4 D66C6F41 		.word	1097821398
 1988 1ea8 A9377241 		.word	1098004393
 1989 1eac 47137541 		.word	1098191687
 1990 1eb0 49007841 		.word	1098383433
 1991 1eb4 53FF7A41 		.word	1098579795
 1992 1eb8 0B117E41 		.word	1098780939
 1993 1ebc 129B8041 		.word	1098947346
 1994 1ec0 AA378241 		.word	1099052970
 1995 1ec4 B2DE8341 		.word	1099161266
 1996 1ec8 8F908541 		.word	1099272335
 1997 1ecc AD4D8741 		.word	1099386285
ARM GAS  /var/folders/lp/x54gwt890xv47sdkqj1k04q40000gn/T//ccuHpxW7.s 			page 36


 1998 1ed0 7F168941 		.word	1099503231
 1999 1ed4 7BEB8A41 		.word	1099623291
 2000 1ed8 21CD8C41 		.word	1099746593
 2001 1edc F6BB8E41 		.word	1099873270
 2002 1ee0 85B89041 		.word	1100003461
 2003 1ee4 64C39241 		.word	1100137316
 2004 1ee8 30DD9441 		.word	1100274992
 2005 1eec 8E069741 		.word	1100416654
 2006 1ef0 30409941 		.word	1100562480
 2007 1ef4 CE8A9B41 		.word	1100712654
 2008 1ef8 2FE79D41 		.word	1100867375
 2009 1efc 2556A041 		.word	1101026853
 2010 1f00 8ED8A241 		.word	1101191310
 2011 1f04 576FA541 		.word	1101360983
 2012 1f08 7E1BA841 		.word	1101536126
 2013 1f0c 0FDEAA41 		.word	1101717007
 2014 1f10 29B8AD41 		.word	1101903913
 2015 1f14 FEAAB041 		.word	1102097150
 2016 1f18 D6B7B341 		.word	1102297046
 2017 1f1c 10E0B641 		.word	1102503952
 2018 1f20 2225BA41 		.word	1102718242
 2019 1f24 A088BD41 		.word	1102940320
 2020 1f28 390CC141 		.word	1103170617
 2021 1f2c C1B1C441 		.word	1103409601
 2022 1f30 2C7BC841 		.word	1103657772
 2023 1f34 956ACC41 		.word	1103915669
 2024 1f38 4582D041 		.word	1104183877
 2025 1f3c B3C4D441 		.word	1104463027
 2026 1f40 8B34D941 		.word	1104753803
 2027 1f44 B3D4DD41 		.word	1105056947
 2028 1f48 52A8E241 		.word	1105373266
 2029 1f4c D5B2E741 		.word	1105703637
 2030 1f50 FBF7EC41 		.word	1106049019
 2031 1f54 DC7BF241 		.word	1106410460
 2032 1f58 F342F841 		.word	1106789107
 2033 1f5c 2952FE41 		.word	1107186217
 2034 1f60 75570242 		.word	1107449717
 2035 1f64 95AF0542 		.word	1107668885
 2036 1f68 C1340942 		.word	1107899585
 2037 1f6c A0EA0C42 		.word	1108142752
 2038 1f70 41D51042 		.word	1108399425
 2039 1f74 29F91442 		.word	1108670761
 2040 1f78 675B1942 		.word	1108958055
 2041 1f7c A5011E42 		.word	1109262757
 2042 1f80 43F22242 		.word	1109586499
 2043 1f84 74342842 		.word	1109931124
 2044 1f88 60D02D42 		.word	1110298720
 2045 1f8c 50CF3342 		.word	1110691664
 2046 1f90 E03B3A42 		.word	1111112672
 2047 1f94 3D224142 		.word	1111564861
 2048 1f98 76904842 		.word	1112051830
 2049 1f9c D8965042 		.word	1112577752
 2050 1fa0 6A485942 		.word	1113147498
 2051 1fa4 7EBB6242 		.word	1113766782
 2052 1fa8 790A6D42 		.word	1114442361
 2053 1fac C6547842 		.word	1115182278
 2054 1fb0 0B608242 		.word	1115840523
ARM GAS  /var/folders/lp/x54gwt890xv47sdkqj1k04q40000gn/T//ccuHpxW7.s 			page 37


 2055 1fb4 073D8942 		.word	1116290311
 2056 1fb8 3ADD9042 		.word	1116790074
 2057 1fbc 18639942 		.word	1117348632
 2058 1fc0 B1F9A242 		.word	1117977009
 2059 1fc4 92D7AD42 		.word	1118689170
 2060 1fc8 DE42BA42 		.word	1119503070
 2061 1fcc 4C97C842 		.word	1120442188
 2062 1fd0 294FD942 		.word	1121537833
 2063 1fd4 3711ED42 		.word	1122832695
 2064 1fd8 79630243 		.word	1124230009
 2065 1fdc CDE01043 		.word	1125179597
 2066 1fe0 8DFD2243 		.word	1126366605
 2067 1fe4 3B473A43 		.word	1127892795
 2068 1fe8 68545943 		.word	1129927784
 2069 1fec E5668243 		.word	1132619493
 2070 1ff0 8602A343 		.word	1134756486
 2071 1ff4 D85CD943 		.word	1138318552
 2072 1ff8 C80B2344 		.word	1143147464
 2073 1ffc 241EA344 		.word	1151540772
 2074 2000 00000000 		.word	0
 2075              		.text
 2076              	.Letext0:
ARM GAS  /var/folders/lp/x54gwt890xv47sdkqj1k04q40000gn/T//ccuHpxW7.s 			page 38


DEFINED SYMBOLS
                            *ABS*:00000000 lut_tan.c
/var/folders/lp/x54gwt890xv47sdkqj1k04q40000gn/T//ccuHpxW7.s:25     .data.tan_lut:00000000 tan_lut
/var/folders/lp/x54gwt890xv47sdkqj1k04q40000gn/T//ccuHpxW7.s:22     .data.tan_lut:00000000 $d

NO UNDEFINED SYMBOLS
