ARM GAS  /var/folders/lp/x54gwt890xv47sdkqj1k04q40000gn/T//ccPpYxJy.s 			page 1


   1              		.cpu cortex-m4
   2              		.arch armv7e-m
   3              		.fpu fpv4-sp-d16
   4              		.eabi_attribute 27, 1
   5              		.eabi_attribute 28, 1
   6              		.eabi_attribute 20, 1
   7              		.eabi_attribute 21, 1
   8              		.eabi_attribute 23, 3
   9              		.eabi_attribute 24, 1
  10              		.eabi_attribute 25, 1
  11              		.eabi_attribute 26, 1
  12              		.eabi_attribute 30, 1
  13              		.eabi_attribute 34, 1
  14              		.eabi_attribute 18, 4
  15              		.file	"lv_draw_sw_layer.c"
  16              		.text
  17              	.Ltext0:
  18              		.cfi_sections	.debug_frame
  19              		.file 1 "Drivers/lvgl/src/draw/sw/lv_draw_sw_layer.c"
  20              		.section	.text.lv_draw_sw_layer_create,"ax",%progbits
  21              		.align	1
  22              		.global	lv_draw_sw_layer_create
  23              		.syntax unified
  24              		.thumb
  25              		.thumb_func
  27              	lv_draw_sw_layer_create:
  28              	.LVL0:
  29              	.LFB161:
   1:Drivers/lvgl/src/draw/sw/lv_draw_sw_layer.c **** /**
   2:Drivers/lvgl/src/draw/sw/lv_draw_sw_layer.c ****  * @file lv_draw_sw_layer.h
   3:Drivers/lvgl/src/draw/sw/lv_draw_sw_layer.c ****  *
   4:Drivers/lvgl/src/draw/sw/lv_draw_sw_layer.c ****  */
   5:Drivers/lvgl/src/draw/sw/lv_draw_sw_layer.c **** 
   6:Drivers/lvgl/src/draw/sw/lv_draw_sw_layer.c **** /*********************
   7:Drivers/lvgl/src/draw/sw/lv_draw_sw_layer.c ****  *      INCLUDES
   8:Drivers/lvgl/src/draw/sw/lv_draw_sw_layer.c ****  *********************/
   9:Drivers/lvgl/src/draw/sw/lv_draw_sw_layer.c **** #include "lv_draw_sw.h"
  10:Drivers/lvgl/src/draw/sw/lv_draw_sw_layer.c **** #include "../../hal/lv_hal_disp.h"
  11:Drivers/lvgl/src/draw/sw/lv_draw_sw_layer.c **** #include "../../misc/lv_area.h"
  12:Drivers/lvgl/src/draw/sw/lv_draw_sw_layer.c **** #include "../../core/lv_refr.h"
  13:Drivers/lvgl/src/draw/sw/lv_draw_sw_layer.c **** 
  14:Drivers/lvgl/src/draw/sw/lv_draw_sw_layer.c **** /*********************
  15:Drivers/lvgl/src/draw/sw/lv_draw_sw_layer.c ****  *      DEFINES
  16:Drivers/lvgl/src/draw/sw/lv_draw_sw_layer.c ****  *********************/
  17:Drivers/lvgl/src/draw/sw/lv_draw_sw_layer.c **** 
  18:Drivers/lvgl/src/draw/sw/lv_draw_sw_layer.c **** /**********************
  19:Drivers/lvgl/src/draw/sw/lv_draw_sw_layer.c ****  *      TYPEDEFS
  20:Drivers/lvgl/src/draw/sw/lv_draw_sw_layer.c ****  **********************/
  21:Drivers/lvgl/src/draw/sw/lv_draw_sw_layer.c **** 
  22:Drivers/lvgl/src/draw/sw/lv_draw_sw_layer.c **** /**********************
  23:Drivers/lvgl/src/draw/sw/lv_draw_sw_layer.c ****  *  STATIC PROTOTYPES
  24:Drivers/lvgl/src/draw/sw/lv_draw_sw_layer.c ****  **********************/
  25:Drivers/lvgl/src/draw/sw/lv_draw_sw_layer.c **** 
  26:Drivers/lvgl/src/draw/sw/lv_draw_sw_layer.c **** /**********************
  27:Drivers/lvgl/src/draw/sw/lv_draw_sw_layer.c ****  *  STATIC VARIABLES
  28:Drivers/lvgl/src/draw/sw/lv_draw_sw_layer.c ****  **********************/
  29:Drivers/lvgl/src/draw/sw/lv_draw_sw_layer.c **** 
ARM GAS  /var/folders/lp/x54gwt890xv47sdkqj1k04q40000gn/T//ccPpYxJy.s 			page 2


  30:Drivers/lvgl/src/draw/sw/lv_draw_sw_layer.c **** /**********************
  31:Drivers/lvgl/src/draw/sw/lv_draw_sw_layer.c ****  *  GLOBAL VARIABLES
  32:Drivers/lvgl/src/draw/sw/lv_draw_sw_layer.c ****  **********************/
  33:Drivers/lvgl/src/draw/sw/lv_draw_sw_layer.c **** 
  34:Drivers/lvgl/src/draw/sw/lv_draw_sw_layer.c **** /**********************
  35:Drivers/lvgl/src/draw/sw/lv_draw_sw_layer.c ****  *      MACROS
  36:Drivers/lvgl/src/draw/sw/lv_draw_sw_layer.c ****  **********************/
  37:Drivers/lvgl/src/draw/sw/lv_draw_sw_layer.c **** 
  38:Drivers/lvgl/src/draw/sw/lv_draw_sw_layer.c **** /**********************
  39:Drivers/lvgl/src/draw/sw/lv_draw_sw_layer.c ****  *   GLOBAL FUNCTIONS
  40:Drivers/lvgl/src/draw/sw/lv_draw_sw_layer.c ****  **********************/
  41:Drivers/lvgl/src/draw/sw/lv_draw_sw_layer.c **** 
  42:Drivers/lvgl/src/draw/sw/lv_draw_sw_layer.c **** 
  43:Drivers/lvgl/src/draw/sw/lv_draw_sw_layer.c **** struct _lv_draw_layer_ctx_t * lv_draw_sw_layer_create(struct _lv_draw_ctx_t * draw_ctx, lv_draw_lay
  44:Drivers/lvgl/src/draw/sw/lv_draw_sw_layer.c ****                                                       lv_draw_layer_flags_t flags)
  45:Drivers/lvgl/src/draw/sw/lv_draw_sw_layer.c **** {
  30              		.loc 1 45 1 view -0
  31              		.cfi_startproc
  32              		@ args = 0, pretend = 0, frame = 0
  33              		@ frame_needed = 0, uses_anonymous_args = 0
  46:Drivers/lvgl/src/draw/sw/lv_draw_sw_layer.c ****     if(LV_COLOR_SCREEN_TRANSP == 0 && (flags & LV_DRAW_LAYER_FLAG_HAS_ALPHA)) {
  34              		.loc 1 46 5 view .LVU1
  35              		.loc 1 46 7 is_stmt 0 view .LVU2
  36 0000 12F0010F 		tst	r2, #1
  37 0004 7CD1     		bne	.L6
  45:Drivers/lvgl/src/draw/sw/lv_draw_sw_layer.c ****     if(LV_COLOR_SCREEN_TRANSP == 0 && (flags & LV_DRAW_LAYER_FLAG_HAS_ALPHA)) {
  38              		.loc 1 45 1 view .LVU3
  39 0006 70B5     		push	{r4, r5, r6, lr}
  40              		.cfi_def_cfa_offset 16
  41              		.cfi_offset 4, -16
  42              		.cfi_offset 5, -12
  43              		.cfi_offset 6, -8
  44              		.cfi_offset 14, -4
  45 0008 0646     		mov	r6, r0
  46 000a 0C46     		mov	r4, r1
  47 000c 1546     		mov	r5, r2
  47:Drivers/lvgl/src/draw/sw/lv_draw_sw_layer.c ****         LV_LOG_WARN("Rendering this widget needs LV_COLOR_SCREEN_TRANSP 1");
  48:Drivers/lvgl/src/draw/sw/lv_draw_sw_layer.c ****         return NULL;
  49:Drivers/lvgl/src/draw/sw/lv_draw_sw_layer.c ****     }
  50:Drivers/lvgl/src/draw/sw/lv_draw_sw_layer.c **** 
  51:Drivers/lvgl/src/draw/sw/lv_draw_sw_layer.c ****     lv_draw_sw_layer_ctx_t * layer_sw_ctx = (lv_draw_sw_layer_ctx_t *) layer_ctx;
  48              		.loc 1 51 5 is_stmt 1 view .LVU4
  49              	.LVL1:
  52:Drivers/lvgl/src/draw/sw/lv_draw_sw_layer.c ****     uint32_t px_size = flags & LV_DRAW_LAYER_FLAG_HAS_ALPHA ? LV_IMG_PX_SIZE_ALPHA_BYTE : sizeof(lv
  50              		.loc 1 52 5 view .LVU5
  53:Drivers/lvgl/src/draw/sw/lv_draw_sw_layer.c ****     if(flags & LV_DRAW_LAYER_FLAG_CAN_SUBDIVIDE) {
  51              		.loc 1 53 5 view .LVU6
  52              		.loc 1 53 7 is_stmt 0 view .LVU7
  53 000e 12F0020F 		tst	r2, #2
  54 0012 44D0     		beq	.L3
  55              	.LBB10:
  54:Drivers/lvgl/src/draw/sw/lv_draw_sw_layer.c ****         layer_sw_ctx->buf_size_bytes = LV_LAYER_SIMPLE_BUF_SIZE;
  56              		.loc 1 54 9 is_stmt 1 view .LVU8
  57              		.loc 1 54 38 is_stmt 0 view .LVU9
  58 0014 8B6A     		ldr	r3, [r1, #40]
  59 0016 4FF4C042 		mov	r2, #24576
  60              	.LVL2:
ARM GAS  /var/folders/lp/x54gwt890xv47sdkqj1k04q40000gn/T//ccPpYxJy.s 			page 3


  61              		.loc 1 54 38 view .LVU10
  62 001a 62F31E03 		bfi	r3, r2, #0, #31
  63 001e 8B62     		str	r3, [r1, #40]
  55:Drivers/lvgl/src/draw/sw/lv_draw_sw_layer.c ****         uint32_t full_size = lv_area_get_size(&layer_sw_ctx->base_draw.area_full) * px_size;
  64              		.loc 1 55 9 is_stmt 1 view .LVU11
  65              		.loc 1 55 30 is_stmt 0 view .LVU12
  66 0020 0846     		mov	r0, r1
  67              	.LVL3:
  68              		.loc 1 55 30 view .LVU13
  69 0022 FFF7FEFF 		bl	lv_area_get_size
  70              	.LVL4:
  71              		.loc 1 55 18 discriminator 1 view .LVU14
  72 0026 4200     		lsls	r2, r0, #1
  73              	.LVL5:
  56:Drivers/lvgl/src/draw/sw/lv_draw_sw_layer.c ****         if(layer_sw_ctx->buf_size_bytes > full_size) layer_sw_ctx->buf_size_bytes = full_size;
  74              		.loc 1 56 9 is_stmt 1 view .LVU15
  75              		.loc 1 56 24 is_stmt 0 view .LVU16
  76 0028 A36A     		ldr	r3, [r4, #40]
  77 002a C3F31E03 		ubfx	r3, r3, #0, #31
  78              		.loc 1 56 11 view .LVU17
  79 002e B3EB400F 		cmp	r3, r0, lsl #1
  80 0032 03D9     		bls	.L4
  81              		.loc 1 56 54 is_stmt 1 discriminator 1 view .LVU18
  82              		.loc 1 56 83 is_stmt 0 discriminator 1 view .LVU19
  83 0034 A36A     		ldr	r3, [r4, #40]
  84 0036 62F31E03 		bfi	r3, r2, #0, #31
  85 003a A362     		str	r3, [r4, #40]
  86              	.L4:
  57:Drivers/lvgl/src/draw/sw/lv_draw_sw_layer.c ****         layer_sw_ctx->base_draw.buf = lv_mem_alloc(layer_sw_ctx->buf_size_bytes);
  87              		.loc 1 57 9 is_stmt 1 view .LVU20
  88              		.loc 1 57 64 is_stmt 0 view .LVU21
  89 003c A06A     		ldr	r0, [r4, #40]
  90              		.loc 1 57 39 view .LVU22
  91 003e 20F00040 		bic	r0, r0, #-2147483648
  92 0042 FFF7FEFF 		bl	lv_mem_alloc
  93              	.LVL6:
  94              		.loc 1 57 37 discriminator 1 view .LVU23
  95 0046 6061     		str	r0, [r4, #20]
  58:Drivers/lvgl/src/draw/sw/lv_draw_sw_layer.c ****         if(layer_sw_ctx->base_draw.buf == NULL) {
  96              		.loc 1 58 9 is_stmt 1 view .LVU24
  97              		.loc 1 58 11 is_stmt 0 view .LVU25
  98 0048 E8B1     		cbz	r0, .L11
  99              	.L5:
  59:Drivers/lvgl/src/draw/sw/lv_draw_sw_layer.c ****             LV_LOG_WARN("Cannot allocate %"LV_PRIu32" bytes for layer buffer. Allocating %"LV_PRIu3
  60:Drivers/lvgl/src/draw/sw/lv_draw_sw_layer.c ****                         (uint32_t)layer_sw_ctx->buf_size_bytes, (uint32_t)LV_LAYER_SIMPLE_FALLBACK_
  61:Drivers/lvgl/src/draw/sw/lv_draw_sw_layer.c ****             layer_sw_ctx->buf_size_bytes = LV_LAYER_SIMPLE_FALLBACK_BUF_SIZE;
  62:Drivers/lvgl/src/draw/sw/lv_draw_sw_layer.c ****             layer_sw_ctx->base_draw.buf = lv_mem_alloc(layer_sw_ctx->buf_size_bytes);
  63:Drivers/lvgl/src/draw/sw/lv_draw_sw_layer.c ****             if(layer_sw_ctx->base_draw.buf == NULL) {
  64:Drivers/lvgl/src/draw/sw/lv_draw_sw_layer.c ****                 return NULL;
  65:Drivers/lvgl/src/draw/sw/lv_draw_sw_layer.c ****             }
  66:Drivers/lvgl/src/draw/sw/lv_draw_sw_layer.c ****         }
  67:Drivers/lvgl/src/draw/sw/lv_draw_sw_layer.c ****         layer_sw_ctx->base_draw.area_act = layer_sw_ctx->base_draw.area_full;
 100              		.loc 1 67 9 is_stmt 1 view .LVU26
 101              		.loc 1 67 42 is_stmt 0 view .LVU27
 102 004a 04F10803 		add	r3, r4, #8
 103 004e 94E80300 		ldm	r4, {r0, r1}
 104 0052 83E80300 		stm	r3, {r0, r1}
ARM GAS  /var/folders/lp/x54gwt890xv47sdkqj1k04q40000gn/T//ccPpYxJy.s 			page 4


  68:Drivers/lvgl/src/draw/sw/lv_draw_sw_layer.c ****         layer_sw_ctx->base_draw.area_act.y2 = layer_sw_ctx->base_draw.area_full.y1;
 105              		.loc 1 68 9 is_stmt 1 view .LVU28
 106              		.loc 1 68 80 is_stmt 0 view .LVU29
 107 0056 B4F90230 		ldrsh	r3, [r4, #2]
 108              		.loc 1 68 45 view .LVU30
 109 005a E381     		strh	r3, [r4, #14]	@ movhi
  69:Drivers/lvgl/src/draw/sw/lv_draw_sw_layer.c ****         lv_coord_t w = lv_area_get_width(&layer_sw_ctx->base_draw.area_act);
 110              		.loc 1 69 9 is_stmt 1 view .LVU31
 111              	.LVL7:
 112              	.LBB11:
 113              	.LBI11:
 114              		.file 2 "Drivers/lvgl/src/draw/sw/../../misc/lv_area.h"
   1:Drivers/lvgl/src/draw/sw/../../misc/lv_area.h **** /**
   2:Drivers/lvgl/src/draw/sw/../../misc/lv_area.h ****  * @file lv_area.h
   3:Drivers/lvgl/src/draw/sw/../../misc/lv_area.h ****  *
   4:Drivers/lvgl/src/draw/sw/../../misc/lv_area.h ****  */
   5:Drivers/lvgl/src/draw/sw/../../misc/lv_area.h **** 
   6:Drivers/lvgl/src/draw/sw/../../misc/lv_area.h **** #ifndef LV_AREA_H
   7:Drivers/lvgl/src/draw/sw/../../misc/lv_area.h **** #define LV_AREA_H
   8:Drivers/lvgl/src/draw/sw/../../misc/lv_area.h **** 
   9:Drivers/lvgl/src/draw/sw/../../misc/lv_area.h **** #ifdef __cplusplus
  10:Drivers/lvgl/src/draw/sw/../../misc/lv_area.h **** extern "C" {
  11:Drivers/lvgl/src/draw/sw/../../misc/lv_area.h **** #endif
  12:Drivers/lvgl/src/draw/sw/../../misc/lv_area.h **** 
  13:Drivers/lvgl/src/draw/sw/../../misc/lv_area.h **** /*********************
  14:Drivers/lvgl/src/draw/sw/../../misc/lv_area.h ****  *      INCLUDES
  15:Drivers/lvgl/src/draw/sw/../../misc/lv_area.h ****  *********************/
  16:Drivers/lvgl/src/draw/sw/../../misc/lv_area.h **** #include "../lv_conf_internal.h"
  17:Drivers/lvgl/src/draw/sw/../../misc/lv_area.h **** #include <stdbool.h>
  18:Drivers/lvgl/src/draw/sw/../../misc/lv_area.h **** #include <stdint.h>
  19:Drivers/lvgl/src/draw/sw/../../misc/lv_area.h **** 
  20:Drivers/lvgl/src/draw/sw/../../misc/lv_area.h **** /*********************
  21:Drivers/lvgl/src/draw/sw/../../misc/lv_area.h ****  *      DEFINES
  22:Drivers/lvgl/src/draw/sw/../../misc/lv_area.h ****  *********************/
  23:Drivers/lvgl/src/draw/sw/../../misc/lv_area.h **** 
  24:Drivers/lvgl/src/draw/sw/../../misc/lv_area.h **** #if LV_USE_LARGE_COORD
  25:Drivers/lvgl/src/draw/sw/../../misc/lv_area.h **** typedef int32_t lv_coord_t;
  26:Drivers/lvgl/src/draw/sw/../../misc/lv_area.h **** #else
  27:Drivers/lvgl/src/draw/sw/../../misc/lv_area.h **** typedef int16_t lv_coord_t;
  28:Drivers/lvgl/src/draw/sw/../../misc/lv_area.h **** #endif
  29:Drivers/lvgl/src/draw/sw/../../misc/lv_area.h **** 
  30:Drivers/lvgl/src/draw/sw/../../misc/lv_area.h **** /**********************
  31:Drivers/lvgl/src/draw/sw/../../misc/lv_area.h ****  *      TYPEDEFS
  32:Drivers/lvgl/src/draw/sw/../../misc/lv_area.h ****  **********************/
  33:Drivers/lvgl/src/draw/sw/../../misc/lv_area.h **** 
  34:Drivers/lvgl/src/draw/sw/../../misc/lv_area.h **** /**
  35:Drivers/lvgl/src/draw/sw/../../misc/lv_area.h ****  * Represents a point on the screen.
  36:Drivers/lvgl/src/draw/sw/../../misc/lv_area.h ****  */
  37:Drivers/lvgl/src/draw/sw/../../misc/lv_area.h **** typedef struct {
  38:Drivers/lvgl/src/draw/sw/../../misc/lv_area.h ****     lv_coord_t x;
  39:Drivers/lvgl/src/draw/sw/../../misc/lv_area.h ****     lv_coord_t y;
  40:Drivers/lvgl/src/draw/sw/../../misc/lv_area.h **** } lv_point_t;
  41:Drivers/lvgl/src/draw/sw/../../misc/lv_area.h **** 
  42:Drivers/lvgl/src/draw/sw/../../misc/lv_area.h **** /** Represents an area of the screen.*/
  43:Drivers/lvgl/src/draw/sw/../../misc/lv_area.h **** typedef struct {
  44:Drivers/lvgl/src/draw/sw/../../misc/lv_area.h ****     lv_coord_t x1;
  45:Drivers/lvgl/src/draw/sw/../../misc/lv_area.h ****     lv_coord_t y1;
ARM GAS  /var/folders/lp/x54gwt890xv47sdkqj1k04q40000gn/T//ccPpYxJy.s 			page 5


  46:Drivers/lvgl/src/draw/sw/../../misc/lv_area.h ****     lv_coord_t x2;
  47:Drivers/lvgl/src/draw/sw/../../misc/lv_area.h ****     lv_coord_t y2;
  48:Drivers/lvgl/src/draw/sw/../../misc/lv_area.h **** } lv_area_t;
  49:Drivers/lvgl/src/draw/sw/../../misc/lv_area.h **** 
  50:Drivers/lvgl/src/draw/sw/../../misc/lv_area.h **** /** Alignments*/
  51:Drivers/lvgl/src/draw/sw/../../misc/lv_area.h **** enum {
  52:Drivers/lvgl/src/draw/sw/../../misc/lv_area.h ****     LV_ALIGN_DEFAULT = 0,
  53:Drivers/lvgl/src/draw/sw/../../misc/lv_area.h ****     LV_ALIGN_TOP_LEFT,
  54:Drivers/lvgl/src/draw/sw/../../misc/lv_area.h ****     LV_ALIGN_TOP_MID,
  55:Drivers/lvgl/src/draw/sw/../../misc/lv_area.h ****     LV_ALIGN_TOP_RIGHT,
  56:Drivers/lvgl/src/draw/sw/../../misc/lv_area.h ****     LV_ALIGN_BOTTOM_LEFT,
  57:Drivers/lvgl/src/draw/sw/../../misc/lv_area.h ****     LV_ALIGN_BOTTOM_MID,
  58:Drivers/lvgl/src/draw/sw/../../misc/lv_area.h ****     LV_ALIGN_BOTTOM_RIGHT,
  59:Drivers/lvgl/src/draw/sw/../../misc/lv_area.h ****     LV_ALIGN_LEFT_MID,
  60:Drivers/lvgl/src/draw/sw/../../misc/lv_area.h ****     LV_ALIGN_RIGHT_MID,
  61:Drivers/lvgl/src/draw/sw/../../misc/lv_area.h ****     LV_ALIGN_CENTER,
  62:Drivers/lvgl/src/draw/sw/../../misc/lv_area.h **** 
  63:Drivers/lvgl/src/draw/sw/../../misc/lv_area.h ****     LV_ALIGN_OUT_TOP_LEFT,
  64:Drivers/lvgl/src/draw/sw/../../misc/lv_area.h ****     LV_ALIGN_OUT_TOP_MID,
  65:Drivers/lvgl/src/draw/sw/../../misc/lv_area.h ****     LV_ALIGN_OUT_TOP_RIGHT,
  66:Drivers/lvgl/src/draw/sw/../../misc/lv_area.h ****     LV_ALIGN_OUT_BOTTOM_LEFT,
  67:Drivers/lvgl/src/draw/sw/../../misc/lv_area.h ****     LV_ALIGN_OUT_BOTTOM_MID,
  68:Drivers/lvgl/src/draw/sw/../../misc/lv_area.h ****     LV_ALIGN_OUT_BOTTOM_RIGHT,
  69:Drivers/lvgl/src/draw/sw/../../misc/lv_area.h ****     LV_ALIGN_OUT_LEFT_TOP,
  70:Drivers/lvgl/src/draw/sw/../../misc/lv_area.h ****     LV_ALIGN_OUT_LEFT_MID,
  71:Drivers/lvgl/src/draw/sw/../../misc/lv_area.h ****     LV_ALIGN_OUT_LEFT_BOTTOM,
  72:Drivers/lvgl/src/draw/sw/../../misc/lv_area.h ****     LV_ALIGN_OUT_RIGHT_TOP,
  73:Drivers/lvgl/src/draw/sw/../../misc/lv_area.h ****     LV_ALIGN_OUT_RIGHT_MID,
  74:Drivers/lvgl/src/draw/sw/../../misc/lv_area.h ****     LV_ALIGN_OUT_RIGHT_BOTTOM,
  75:Drivers/lvgl/src/draw/sw/../../misc/lv_area.h **** };
  76:Drivers/lvgl/src/draw/sw/../../misc/lv_area.h **** typedef uint8_t lv_align_t;
  77:Drivers/lvgl/src/draw/sw/../../misc/lv_area.h **** 
  78:Drivers/lvgl/src/draw/sw/../../misc/lv_area.h **** enum {
  79:Drivers/lvgl/src/draw/sw/../../misc/lv_area.h ****     LV_DIR_NONE     = 0x00,
  80:Drivers/lvgl/src/draw/sw/../../misc/lv_area.h ****     LV_DIR_LEFT     = (1 << 0),
  81:Drivers/lvgl/src/draw/sw/../../misc/lv_area.h ****     LV_DIR_RIGHT    = (1 << 1),
  82:Drivers/lvgl/src/draw/sw/../../misc/lv_area.h ****     LV_DIR_TOP      = (1 << 2),
  83:Drivers/lvgl/src/draw/sw/../../misc/lv_area.h ****     LV_DIR_BOTTOM   = (1 << 3),
  84:Drivers/lvgl/src/draw/sw/../../misc/lv_area.h ****     LV_DIR_HOR      = LV_DIR_LEFT | LV_DIR_RIGHT,
  85:Drivers/lvgl/src/draw/sw/../../misc/lv_area.h ****     LV_DIR_VER      = LV_DIR_TOP | LV_DIR_BOTTOM,
  86:Drivers/lvgl/src/draw/sw/../../misc/lv_area.h ****     LV_DIR_ALL      = LV_DIR_HOR | LV_DIR_VER,
  87:Drivers/lvgl/src/draw/sw/../../misc/lv_area.h **** };
  88:Drivers/lvgl/src/draw/sw/../../misc/lv_area.h **** 
  89:Drivers/lvgl/src/draw/sw/../../misc/lv_area.h **** typedef uint8_t lv_dir_t;
  90:Drivers/lvgl/src/draw/sw/../../misc/lv_area.h **** 
  91:Drivers/lvgl/src/draw/sw/../../misc/lv_area.h **** /**********************
  92:Drivers/lvgl/src/draw/sw/../../misc/lv_area.h ****  * GLOBAL PROTOTYPES
  93:Drivers/lvgl/src/draw/sw/../../misc/lv_area.h ****  **********************/
  94:Drivers/lvgl/src/draw/sw/../../misc/lv_area.h **** 
  95:Drivers/lvgl/src/draw/sw/../../misc/lv_area.h **** /**
  96:Drivers/lvgl/src/draw/sw/../../misc/lv_area.h ****  * Initialize an area
  97:Drivers/lvgl/src/draw/sw/../../misc/lv_area.h ****  * @param area_p pointer to an area
  98:Drivers/lvgl/src/draw/sw/../../misc/lv_area.h ****  * @param x1 left coordinate of the area
  99:Drivers/lvgl/src/draw/sw/../../misc/lv_area.h ****  * @param y1 top coordinate of the area
 100:Drivers/lvgl/src/draw/sw/../../misc/lv_area.h ****  * @param x2 right coordinate of the area
 101:Drivers/lvgl/src/draw/sw/../../misc/lv_area.h ****  * @param y2 bottom coordinate of the area
 102:Drivers/lvgl/src/draw/sw/../../misc/lv_area.h ****  */
ARM GAS  /var/folders/lp/x54gwt890xv47sdkqj1k04q40000gn/T//ccPpYxJy.s 			page 6


 103:Drivers/lvgl/src/draw/sw/../../misc/lv_area.h **** void lv_area_set(lv_area_t * area_p, lv_coord_t x1, lv_coord_t y1, lv_coord_t x2, lv_coord_t y2);
 104:Drivers/lvgl/src/draw/sw/../../misc/lv_area.h **** 
 105:Drivers/lvgl/src/draw/sw/../../misc/lv_area.h **** /**
 106:Drivers/lvgl/src/draw/sw/../../misc/lv_area.h ****  * Copy an area
 107:Drivers/lvgl/src/draw/sw/../../misc/lv_area.h ****  * @param dest pointer to the destination area
 108:Drivers/lvgl/src/draw/sw/../../misc/lv_area.h ****  * @param src pointer to the source area
 109:Drivers/lvgl/src/draw/sw/../../misc/lv_area.h ****  */
 110:Drivers/lvgl/src/draw/sw/../../misc/lv_area.h **** inline static void lv_area_copy(lv_area_t * dest, const lv_area_t * src)
 111:Drivers/lvgl/src/draw/sw/../../misc/lv_area.h **** {
 112:Drivers/lvgl/src/draw/sw/../../misc/lv_area.h ****     dest->x1 = src->x1;
 113:Drivers/lvgl/src/draw/sw/../../misc/lv_area.h ****     dest->y1 = src->y1;
 114:Drivers/lvgl/src/draw/sw/../../misc/lv_area.h ****     dest->x2 = src->x2;
 115:Drivers/lvgl/src/draw/sw/../../misc/lv_area.h ****     dest->y2 = src->y2;
 116:Drivers/lvgl/src/draw/sw/../../misc/lv_area.h **** }
 117:Drivers/lvgl/src/draw/sw/../../misc/lv_area.h **** 
 118:Drivers/lvgl/src/draw/sw/../../misc/lv_area.h **** /**
 119:Drivers/lvgl/src/draw/sw/../../misc/lv_area.h ****  * Get the width of an area
 120:Drivers/lvgl/src/draw/sw/../../misc/lv_area.h ****  * @param area_p pointer to an area
 121:Drivers/lvgl/src/draw/sw/../../misc/lv_area.h ****  * @return the width of the area (if x1 == x2 -> width = 1)
 122:Drivers/lvgl/src/draw/sw/../../misc/lv_area.h ****  */
 123:Drivers/lvgl/src/draw/sw/../../misc/lv_area.h **** static inline lv_coord_t lv_area_get_width(const lv_area_t * area_p)
 115              		.loc 2 123 26 view .LVU32
 116              	.LBB12:
 124:Drivers/lvgl/src/draw/sw/../../misc/lv_area.h **** {
 125:Drivers/lvgl/src/draw/sw/../../misc/lv_area.h ****     return (lv_coord_t)(area_p->x2 - area_p->x1 + 1);
 117              		.loc 2 125 5 view .LVU33
 118              		.loc 2 125 31 is_stmt 0 view .LVU34
 119 005c A289     		ldrh	r2, [r4, #12]
 120              		.loc 2 125 44 view .LVU35
 121 005e 2389     		ldrh	r3, [r4, #8]
 122              		.loc 2 125 36 view .LVU36
 123 0060 D21A     		subs	r2, r2, r3
 124 0062 92B2     		uxth	r2, r2
 125              		.loc 2 125 49 view .LVU37
 126 0064 0132     		adds	r2, r2, #1
 127              		.loc 2 125 12 view .LVU38
 128 0066 12B2     		sxth	r2, r2
 129              	.LVL8:
 130              		.loc 2 125 12 view .LVU39
 131              	.LBE12:
 132              	.LBE11:
  70:Drivers/lvgl/src/draw/sw/lv_draw_sw_layer.c ****         layer_sw_ctx->base_draw.max_row_with_alpha = layer_sw_ctx->buf_size_bytes / w / LV_IMG_PX_S
 133              		.loc 1 70 9 is_stmt 1 view .LVU40
 134              		.loc 1 70 66 is_stmt 0 view .LVU41
 135 0068 A36A     		ldr	r3, [r4, #40]
 136 006a C3F31E03 		ubfx	r3, r3, #0, #31
 137              		.loc 1 70 83 view .LVU42
 138 006e 93FBF2F3 		sdiv	r3, r3, r2
 139              		.loc 1 70 87 view .LVU43
 140 0072 244A     		ldr	r2, .L12
 141              	.LVL9:
 142              		.loc 1 70 87 view .LVU44
 143 0074 82FB0312 		smull	r1, r2, r2, r3
 144 0078 A2EBE372 		sub	r2, r2, r3, asr #31
 145              		.loc 1 70 52 view .LVU45
 146 007c 2282     		strh	r2, [r4, #16]	@ movhi
  71:Drivers/lvgl/src/draw/sw/lv_draw_sw_layer.c ****         layer_sw_ctx->base_draw.max_row_with_no_alpha = layer_sw_ctx->buf_size_bytes / w / sizeof(l
ARM GAS  /var/folders/lp/x54gwt890xv47sdkqj1k04q40000gn/T//ccPpYxJy.s 			page 7


 147              		.loc 1 71 9 is_stmt 1 view .LVU46
 148              		.loc 1 71 90 is_stmt 0 view .LVU47
 149 007e 5B08     		lsrs	r3, r3, #1
 150              		.loc 1 71 55 view .LVU48
 151 0080 6382     		strh	r3, [r4, #18]	@ movhi
 152              	.LBE10:
  72:Drivers/lvgl/src/draw/sw/lv_draw_sw_layer.c ****     }
  73:Drivers/lvgl/src/draw/sw/lv_draw_sw_layer.c ****     else {
  74:Drivers/lvgl/src/draw/sw/lv_draw_sw_layer.c ****         layer_sw_ctx->base_draw.area_act = layer_sw_ctx->base_draw.area_full;
  75:Drivers/lvgl/src/draw/sw/lv_draw_sw_layer.c ****         layer_sw_ctx->buf_size_bytes = lv_area_get_size(&layer_sw_ctx->base_draw.area_full) * px_si
  76:Drivers/lvgl/src/draw/sw/lv_draw_sw_layer.c ****         layer_sw_ctx->base_draw.buf = lv_mem_alloc(layer_sw_ctx->buf_size_bytes);
  77:Drivers/lvgl/src/draw/sw/lv_draw_sw_layer.c ****         lv_memset_00(layer_sw_ctx->base_draw.buf, layer_sw_ctx->buf_size_bytes);
  78:Drivers/lvgl/src/draw/sw/lv_draw_sw_layer.c ****         layer_sw_ctx->has_alpha = flags & LV_DRAW_LAYER_FLAG_HAS_ALPHA ? 1 : 0;
  79:Drivers/lvgl/src/draw/sw/lv_draw_sw_layer.c ****         if(layer_sw_ctx->base_draw.buf == NULL) {
  80:Drivers/lvgl/src/draw/sw/lv_draw_sw_layer.c ****             return NULL;
  81:Drivers/lvgl/src/draw/sw/lv_draw_sw_layer.c ****         }
  82:Drivers/lvgl/src/draw/sw/lv_draw_sw_layer.c **** 
  83:Drivers/lvgl/src/draw/sw/lv_draw_sw_layer.c ****         draw_ctx->buf = layer_sw_ctx->base_draw.buf;
  84:Drivers/lvgl/src/draw/sw/lv_draw_sw_layer.c ****         draw_ctx->buf_area = &layer_sw_ctx->base_draw.area_act;
  85:Drivers/lvgl/src/draw/sw/lv_draw_sw_layer.c ****         draw_ctx->clip_area = &layer_sw_ctx->base_draw.area_act;
  86:Drivers/lvgl/src/draw/sw/lv_draw_sw_layer.c **** 
  87:Drivers/lvgl/src/draw/sw/lv_draw_sw_layer.c ****         lv_disp_t * disp_refr = _lv_refr_get_disp_refreshing();
  88:Drivers/lvgl/src/draw/sw/lv_draw_sw_layer.c ****         disp_refr->driver->screen_transp = flags & LV_DRAW_LAYER_FLAG_HAS_ALPHA ? 1 : 0;
  89:Drivers/lvgl/src/draw/sw/lv_draw_sw_layer.c ****     }
  90:Drivers/lvgl/src/draw/sw/lv_draw_sw_layer.c **** 
  91:Drivers/lvgl/src/draw/sw/lv_draw_sw_layer.c ****     return layer_ctx;
 153              		.loc 1 91 12 view .LVU49
 154 0082 2046     		mov	r0, r4
 155              	.LVL10:
 156              	.L1:
  92:Drivers/lvgl/src/draw/sw/lv_draw_sw_layer.c **** }
 157              		.loc 1 92 1 view .LVU50
 158 0084 70BD     		pop	{r4, r5, r6, pc}
 159              	.LVL11:
 160              	.L11:
 161              	.LBB13:
  59:Drivers/lvgl/src/draw/sw/lv_draw_sw_layer.c ****                         (uint32_t)layer_sw_ctx->buf_size_bytes, (uint32_t)LV_LAYER_SIMPLE_FALLBACK_
 162              		.loc 1 59 13 is_stmt 1 view .LVU51
  59:Drivers/lvgl/src/draw/sw/lv_draw_sw_layer.c ****                         (uint32_t)layer_sw_ctx->buf_size_bytes, (uint32_t)LV_LAYER_SIMPLE_FALLBACK_
 163              		.loc 1 59 13 view .LVU52
  59:Drivers/lvgl/src/draw/sw/lv_draw_sw_layer.c ****                         (uint32_t)layer_sw_ctx->buf_size_bytes, (uint32_t)LV_LAYER_SIMPLE_FALLBACK_
 164              		.loc 1 59 13 view .LVU53
  61:Drivers/lvgl/src/draw/sw/lv_draw_sw_layer.c ****             layer_sw_ctx->base_draw.buf = lv_mem_alloc(layer_sw_ctx->buf_size_bytes);
 165              		.loc 1 61 13 view .LVU54
  61:Drivers/lvgl/src/draw/sw/lv_draw_sw_layer.c ****             layer_sw_ctx->base_draw.buf = lv_mem_alloc(layer_sw_ctx->buf_size_bytes);
 166              		.loc 1 61 42 is_stmt 0 view .LVU55
 167 0086 A36A     		ldr	r3, [r4, #40]
 168 0088 4FF44060 		mov	r0, #3072
 169 008c 60F31E03 		bfi	r3, r0, #0, #31
 170 0090 A362     		str	r3, [r4, #40]
  62:Drivers/lvgl/src/draw/sw/lv_draw_sw_layer.c ****             if(layer_sw_ctx->base_draw.buf == NULL) {
 171              		.loc 1 62 13 is_stmt 1 view .LVU56
  62:Drivers/lvgl/src/draw/sw/lv_draw_sw_layer.c ****             if(layer_sw_ctx->base_draw.buf == NULL) {
 172              		.loc 1 62 43 is_stmt 0 view .LVU57
 173 0092 FFF7FEFF 		bl	lv_mem_alloc
 174              	.LVL12:
  62:Drivers/lvgl/src/draw/sw/lv_draw_sw_layer.c ****             if(layer_sw_ctx->base_draw.buf == NULL) {
ARM GAS  /var/folders/lp/x54gwt890xv47sdkqj1k04q40000gn/T//ccPpYxJy.s 			page 8


 175              		.loc 1 62 41 discriminator 1 view .LVU58
 176 0096 6061     		str	r0, [r4, #20]
  63:Drivers/lvgl/src/draw/sw/lv_draw_sw_layer.c ****                 return NULL;
 177              		.loc 1 63 13 is_stmt 1 view .LVU59
  63:Drivers/lvgl/src/draw/sw/lv_draw_sw_layer.c ****                 return NULL;
 178              		.loc 1 63 15 is_stmt 0 view .LVU60
 179 0098 0028     		cmp	r0, #0
 180 009a D6D1     		bne	.L5
 181 009c F2E7     		b	.L1
 182              	.LVL13:
 183              	.L3:
  63:Drivers/lvgl/src/draw/sw/lv_draw_sw_layer.c ****                 return NULL;
 184              		.loc 1 63 15 view .LVU61
 185              	.LBE13:
 186              	.LBB14:
  74:Drivers/lvgl/src/draw/sw/lv_draw_sw_layer.c ****         layer_sw_ctx->buf_size_bytes = lv_area_get_size(&layer_sw_ctx->base_draw.area_full) * px_si
 187              		.loc 1 74 9 is_stmt 1 view .LVU62
  74:Drivers/lvgl/src/draw/sw/lv_draw_sw_layer.c ****         layer_sw_ctx->buf_size_bytes = lv_area_get_size(&layer_sw_ctx->base_draw.area_full) * px_si
 188              		.loc 1 74 42 is_stmt 0 view .LVU63
 189 009e 01F10803 		add	r3, r1, #8
 190 00a2 D1E90001 		ldrd	r0, r1, [r1]
 191              	.LVL14:
  74:Drivers/lvgl/src/draw/sw/lv_draw_sw_layer.c ****         layer_sw_ctx->buf_size_bytes = lv_area_get_size(&layer_sw_ctx->base_draw.area_full) * px_si
 192              		.loc 1 74 42 view .LVU64
 193 00a6 83E80300 		stm	r3, {r0, r1}
  75:Drivers/lvgl/src/draw/sw/lv_draw_sw_layer.c ****         layer_sw_ctx->base_draw.buf = lv_mem_alloc(layer_sw_ctx->buf_size_bytes);
 194              		.loc 1 75 9 is_stmt 1 view .LVU65
  75:Drivers/lvgl/src/draw/sw/lv_draw_sw_layer.c ****         layer_sw_ctx->base_draw.buf = lv_mem_alloc(layer_sw_ctx->buf_size_bytes);
 195              		.loc 1 75 40 is_stmt 0 view .LVU66
 196 00aa 2046     		mov	r0, r4
 197 00ac FFF7FEFF 		bl	lv_area_get_size
 198              	.LVL15:
  75:Drivers/lvgl/src/draw/sw/lv_draw_sw_layer.c ****         layer_sw_ctx->base_draw.buf = lv_mem_alloc(layer_sw_ctx->buf_size_bytes);
 199              		.loc 1 75 93 discriminator 1 view .LVU67
 200 00b0 4000     		lsls	r0, r0, #1
 201 00b2 20F00040 		bic	r0, r0, #-2147483648
  75:Drivers/lvgl/src/draw/sw/lv_draw_sw_layer.c ****         layer_sw_ctx->base_draw.buf = lv_mem_alloc(layer_sw_ctx->buf_size_bytes);
 202              		.loc 1 75 38 discriminator 1 view .LVU68
 203 00b6 A36A     		ldr	r3, [r4, #40]
 204 00b8 60F31E03 		bfi	r3, r0, #0, #31
 205 00bc A362     		str	r3, [r4, #40]
  76:Drivers/lvgl/src/draw/sw/lv_draw_sw_layer.c ****         lv_memset_00(layer_sw_ctx->base_draw.buf, layer_sw_ctx->buf_size_bytes);
 206              		.loc 1 76 9 is_stmt 1 view .LVU69
  76:Drivers/lvgl/src/draw/sw/lv_draw_sw_layer.c ****         lv_memset_00(layer_sw_ctx->base_draw.buf, layer_sw_ctx->buf_size_bytes);
 207              		.loc 1 76 39 is_stmt 0 view .LVU70
 208 00be FFF7FEFF 		bl	lv_mem_alloc
 209              	.LVL16:
  76:Drivers/lvgl/src/draw/sw/lv_draw_sw_layer.c ****         lv_memset_00(layer_sw_ctx->base_draw.buf, layer_sw_ctx->buf_size_bytes);
 210              		.loc 1 76 37 discriminator 1 view .LVU71
 211 00c2 6061     		str	r0, [r4, #20]
  77:Drivers/lvgl/src/draw/sw/lv_draw_sw_layer.c ****         layer_sw_ctx->has_alpha = flags & LV_DRAW_LAYER_FLAG_HAS_ALPHA ? 1 : 0;
 212              		.loc 1 77 9 is_stmt 1 view .LVU72
  77:Drivers/lvgl/src/draw/sw/lv_draw_sw_layer.c ****         layer_sw_ctx->has_alpha = flags & LV_DRAW_LAYER_FLAG_HAS_ALPHA ? 1 : 0;
 213              		.loc 1 77 63 is_stmt 0 view .LVU73
 214 00c4 A16A     		ldr	r1, [r4, #40]
  77:Drivers/lvgl/src/draw/sw/lv_draw_sw_layer.c ****         layer_sw_ctx->has_alpha = flags & LV_DRAW_LAYER_FLAG_HAS_ALPHA ? 1 : 0;
 215              		.loc 1 77 9 view .LVU74
ARM GAS  /var/folders/lp/x54gwt890xv47sdkqj1k04q40000gn/T//ccPpYxJy.s 			page 9


 216 00c6 21F00041 		bic	r1, r1, #-2147483648
 217 00ca FFF7FEFF 		bl	lv_memset_00
 218              	.LVL17:
  78:Drivers/lvgl/src/draw/sw/lv_draw_sw_layer.c ****         if(layer_sw_ctx->base_draw.buf == NULL) {
 219              		.loc 1 78 9 is_stmt 1 view .LVU75
  78:Drivers/lvgl/src/draw/sw/lv_draw_sw_layer.c ****         if(layer_sw_ctx->base_draw.buf == NULL) {
 220              		.loc 1 78 76 is_stmt 0 view .LVU76
 221 00ce 05F00105 		and	r5, r5, #1
 222              	.LVL18:
  78:Drivers/lvgl/src/draw/sw/lv_draw_sw_layer.c ****         if(layer_sw_ctx->base_draw.buf == NULL) {
 223              		.loc 1 78 33 view .LVU77
 224 00d2 94F82B30 		ldrb	r3, [r4, #43]	@ zero_extendqisi2
 225 00d6 65F3C713 		bfi	r3, r5, #7, #1
 226 00da 84F82B30 		strb	r3, [r4, #43]
  79:Drivers/lvgl/src/draw/sw/lv_draw_sw_layer.c ****             return NULL;
 227              		.loc 1 79 9 is_stmt 1 view .LVU78
  79:Drivers/lvgl/src/draw/sw/lv_draw_sw_layer.c ****             return NULL;
 228              		.loc 1 79 35 is_stmt 0 view .LVU79
 229 00de 6069     		ldr	r0, [r4, #20]
  79:Drivers/lvgl/src/draw/sw/lv_draw_sw_layer.c ****             return NULL;
 230              		.loc 1 79 11 view .LVU80
 231 00e0 0028     		cmp	r0, #0
 232 00e2 CFD0     		beq	.L1
  83:Drivers/lvgl/src/draw/sw/lv_draw_sw_layer.c ****         draw_ctx->buf_area = &layer_sw_ctx->base_draw.area_act;
 233              		.loc 1 83 9 is_stmt 1 view .LVU81
  83:Drivers/lvgl/src/draw/sw/lv_draw_sw_layer.c ****         draw_ctx->buf_area = &layer_sw_ctx->base_draw.area_act;
 234              		.loc 1 83 23 is_stmt 0 view .LVU82
 235 00e4 3060     		str	r0, [r6]
  84:Drivers/lvgl/src/draw/sw/lv_draw_sw_layer.c ****         draw_ctx->clip_area = &layer_sw_ctx->base_draw.area_act;
 236              		.loc 1 84 9 is_stmt 1 view .LVU83
  84:Drivers/lvgl/src/draw/sw/lv_draw_sw_layer.c ****         draw_ctx->clip_area = &layer_sw_ctx->base_draw.area_act;
 237              		.loc 1 84 30 is_stmt 0 view .LVU84
 238 00e6 04F10803 		add	r3, r4, #8
  84:Drivers/lvgl/src/draw/sw/lv_draw_sw_layer.c ****         draw_ctx->clip_area = &layer_sw_ctx->base_draw.area_act;
 239              		.loc 1 84 28 view .LVU85
 240 00ea 7360     		str	r3, [r6, #4]
  85:Drivers/lvgl/src/draw/sw/lv_draw_sw_layer.c **** 
 241              		.loc 1 85 9 is_stmt 1 view .LVU86
  85:Drivers/lvgl/src/draw/sw/lv_draw_sw_layer.c **** 
 242              		.loc 1 85 29 is_stmt 0 view .LVU87
 243 00ec B360     		str	r3, [r6, #8]
  87:Drivers/lvgl/src/draw/sw/lv_draw_sw_layer.c ****         disp_refr->driver->screen_transp = flags & LV_DRAW_LAYER_FLAG_HAS_ALPHA ? 1 : 0;
 244              		.loc 1 87 9 is_stmt 1 view .LVU88
  87:Drivers/lvgl/src/draw/sw/lv_draw_sw_layer.c ****         disp_refr->driver->screen_transp = flags & LV_DRAW_LAYER_FLAG_HAS_ALPHA ? 1 : 0;
 245              		.loc 1 87 33 is_stmt 0 view .LVU89
 246 00ee FFF7FEFF 		bl	_lv_refr_get_disp_refreshing
 247              	.LVL19:
  88:Drivers/lvgl/src/draw/sw/lv_draw_sw_layer.c ****     }
 248              		.loc 1 88 9 is_stmt 1 view .LVU90
  88:Drivers/lvgl/src/draw/sw/lv_draw_sw_layer.c ****     }
 249              		.loc 1 88 18 is_stmt 0 view .LVU91
 250 00f2 0368     		ldr	r3, [r0]
  88:Drivers/lvgl/src/draw/sw/lv_draw_sw_layer.c ****     }
 251              		.loc 1 88 42 view .LVU92
 252 00f4 1A7C     		ldrb	r2, [r3, #16]	@ zero_extendqisi2
 253 00f6 65F38612 		bfi	r2, r5, #6, #1
 254 00fa 1A74     		strb	r2, [r3, #16]
ARM GAS  /var/folders/lp/x54gwt890xv47sdkqj1k04q40000gn/T//ccPpYxJy.s 			page 10


 255              	.LBE14:
  91:Drivers/lvgl/src/draw/sw/lv_draw_sw_layer.c **** }
 256              		.loc 1 91 12 view .LVU93
 257 00fc 2046     		mov	r0, r4
 258              	.LVL20:
  91:Drivers/lvgl/src/draw/sw/lv_draw_sw_layer.c **** }
 259              		.loc 1 91 12 view .LVU94
 260 00fe C1E7     		b	.L1
 261              	.LVL21:
 262              	.L6:
 263              		.cfi_def_cfa_offset 0
 264              		.cfi_restore 4
 265              		.cfi_restore 5
 266              		.cfi_restore 6
 267              		.cfi_restore 14
  48:Drivers/lvgl/src/draw/sw/lv_draw_sw_layer.c ****     }
 268              		.loc 1 48 16 view .LVU95
 269 0100 0020     		movs	r0, #0
 270              	.LVL22:
 271              		.loc 1 92 1 view .LVU96
 272 0102 7047     		bx	lr
 273              	.L13:
 274              		.align	2
 275              	.L12:
 276 0104 56555555 		.word	1431655766
 277              		.cfi_endproc
 278              	.LFE161:
 280              		.section	.text.lv_draw_sw_layer_adjust,"ax",%progbits
 281              		.align	1
 282              		.global	lv_draw_sw_layer_adjust
 283              		.syntax unified
 284              		.thumb
 285              		.thumb_func
 287              	lv_draw_sw_layer_adjust:
 288              	.LVL23:
 289              	.LFB162:
  93:Drivers/lvgl/src/draw/sw/lv_draw_sw_layer.c **** 
  94:Drivers/lvgl/src/draw/sw/lv_draw_sw_layer.c **** void lv_draw_sw_layer_adjust(struct _lv_draw_ctx_t * draw_ctx, struct _lv_draw_layer_ctx_t * layer_
  95:Drivers/lvgl/src/draw/sw/lv_draw_sw_layer.c ****                              lv_draw_layer_flags_t flags)
  96:Drivers/lvgl/src/draw/sw/lv_draw_sw_layer.c **** {
 290              		.loc 1 96 1 is_stmt 1 view -0
 291              		.cfi_startproc
 292              		@ args = 0, pretend = 0, frame = 0
 293              		@ frame_needed = 0, uses_anonymous_args = 0
 294              		.loc 1 96 1 is_stmt 0 view .LVU98
 295 0000 F8B5     		push	{r3, r4, r5, r6, r7, lr}
 296              		.cfi_def_cfa_offset 24
 297              		.cfi_offset 3, -24
 298              		.cfi_offset 4, -20
 299              		.cfi_offset 5, -16
 300              		.cfi_offset 6, -12
 301              		.cfi_offset 7, -8
 302              		.cfi_offset 14, -4
 303 0002 0546     		mov	r5, r0
 304 0004 0C46     		mov	r4, r1
 305 0006 1746     		mov	r7, r2
  97:Drivers/lvgl/src/draw/sw/lv_draw_sw_layer.c **** 
ARM GAS  /var/folders/lp/x54gwt890xv47sdkqj1k04q40000gn/T//ccPpYxJy.s 			page 11


  98:Drivers/lvgl/src/draw/sw/lv_draw_sw_layer.c ****     lv_draw_sw_layer_ctx_t * layer_sw_ctx = (lv_draw_sw_layer_ctx_t *) layer_ctx;
 306              		.loc 1 98 5 is_stmt 1 view .LVU99
 307              	.LVL24:
  99:Drivers/lvgl/src/draw/sw/lv_draw_sw_layer.c ****     lv_disp_t * disp_refr = _lv_refr_get_disp_refreshing();
 308              		.loc 1 99 5 view .LVU100
 309              		.loc 1 99 29 is_stmt 0 view .LVU101
 310 0008 FFF7FEFF 		bl	_lv_refr_get_disp_refreshing
 311              	.LVL25:
 312              		.loc 1 99 29 view .LVU102
 313 000c 0646     		mov	r6, r0
 314              	.LVL26:
 100:Drivers/lvgl/src/draw/sw/lv_draw_sw_layer.c ****     if(flags & LV_DRAW_LAYER_FLAG_HAS_ALPHA) {
 315              		.loc 1 100 5 is_stmt 1 view .LVU103
 316              		.loc 1 100 7 is_stmt 0 view .LVU104
 317 000e 17F0010F 		tst	r7, #1
 318 0012 10D1     		bne	.L18
 101:Drivers/lvgl/src/draw/sw/lv_draw_sw_layer.c ****         lv_memset_00(layer_ctx->buf, layer_sw_ctx->buf_size_bytes);
 102:Drivers/lvgl/src/draw/sw/lv_draw_sw_layer.c ****         layer_sw_ctx->has_alpha = 1;
 103:Drivers/lvgl/src/draw/sw/lv_draw_sw_layer.c ****         disp_refr->driver->screen_transp = 1;
 104:Drivers/lvgl/src/draw/sw/lv_draw_sw_layer.c ****     }
 105:Drivers/lvgl/src/draw/sw/lv_draw_sw_layer.c ****     else {
 106:Drivers/lvgl/src/draw/sw/lv_draw_sw_layer.c ****         layer_sw_ctx->has_alpha = 0;
 319              		.loc 1 106 9 is_stmt 1 view .LVU105
 320              		.loc 1 106 33 is_stmt 0 view .LVU106
 321 0014 94F82B30 		ldrb	r3, [r4, #43]	@ zero_extendqisi2
 322 0018 23F08003 		bic	r3, r3, #128
 323 001c 84F82B30 		strb	r3, [r4, #43]
 107:Drivers/lvgl/src/draw/sw/lv_draw_sw_layer.c ****         disp_refr->driver->screen_transp = 0;
 324              		.loc 1 107 9 is_stmt 1 view .LVU107
 325              		.loc 1 107 18 is_stmt 0 view .LVU108
 326 0020 0268     		ldr	r2, [r0]
 327              		.loc 1 107 42 view .LVU109
 328 0022 137C     		ldrb	r3, [r2, #16]	@ zero_extendqisi2
 329 0024 23F04003 		bic	r3, r3, #64
 330 0028 1374     		strb	r3, [r2, #16]
 331              	.LVL27:
 332              	.L16:
 108:Drivers/lvgl/src/draw/sw/lv_draw_sw_layer.c ****     }
 109:Drivers/lvgl/src/draw/sw/lv_draw_sw_layer.c **** 
 110:Drivers/lvgl/src/draw/sw/lv_draw_sw_layer.c ****     draw_ctx->buf = layer_ctx->buf;
 333              		.loc 1 110 5 is_stmt 1 view .LVU110
 334              		.loc 1 110 30 is_stmt 0 view .LVU111
 335 002a 6369     		ldr	r3, [r4, #20]
 336              		.loc 1 110 19 view .LVU112
 337 002c 2B60     		str	r3, [r5]
 111:Drivers/lvgl/src/draw/sw/lv_draw_sw_layer.c ****     draw_ctx->buf_area = &layer_ctx->area_act;
 338              		.loc 1 111 5 is_stmt 1 view .LVU113
 339              		.loc 1 111 26 is_stmt 0 view .LVU114
 340 002e 0834     		adds	r4, r4, #8
 341              	.LVL28:
 342              		.loc 1 111 24 view .LVU115
 343 0030 6C60     		str	r4, [r5, #4]
 112:Drivers/lvgl/src/draw/sw/lv_draw_sw_layer.c ****     draw_ctx->clip_area = &layer_ctx->area_act;
 344              		.loc 1 112 5 is_stmt 1 view .LVU116
 345              		.loc 1 112 25 is_stmt 0 view .LVU117
 346 0032 AC60     		str	r4, [r5, #8]
 113:Drivers/lvgl/src/draw/sw/lv_draw_sw_layer.c **** }
ARM GAS  /var/folders/lp/x54gwt890xv47sdkqj1k04q40000gn/T//ccPpYxJy.s 			page 12


 347              		.loc 1 113 1 view .LVU118
 348 0034 F8BD     		pop	{r3, r4, r5, r6, r7, pc}
 349              	.LVL29:
 350              	.L18:
 101:Drivers/lvgl/src/draw/sw/lv_draw_sw_layer.c ****         layer_sw_ctx->has_alpha = 1;
 351              		.loc 1 101 9 is_stmt 1 view .LVU119
 101:Drivers/lvgl/src/draw/sw/lv_draw_sw_layer.c ****         layer_sw_ctx->has_alpha = 1;
 352              		.loc 1 101 50 is_stmt 0 view .LVU120
 353 0036 A16A     		ldr	r1, [r4, #40]
 101:Drivers/lvgl/src/draw/sw/lv_draw_sw_layer.c ****         layer_sw_ctx->has_alpha = 1;
 354              		.loc 1 101 9 view .LVU121
 355 0038 21F00041 		bic	r1, r1, #-2147483648
 356 003c 6069     		ldr	r0, [r4, #20]
 357              	.LVL30:
 101:Drivers/lvgl/src/draw/sw/lv_draw_sw_layer.c ****         layer_sw_ctx->has_alpha = 1;
 358              		.loc 1 101 9 view .LVU122
 359 003e FFF7FEFF 		bl	lv_memset_00
 360              	.LVL31:
 102:Drivers/lvgl/src/draw/sw/lv_draw_sw_layer.c ****         disp_refr->driver->screen_transp = 1;
 361              		.loc 1 102 9 is_stmt 1 view .LVU123
 102:Drivers/lvgl/src/draw/sw/lv_draw_sw_layer.c ****         disp_refr->driver->screen_transp = 1;
 362              		.loc 1 102 33 is_stmt 0 view .LVU124
 363 0042 94F82B30 		ldrb	r3, [r4, #43]	@ zero_extendqisi2
 364 0046 43F08003 		orr	r3, r3, #128
 365 004a 84F82B30 		strb	r3, [r4, #43]
 103:Drivers/lvgl/src/draw/sw/lv_draw_sw_layer.c ****     }
 366              		.loc 1 103 9 is_stmt 1 view .LVU125
 103:Drivers/lvgl/src/draw/sw/lv_draw_sw_layer.c ****     }
 367              		.loc 1 103 18 is_stmt 0 view .LVU126
 368 004e 3268     		ldr	r2, [r6]
 103:Drivers/lvgl/src/draw/sw/lv_draw_sw_layer.c ****     }
 369              		.loc 1 103 42 view .LVU127
 370 0050 137C     		ldrb	r3, [r2, #16]	@ zero_extendqisi2
 371 0052 43F04003 		orr	r3, r3, #64
 372 0056 1374     		strb	r3, [r2, #16]
 373 0058 E7E7     		b	.L16
 374              		.cfi_endproc
 375              	.LFE162:
 377              		.section	.text.lv_draw_sw_layer_blend,"ax",%progbits
 378              		.align	1
 379              		.global	lv_draw_sw_layer_blend
 380              		.syntax unified
 381              		.thumb
 382              		.thumb_func
 384              	lv_draw_sw_layer_blend:
 385              	.LVL32:
 386              	.LFB163:
 114:Drivers/lvgl/src/draw/sw/lv_draw_sw_layer.c **** 
 115:Drivers/lvgl/src/draw/sw/lv_draw_sw_layer.c **** void lv_draw_sw_layer_blend(struct _lv_draw_ctx_t * draw_ctx, struct _lv_draw_layer_ctx_t * layer_c
 116:Drivers/lvgl/src/draw/sw/lv_draw_sw_layer.c ****                             const lv_draw_img_dsc_t * draw_dsc)
 117:Drivers/lvgl/src/draw/sw/lv_draw_sw_layer.c **** {
 387              		.loc 1 117 1 is_stmt 1 view -0
 388              		.cfi_startproc
 389              		@ args = 0, pretend = 0, frame = 16
 390              		@ frame_needed = 0, uses_anonymous_args = 0
 391              		.loc 1 117 1 is_stmt 0 view .LVU129
 392 0000 70B5     		push	{r4, r5, r6, lr}
ARM GAS  /var/folders/lp/x54gwt890xv47sdkqj1k04q40000gn/T//ccPpYxJy.s 			page 13


 393              		.cfi_def_cfa_offset 16
 394              		.cfi_offset 4, -16
 395              		.cfi_offset 5, -12
 396              		.cfi_offset 6, -8
 397              		.cfi_offset 14, -4
 398 0002 84B0     		sub	sp, sp, #16
 399              		.cfi_def_cfa_offset 32
 400 0004 0446     		mov	r4, r0
 401 0006 0D46     		mov	r5, r1
 402 0008 1646     		mov	r6, r2
 118:Drivers/lvgl/src/draw/sw/lv_draw_sw_layer.c ****     lv_draw_sw_layer_ctx_t * layer_sw_ctx = (lv_draw_sw_layer_ctx_t *) layer_ctx;
 403              		.loc 1 118 5 is_stmt 1 view .LVU130
 404              	.LVL33:
 119:Drivers/lvgl/src/draw/sw/lv_draw_sw_layer.c **** 
 120:Drivers/lvgl/src/draw/sw/lv_draw_sw_layer.c ****     lv_img_dsc_t img;
 405              		.loc 1 120 5 view .LVU131
 121:Drivers/lvgl/src/draw/sw/lv_draw_sw_layer.c ****     img.data = draw_ctx->buf;
 406              		.loc 1 121 5 view .LVU132
 407              		.loc 1 121 24 is_stmt 0 view .LVU133
 408 000a 0368     		ldr	r3, [r0]
 409              		.loc 1 121 14 view .LVU134
 410 000c 0393     		str	r3, [sp, #12]
 122:Drivers/lvgl/src/draw/sw/lv_draw_sw_layer.c ****     img.header.always_zero = 0;
 411              		.loc 1 122 5 is_stmt 1 view .LVU135
 412              		.loc 1 122 28 is_stmt 0 view .LVU136
 413 000e 9DF80430 		ldrb	r3, [sp, #4]	@ zero_extendqisi2
 414 0012 23F0E003 		bic	r3, r3, #224
 415 0016 8DF80430 		strb	r3, [sp, #4]
 123:Drivers/lvgl/src/draw/sw/lv_draw_sw_layer.c ****     img.header.w = lv_area_get_width(draw_ctx->buf_area);
 416              		.loc 1 123 5 is_stmt 1 view .LVU137
 417              		.loc 1 123 46 is_stmt 0 view .LVU138
 418 001a 4268     		ldr	r2, [r0, #4]
 419              	.LVL34:
 420              	.LBB15:
 421              	.LBI15:
 123:Drivers/lvgl/src/draw/sw/../../misc/lv_area.h **** {
 422              		.loc 2 123 26 is_stmt 1 view .LVU139
 423              	.LBB16:
 424              		.loc 2 125 5 view .LVU140
 425              		.loc 2 125 31 is_stmt 0 view .LVU141
 426 001c 9388     		ldrh	r3, [r2, #4]
 427              		.loc 2 125 44 view .LVU142
 428 001e 1188     		ldrh	r1, [r2]
 429              	.LVL35:
 430              		.loc 2 125 36 view .LVU143
 431 0020 5B1A     		subs	r3, r3, r1
 432 0022 9BB2     		uxth	r3, r3
 433              		.loc 2 125 49 view .LVU144
 434 0024 0133     		adds	r3, r3, #1
 435              	.LVL36:
 436              		.loc 2 125 49 view .LVU145
 437              	.LBE16:
 438              	.LBE15:
 439              		.loc 1 123 18 discriminator 1 view .LVU146
 440 0026 0199     		ldr	r1, [sp, #4]
 441 0028 63F39421 		bfi	r1, r3, #10, #11
 442 002c 0191     		str	r1, [sp, #4]
ARM GAS  /var/folders/lp/x54gwt890xv47sdkqj1k04q40000gn/T//ccPpYxJy.s 			page 14


 124:Drivers/lvgl/src/draw/sw/lv_draw_sw_layer.c ****     img.header.h = lv_area_get_height(draw_ctx->buf_area);
 443              		.loc 1 124 5 is_stmt 1 view .LVU147
 444              	.LVL37:
 445              	.LBB17:
 446              	.LBI17:
 126:Drivers/lvgl/src/draw/sw/../../misc/lv_area.h **** }
 127:Drivers/lvgl/src/draw/sw/../../misc/lv_area.h **** 
 128:Drivers/lvgl/src/draw/sw/../../misc/lv_area.h **** /**
 129:Drivers/lvgl/src/draw/sw/../../misc/lv_area.h ****  * Get the height of an area
 130:Drivers/lvgl/src/draw/sw/../../misc/lv_area.h ****  * @param area_p pointer to an area
 131:Drivers/lvgl/src/draw/sw/../../misc/lv_area.h ****  * @return the height of the area (if y1 == y2 -> height = 1)
 132:Drivers/lvgl/src/draw/sw/../../misc/lv_area.h ****  */
 133:Drivers/lvgl/src/draw/sw/../../misc/lv_area.h **** static inline lv_coord_t lv_area_get_height(const lv_area_t * area_p)
 447              		.loc 2 133 26 view .LVU148
 448              	.LBB18:
 134:Drivers/lvgl/src/draw/sw/../../misc/lv_area.h **** {
 135:Drivers/lvgl/src/draw/sw/../../misc/lv_area.h ****     return (lv_coord_t)(area_p->y2 - area_p->y1 + 1);
 449              		.loc 2 135 5 view .LVU149
 450              		.loc 2 135 31 is_stmt 0 view .LVU150
 451 002e D388     		ldrh	r3, [r2, #6]
 452              		.loc 2 135 44 view .LVU151
 453 0030 5288     		ldrh	r2, [r2, #2]
 454              	.LVL38:
 455              		.loc 2 135 36 view .LVU152
 456 0032 9B1A     		subs	r3, r3, r2
 457 0034 9BB2     		uxth	r3, r3
 458              		.loc 2 135 49 view .LVU153
 459 0036 0133     		adds	r3, r3, #1
 460              	.LVL39:
 461              		.loc 2 135 49 view .LVU154
 462              	.LBE18:
 463              	.LBE17:
 464              		.loc 1 124 18 discriminator 1 view .LVU155
 465 0038 BDF80620 		ldrh	r2, [sp, #6]
 466 003c 63F34F12 		bfi	r2, r3, #5, #11
 467 0040 ADF80620 		strh	r2, [sp, #6]	@ movhi
 125:Drivers/lvgl/src/draw/sw/lv_draw_sw_layer.c ****     img.header.cf = layer_sw_ctx->has_alpha ? LV_IMG_CF_TRUE_COLOR_ALPHA : LV_IMG_CF_TRUE_COLOR;
 468              		.loc 1 125 5 is_stmt 1 view .LVU156
 469              		.loc 1 125 74 is_stmt 0 view .LVU157
 470 0044 95F92B30 		ldrsb	r3, [r5, #43]
 471 0048 002B     		cmp	r3, #0
 472 004a 24DB     		blt	.L23
 473              		.loc 1 125 74 discriminator 2 view .LVU158
 474 004c 0422     		movs	r2, #4
 475              	.L20:
 476              		.loc 1 125 19 discriminator 4 view .LVU159
 477 004e 9DF80430 		ldrb	r3, [sp, #4]	@ zero_extendqisi2
 478 0052 62F30403 		bfi	r3, r2, #0, #5
 479 0056 8DF80430 		strb	r3, [sp, #4]
 126:Drivers/lvgl/src/draw/sw/lv_draw_sw_layer.c **** 
 127:Drivers/lvgl/src/draw/sw/lv_draw_sw_layer.c ****     /*Restore the original draw_ctx*/
 128:Drivers/lvgl/src/draw/sw/lv_draw_sw_layer.c ****     draw_ctx->buf = layer_ctx->original.buf;
 480              		.loc 1 128 5 is_stmt 1 view .LVU160
 481              		.loc 1 128 40 is_stmt 0 view .LVU161
 482 005a 2B6A     		ldr	r3, [r5, #32]
 483              		.loc 1 128 19 view .LVU162
 484 005c 2360     		str	r3, [r4]
ARM GAS  /var/folders/lp/x54gwt890xv47sdkqj1k04q40000gn/T//ccPpYxJy.s 			page 15


 129:Drivers/lvgl/src/draw/sw/lv_draw_sw_layer.c ****     draw_ctx->buf_area = layer_ctx->original.buf_area;
 485              		.loc 1 129 5 is_stmt 1 view .LVU163
 486              		.loc 1 129 45 is_stmt 0 view .LVU164
 487 005e EB69     		ldr	r3, [r5, #28]
 488              		.loc 1 129 24 view .LVU165
 489 0060 6360     		str	r3, [r4, #4]
 130:Drivers/lvgl/src/draw/sw/lv_draw_sw_layer.c ****     draw_ctx->clip_area = layer_ctx->original.clip_area;
 490              		.loc 1 130 5 is_stmt 1 view .LVU166
 491              		.loc 1 130 46 is_stmt 0 view .LVU167
 492 0062 AB69     		ldr	r3, [r5, #24]
 493              		.loc 1 130 25 view .LVU168
 494 0064 A360     		str	r3, [r4, #8]
 131:Drivers/lvgl/src/draw/sw/lv_draw_sw_layer.c ****     lv_disp_t * disp_refr = _lv_refr_get_disp_refreshing();
 495              		.loc 1 131 5 is_stmt 1 view .LVU169
 496              		.loc 1 131 29 is_stmt 0 view .LVU170
 497 0066 FFF7FEFF 		bl	_lv_refr_get_disp_refreshing
 498              	.LVL40:
 132:Drivers/lvgl/src/draw/sw/lv_draw_sw_layer.c ****     disp_refr->driver->screen_transp = layer_ctx->original.screen_transp;
 499              		.loc 1 132 5 is_stmt 1 view .LVU171
 500              		.loc 1 132 14 is_stmt 0 view .LVU172
 501 006a 0368     		ldr	r3, [r0]
 502              		.loc 1 132 59 view .LVU173
 503 006c 95F82410 		ldrb	r1, [r5, #36]	@ zero_extendqisi2
 504              		.loc 1 132 38 view .LVU174
 505 0070 1A7C     		ldrb	r2, [r3, #16]	@ zero_extendqisi2
 506 0072 61F38612 		bfi	r2, r1, #6, #1
 507 0076 1A74     		strb	r2, [r3, #16]
 133:Drivers/lvgl/src/draw/sw/lv_draw_sw_layer.c **** 
 134:Drivers/lvgl/src/draw/sw/lv_draw_sw_layer.c ****     /*Blend the layer*/
 135:Drivers/lvgl/src/draw/sw/lv_draw_sw_layer.c ****     lv_draw_img(draw_ctx, draw_dsc, &layer_ctx->area_act, &img);
 508              		.loc 1 135 5 is_stmt 1 view .LVU175
 509 0078 01AB     		add	r3, sp, #4
 510 007a 05F10802 		add	r2, r5, #8
 511 007e 3146     		mov	r1, r6
 512 0080 2046     		mov	r0, r4
 513              	.LVL41:
 514              		.loc 1 135 5 is_stmt 0 view .LVU176
 515 0082 FFF7FEFF 		bl	lv_draw_img
 516              	.LVL42:
 136:Drivers/lvgl/src/draw/sw/lv_draw_sw_layer.c ****     lv_draw_wait_for_finish(draw_ctx);
 517              		.loc 1 136 5 is_stmt 1 view .LVU177
 518 0086 2046     		mov	r0, r4
 519 0088 FFF7FEFF 		bl	lv_draw_wait_for_finish
 520              	.LVL43:
 137:Drivers/lvgl/src/draw/sw/lv_draw_sw_layer.c ****     lv_img_cache_invalidate_src(&img);
 521              		.loc 1 137 5 view .LVU178
 522 008c 01A8     		add	r0, sp, #4
 523 008e FFF7FEFF 		bl	lv_img_cache_invalidate_src
 524              	.LVL44:
 138:Drivers/lvgl/src/draw/sw/lv_draw_sw_layer.c **** }
 525              		.loc 1 138 1 is_stmt 0 view .LVU179
 526 0092 04B0     		add	sp, sp, #16
 527              		.cfi_remember_state
 528              		.cfi_def_cfa_offset 16
 529              		@ sp needed
 530 0094 70BD     		pop	{r4, r5, r6, pc}
 531              	.LVL45:
ARM GAS  /var/folders/lp/x54gwt890xv47sdkqj1k04q40000gn/T//ccPpYxJy.s 			page 16


 532              	.L23:
 533              		.cfi_restore_state
 125:Drivers/lvgl/src/draw/sw/lv_draw_sw_layer.c **** 
 534              		.loc 1 125 74 discriminator 1 view .LVU180
 535 0096 0522     		movs	r2, #5
 536 0098 D9E7     		b	.L20
 537              		.cfi_endproc
 538              	.LFE163:
 540              		.section	.text.lv_draw_sw_layer_destroy,"ax",%progbits
 541              		.align	1
 542              		.global	lv_draw_sw_layer_destroy
 543              		.syntax unified
 544              		.thumb
 545              		.thumb_func
 547              	lv_draw_sw_layer_destroy:
 548              	.LVL46:
 549              	.LFB164:
 139:Drivers/lvgl/src/draw/sw/lv_draw_sw_layer.c **** 
 140:Drivers/lvgl/src/draw/sw/lv_draw_sw_layer.c **** void lv_draw_sw_layer_destroy(lv_draw_ctx_t * draw_ctx, lv_draw_layer_ctx_t * layer_ctx)
 141:Drivers/lvgl/src/draw/sw/lv_draw_sw_layer.c **** {
 550              		.loc 1 141 1 is_stmt 1 view -0
 551              		.cfi_startproc
 552              		@ args = 0, pretend = 0, frame = 0
 553              		@ frame_needed = 0, uses_anonymous_args = 0
 554              		.loc 1 141 1 is_stmt 0 view .LVU182
 555 0000 08B5     		push	{r3, lr}
 556              		.cfi_def_cfa_offset 8
 557              		.cfi_offset 3, -8
 558              		.cfi_offset 14, -4
 142:Drivers/lvgl/src/draw/sw/lv_draw_sw_layer.c ****     LV_UNUSED(draw_ctx);
 559              		.loc 1 142 5 is_stmt 1 view .LVU183
 143:Drivers/lvgl/src/draw/sw/lv_draw_sw_layer.c **** 
 144:Drivers/lvgl/src/draw/sw/lv_draw_sw_layer.c ****     lv_mem_free(layer_ctx->buf);
 560              		.loc 1 144 5 view .LVU184
 561 0002 4869     		ldr	r0, [r1, #20]
 562              	.LVL47:
 563              		.loc 1 144 5 is_stmt 0 view .LVU185
 564 0004 FFF7FEFF 		bl	lv_mem_free
 565              	.LVL48:
 145:Drivers/lvgl/src/draw/sw/lv_draw_sw_layer.c **** }
 566              		.loc 1 145 1 view .LVU186
 567 0008 08BD     		pop	{r3, pc}
 568              		.cfi_endproc
 569              	.LFE164:
 571              		.text
 572              	.Letext0:
 573              		.file 3 "/Users/jr/Library/Application Support/Code/User/globalStorage/bmd.stm32-for-vscode/@xpack
 574              		.file 4 "/Users/jr/Library/Application Support/Code/User/globalStorage/bmd.stm32-for-vscode/@xpack
 575              		.file 5 "Drivers/lvgl/src/draw/sw/../../misc/lv_types.h"
 576              		.file 6 "/Users/jr/Library/Application Support/Code/User/globalStorage/bmd.stm32-for-vscode/@xpack
 577              		.file 7 "Drivers/lvgl/src/draw/sw/../../misc/lv_color.h"
 578              		.file 8 "Drivers/lvgl/src/draw/sw/../../misc/../font/lv_font.h"
 579              		.file 9 "Drivers/lvgl/src/draw/sw/../../misc/lv_txt.h"
 580              		.file 10 "Drivers/lvgl/src/draw/sw/../../misc/lv_bidi.h"
 581              		.file 11 "Drivers/lvgl/src/draw/sw/../../misc/lv_style.h"
 582              		.file 12 "Drivers/lvgl/src/draw/sw/../lv_img_buf.h"
 583              		.file 13 "Drivers/lvgl/src/draw/sw/../../core/lv_obj.h"
ARM GAS  /var/folders/lp/x54gwt890xv47sdkqj1k04q40000gn/T//ccPpYxJy.s 			page 17


 584              		.file 14 "Drivers/lvgl/src/draw/sw/../lv_draw_rect.h"
 585              		.file 15 "Drivers/lvgl/src/draw/sw/../lv_draw_label.h"
 586              		.file 16 "Drivers/lvgl/src/draw/sw/../lv_draw_img.h"
 587              		.file 17 "Drivers/lvgl/src/draw/sw/../lv_draw_line.h"
 588              		.file 18 "Drivers/lvgl/src/draw/sw/../lv_draw_arc.h"
 589              		.file 19 "Drivers/lvgl/src/draw/sw/../lv_draw_layer.h"
 590              		.file 20 "Drivers/lvgl/src/draw/sw/../lv_draw.h"
 591              		.file 21 "Drivers/lvgl/src/draw/sw/../../hal/../misc/lv_timer.h"
 592              		.file 22 "Drivers/lvgl/src/draw/sw/../../hal/lv_hal_disp.h"
 593              		.file 23 "Drivers/lvgl/src/draw/sw/../../core/lv_group.h"
 594              		.file 24 "Drivers/lvgl/src/draw/sw/../../hal/../misc/lv_ll.h"
 595              		.file 25 "Drivers/lvgl/src/draw/sw/lv_draw_sw.h"
 596              		.file 26 "Drivers/lvgl/src/draw/sw/../../core/lv_obj_scroll.h"
 597              		.file 27 "Drivers/lvgl/src/draw/sw/../../core/lv_obj_style.h"
 598              		.file 28 "Drivers/lvgl/src/draw/sw/../../core/lv_obj_class.h"
 599              		.file 29 "Drivers/lvgl/src/draw/sw/../../core/lv_event.h"
 600              		.file 30 "Drivers/lvgl/src/draw/sw/../../misc/lv_mem.h"
 601              		.file 31 "Drivers/lvgl/src/draw/sw/../lv_img_cache.h"
 602              		.file 32 "Drivers/lvgl/src/draw/sw/../../core/lv_refr.h"
ARM GAS  /var/folders/lp/x54gwt890xv47sdkqj1k04q40000gn/T//ccPpYxJy.s 			page 18


DEFINED SYMBOLS
                            *ABS*:00000000 lv_draw_sw_layer.c
/var/folders/lp/x54gwt890xv47sdkqj1k04q40000gn/T//ccPpYxJy.s:21     .text.lv_draw_sw_layer_create:00000000 $t
/var/folders/lp/x54gwt890xv47sdkqj1k04q40000gn/T//ccPpYxJy.s:27     .text.lv_draw_sw_layer_create:00000000 lv_draw_sw_layer_create
/var/folders/lp/x54gwt890xv47sdkqj1k04q40000gn/T//ccPpYxJy.s:276    .text.lv_draw_sw_layer_create:00000104 $d
/var/folders/lp/x54gwt890xv47sdkqj1k04q40000gn/T//ccPpYxJy.s:281    .text.lv_draw_sw_layer_adjust:00000000 $t
/var/folders/lp/x54gwt890xv47sdkqj1k04q40000gn/T//ccPpYxJy.s:287    .text.lv_draw_sw_layer_adjust:00000000 lv_draw_sw_layer_adjust
/var/folders/lp/x54gwt890xv47sdkqj1k04q40000gn/T//ccPpYxJy.s:378    .text.lv_draw_sw_layer_blend:00000000 $t
/var/folders/lp/x54gwt890xv47sdkqj1k04q40000gn/T//ccPpYxJy.s:384    .text.lv_draw_sw_layer_blend:00000000 lv_draw_sw_layer_blend
/var/folders/lp/x54gwt890xv47sdkqj1k04q40000gn/T//ccPpYxJy.s:541    .text.lv_draw_sw_layer_destroy:00000000 $t
/var/folders/lp/x54gwt890xv47sdkqj1k04q40000gn/T//ccPpYxJy.s:547    .text.lv_draw_sw_layer_destroy:00000000 lv_draw_sw_layer_destroy

UNDEFINED SYMBOLS
lv_area_get_size
lv_mem_alloc
lv_memset_00
_lv_refr_get_disp_refreshing
lv_draw_img
lv_draw_wait_for_finish
lv_img_cache_invalidate_src
lv_mem_free
