ARM GAS  /var/folders/lp/x54gwt890xv47sdkqj1k04q40000gn/T//ccxU9U02.s 			page 1


   1              		.cpu cortex-m4
   2              		.arch armv7e-m
   3              		.fpu fpv4-sp-d16
   4              		.eabi_attribute 27, 1
   5              		.eabi_attribute 28, 1
   6              		.eabi_attribute 20, 1
   7              		.eabi_attribute 21, 1
   8              		.eabi_attribute 23, 3
   9              		.eabi_attribute 24, 1
  10              		.eabi_attribute 25, 1
  11              		.eabi_attribute 26, 1
  12              		.eabi_attribute 30, 1
  13              		.eabi_attribute 34, 1
  14              		.eabi_attribute 18, 4
  15              		.file	"lv_draw_triangle.c"
  16              		.text
  17              	.Ltext0:
  18              		.cfi_sections	.debug_frame
  19              		.file 1 "Drivers/lvgl/src/draw/lv_draw_triangle.c"
  20              		.section	.text.lv_draw_polygon,"ax",%progbits
  21              		.align	1
  22              		.global	lv_draw_polygon
  23              		.syntax unified
  24              		.thumb
  25              		.thumb_func
  27              	lv_draw_polygon:
  28              	.LVL0:
  29              	.LFB55:
   1:Drivers/lvgl/src/draw/lv_draw_triangle.c **** /**
   2:Drivers/lvgl/src/draw/lv_draw_triangle.c ****  * @file lv_draw_triangle.c
   3:Drivers/lvgl/src/draw/lv_draw_triangle.c ****  *
   4:Drivers/lvgl/src/draw/lv_draw_triangle.c ****  */
   5:Drivers/lvgl/src/draw/lv_draw_triangle.c **** 
   6:Drivers/lvgl/src/draw/lv_draw_triangle.c **** /*********************
   7:Drivers/lvgl/src/draw/lv_draw_triangle.c ****  *      INCLUDES
   8:Drivers/lvgl/src/draw/lv_draw_triangle.c ****  *********************/
   9:Drivers/lvgl/src/draw/lv_draw_triangle.c **** #include "lv_draw.h"
  10:Drivers/lvgl/src/draw/lv_draw_triangle.c **** #include "lv_draw_triangle.h"
  11:Drivers/lvgl/src/draw/lv_draw_triangle.c **** #include "../misc/lv_math.h"
  12:Drivers/lvgl/src/draw/lv_draw_triangle.c **** #include "../misc/lv_mem.h"
  13:Drivers/lvgl/src/draw/lv_draw_triangle.c **** 
  14:Drivers/lvgl/src/draw/lv_draw_triangle.c **** /*********************
  15:Drivers/lvgl/src/draw/lv_draw_triangle.c ****  *      DEFINES
  16:Drivers/lvgl/src/draw/lv_draw_triangle.c ****  *********************/
  17:Drivers/lvgl/src/draw/lv_draw_triangle.c **** 
  18:Drivers/lvgl/src/draw/lv_draw_triangle.c **** /**********************
  19:Drivers/lvgl/src/draw/lv_draw_triangle.c ****  *      TYPEDEFS
  20:Drivers/lvgl/src/draw/lv_draw_triangle.c ****  **********************/
  21:Drivers/lvgl/src/draw/lv_draw_triangle.c **** 
  22:Drivers/lvgl/src/draw/lv_draw_triangle.c **** /**********************
  23:Drivers/lvgl/src/draw/lv_draw_triangle.c ****  *  STATIC PROTOTYPES
  24:Drivers/lvgl/src/draw/lv_draw_triangle.c ****  **********************/
  25:Drivers/lvgl/src/draw/lv_draw_triangle.c **** 
  26:Drivers/lvgl/src/draw/lv_draw_triangle.c **** /**********************
  27:Drivers/lvgl/src/draw/lv_draw_triangle.c ****  *  STATIC VARIABLES
  28:Drivers/lvgl/src/draw/lv_draw_triangle.c ****  **********************/
  29:Drivers/lvgl/src/draw/lv_draw_triangle.c **** 
ARM GAS  /var/folders/lp/x54gwt890xv47sdkqj1k04q40000gn/T//ccxU9U02.s 			page 2


  30:Drivers/lvgl/src/draw/lv_draw_triangle.c **** /**********************
  31:Drivers/lvgl/src/draw/lv_draw_triangle.c ****  *      MACROS
  32:Drivers/lvgl/src/draw/lv_draw_triangle.c ****  **********************/
  33:Drivers/lvgl/src/draw/lv_draw_triangle.c **** 
  34:Drivers/lvgl/src/draw/lv_draw_triangle.c **** /**********************
  35:Drivers/lvgl/src/draw/lv_draw_triangle.c ****  *   GLOBAL FUNCTIONS
  36:Drivers/lvgl/src/draw/lv_draw_triangle.c ****  **********************/
  37:Drivers/lvgl/src/draw/lv_draw_triangle.c **** 
  38:Drivers/lvgl/src/draw/lv_draw_triangle.c **** void lv_draw_polygon(struct _lv_draw_ctx_t * draw_ctx, const lv_draw_rect_dsc_t * draw_dsc, const l
  39:Drivers/lvgl/src/draw/lv_draw_triangle.c ****                      uint16_t point_cnt)
  40:Drivers/lvgl/src/draw/lv_draw_triangle.c **** {
  30              		.loc 1 40 1 view -0
  31              		.cfi_startproc
  32              		@ args = 0, pretend = 0, frame = 0
  33              		@ frame_needed = 0, uses_anonymous_args = 0
  34              		.loc 1 40 1 is_stmt 0 view .LVU1
  35 0000 10B5     		push	{r4, lr}
  36              		.cfi_def_cfa_offset 8
  37              		.cfi_offset 4, -8
  38              		.cfi_offset 14, -4
  41:Drivers/lvgl/src/draw/lv_draw_triangle.c ****     draw_ctx->draw_polygon(draw_ctx, draw_dsc, points, point_cnt);
  39              		.loc 1 41 5 is_stmt 1 view .LVU2
  40              		.loc 1 41 13 is_stmt 0 view .LVU3
  41 0002 846A     		ldr	r4, [r0, #40]
  42              		.loc 1 41 5 view .LVU4
  43 0004 A047     		blx	r4
  44              	.LVL1:
  42:Drivers/lvgl/src/draw/lv_draw_triangle.c **** }
  45              		.loc 1 42 1 view .LVU5
  46 0006 10BD     		pop	{r4, pc}
  47              		.cfi_endproc
  48              	.LFE55:
  50              		.section	.text.lv_draw_triangle,"ax",%progbits
  51              		.align	1
  52              		.global	lv_draw_triangle
  53              		.syntax unified
  54              		.thumb
  55              		.thumb_func
  57              	lv_draw_triangle:
  58              	.LVL2:
  59              	.LFB56:
  43:Drivers/lvgl/src/draw/lv_draw_triangle.c **** 
  44:Drivers/lvgl/src/draw/lv_draw_triangle.c **** void lv_draw_triangle(struct _lv_draw_ctx_t * draw_ctx, const lv_draw_rect_dsc_t * draw_dsc, const 
  45:Drivers/lvgl/src/draw/lv_draw_triangle.c **** {
  60              		.loc 1 45 1 is_stmt 1 view -0
  61              		.cfi_startproc
  62              		@ args = 0, pretend = 0, frame = 0
  63              		@ frame_needed = 0, uses_anonymous_args = 0
  64              		.loc 1 45 1 is_stmt 0 view .LVU7
  65 0000 10B5     		push	{r4, lr}
  66              		.cfi_def_cfa_offset 8
  67              		.cfi_offset 4, -8
  68              		.cfi_offset 14, -4
  46:Drivers/lvgl/src/draw/lv_draw_triangle.c **** 
  47:Drivers/lvgl/src/draw/lv_draw_triangle.c ****     draw_ctx->draw_polygon(draw_ctx, draw_dsc, points, 3);
  69              		.loc 1 47 5 is_stmt 1 view .LVU8
  70              		.loc 1 47 13 is_stmt 0 view .LVU9
ARM GAS  /var/folders/lp/x54gwt890xv47sdkqj1k04q40000gn/T//ccxU9U02.s 			page 3


  71 0002 846A     		ldr	r4, [r0, #40]
  72              		.loc 1 47 5 view .LVU10
  73 0004 0323     		movs	r3, #3
  74 0006 A047     		blx	r4
  75              	.LVL3:
  48:Drivers/lvgl/src/draw/lv_draw_triangle.c **** }
  76              		.loc 1 48 1 view .LVU11
  77 0008 10BD     		pop	{r4, pc}
  78              		.cfi_endproc
  79              	.LFE56:
  81              		.text
  82              	.Letext0:
  83              		.file 2 "/Users/jr/Library/Application Support/Code/User/globalStorage/bmd.stm32-for-vscode/@xpack
  84              		.file 3 "/Users/jr/Library/Application Support/Code/User/globalStorage/bmd.stm32-for-vscode/@xpack
  85              		.file 4 "/Users/jr/Library/Application Support/Code/User/globalStorage/bmd.stm32-for-vscode/@xpack
  86              		.file 5 "Drivers/lvgl/src/draw/../misc/../font/../misc/lv_area.h"
  87              		.file 6 "Drivers/lvgl/src/draw/../misc/../font/lv_font.h"
  88              		.file 7 "Drivers/lvgl/src/draw/../misc/lv_types.h"
  89              		.file 8 "Drivers/lvgl/src/draw/../misc/lv_color.h"
  90              		.file 9 "Drivers/lvgl/src/draw/../misc/lv_txt.h"
  91              		.file 10 "Drivers/lvgl/src/draw/../misc/lv_bidi.h"
  92              		.file 11 "Drivers/lvgl/src/draw/../misc/lv_style.h"
  93              		.file 12 "Drivers/lvgl/src/draw/lv_img_buf.h"
  94              		.file 13 "Drivers/lvgl/src/draw/lv_draw_rect.h"
  95              		.file 14 "Drivers/lvgl/src/draw/lv_draw_label.h"
  96              		.file 15 "Drivers/lvgl/src/draw/lv_draw_img.h"
  97              		.file 16 "Drivers/lvgl/src/draw/lv_draw_line.h"
  98              		.file 17 "Drivers/lvgl/src/draw/lv_draw_arc.h"
  99              		.file 18 "Drivers/lvgl/src/draw/lv_draw_layer.h"
 100              		.file 19 "Drivers/lvgl/src/draw/lv_draw.h"
ARM GAS  /var/folders/lp/x54gwt890xv47sdkqj1k04q40000gn/T//ccxU9U02.s 			page 4


DEFINED SYMBOLS
                            *ABS*:00000000 lv_draw_triangle.c
/var/folders/lp/x54gwt890xv47sdkqj1k04q40000gn/T//ccxU9U02.s:21     .text.lv_draw_polygon:00000000 $t
/var/folders/lp/x54gwt890xv47sdkqj1k04q40000gn/T//ccxU9U02.s:27     .text.lv_draw_polygon:00000000 lv_draw_polygon
/var/folders/lp/x54gwt890xv47sdkqj1k04q40000gn/T//ccxU9U02.s:51     .text.lv_draw_triangle:00000000 $t
/var/folders/lp/x54gwt890xv47sdkqj1k04q40000gn/T//ccxU9U02.s:57     .text.lv_draw_triangle:00000000 lv_draw_triangle

NO UNDEFINED SYMBOLS
