ARM GAS  /var/folders/lp/x54gwt890xv47sdkqj1k04q40000gn/T//cc0IMCh2.s 			page 1


   1              		.cpu cortex-m4
   2              		.arch armv7e-m
   3              		.fpu fpv4-sp-d16
   4              		.eabi_attribute 27, 1
   5              		.eabi_attribute 28, 1
   6              		.eabi_attribute 20, 1
   7              		.eabi_attribute 21, 1
   8              		.eabi_attribute 23, 3
   9              		.eabi_attribute 24, 1
  10              		.eabi_attribute 25, 1
  11              		.eabi_attribute 26, 1
  12              		.eabi_attribute 30, 1
  13              		.eabi_attribute 34, 1
  14              		.eabi_attribute 18, 4
  15              		.file	"lv_utils.c"
  16              		.text
  17              	.Ltext0:
  18              		.cfi_sections	.debug_frame
  19              		.file 1 "Drivers/lvgl/src/misc/lv_utils.c"
  20              		.section	.text._lv_utils_bsearch,"ax",%progbits
  21              		.align	1
  22              		.global	_lv_utils_bsearch
  23              		.syntax unified
  24              		.thumb
  25              		.thumb_func
  27              	_lv_utils_bsearch:
  28              	.LVL0:
  29              	.LFB0:
   1:Drivers/lvgl/src/misc/lv_utils.c **** /**
   2:Drivers/lvgl/src/misc/lv_utils.c ****  * @file lv_utils.c
   3:Drivers/lvgl/src/misc/lv_utils.c ****  *
   4:Drivers/lvgl/src/misc/lv_utils.c ****  */
   5:Drivers/lvgl/src/misc/lv_utils.c **** 
   6:Drivers/lvgl/src/misc/lv_utils.c **** /*********************
   7:Drivers/lvgl/src/misc/lv_utils.c ****  *      INCLUDES
   8:Drivers/lvgl/src/misc/lv_utils.c ****  *********************/
   9:Drivers/lvgl/src/misc/lv_utils.c **** #include <stddef.h>
  10:Drivers/lvgl/src/misc/lv_utils.c **** 
  11:Drivers/lvgl/src/misc/lv_utils.c **** #include "lv_utils.h"
  12:Drivers/lvgl/src/misc/lv_utils.c **** 
  13:Drivers/lvgl/src/misc/lv_utils.c **** /*********************
  14:Drivers/lvgl/src/misc/lv_utils.c ****  *      DEFINES
  15:Drivers/lvgl/src/misc/lv_utils.c ****  *********************/
  16:Drivers/lvgl/src/misc/lv_utils.c **** 
  17:Drivers/lvgl/src/misc/lv_utils.c **** /**********************
  18:Drivers/lvgl/src/misc/lv_utils.c ****  *      TYPEDEFS
  19:Drivers/lvgl/src/misc/lv_utils.c ****  **********************/
  20:Drivers/lvgl/src/misc/lv_utils.c **** 
  21:Drivers/lvgl/src/misc/lv_utils.c **** /**********************
  22:Drivers/lvgl/src/misc/lv_utils.c ****  *  STATIC PROTOTYPES
  23:Drivers/lvgl/src/misc/lv_utils.c ****  **********************/
  24:Drivers/lvgl/src/misc/lv_utils.c **** 
  25:Drivers/lvgl/src/misc/lv_utils.c **** /**********************
  26:Drivers/lvgl/src/misc/lv_utils.c ****  *  STATIC VARIABLES
  27:Drivers/lvgl/src/misc/lv_utils.c ****  **********************/
  28:Drivers/lvgl/src/misc/lv_utils.c **** 
  29:Drivers/lvgl/src/misc/lv_utils.c **** /**********************
ARM GAS  /var/folders/lp/x54gwt890xv47sdkqj1k04q40000gn/T//cc0IMCh2.s 			page 2


  30:Drivers/lvgl/src/misc/lv_utils.c ****  *      MACROS
  31:Drivers/lvgl/src/misc/lv_utils.c ****  **********************/
  32:Drivers/lvgl/src/misc/lv_utils.c **** 
  33:Drivers/lvgl/src/misc/lv_utils.c **** /**********************
  34:Drivers/lvgl/src/misc/lv_utils.c ****  *   GLOBAL FUNCTIONS
  35:Drivers/lvgl/src/misc/lv_utils.c ****  **********************/
  36:Drivers/lvgl/src/misc/lv_utils.c **** 
  37:Drivers/lvgl/src/misc/lv_utils.c **** /** Searches base[0] to base[n - 1] for an item that matches *key.
  38:Drivers/lvgl/src/misc/lv_utils.c ****  *
  39:Drivers/lvgl/src/misc/lv_utils.c ****  * @note The function cmp must return negative if its first
  40:Drivers/lvgl/src/misc/lv_utils.c ****  *  argument (the search key) is less than its second (a table entry),
  41:Drivers/lvgl/src/misc/lv_utils.c ****  *  zero if equal, and positive if greater.
  42:Drivers/lvgl/src/misc/lv_utils.c ****  *
  43:Drivers/lvgl/src/misc/lv_utils.c ****  *  @note Items in the array must be in ascending order.
  44:Drivers/lvgl/src/misc/lv_utils.c ****  *
  45:Drivers/lvgl/src/misc/lv_utils.c ****  * @param key    Pointer to item being searched for
  46:Drivers/lvgl/src/misc/lv_utils.c ****  * @param base   Pointer to first element to search
  47:Drivers/lvgl/src/misc/lv_utils.c ****  * @param n      Number of elements
  48:Drivers/lvgl/src/misc/lv_utils.c ****  * @param size   Size of each element
  49:Drivers/lvgl/src/misc/lv_utils.c ****  * @param cmp    Pointer to comparison function (see #unicode_list_compare as a comparison function
  50:Drivers/lvgl/src/misc/lv_utils.c ****  * example)
  51:Drivers/lvgl/src/misc/lv_utils.c ****  *
  52:Drivers/lvgl/src/misc/lv_utils.c ****  * @return a pointer to a matching item, or NULL if none exists.
  53:Drivers/lvgl/src/misc/lv_utils.c ****  */
  54:Drivers/lvgl/src/misc/lv_utils.c **** void * _lv_utils_bsearch(const void * key, const void * base, uint32_t n, uint32_t size,
  55:Drivers/lvgl/src/misc/lv_utils.c ****                          int32_t (*cmp)(const void * pRef, const void * pElement))
  56:Drivers/lvgl/src/misc/lv_utils.c **** {
  30              		.loc 1 56 1 view -0
  31              		.cfi_startproc
  32              		@ args = 4, pretend = 0, frame = 0
  33              		@ frame_needed = 0, uses_anonymous_args = 0
  34              		.loc 1 56 1 is_stmt 0 view .LVU1
  35 0000 2DE9F047 		push	{r4, r5, r6, r7, r8, r9, r10, lr}
  36              		.cfi_def_cfa_offset 32
  37              		.cfi_offset 4, -32
  38              		.cfi_offset 5, -28
  39              		.cfi_offset 6, -24
  40              		.cfi_offset 7, -20
  41              		.cfi_offset 8, -16
  42              		.cfi_offset 9, -12
  43              		.cfi_offset 10, -8
  44              		.cfi_offset 14, -4
  45 0004 8146     		mov	r9, r0
  46 0006 8846     		mov	r8, r1
  47 0008 1446     		mov	r4, r2
  48 000a 1F46     		mov	r7, r3
  49 000c DDF820A0 		ldr	r10, [sp, #32]
  57:Drivers/lvgl/src/misc/lv_utils.c ****     const char * middle;
  50              		.loc 1 57 5 is_stmt 1 view .LVU2
  58:Drivers/lvgl/src/misc/lv_utils.c ****     int32_t c;
  51              		.loc 1 58 5 view .LVU3
  59:Drivers/lvgl/src/misc/lv_utils.c **** 
  60:Drivers/lvgl/src/misc/lv_utils.c ****     for(middle = base; n != 0;) {
  52              		.loc 1 60 5 view .LVU4
  53              	.LVL1:
  54              		.loc 1 60 5 is_stmt 0 view .LVU5
  55 0010 07E0     		b	.L2
ARM GAS  /var/folders/lp/x54gwt890xv47sdkqj1k04q40000gn/T//cc0IMCh2.s 			page 3


  56              	.LVL2:
  57              	.L9:
  61:Drivers/lvgl/src/misc/lv_utils.c ****         middle += (n / 2) * size;
  62:Drivers/lvgl/src/misc/lv_utils.c ****         if((c = (*cmp)(key, middle)) > 0) {
  63:Drivers/lvgl/src/misc/lv_utils.c ****             n    = (n / 2) - ((n & 1) == 0);
  58              		.loc 1 63 13 is_stmt 1 view .LVU6
  59              		.loc 1 63 39 is_stmt 0 view .LVU7
  60 0012 14F0010F 		tst	r4, #1
  61 0016 0CBF     		ite	eq
  62 0018 0124     		moveq	r4, #1
  63              	.LVL3:
  64              		.loc 1 63 39 view .LVU8
  65 001a 0024     		movne	r4, #0
  66              		.loc 1 63 18 view .LVU9
  67 001c 2C1B     		subs	r4, r5, r4
  68              	.LVL4:
  64:Drivers/lvgl/src/misc/lv_utils.c ****             base = (middle += size);
  69              		.loc 1 64 13 is_stmt 1 view .LVU10
  70              		.loc 1 64 28 is_stmt 0 view .LVU11
  71 001e 06EB0708 		add	r8, r6, r7
  72              	.LVL5:
  73              	.L2:
  60:Drivers/lvgl/src/misc/lv_utils.c ****         middle += (n / 2) * size;
  74              		.loc 1 60 26 is_stmt 1 discriminator 1 view .LVU12
  75 0022 5CB1     		cbz	r4, .L8
  61:Drivers/lvgl/src/misc/lv_utils.c ****         middle += (n / 2) * size;
  76              		.loc 1 61 9 view .LVU13
  61:Drivers/lvgl/src/misc/lv_utils.c ****         middle += (n / 2) * size;
  77              		.loc 1 61 22 is_stmt 0 view .LVU14
  78 0024 6508     		lsrs	r5, r4, #1
  61:Drivers/lvgl/src/misc/lv_utils.c ****         middle += (n / 2) * size;
  79              		.loc 1 61 16 view .LVU15
  80 0026 07FB0586 		mla	r6, r7, r5, r8
  81              	.LVL6:
  62:Drivers/lvgl/src/misc/lv_utils.c ****             n    = (n / 2) - ((n & 1) == 0);
  82              		.loc 1 62 9 is_stmt 1 view .LVU16
  62:Drivers/lvgl/src/misc/lv_utils.c ****             n    = (n / 2) - ((n & 1) == 0);
  83              		.loc 1 62 18 is_stmt 0 view .LVU17
  84 002a 3146     		mov	r1, r6
  85 002c 4846     		mov	r0, r9
  86 002e D047     		blx	r10
  87              	.LVL7:
  62:Drivers/lvgl/src/misc/lv_utils.c ****             n    = (n / 2) - ((n & 1) == 0);
  88              		.loc 1 62 11 discriminator 1 view .LVU18
  89 0030 0028     		cmp	r0, #0
  62:Drivers/lvgl/src/misc/lv_utils.c ****             n    = (n / 2) - ((n & 1) == 0);
  90              		.loc 1 62 11 discriminator 1 view .LVU19
  91 0032 EEDC     		bgt	.L9
  65:Drivers/lvgl/src/misc/lv_utils.c ****         }
  66:Drivers/lvgl/src/misc/lv_utils.c ****         else if(c < 0) {
  92              		.loc 1 66 14 is_stmt 1 view .LVU20
  93              		.loc 1 66 16 is_stmt 0 view .LVU21
  94 0034 0028     		cmp	r0, #0
  95 0036 02DA     		bge	.L1
  67:Drivers/lvgl/src/misc/lv_utils.c ****             n /= 2;
  96              		.loc 1 67 15 view .LVU22
  97 0038 2C46     		mov	r4, r5
ARM GAS  /var/folders/lp/x54gwt890xv47sdkqj1k04q40000gn/T//cc0IMCh2.s 			page 4


  98              	.LVL8:
  99              		.loc 1 67 15 view .LVU23
 100 003a F2E7     		b	.L2
 101              	.LVL9:
 102              	.L8:
  68:Drivers/lvgl/src/misc/lv_utils.c ****             middle = base;
  69:Drivers/lvgl/src/misc/lv_utils.c ****         }
  70:Drivers/lvgl/src/misc/lv_utils.c ****         else {
  71:Drivers/lvgl/src/misc/lv_utils.c ****             return (char *)middle;
  72:Drivers/lvgl/src/misc/lv_utils.c ****         }
  73:Drivers/lvgl/src/misc/lv_utils.c ****     }
  74:Drivers/lvgl/src/misc/lv_utils.c ****     return NULL;
 103              		.loc 1 74 12 view .LVU24
 104 003c 0026     		movs	r6, #0
 105              	.LVL10:
 106              	.L1:
  75:Drivers/lvgl/src/misc/lv_utils.c **** }
 107              		.loc 1 75 1 view .LVU25
 108 003e 3046     		mov	r0, r6
 109 0040 BDE8F087 		pop	{r4, r5, r6, r7, r8, r9, r10, pc}
 110              		.loc 1 75 1 view .LVU26
 111              		.cfi_endproc
 112              	.LFE0:
 114              		.text
 115              	.Letext0:
 116              		.file 2 "/Users/jr/Library/Application Support/Code/User/globalStorage/bmd.stm32-for-vscode/@xpack
 117              		.file 3 "/Users/jr/Library/Application Support/Code/User/globalStorage/bmd.stm32-for-vscode/@xpack
ARM GAS  /var/folders/lp/x54gwt890xv47sdkqj1k04q40000gn/T//cc0IMCh2.s 			page 5


DEFINED SYMBOLS
                            *ABS*:00000000 lv_utils.c
/var/folders/lp/x54gwt890xv47sdkqj1k04q40000gn/T//cc0IMCh2.s:21     .text._lv_utils_bsearch:00000000 $t
/var/folders/lp/x54gwt890xv47sdkqj1k04q40000gn/T//cc0IMCh2.s:27     .text._lv_utils_bsearch:00000000 _lv_utils_bsearch

NO UNDEFINED SYMBOLS
