ARM GAS  /var/folders/lp/x54gwt890xv47sdkqj1k04q40000gn/T//ccUp11CM.s 			page 1


   1              		.cpu cortex-m4
   2              		.arch armv7e-m
   3              		.fpu fpv4-sp-d16
   4              		.eabi_attribute 27, 1
   5              		.eabi_attribute 28, 1
   6              		.eabi_attribute 20, 1
   7              		.eabi_attribute 21, 1
   8              		.eabi_attribute 23, 3
   9              		.eabi_attribute 24, 1
  10              		.eabi_attribute 25, 1
  11              		.eabi_attribute 26, 1
  12              		.eabi_attribute 30, 1
  13              		.eabi_attribute 34, 1
  14              		.eabi_attribute 18, 4
  15              		.file	"oscillators.c"
  16              		.text
  17              	.Ltext0:
  18              		.cfi_sections	.debug_frame
  19              		.file 1 "Core/Src/oscillators.c"
  20              		.section	.text.osc_init,"ax",%progbits
  21              		.align	1
  22              		.global	osc_init
  23              		.syntax unified
  24              		.thumb
  25              		.thumb_func
  27              	osc_init:
  28              	.LVL0:
  29              	.LFB4:
   1:Core/Src/oscillators.c **** /**
   2:Core/Src/oscillators.c ****  * @file oscillators.c
   3:Core/Src/oscillators.c ****  * @author johannes regnier
   4:Core/Src/oscillators.c ****  * @brief Various oscillators
   5:Core/Src/oscillators.c ****  *  General architecture and FM2OP from Xavier Halgand's Dekrispator
   6:Core/Src/oscillators.c ****  *  2-sample polyblep oscillators from:
   7:Core/Src/oscillators.c ****  *  Välimäki, V., Pekonen, J., & Nam, J. (2012). Perceptually informed synthesis of bandlimited c
   8:Core/Src/oscillators.c ****  *  waveforms using integrated polynomial interpolation. 
   9:Core/Src/oscillators.c ****  * @version 0.1
  10:Core/Src/oscillators.c ****  * @date 2023-12-26
  11:Core/Src/oscillators.c ****  *
  12:Core/Src/oscillators.c ****  * @copyright Copyright (c) 2023
  13:Core/Src/oscillators.c ****  *
  14:Core/Src/oscillators.c ****  */
  15:Core/Src/oscillators.c **** 
  16:Core/Src/oscillators.c **** // #include <math.h>
  17:Core/Src/oscillators.c **** #include "oscillators.h"
  18:Core/Src/oscillators.c **** #include "CONSTS.h"
  19:Core/Src/oscillators.c **** #include "lut_sine.h"
  20:Core/Src/oscillators.c **** #include "helper_functions.h"
  21:Core/Src/oscillators.c **** 
  22:Core/Src/oscillators.c **** oscillator_t osc1 _CCM_;
  23:Core/Src/oscillators.c **** oscillator_t osc2 _CCM_;
  24:Core/Src/oscillators.c **** oscillator_t osc3 _CCM_;
  25:Core/Src/oscillators.c **** oscillator_t osc4 _CCM_;
  26:Core/Src/oscillators.c **** oscillator_t sub_osc _CCM_;
  27:Core/Src/oscillators.c **** oscillator_t flanger_lfo _CCM_;
  28:Core/Src/oscillators.c **** 
  29:Core/Src/oscillators.c **** void osc_init(oscillator_t *osc, float amp, float freq, float FM_index, float FM_ratio, float pw)
ARM GAS  /var/folders/lp/x54gwt890xv47sdkqj1k04q40000gn/T//ccUp11CM.s 			page 2


  30:Core/Src/oscillators.c **** {
  30              		.loc 1 30 1 view -0
  31              		.cfi_startproc
  32              		@ args = 0, pretend = 0, frame = 0
  33              		@ frame_needed = 0, uses_anonymous_args = 0
  34              		@ link register save eliminated.
  31:Core/Src/oscillators.c ****     osc->amp = amp;
  35              		.loc 1 31 5 view .LVU1
  36              		.loc 1 31 14 is_stmt 0 view .LVU2
  37 0000 80ED000A 		vstr.32	s0, [r0]
  32:Core/Src/oscillators.c ****     osc->freq = A0 * freq;
  38              		.loc 1 32 5 is_stmt 1 view .LVU3
  39              		.loc 1 32 20 is_stmt 0 view .LVU4
  40 0004 DFED077A 		vldr.32	s15, .L2
  41 0008 60EEA70A 		vmul.f32	s1, s1, s15
  42              	.LVL1:
  43              		.loc 1 32 15 view .LVU5
  44 000c C0ED010A 		vstr.32	s1, [r0, #4]
  33:Core/Src/oscillators.c ****     osc->phase = 0;
  45              		.loc 1 33 5 is_stmt 1 view .LVU6
  46              		.loc 1 33 16 is_stmt 0 view .LVU7
  47 0010 0023     		movs	r3, #0
  48 0012 8360     		str	r3, [r0, #8]	@ float
  34:Core/Src/oscillators.c ****     osc->FM_index = FM_index;
  49              		.loc 1 34 5 is_stmt 1 view .LVU8
  50              		.loc 1 34 19 is_stmt 0 view .LVU9
  51 0014 80ED031A 		vstr.32	s2, [r0, #12]
  35:Core/Src/oscillators.c ****     osc->FM_ratio = FM_ratio;
  52              		.loc 1 35 5 is_stmt 1 view .LVU10
  53              		.loc 1 35 19 is_stmt 0 view .LVU11
  54 0018 C0ED041A 		vstr.32	s3, [r0, #16]
  36:Core/Src/oscillators.c ****     osc->pw = pw;
  55              		.loc 1 36 5 is_stmt 1 view .LVU12
  56              		.loc 1 36 13 is_stmt 0 view .LVU13
  57 001c 80ED052A 		vstr.32	s4, [r0, #20]
  37:Core/Src/oscillators.c ****     osc->output = 0;
  58              		.loc 1 37 5 is_stmt 1 view .LVU14
  59              		.loc 1 37 17 is_stmt 0 view .LVU15
  60 0020 8361     		str	r3, [r0, #24]	@ float
  38:Core/Src/oscillators.c **** }
  61              		.loc 1 38 1 view .LVU16
  62 0022 7047     		bx	lr
  63              	.L3:
  64              		.align	2
  65              	.L2:
  66 0024 8D3B803F 		.word	1065368461
  67              		.cfi_endproc
  68              	.LFE4:
  70              		.section	.text.osc_Sine,"ax",%progbits
  71              		.align	1
  72              		.global	osc_Sine
  73              		.syntax unified
  74              		.thumb
  75              		.thumb_func
  77              	osc_Sine:
  78              	.LVL2:
  79              	.LFB5:
ARM GAS  /var/folders/lp/x54gwt890xv47sdkqj1k04q40000gn/T//ccUp11CM.s 			page 3


  39:Core/Src/oscillators.c **** 
  40:Core/Src/oscillators.c **** 
  41:Core/Src/oscillators.c **** /**
  42:Core/Src/oscillators.c ****  * @brief a simple sine oscillator, based on a lookup table with linear interpolation
  43:Core/Src/oscillators.c ****  * 
  44:Core/Src/oscillators.c ****  * @param osc 
  45:Core/Src/oscillators.c ****  * @return float 
  46:Core/Src/oscillators.c ****  */
  47:Core/Src/oscillators.c **** float osc_Sine(oscillator_t *osc)
  48:Core/Src/oscillators.c **** {
  80              		.loc 1 48 1 is_stmt 1 view -0
  81              		.cfi_startproc
  82              		@ args = 0, pretend = 0, frame = 0
  83              		@ frame_needed = 0, uses_anonymous_args = 0
  84              		.loc 1 48 1 is_stmt 0 view .LVU18
  85 0000 10B5     		push	{r4, lr}
  86              		.cfi_def_cfa_offset 8
  87              		.cfi_offset 4, -8
  88              		.cfi_offset 14, -4
  89 0002 2DED028B 		vpush.64	{d8}
  90              		.cfi_def_cfa_offset 16
  91              		.cfi_offset 80, -16
  92              		.cfi_offset 81, -12
  93 0006 0446     		mov	r4, r0
  49:Core/Src/oscillators.c **** 
  50:Core/Src/oscillators.c ****     osc->phase = wrap(osc->phase, 1);  // keep phase between 0 and 1
  94              		.loc 1 50 5 is_stmt 1 view .LVU19
  95              		.loc 1 50 18 is_stmt 0 view .LVU20
  96 0008 D0ED027A 		vldr.32	s15, [r0, #8]
  97              	.LVL3:
  98              	.LBB10:
  99              	.LBI10:
 100              		.file 2 "Core/Inc/helper_functions.h"
   1:Core/Inc/helper_functions.h **** /**
   2:Core/Inc/helper_functions.h ****  * @file helper_functions.h
   3:Core/Inc/helper_functions.h ****  * @author johannes regnier
   4:Core/Inc/helper_functions.h ****  * @brief Various math tools 
   5:Core/Inc/helper_functions.h ****  * @version 0.1
   6:Core/Inc/helper_functions.h ****  * @date 2023-12-30
   7:Core/Inc/helper_functions.h ****  * 
   8:Core/Inc/helper_functions.h ****  * @copyright Copyright (c) 2023
   9:Core/Inc/helper_functions.h ****  * 
  10:Core/Inc/helper_functions.h ****  */
  11:Core/Inc/helper_functions.h **** 
  12:Core/Inc/helper_functions.h **** #ifndef _HELPER_FUNCTIONS_H
  13:Core/Inc/helper_functions.h **** #define _HELPER_FUNCTIONS_H
  14:Core/Inc/helper_functions.h **** 
  15:Core/Inc/helper_functions.h **** 
  16:Core/Inc/helper_functions.h **** #include <math.h>
  17:Core/Inc/helper_functions.h **** #include <stdint.h>
  18:Core/Inc/helper_functions.h **** 
  19:Core/Inc/helper_functions.h **** #ifndef NOMINMAX
  20:Core/Inc/helper_functions.h **** 
  21:Core/Inc/helper_functions.h **** #ifndef max
  22:Core/Inc/helper_functions.h **** #define max(a,b)            (((a) > (b)) ? (a) : (b))
  23:Core/Inc/helper_functions.h **** #endif
  24:Core/Inc/helper_functions.h **** 
ARM GAS  /var/folders/lp/x54gwt890xv47sdkqj1k04q40000gn/T//ccUp11CM.s 			page 4


  25:Core/Inc/helper_functions.h **** #ifndef min
  26:Core/Inc/helper_functions.h **** #define min(a,b)            (((a) < (b)) ? (a) : (b))
  27:Core/Inc/helper_functions.h **** #endif
  28:Core/Inc/helper_functions.h **** 
  29:Core/Inc/helper_functions.h **** #endif  /* NOMINMAX */
  30:Core/Inc/helper_functions.h **** 
  31:Core/Inc/helper_functions.h **** /**
  32:Core/Inc/helper_functions.h ****  * @brief Keep value between 0 and max
  33:Core/Inc/helper_functions.h ****  * 
  34:Core/Inc/helper_functions.h ****  * @param value 
  35:Core/Inc/helper_functions.h ****  * @param max 
  36:Core/Inc/helper_functions.h ****  * @return float 
  37:Core/Inc/helper_functions.h ****  */
  38:Core/Inc/helper_functions.h **** inline float wrap(float value, float max)   
 101              		.loc 2 38 14 is_stmt 1 view .LVU21
 102              	.LBB11:
  39:Core/Inc/helper_functions.h **** {
  40:Core/Inc/helper_functions.h ****     if (value < 0.f)
 103              		.loc 2 40 5 view .LVU22
 104              		.loc 2 40 8 is_stmt 0 view .LVU23
 105 000c F5EEC07A 		vcmpe.f32	s15, #0
 106 0010 F1EE10FA 		vmrs	APSR_nzcv, FPSCR
 107 0014 28D4     		bmi	.L12
 108              	.L5:
  41:Core/Inc/helper_functions.h ****         value += max;
  42:Core/Inc/helper_functions.h ****     if (value >= max)
 109              		.loc 2 42 5 is_stmt 1 view .LVU24
 110              		.loc 2 42 8 is_stmt 0 view .LVU25
 111 0016 B7EE007A 		vmov.f32	s14, #1.0e+0
 112 001a F4EEC77A 		vcmpe.f32	s15, s14
 113 001e F1EE10FA 		vmrs	APSR_nzcv, FPSCR
 114 0022 01DB     		blt	.L7
  43:Core/Inc/helper_functions.h ****         value -= max;
 115              		.loc 2 43 9 is_stmt 1 view .LVU26
 116              		.loc 2 43 15 is_stmt 0 view .LVU27
 117 0024 77EEC77A 		vsub.f32	s15, s15, s14
 118              	.LVL4:
 119              	.L7:
  44:Core/Inc/helper_functions.h **** 
  45:Core/Inc/helper_functions.h ****     return value;
 120              		.loc 2 45 5 is_stmt 1 view .LVU28
 121              		.loc 2 45 5 is_stmt 0 view .LVU29
 122              	.LBE11:
 123              	.LBE10:
 124              		.loc 1 50 16 discriminator 1 view .LVU30
 125 0028 C4ED027A 		vstr.32	s15, [r4, #8]
  51:Core/Src/oscillators.c ****     osc->output = osc->amp * interp_lin_lut(LUT_SINE_SIZE * (osc->phase), LUT_SINE_SIZE, lut_sine);
 126              		.loc 1 51 5 is_stmt 1 view .LVU31
 127              		.loc 1 51 22 is_stmt 0 view .LVU32
 128 002c 94ED008A 		vldr.32	s16, [r4]
 129              		.loc 1 51 30 view .LVU33
 130 0030 1049     		ldr	r1, .L13
 131 0032 4FF48060 		mov	r0, #1024
 132              	.LVL5:
 133              		.loc 1 51 30 view .LVU34
 134 0036 9FED100A 		vldr.32	s0, .L13+4
 135 003a 27EE800A 		vmul.f32	s0, s15, s0
ARM GAS  /var/folders/lp/x54gwt890xv47sdkqj1k04q40000gn/T//ccUp11CM.s 			page 5


 136 003e FFF7FEFF 		bl	interp_lin_lut
 137              	.LVL6:
 138              		.loc 1 51 28 discriminator 1 view .LVU35
 139 0042 28EE000A 		vmul.f32	s0, s16, s0
 140              		.loc 1 51 17 discriminator 1 view .LVU36
 141 0046 84ED060A 		vstr.32	s0, [r4, #24]
  52:Core/Src/oscillators.c ****     osc->phase += A0 * TS * osc->freq;  // increment phase (phase normalized from 0 to 1)
 142              		.loc 1 52 5 is_stmt 1 view .LVU37
 143              		.loc 1 52 8 is_stmt 0 view .LVU38
 144 004a D4ED027A 		vldr.32	s15, [r4, #8]
 145              		.loc 1 52 32 view .LVU39
 146 004e 94ED017A 		vldr.32	s14, [r4, #4]
 147              		.loc 1 52 27 view .LVU40
 148 0052 DFED0A6A 		vldr.32	s13, .L13+8
 149 0056 27EE267A 		vmul.f32	s14, s14, s13
 150              		.loc 1 52 16 view .LVU41
 151 005a 77EE877A 		vadd.f32	s15, s15, s14
 152 005e C4ED027A 		vstr.32	s15, [r4, #8]
  53:Core/Src/oscillators.c **** 
  54:Core/Src/oscillators.c ****     return osc->output;
 153              		.loc 1 54 5 is_stmt 1 view .LVU42
  55:Core/Src/oscillators.c **** }
 154              		.loc 1 55 1 is_stmt 0 view .LVU43
 155 0062 BDEC028B 		vldm	sp!, {d8}
 156              		.cfi_remember_state
 157              		.cfi_restore 80
 158              		.cfi_restore 81
 159              		.cfi_def_cfa_offset 8
 160 0066 10BD     		pop	{r4, pc}
 161              	.LVL7:
 162              	.L12:
 163              		.cfi_restore_state
 164              	.LBB13:
 165              	.LBB12:
  41:Core/Inc/helper_functions.h ****     if (value >= max)
 166              		.loc 2 41 9 is_stmt 1 view .LVU44
  41:Core/Inc/helper_functions.h ****     if (value >= max)
 167              		.loc 2 41 15 is_stmt 0 view .LVU45
 168 0068 B7EE007A 		vmov.f32	s14, #1.0e+0
 169 006c 77EE877A 		vadd.f32	s15, s15, s14
 170              	.LVL8:
  41:Core/Inc/helper_functions.h ****     if (value >= max)
 171              		.loc 2 41 15 view .LVU46
 172 0070 D1E7     		b	.L5
 173              	.L14:
 174 0072 00BF     		.align	2
 175              	.L13:
 176 0074 00000000 		.word	lut_sine
 177 0078 00008044 		.word	1149239296
 178 007c 4590BE37 		.word	935235653
 179              	.LBE12:
 180              	.LBE13:
 181              		.cfi_endproc
 182              	.LFE5:
 184              		.section	.text.osc_FM2OP,"ax",%progbits
 185              		.align	1
 186              		.global	osc_FM2OP
ARM GAS  /var/folders/lp/x54gwt890xv47sdkqj1k04q40000gn/T//ccUp11CM.s 			page 6


 187              		.syntax unified
 188              		.thumb
 189              		.thumb_func
 191              	osc_FM2OP:
 192              	.LVL9:
 193              	.LFB6:
  56:Core/Src/oscillators.c **** 
  57:Core/Src/oscillators.c **** /**
  58:Core/Src/oscillators.c ****  * @brief simple 2 op FM. Osc 2 modulates the phase of osc 1. 
  59:Core/Src/oscillators.c ****  * 
  60:Core/Src/oscillators.c ****  * @param freq 
  61:Core/Src/oscillators.c ****  * @return float 
  62:Core/Src/oscillators.c ****  */
  63:Core/Src/oscillators.c **** float osc_FM2OP(float freq)
  64:Core/Src/oscillators.c **** {
 194              		.loc 1 64 1 is_stmt 1 view -0
 195              		.cfi_startproc
 196              		@ args = 0, pretend = 0, frame = 0
 197              		@ frame_needed = 0, uses_anonymous_args = 0
 198              		.loc 1 64 1 is_stmt 0 view .LVU48
 199 0000 38B5     		push	{r3, r4, r5, lr}
 200              		.cfi_def_cfa_offset 16
 201              		.cfi_offset 3, -16
 202              		.cfi_offset 4, -12
 203              		.cfi_offset 5, -8
 204              		.cfi_offset 14, -4
  65:Core/Src/oscillators.c ****     osc1.freq = A0 * freq;
 205              		.loc 1 65 5 is_stmt 1 view .LVU49
 206              		.loc 1 65 20 is_stmt 0 view .LVU50
 207 0002 DFED157A 		vldr.32	s15, .L17
 208 0006 60EE277A 		vmul.f32	s15, s0, s15
 209              		.loc 1 65 15 view .LVU51
 210 000a 144C     		ldr	r4, .L17+4
 211 000c C4ED017A 		vstr.32	s15, [r4, #4]
  66:Core/Src/oscillators.c ****     osc2.freq = osc2.FM_ratio * A0 * freq;
 212              		.loc 1 66 5 is_stmt 1 view .LVU52
 213              		.loc 1 66 21 is_stmt 0 view .LVU53
 214 0010 134D     		ldr	r5, .L17+8
 215 0012 95ED047A 		vldr.32	s14, [r5, #16]
 216              		.loc 1 66 31 view .LVU54
 217 0016 DFED137A 		vldr.32	s15, .L17+12
 218 001a 27EE277A 		vmul.f32	s14, s14, s15
 219              		.loc 1 66 33 view .LVU55
 220 001e DFED126A 		vldr.32	s13, .L17+16
 221 0022 C7EE267A 		vdiv.f32	s15, s14, s13
 222              		.loc 1 66 36 view .LVU56
 223 0026 67EE807A 		vmul.f32	s15, s15, s0
 224              		.loc 1 66 15 view .LVU57
 225 002a C5ED017A 		vstr.32	s15, [r5, #4]
  67:Core/Src/oscillators.c ****     osc_Sine(&osc2);
 226              		.loc 1 67 5 is_stmt 1 view .LVU58
 227 002e 2846     		mov	r0, r5
 228 0030 FFF7FEFF 		bl	osc_Sine
 229              	.LVL10:
  68:Core/Src/oscillators.c ****     osc1.phase += osc1.FM_index * osc2.output;
 230              		.loc 1 68 5 view .LVU59
 231              		.loc 1 68 9 is_stmt 0 view .LVU60
ARM GAS  /var/folders/lp/x54gwt890xv47sdkqj1k04q40000gn/T//ccUp11CM.s 			page 7


 232 0034 D4ED027A 		vldr.32	s15, [r4, #8]
 233              		.loc 1 68 23 view .LVU61
 234 0038 94ED037A 		vldr.32	s14, [r4, #12]
 235              		.loc 1 68 39 view .LVU62
 236 003c D5ED066A 		vldr.32	s13, [r5, #24]
 237              		.loc 1 68 33 view .LVU63
 238 0040 27EE267A 		vmul.f32	s14, s14, s13
 239              		.loc 1 68 16 view .LVU64
 240 0044 77EE877A 		vadd.f32	s15, s15, s14
 241 0048 C4ED027A 		vstr.32	s15, [r4, #8]
  69:Core/Src/oscillators.c ****     osc_Sine(&osc1);
 242              		.loc 1 69 5 is_stmt 1 view .LVU65
 243 004c 2046     		mov	r0, r4
 244 004e FFF7FEFF 		bl	osc_Sine
 245              	.LVL11:
  70:Core/Src/oscillators.c ****     
  71:Core/Src/oscillators.c ****     return osc1.output;
 246              		.loc 1 71 5 view .LVU66
  72:Core/Src/oscillators.c **** }
 247              		.loc 1 72 1 is_stmt 0 view .LVU67
 248 0052 94ED060A 		vldr.32	s0, [r4, #24]
 249 0056 38BD     		pop	{r3, r4, r5, pc}
 250              	.L18:
 251              		.align	2
 252              	.L17:
 253 0058 8D3B803F 		.word	1065368461
 254 005c 00000000 		.word	osc1
 255 0060 00000000 		.word	osc2
 256 0064 00442C47 		.word	1194083328
 257 0068 00F42B47 		.word	1194062848
 258              		.cfi_endproc
 259              	.LFE6:
 261              		.section	.text.osc_polyblepSaw,"ax",%progbits
 262              		.align	1
 263              		.global	osc_polyblepSaw
 264              		.syntax unified
 265              		.thumb
 266              		.thumb_func
 268              	osc_polyblepSaw:
 269              	.LVL12:
 270              	.LFB7:
  73:Core/Src/oscillators.c **** 
  74:Core/Src/oscillators.c **** 
  75:Core/Src/oscillators.c **** /**
  76:Core/Src/oscillators.c ****  * @brief bandlimited sawtooth oscillator
  77:Core/Src/oscillators.c ****  * 
  78:Core/Src/oscillators.c ****  * @param osc 
  79:Core/Src/oscillators.c ****  * @return float 
  80:Core/Src/oscillators.c ****  */
  81:Core/Src/oscillators.c **** float osc_polyblepSaw(oscillator_t *osc)
  82:Core/Src/oscillators.c **** {
 271              		.loc 1 82 1 is_stmt 1 view -0
 272              		.cfi_startproc
 273              		@ args = 0, pretend = 0, frame = 0
 274              		@ frame_needed = 0, uses_anonymous_args = 0
 275              		.loc 1 82 1 is_stmt 0 view .LVU69
 276 0000 10B5     		push	{r4, lr}
ARM GAS  /var/folders/lp/x54gwt890xv47sdkqj1k04q40000gn/T//ccUp11CM.s 			page 8


 277              		.cfi_def_cfa_offset 8
 278              		.cfi_offset 4, -8
 279              		.cfi_offset 14, -4
 280 0002 2DED028B 		vpush.64	{d8}
 281              		.cfi_def_cfa_offset 16
 282              		.cfi_offset 80, -16
 283              		.cfi_offset 81, -12
 284 0006 0446     		mov	r4, r0
  83:Core/Src/oscillators.c ****     float dt = A0 * TS * osc->freq; // phase increment
 285              		.loc 1 83 5 is_stmt 1 view .LVU70
 286              		.loc 1 83 29 is_stmt 0 view .LVU71
 287 0008 D0ED010A 		vldr.32	s1, [r0, #4]
 288              		.loc 1 83 11 view .LVU72
 289 000c DFED187A 		vldr.32	s15, .L28
 290 0010 60EEA70A 		vmul.f32	s1, s1, s15
 291              	.LVL13:
  84:Core/Src/oscillators.c ****     float t = osc->phase;   // phase
 292              		.loc 1 84 5 is_stmt 1 view .LVU73
 293              		.loc 1 84 11 is_stmt 0 view .LVU74
 294 0014 90ED020A 		vldr.32	s0, [r0, #8]
 295              	.LVL14:
  85:Core/Src/oscillators.c ****     float naiveSaw = (2.f * t) - 1.f;  // naive sawtooth (bipolar ramp)
 296              		.loc 1 85 5 is_stmt 1 view .LVU75
 297              		.loc 1 85 27 is_stmt 0 view .LVU76
 298 0018 30EE008A 		vadd.f32	s16, s0, s0
 299              		.loc 1 85 11 view .LVU77
 300 001c F7EE007A 		vmov.f32	s15, #1.0e+0
 301 0020 38EE678A 		vsub.f32	s16, s16, s15
 302              	.LVL15:
  86:Core/Src/oscillators.c **** 
  87:Core/Src/oscillators.c ****     osc->phase += dt;       
 303              		.loc 1 87 5 is_stmt 1 view .LVU78
 304              		.loc 1 87 16 is_stmt 0 view .LVU79
 305 0024 70EE807A 		vadd.f32	s15, s1, s0
 306 0028 C0ED027A 		vstr.32	s15, [r0, #8]
  88:Core/Src/oscillators.c ****     osc->phase = wrap(osc->phase, 1); // keep phase between 0 and 1
 307              		.loc 1 88 5 is_stmt 1 view .LVU80
 308              	.LVL16:
 309              	.LBB14:
 310              	.LBI14:
  38:Core/Inc/helper_functions.h **** {
 311              		.loc 2 38 14 view .LVU81
 312              	.LBB15:
  40:Core/Inc/helper_functions.h ****         value += max;
 313              		.loc 2 40 5 view .LVU82
  40:Core/Inc/helper_functions.h ****         value += max;
 314              		.loc 2 40 8 is_stmt 0 view .LVU83
 315 002c F5EEC07A 		vcmpe.f32	s15, #0
 316 0030 F1EE10FA 		vmrs	APSR_nzcv, FPSCR
 317 0034 17D4     		bmi	.L27
 318              	.L20:
  42:Core/Inc/helper_functions.h ****         value -= max;
 319              		.loc 2 42 5 is_stmt 1 view .LVU84
  42:Core/Inc/helper_functions.h ****         value -= max;
 320              		.loc 2 42 8 is_stmt 0 view .LVU85
 321 0036 B7EE007A 		vmov.f32	s14, #1.0e+0
 322 003a F4EEC77A 		vcmpe.f32	s15, s14
ARM GAS  /var/folders/lp/x54gwt890xv47sdkqj1k04q40000gn/T//ccUp11CM.s 			page 9


 323 003e F1EE10FA 		vmrs	APSR_nzcv, FPSCR
 324 0042 01DB     		blt	.L22
  43:Core/Inc/helper_functions.h **** 
 325              		.loc 2 43 9 is_stmt 1 view .LVU86
  43:Core/Inc/helper_functions.h **** 
 326              		.loc 2 43 15 is_stmt 0 view .LVU87
 327 0044 77EEC77A 		vsub.f32	s15, s15, s14
 328              	.LVL17:
 329              	.L22:
 330              		.loc 2 45 5 is_stmt 1 view .LVU88
 331              		.loc 2 45 5 is_stmt 0 view .LVU89
 332              	.LBE15:
 333              	.LBE14:
 334              		.loc 1 88 16 discriminator 1 view .LVU90
 335 0048 C4ED027A 		vstr.32	s15, [r4, #8]
  89:Core/Src/oscillators.c **** 
  90:Core/Src/oscillators.c ****     // osc->output = osc->amp * naiveSaw;                       // naive sawtooth
  91:Core/Src/oscillators.c ****     osc->output = osc->amp * (naiveSaw - polyblep(t, dt));      // quasi-bandlimited sawtooth
 336              		.loc 1 91 5 is_stmt 1 view .LVU91
 337              		.loc 1 91 22 is_stmt 0 view .LVU92
 338 004c D4ED008A 		vldr.32	s17, [r4]
 339              		.loc 1 91 42 view .LVU93
 340 0050 FFF7FEFF 		bl	polyblep
 341              	.LVL18:
 342              		.loc 1 91 40 discriminator 1 view .LVU94
 343 0054 38EE408A 		vsub.f32	s16, s16, s0
 344              	.LVL19:
 345              		.loc 1 91 28 discriminator 1 view .LVU95
 346 0058 28EE880A 		vmul.f32	s0, s17, s16
 347              		.loc 1 91 17 discriminator 1 view .LVU96
 348 005c 84ED060A 		vstr.32	s0, [r4, #24]
  92:Core/Src/oscillators.c ****     return osc->output;
 349              		.loc 1 92 5 is_stmt 1 view .LVU97
  93:Core/Src/oscillators.c **** }
 350              		.loc 1 93 1 is_stmt 0 view .LVU98
 351 0060 BDEC028B 		vldm	sp!, {d8}
 352              		.cfi_remember_state
 353              		.cfi_restore 80
 354              		.cfi_restore 81
 355              		.cfi_def_cfa_offset 8
 356 0064 10BD     		pop	{r4, pc}
 357              	.LVL20:
 358              	.L27:
 359              		.cfi_restore_state
 360              	.LBB17:
 361              	.LBB16:
  41:Core/Inc/helper_functions.h ****     if (value >= max)
 362              		.loc 2 41 9 is_stmt 1 view .LVU99
  41:Core/Inc/helper_functions.h ****     if (value >= max)
 363              		.loc 2 41 15 is_stmt 0 view .LVU100
 364 0066 B7EE007A 		vmov.f32	s14, #1.0e+0
 365 006a 77EE877A 		vadd.f32	s15, s15, s14
 366              	.LVL21:
  41:Core/Inc/helper_functions.h ****     if (value >= max)
 367              		.loc 2 41 15 view .LVU101
 368 006e E2E7     		b	.L20
 369              	.L29:
ARM GAS  /var/folders/lp/x54gwt890xv47sdkqj1k04q40000gn/T//ccUp11CM.s 			page 10


 370              		.align	2
 371              	.L28:
 372 0070 4590BE37 		.word	935235653
 373              	.LBE16:
 374              	.LBE17:
 375              		.cfi_endproc
 376              	.LFE7:
 378              		.section	.text.osc_polyblepRect,"ax",%progbits
 379              		.align	1
 380              		.global	osc_polyblepRect
 381              		.syntax unified
 382              		.thumb
 383              		.thumb_func
 385              	osc_polyblepRect:
 386              	.LVL22:
 387              	.LFB8:
  94:Core/Src/oscillators.c **** 
  95:Core/Src/oscillators.c **** /**
  96:Core/Src/oscillators.c ****  * @brief band limited square oscillator with variable pulse width
  97:Core/Src/oscillators.c ****  * 
  98:Core/Src/oscillators.c ****  * @param osc 
  99:Core/Src/oscillators.c ****  * @return float 
 100:Core/Src/oscillators.c ****  */
 101:Core/Src/oscillators.c **** float osc_polyblepRect(oscillator_t * osc){
 388              		.loc 1 101 43 is_stmt 1 view -0
 389              		.cfi_startproc
 390              		@ args = 0, pretend = 0, frame = 0
 391              		@ frame_needed = 0, uses_anonymous_args = 0
 392              		.loc 1 101 43 is_stmt 0 view .LVU103
 393 0000 10B5     		push	{r4, lr}
 394              		.cfi_def_cfa_offset 8
 395              		.cfi_offset 4, -8
 396              		.cfi_offset 14, -4
 397 0002 2DED048B 		vpush.64	{d8, d9}
 398              		.cfi_def_cfa_offset 24
 399              		.cfi_offset 80, -24
 400              		.cfi_offset 81, -20
 401              		.cfi_offset 82, -16
 402              		.cfi_offset 83, -12
 403 0006 0446     		mov	r4, r0
 102:Core/Src/oscillators.c ****     float dt = A0 * TS * osc->freq; // phase increment
 404              		.loc 1 102 5 is_stmt 1 view .LVU104
 405              		.loc 1 102 29 is_stmt 0 view .LVU105
 406 0008 90ED019A 		vldr.32	s18, [r0, #4]
 407              		.loc 1 102 11 view .LVU106
 408 000c DFED2B7A 		vldr.32	s15, .L51
 409 0010 29EE279A 		vmul.f32	s18, s18, s15
 410              	.LVL23:
 103:Core/Src/oscillators.c ****     float t = osc->phase;   // phase
 411              		.loc 1 103 5 is_stmt 1 view .LVU107
 412              		.loc 1 103 11 is_stmt 0 view .LVU108
 413 0014 90ED028A 		vldr.32	s16, [r0, #8]
 414              	.LVL24:
 104:Core/Src/oscillators.c ****     float pw = osc->pw;     // pulse width (duty cycle)
 415              		.loc 1 104 5 is_stmt 1 view .LVU109
 416              		.loc 1 104 11 is_stmt 0 view .LVU110
 417 0018 D0ED059A 		vldr.32	s19, [r0, #20]
ARM GAS  /var/folders/lp/x54gwt890xv47sdkqj1k04q40000gn/T//ccUp11CM.s 			page 11


 418              	.LVL25:
 105:Core/Src/oscillators.c ****     float Rect = (t >= pw) ? -1.f : 1.f; // naive rectangle
 419              		.loc 1 105 5 is_stmt 1 view .LVU111
 420              		.loc 1 105 35 is_stmt 0 view .LVU112
 421 001c B4EEE98A 		vcmpe.f32	s16, s19
 422 0020 F1EE10FA 		vmrs	APSR_nzcv, FPSCR
 423 0024 3CDB     		blt	.L47
 424              		.loc 1 105 35 discriminator 1 view .LVU113
 425 0026 FFEE008A 		vmov.f32	s17, #-1.0e+0
 426              	.L31:
 427              	.LVL26:
 106:Core/Src/oscillators.c **** 
 107:Core/Src/oscillators.c ****     osc->phase += dt;       
 428              		.loc 1 107 5 is_stmt 1 view .LVU114
 429              		.loc 1 107 16 is_stmt 0 view .LVU115
 430 002a 79EE087A 		vadd.f32	s15, s18, s16
 431 002e C4ED027A 		vstr.32	s15, [r4, #8]
 108:Core/Src/oscillators.c ****     osc->phase = wrap(osc->phase, 1); // keep phase between 0 and 1
 432              		.loc 1 108 5 is_stmt 1 view .LVU116
 433              	.LVL27:
 434              	.LBB18:
 435              	.LBI18:
  38:Core/Inc/helper_functions.h **** {
 436              		.loc 2 38 14 view .LVU117
 437              	.LBB19:
  40:Core/Inc/helper_functions.h ****         value += max;
 438              		.loc 2 40 5 view .LVU118
  40:Core/Inc/helper_functions.h ****         value += max;
 439              		.loc 2 40 8 is_stmt 0 view .LVU119
 440 0032 F5EEC07A 		vcmpe.f32	s15, #0
 441 0036 F1EE10FA 		vmrs	APSR_nzcv, FPSCR
 442 003a 34D4     		bmi	.L49
 443              	.L33:
  42:Core/Inc/helper_functions.h ****         value -= max;
 444              		.loc 2 42 5 is_stmt 1 view .LVU120
  42:Core/Inc/helper_functions.h ****         value -= max;
 445              		.loc 2 42 8 is_stmt 0 view .LVU121
 446 003c B7EE007A 		vmov.f32	s14, #1.0e+0
 447 0040 F4EEC77A 		vcmpe.f32	s15, s14
 448 0044 F1EE10FA 		vmrs	APSR_nzcv, FPSCR
 449 0048 01DB     		blt	.L35
  43:Core/Inc/helper_functions.h **** 
 450              		.loc 2 43 9 is_stmt 1 view .LVU122
  43:Core/Inc/helper_functions.h **** 
 451              		.loc 2 43 15 is_stmt 0 view .LVU123
 452 004a 77EEC77A 		vsub.f32	s15, s15, s14
 453              	.LVL28:
 454              	.L35:
 455              		.loc 2 45 5 is_stmt 1 view .LVU124
 456              		.loc 2 45 5 is_stmt 0 view .LVU125
 457              	.LBE19:
 458              	.LBE18:
 459              		.loc 1 108 16 discriminator 1 view .LVU126
 460 004e C4ED027A 		vstr.32	s15, [r4, #8]
 109:Core/Src/oscillators.c **** 
 110:Core/Src/oscillators.c ****     Rect += polyblep(t, dt);
 461              		.loc 1 110 5 is_stmt 1 view .LVU127
ARM GAS  /var/folders/lp/x54gwt890xv47sdkqj1k04q40000gn/T//ccUp11CM.s 			page 12


 462              		.loc 1 110 13 is_stmt 0 view .LVU128
 463 0052 F0EE490A 		vmov.f32	s1, s18
 464 0056 B0EE480A 		vmov.f32	s0, s16
 465 005a FFF7FEFF 		bl	polyblep
 466              	.LVL29:
 467              		.loc 1 110 10 discriminator 1 view .LVU129
 468 005e 78EE808A 		vadd.f32	s17, s17, s0
 469              	.LVL30:
 111:Core/Src/oscillators.c ****     Rect -= polyblep(wrap(t - pw, 1.f), dt);
 470              		.loc 1 111 5 is_stmt 1 view .LVU130
 471              		.loc 1 111 13 is_stmt 0 view .LVU131
 472 0062 38EE690A 		vsub.f32	s0, s16, s19
 473              	.LVL31:
 474              	.LBB21:
 475              	.LBI21:
  38:Core/Inc/helper_functions.h **** {
 476              		.loc 2 38 14 is_stmt 1 view .LVU132
 477              	.LBB22:
  40:Core/Inc/helper_functions.h ****         value += max;
 478              		.loc 2 40 5 view .LVU133
  40:Core/Inc/helper_functions.h ****         value += max;
 479              		.loc 2 40 8 is_stmt 0 view .LVU134
 480 0066 B5EEC00A 		vcmpe.f32	s0, #0
 481 006a F1EE10FA 		vmrs	APSR_nzcv, FPSCR
 482 006e 1FD4     		bmi	.L50
 483              	.L37:
  42:Core/Inc/helper_functions.h ****         value -= max;
 484              		.loc 2 42 5 is_stmt 1 view .LVU135
  42:Core/Inc/helper_functions.h ****         value -= max;
 485              		.loc 2 42 8 is_stmt 0 view .LVU136
 486 0070 F7EE007A 		vmov.f32	s15, #1.0e+0
 487 0074 B4EEE70A 		vcmpe.f32	s0, s15
 488 0078 F1EE10FA 		vmrs	APSR_nzcv, FPSCR
 489 007c 01DB     		blt	.L39
  43:Core/Inc/helper_functions.h **** 
 490              		.loc 2 43 9 is_stmt 1 view .LVU137
  43:Core/Inc/helper_functions.h **** 
 491              		.loc 2 43 15 is_stmt 0 view .LVU138
 492 007e 30EE670A 		vsub.f32	s0, s0, s15
 493              	.LVL32:
 494              	.L39:
 495              		.loc 2 45 5 is_stmt 1 view .LVU139
 496              		.loc 2 45 5 is_stmt 0 view .LVU140
 497              	.LBE22:
 498              	.LBE21:
 499              		.loc 1 111 13 discriminator 1 view .LVU141
 500 0082 F0EE490A 		vmov.f32	s1, s18
 501 0086 FFF7FEFF 		bl	polyblep
 502              	.LVL33:
 503              		.loc 1 111 10 discriminator 2 view .LVU142
 504 008a 78EEC08A 		vsub.f32	s17, s17, s0
 505              	.LVL34:
 112:Core/Src/oscillators.c **** 
 113:Core/Src/oscillators.c ****     osc->output = osc->amp * Rect;
 506              		.loc 1 113 5 is_stmt 1 view .LVU143
 507              		.loc 1 113 22 is_stmt 0 view .LVU144
 508 008e 94ED000A 		vldr.32	s0, [r4]
ARM GAS  /var/folders/lp/x54gwt890xv47sdkqj1k04q40000gn/T//ccUp11CM.s 			page 13


 509              		.loc 1 113 28 view .LVU145
 510 0092 20EE280A 		vmul.f32	s0, s0, s17
 511              		.loc 1 113 17 view .LVU146
 512 0096 84ED060A 		vstr.32	s0, [r4, #24]
 114:Core/Src/oscillators.c ****     return osc->output;
 513              		.loc 1 114 5 is_stmt 1 view .LVU147
 115:Core/Src/oscillators.c **** }
 514              		.loc 1 115 1 is_stmt 0 view .LVU148
 515 009a BDEC048B 		vldm	sp!, {d8-d9}
 516              		.cfi_remember_state
 517              		.cfi_restore 82
 518              		.cfi_restore 83
 519              		.cfi_restore 80
 520              		.cfi_restore 81
 521              		.cfi_def_cfa_offset 8
 522              	.LVL35:
 523              		.loc 1 115 1 view .LVU149
 524 009e 10BD     		pop	{r4, pc}
 525              	.LVL36:
 526              	.L47:
 527              		.cfi_restore_state
 105:Core/Src/oscillators.c **** 
 528              		.loc 1 105 35 discriminator 2 view .LVU150
 529 00a0 F7EE008A 		vmov.f32	s17, #1.0e+0
 530 00a4 C1E7     		b	.L31
 531              	.LVL37:
 532              	.L49:
 533              	.LBB24:
 534              	.LBB20:
  41:Core/Inc/helper_functions.h ****     if (value >= max)
 535              		.loc 2 41 9 is_stmt 1 view .LVU151
  41:Core/Inc/helper_functions.h ****     if (value >= max)
 536              		.loc 2 41 15 is_stmt 0 view .LVU152
 537 00a6 B7EE007A 		vmov.f32	s14, #1.0e+0
 538 00aa 77EE877A 		vadd.f32	s15, s15, s14
 539              	.LVL38:
  41:Core/Inc/helper_functions.h ****     if (value >= max)
 540              		.loc 2 41 15 view .LVU153
 541 00ae C5E7     		b	.L33
 542              	.LVL39:
 543              	.L50:
  41:Core/Inc/helper_functions.h ****     if (value >= max)
 544              		.loc 2 41 15 view .LVU154
 545              	.LBE20:
 546              	.LBE24:
 547              	.LBB25:
 548              	.LBB23:
  41:Core/Inc/helper_functions.h ****     if (value >= max)
 549              		.loc 2 41 9 is_stmt 1 view .LVU155
  41:Core/Inc/helper_functions.h ****     if (value >= max)
 550              		.loc 2 41 15 is_stmt 0 view .LVU156
 551 00b0 F7EE007A 		vmov.f32	s15, #1.0e+0
 552 00b4 30EE270A 		vadd.f32	s0, s0, s15
 553              	.LVL40:
  41:Core/Inc/helper_functions.h ****     if (value >= max)
 554              		.loc 2 41 15 view .LVU157
 555 00b8 DAE7     		b	.L37
ARM GAS  /var/folders/lp/x54gwt890xv47sdkqj1k04q40000gn/T//ccUp11CM.s 			page 14


 556              	.L52:
 557 00ba 00BF     		.align	2
 558              	.L51:
 559 00bc 4590BE37 		.word	935235653
 560              	.LBE23:
 561              	.LBE25:
 562              		.cfi_endproc
 563              	.LFE8:
 565              		.global	flanger_lfo
 566              		.section	.ccmram,"aw"
 567              		.align	2
 570              	flanger_lfo:
 571 0000 00000000 		.space	28
 571      00000000 
 571      00000000 
 571      00000000 
 571      00000000 
 572              		.global	sub_osc
 573              		.align	2
 576              	sub_osc:
 577 001c 00000000 		.space	28
 577      00000000 
 577      00000000 
 577      00000000 
 577      00000000 
 578              		.global	osc4
 579              		.align	2
 582              	osc4:
 583 0038 00000000 		.space	28
 583      00000000 
 583      00000000 
 583      00000000 
 583      00000000 
 584              		.global	osc3
 585              		.align	2
 588              	osc3:
 589 0054 00000000 		.space	28
 589      00000000 
 589      00000000 
 589      00000000 
 589      00000000 
 590              		.global	osc2
 591              		.align	2
 594              	osc2:
 595 0070 00000000 		.space	28
 595      00000000 
 595      00000000 
 595      00000000 
 595      00000000 
 596              		.global	osc1
 597              		.align	2
 600              	osc1:
 601 008c 00000000 		.space	28
 601      00000000 
 601      00000000 
 601      00000000 
 601      00000000 
ARM GAS  /var/folders/lp/x54gwt890xv47sdkqj1k04q40000gn/T//ccUp11CM.s 			page 15


 602              		.global	lut_sine
 603              		.section	.rodata.lut_sine,"a"
 604              		.align	2
 607              	lut_sine:
 608 0000 00000000 		.word	0
 609 0004 7E0FC93B 		.word	1003032446
 610 0008 920E493C 		.word	1011420818
 611 000c B6C9963C 		.word	1016514998
 612 0010 B10AC93C 		.word	1019808433
 613 0014 B849FB3C 		.word	1023101368
 614 0018 2BC3163D 		.word	1024901931
 615 001c 07E02F3D 		.word	1026547719
 616 0020 2EFB483D 		.word	1028193070
 617 0024 6714623D 		.word	1029837927
 618 0028 752B7B3D 		.word	1031482229
 619 002c 0A208A3D 		.word	1032462346
 620 0030 04A9963D 		.word	1033283844
 621 0034 8C30A33D 		.word	1034104972
 622 0038 80B6AF3D 		.word	1034925696
 623 003c C43ABC3D 		.word	1035745988
 624 0040 36BDC83D 		.word	1036565814
 625 0044 B93DD53D 		.word	1037385145
 626 0048 2FBCE13D 		.word	1038203951
 627 004c 7638EE3D 		.word	1039022198
 628 0050 73B2FA3D 		.word	1039839859
 629 0054 0295033E 		.word	1040422146
 630 0058 87CF093E 		.word	1040830343
 631 005c B708103E 		.word	1041238199
 632 0060 8340163E 		.word	1041645699
 633 0064 DE761C3E 		.word	1042052830
 634 0068 B5AB223E 		.word	1042459573
 635 006c FCDE283E 		.word	1042865916
 636 0070 A2102F3E 		.word	1043271842
 637 0074 9840353E 		.word	1043677336
 638 0078 CF6E3B3E 		.word	1044082383
 639 007c 379B413E 		.word	1044486967
 640 0080 C2C5473E 		.word	1044891074
 641 0084 5FEE4D3E 		.word	1045294687
 642 0088 0115543E 		.word	1045697793
 643 008c 97395A3E 		.word	1046100375
 644 0090 135C603E 		.word	1046502419
 645 0094 667C663E 		.word	1046903910
 646 0098 7F9A6C3E 		.word	1047304831
 647 009c 51B6723E 		.word	1047705169
 648 00a0 CCCF783E 		.word	1048104908
 649 00a4 E1E67E3E 		.word	1048504033
 650 00a8 C07D823E 		.word	1048739264
 651 00ac CF86853E 		.word	1048938191
 652 00b0 938E883E 		.word	1049136787
 653 00b4 07958B3E 		.word	1049335047
 654 00b8 229A8E3E 		.word	1049532962
 655 00bc DD9D913E 		.word	1049730525
 656 00c0 32A0943E 		.word	1049927730
 657 00c4 17A1973E 		.word	1050124567
 658 00c8 86A09A3E 		.word	1050321030
 659 00cc 789E9D3E 		.word	1050517112
 660 00d0 E59AA03E 		.word	1050712805
ARM GAS  /var/folders/lp/x54gwt890xv47sdkqj1k04q40000gn/T//ccUp11CM.s 			page 16


 661 00d4 C595A33E 		.word	1050908101
 662 00d8 128FA63E 		.word	1051102994
 663 00dc C486A93E 		.word	1051297476
 664 00e0 D47CAC3E 		.word	1051491540
 665 00e4 3A71AF3E 		.word	1051685178
 666 00e8 EF63B23E 		.word	1051878383
 667 00ec EC54B53E 		.word	1052071148
 668 00f0 2A44B83E 		.word	1052263466
 669 00f4 A131BB3E 		.word	1052455329
 670 00f8 491DBE3E 		.word	1052646729
 671 00fc 1E07C13E 		.word	1052837662
 672 0100 15EFC33E 		.word	1053028117
 673 0104 2AD5C63E 		.word	1053218090
 674 0108 53B9C93E 		.word	1053407571
 675 010c 8B9BCC3E 		.word	1053596555
 676 0110 CA7BCF3E 		.word	1053785034
 677 0114 095AD23E 		.word	1053973001
 678 0118 4136D53E 		.word	1054160449
 679 011c 6B10D83E 		.word	1054347371
 680 0120 80E8DA3E 		.word	1054533760
 681 0124 79BEDD3E 		.word	1054719609
 682 0128 4F92E03E 		.word	1054904911
 683 012c FA63E33E 		.word	1055089658
 684 0130 7533E63E 		.word	1055273845
 685 0134 B700E93E 		.word	1055457463
 686 0138 BBCBEB3E 		.word	1055640507
 687 013c 7994EE3E 		.word	1055822969
 688 0140 EA5AF13E 		.word	1056004842
 689 0144 071FF43E 		.word	1056186119
 690 0148 CBE0F63E 		.word	1056366795
 691 014c 2DA0F93E 		.word	1056546861
 692 0150 275DFC3E 		.word	1056726311
 693 0154 B217FF3E 		.word	1056905138
 694 0158 E4E7003F 		.word	1057023972
 695 015c B142023F 		.word	1057112753
 696 0160 3D9C033F 		.word	1057201213
 697 0164 84F4043F 		.word	1057289348
 698 0168 824B063F 		.word	1057377154
 699 016c 36A1073F 		.word	1057464630
 700 0170 9BF5083F 		.word	1057551771
 701 0174 AD480A3F 		.word	1057638573
 702 0178 6B9A0B3F 		.word	1057725035
 703 017c D0EA0C3F 		.word	1057811152
 704 0180 DA390E3F 		.word	1057896922
 705 0184 84870F3F 		.word	1057982340
 706 0188 CDD3103F 		.word	1058067405
 707 018c B01E123F 		.word	1058152112
 708 0190 2A68133F 		.word	1058236458
 709 0194 39B0143F 		.word	1058320441
 710 0198 D9F6153F 		.word	1058404057
 711 019c 073C173F 		.word	1058487303
 712 01a0 C07F183F 		.word	1058570176
 713 01a4 00C2193F 		.word	1058652672
 714 01a8 C6021B3F 		.word	1058734790
 715 01ac 0C421C3F 		.word	1058816524
 716 01b0 D17F1D3F 		.word	1058897873
 717 01b4 12BC1E3F 		.word	1058978834
ARM GAS  /var/folders/lp/x54gwt890xv47sdkqj1k04q40000gn/T//ccUp11CM.s 			page 17


 718 01b8 CBF61F3F 		.word	1059059403
 719 01bc F92F213F 		.word	1059139577
 720 01c0 9967223F 		.word	1059219353
 721 01c4 A99D233F 		.word	1059298729
 722 01c8 25D2243F 		.word	1059377701
 723 01cc 0A05263F 		.word	1059456266
 724 01d0 5636273F 		.word	1059534422
 725 01d4 0566283F 		.word	1059612165
 726 01d8 1594293F 		.word	1059689493
 727 01dc 82C02A3F 		.word	1059766402
 728 01e0 4AEB2B3F 		.word	1059842890
 729 01e4 69142D3F 		.word	1059918953
 730 01e8 DE3B2E3F 		.word	1059994590
 731 01ec A5612F3F 		.word	1060069797
 732 01f0 BB85303F 		.word	1060144571
 733 01f4 1DA8313F 		.word	1060218909
 734 01f8 C9C8323F 		.word	1060292809
 735 01fc BCE7333F 		.word	1060366268
 736 0200 F304353F 		.word	1060439283
 737 0204 6C20363F 		.word	1060511852
 738 0208 233A373F 		.word	1060583971
 739 020c 1652383F 		.word	1060655638
 740 0210 4268393F 		.word	1060726850
 741 0214 A47C3A3F 		.word	1060797604
 742 0218 3B8F3B3F 		.word	1060867899
 743 021c 03A03C3F 		.word	1060937731
 744 0220 F9AE3D3F 		.word	1061007097
 745 0224 1BBC3E3F 		.word	1061075995
 746 0228 67C73F3F 		.word	1061144423
 747 022c DAD0403F 		.word	1061212378
 748 0230 70D8413F 		.word	1061279856
 749 0234 29DE423F 		.word	1061346857
 750 0238 01E2433F 		.word	1061413377
 751 023c F5E3443F 		.word	1061479413
 752 0240 03E4453F 		.word	1061544963
 753 0244 2AE2463F 		.word	1061610026
 754 0248 65DE473F 		.word	1061674597
 755 024c B4D8483F 		.word	1061738676
 756 0250 12D1493F 		.word	1061802258
 757 0254 7FC74A3F 		.word	1061865343
 758 0258 F8BB4B3F 		.word	1061927928
 759 025c 79AE4C3F 		.word	1061990009
 760 0260 029F4D3F 		.word	1062051586
 761 0264 908D4E3F 		.word	1062112656
 762 0268 207A4F3F 		.word	1062173216
 763 026c AF64503F 		.word	1062233263
 764 0270 3D4D513F 		.word	1062292797
 765 0274 C633523F 		.word	1062351814
 766 0278 4918533F 		.word	1062410313
 767 027c C3FA533F 		.word	1062468291
 768 0280 31DB543F 		.word	1062525745
 769 0284 93B9553F 		.word	1062582675
 770 0288 E595563F 		.word	1062639077
 771 028c 2670573F 		.word	1062694950
 772 0290 5348583F 		.word	1062750291
 773 0294 6A1E593F 		.word	1062805098
 774 0298 6AF2593F 		.word	1062859370
ARM GAS  /var/folders/lp/x54gwt890xv47sdkqj1k04q40000gn/T//ccUp11CM.s 			page 18


 775 029c 50C45A3F 		.word	1062913104
 776 02a0 1A945B3F 		.word	1062966298
 777 02a4 C7615C3F 		.word	1063018951
 778 02a8 532D5D3F 		.word	1063071059
 779 02ac BEF65D3F 		.word	1063122622
 780 02b0 05BE5E3F 		.word	1063173637
 781 02b4 27835F3F 		.word	1063224103
 782 02b8 2146603F 		.word	1063274017
 783 02bc F206613F 		.word	1063323378
 784 02c0 97C5613F 		.word	1063372183
 785 02c4 1082623F 		.word	1063420432
 786 02c8 5A3C633F 		.word	1063468122
 787 02cc 73F4633F 		.word	1063515251
 788 02d0 59AA643F 		.word	1063561817
 789 02d4 0B5E653F 		.word	1063607819
 790 02d8 880F663F 		.word	1063653256
 791 02dc CCBE663F 		.word	1063698124
 792 02e0 D86B673F 		.word	1063742424
 793 02e4 A816683F 		.word	1063786152
 794 02e8 3CBF683F 		.word	1063829308
 795 02ec 9165693F 		.word	1063871889
 796 02f0 A7096A3F 		.word	1063913895
 797 02f4 7BAB6A3F 		.word	1063955323
 798 02f8 0C4B6B3F 		.word	1063996172
 799 02fc 58E86B3F 		.word	1064036440
 800 0300 5E836C3F 		.word	1064076126
 801 0304 1D1C6D3F 		.word	1064115229
 802 0308 93B26D3F 		.word	1064153747
 803 030c BE466E3F 		.word	1064191678
 804 0310 9ED86E3F 		.word	1064229022
 805 0314 30686F3F 		.word	1064265776
 806 0318 73F56F3F 		.word	1064301939
 807 031c 6680703F 		.word	1064337510
 808 0320 0809713F 		.word	1064372488
 809 0324 578F713F 		.word	1064406871
 810 0328 5213723F 		.word	1064440658
 811 032c F894723F 		.word	1064473848
 812 0330 4714733F 		.word	1064506439
 813 0334 3F91733F 		.word	1064538431
 814 0338 DD0B743F 		.word	1064569821
 815 033c 2284743F 		.word	1064600610
 816 0340 0BFA743F 		.word	1064630795
 817 0344 976D753F 		.word	1064660375
 818 0348 C6DE753F 		.word	1064689350
 819 034c 974D763F 		.word	1064717719
 820 0350 07BA763F 		.word	1064745479
 821 0354 1724773F 		.word	1064772631
 822 0358 C58B773F 		.word	1064799173
 823 035c 10F1773F 		.word	1064825104
 824 0360 F853783F 		.word	1064850424
 825 0364 7BB4783F 		.word	1064875131
 826 0368 9812793F 		.word	1064899224
 827 036c 4E6E793F 		.word	1064922702
 828 0370 9DC7793F 		.word	1064945565
 829 0374 841E7A3F 		.word	1064967812
 830 0378 02737A3F 		.word	1064989442
 831 037c 16C57A3F 		.word	1065010454
ARM GAS  /var/folders/lp/x54gwt890xv47sdkqj1k04q40000gn/T//ccUp11CM.s 			page 19


 832 0380 BE147B3F 		.word	1065030846
 833 0384 FC617B3F 		.word	1065050620
 834 0388 CDAC7B3F 		.word	1065069773
 835 038c 31F57B3F 		.word	1065088305
 836 0390 283B7C3F 		.word	1065106216
 837 0394 B07E7C3F 		.word	1065123504
 838 0398 C9BF7C3F 		.word	1065140169
 839 039c 73FE7C3F 		.word	1065156211
 840 03a0 AC3A7D3F 		.word	1065171628
 841 03a4 74747D3F 		.word	1065186420
 842 03a8 CCAB7D3F 		.word	1065200588
 843 03ac B1E07D3F 		.word	1065214129
 844 03b0 23137E3F 		.word	1065227043
 845 03b4 23437E3F 		.word	1065239331
 846 03b8 B0707E3F 		.word	1065250992
 847 03bc C99B7E3F 		.word	1065262025
 848 03c0 6DC47E3F 		.word	1065272429
 849 03c4 9DEA7E3F 		.word	1065282205
 850 03c8 580E7F3F 		.word	1065291352
 851 03cc 9D2F7F3F 		.word	1065299869
 852 03d0 6D4E7F3F 		.word	1065307757
 853 03d4 C76A7F3F 		.word	1065315015
 854 03d8 AB847F3F 		.word	1065321643
 855 03dc 189C7F3F 		.word	1065327640
 856 03e0 0FB17F3F 		.word	1065333007
 857 03e4 8FC37F3F 		.word	1065337743
 858 03e8 97D37F3F 		.word	1065341847
 859 03ec 29E17F3F 		.word	1065345321
 860 03f0 43EC7F3F 		.word	1065348163
 861 03f4 E6F47F3F 		.word	1065350374
 862 03f8 11FB7F3F 		.word	1065351953
 863 03fc C4FE7F3F 		.word	1065352900
 864 0400 0000803F 		.word	1065353216
 865 0404 C4FE7F3F 		.word	1065352900
 866 0408 11FB7F3F 		.word	1065351953
 867 040c E6F47F3F 		.word	1065350374
 868 0410 43EC7F3F 		.word	1065348163
 869 0414 29E17F3F 		.word	1065345321
 870 0418 97D37F3F 		.word	1065341847
 871 041c 8FC37F3F 		.word	1065337743
 872 0420 0FB17F3F 		.word	1065333007
 873 0424 189C7F3F 		.word	1065327640
 874 0428 AB847F3F 		.word	1065321643
 875 042c C76A7F3F 		.word	1065315015
 876 0430 6D4E7F3F 		.word	1065307757
 877 0434 9D2F7F3F 		.word	1065299869
 878 0438 580E7F3F 		.word	1065291352
 879 043c 9DEA7E3F 		.word	1065282205
 880 0440 6DC47E3F 		.word	1065272429
 881 0444 C99B7E3F 		.word	1065262025
 882 0448 B0707E3F 		.word	1065250992
 883 044c 23437E3F 		.word	1065239331
 884 0450 23137E3F 		.word	1065227043
 885 0454 B1E07D3F 		.word	1065214129
 886 0458 CCAB7D3F 		.word	1065200588
 887 045c 74747D3F 		.word	1065186420
 888 0460 AC3A7D3F 		.word	1065171628
ARM GAS  /var/folders/lp/x54gwt890xv47sdkqj1k04q40000gn/T//ccUp11CM.s 			page 20


 889 0464 73FE7C3F 		.word	1065156211
 890 0468 C9BF7C3F 		.word	1065140169
 891 046c B07E7C3F 		.word	1065123504
 892 0470 283B7C3F 		.word	1065106216
 893 0474 31F57B3F 		.word	1065088305
 894 0478 CDAC7B3F 		.word	1065069773
 895 047c FC617B3F 		.word	1065050620
 896 0480 BE147B3F 		.word	1065030846
 897 0484 16C57A3F 		.word	1065010454
 898 0488 02737A3F 		.word	1064989442
 899 048c 841E7A3F 		.word	1064967812
 900 0490 9DC7793F 		.word	1064945565
 901 0494 4E6E793F 		.word	1064922702
 902 0498 9812793F 		.word	1064899224
 903 049c 7BB4783F 		.word	1064875131
 904 04a0 F853783F 		.word	1064850424
 905 04a4 10F1773F 		.word	1064825104
 906 04a8 C58B773F 		.word	1064799173
 907 04ac 1724773F 		.word	1064772631
 908 04b0 07BA763F 		.word	1064745479
 909 04b4 974D763F 		.word	1064717719
 910 04b8 C6DE753F 		.word	1064689350
 911 04bc 976D753F 		.word	1064660375
 912 04c0 0BFA743F 		.word	1064630795
 913 04c4 2284743F 		.word	1064600610
 914 04c8 DD0B743F 		.word	1064569821
 915 04cc 3F91733F 		.word	1064538431
 916 04d0 4714733F 		.word	1064506439
 917 04d4 F894723F 		.word	1064473848
 918 04d8 5213723F 		.word	1064440658
 919 04dc 578F713F 		.word	1064406871
 920 04e0 0809713F 		.word	1064372488
 921 04e4 6680703F 		.word	1064337510
 922 04e8 73F56F3F 		.word	1064301939
 923 04ec 30686F3F 		.word	1064265776
 924 04f0 9ED86E3F 		.word	1064229022
 925 04f4 BE466E3F 		.word	1064191678
 926 04f8 93B26D3F 		.word	1064153747
 927 04fc 1D1C6D3F 		.word	1064115229
 928 0500 5E836C3F 		.word	1064076126
 929 0504 58E86B3F 		.word	1064036440
 930 0508 0C4B6B3F 		.word	1063996172
 931 050c 7BAB6A3F 		.word	1063955323
 932 0510 A7096A3F 		.word	1063913895
 933 0514 9165693F 		.word	1063871889
 934 0518 3CBF683F 		.word	1063829308
 935 051c A816683F 		.word	1063786152
 936 0520 D86B673F 		.word	1063742424
 937 0524 CCBE663F 		.word	1063698124
 938 0528 880F663F 		.word	1063653256
 939 052c 0B5E653F 		.word	1063607819
 940 0530 59AA643F 		.word	1063561817
 941 0534 73F4633F 		.word	1063515251
 942 0538 5A3C633F 		.word	1063468122
 943 053c 1082623F 		.word	1063420432
 944 0540 97C5613F 		.word	1063372183
 945 0544 F206613F 		.word	1063323378
ARM GAS  /var/folders/lp/x54gwt890xv47sdkqj1k04q40000gn/T//ccUp11CM.s 			page 21


 946 0548 2146603F 		.word	1063274017
 947 054c 27835F3F 		.word	1063224103
 948 0550 05BE5E3F 		.word	1063173637
 949 0554 BEF65D3F 		.word	1063122622
 950 0558 532D5D3F 		.word	1063071059
 951 055c C7615C3F 		.word	1063018951
 952 0560 1A945B3F 		.word	1062966298
 953 0564 50C45A3F 		.word	1062913104
 954 0568 6AF2593F 		.word	1062859370
 955 056c 6A1E593F 		.word	1062805098
 956 0570 5348583F 		.word	1062750291
 957 0574 2670573F 		.word	1062694950
 958 0578 E595563F 		.word	1062639077
 959 057c 93B9553F 		.word	1062582675
 960 0580 31DB543F 		.word	1062525745
 961 0584 C3FA533F 		.word	1062468291
 962 0588 4918533F 		.word	1062410313
 963 058c C633523F 		.word	1062351814
 964 0590 3D4D513F 		.word	1062292797
 965 0594 AF64503F 		.word	1062233263
 966 0598 207A4F3F 		.word	1062173216
 967 059c 908D4E3F 		.word	1062112656
 968 05a0 029F4D3F 		.word	1062051586
 969 05a4 79AE4C3F 		.word	1061990009
 970 05a8 F8BB4B3F 		.word	1061927928
 971 05ac 7FC74A3F 		.word	1061865343
 972 05b0 12D1493F 		.word	1061802258
 973 05b4 B4D8483F 		.word	1061738676
 974 05b8 65DE473F 		.word	1061674597
 975 05bc 2AE2463F 		.word	1061610026
 976 05c0 03E4453F 		.word	1061544963
 977 05c4 F5E3443F 		.word	1061479413
 978 05c8 01E2433F 		.word	1061413377
 979 05cc 29DE423F 		.word	1061346857
 980 05d0 70D8413F 		.word	1061279856
 981 05d4 DAD0403F 		.word	1061212378
 982 05d8 67C73F3F 		.word	1061144423
 983 05dc 1BBC3E3F 		.word	1061075995
 984 05e0 F9AE3D3F 		.word	1061007097
 985 05e4 03A03C3F 		.word	1060937731
 986 05e8 3B8F3B3F 		.word	1060867899
 987 05ec A47C3A3F 		.word	1060797604
 988 05f0 4268393F 		.word	1060726850
 989 05f4 1652383F 		.word	1060655638
 990 05f8 233A373F 		.word	1060583971
 991 05fc 6C20363F 		.word	1060511852
 992 0600 F304353F 		.word	1060439283
 993 0604 BCE7333F 		.word	1060366268
 994 0608 C9C8323F 		.word	1060292809
 995 060c 1DA8313F 		.word	1060218909
 996 0610 BB85303F 		.word	1060144571
 997 0614 A5612F3F 		.word	1060069797
 998 0618 DE3B2E3F 		.word	1059994590
 999 061c 69142D3F 		.word	1059918953
 1000 0620 4AEB2B3F 		.word	1059842890
 1001 0624 82C02A3F 		.word	1059766402
 1002 0628 1594293F 		.word	1059689493
ARM GAS  /var/folders/lp/x54gwt890xv47sdkqj1k04q40000gn/T//ccUp11CM.s 			page 22


 1003 062c 0566283F 		.word	1059612165
 1004 0630 5636273F 		.word	1059534422
 1005 0634 0A05263F 		.word	1059456266
 1006 0638 25D2243F 		.word	1059377701
 1007 063c A99D233F 		.word	1059298729
 1008 0640 9967223F 		.word	1059219353
 1009 0644 F92F213F 		.word	1059139577
 1010 0648 CBF61F3F 		.word	1059059403
 1011 064c 12BC1E3F 		.word	1058978834
 1012 0650 D17F1D3F 		.word	1058897873
 1013 0654 0C421C3F 		.word	1058816524
 1014 0658 C6021B3F 		.word	1058734790
 1015 065c 00C2193F 		.word	1058652672
 1016 0660 C07F183F 		.word	1058570176
 1017 0664 073C173F 		.word	1058487303
 1018 0668 D9F6153F 		.word	1058404057
 1019 066c 39B0143F 		.word	1058320441
 1020 0670 2A68133F 		.word	1058236458
 1021 0674 B01E123F 		.word	1058152112
 1022 0678 CDD3103F 		.word	1058067405
 1023 067c 84870F3F 		.word	1057982340
 1024 0680 DA390E3F 		.word	1057896922
 1025 0684 D0EA0C3F 		.word	1057811152
 1026 0688 6B9A0B3F 		.word	1057725035
 1027 068c AD480A3F 		.word	1057638573
 1028 0690 9BF5083F 		.word	1057551771
 1029 0694 36A1073F 		.word	1057464630
 1030 0698 824B063F 		.word	1057377154
 1031 069c 84F4043F 		.word	1057289348
 1032 06a0 3D9C033F 		.word	1057201213
 1033 06a4 B142023F 		.word	1057112753
 1034 06a8 E4E7003F 		.word	1057023972
 1035 06ac B217FF3E 		.word	1056905138
 1036 06b0 275DFC3E 		.word	1056726311
 1037 06b4 2DA0F93E 		.word	1056546861
 1038 06b8 CBE0F63E 		.word	1056366795
 1039 06bc 071FF43E 		.word	1056186119
 1040 06c0 EA5AF13E 		.word	1056004842
 1041 06c4 7994EE3E 		.word	1055822969
 1042 06c8 BBCBEB3E 		.word	1055640507
 1043 06cc B700E93E 		.word	1055457463
 1044 06d0 7533E63E 		.word	1055273845
 1045 06d4 FA63E33E 		.word	1055089658
 1046 06d8 4F92E03E 		.word	1054904911
 1047 06dc 79BEDD3E 		.word	1054719609
 1048 06e0 80E8DA3E 		.word	1054533760
 1049 06e4 6B10D83E 		.word	1054347371
 1050 06e8 4136D53E 		.word	1054160449
 1051 06ec 095AD23E 		.word	1053973001
 1052 06f0 CA7BCF3E 		.word	1053785034
 1053 06f4 8B9BCC3E 		.word	1053596555
 1054 06f8 53B9C93E 		.word	1053407571
 1055 06fc 2AD5C63E 		.word	1053218090
 1056 0700 15EFC33E 		.word	1053028117
 1057 0704 1E07C13E 		.word	1052837662
 1058 0708 491DBE3E 		.word	1052646729
 1059 070c A131BB3E 		.word	1052455329
ARM GAS  /var/folders/lp/x54gwt890xv47sdkqj1k04q40000gn/T//ccUp11CM.s 			page 23


 1060 0710 2A44B83E 		.word	1052263466
 1061 0714 EC54B53E 		.word	1052071148
 1062 0718 EF63B23E 		.word	1051878383
 1063 071c 3A71AF3E 		.word	1051685178
 1064 0720 D47CAC3E 		.word	1051491540
 1065 0724 C486A93E 		.word	1051297476
 1066 0728 128FA63E 		.word	1051102994
 1067 072c C595A33E 		.word	1050908101
 1068 0730 E59AA03E 		.word	1050712805
 1069 0734 789E9D3E 		.word	1050517112
 1070 0738 86A09A3E 		.word	1050321030
 1071 073c 17A1973E 		.word	1050124567
 1072 0740 32A0943E 		.word	1049927730
 1073 0744 DD9D913E 		.word	1049730525
 1074 0748 229A8E3E 		.word	1049532962
 1075 074c 07958B3E 		.word	1049335047
 1076 0750 938E883E 		.word	1049136787
 1077 0754 CF86853E 		.word	1048938191
 1078 0758 C07D823E 		.word	1048739264
 1079 075c E1E67E3E 		.word	1048504033
 1080 0760 CCCF783E 		.word	1048104908
 1081 0764 51B6723E 		.word	1047705169
 1082 0768 7F9A6C3E 		.word	1047304831
 1083 076c 667C663E 		.word	1046903910
 1084 0770 135C603E 		.word	1046502419
 1085 0774 97395A3E 		.word	1046100375
 1086 0778 0115543E 		.word	1045697793
 1087 077c 5FEE4D3E 		.word	1045294687
 1088 0780 C2C5473E 		.word	1044891074
 1089 0784 379B413E 		.word	1044486967
 1090 0788 CF6E3B3E 		.word	1044082383
 1091 078c 9840353E 		.word	1043677336
 1092 0790 A2102F3E 		.word	1043271842
 1093 0794 FCDE283E 		.word	1042865916
 1094 0798 B5AB223E 		.word	1042459573
 1095 079c DE761C3E 		.word	1042052830
 1096 07a0 8340163E 		.word	1041645699
 1097 07a4 B708103E 		.word	1041238199
 1098 07a8 87CF093E 		.word	1040830343
 1099 07ac 0295033E 		.word	1040422146
 1100 07b0 73B2FA3D 		.word	1039839859
 1101 07b4 7638EE3D 		.word	1039022198
 1102 07b8 2FBCE13D 		.word	1038203951
 1103 07bc B93DD53D 		.word	1037385145
 1104 07c0 36BDC83D 		.word	1036565814
 1105 07c4 C43ABC3D 		.word	1035745988
 1106 07c8 80B6AF3D 		.word	1034925696
 1107 07cc 8C30A33D 		.word	1034104972
 1108 07d0 04A9963D 		.word	1033283844
 1109 07d4 0A208A3D 		.word	1032462346
 1110 07d8 752B7B3D 		.word	1031482229
 1111 07dc 6714623D 		.word	1029837927
 1112 07e0 2EFB483D 		.word	1028193070
 1113 07e4 07E02F3D 		.word	1026547719
 1114 07e8 2BC3163D 		.word	1024901931
 1115 07ec B849FB3C 		.word	1023101368
 1116 07f0 B10AC93C 		.word	1019808433
ARM GAS  /var/folders/lp/x54gwt890xv47sdkqj1k04q40000gn/T//ccUp11CM.s 			page 24


 1117 07f4 B6C9963C 		.word	1016514998
 1118 07f8 920E493C 		.word	1011420818
 1119 07fc 7E0FC93B 		.word	1003032446
 1120 0800 00000000 		.word	0
 1121 0804 7E0FC9BB 		.word	-1144451202
 1122 0808 920E49BC 		.word	-1136062830
 1123 080c B6C996BC 		.word	-1130968650
 1124 0810 B10AC9BC 		.word	-1127675215
 1125 0814 B849FBBC 		.word	-1124382280
 1126 0818 2BC316BD 		.word	-1122581717
 1127 081c 07E02FBD 		.word	-1120935929
 1128 0820 2EFB48BD 		.word	-1119290578
 1129 0824 671462BD 		.word	-1117645721
 1130 0828 752B7BBD 		.word	-1116001419
 1131 082c 0A208ABD 		.word	-1115021302
 1132 0830 04A996BD 		.word	-1114199804
 1133 0834 8C30A3BD 		.word	-1113378676
 1134 0838 80B6AFBD 		.word	-1112557952
 1135 083c C43ABCBD 		.word	-1111737660
 1136 0840 36BDC8BD 		.word	-1110917834
 1137 0844 B93DD5BD 		.word	-1110098503
 1138 0848 2FBCE1BD 		.word	-1109279697
 1139 084c 7638EEBD 		.word	-1108461450
 1140 0850 73B2FABD 		.word	-1107643789
 1141 0854 029503BE 		.word	-1107061502
 1142 0858 87CF09BE 		.word	-1106653305
 1143 085c B70810BE 		.word	-1106245449
 1144 0860 834016BE 		.word	-1105837949
 1145 0864 DE761CBE 		.word	-1105430818
 1146 0868 B5AB22BE 		.word	-1105024075
 1147 086c FCDE28BE 		.word	-1104617732
 1148 0870 A2102FBE 		.word	-1104211806
 1149 0874 984035BE 		.word	-1103806312
 1150 0878 CF6E3BBE 		.word	-1103401265
 1151 087c 379B41BE 		.word	-1102996681
 1152 0880 C2C547BE 		.word	-1102592574
 1153 0884 5FEE4DBE 		.word	-1102188961
 1154 0888 011554BE 		.word	-1101785855
 1155 088c 97395ABE 		.word	-1101383273
 1156 0890 135C60BE 		.word	-1100981229
 1157 0894 667C66BE 		.word	-1100579738
 1158 0898 7F9A6CBE 		.word	-1100178817
 1159 089c 51B672BE 		.word	-1099778479
 1160 08a0 CCCF78BE 		.word	-1099378740
 1161 08a4 E1E67EBE 		.word	-1098979615
 1162 08a8 C07D82BE 		.word	-1098744384
 1163 08ac CF8685BE 		.word	-1098545457
 1164 08b0 938E88BE 		.word	-1098346861
 1165 08b4 07958BBE 		.word	-1098148601
 1166 08b8 229A8EBE 		.word	-1097950686
 1167 08bc DD9D91BE 		.word	-1097753123
 1168 08c0 32A094BE 		.word	-1097555918
 1169 08c4 17A197BE 		.word	-1097359081
 1170 08c8 86A09ABE 		.word	-1097162618
 1171 08cc 789E9DBE 		.word	-1096966536
 1172 08d0 E59AA0BE 		.word	-1096770843
 1173 08d4 C595A3BE 		.word	-1096575547
ARM GAS  /var/folders/lp/x54gwt890xv47sdkqj1k04q40000gn/T//ccUp11CM.s 			page 25


 1174 08d8 128FA6BE 		.word	-1096380654
 1175 08dc C486A9BE 		.word	-1096186172
 1176 08e0 D47CACBE 		.word	-1095992108
 1177 08e4 3A71AFBE 		.word	-1095798470
 1178 08e8 EF63B2BE 		.word	-1095605265
 1179 08ec EC54B5BE 		.word	-1095412500
 1180 08f0 2A44B8BE 		.word	-1095220182
 1181 08f4 A131BBBE 		.word	-1095028319
 1182 08f8 491DBEBE 		.word	-1094836919
 1183 08fc 1E07C1BE 		.word	-1094645986
 1184 0900 15EFC3BE 		.word	-1094455531
 1185 0904 2AD5C6BE 		.word	-1094265558
 1186 0908 53B9C9BE 		.word	-1094076077
 1187 090c 8B9BCCBE 		.word	-1093887093
 1188 0910 CA7BCFBE 		.word	-1093698614
 1189 0914 095AD2BE 		.word	-1093510647
 1190 0918 4136D5BE 		.word	-1093323199
 1191 091c 6B10D8BE 		.word	-1093136277
 1192 0920 80E8DABE 		.word	-1092949888
 1193 0924 79BEDDBE 		.word	-1092764039
 1194 0928 4F92E0BE 		.word	-1092578737
 1195 092c FA63E3BE 		.word	-1092393990
 1196 0930 7533E6BE 		.word	-1092209803
 1197 0934 B700E9BE 		.word	-1092026185
 1198 0938 BBCBEBBE 		.word	-1091843141
 1199 093c 7994EEBE 		.word	-1091660679
 1200 0940 EA5AF1BE 		.word	-1091478806
 1201 0944 071FF4BE 		.word	-1091297529
 1202 0948 CBE0F6BE 		.word	-1091116853
 1203 094c 2DA0F9BE 		.word	-1090936787
 1204 0950 275DFCBE 		.word	-1090757337
 1205 0954 B217FFBE 		.word	-1090578510
 1206 0958 E4E700BF 		.word	-1090459676
 1207 095c B14202BF 		.word	-1090370895
 1208 0960 3D9C03BF 		.word	-1090282435
 1209 0964 84F404BF 		.word	-1090194300
 1210 0968 824B06BF 		.word	-1090106494
 1211 096c 36A107BF 		.word	-1090019018
 1212 0970 9BF508BF 		.word	-1089931877
 1213 0974 AD480ABF 		.word	-1089845075
 1214 0978 6B9A0BBF 		.word	-1089758613
 1215 097c D0EA0CBF 		.word	-1089672496
 1216 0980 DA390EBF 		.word	-1089586726
 1217 0984 84870FBF 		.word	-1089501308
 1218 0988 CDD310BF 		.word	-1089416243
 1219 098c B01E12BF 		.word	-1089331536
 1220 0990 2A6813BF 		.word	-1089247190
 1221 0994 39B014BF 		.word	-1089163207
 1222 0998 D9F615BF 		.word	-1089079591
 1223 099c 073C17BF 		.word	-1088996345
 1224 09a0 C07F18BF 		.word	-1088913472
 1225 09a4 00C219BF 		.word	-1088830976
 1226 09a8 C6021BBF 		.word	-1088748858
 1227 09ac 0C421CBF 		.word	-1088667124
 1228 09b0 D17F1DBF 		.word	-1088585775
 1229 09b4 12BC1EBF 		.word	-1088504814
 1230 09b8 CBF61FBF 		.word	-1088424245
ARM GAS  /var/folders/lp/x54gwt890xv47sdkqj1k04q40000gn/T//ccUp11CM.s 			page 26


 1231 09bc F92F21BF 		.word	-1088344071
 1232 09c0 996722BF 		.word	-1088264295
 1233 09c4 A99D23BF 		.word	-1088184919
 1234 09c8 25D224BF 		.word	-1088105947
 1235 09cc 0A0526BF 		.word	-1088027382
 1236 09d0 563627BF 		.word	-1087949226
 1237 09d4 056628BF 		.word	-1087871483
 1238 09d8 159429BF 		.word	-1087794155
 1239 09dc 82C02ABF 		.word	-1087717246
 1240 09e0 4AEB2BBF 		.word	-1087640758
 1241 09e4 69142DBF 		.word	-1087564695
 1242 09e8 DE3B2EBF 		.word	-1087489058
 1243 09ec A5612FBF 		.word	-1087413851
 1244 09f0 BB8530BF 		.word	-1087339077
 1245 09f4 1DA831BF 		.word	-1087264739
 1246 09f8 C9C832BF 		.word	-1087190839
 1247 09fc BCE733BF 		.word	-1087117380
 1248 0a00 F30435BF 		.word	-1087044365
 1249 0a04 6C2036BF 		.word	-1086971796
 1250 0a08 233A37BF 		.word	-1086899677
 1251 0a0c 165238BF 		.word	-1086828010
 1252 0a10 426839BF 		.word	-1086756798
 1253 0a14 A47C3ABF 		.word	-1086686044
 1254 0a18 3B8F3BBF 		.word	-1086615749
 1255 0a1c 03A03CBF 		.word	-1086545917
 1256 0a20 F9AE3DBF 		.word	-1086476551
 1257 0a24 1BBC3EBF 		.word	-1086407653
 1258 0a28 67C73FBF 		.word	-1086339225
 1259 0a2c DAD040BF 		.word	-1086271270
 1260 0a30 70D841BF 		.word	-1086203792
 1261 0a34 29DE42BF 		.word	-1086136791
 1262 0a38 01E243BF 		.word	-1086070271
 1263 0a3c F5E344BF 		.word	-1086004235
 1264 0a40 03E445BF 		.word	-1085938685
 1265 0a44 2AE246BF 		.word	-1085873622
 1266 0a48 65DE47BF 		.word	-1085809051
 1267 0a4c B4D848BF 		.word	-1085744972
 1268 0a50 12D149BF 		.word	-1085681390
 1269 0a54 7FC74ABF 		.word	-1085618305
 1270 0a58 F8BB4BBF 		.word	-1085555720
 1271 0a5c 79AE4CBF 		.word	-1085493639
 1272 0a60 029F4DBF 		.word	-1085432062
 1273 0a64 908D4EBF 		.word	-1085370992
 1274 0a68 207A4FBF 		.word	-1085310432
 1275 0a6c AF6450BF 		.word	-1085250385
 1276 0a70 3D4D51BF 		.word	-1085190851
 1277 0a74 C63352BF 		.word	-1085131834
 1278 0a78 491853BF 		.word	-1085073335
 1279 0a7c C3FA53BF 		.word	-1085015357
 1280 0a80 31DB54BF 		.word	-1084957903
 1281 0a84 93B955BF 		.word	-1084900973
 1282 0a88 E59556BF 		.word	-1084844571
 1283 0a8c 267057BF 		.word	-1084788698
 1284 0a90 534858BF 		.word	-1084733357
 1285 0a94 6A1E59BF 		.word	-1084678550
 1286 0a98 6AF259BF 		.word	-1084624278
 1287 0a9c 50C45ABF 		.word	-1084570544
ARM GAS  /var/folders/lp/x54gwt890xv47sdkqj1k04q40000gn/T//ccUp11CM.s 			page 27


 1288 0aa0 1A945BBF 		.word	-1084517350
 1289 0aa4 C7615CBF 		.word	-1084464697
 1290 0aa8 532D5DBF 		.word	-1084412589
 1291 0aac BEF65DBF 		.word	-1084361026
 1292 0ab0 05BE5EBF 		.word	-1084310011
 1293 0ab4 27835FBF 		.word	-1084259545
 1294 0ab8 214660BF 		.word	-1084209631
 1295 0abc F20661BF 		.word	-1084160270
 1296 0ac0 97C561BF 		.word	-1084111465
 1297 0ac4 108262BF 		.word	-1084063216
 1298 0ac8 5A3C63BF 		.word	-1084015526
 1299 0acc 73F463BF 		.word	-1083968397
 1300 0ad0 59AA64BF 		.word	-1083921831
 1301 0ad4 0B5E65BF 		.word	-1083875829
 1302 0ad8 880F66BF 		.word	-1083830392
 1303 0adc CCBE66BF 		.word	-1083785524
 1304 0ae0 D86B67BF 		.word	-1083741224
 1305 0ae4 A81668BF 		.word	-1083697496
 1306 0ae8 3CBF68BF 		.word	-1083654340
 1307 0aec 916569BF 		.word	-1083611759
 1308 0af0 A7096ABF 		.word	-1083569753
 1309 0af4 7BAB6ABF 		.word	-1083528325
 1310 0af8 0C4B6BBF 		.word	-1083487476
 1311 0afc 58E86BBF 		.word	-1083447208
 1312 0b00 5E836CBF 		.word	-1083407522
 1313 0b04 1D1C6DBF 		.word	-1083368419
 1314 0b08 93B26DBF 		.word	-1083329901
 1315 0b0c BE466EBF 		.word	-1083291970
 1316 0b10 9ED86EBF 		.word	-1083254626
 1317 0b14 30686FBF 		.word	-1083217872
 1318 0b18 73F56FBF 		.word	-1083181709
 1319 0b1c 668070BF 		.word	-1083146138
 1320 0b20 080971BF 		.word	-1083111160
 1321 0b24 578F71BF 		.word	-1083076777
 1322 0b28 521372BF 		.word	-1083042990
 1323 0b2c F89472BF 		.word	-1083009800
 1324 0b30 471473BF 		.word	-1082977209
 1325 0b34 3F9173BF 		.word	-1082945217
 1326 0b38 DD0B74BF 		.word	-1082913827
 1327 0b3c 228474BF 		.word	-1082883038
 1328 0b40 0BFA74BF 		.word	-1082852853
 1329 0b44 976D75BF 		.word	-1082823273
 1330 0b48 C6DE75BF 		.word	-1082794298
 1331 0b4c 974D76BF 		.word	-1082765929
 1332 0b50 07BA76BF 		.word	-1082738169
 1333 0b54 172477BF 		.word	-1082711017
 1334 0b58 C58B77BF 		.word	-1082684475
 1335 0b5c 10F177BF 		.word	-1082658544
 1336 0b60 F85378BF 		.word	-1082633224
 1337 0b64 7BB478BF 		.word	-1082608517
 1338 0b68 981279BF 		.word	-1082584424
 1339 0b6c 4E6E79BF 		.word	-1082560946
 1340 0b70 9DC779BF 		.word	-1082538083
 1341 0b74 841E7ABF 		.word	-1082515836
 1342 0b78 02737ABF 		.word	-1082494206
 1343 0b7c 16C57ABF 		.word	-1082473194
 1344 0b80 BE147BBF 		.word	-1082452802
ARM GAS  /var/folders/lp/x54gwt890xv47sdkqj1k04q40000gn/T//ccUp11CM.s 			page 28


 1345 0b84 FC617BBF 		.word	-1082433028
 1346 0b88 CDAC7BBF 		.word	-1082413875
 1347 0b8c 31F57BBF 		.word	-1082395343
 1348 0b90 283B7CBF 		.word	-1082377432
 1349 0b94 B07E7CBF 		.word	-1082360144
 1350 0b98 C9BF7CBF 		.word	-1082343479
 1351 0b9c 73FE7CBF 		.word	-1082327437
 1352 0ba0 AC3A7DBF 		.word	-1082312020
 1353 0ba4 74747DBF 		.word	-1082297228
 1354 0ba8 CCAB7DBF 		.word	-1082283060
 1355 0bac B1E07DBF 		.word	-1082269519
 1356 0bb0 23137EBF 		.word	-1082256605
 1357 0bb4 23437EBF 		.word	-1082244317
 1358 0bb8 B0707EBF 		.word	-1082232656
 1359 0bbc C99B7EBF 		.word	-1082221623
 1360 0bc0 6DC47EBF 		.word	-1082211219
 1361 0bc4 9DEA7EBF 		.word	-1082201443
 1362 0bc8 580E7FBF 		.word	-1082192296
 1363 0bcc 9D2F7FBF 		.word	-1082183779
 1364 0bd0 6D4E7FBF 		.word	-1082175891
 1365 0bd4 C76A7FBF 		.word	-1082168633
 1366 0bd8 AB847FBF 		.word	-1082162005
 1367 0bdc 189C7FBF 		.word	-1082156008
 1368 0be0 0FB17FBF 		.word	-1082150641
 1369 0be4 8FC37FBF 		.word	-1082145905
 1370 0be8 97D37FBF 		.word	-1082141801
 1371 0bec 29E17FBF 		.word	-1082138327
 1372 0bf0 43EC7FBF 		.word	-1082135485
 1373 0bf4 E6F47FBF 		.word	-1082133274
 1374 0bf8 11FB7FBF 		.word	-1082131695
 1375 0bfc C4FE7FBF 		.word	-1082130748
 1376 0c00 000080BF 		.word	-1082130432
 1377 0c04 C4FE7FBF 		.word	-1082130748
 1378 0c08 11FB7FBF 		.word	-1082131695
 1379 0c0c E6F47FBF 		.word	-1082133274
 1380 0c10 43EC7FBF 		.word	-1082135485
 1381 0c14 29E17FBF 		.word	-1082138327
 1382 0c18 97D37FBF 		.word	-1082141801
 1383 0c1c 8FC37FBF 		.word	-1082145905
 1384 0c20 0FB17FBF 		.word	-1082150641
 1385 0c24 189C7FBF 		.word	-1082156008
 1386 0c28 AB847FBF 		.word	-1082162005
 1387 0c2c C76A7FBF 		.word	-1082168633
 1388 0c30 6D4E7FBF 		.word	-1082175891
 1389 0c34 9D2F7FBF 		.word	-1082183779
 1390 0c38 580E7FBF 		.word	-1082192296
 1391 0c3c 9DEA7EBF 		.word	-1082201443
 1392 0c40 6DC47EBF 		.word	-1082211219
 1393 0c44 C99B7EBF 		.word	-1082221623
 1394 0c48 B0707EBF 		.word	-1082232656
 1395 0c4c 23437EBF 		.word	-1082244317
 1396 0c50 23137EBF 		.word	-1082256605
 1397 0c54 B1E07DBF 		.word	-1082269519
 1398 0c58 CCAB7DBF 		.word	-1082283060
 1399 0c5c 74747DBF 		.word	-1082297228
 1400 0c60 AC3A7DBF 		.word	-1082312020
 1401 0c64 73FE7CBF 		.word	-1082327437
ARM GAS  /var/folders/lp/x54gwt890xv47sdkqj1k04q40000gn/T//ccUp11CM.s 			page 29


 1402 0c68 C9BF7CBF 		.word	-1082343479
 1403 0c6c B07E7CBF 		.word	-1082360144
 1404 0c70 283B7CBF 		.word	-1082377432
 1405 0c74 31F57BBF 		.word	-1082395343
 1406 0c78 CDAC7BBF 		.word	-1082413875
 1407 0c7c FC617BBF 		.word	-1082433028
 1408 0c80 BE147BBF 		.word	-1082452802
 1409 0c84 16C57ABF 		.word	-1082473194
 1410 0c88 02737ABF 		.word	-1082494206
 1411 0c8c 841E7ABF 		.word	-1082515836
 1412 0c90 9DC779BF 		.word	-1082538083
 1413 0c94 4E6E79BF 		.word	-1082560946
 1414 0c98 981279BF 		.word	-1082584424
 1415 0c9c 7BB478BF 		.word	-1082608517
 1416 0ca0 F85378BF 		.word	-1082633224
 1417 0ca4 10F177BF 		.word	-1082658544
 1418 0ca8 C58B77BF 		.word	-1082684475
 1419 0cac 172477BF 		.word	-1082711017
 1420 0cb0 07BA76BF 		.word	-1082738169
 1421 0cb4 974D76BF 		.word	-1082765929
 1422 0cb8 C6DE75BF 		.word	-1082794298
 1423 0cbc 976D75BF 		.word	-1082823273
 1424 0cc0 0BFA74BF 		.word	-1082852853
 1425 0cc4 228474BF 		.word	-1082883038
 1426 0cc8 DD0B74BF 		.word	-1082913827
 1427 0ccc 3F9173BF 		.word	-1082945217
 1428 0cd0 471473BF 		.word	-1082977209
 1429 0cd4 F89472BF 		.word	-1083009800
 1430 0cd8 521372BF 		.word	-1083042990
 1431 0cdc 578F71BF 		.word	-1083076777
 1432 0ce0 080971BF 		.word	-1083111160
 1433 0ce4 668070BF 		.word	-1083146138
 1434 0ce8 73F56FBF 		.word	-1083181709
 1435 0cec 30686FBF 		.word	-1083217872
 1436 0cf0 9ED86EBF 		.word	-1083254626
 1437 0cf4 BE466EBF 		.word	-1083291970
 1438 0cf8 93B26DBF 		.word	-1083329901
 1439 0cfc 1D1C6DBF 		.word	-1083368419
 1440 0d00 5E836CBF 		.word	-1083407522
 1441 0d04 58E86BBF 		.word	-1083447208
 1442 0d08 0C4B6BBF 		.word	-1083487476
 1443 0d0c 7BAB6ABF 		.word	-1083528325
 1444 0d10 A7096ABF 		.word	-1083569753
 1445 0d14 916569BF 		.word	-1083611759
 1446 0d18 3CBF68BF 		.word	-1083654340
 1447 0d1c A81668BF 		.word	-1083697496
 1448 0d20 D86B67BF 		.word	-1083741224
 1449 0d24 CCBE66BF 		.word	-1083785524
 1450 0d28 880F66BF 		.word	-1083830392
 1451 0d2c 0B5E65BF 		.word	-1083875829
 1452 0d30 59AA64BF 		.word	-1083921831
 1453 0d34 73F463BF 		.word	-1083968397
 1454 0d38 5A3C63BF 		.word	-1084015526
 1455 0d3c 108262BF 		.word	-1084063216
 1456 0d40 97C561BF 		.word	-1084111465
 1457 0d44 F20661BF 		.word	-1084160270
 1458 0d48 214660BF 		.word	-1084209631
ARM GAS  /var/folders/lp/x54gwt890xv47sdkqj1k04q40000gn/T//ccUp11CM.s 			page 30


 1459 0d4c 27835FBF 		.word	-1084259545
 1460 0d50 05BE5EBF 		.word	-1084310011
 1461 0d54 BEF65DBF 		.word	-1084361026
 1462 0d58 532D5DBF 		.word	-1084412589
 1463 0d5c C7615CBF 		.word	-1084464697
 1464 0d60 1A945BBF 		.word	-1084517350
 1465 0d64 50C45ABF 		.word	-1084570544
 1466 0d68 6AF259BF 		.word	-1084624278
 1467 0d6c 6A1E59BF 		.word	-1084678550
 1468 0d70 534858BF 		.word	-1084733357
 1469 0d74 267057BF 		.word	-1084788698
 1470 0d78 E59556BF 		.word	-1084844571
 1471 0d7c 93B955BF 		.word	-1084900973
 1472 0d80 31DB54BF 		.word	-1084957903
 1473 0d84 C3FA53BF 		.word	-1085015357
 1474 0d88 491853BF 		.word	-1085073335
 1475 0d8c C63352BF 		.word	-1085131834
 1476 0d90 3D4D51BF 		.word	-1085190851
 1477 0d94 AF6450BF 		.word	-1085250385
 1478 0d98 207A4FBF 		.word	-1085310432
 1479 0d9c 908D4EBF 		.word	-1085370992
 1480 0da0 029F4DBF 		.word	-1085432062
 1481 0da4 79AE4CBF 		.word	-1085493639
 1482 0da8 F8BB4BBF 		.word	-1085555720
 1483 0dac 7FC74ABF 		.word	-1085618305
 1484 0db0 12D149BF 		.word	-1085681390
 1485 0db4 B4D848BF 		.word	-1085744972
 1486 0db8 65DE47BF 		.word	-1085809051
 1487 0dbc 2AE246BF 		.word	-1085873622
 1488 0dc0 03E445BF 		.word	-1085938685
 1489 0dc4 F5E344BF 		.word	-1086004235
 1490 0dc8 01E243BF 		.word	-1086070271
 1491 0dcc 29DE42BF 		.word	-1086136791
 1492 0dd0 70D841BF 		.word	-1086203792
 1493 0dd4 DAD040BF 		.word	-1086271270
 1494 0dd8 67C73FBF 		.word	-1086339225
 1495 0ddc 1BBC3EBF 		.word	-1086407653
 1496 0de0 F9AE3DBF 		.word	-1086476551
 1497 0de4 03A03CBF 		.word	-1086545917
 1498 0de8 3B8F3BBF 		.word	-1086615749
 1499 0dec A47C3ABF 		.word	-1086686044
 1500 0df0 426839BF 		.word	-1086756798
 1501 0df4 165238BF 		.word	-1086828010
 1502 0df8 233A37BF 		.word	-1086899677
 1503 0dfc 6C2036BF 		.word	-1086971796
 1504 0e00 F30435BF 		.word	-1087044365
 1505 0e04 BCE733BF 		.word	-1087117380
 1506 0e08 C9C832BF 		.word	-1087190839
 1507 0e0c 1DA831BF 		.word	-1087264739
 1508 0e10 BB8530BF 		.word	-1087339077
 1509 0e14 A5612FBF 		.word	-1087413851
 1510 0e18 DE3B2EBF 		.word	-1087489058
 1511 0e1c 69142DBF 		.word	-1087564695
 1512 0e20 4AEB2BBF 		.word	-1087640758
 1513 0e24 82C02ABF 		.word	-1087717246
 1514 0e28 159429BF 		.word	-1087794155
 1515 0e2c 056628BF 		.word	-1087871483
ARM GAS  /var/folders/lp/x54gwt890xv47sdkqj1k04q40000gn/T//ccUp11CM.s 			page 31


 1516 0e30 563627BF 		.word	-1087949226
 1517 0e34 0A0526BF 		.word	-1088027382
 1518 0e38 25D224BF 		.word	-1088105947
 1519 0e3c A99D23BF 		.word	-1088184919
 1520 0e40 996722BF 		.word	-1088264295
 1521 0e44 F92F21BF 		.word	-1088344071
 1522 0e48 CBF61FBF 		.word	-1088424245
 1523 0e4c 12BC1EBF 		.word	-1088504814
 1524 0e50 D17F1DBF 		.word	-1088585775
 1525 0e54 0C421CBF 		.word	-1088667124
 1526 0e58 C6021BBF 		.word	-1088748858
 1527 0e5c 00C219BF 		.word	-1088830976
 1528 0e60 C07F18BF 		.word	-1088913472
 1529 0e64 073C17BF 		.word	-1088996345
 1530 0e68 D9F615BF 		.word	-1089079591
 1531 0e6c 39B014BF 		.word	-1089163207
 1532 0e70 2A6813BF 		.word	-1089247190
 1533 0e74 B01E12BF 		.word	-1089331536
 1534 0e78 CDD310BF 		.word	-1089416243
 1535 0e7c 84870FBF 		.word	-1089501308
 1536 0e80 DA390EBF 		.word	-1089586726
 1537 0e84 D0EA0CBF 		.word	-1089672496
 1538 0e88 6B9A0BBF 		.word	-1089758613
 1539 0e8c AD480ABF 		.word	-1089845075
 1540 0e90 9BF508BF 		.word	-1089931877
 1541 0e94 36A107BF 		.word	-1090019018
 1542 0e98 824B06BF 		.word	-1090106494
 1543 0e9c 84F404BF 		.word	-1090194300
 1544 0ea0 3D9C03BF 		.word	-1090282435
 1545 0ea4 B14202BF 		.word	-1090370895
 1546 0ea8 E4E700BF 		.word	-1090459676
 1547 0eac B217FFBE 		.word	-1090578510
 1548 0eb0 275DFCBE 		.word	-1090757337
 1549 0eb4 2DA0F9BE 		.word	-1090936787
 1550 0eb8 CBE0F6BE 		.word	-1091116853
 1551 0ebc 071FF4BE 		.word	-1091297529
 1552 0ec0 EA5AF1BE 		.word	-1091478806
 1553 0ec4 7994EEBE 		.word	-1091660679
 1554 0ec8 BBCBEBBE 		.word	-1091843141
 1555 0ecc B700E9BE 		.word	-1092026185
 1556 0ed0 7533E6BE 		.word	-1092209803
 1557 0ed4 FA63E3BE 		.word	-1092393990
 1558 0ed8 4F92E0BE 		.word	-1092578737
 1559 0edc 79BEDDBE 		.word	-1092764039
 1560 0ee0 80E8DABE 		.word	-1092949888
 1561 0ee4 6B10D8BE 		.word	-1093136277
 1562 0ee8 4136D5BE 		.word	-1093323199
 1563 0eec 095AD2BE 		.word	-1093510647
 1564 0ef0 CA7BCFBE 		.word	-1093698614
 1565 0ef4 8B9BCCBE 		.word	-1093887093
 1566 0ef8 53B9C9BE 		.word	-1094076077
 1567 0efc 2AD5C6BE 		.word	-1094265558
 1568 0f00 15EFC3BE 		.word	-1094455531
 1569 0f04 1E07C1BE 		.word	-1094645986
 1570 0f08 491DBEBE 		.word	-1094836919
 1571 0f0c A131BBBE 		.word	-1095028319
 1572 0f10 2A44B8BE 		.word	-1095220182
ARM GAS  /var/folders/lp/x54gwt890xv47sdkqj1k04q40000gn/T//ccUp11CM.s 			page 32


 1573 0f14 EC54B5BE 		.word	-1095412500
 1574 0f18 EF63B2BE 		.word	-1095605265
 1575 0f1c 3A71AFBE 		.word	-1095798470
 1576 0f20 D47CACBE 		.word	-1095992108
 1577 0f24 C486A9BE 		.word	-1096186172
 1578 0f28 128FA6BE 		.word	-1096380654
 1579 0f2c C595A3BE 		.word	-1096575547
 1580 0f30 E59AA0BE 		.word	-1096770843
 1581 0f34 789E9DBE 		.word	-1096966536
 1582 0f38 86A09ABE 		.word	-1097162618
 1583 0f3c 17A197BE 		.word	-1097359081
 1584 0f40 32A094BE 		.word	-1097555918
 1585 0f44 DD9D91BE 		.word	-1097753123
 1586 0f48 229A8EBE 		.word	-1097950686
 1587 0f4c 07958BBE 		.word	-1098148601
 1588 0f50 938E88BE 		.word	-1098346861
 1589 0f54 CF8685BE 		.word	-1098545457
 1590 0f58 C07D82BE 		.word	-1098744384
 1591 0f5c E1E67EBE 		.word	-1098979615
 1592 0f60 CCCF78BE 		.word	-1099378740
 1593 0f64 51B672BE 		.word	-1099778479
 1594 0f68 7F9A6CBE 		.word	-1100178817
 1595 0f6c 667C66BE 		.word	-1100579738
 1596 0f70 135C60BE 		.word	-1100981229
 1597 0f74 97395ABE 		.word	-1101383273
 1598 0f78 011554BE 		.word	-1101785855
 1599 0f7c 5FEE4DBE 		.word	-1102188961
 1600 0f80 C2C547BE 		.word	-1102592574
 1601 0f84 379B41BE 		.word	-1102996681
 1602 0f88 CF6E3BBE 		.word	-1103401265
 1603 0f8c 984035BE 		.word	-1103806312
 1604 0f90 A2102FBE 		.word	-1104211806
 1605 0f94 FCDE28BE 		.word	-1104617732
 1606 0f98 B5AB22BE 		.word	-1105024075
 1607 0f9c DE761CBE 		.word	-1105430818
 1608 0fa0 834016BE 		.word	-1105837949
 1609 0fa4 B70810BE 		.word	-1106245449
 1610 0fa8 87CF09BE 		.word	-1106653305
 1611 0fac 029503BE 		.word	-1107061502
 1612 0fb0 73B2FABD 		.word	-1107643789
 1613 0fb4 7638EEBD 		.word	-1108461450
 1614 0fb8 2FBCE1BD 		.word	-1109279697
 1615 0fbc B93DD5BD 		.word	-1110098503
 1616 0fc0 36BDC8BD 		.word	-1110917834
 1617 0fc4 C43ABCBD 		.word	-1111737660
 1618 0fc8 80B6AFBD 		.word	-1112557952
 1619 0fcc 8C30A3BD 		.word	-1113378676
 1620 0fd0 04A996BD 		.word	-1114199804
 1621 0fd4 0A208ABD 		.word	-1115021302
 1622 0fd8 752B7BBD 		.word	-1116001419
 1623 0fdc 671462BD 		.word	-1117645721
 1624 0fe0 2EFB48BD 		.word	-1119290578
 1625 0fe4 07E02FBD 		.word	-1120935929
 1626 0fe8 2BC316BD 		.word	-1122581717
 1627 0fec B849FBBC 		.word	-1124382280
 1628 0ff0 B10AC9BC 		.word	-1127675215
 1629 0ff4 B6C996BC 		.word	-1130968650
ARM GAS  /var/folders/lp/x54gwt890xv47sdkqj1k04q40000gn/T//ccUp11CM.s 			page 33


 1630 0ff8 920E49BC 		.word	-1136062830
 1631 0ffc 7E0FC9BB 		.word	-1144451202
 1632 1000 00000000 		.word	0
 1633              		.text
 1634              	.Letext0:
 1635              		.file 3 "/Users/jr/Library/Application Support/Code/User/globalStorage/bmd.stm32-for-vscode/@xpack
 1636              		.file 4 "/Users/jr/Library/Application Support/Code/User/globalStorage/bmd.stm32-for-vscode/@xpack
 1637              		.file 5 "Core/Inc/oscillators.h"
 1638              		.file 6 "Core/Inc/lut_sine.h"
ARM GAS  /var/folders/lp/x54gwt890xv47sdkqj1k04q40000gn/T//ccUp11CM.s 			page 34


DEFINED SYMBOLS
                            *ABS*:00000000 oscillators.c
/var/folders/lp/x54gwt890xv47sdkqj1k04q40000gn/T//ccUp11CM.s:21     .text.osc_init:00000000 $t
/var/folders/lp/x54gwt890xv47sdkqj1k04q40000gn/T//ccUp11CM.s:27     .text.osc_init:00000000 osc_init
/var/folders/lp/x54gwt890xv47sdkqj1k04q40000gn/T//ccUp11CM.s:66     .text.osc_init:00000024 $d
/var/folders/lp/x54gwt890xv47sdkqj1k04q40000gn/T//ccUp11CM.s:71     .text.osc_Sine:00000000 $t
/var/folders/lp/x54gwt890xv47sdkqj1k04q40000gn/T//ccUp11CM.s:77     .text.osc_Sine:00000000 osc_Sine
/var/folders/lp/x54gwt890xv47sdkqj1k04q40000gn/T//ccUp11CM.s:176    .text.osc_Sine:00000074 $d
/var/folders/lp/x54gwt890xv47sdkqj1k04q40000gn/T//ccUp11CM.s:607    .rodata.lut_sine:00000000 lut_sine
/var/folders/lp/x54gwt890xv47sdkqj1k04q40000gn/T//ccUp11CM.s:185    .text.osc_FM2OP:00000000 $t
/var/folders/lp/x54gwt890xv47sdkqj1k04q40000gn/T//ccUp11CM.s:191    .text.osc_FM2OP:00000000 osc_FM2OP
/var/folders/lp/x54gwt890xv47sdkqj1k04q40000gn/T//ccUp11CM.s:253    .text.osc_FM2OP:00000058 $d
/var/folders/lp/x54gwt890xv47sdkqj1k04q40000gn/T//ccUp11CM.s:600    .ccmram:0000008c osc1
/var/folders/lp/x54gwt890xv47sdkqj1k04q40000gn/T//ccUp11CM.s:594    .ccmram:00000070 osc2
/var/folders/lp/x54gwt890xv47sdkqj1k04q40000gn/T//ccUp11CM.s:262    .text.osc_polyblepSaw:00000000 $t
/var/folders/lp/x54gwt890xv47sdkqj1k04q40000gn/T//ccUp11CM.s:268    .text.osc_polyblepSaw:00000000 osc_polyblepSaw
/var/folders/lp/x54gwt890xv47sdkqj1k04q40000gn/T//ccUp11CM.s:372    .text.osc_polyblepSaw:00000070 $d
/var/folders/lp/x54gwt890xv47sdkqj1k04q40000gn/T//ccUp11CM.s:379    .text.osc_polyblepRect:00000000 $t
/var/folders/lp/x54gwt890xv47sdkqj1k04q40000gn/T//ccUp11CM.s:385    .text.osc_polyblepRect:00000000 osc_polyblepRect
/var/folders/lp/x54gwt890xv47sdkqj1k04q40000gn/T//ccUp11CM.s:559    .text.osc_polyblepRect:000000bc $d
/var/folders/lp/x54gwt890xv47sdkqj1k04q40000gn/T//ccUp11CM.s:570    .ccmram:00000000 flanger_lfo
/var/folders/lp/x54gwt890xv47sdkqj1k04q40000gn/T//ccUp11CM.s:567    .ccmram:00000000 $d
/var/folders/lp/x54gwt890xv47sdkqj1k04q40000gn/T//ccUp11CM.s:576    .ccmram:0000001c sub_osc
/var/folders/lp/x54gwt890xv47sdkqj1k04q40000gn/T//ccUp11CM.s:582    .ccmram:00000038 osc4
/var/folders/lp/x54gwt890xv47sdkqj1k04q40000gn/T//ccUp11CM.s:588    .ccmram:00000054 osc3
/var/folders/lp/x54gwt890xv47sdkqj1k04q40000gn/T//ccUp11CM.s:604    .rodata.lut_sine:00000000 $d

UNDEFINED SYMBOLS
interp_lin_lut
polyblep
