ARM GAS  /var/folders/lp/x54gwt890xv47sdkqj1k04q40000gn/T//ccAKHriR.s 			page 1


   1              		.cpu cortex-m4
   2              		.arch armv7e-m
   3              		.fpu fpv4-sp-d16
   4              		.eabi_attribute 27, 1
   5              		.eabi_attribute 28, 1
   6              		.eabi_attribute 20, 1
   7              		.eabi_attribute 21, 1
   8              		.eabi_attribute 23, 3
   9              		.eabi_attribute 24, 1
  10              		.eabi_attribute 25, 1
  11              		.eabi_attribute 26, 1
  12              		.eabi_attribute 30, 2
  13              		.eabi_attribute 34, 1
  14              		.eabi_attribute 18, 4
  15              		.file	"adc.c"
  16              		.text
  17              		.section	.text.MX_ADC1_Init,"ax",%progbits
  18              		.align	1
  19              		.p2align 2,,3
  20              		.global	MX_ADC1_Init
  21              		.syntax unified
  22              		.thumb
  23              		.thumb_func
  25              	MX_ADC1_Init:
  26              		@ args = 0, pretend = 0, frame = 16
  27              		@ frame_needed = 0, uses_anonymous_args = 0
  28 0000 00B5     		push	{lr}
  29 0002 1F48     		ldr	r0, .L14+16
  30 0004 1F49     		ldr	r1, .L14+20
  31 0006 9FED1A7B 		vldr.64	d7, .L14	@ int
  32 000a 4FF48032 		mov	r2, #65536
  33 000e 85B0     		sub	sp, sp, #20
  34 0010 0023     		movs	r3, #0
  35 0012 C0E90012 		strd	r1, r2, [r0]
  36 0016 0122     		movs	r2, #1
  37 0018 CDE90033 		strd	r3, r3, [sp]
  38 001c CDE90233 		strd	r3, r3, [sp, #8]
  39 0020 80ED0A7B 		vstr.64	d7, [r0, #40]	@ int
  40 0024 8360     		str	r3, [r0, #8]
  41 0026 0361     		str	r3, [r0, #16]
  42 0028 0376     		strb	r3, [r0, #24]
  43 002a 80F82030 		strb	r3, [r0, #32]
  44 002e C360     		str	r3, [r0, #12]
  45 0030 C261     		str	r2, [r0, #28]
  46 0032 80F83030 		strb	r3, [r0, #48]
  47 0036 4261     		str	r2, [r0, #20]
  48 0038 FFF7FEFF 		bl	HAL_ADC_Init
  49 003c 68B9     		cbnz	r0, .L12
  50              	.L2:
  51 003e 9FED0E7B 		vldr.64	d7, .L14+8	@ int
  52 0042 0023     		movs	r3, #0
  53 0044 0E48     		ldr	r0, .L14+16
  54 0046 0293     		str	r3, [sp, #8]
  55 0048 6946     		mov	r1, sp
  56 004a 8DED007B 		vstr.64	d7, [sp]	@ int
  57 004e FFF7FEFF 		bl	HAL_ADC_ConfigChannel
  58 0052 28B9     		cbnz	r0, .L13
ARM GAS  /var/folders/lp/x54gwt890xv47sdkqj1k04q40000gn/T//ccAKHriR.s 			page 2


  59 0054 05B0     		add	sp, sp, #20
  60              		@ sp needed
  61 0056 5DF804FB 		ldr	pc, [sp], #4
  62              	.L12:
  63 005a FFF7FEFF 		bl	Error_Handler
  64 005e EEE7     		b	.L2
  65              	.L13:
  66 0060 FFF7FEFF 		bl	Error_Handler
  67 0064 05B0     		add	sp, sp, #20
  68              		@ sp needed
  69 0066 5DF804FB 		ldr	pc, [sp], #4
  70              	.L15:
  71 006a 00BFAFF3 		.align	3
  71      0080
  72              	.L14:
  73 0070 0100000F 		.word	251658241
  74 0074 00000000 		.word	0
  75 0078 0E000000 		.word	14
  76 007c 01000000 		.word	1
  77 0080 00000000 		.word	hadc1
  78 0084 00200140 		.word	1073815552
  80              		.section	.text.MX_ADC2_Init,"ax",%progbits
  81              		.align	1
  82              		.p2align 2,,3
  83              		.global	MX_ADC2_Init
  84              		.syntax unified
  85              		.thumb
  86              		.thumb_func
  88              	MX_ADC2_Init:
  89              		@ args = 0, pretend = 0, frame = 16
  90              		@ frame_needed = 0, uses_anonymous_args = 0
  91 0000 00B5     		push	{lr}
  92 0002 1F48     		ldr	r0, .L28+16
  93 0004 1F49     		ldr	r1, .L28+20
  94 0006 9FED1A7B 		vldr.64	d7, .L28	@ int
  95 000a 4FF48032 		mov	r2, #65536
  96 000e 85B0     		sub	sp, sp, #20
  97 0010 0023     		movs	r3, #0
  98 0012 C0E90012 		strd	r1, r2, [r0]
  99 0016 0122     		movs	r2, #1
 100 0018 CDE90033 		strd	r3, r3, [sp]
 101 001c CDE90233 		strd	r3, r3, [sp, #8]
 102 0020 80ED0A7B 		vstr.64	d7, [r0, #40]	@ int
 103 0024 8360     		str	r3, [r0, #8]
 104 0026 0361     		str	r3, [r0, #16]
 105 0028 0376     		strb	r3, [r0, #24]
 106 002a 80F82030 		strb	r3, [r0, #32]
 107 002e C360     		str	r3, [r0, #12]
 108 0030 C261     		str	r2, [r0, #28]
 109 0032 80F83030 		strb	r3, [r0, #48]
 110 0036 4261     		str	r2, [r0, #20]
 111 0038 FFF7FEFF 		bl	HAL_ADC_Init
 112 003c 68B9     		cbnz	r0, .L26
 113              	.L17:
 114 003e 9FED0E7B 		vldr.64	d7, .L28+8	@ int
 115 0042 0023     		movs	r3, #0
 116 0044 0E48     		ldr	r0, .L28+16
ARM GAS  /var/folders/lp/x54gwt890xv47sdkqj1k04q40000gn/T//ccAKHriR.s 			page 3


 117 0046 0293     		str	r3, [sp, #8]
 118 0048 6946     		mov	r1, sp
 119 004a 8DED007B 		vstr.64	d7, [sp]	@ int
 120 004e FFF7FEFF 		bl	HAL_ADC_ConfigChannel
 121 0052 28B9     		cbnz	r0, .L27
 122 0054 05B0     		add	sp, sp, #20
 123              		@ sp needed
 124 0056 5DF804FB 		ldr	pc, [sp], #4
 125              	.L26:
 126 005a FFF7FEFF 		bl	Error_Handler
 127 005e EEE7     		b	.L17
 128              	.L27:
 129 0060 FFF7FEFF 		bl	Error_Handler
 130 0064 05B0     		add	sp, sp, #20
 131              		@ sp needed
 132 0066 5DF804FB 		ldr	pc, [sp], #4
 133              	.L29:
 134 006a 00BFAFF3 		.align	3
 134      0080
 135              	.L28:
 136 0070 0100000F 		.word	251658241
 137 0074 00000000 		.word	0
 138 0078 0F000000 		.word	15
 139 007c 01000000 		.word	1
 140 0080 00000000 		.word	hadc2
 141 0084 00210140 		.word	1073815808
 143              		.section	.text.MX_ADC3_Init,"ax",%progbits
 144              		.align	1
 145              		.p2align 2,,3
 146              		.global	MX_ADC3_Init
 147              		.syntax unified
 148              		.thumb
 149              		.thumb_func
 151              	MX_ADC3_Init:
 152              		@ args = 0, pretend = 0, frame = 16
 153              		@ frame_needed = 0, uses_anonymous_args = 0
 154 0000 00B5     		push	{lr}
 155 0002 1F48     		ldr	r0, .L42+16
 156 0004 1F49     		ldr	r1, .L42+20
 157 0006 9FED1A7B 		vldr.64	d7, .L42	@ int
 158 000a 4FF48032 		mov	r2, #65536
 159 000e 85B0     		sub	sp, sp, #20
 160 0010 0023     		movs	r3, #0
 161 0012 C0E90012 		strd	r1, r2, [r0]
 162 0016 0122     		movs	r2, #1
 163 0018 CDE90033 		strd	r3, r3, [sp]
 164 001c CDE90233 		strd	r3, r3, [sp, #8]
 165 0020 80ED0A7B 		vstr.64	d7, [r0, #40]	@ int
 166 0024 8360     		str	r3, [r0, #8]
 167 0026 0361     		str	r3, [r0, #16]
 168 0028 0376     		strb	r3, [r0, #24]
 169 002a 80F82030 		strb	r3, [r0, #32]
 170 002e C360     		str	r3, [r0, #12]
 171 0030 C261     		str	r2, [r0, #28]
 172 0032 80F83030 		strb	r3, [r0, #48]
 173 0036 4261     		str	r2, [r0, #20]
 174 0038 FFF7FEFF 		bl	HAL_ADC_Init
ARM GAS  /var/folders/lp/x54gwt890xv47sdkqj1k04q40000gn/T//ccAKHriR.s 			page 4


 175 003c 68B9     		cbnz	r0, .L40
 176              	.L31:
 177 003e 9FED0E7B 		vldr.64	d7, .L42+8	@ int
 178 0042 0023     		movs	r3, #0
 179 0044 0E48     		ldr	r0, .L42+16
 180 0046 0293     		str	r3, [sp, #8]
 181 0048 6946     		mov	r1, sp
 182 004a 8DED007B 		vstr.64	d7, [sp]	@ int
 183 004e FFF7FEFF 		bl	HAL_ADC_ConfigChannel
 184 0052 28B9     		cbnz	r0, .L41
 185 0054 05B0     		add	sp, sp, #20
 186              		@ sp needed
 187 0056 5DF804FB 		ldr	pc, [sp], #4
 188              	.L40:
 189 005a FFF7FEFF 		bl	Error_Handler
 190 005e EEE7     		b	.L31
 191              	.L41:
 192 0060 FFF7FEFF 		bl	Error_Handler
 193 0064 05B0     		add	sp, sp, #20
 194              		@ sp needed
 195 0066 5DF804FB 		ldr	pc, [sp], #4
 196              	.L43:
 197 006a 00BFAFF3 		.align	3
 197      0080
 198              	.L42:
 199 0070 0100000F 		.word	251658241
 200 0074 00000000 		.word	0
 201 0078 0C000000 		.word	12
 202 007c 01000000 		.word	1
 203 0080 00000000 		.word	hadc3
 204 0084 00220140 		.word	1073816064
 206              		.section	.text.HAL_ADC_MspInit,"ax",%progbits
 207              		.align	1
 208              		.p2align 2,,3
 209              		.global	HAL_ADC_MspInit
 210              		.syntax unified
 211              		.thumb
 212              		.thumb_func
 214              	HAL_ADC_MspInit:
 215              		@ args = 0, pretend = 0, frame = 48
 216              		@ frame_needed = 0, uses_anonymous_args = 0
 217 0000 00B5     		push	{lr}
 218 0002 0268     		ldr	r2, [r0]
 219 0004 4049     		ldr	r1, .L52+24
 220 0006 8DB0     		sub	sp, sp, #52
 221 0008 0023     		movs	r3, #0
 222 000a 8A42     		cmp	r2, r1
 223 000c CDE90633 		strd	r3, r3, [sp, #24]
 224 0010 CDE90833 		strd	r3, r3, [sp, #32]
 225 0014 0A93     		str	r3, [sp, #40]
 226 0016 08D0     		beq	.L49
 227 0018 3C49     		ldr	r1, .L52+28
 228 001a 8A42     		cmp	r2, r1
 229 001c 25D0     		beq	.L50
 230 001e 3C49     		ldr	r1, .L52+32
 231 0020 8A42     		cmp	r2, r1
 232 0022 42D0     		beq	.L51
ARM GAS  /var/folders/lp/x54gwt890xv47sdkqj1k04q40000gn/T//ccAKHriR.s 			page 5


 233 0024 0DB0     		add	sp, sp, #52
 234              		@ sp needed
 235 0026 5DF804FB 		ldr	pc, [sp], #4
 236              	.L49:
 237 002a 3A4A     		ldr	r2, .L52+36
 238 002c 0093     		str	r3, [sp]
 239 002e 506C     		ldr	r0, [r2, #68]
 240 0030 40F48070 		orr	r0, r0, #256
 241 0034 5064     		str	r0, [r2, #68]
 242 0036 506C     		ldr	r0, [r2, #68]
 243 0038 00F48070 		and	r0, r0, #256
 244 003c 0090     		str	r0, [sp]
 245 003e 0098     		ldr	r0, [sp]
 246 0040 0193     		str	r3, [sp, #4]
 247 0042 136B     		ldr	r3, [r2, #48]
 248 0044 3448     		ldr	r0, .L52+40
 249 0046 43F00403 		orr	r3, r3, #4
 250 004a 1363     		str	r3, [r2, #48]
 251 004c 136B     		ldr	r3, [r2, #48]
 252 004e 9FED287B 		vldr.64	d7, .L52	@ int
 253 0052 03F00403 		and	r3, r3, #4
 254 0056 0193     		str	r3, [sp, #4]
 255 0058 06A9     		add	r1, sp, #24
 256 005a 8DED067B 		vstr.64	d7, [sp, #24]	@ int
 257 005e 019B     		ldr	r3, [sp, #4]
 258 0060 FFF7FEFF 		bl	HAL_GPIO_Init
 259 0064 0DB0     		add	sp, sp, #52
 260              		@ sp needed
 261 0066 5DF804FB 		ldr	pc, [sp], #4
 262              	.L50:
 263 006a 2A4A     		ldr	r2, .L52+36
 264 006c 0293     		str	r3, [sp, #8]
 265 006e 506C     		ldr	r0, [r2, #68]
 266 0070 40F40070 		orr	r0, r0, #512
 267 0074 5064     		str	r0, [r2, #68]
 268 0076 506C     		ldr	r0, [r2, #68]
 269 0078 00F40070 		and	r0, r0, #512
 270 007c 0290     		str	r0, [sp, #8]
 271 007e 0298     		ldr	r0, [sp, #8]
 272 0080 0393     		str	r3, [sp, #12]
 273 0082 136B     		ldr	r3, [r2, #48]
 274 0084 2448     		ldr	r0, .L52+40
 275 0086 43F00403 		orr	r3, r3, #4
 276 008a 1363     		str	r3, [r2, #48]
 277 008c 136B     		ldr	r3, [r2, #48]
 278 008e 9FED1A7B 		vldr.64	d7, .L52+8	@ int
 279 0092 03F00403 		and	r3, r3, #4
 280 0096 0393     		str	r3, [sp, #12]
 281 0098 06A9     		add	r1, sp, #24
 282 009a 8DED067B 		vstr.64	d7, [sp, #24]	@ int
 283 009e 039B     		ldr	r3, [sp, #12]
 284 00a0 FFF7FEFF 		bl	HAL_GPIO_Init
 285 00a4 0DB0     		add	sp, sp, #52
 286              		@ sp needed
 287 00a6 5DF804FB 		ldr	pc, [sp], #4
 288              	.L51:
 289 00aa 1A4A     		ldr	r2, .L52+36
ARM GAS  /var/folders/lp/x54gwt890xv47sdkqj1k04q40000gn/T//ccAKHriR.s 			page 6


 290 00ac 0493     		str	r3, [sp, #16]
 291 00ae 506C     		ldr	r0, [r2, #68]
 292 00b0 40F48060 		orr	r0, r0, #1024
 293 00b4 5064     		str	r0, [r2, #68]
 294 00b6 506C     		ldr	r0, [r2, #68]
 295 00b8 00F48060 		and	r0, r0, #1024
 296 00bc 0490     		str	r0, [sp, #16]
 297 00be 0498     		ldr	r0, [sp, #16]
 298 00c0 0593     		str	r3, [sp, #20]
 299 00c2 136B     		ldr	r3, [r2, #48]
 300 00c4 1448     		ldr	r0, .L52+40
 301 00c6 43F00403 		orr	r3, r3, #4
 302 00ca 1363     		str	r3, [r2, #48]
 303 00cc 136B     		ldr	r3, [r2, #48]
 304 00ce 9FED0C7B 		vldr.64	d7, .L52+16	@ int
 305 00d2 03F00403 		and	r3, r3, #4
 306 00d6 0593     		str	r3, [sp, #20]
 307 00d8 06A9     		add	r1, sp, #24
 308 00da 8DED067B 		vstr.64	d7, [sp, #24]	@ int
 309 00de 059B     		ldr	r3, [sp, #20]
 310 00e0 FFF7FEFF 		bl	HAL_GPIO_Init
 311 00e4 0DB0     		add	sp, sp, #52
 312              		@ sp needed
 313 00e6 5DF804FB 		ldr	pc, [sp], #4
 314              	.L53:
 315 00ea 00BFAFF3 		.align	3
 315      0080
 316              	.L52:
 317 00f0 10000000 		.word	16
 318 00f4 03000000 		.word	3
 319 00f8 20000000 		.word	32
 320 00fc 03000000 		.word	3
 321 0100 04000000 		.word	4
 322 0104 03000000 		.word	3
 323 0108 00200140 		.word	1073815552
 324 010c 00210140 		.word	1073815808
 325 0110 00220140 		.word	1073816064
 326 0114 00380240 		.word	1073887232
 327 0118 00080240 		.word	1073874944
 329              		.section	.text.HAL_ADC_MspDeInit,"ax",%progbits
 330              		.align	1
 331              		.p2align 2,,3
 332              		.global	HAL_ADC_MspDeInit
 333              		.syntax unified
 334              		.thumb
 335              		.thumb_func
 337              	HAL_ADC_MspDeInit:
 338              		@ args = 0, pretend = 0, frame = 0
 339              		@ frame_needed = 0, uses_anonymous_args = 0
 340              		@ link register save eliminated.
 341 0000 134A     		ldr	r2, .L61
 342 0002 0368     		ldr	r3, [r0]
 343 0004 9342     		cmp	r3, r2
 344 0006 06D0     		beq	.L58
 345 0008 124A     		ldr	r2, .L61+4
 346 000a 9342     		cmp	r3, r2
 347 000c 0DD0     		beq	.L59
ARM GAS  /var/folders/lp/x54gwt890xv47sdkqj1k04q40000gn/T//ccAKHriR.s 			page 7


 348 000e 124A     		ldr	r2, .L61+8
 349 0010 9342     		cmp	r3, r2
 350 0012 13D0     		beq	.L60
 351 0014 7047     		bx	lr
 352              	.L58:
 353 0016 02F58C32 		add	r2, r2, #71680
 354 001a 1048     		ldr	r0, .L61+12
 355 001c 536C     		ldr	r3, [r2, #68]
 356 001e 23F48073 		bic	r3, r3, #256
 357 0022 1021     		movs	r1, #16
 358 0024 5364     		str	r3, [r2, #68]
 359 0026 FFF7FEBF 		b	HAL_GPIO_DeInit
 360              	.L59:
 361 002a 0D4A     		ldr	r2, .L61+16
 362 002c 0B48     		ldr	r0, .L61+12
 363 002e 536C     		ldr	r3, [r2, #68]
 364 0030 23F40073 		bic	r3, r3, #512
 365 0034 2021     		movs	r1, #32
 366 0036 5364     		str	r3, [r2, #68]
 367 0038 FFF7FEBF 		b	HAL_GPIO_DeInit
 368              	.L60:
 369 003c 02F58B32 		add	r2, r2, #71168
 370 0040 0648     		ldr	r0, .L61+12
 371 0042 536C     		ldr	r3, [r2, #68]
 372 0044 23F48063 		bic	r3, r3, #1024
 373 0048 0421     		movs	r1, #4
 374 004a 5364     		str	r3, [r2, #68]
 375 004c FFF7FEBF 		b	HAL_GPIO_DeInit
 376              	.L62:
 377              		.align	2
 378              	.L61:
 379 0050 00200140 		.word	1073815552
 380 0054 00210140 		.word	1073815808
 381 0058 00220140 		.word	1073816064
 382 005c 00080240 		.word	1073874944
 383 0060 00380240 		.word	1073887232
 385              		.global	hadc3
 386              		.section	.bss.hadc3,"aw",%nobits
 387              		.align	3
 390              	hadc3:
 391 0000 00000000 		.space	72
 391      00000000 
 391      00000000 
 391      00000000 
 391      00000000 
 392              		.global	hadc2
 393              		.section	.bss.hadc2,"aw",%nobits
 394              		.align	3
 397              	hadc2:
 398 0000 00000000 		.space	72
 398      00000000 
 398      00000000 
 398      00000000 
 398      00000000 
 399              		.global	hadc1
 400              		.section	.bss.hadc1,"aw",%nobits
 401              		.align	3
ARM GAS  /var/folders/lp/x54gwt890xv47sdkqj1k04q40000gn/T//ccAKHriR.s 			page 8


 404              	hadc1:
 405 0000 00000000 		.space	72
 405      00000000 
 405      00000000 
 405      00000000 
 405      00000000 
 406              		.ident	"GCC: (xPack GNU Arm Embedded GCC arm64) 13.3.1 20240614"
ARM GAS  /var/folders/lp/x54gwt890xv47sdkqj1k04q40000gn/T//ccAKHriR.s 			page 9


DEFINED SYMBOLS
                            *ABS*:00000000 adc.c
/var/folders/lp/x54gwt890xv47sdkqj1k04q40000gn/T//ccAKHriR.s:18     .text.MX_ADC1_Init:00000000 $t
/var/folders/lp/x54gwt890xv47sdkqj1k04q40000gn/T//ccAKHriR.s:25     .text.MX_ADC1_Init:00000000 MX_ADC1_Init
/var/folders/lp/x54gwt890xv47sdkqj1k04q40000gn/T//ccAKHriR.s:73     .text.MX_ADC1_Init:00000070 $d
/var/folders/lp/x54gwt890xv47sdkqj1k04q40000gn/T//ccAKHriR.s:404    .bss.hadc1:00000000 hadc1
/var/folders/lp/x54gwt890xv47sdkqj1k04q40000gn/T//ccAKHriR.s:81     .text.MX_ADC2_Init:00000000 $t
/var/folders/lp/x54gwt890xv47sdkqj1k04q40000gn/T//ccAKHriR.s:88     .text.MX_ADC2_Init:00000000 MX_ADC2_Init
/var/folders/lp/x54gwt890xv47sdkqj1k04q40000gn/T//ccAKHriR.s:136    .text.MX_ADC2_Init:00000070 $d
/var/folders/lp/x54gwt890xv47sdkqj1k04q40000gn/T//ccAKHriR.s:397    .bss.hadc2:00000000 hadc2
/var/folders/lp/x54gwt890xv47sdkqj1k04q40000gn/T//ccAKHriR.s:144    .text.MX_ADC3_Init:00000000 $t
/var/folders/lp/x54gwt890xv47sdkqj1k04q40000gn/T//ccAKHriR.s:151    .text.MX_ADC3_Init:00000000 MX_ADC3_Init
/var/folders/lp/x54gwt890xv47sdkqj1k04q40000gn/T//ccAKHriR.s:199    .text.MX_ADC3_Init:00000070 $d
/var/folders/lp/x54gwt890xv47sdkqj1k04q40000gn/T//ccAKHriR.s:390    .bss.hadc3:00000000 hadc3
/var/folders/lp/x54gwt890xv47sdkqj1k04q40000gn/T//ccAKHriR.s:207    .text.HAL_ADC_MspInit:00000000 $t
/var/folders/lp/x54gwt890xv47sdkqj1k04q40000gn/T//ccAKHriR.s:214    .text.HAL_ADC_MspInit:00000000 HAL_ADC_MspInit
/var/folders/lp/x54gwt890xv47sdkqj1k04q40000gn/T//ccAKHriR.s:317    .text.HAL_ADC_MspInit:000000f0 $d
/var/folders/lp/x54gwt890xv47sdkqj1k04q40000gn/T//ccAKHriR.s:330    .text.HAL_ADC_MspDeInit:00000000 $t
/var/folders/lp/x54gwt890xv47sdkqj1k04q40000gn/T//ccAKHriR.s:337    .text.HAL_ADC_MspDeInit:00000000 HAL_ADC_MspDeInit
/var/folders/lp/x54gwt890xv47sdkqj1k04q40000gn/T//ccAKHriR.s:379    .text.HAL_ADC_MspDeInit:00000050 $d
/var/folders/lp/x54gwt890xv47sdkqj1k04q40000gn/T//ccAKHriR.s:387    .bss.hadc3:00000000 $d
/var/folders/lp/x54gwt890xv47sdkqj1k04q40000gn/T//ccAKHriR.s:394    .bss.hadc2:00000000 $d
/var/folders/lp/x54gwt890xv47sdkqj1k04q40000gn/T//ccAKHriR.s:401    .bss.hadc1:00000000 $d

UNDEFINED SYMBOLS
HAL_ADC_Init
HAL_ADC_ConfigChannel
Error_Handler
HAL_GPIO_Init
HAL_GPIO_DeInit
