ARM GAS  /var/folders/lp/x54gwt890xv47sdkqj1k04q40000gn/T//ccMQ4UbJ.s 			page 1


   1              		.cpu cortex-m4
   2              		.arch armv7e-m
   3              		.fpu fpv4-sp-d16
   4              		.eabi_attribute 27, 1
   5              		.eabi_attribute 28, 1
   6              		.eabi_attribute 20, 1
   7              		.eabi_attribute 21, 1
   8              		.eabi_attribute 23, 3
   9              		.eabi_attribute 24, 1
  10              		.eabi_attribute 25, 1
  11              		.eabi_attribute 26, 1
  12              		.eabi_attribute 30, 2
  13              		.eabi_attribute 34, 1
  14              		.eabi_attribute 18, 4
  15              		.file	"lv_btn.c"
  16              		.text
  17              		.section	.text.lv_btn_constructor,"ax",%progbits
  18              		.align	1
  19              		.p2align 2,,3
  20              		.syntax unified
  21              		.thumb
  22              		.thumb_func
  24              	lv_btn_constructor:
  25              		@ args = 0, pretend = 0, frame = 0
  26              		@ frame_needed = 0, uses_anonymous_args = 0
  27 0000 10B5     		push	{r4, lr}
  28 0002 0C46     		mov	r4, r1
  29 0004 2046     		mov	r0, r4
  30 0006 1021     		movs	r1, #16
  31 0008 FFF7FEFF 		bl	lv_obj_clear_flag
  32 000c 2046     		mov	r0, r4
  33 000e 4FF48061 		mov	r1, #1024
  34 0012 BDE81040 		pop	{r4, lr}
  35 0016 FFF7FEBF 		b	lv_obj_add_flag
  37 001a 00BF     		.section	.text.lv_btn_create,"ax",%progbits
  38              		.align	1
  39              		.p2align 2,,3
  40              		.global	lv_btn_create
  41              		.syntax unified
  42              		.thumb
  43              		.thumb_func
  45              	lv_btn_create:
  46              		@ args = 0, pretend = 0, frame = 0
  47              		@ frame_needed = 0, uses_anonymous_args = 0
  48 0000 10B5     		push	{r4, lr}
  49 0002 0146     		mov	r1, r0
  50 0004 0348     		ldr	r0, .L6
  51 0006 FFF7FEFF 		bl	lv_obj_class_create_obj
  52 000a 0446     		mov	r4, r0
  53 000c FFF7FEFF 		bl	lv_obj_class_init_obj
  54 0010 2046     		mov	r0, r4
  55 0012 10BD     		pop	{r4, pc}
  56              	.L7:
  57              		.align	2
  58              	.L6:
  59 0014 00000000 		.word	lv_btn_class
  61              		.global	lv_btn_class
ARM GAS  /var/folders/lp/x54gwt890xv47sdkqj1k04q40000gn/T//ccMQ4UbJ.s 			page 2


  62              		.section	.rodata.lv_btn_class,"a"
  63              		.align	2
  66              	lv_btn_class:
  67 0000 00000000 		.word	lv_obj_class
  68 0004 00000000 		.word	lv_btn_constructor
  69 0008 00000000 		.space	12
  69      00000000 
  69      00000000 
  70 0014 D127     		.short	10193
  71 0016 D127     		.short	10193
  72 0018 44       		.byte	68
  73 0019 02       		.byte	2
  74 001a 00       		.byte	0
  75 001b 00       		.space	1
  76              		.ident	"GCC: (xPack GNU Arm Embedded GCC arm64) 13.3.1 20240614"
ARM GAS  /var/folders/lp/x54gwt890xv47sdkqj1k04q40000gn/T//ccMQ4UbJ.s 			page 3


DEFINED SYMBOLS
                            *ABS*:00000000 lv_btn.c
/var/folders/lp/x54gwt890xv47sdkqj1k04q40000gn/T//ccMQ4UbJ.s:18     .text.lv_btn_constructor:00000000 $t
/var/folders/lp/x54gwt890xv47sdkqj1k04q40000gn/T//ccMQ4UbJ.s:24     .text.lv_btn_constructor:00000000 lv_btn_constructor
/var/folders/lp/x54gwt890xv47sdkqj1k04q40000gn/T//ccMQ4UbJ.s:38     .text.lv_btn_create:00000000 $t
/var/folders/lp/x54gwt890xv47sdkqj1k04q40000gn/T//ccMQ4UbJ.s:45     .text.lv_btn_create:00000000 lv_btn_create
/var/folders/lp/x54gwt890xv47sdkqj1k04q40000gn/T//ccMQ4UbJ.s:59     .text.lv_btn_create:00000014 $d
/var/folders/lp/x54gwt890xv47sdkqj1k04q40000gn/T//ccMQ4UbJ.s:66     .rodata.lv_btn_class:00000000 lv_btn_class
/var/folders/lp/x54gwt890xv47sdkqj1k04q40000gn/T//ccMQ4UbJ.s:63     .rodata.lv_btn_class:00000000 $d

UNDEFINED SYMBOLS
lv_obj_clear_flag
lv_obj_add_flag
lv_obj_class_create_obj
lv_obj_class_init_obj
lv_obj_class
