ARM GAS  /var/folders/lp/x54gwt890xv47sdkqj1k04q40000gn/T//ccOpKZF5.s 			page 1


   1              		.cpu cortex-m4
   2              		.arch armv7e-m
   3              		.fpu fpv4-sp-d16
   4              		.eabi_attribute 27, 1
   5              		.eabi_attribute 28, 1
   6              		.eabi_attribute 20, 1
   7              		.eabi_attribute 21, 1
   8              		.eabi_attribute 23, 3
   9              		.eabi_attribute 24, 1
  10              		.eabi_attribute 25, 1
  11              		.eabi_attribute 26, 1
  12              		.eabi_attribute 30, 2
  13              		.eabi_attribute 34, 1
  14              		.eabi_attribute 18, 4
  15              		.file	"lv_canvas.c"
  16              		.text
  17              		.section	.text.lv_canvas_destructor,"ax",%progbits
  18              		.align	1
  19              		.p2align 2,,3
  20              		.syntax unified
  21              		.thumb
  22              		.thumb_func
  24              	lv_canvas_destructor:
  25              		@ args = 0, pretend = 0, frame = 0
  26              		@ frame_needed = 0, uses_anonymous_args = 0
  27              		@ link register save eliminated.
  28 0000 01F13C00 		add	r0, r1, #60
  29 0004 FFF7FEBF 		b	lv_img_cache_invalidate_src
  31              		.section	.text.lv_canvas_constructor,"ax",%progbits
  32              		.align	1
  33              		.p2align 2,,3
  34              		.syntax unified
  35              		.thumb
  36              		.thumb_func
  38              	lv_canvas_constructor:
  39              		@ args = 0, pretend = 0, frame = 0
  40              		@ frame_needed = 0, uses_anonymous_args = 0
  41              		@ link register save eliminated.
  42 0000 CB6B     		ldr	r3, [r1, #60]
  43 0002 03F44073 		and	r3, r3, #768
  44 0006 0022     		movs	r2, #0
  45 0008 43F00403 		orr	r3, r3, #4
  46 000c 0846     		mov	r0, r1
  47 000e 0A64     		str	r2, [r1, #64]
  48 0010 CB63     		str	r3, [r1, #60]
  49 0012 4A64     		str	r2, [r1, #68]
  50 0014 3C31     		adds	r1, r1, #60
  51 0016 FFF7FEBF 		b	lv_img_set_src
  53 001a 00BF     		.section	.text.init_fake_disp,"ax",%progbits
  54              		.align	1
  55              		.p2align 2,,3
  56              		.syntax unified
  57              		.thumb
  58              		.thumb_func
  60              	init_fake_disp:
  61              		@ args = 0, pretend = 0, frame = 0
  62              		@ frame_needed = 0, uses_anonymous_args = 0
ARM GAS  /var/folders/lp/x54gwt890xv47sdkqj1k04q40000gn/T//ccOpKZF5.s 			page 2


  63 0000 2DE9F041 		push	{r4, r5, r6, r7, r8, lr}
  64 0004 0546     		mov	r5, r0
  65 0006 0020     		movs	r0, #0
  66 0008 1880     		strh	r0, [r3]	@ movhi
  67 000a 1C46     		mov	r4, r3
  68 000c EB6B     		ldr	r3, [r5, #60]
  69 000e 6080     		strh	r0, [r4, #2]	@ movhi
  70 0010 C3F38A23 		ubfx	r3, r3, #10, #11
  71 0014 013B     		subs	r3, r3, #1
  72 0016 A380     		strh	r3, [r4, #4]	@ movhi
  73 0018 EB8F     		ldrh	r3, [r5, #62]
  74 001a C3F34A13 		ubfx	r3, r3, #5, #11
  75 001e 0F46     		mov	r7, r1
  76 0020 013B     		subs	r3, r3, #1
  77 0022 9046     		mov	r8, r2
  78 0024 E380     		strh	r3, [r4, #6]	@ movhi
  79 0026 4FF4B471 		mov	r1, #360
  80 002a 3846     		mov	r0, r7
  81 002c FFF7FEFF 		bl	lv_memset_00
  82 0030 4046     		mov	r0, r8
  83 0032 C7F80080 		str	r8, [r7]
  84 0036 FFF7FEFF 		bl	lv_disp_drv_init
  85 003a EB6B     		ldr	r3, [r5, #60]
  86 003c 3A68     		ldr	r2, [r7]
  87 003e C3F38A23 		ubfx	r3, r3, #10, #11
  88 0042 1380     		strh	r3, [r2]	@ movhi
  89 0044 EB8F     		ldrh	r3, [r5, #62]
  90 0046 C3F34A13 		ubfx	r3, r3, #5, #11
  91 004a 5380     		strh	r3, [r2, #2]	@ movhi
  92 004c 5820     		movs	r0, #88
  93 004e FFF7FEFF 		bl	lv_mem_alloc
  94 0052 90B1     		cbz	r0, .L6
  95 0054 0646     		mov	r6, r0
  96 0056 3146     		mov	r1, r6
  97 0058 4046     		mov	r0, r8
  98 005a FFF7FEFF 		bl	lv_draw_sw_init_ctx
  99 005e 95F83C10 		ldrb	r1, [r5, #60]	@ zero_extendqisi2
 100 0062 3868     		ldr	r0, [r7]
 101 0064 6B6C     		ldr	r3, [r5, #68]
 102 0066 C663     		str	r6, [r0, #60]
 103 0068 01F01F01 		and	r1, r1, #31
 104 006c C6E90144 		strd	r4, r4, [r6, #4]
 105 0070 3360     		str	r3, [r6]
 106 0072 BDE8F041 		pop	{r4, r5, r6, r7, r8, lr}
 107 0076 FFF7FEBF 		b	lv_disp_drv_use_generic_set_px_cb
 108              	.L6:
 109 007a FEE7     		b	.L6
 111              		.section	.text.lv_canvas_create,"ax",%progbits
 112              		.align	1
 113              		.p2align 2,,3
 114              		.global	lv_canvas_create
 115              		.syntax unified
 116              		.thumb
 117              		.thumb_func
 119              	lv_canvas_create:
 120              		@ args = 0, pretend = 0, frame = 0
 121              		@ frame_needed = 0, uses_anonymous_args = 0
ARM GAS  /var/folders/lp/x54gwt890xv47sdkqj1k04q40000gn/T//ccOpKZF5.s 			page 3


 122 0000 10B5     		push	{r4, lr}
 123 0002 0146     		mov	r1, r0
 124 0004 0348     		ldr	r0, .L10
 125 0006 FFF7FEFF 		bl	lv_obj_class_create_obj
 126 000a 0446     		mov	r4, r0
 127 000c FFF7FEFF 		bl	lv_obj_class_init_obj
 128 0010 2046     		mov	r0, r4
 129 0012 10BD     		pop	{r4, pc}
 130              	.L11:
 131              		.align	2
 132              	.L10:
 133 0014 00000000 		.word	lv_canvas_class
 135              		.section	.text.lv_canvas_set_buffer,"ax",%progbits
 136              		.align	1
 137              		.p2align 2,,3
 138              		.global	lv_canvas_set_buffer
 139              		.syntax unified
 140              		.thumb
 141              		.thumb_func
 143              	lv_canvas_set_buffer:
 144              		@ args = 4, pretend = 0, frame = 0
 145              		@ frame_needed = 0, uses_anonymous_args = 0
 146 0000 10B5     		push	{r4, lr}
 147 0002 9DF808C0 		ldrb	ip, [sp, #8]	@ zero_extendqisi2
 148 0006 B9B1     		cbz	r1, .L14
 149 0008 4164     		str	r1, [r0, #68]
 150 000a C2F30A01 		ubfx	r1, r2, #0, #11
 151 000e 0CF01F02 		and	r2, ip, #31
 152 0012 42EA8122 		orr	r2, r2, r1, lsl #10
 153 0016 C16B     		ldr	r1, [r0, #60]
 154 0018 42EA4353 		orr	r3, r2, r3, lsl #21
 155 001c 01F47871 		and	r1, r1, #992
 156 0020 00F13C04 		add	r4, r0, #60
 157 0024 0B43     		orrs	r3, r3, r1
 158 0026 C363     		str	r3, [r0, #60]
 159 0028 2146     		mov	r1, r4
 160 002a FFF7FEFF 		bl	lv_img_set_src
 161 002e 2046     		mov	r0, r4
 162 0030 BDE81040 		pop	{r4, lr}
 163 0034 FFF7FEBF 		b	lv_img_cache_invalidate_src
 164              	.L14:
 165 0038 FEE7     		b	.L14
 167 003a 00BF     		.section	.text.lv_canvas_set_px_color,"ax",%progbits
 168              		.align	1
 169              		.p2align 2,,3
 170              		.global	lv_canvas_set_px_color
 171              		.syntax unified
 172              		.thumb
 173              		.thumb_func
 175              	lv_canvas_set_px_color:
 176              		@ args = 0, pretend = 0, frame = 0
 177              		@ frame_needed = 0, uses_anonymous_args = 0
 178 0000 10B5     		push	{r4, lr}
 179 0002 0446     		mov	r4, r0
 180 0004 3C30     		adds	r0, r0, #60
 181 0006 FFF7FEFF 		bl	lv_img_buf_set_px_color
 182 000a 2046     		mov	r0, r4
ARM GAS  /var/folders/lp/x54gwt890xv47sdkqj1k04q40000gn/T//ccOpKZF5.s 			page 4


 183 000c BDE81040 		pop	{r4, lr}
 184 0010 FFF7FEBF 		b	lv_obj_invalidate
 186              		.section	.text.lv_canvas_set_px_opa,"ax",%progbits
 187              		.align	1
 188              		.p2align 2,,3
 189              		.global	lv_canvas_set_px_opa
 190              		.syntax unified
 191              		.thumb
 192              		.thumb_func
 194              	lv_canvas_set_px_opa:
 195              		@ args = 0, pretend = 0, frame = 0
 196              		@ frame_needed = 0, uses_anonymous_args = 0
 197 0000 10B5     		push	{r4, lr}
 198 0002 0446     		mov	r4, r0
 199 0004 3C30     		adds	r0, r0, #60
 200 0006 FFF7FEFF 		bl	lv_img_buf_set_px_alpha
 201 000a 2046     		mov	r0, r4
 202 000c BDE81040 		pop	{r4, lr}
 203 0010 FFF7FEBF 		b	lv_obj_invalidate
 205              		.section	.text.lv_canvas_set_palette,"ax",%progbits
 206              		.align	1
 207              		.p2align 2,,3
 208              		.global	lv_canvas_set_palette
 209              		.syntax unified
 210              		.thumb
 211              		.thumb_func
 213              	lv_canvas_set_palette:
 214              		@ args = 0, pretend = 0, frame = 0
 215              		@ frame_needed = 0, uses_anonymous_args = 0
 216 0000 10B5     		push	{r4, lr}
 217 0002 0446     		mov	r4, r0
 218 0004 3C30     		adds	r0, r0, #60
 219 0006 FFF7FEFF 		bl	lv_img_buf_set_palette
 220 000a 2046     		mov	r0, r4
 221 000c BDE81040 		pop	{r4, lr}
 222 0010 FFF7FEBF 		b	lv_obj_invalidate
 224              		.section	.text.lv_canvas_get_px,"ax",%progbits
 225              		.align	1
 226              		.p2align 2,,3
 227              		.global	lv_canvas_get_px
 228              		.syntax unified
 229              		.thumb
 230              		.thumb_func
 232              	lv_canvas_get_px:
 233              		@ args = 0, pretend = 0, frame = 0
 234              		@ frame_needed = 0, uses_anonymous_args = 0
 235 0000 70B5     		push	{r4, r5, r6, lr}
 236 0002 1646     		mov	r6, r2
 237 0004 0D46     		mov	r5, r1
 238 0006 4722     		movs	r2, #71
 239 0008 0021     		movs	r1, #0
 240 000a 0446     		mov	r4, r0
 241 000c FFF7FEFF 		bl	lv_obj_get_style_prop
 242 0010 3246     		mov	r2, r6
 243 0012 0346     		mov	r3, r0	@ movhi
 244 0014 2946     		mov	r1, r5
 245 0016 04F13C00 		add	r0, r4, #60
ARM GAS  /var/folders/lp/x54gwt890xv47sdkqj1k04q40000gn/T//ccOpKZF5.s 			page 5


 246 001a BDE87040 		pop	{r4, r5, r6, lr}
 247 001e FFF7FEBF 		b	lv_img_buf_get_px_color
 249 0022 00BF     		.section	.text.lv_canvas_get_img,"ax",%progbits
 250              		.align	1
 251              		.p2align 2,,3
 252              		.global	lv_canvas_get_img
 253              		.syntax unified
 254              		.thumb
 255              		.thumb_func
 257              	lv_canvas_get_img:
 258              		@ args = 0, pretend = 0, frame = 0
 259              		@ frame_needed = 0, uses_anonymous_args = 0
 260              		@ link register save eliminated.
 261 0000 3C30     		adds	r0, r0, #60
 262 0002 7047     		bx	lr
 264              		.section	.text.lv_canvas_copy_buf,"ax",%progbits
 265              		.align	1
 266              		.p2align 2,,3
 267              		.global	lv_canvas_copy_buf
 268              		.syntax unified
 269              		.thumb
 270              		.thumb_func
 272              	lv_canvas_copy_buf:
 273              		@ args = 8, pretend = 0, frame = 0
 274              		@ frame_needed = 0, uses_anonymous_args = 0
 275 0000 2DE9F047 		push	{r4, r5, r6, r7, r8, r9, r10, lr}
 276 0004 BDF92070 		ldrsh	r7, [sp, #32]
 277 0008 BDF92480 		ldrsh	r8, [sp, #36]
 278 000c B9B3     		cbz	r1, .L27
 279 000e 0D46     		mov	r5, r1
 280 0010 C16B     		ldr	r1, [r0, #60]
 281 0012 1C46     		mov	r4, r3
 282 0014 C1F38A21 		ubfx	r1, r1, #10, #11
 283 0018 D319     		adds	r3, r2, r7
 284 001a 8B42     		cmp	r3, r1
 285 001c 0646     		mov	r6, r0
 286 001e 9246     		mov	r10, r2
 287 0020 2BDC     		bgt	.L25
 288 0022 C28F     		ldrh	r2, [r0, #62]
 289 0024 04EB0803 		add	r3, r4, r8
 290 0028 B3EB521F 		cmp	r3, r2, lsr #5
 291 002c 25DC     		bgt	.L25
 292 002e 90F83C00 		ldrb	r0, [r0, #60]	@ zero_extendqisi2
 293 0032 00F01F00 		and	r0, r0, #31
 294 0036 FFF7FEFF 		bl	lv_img_cf_get_px_size
 295 003a F36B     		ldr	r3, [r6, #60]
 296 003c C3F38A23 		ubfx	r3, r3, #10, #11
 297 0040 C0F3C709 		ubfx	r9, r0, #3, #8
 298 0044 14FB03A3 		smlabb	r3, r4, r3, r10
 299 0048 B8F1000F 		cmp	r8, #0
 300 004c 09FB03F4 		mul	r4, r9, r3
 301 0050 13DD     		ble	.L25
 302 0052 19FB07F7 		smulbb	r7, r9, r7
 303 0056 4FF0000A 		mov	r10, #0
 304              	.L29:
 305 005a 706C     		ldr	r0, [r6, #68]
 306 005c 2946     		mov	r1, r5
ARM GAS  /var/folders/lp/x54gwt890xv47sdkqj1k04q40000gn/T//ccOpKZF5.s 			page 6


 307 005e 2044     		add	r0, r0, r4
 308 0060 3A46     		mov	r2, r7
 309 0062 FFF7FEFF 		bl	lv_memcpy
 310 0066 F36B     		ldr	r3, [r6, #60]
 311 0068 0AF1010A 		add	r10, r10, #1
 312 006c C3F38A23 		ubfx	r3, r3, #10, #11
 313 0070 D045     		cmp	r8, r10
 314 0072 03FB0944 		mla	r4, r3, r9, r4
 315 0076 3D44     		add	r5, r5, r7
 316 0078 EFD1     		bne	.L29
 317              	.L25:
 318 007a BDE8F087 		pop	{r4, r5, r6, r7, r8, r9, r10, pc}
 319              	.L27:
 320 007e FEE7     		b	.L27
 322              		.section	.text.lv_canvas_transform,"ax",%progbits
 323              		.align	1
 324              		.p2align 2,,3
 325              		.global	lv_canvas_transform
 326              		.syntax unified
 327              		.thumb
 328              		.thumb_func
 330              	lv_canvas_transform:
 331              		@ args = 20, pretend = 0, frame = 56
 332              		@ frame_needed = 0, uses_anonymous_args = 0
 333 0000 2DE9F04F 		push	{r4, r5, r6, r7, r8, r9, r10, fp, lr}
 334 0004 95B0     		sub	sp, sp, #84
 335 0006 BDF97840 		ldrsh	r4, [sp, #120]
 336 000a BDF97C70 		ldrsh	r7, [sp, #124]
 337 000e 9DF88880 		ldrb	r8, [sp, #136]	@ zero_extendqisi2
 338 0012 0029     		cmp	r1, #0
 339 0014 4BD0     		beq	.L34
 340 0016 8146     		mov	r9, r0
 341 0018 1D46     		mov	r5, r3
 342 001a 0EA8     		add	r0, sp, #56
 343 001c 09F13C03 		add	r3, r9, #60
 344 0020 1646     		mov	r6, r2
 345 0022 8A46     		mov	r10, r1
 346 0024 0B93     		str	r3, [sp, #44]
 347 0026 FFF7FEFF 		bl	lv_draw_img_dsc_init
 348 002a 209A     		ldr	r2, [sp, #128]
 349 002c ADF83C20 		strh	r2, [sp, #60]	@ movhi
 350 0030 219A     		ldr	r2, [sp, #132]
 351 0032 ADF83E20 		strh	r2, [sp, #62]	@ movhi
 352 0036 9DF84C20 		ldrb	r2, [sp, #76]	@ zero_extendqisi2
 353 003a D9F83C10 		ldr	r1, [r9, #60]
 354 003e ADF83860 		strh	r6, [sp, #56]	@ movhi
 355 0042 68F30002 		bfi	r2, r8, #0, #1
 356 0046 A3B2     		uxth	r3, r4
 357 0048 8DF84C20 		strb	r2, [sp, #76]
 358 004c C1F38A22 		ubfx	r2, r1, #10, #11
 359 0050 D21A     		subs	r2, r2, r3
 360 0052 5B42     		rsbs	r3, r3, #0
 361 0054 ADF83030 		strh	r3, [sp, #48]	@ movhi
 362 0058 531E     		subs	r3, r2, #1
 363 005a C1F38A21 		ubfx	r1, r1, #10, #11
 364 005e ADF83430 		strh	r3, [sp, #52]	@ movhi
 365 0062 7B42     		rsbs	r3, r7, #0
ARM GAS  /var/folders/lp/x54gwt890xv47sdkqj1k04q40000gn/T//ccOpKZF5.s 			page 7


 366 0064 1BB2     		sxth	r3, r3
 367 0066 4800     		lsls	r0, r1, #1
 368 0068 ADF83230 		strh	r3, [sp, #50]	@ movhi
 369 006c ADF83630 		strh	r3, [sp, #54]	@ movhi
 370 0070 ADF83A50 		strh	r5, [sp, #58]	@ movhi
 371 0074 FFF7FEFF 		bl	lv_mem_alloc
 372 0078 0790     		str	r0, [sp, #28]
 373 007a D9F83C00 		ldr	r0, [r9, #60]
 374 007e C0F38A20 		ubfx	r0, r0, #10, #11
 375 0082 FFF7FEFF 		bl	lv_mem_alloc
 376 0086 B9F83E20 		ldrh	r2, [r9, #62]
 377 008a 0890     		str	r0, [sp, #32]
 378 008c C2F34A13 		ubfx	r3, r2, #5, #11
 379 0090 4FF00008 		mov	r8, #0
 380 0094 13BB     		cbnz	r3, .L41
 381              	.L42:
 382 0096 0798     		ldr	r0, [sp, #28]
 383 0098 FFF7FEFF 		bl	lv_mem_free
 384 009c 0898     		ldr	r0, [sp, #32]
 385 009e FFF7FEFF 		bl	lv_mem_free
 386 00a2 4846     		mov	r0, r9
 387 00a4 FFF7FEFF 		bl	lv_obj_invalidate
 388 00a8 15B0     		add	sp, sp, #84
 389              		@ sp needed
 390 00aa BDE8F08F 		pop	{r4, r5, r6, r7, r8, r9, r10, fp, pc}
 391              	.L34:
 392 00ae FEE7     		b	.L34
 393              	.L50:
 394 00b0 DDE90987 		ldrd	r8, r7, [sp, #36]
 395              	.L40:
 396 00b4 BDF83230 		ldrh	r3, [sp, #50]
 397 00b8 B9F83E20 		ldrh	r2, [r9, #62]
 398 00bc 0133     		adds	r3, r3, #1
 399 00be ADF83230 		strh	r3, [sp, #50]	@ movhi
 400 00c2 BDF83630 		ldrh	r3, [sp, #54]
 401 00c6 0133     		adds	r3, r3, #1
 402 00c8 ADF83630 		strh	r3, [sp, #54]	@ movhi
 403              	.L36:
 404 00cc 08F10108 		add	r8, r8, #1
 405 00d0 C2F34A13 		ubfx	r3, r2, #5, #11
 406 00d4 4345     		cmp	r3, r8
 407 00d6 07F10107 		add	r7, r7, #1
 408 00da DCDD     		ble	.L42
 409              	.L41:
 410 00dc 002F     		cmp	r7, #0
 411 00de F5DB     		blt	.L36
 412 00e0 089B     		ldr	r3, [sp, #32]
 413 00e2 0593     		str	r3, [sp, #20]
 414 00e4 079B     		ldr	r3, [sp, #28]
 415 00e6 0493     		str	r3, [sp, #16]
 416 00e8 0EAB     		add	r3, sp, #56
 417 00ea 0293     		str	r3, [sp, #8]
 418 00ec DAF80030 		ldr	r3, [r10]
 419 00f0 C3F38A23 		ubfx	r3, r3, #10, #11
 420 00f4 0193     		str	r3, [sp, #4]
 421 00f6 99F83C20 		ldrb	r2, [r9, #60]	@ zero_extendqisi2
 422 00fa 02F01F02 		and	r2, r2, #31
ARM GAS  /var/folders/lp/x54gwt890xv47sdkqj1k04q40000gn/T//ccOpKZF5.s 			page 8


 423 00fe 0392     		str	r2, [sp, #12]
 424 0100 BAF80220 		ldrh	r2, [r10, #2]
 425 0104 C2F34A12 		ubfx	r2, r2, #5, #11
 426 0108 0092     		str	r2, [sp]
 427 010a DAF80820 		ldr	r2, [r10, #8]
 428 010e 0CA9     		add	r1, sp, #48
 429 0110 0020     		movs	r0, #0
 430 0112 FFF7FEFF 		bl	lv_draw_sw_transform
 431 0116 D9F83C20 		ldr	r2, [r9, #60]
 432 011a C2F38A23 		ubfx	r3, r2, #10, #11
 433 011e 002B     		cmp	r3, #0
 434 0120 C8D0     		beq	.L40
 435 0122 089B     		ldr	r3, [sp, #32]
 436 0124 079D     		ldr	r5, [sp, #28]
 437 0126 CDE90987 		strd	r8, r7, [sp, #36]
 438 012a 5E1E     		subs	r6, r3, #1
 439 012c 0B9F     		ldr	r7, [sp, #44]
 440 012e 0024     		movs	r4, #0
 441 0130 0FFA88FB 		sxth	fp, r8
 442 0134 06E0     		b	.L39
 443              	.L38:
 444 0136 0134     		adds	r4, r4, #1
 445 0138 C2F38A23 		ubfx	r3, r2, #10, #11
 446 013c A342     		cmp	r3, r4
 447 013e 05F10205 		add	r5, r5, #2
 448 0142 B5DD     		ble	.L50
 449              	.L39:
 450 0144 16F8013F 		ldrb	r3, [r6, #1]!	@ zero_extendqisi2
 451 0148 002B     		cmp	r3, #0
 452 014a F4D0     		beq	.L38
 453 014c 21B2     		sxth	r1, r4
 454 014e 2B88     		ldrh	r3, [r5]
 455 0150 5A46     		mov	r2, fp
 456 0152 8846     		mov	r8, r1
 457 0154 3846     		mov	r0, r7
 458 0156 FFF7FEFF 		bl	lv_img_buf_set_px_color
 459 015a 5A46     		mov	r2, fp
 460 015c 3378     		ldrb	r3, [r6]	@ zero_extendqisi2
 461 015e 4146     		mov	r1, r8
 462 0160 3846     		mov	r0, r7
 463 0162 FFF7FEFF 		bl	lv_img_buf_set_px_alpha
 464 0166 D9F83C20 		ldr	r2, [r9, #60]
 465 016a E4E7     		b	.L38
 467              		.section	.text.lv_canvas_blur_hor,"ax",%progbits
 468              		.align	1
 469              		.p2align 2,,3
 470              		.global	lv_canvas_blur_hor
 471              		.syntax unified
 472              		.thumb
 473              		.thumb_func
 475              	lv_canvas_blur_hor:
 476              		@ args = 0, pretend = 0, frame = 96
 477              		@ frame_needed = 0, uses_anonymous_args = 0
 478 0000 2DE9F04F 		push	{r4, r5, r6, r7, r8, r9, r10, fp, lr}
 479 0004 99B0     		sub	sp, sp, #100
 480 0006 0892     		str	r2, [sp, #32]
 481 0008 002A     		cmp	r2, #0
ARM GAS  /var/folders/lp/x54gwt890xv47sdkqj1k04q40000gn/T//ccOpKZF5.s 			page 9


 482 000a 00F08781 		beq	.L51
 483 000e C26B     		ldr	r2, [r0, #60]
 484 0010 C38F     		ldrh	r3, [r0, #62]
 485 0012 8146     		mov	r9, r0
 486 0014 C2F38A22 		ubfx	r2, r2, #10, #11
 487 0018 C3F34A13 		ubfx	r3, r3, #5, #11
 488 001c 0029     		cmp	r1, #0
 489 001e 00F09081 		beq	.L53
 490 0022 B1F90000 		ldrsh	r0, [r1]
 491 0026 20EAE070 		bic	r0, r0, r0, asr #31
 492 002a 0E90     		str	r0, [sp, #56]
 493 002c B1F90200 		ldrsh	r0, [r1, #2]
 494 0030 20EAE070 		bic	r0, r0, r0, asr #31
 495 0034 0790     		str	r0, [sp, #28]
 496 0036 B1F90400 		ldrsh	r0, [r1, #4]
 497 003a B1F90610 		ldrsh	r1, [r1, #6]
 498 003e 0A90     		str	r0, [sp, #40]
 499 0040 8242     		cmp	r2, r0
 500 0042 0F91     		str	r1, [sp, #60]
 501 0044 02DC     		bgt	.L54
 502 0046 013A     		subs	r2, r2, #1
 503 0048 12B2     		sxth	r2, r2
 504 004a 0A92     		str	r2, [sp, #40]
 505              	.L54:
 506 004c 0F9A     		ldr	r2, [sp, #60]
 507 004e 9342     		cmp	r3, r2
 508 0050 02DC     		bgt	.L55
 509 0052 013B     		subs	r3, r3, #1
 510 0054 1BB2     		sxth	r3, r3
 511 0056 0F93     		str	r3, [sp, #60]
 512              	.L55:
 513 0058 4722     		movs	r2, #71
 514 005a 0021     		movs	r1, #0
 515 005c 4846     		mov	r0, r9
 516 005e FFF7FEFF 		bl	lv_obj_get_style_prop
 517 0062 089B     		ldr	r3, [sp, #32]
 518 0064 ADF81600 		strh	r0, [sp, #22]	@ movhi
 519 0068 99F83C00 		ldrb	r0, [r9, #60]	@ zero_extendqisi2
 520 006c 5D08     		lsrs	r5, r3, #1
 521 006e DB07     		lsls	r3, r3, #31
 522 0070 58BF     		it	pl
 523 0072 05F1FF34 		addpl	r4, r5, #-1
 524 0076 00F01F00 		and	r0, r0, #31
 525 007a 54BF     		ite	pl
 526 007c A4B2     		uxthpl	r4, r4
 527 007e 2C46     		movmi	r4, r5
 528 0080 FFF7FEFF 		bl	lv_img_cf_has_alpha
 529 0084 99F83C20 		ldrb	r2, [r9, #60]	@ zero_extendqisi2
 530 0088 0290     		str	r0, [sp, #8]
 531 008a D9F83C00 		ldr	r0, [r9, #60]
 532 008e 02F01F02 		and	r2, r2, #31
 533 0092 0121     		movs	r1, #1
 534 0094 C0F38A20 		ubfx	r0, r0, #10, #11
 535 0098 FFF7FEFF 		bl	lv_img_buf_get_img_size
 536 009c 03B2     		sxth	r3, r0
 537 009e 1846     		mov	r0, r3
 538 00a0 1193     		str	r3, [sp, #68]
ARM GAS  /var/folders/lp/x54gwt890xv47sdkqj1k04q40000gn/T//ccOpKZF5.s 			page 10


 539 00a2 FFF7FEFF 		bl	lv_mem_buf_get
 540 00a6 99F83C30 		ldrb	r3, [r9, #60]	@ zero_extendqisi2
 541 00aa D9F83C20 		ldr	r2, [r9, #60]
 542 00ae 1090     		str	r0, [sp, #64]
 543 00b0 03F01F03 		and	r3, r3, #31
 544 00b4 C2F38A22 		ubfx	r2, r2, #10, #11
 545 00b8 43F40013 		orr	r3, r3, #2097152
 546 00bc 43EA8223 		orr	r3, r3, r2, lsl #10
 547 00c0 159A     		ldr	r2, [sp, #84]
 548 00c2 1790     		str	r0, [sp, #92]
 549 00c4 02F44072 		and	r2, r2, #768
 550 00c8 1343     		orrs	r3, r3, r2
 551 00ca 1593     		str	r3, [sp, #84]
 552 00cc 0F9A     		ldr	r2, [sp, #60]
 553 00ce 079B     		ldr	r3, [sp, #28]
 554 00d0 9342     		cmp	r3, r2
 555 00d2 00F31D81 		bgt	.L66
 556 00d6 0E9B     		ldr	r3, [sp, #56]
 557 00d8 1C1B     		subs	r4, r3, r4
 558 00da A2B2     		uxth	r2, r4
 559 00dc 2B44     		add	r3, r3, r5
 560 00de 1392     		str	r2, [sp, #76]
 561 00e0 0B93     		str	r3, [sp, #44]
 562 00e2 22B2     		sxth	r2, r4
 563 00e4 6B1C     		adds	r3, r5, #1
 564 00e6 1292     		str	r2, [sp, #72]
 565 00e8 0D93     		str	r3, [sp, #52]
 566 00ea C846     		mov	r8, r9
 567              	.L65:
 568 00ec 119B     		ldr	r3, [sp, #68]
 569 00ee 079A     		ldr	r2, [sp, #28]
 570 00f0 D8F84410 		ldr	r1, [r8, #68]
 571 00f4 1098     		ldr	r0, [sp, #64]
 572 00f6 02FB0311 		mla	r1, r2, r3, r1
 573 00fa 1A46     		mov	r2, r3
 574 00fc FFF7FEFF 		bl	lv_memcpy
 575 0100 129F     		ldr	r7, [sp, #72]
 576 0102 0B9B     		ldr	r3, [sp, #44]
 577 0104 0022     		movs	r2, #0
 578 0106 9F42     		cmp	r7, r3
 579 0108 1646     		mov	r6, r2
 580 010a 1446     		mov	r4, r2
 581 010c 9346     		mov	fp, r2
 582 010e 9646     		mov	lr, r2
 583 0110 43DC     		bgt	.L58
 584 0112 15AB     		add	r3, sp, #84
 585 0114 0193     		str	r3, [sp, #4]
 586 0116 0692     		str	r2, [sp, #24]
 587 0118 0492     		str	r2, [sp, #16]
 588 011a 07E0     		b	.L62
 589              	.L93:
 590 011c 9B44     		add	fp, fp, r3
 591 011e 0137     		adds	r7, r7, #1
 592 0120 0B9B     		ldr	r3, [sp, #44]
 593 0122 3FB2     		sxth	r7, r7
 594 0124 9F42     		cmp	r7, r3
 595 0126 1444     		add	r4, r4, r2
ARM GAS  /var/folders/lp/x54gwt890xv47sdkqj1k04q40000gn/T//ccOpKZF5.s 			page 11


 596 0128 5644     		add	r6, r6, r10
 597 012a 33DC     		bgt	.L92
 598              	.L62:
 599 012c D8F83C00 		ldr	r0, [r8, #60]
 600 0130 BDF81630 		ldrh	r3, [sp, #22]
 601 0134 27EAE771 		bic	r1, r7, r7, asr #31
 602 0138 C0F38A20 		ubfx	r0, r0, #10, #11
 603 013c 8842     		cmp	r0, r1
 604 013e DCBF     		itt	le
 605 0140 00F1FF30 		addle	r0, r0, #-1
 606 0144 01B2     		sxthle	r1, r0
 607 0146 0022     		movs	r2, #0
 608 0148 0198     		ldr	r0, [sp, #4]
 609 014a 0391     		str	r1, [sp, #12]
 610 014c FFF7FEFF 		bl	lv_img_buf_get_px_color
 611 0150 00F00709 		and	r9, r0, #7
 612 0154 C0F34235 		ubfx	r5, r0, #13, #3
 613 0158 C0F3C403 		ubfx	r3, r0, #3, #5
 614 015c C0F3042A 		ubfx	r10, r0, #8, #5
 615 0160 DDE90201 		ldrd	r0, r1, [sp, #8]
 616 0164 05EBC902 		add	r2, r5, r9, lsl #3
 617 0168 0028     		cmp	r0, #0
 618 016a D7D0     		beq	.L93
 619 016c 0198     		ldr	r0, [sp, #4]
 620 016e 0393     		str	r3, [sp, #12]
 621 0170 0022     		movs	r2, #0
 622 0172 FFF7FEFF 		bl	lv_img_buf_get_px_alpha
 623 0176 039B     		ldr	r3, [sp, #12]
 624 0178 0690     		str	r0, [sp, #24]
 625 017a 9B44     		add	fp, fp, r3
 626 017c 049B     		ldr	r3, [sp, #16]
 627 017e 0344     		add	r3, r3, r0
 628 0180 0493     		str	r3, [sp, #16]
 629 0182 0137     		adds	r7, r7, #1
 630 0184 0B9B     		ldr	r3, [sp, #44]
 631 0186 3FB2     		sxth	r7, r7
 632 0188 05EBC905 		add	r5, r5, r9, lsl #3
 633 018c 9F42     		cmp	r7, r3
 634 018e 2C44     		add	r4, r4, r5
 635 0190 5644     		add	r6, r6, r10
 636 0192 CBDD     		ble	.L62
 637              	.L92:
 638 0194 069A     		ldr	r2, [sp, #24]
 639 0196 DDF810E0 		ldr	lr, [sp, #16]
 640              	.L58:
 641 019a 029B     		ldr	r3, [sp, #8]
 642 019c 0A99     		ldr	r1, [sp, #40]
 643 019e 002B     		cmp	r3, #0
 644 01a0 0E9B     		ldr	r3, [sp, #56]
 645 01a2 08BF     		it	eq
 646 01a4 4FF0FF0E 		moveq	lr, #255
 647 01a8 8B42     		cmp	r3, r1
 648 01aa 00F3A880 		bgt	.L74
 649 01ae 139B     		ldr	r3, [sp, #76]
 650 01b0 0393     		str	r3, [sp, #12]
 651 01b2 15AB     		add	r3, sp, #84
 652 01b4 0193     		str	r3, [sp, #4]
ARM GAS  /var/folders/lp/x54gwt890xv47sdkqj1k04q40000gn/T//ccOpKZF5.s 			page 12


 653 01b6 08F13C03 		add	r3, r8, #60
 654 01ba CDF82480 		str	r8, [sp, #36]
 655 01be 0E9D     		ldr	r5, [sp, #56]
 656 01c0 0C93     		str	r3, [sp, #48]
 657 01c2 CDF810E0 		str	lr, [sp, #16]
 658 01c6 9046     		mov	r8, r2
 659 01c8 44E0     		b	.L73
 660              	.L69:
 661 01ca DDE90102 		ldrd	r0, r2, [sp, #4]
 662 01ce BDF81630 		ldrh	r3, [sp, #22]
 663 01d2 4946     		mov	r1, r9
 664 01d4 FFF7FEFF 		bl	lv_img_buf_get_px_color
 665 01d8 0746     		mov	r7, r0	@ movhi
 666 01da 07F00702 		and	r2, r7, #7
 667 01de C7F34233 		ubfx	r3, r7, #13, #3
 668 01e2 C7F3C409 		ubfx	r9, r7, #3, #5
 669 01e6 03EBC203 		add	r3, r3, r2, lsl #3
 670 01ea C7F30427 		ubfx	r7, r7, #8, #5
 671 01ee E41A     		subs	r4, r4, r3
 672 01f0 ABEB0909 		sub	r9, fp, r9
 673 01f4 F61B     		subs	r6, r6, r7
 674              	.L75:
 675 01f6 099B     		ldr	r3, [sp, #36]
 676 01f8 0D9A     		ldr	r2, [sp, #52]
 677 01fa DB6B     		ldr	r3, [r3, #60]
 678 01fc 0198     		ldr	r0, [sp, #4]
 679 01fe ADB2     		uxth	r5, r5
 680 0200 A918     		adds	r1, r5, r2
 681 0202 09B2     		sxth	r1, r1
 682 0204 C3F38A23 		ubfx	r3, r3, #10, #11
 683 0208 8B42     		cmp	r3, r1
 684 020a DCBF     		itt	le
 685 020c 03F1FF33 		addle	r3, r3, #-1
 686 0210 19B2     		sxthle	r1, r3
 687 0212 0022     		movs	r2, #0
 688 0214 4FF0FF33 		mov	r3, #-1	@ movhi
 689 0218 0691     		str	r1, [sp, #24]
 690 021a FFF7FEFF 		bl	lv_img_buf_get_px_color
 691 021e 029A     		ldr	r2, [sp, #8]
 692 0220 0699     		ldr	r1, [sp, #24]
 693 0222 0746     		mov	r7, r0	@ movhi
 694 0224 07F00703 		and	r3, r7, #7
 695 0228 C7F3C40B 		ubfx	fp, r7, #3, #5
 696 022c C7F3042A 		ubfx	r10, r7, #8, #5
 697 0230 C7F34237 		ubfx	r7, r7, #13, #3
 698 0234 002A     		cmp	r2, #0
 699 0236 74D1     		bne	.L94
 700 0238 07EBC307 		add	r7, r7, r3, lsl #3
 701 023c CB44     		add	fp, fp, r9
 702 023e 3C44     		add	r4, r4, r7
 703 0240 5644     		add	r6, r6, r10
 704              	.L72:
 705 0242 039B     		ldr	r3, [sp, #12]
 706 0244 0133     		adds	r3, r3, #1
 707 0246 9BB2     		uxth	r3, r3
 708 0248 0135     		adds	r5, r5, #1
 709 024a 0393     		str	r3, [sp, #12]
ARM GAS  /var/folders/lp/x54gwt890xv47sdkqj1k04q40000gn/T//ccOpKZF5.s 			page 13


 710 024c 0A9B     		ldr	r3, [sp, #40]
 711 024e 2DB2     		sxth	r5, r5
 712 0250 AB42     		cmp	r3, r5
 713 0252 52DB     		blt	.L95
 714              	.L73:
 715 0254 049F     		ldr	r7, [sp, #16]
 716 0256 07B3     		cbz	r7, .L67
 717 0258 089A     		ldr	r2, [sp, #32]
 718 025a B4FBF2F1 		udiv	r1, r4, r2
 719 025e BBFBF2F0 		udiv	r0, fp, r2
 720 0262 B6FBF2FC 		udiv	ip, r6, r2
 721 0266 029A     		ldr	r2, [sp, #8]
 722 0268 C1F3C403 		ubfx	r3, r1, #3, #5
 723 026c 22B1     		cbz	r2, .L68
 724 026e 089A     		ldr	r2, [sp, #32]
 725 0270 B7FBF2F8 		udiv	r8, r7, r2
 726 0274 5FFA88F8 		uxtb	r8, r8
 727              	.L68:
 728 0278 00F01F00 		and	r0, r0, #31
 729 027c 03F00703 		and	r3, r3, #7
 730 0280 43EAC003 		orr	r3, r3, r0, lsl #3
 731 0284 0CF01F02 		and	r2, ip, #31
 732 0288 43EA0223 		orr	r3, r3, r2, lsl #8
 733 028c 43EA4133 		orr	r3, r3, r1, lsl #13
 734 0290 079A     		ldr	r2, [sp, #28]
 735 0292 0C98     		ldr	r0, [sp, #48]
 736 0294 2946     		mov	r1, r5
 737 0296 FFF7FEFF 		bl	lv_img_buf_set_px_color
 738              	.L67:
 739 029a BDF90C90 		ldrsh	r9, [sp, #12]
 740 029e 029B     		ldr	r3, [sp, #8]
 741 02a0 29EAE979 		bic	r9, r9, r9, asr #31
 742 02a4 002B     		cmp	r3, #0
 743 02a6 90D0     		beq	.L69
 744 02a8 4346     		mov	r3, r8
 745 02aa 079A     		ldr	r2, [sp, #28]
 746 02ac 0C98     		ldr	r0, [sp, #48]
 747 02ae 2946     		mov	r1, r5
 748 02b0 FFF7FEFF 		bl	lv_img_buf_set_px_alpha
 749 02b4 DDF80480 		ldr	r8, [sp, #4]
 750 02b8 BDF81630 		ldrh	r3, [sp, #22]
 751 02bc 4946     		mov	r1, r9
 752 02be 0022     		movs	r2, #0
 753 02c0 4046     		mov	r0, r8
 754 02c2 FFF7FEFF 		bl	lv_img_buf_get_px_color
 755 02c6 4946     		mov	r1, r9
 756 02c8 0746     		mov	r7, r0	@ movhi
 757 02ca 0022     		movs	r2, #0
 758 02cc 4046     		mov	r0, r8
 759 02ce FFF7FEFF 		bl	lv_img_buf_get_px_alpha
 760 02d2 049B     		ldr	r3, [sp, #16]
 761 02d4 07F00708 		and	r8, r7, #7
 762 02d8 C7F3C409 		ubfx	r9, r7, #3, #5
 763 02dc C7F3042A 		ubfx	r10, r7, #8, #5
 764 02e0 C7F34237 		ubfx	r7, r7, #13, #3
 765 02e4 07EBC807 		add	r7, r7, r8, lsl #3
 766 02e8 1B1A     		subs	r3, r3, r0
ARM GAS  /var/folders/lp/x54gwt890xv47sdkqj1k04q40000gn/T//ccOpKZF5.s 			page 14


 767 02ea ABEB0909 		sub	r9, fp, r9
 768 02ee E41B     		subs	r4, r4, r7
 769 02f0 A6EB0A06 		sub	r6, r6, r10
 770 02f4 8046     		mov	r8, r0
 771 02f6 0493     		str	r3, [sp, #16]
 772 02f8 7DE7     		b	.L75
 773              	.L95:
 774 02fa DDF82480 		ldr	r8, [sp, #36]
 775              	.L74:
 776 02fe 079B     		ldr	r3, [sp, #28]
 777 0300 0F9A     		ldr	r2, [sp, #60]
 778 0302 0133     		adds	r3, r3, #1
 779 0304 1BB2     		sxth	r3, r3
 780 0306 9A42     		cmp	r2, r3
 781 0308 0793     		str	r3, [sp, #28]
 782 030a BFF6EFAE 		bge	.L65
 783 030e C146     		mov	r9, r8
 784              	.L66:
 785 0310 4846     		mov	r0, r9
 786 0312 FFF7FEFF 		bl	lv_obj_invalidate
 787 0316 1098     		ldr	r0, [sp, #64]
 788 0318 FFF7FEFF 		bl	lv_mem_buf_release
 789              	.L51:
 790 031c 19B0     		add	sp, sp, #100
 791              		@ sp needed
 792 031e BDE8F08F 		pop	{r4, r5, r6, r7, r8, r9, r10, fp, pc}
 793              	.L94:
 794 0322 0198     		ldr	r0, [sp, #4]
 795 0324 0693     		str	r3, [sp, #24]
 796 0326 0022     		movs	r2, #0
 797 0328 FFF7FEFF 		bl	lv_img_buf_get_px_alpha
 798 032c 069B     		ldr	r3, [sp, #24]
 799 032e 07EBC307 		add	r7, r7, r3, lsl #3
 800 0332 049B     		ldr	r3, [sp, #16]
 801 0334 0344     		add	r3, r3, r0
 802 0336 CB44     		add	fp, fp, r9
 803 0338 3C44     		add	r4, r4, r7
 804 033a 5644     		add	r6, r6, r10
 805 033c 8046     		mov	r8, r0
 806 033e 0493     		str	r3, [sp, #16]
 807 0340 7FE7     		b	.L72
 808              	.L53:
 809 0342 013A     		subs	r2, r2, #1
 810 0344 013B     		subs	r3, r3, #1
 811 0346 12B2     		sxth	r2, r2
 812 0348 1BB2     		sxth	r3, r3
 813 034a 0791     		str	r1, [sp, #28]
 814 034c 0A92     		str	r2, [sp, #40]
 815 034e 0F93     		str	r3, [sp, #60]
 816 0350 0E91     		str	r1, [sp, #56]
 817 0352 81E6     		b	.L55
 819              		.section	.text.lv_canvas_blur_ver,"ax",%progbits
 820              		.align	1
 821              		.p2align 2,,3
 822              		.global	lv_canvas_blur_ver
 823              		.syntax unified
 824              		.thumb
ARM GAS  /var/folders/lp/x54gwt890xv47sdkqj1k04q40000gn/T//ccOpKZF5.s 			page 15


 825              		.thumb_func
 827              	lv_canvas_blur_ver:
 828              		@ args = 0, pretend = 0, frame = 96
 829              		@ frame_needed = 0, uses_anonymous_args = 0
 830 0000 2DE9F04F 		push	{r4, r5, r6, r7, r8, r9, r10, fp, lr}
 831 0004 99B0     		sub	sp, sp, #100
 832 0006 0790     		str	r0, [sp, #28]
 833 0008 0E92     		str	r2, [sp, #56]
 834 000a 002A     		cmp	r2, #0
 835 000c 00F0A581 		beq	.L96
 836 0010 C26B     		ldr	r2, [r0, #60]
 837 0012 C38F     		ldrh	r3, [r0, #62]
 838 0014 C2F38A22 		ubfx	r2, r2, #10, #11
 839 0018 C3F34A13 		ubfx	r3, r3, #5, #11
 840 001c 0029     		cmp	r1, #0
 841 001e 00F0BE81 		beq	.L98
 842 0022 B1F90000 		ldrsh	r0, [r1]
 843 0026 20EAE070 		bic	r0, r0, r0, asr #31
 844 002a 0290     		str	r0, [sp, #8]
 845 002c B1F90200 		ldrsh	r0, [r1, #2]
 846 0030 20EAE07B 		bic	fp, r0, r0, asr #31
 847 0034 B1F90400 		ldrsh	r0, [r1, #4]
 848 0038 B1F90610 		ldrsh	r1, [r1, #6]
 849 003c 1090     		str	r0, [sp, #64]
 850 003e 8242     		cmp	r2, r0
 851 0040 0A91     		str	r1, [sp, #40]
 852 0042 02DC     		bgt	.L99
 853 0044 013A     		subs	r2, r2, #1
 854 0046 12B2     		sxth	r2, r2
 855 0048 1092     		str	r2, [sp, #64]
 856              	.L99:
 857 004a 0A9A     		ldr	r2, [sp, #40]
 858 004c 9342     		cmp	r3, r2
 859 004e 02DC     		bgt	.L100
 860 0050 013B     		subs	r3, r3, #1
 861 0052 1BB2     		sxth	r3, r3
 862 0054 0A93     		str	r3, [sp, #40]
 863              	.L100:
 864 0056 4722     		movs	r2, #71
 865 0058 0021     		movs	r1, #0
 866 005a 0798     		ldr	r0, [sp, #28]
 867 005c FFF7FEFF 		bl	lv_obj_get_style_prop
 868 0060 079F     		ldr	r7, [sp, #28]
 869 0062 0E9B     		ldr	r3, [sp, #56]
 870 0064 ADF81200 		strh	r0, [sp, #18]	@ movhi
 871 0068 97F83C00 		ldrb	r0, [r7, #60]	@ zero_extendqisi2
 872 006c 5D08     		lsrs	r5, r3, #1
 873 006e DB07     		lsls	r3, r3, #31
 874 0070 58BF     		it	pl
 875 0072 05F1FF34 		addpl	r4, r5, #-1
 876 0076 00F01F00 		and	r0, r0, #31
 877 007a 54BF     		ite	pl
 878 007c A4B2     		uxthpl	r4, r4
 879 007e 2C46     		movmi	r4, r5
 880 0080 FFF7FEFF 		bl	lv_img_cf_has_alpha
 881 0084 97F83C20 		ldrb	r2, [r7, #60]	@ zero_extendqisi2
 882 0088 F98F     		ldrh	r1, [r7, #62]
ARM GAS  /var/folders/lp/x54gwt890xv47sdkqj1k04q40000gn/T//ccOpKZF5.s 			page 16


 883 008a 02F01F02 		and	r2, r2, #31
 884 008e C1F34A11 		ubfx	r1, r1, #5, #11
 885 0092 8246     		mov	r10, r0
 886 0094 0120     		movs	r0, #1
 887 0096 FFF7FEFF 		bl	lv_img_buf_get_img_size
 888 009a 00B2     		sxth	r0, r0
 889 009c FFF7FEFF 		bl	lv_mem_buf_get
 890 00a0 97F83C30 		ldrb	r3, [r7, #60]	@ zero_extendqisi2
 891 00a4 FA8F     		ldrh	r2, [r7, #62]
 892 00a6 1790     		str	r0, [sp, #92]
 893 00a8 03F01F03 		and	r3, r3, #31
 894 00ac C2F34A12 		ubfx	r2, r2, #5, #11
 895 00b0 43F48063 		orr	r3, r3, #1024
 896 00b4 43EA4253 		orr	r3, r3, r2, lsl #21
 897 00b8 159A     		ldr	r2, [sp, #84]
 898 00ba 02F44072 		and	r2, r2, #768
 899 00be 1343     		orrs	r3, r3, r2
 900 00c0 1593     		str	r3, [sp, #84]
 901 00c2 109A     		ldr	r2, [sp, #64]
 902 00c4 029B     		ldr	r3, [sp, #8]
 903 00c6 9342     		cmp	r3, r2
 904 00c8 0646     		mov	r6, r0
 905 00ca 00F34081 		bgt	.L111
 906 00ce ABEB0404 		sub	r4, fp, r4
 907 00d2 A3B2     		uxth	r3, r4
 908 00d4 1293     		str	r3, [sp, #72]
 909 00d6 23B2     		sxth	r3, r4
 910 00d8 1193     		str	r3, [sp, #68]
 911 00da 0BEB0503 		add	r3, fp, r5
 912 00de 0B93     		str	r3, [sp, #44]
 913 00e0 6B1C     		adds	r3, r5, #1
 914 00e2 0C93     		str	r3, [sp, #48]
 915 00e4 CDF83CB0 		str	fp, [sp, #60]
 916 00e8 CDF804A0 		str	r10, [sp, #4]
 917 00ec 1390     		str	r0, [sp, #76]
 918              	.L110:
 919 00ee 119D     		ldr	r5, [sp, #68]
 920 00f0 0B9B     		ldr	r3, [sp, #44]
 921 00f2 4FF0000A 		mov	r10, #0
 922 00f6 9D42     		cmp	r5, r3
 923 00f8 4FF0FF0B 		mov	fp, #255
 924 00fc 5446     		mov	r4, r10
 925 00fe 5746     		mov	r7, r10
 926 0100 5646     		mov	r6, r10
 927 0102 63DC     		bgt	.L103
 928 0104 079B     		ldr	r3, [sp, #28]
 929 0106 CDF820A0 		str	r10, [sp, #32]
 930 010a 3C33     		adds	r3, r3, #60
 931 010c 0393     		str	r3, [sp, #12]
 932 010e 15AB     		add	r3, sp, #84
 933 0110 0093     		str	r3, [sp]
 934 0112 CDF834B0 		str	fp, [sp, #52]
 935 0116 CDF814A0 		str	r10, [sp, #20]
 936 011a 0EE0     		b	.L107
 937              	.L138:
 938 011c FFF7FEFF 		bl	lv_img_buf_set_px_color
 939 0120 059B     		ldr	r3, [sp, #20]
ARM GAS  /var/folders/lp/x54gwt890xv47sdkqj1k04q40000gn/T//ccOpKZF5.s 			page 17


 940 0122 06EBCB06 		add	r6, r6, fp, lsl #3
 941 0126 3344     		add	r3, r3, r6
 942 0128 0593     		str	r3, [sp, #20]
 943 012a 0135     		adds	r5, r5, #1
 944 012c 0B9B     		ldr	r3, [sp, #44]
 945 012e 069E     		ldr	r6, [sp, #24]
 946 0130 2DB2     		sxth	r5, r5
 947 0132 9D42     		cmp	r5, r3
 948 0134 4F44     		add	r7, r7, r9
 949 0136 B244     		add	r10, r10, r6
 950 0138 44DC     		bgt	.L137
 951              	.L107:
 952 013a 079B     		ldr	r3, [sp, #28]
 953 013c D98F     		ldrh	r1, [r3, #62]
 954 013e BDF81230 		ldrh	r3, [sp, #18]
 955 0142 25EAE578 		bic	r8, r5, r5, asr #31
 956 0146 C1F34A11 		ubfx	r1, r1, #5, #11
 957 014a 4145     		cmp	r1, r8
 958 014c DCBF     		itt	le
 959 014e 01F1FF31 		addle	r1, r1, #-1
 960 0152 0FFA81F8 		sxthle	r8, r1
 961 0156 4246     		mov	r2, r8
 962 0158 DDE90210 		ldrd	r1, r0, [sp, #8]
 963 015c FFF7FEFF 		bl	lv_img_buf_get_px_color
 964 0160 0346     		mov	r3, r0	@ movhi
 965 0162 DDE90001 		ldrd	r0, r1, [sp]
 966 0166 C3F30426 		ubfx	r6, r3, #8, #5
 967 016a 0696     		str	r6, [sp, #24]
 968 016c 4246     		mov	r2, r8
 969 016e 03F0070B 		and	fp, r3, #7
 970 0172 C3F3C409 		ubfx	r9, r3, #3, #5
 971 0176 C3F34236 		ubfx	r6, r3, #13, #3
 972 017a 0029     		cmp	r1, #0
 973 017c CED0     		beq	.L138
 974 017e DDE90210 		ldrd	r1, r0, [sp, #8]
 975 0182 0993     		str	r3, [sp, #36]
 976 0184 FFF7FEFF 		bl	lv_img_buf_get_px_alpha
 977 0188 099B     		ldr	r3, [sp, #36]
 978 018a 0D90     		str	r0, [sp, #52]
 979 018c 0446     		mov	r4, r0
 980 018e 4246     		mov	r2, r8
 981 0190 0098     		ldr	r0, [sp]
 982 0192 0021     		movs	r1, #0
 983 0194 FFF7FEFF 		bl	lv_img_buf_set_px_color
 984 0198 2346     		mov	r3, r4
 985 019a 4246     		mov	r2, r8
 986 019c 0098     		ldr	r0, [sp]
 987 019e 0021     		movs	r1, #0
 988 01a0 FFF7FEFF 		bl	lv_img_buf_set_px_alpha
 989 01a4 059B     		ldr	r3, [sp, #20]
 990 01a6 069A     		ldr	r2, [sp, #24]
 991 01a8 06EBCB06 		add	r6, r6, fp, lsl #3
 992 01ac 3344     		add	r3, r3, r6
 993 01ae 0593     		str	r3, [sp, #20]
 994 01b0 9244     		add	r10, r10, r2
 995 01b2 0B9B     		ldr	r3, [sp, #44]
 996 01b4 089A     		ldr	r2, [sp, #32]
ARM GAS  /var/folders/lp/x54gwt890xv47sdkqj1k04q40000gn/T//ccOpKZF5.s 			page 18


 997 01b6 0135     		adds	r5, r5, #1
 998 01b8 2DB2     		sxth	r5, r5
 999 01ba 2244     		add	r2, r2, r4
 1000 01bc 9D42     		cmp	r5, r3
 1001 01be 4F44     		add	r7, r7, r9
 1002 01c0 0892     		str	r2, [sp, #32]
 1003 01c2 BADD     		ble	.L107
 1004              	.L137:
 1005 01c4 089E     		ldr	r6, [sp, #32]
 1006 01c6 DDF834B0 		ldr	fp, [sp, #52]
 1007 01ca 059C     		ldr	r4, [sp, #20]
 1008              	.L103:
 1009 01cc 019B     		ldr	r3, [sp, #4]
 1010 01ce 0A9A     		ldr	r2, [sp, #40]
 1011 01d0 002B     		cmp	r3, #0
 1012 01d2 0F9B     		ldr	r3, [sp, #60]
 1013 01d4 08BF     		it	eq
 1014 01d6 FF26     		moveq	r6, #255
 1015 01d8 9342     		cmp	r3, r2
 1016 01da 00F3AF80 		bgt	.L119
 1017 01de 129B     		ldr	r3, [sp, #72]
 1018 01e0 0593     		str	r3, [sp, #20]
 1019 01e2 079B     		ldr	r3, [sp, #28]
 1020 01e4 0696     		str	r6, [sp, #24]
 1021 01e6 3C33     		adds	r3, r3, #60
 1022 01e8 0393     		str	r3, [sp, #12]
 1023 01ea 15AB     		add	r3, sp, #84
 1024 01ec 0F9D     		ldr	r5, [sp, #60]
 1025 01ee 0093     		str	r3, [sp]
 1026 01f0 D946     		mov	r9, fp
 1027 01f2 2646     		mov	r6, r4
 1028 01f4 B846     		mov	r8, r7
 1029 01f6 50E0     		b	.L118
 1030              	.L114:
 1031 01f8 2246     		mov	r2, r4
 1032 01fa BDF81230 		ldrh	r3, [sp, #18]
 1033 01fe DDE90001 		ldrd	r0, r1, [sp]
 1034 0202 FFF7FEFF 		bl	lv_img_buf_get_px_color
 1035 0206 0346     		mov	r3, r0	@ movhi
 1036 0208 03F00702 		and	r2, r3, #7
 1037 020c C3F34234 		ubfx	r4, r3, #13, #3
 1038 0210 C3F3C407 		ubfx	r7, r3, #3, #5
 1039 0214 04EBC204 		add	r4, r4, r2, lsl #3
 1040 0218 C3F30423 		ubfx	r3, r3, #8, #5
 1041 021c 341B     		subs	r4, r6, r4
 1042 021e A8EB0707 		sub	r7, r8, r7
 1043 0222 AAEB030A 		sub	r10, r10, r3
 1044              	.L120:
 1045 0226 079B     		ldr	r3, [sp, #28]
 1046 0228 0C9A     		ldr	r2, [sp, #48]
 1047 022a DB8F     		ldrh	r3, [r3, #62]
 1048 022c ADB2     		uxth	r5, r5
 1049 022e AA18     		adds	r2, r5, r2
 1050 0230 C3F34A13 		ubfx	r3, r3, #5, #11
 1051 0234 0FFA82FB 		sxth	fp, r2
 1052 0238 5B45     		cmp	r3, fp
 1053 023a DCBF     		itt	le
ARM GAS  /var/folders/lp/x54gwt890xv47sdkqj1k04q40000gn/T//ccOpKZF5.s 			page 19


 1054 023c 03F1FF33 		addle	r3, r3, #-1
 1055 0240 0FFA83FB 		sxthle	fp, r3
 1056 0244 5A46     		mov	r2, fp
 1057 0246 BDF81230 		ldrh	r3, [sp, #18]
 1058 024a DDE90210 		ldrd	r1, r0, [sp, #8]
 1059 024e FFF7FEFF 		bl	lv_img_buf_get_px_color
 1060 0252 0346     		mov	r3, r0	@ movhi
 1061 0254 03F00702 		and	r2, r3, #7
 1062 0258 0992     		str	r2, [sp, #36]
 1063 025a C3F30422 		ubfx	r2, r3, #8, #5
 1064 025e 0892     		str	r2, [sp, #32]
 1065 0260 019A     		ldr	r2, [sp, #4]
 1066 0262 C3F3C408 		ubfx	r8, r3, #3, #5
 1067 0266 C3F34236 		ubfx	r6, r3, #13, #3
 1068 026a 002A     		cmp	r2, #0
 1069 026c 78D1     		bne	.L139
 1070 026e DDE90001 		ldrd	r0, r1, [sp]
 1071 0272 5A46     		mov	r2, fp
 1072 0274 FFF7FEFF 		bl	lv_img_buf_set_px_color
 1073 0278 099B     		ldr	r3, [sp, #36]
 1074 027a 06EBC306 		add	r6, r6, r3, lsl #3
 1075 027e 089B     		ldr	r3, [sp, #32]
 1076 0280 5344     		add	r3, r3, r10
 1077 0282 B844     		add	r8, r8, r7
 1078 0284 2644     		add	r6, r6, r4
 1079 0286 9A46     		mov	r10, r3
 1080              	.L117:
 1081 0288 059B     		ldr	r3, [sp, #20]
 1082 028a 0133     		adds	r3, r3, #1
 1083 028c 9BB2     		uxth	r3, r3
 1084 028e 0135     		adds	r5, r5, #1
 1085 0290 0593     		str	r3, [sp, #20]
 1086 0292 0A9B     		ldr	r3, [sp, #40]
 1087 0294 2DB2     		sxth	r5, r5
 1088 0296 AB42     		cmp	r3, r5
 1089 0298 50DB     		blt	.L119
 1090              	.L118:
 1091 029a 069C     		ldr	r4, [sp, #24]
 1092 029c FCB1     		cbz	r4, .L112
 1093 029e 019B     		ldr	r3, [sp, #4]
 1094 02a0 0E9F     		ldr	r7, [sp, #56]
 1095 02a2 B6FBF7F1 		udiv	r1, r6, r7
 1096 02a6 B8FBF7F0 		udiv	r0, r8, r7
 1097 02aa C1F3C40C 		ubfx	ip, r1, #3, #5
 1098 02ae BAFBF7F2 		udiv	r2, r10, r7
 1099 02b2 1BB1     		cbz	r3, .L113
 1100 02b4 B4FBF7F4 		udiv	r4, r4, r7
 1101 02b8 5FFA84F9 		uxtb	r9, r4
 1102              	.L113:
 1103 02bc 00F01F00 		and	r0, r0, #31
 1104 02c0 0CF00703 		and	r3, ip, #7
 1105 02c4 43EAC003 		orr	r3, r3, r0, lsl #3
 1106 02c8 02F01F02 		and	r2, r2, #31
 1107 02cc 43EA0223 		orr	r3, r3, r2, lsl #8
 1108 02d0 43EA4133 		orr	r3, r3, r1, lsl #13
 1109 02d4 2A46     		mov	r2, r5
 1110 02d6 DDE90210 		ldrd	r1, r0, [sp, #8]
ARM GAS  /var/folders/lp/x54gwt890xv47sdkqj1k04q40000gn/T//ccOpKZF5.s 			page 20


 1111 02da FFF7FEFF 		bl	lv_img_buf_set_px_color
 1112              	.L112:
 1113 02de BDF91440 		ldrsh	r4, [sp, #20]
 1114 02e2 019B     		ldr	r3, [sp, #4]
 1115 02e4 24EAE474 		bic	r4, r4, r4, asr #31
 1116 02e8 002B     		cmp	r3, #0
 1117 02ea 85D0     		beq	.L114
 1118 02ec DDE90210 		ldrd	r1, r0, [sp, #8]
 1119 02f0 4B46     		mov	r3, r9
 1120 02f2 2A46     		mov	r2, r5
 1121 02f4 FFF7FEFF 		bl	lv_img_buf_set_px_alpha
 1122 02f8 009F     		ldr	r7, [sp]
 1123 02fa BDF81230 		ldrh	r3, [sp, #18]
 1124 02fe 2246     		mov	r2, r4
 1125 0300 0021     		movs	r1, #0
 1126 0302 3846     		mov	r0, r7
 1127 0304 FFF7FEFF 		bl	lv_img_buf_get_px_color
 1128 0308 0346     		mov	r3, r0	@ movhi
 1129 030a 2246     		mov	r2, r4
 1130 030c 3846     		mov	r0, r7
 1131 030e 03F00704 		and	r4, r3, #7
 1132 0312 C3F3423B 		ubfx	fp, r3, #13, #3
 1133 0316 0021     		movs	r1, #0
 1134 0318 C3F30429 		ubfx	r9, r3, #8, #5
 1135 031c C3F3C407 		ubfx	r7, r3, #3, #5
 1136 0320 FFF7FEFF 		bl	lv_img_buf_get_px_alpha
 1137 0324 0BEBC403 		add	r3, fp, r4, lsl #3
 1138 0328 F41A     		subs	r4, r6, r3
 1139 032a 069B     		ldr	r3, [sp, #24]
 1140 032c 1B1A     		subs	r3, r3, r0
 1141 032e AAEB090A 		sub	r10, r10, r9
 1142 0332 A8EB0707 		sub	r7, r8, r7
 1143 0336 8146     		mov	r9, r0
 1144 0338 0693     		str	r3, [sp, #24]
 1145 033a 74E7     		b	.L120
 1146              	.L119:
 1147 033c 029B     		ldr	r3, [sp, #8]
 1148 033e 109A     		ldr	r2, [sp, #64]
 1149 0340 0133     		adds	r3, r3, #1
 1150 0342 1BB2     		sxth	r3, r3
 1151 0344 9A42     		cmp	r2, r3
 1152 0346 0293     		str	r3, [sp, #8]
 1153 0348 BFF6D1AE 		bge	.L110
 1154 034c 139E     		ldr	r6, [sp, #76]
 1155              	.L111:
 1156 034e 0798     		ldr	r0, [sp, #28]
 1157 0350 FFF7FEFF 		bl	lv_obj_invalidate
 1158 0354 3046     		mov	r0, r6
 1159 0356 FFF7FEFF 		bl	lv_mem_buf_release
 1160              	.L96:
 1161 035a 19B0     		add	sp, sp, #100
 1162              		@ sp needed
 1163 035c BDE8F08F 		pop	{r4, r5, r6, r7, r8, r9, r10, fp, pc}
 1164              	.L139:
 1165 0360 DDE90210 		ldrd	r1, r0, [sp, #8]
 1166 0364 5A46     		mov	r2, fp
 1167 0366 0D93     		str	r3, [sp, #52]
ARM GAS  /var/folders/lp/x54gwt890xv47sdkqj1k04q40000gn/T//ccOpKZF5.s 			page 21


 1168 0368 FFF7FEFF 		bl	lv_img_buf_get_px_alpha
 1169 036c 0D9B     		ldr	r3, [sp, #52]
 1170 036e 8146     		mov	r9, r0
 1171 0370 5A46     		mov	r2, fp
 1172 0372 0098     		ldr	r0, [sp]
 1173 0374 0021     		movs	r1, #0
 1174 0376 FFF7FEFF 		bl	lv_img_buf_set_px_color
 1175 037a 4B46     		mov	r3, r9
 1176 037c 0098     		ldr	r0, [sp]
 1177 037e 5A46     		mov	r2, fp
 1178 0380 0021     		movs	r1, #0
 1179 0382 FFF7FEFF 		bl	lv_img_buf_set_px_alpha
 1180 0386 099B     		ldr	r3, [sp, #36]
 1181 0388 06EBC306 		add	r6, r6, r3, lsl #3
 1182 038c 089B     		ldr	r3, [sp, #32]
 1183 038e 5344     		add	r3, r3, r10
 1184 0390 9A46     		mov	r10, r3
 1185 0392 069B     		ldr	r3, [sp, #24]
 1186 0394 4B44     		add	r3, r3, r9
 1187 0396 B844     		add	r8, r8, r7
 1188 0398 2644     		add	r6, r6, r4
 1189 039a 0693     		str	r3, [sp, #24]
 1190 039c 74E7     		b	.L117
 1191              	.L98:
 1192 039e 013A     		subs	r2, r2, #1
 1193 03a0 013B     		subs	r3, r3, #1
 1194 03a2 12B2     		sxth	r2, r2
 1195 03a4 1BB2     		sxth	r3, r3
 1196 03a6 8B46     		mov	fp, r1
 1197 03a8 1092     		str	r2, [sp, #64]
 1198 03aa 0A93     		str	r3, [sp, #40]
 1199 03ac 0291     		str	r1, [sp, #8]
 1200 03ae 52E6     		b	.L100
 1202              		.section	.text.lv_canvas_fill_bg,"ax",%progbits
 1203              		.align	1
 1204              		.p2align 2,,3
 1205              		.global	lv_canvas_fill_bg
 1206              		.syntax unified
 1207              		.thumb
 1208              		.thumb_func
 1210              	lv_canvas_fill_bg:
 1211              		@ args = 0, pretend = 0, frame = 0
 1212              		@ frame_needed = 0, uses_anonymous_args = 0
 1213 0000 2DE9F84F 		push	{r3, r4, r5, r6, r7, r8, r9, r10, fp, lr}
 1214 0004 90F83C30 		ldrb	r3, [r0, #60]	@ zero_extendqisi2
 1215 0008 8046     		mov	r8, r0
 1216 000a 03F01F03 		and	r3, r3, #31
 1217 000e C08F     		ldrh	r0, [r0, #62]
 1218 0010 072B     		cmp	r3, #7
 1219 0012 9246     		mov	r10, r2
 1220 0014 8946     		mov	r9, r1	@ movhi
 1221 0016 C0F34A12 		ubfx	r2, r0, #5, #11
 1222 001a 43D0     		beq	.L154
 1223 001c 0B2B     		cmp	r3, #11
 1224 001e 2DD0     		beq	.L143
 1225 0020 3AB3     		cbz	r2, .L142
 1226 0022 D8F83C30 		ldr	r3, [r8, #60]
ARM GAS  /var/folders/lp/x54gwt890xv47sdkqj1k04q40000gn/T//ccOpKZF5.s 			page 22


 1227 0026 08F13C07 		add	r7, r8, #60
 1228 002a 4FF0000B 		mov	fp, #0
 1229              	.L145:
 1230 002e C3F38A22 		ubfx	r2, r3, #10, #11
 1231 0032 C2B1     		cbz	r2, .L148
 1232 0034 0FFA8BF6 		sxth	r6, fp
 1233 0038 0024     		movs	r4, #0
 1234              	.L146:
 1235 003a 25B2     		sxth	r5, r4
 1236 003c 4B46     		mov	r3, r9	@ movhi
 1237 003e 3246     		mov	r2, r6
 1238 0040 2946     		mov	r1, r5
 1239 0042 3846     		mov	r0, r7
 1240 0044 FFF7FEFF 		bl	lv_img_buf_set_px_color
 1241 0048 5346     		mov	r3, r10
 1242 004a 3246     		mov	r2, r6
 1243 004c 2946     		mov	r1, r5
 1244 004e 3846     		mov	r0, r7
 1245 0050 FFF7FEFF 		bl	lv_img_buf_set_px_alpha
 1246 0054 D8F83C30 		ldr	r3, [r8, #60]
 1247 0058 0134     		adds	r4, r4, #1
 1248 005a C3F38A22 		ubfx	r2, r3, #10, #11
 1249 005e A242     		cmp	r2, r4
 1250 0060 EBD8     		bhi	.L146
 1251 0062 B8F83E00 		ldrh	r0, [r8, #62]
 1252              	.L148:
 1253 0066 0BF1010B 		add	fp, fp, #1
 1254 006a C0F34A12 		ubfx	r2, r0, #5, #11
 1255 006e 5A45     		cmp	r2, fp
 1256 0070 DDD8     		bhi	.L145
 1257              	.L142:
 1258 0072 4046     		mov	r0, r8
 1259 0074 BDE8F84F 		pop	{r3, r4, r5, r6, r7, r8, r9, r10, fp, lr}
 1260 0078 FFF7FEBF 		b	lv_obj_invalidate
 1261              	.L143:
 1262 007c D8F83C30 		ldr	r3, [r8, #60]
 1263 0080 D8F84400 		ldr	r0, [r8, #68]
 1264 0084 C3F38A23 		ubfx	r3, r3, #10, #11
 1265 0088 0733     		adds	r3, r3, #7
 1266 008a DB10     		asrs	r3, r3, #3
 1267 008c 4AF3C011 		sbfx	r1, r10, #7, #1
 1268 0090 03FB02F2 		mul	r2, r3, r2
 1269 0094 C9B2     		uxtb	r1, r1
 1270 0096 FFF7FEFF 		bl	lv_memset
 1271 009a 4046     		mov	r0, r8
 1272 009c BDE8F84F 		pop	{r3, r4, r5, r6, r7, r8, r9, r10, fp, lr}
 1273 00a0 FFF7FEBF 		b	lv_obj_invalidate
 1274              	.L154:
 1275 00a4 D8F83C30 		ldr	r3, [r8, #60]
 1276 00a8 D8F84400 		ldr	r0, [r8, #68]
 1277 00ac 89B2     		uxth	r1, r1
 1278 00ae 0039     		subs	r1, r1, #0
 1279 00b0 C3F38A23 		ubfx	r3, r3, #10, #11
 1280 00b4 18BF     		it	ne
 1281 00b6 0121     		movne	r1, #1
 1282 00b8 0733     		adds	r3, r3, #7
 1283 00ba DB10     		asrs	r3, r3, #3
ARM GAS  /var/folders/lp/x54gwt890xv47sdkqj1k04q40000gn/T//ccOpKZF5.s 			page 23


 1284 00bc 4942     		rsbs	r1, r1, #0
 1285 00be 03FB02F2 		mul	r2, r3, r2
 1286 00c2 0830     		adds	r0, r0, #8
 1287 00c4 C9B2     		uxtb	r1, r1
 1288 00c6 FFF7FEFF 		bl	lv_memset
 1289 00ca 4046     		mov	r0, r8
 1290 00cc BDE8F84F 		pop	{r3, r4, r5, r6, r7, r8, r9, r10, fp, lr}
 1291 00d0 FFF7FEBF 		b	lv_obj_invalidate
 1293              		.section	.text.lv_canvas_draw_rect,"ax",%progbits
 1294              		.align	1
 1295              		.p2align 2,,3
 1296              		.global	lv_canvas_draw_rect
 1297              		.syntax unified
 1298              		.thumb
 1299              		.thumb_func
 1301              	lv_canvas_draw_rect:
 1302              		@ args = 8, pretend = 0, frame = 456
 1303              		@ frame_needed = 0, uses_anonymous_args = 0
 1304 0000 2DE9F043 		push	{r4, r5, r6, r7, r8, r9, lr}
 1305 0004 90F83CC0 		ldrb	ip, [r0, #60]	@ zero_extendqisi2
 1306 0008 0CF1190C 		add	ip, ip, #25
 1307 000c F3B0     		sub	sp, sp, #460
 1308 000e 0CF01F0C 		and	ip, ip, #31
 1309 0012 BCF1030F 		cmp	ip, #3
 1310 0016 BDF9E881 		ldrsh	r8, [sp, #488]
 1311 001a 02D8     		bhi	.L159
 1312 001c 73B0     		add	sp, sp, #460
 1313              		@ sp needed
 1314 001e BDE8F083 		pop	{r4, r5, r6, r7, r8, r9, pc}
 1315              	.L159:
 1316 0022 0F46     		mov	r7, r1
 1317 0024 1646     		mov	r6, r2
 1318 0026 18A9     		add	r1, sp, #96
 1319 0028 04AA     		add	r2, sp, #16
 1320 002a 1C46     		mov	r4, r3
 1321 002c 02AB     		add	r3, sp, #8
 1322 002e 0546     		mov	r5, r0
 1323 0030 FFF7FEFF 		bl	init_fake_disp
 1324 0034 FFF7FEFF 		bl	_lv_refr_get_disp_refreshing
 1325 0038 8146     		mov	r9, r0
 1326 003a 18A8     		add	r0, sp, #96
 1327 003c FFF7FEFF 		bl	_lv_refr_set_disp_refreshing
 1328 0040 95F83C30 		ldrb	r3, [r5, #60]	@ zero_extendqisi2
 1329 0044 03F01F03 		and	r3, r3, #31
 1330 0048 062B     		cmp	r3, #6
 1331 004a 26D0     		beq	.L160
 1332              	.L157:
 1333 004c 0023     		movs	r3, #0
 1334 004e 013C     		subs	r4, r4, #1
 1335 0050 3C44     		add	r4, r4, r7
 1336 0052 1946     		mov	r1, r3
 1337 0054 08F1FF38 		add	r8, r8, #-1
 1338 0058 B044     		add	r8, r8, r6
 1339 005a 64F30F01 		bfi	r1, r4, #0, #16
 1340 005e 68F31F41 		bfi	r1, r8, #16, #16
 1341 0062 67F30F03 		bfi	r3, r7, #0, #16
 1342 0066 66F31F43 		bfi	r3, r6, #16, #16
ARM GAS  /var/folders/lp/x54gwt890xv47sdkqj1k04q40000gn/T//ccOpKZF5.s 			page 24


 1343 006a 6A46     		mov	r2, sp
 1344 006c 1398     		ldr	r0, [sp, #76]
 1345 006e 0191     		str	r1, [sp, #4]
 1346 0070 7B99     		ldr	r1, [sp, #492]
 1347 0072 0093     		str	r3, [sp]
 1348 0074 FFF7FEFF 		bl	lv_draw_rect
 1349 0078 4846     		mov	r0, r9
 1350 007a FFF7FEFF 		bl	_lv_refr_set_disp_refreshing
 1351 007e 1898     		ldr	r0, [sp, #96]
 1352 0080 C16B     		ldr	r1, [r0, #60]
 1353 0082 FFF7FEFF 		bl	lv_draw_sw_deinit_ctx
 1354 0086 189B     		ldr	r3, [sp, #96]
 1355 0088 D86B     		ldr	r0, [r3, #60]
 1356 008a FFF7FEFF 		bl	lv_mem_free
 1357 008e 2846     		mov	r0, r5
 1358 0090 FFF7FEFF 		bl	lv_obj_invalidate
 1359 0094 73B0     		add	sp, sp, #460
 1360              		@ sp needed
 1361 0096 BDE8F083 		pop	{r4, r5, r6, r7, r8, r9, pc}
 1362              	.L160:
 1363 009a 7B9B     		ldr	r3, [sp, #492]
 1364 009c 9A88     		ldrh	r2, [r3, #4]
 1365 009e 4EF20703 		movw	r3, #57351
 1366 00a2 9A42     		cmp	r2, r3
 1367 00a4 D2D1     		bne	.L157
 1368 00a6 189A     		ldr	r2, [sp, #96]
 1369 00a8 137C     		ldrb	r3, [r2, #16]	@ zero_extendqisi2
 1370 00aa 23F00803 		bic	r3, r3, #8
 1371 00ae 1374     		strb	r3, [r2, #16]
 1372 00b0 CCE7     		b	.L157
 1374 00b2 00BF     		.section	.text.lv_canvas_draw_text,"ax",%progbits
 1375              		.align	1
 1376              		.p2align 2,,3
 1377              		.global	lv_canvas_draw_text
 1378              		.syntax unified
 1379              		.thumb
 1380              		.thumb_func
 1382              	lv_canvas_draw_text:
 1383              		@ args = 8, pretend = 0, frame = 456
 1384              		@ frame_needed = 0, uses_anonymous_args = 0
 1385 0000 90F83CC0 		ldrb	ip, [r0, #60]	@ zero_extendqisi2
 1386 0004 0CF1190C 		add	ip, ip, #25
 1387 0008 0CF01F0C 		and	ip, ip, #31
 1388 000c BCF1030F 		cmp	ip, #3
 1389 0010 00D8     		bhi	.L167
 1390 0012 7047     		bx	lr
 1391              	.L167:
 1392 0014 2DE9F041 		push	{r4, r5, r6, r7, r8, lr}
 1393 0018 F4B0     		sub	sp, sp, #464
 1394 001a 0D46     		mov	r5, r1
 1395 001c 1646     		mov	r6, r2
 1396 001e 1AA9     		add	r1, sp, #104
 1397 0020 06AA     		add	r2, sp, #24
 1398 0022 9846     		mov	r8, r3
 1399 0024 02AB     		add	r3, sp, #8
 1400 0026 0446     		mov	r4, r0
 1401 0028 FFF7FEFF 		bl	init_fake_disp
ARM GAS  /var/folders/lp/x54gwt890xv47sdkqj1k04q40000gn/T//ccOpKZF5.s 			page 25


 1402 002c FFF7FEFF 		bl	_lv_refr_get_disp_refreshing
 1403 0030 0746     		mov	r7, r0
 1404 0032 1AA8     		add	r0, sp, #104
 1405 0034 FFF7FEFF 		bl	_lv_refr_set_disp_refreshing
 1406 0038 E28F     		ldrh	r2, [r4, #62]
 1407 003a 1598     		ldr	r0, [sp, #84]
 1408 003c ADF81050 		strh	r5, [sp, #16]	@ movhi
 1409 0040 08F1FF33 		add	r3, r8, #-1
 1410 0044 2B44     		add	r3, r3, r5
 1411 0046 C2F34A12 		ubfx	r2, r2, #5, #11
 1412 004a ADF81430 		strh	r3, [sp, #20]	@ movhi
 1413 004e 013A     		subs	r2, r2, #1
 1414 0050 0023     		movs	r3, #0
 1415 0052 ADF81620 		strh	r2, [sp, #22]	@ movhi
 1416 0056 0093     		str	r3, [sp]
 1417 0058 04AA     		add	r2, sp, #16
 1418 005a DDE97A13 		ldrd	r1, r3, [sp, #488]
 1419 005e ADF81260 		strh	r6, [sp, #18]	@ movhi
 1420 0062 FFF7FEFF 		bl	lv_draw_label
 1421 0066 3846     		mov	r0, r7
 1422 0068 FFF7FEFF 		bl	_lv_refr_set_disp_refreshing
 1423 006c 1A98     		ldr	r0, [sp, #104]
 1424 006e C16B     		ldr	r1, [r0, #60]
 1425 0070 FFF7FEFF 		bl	lv_draw_sw_deinit_ctx
 1426 0074 1A9B     		ldr	r3, [sp, #104]
 1427 0076 D86B     		ldr	r0, [r3, #60]
 1428 0078 FFF7FEFF 		bl	lv_mem_free
 1429 007c 2046     		mov	r0, r4
 1430 007e FFF7FEFF 		bl	lv_obj_invalidate
 1431 0082 74B0     		add	sp, sp, #464
 1432              		@ sp needed
 1433 0084 BDE8F081 		pop	{r4, r5, r6, r7, r8, pc}
 1435              		.section	.text.lv_canvas_draw_img,"ax",%progbits
 1436              		.align	1
 1437              		.p2align 2,,3
 1438              		.global	lv_canvas_draw_img
 1439              		.syntax unified
 1440              		.thumb
 1441              		.thumb_func
 1443              	lv_canvas_draw_img:
 1444              		@ args = 4, pretend = 0, frame = 464
 1445              		@ frame_needed = 0, uses_anonymous_args = 0
 1446 0000 90F83CC0 		ldrb	ip, [r0, #60]	@ zero_extendqisi2
 1447 0004 0CF1190C 		add	ip, ip, #25
 1448 0008 0CF01F0C 		and	ip, ip, #31
 1449 000c BCF1030F 		cmp	ip, #3
 1450 0010 00D8     		bhi	.L175
 1451 0012 7047     		bx	lr
 1452              	.L175:
 1453 0014 2DE9F041 		push	{r4, r5, r6, r7, r8, lr}
 1454 0018 F4B0     		sub	sp, sp, #464
 1455 001a 0446     		mov	r4, r0
 1456 001c 0F46     		mov	r7, r1
 1457 001e 1846     		mov	r0, r3
 1458 0020 01A9     		add	r1, sp, #4
 1459 0022 1646     		mov	r6, r2
 1460 0024 1D46     		mov	r5, r3
ARM GAS  /var/folders/lp/x54gwt890xv47sdkqj1k04q40000gn/T//ccOpKZF5.s 			page 26


 1461 0026 FFF7FEFF 		bl	lv_img_decoder_get_info
 1462 002a 0128     		cmp	r0, #1
 1463 002c 02D0     		beq	.L176
 1464 002e 74B0     		add	sp, sp, #464
 1465              		@ sp needed
 1466 0030 BDE8F081 		pop	{r4, r5, r6, r7, r8, pc}
 1467              	.L176:
 1468 0034 02AB     		add	r3, sp, #8
 1469 0036 06AA     		add	r2, sp, #24
 1470 0038 1AA9     		add	r1, sp, #104
 1471 003a 2046     		mov	r0, r4
 1472 003c FFF7FEFF 		bl	init_fake_disp
 1473 0040 FFF7FEFF 		bl	_lv_refr_get_disp_refreshing
 1474 0044 8046     		mov	r8, r0
 1475 0046 1AA8     		add	r0, sp, #104
 1476 0048 FFF7FEFF 		bl	_lv_refr_set_disp_refreshing
 1477 004c 0199     		ldr	r1, [sp, #4]
 1478 004e BDF80620 		ldrh	r2, [sp, #6]
 1479 0052 1598     		ldr	r0, [sp, #84]
 1480 0054 ADF81070 		strh	r7, [sp, #16]	@ movhi
 1481 0058 C1F38A21 		ubfx	r1, r1, #10, #11
 1482 005c C2F34A12 		ubfx	r2, r2, #5, #11
 1483 0060 0139     		subs	r1, r1, #1
 1484 0062 013A     		subs	r2, r2, #1
 1485 0064 3944     		add	r1, r1, r7
 1486 0066 3244     		add	r2, r2, r6
 1487 0068 2B46     		mov	r3, r5
 1488 006a ADF81410 		strh	r1, [sp, #20]	@ movhi
 1489 006e ADF81620 		strh	r2, [sp, #22]	@ movhi
 1490 0072 7A99     		ldr	r1, [sp, #488]
 1491 0074 ADF81260 		strh	r6, [sp, #18]	@ movhi
 1492 0078 04AA     		add	r2, sp, #16
 1493 007a FFF7FEFF 		bl	lv_draw_img
 1494 007e 4046     		mov	r0, r8
 1495 0080 FFF7FEFF 		bl	_lv_refr_set_disp_refreshing
 1496 0084 1A98     		ldr	r0, [sp, #104]
 1497 0086 C16B     		ldr	r1, [r0, #60]
 1498 0088 FFF7FEFF 		bl	lv_draw_sw_deinit_ctx
 1499 008c 1A9B     		ldr	r3, [sp, #104]
 1500 008e D86B     		ldr	r0, [r3, #60]
 1501 0090 FFF7FEFF 		bl	lv_mem_free
 1502 0094 2046     		mov	r0, r4
 1503 0096 FFF7FEFF 		bl	lv_obj_invalidate
 1504 009a 74B0     		add	sp, sp, #464
 1505              		@ sp needed
 1506 009c BDE8F081 		pop	{r4, r5, r6, r7, r8, pc}
 1508              		.section	.text.lv_canvas_draw_line,"ax",%progbits
 1509              		.align	1
 1510              		.p2align 2,,3
 1511              		.global	lv_canvas_draw_line
 1512              		.syntax unified
 1513              		.thumb
 1514              		.thumb_func
 1516              	lv_canvas_draw_line:
 1517              		@ args = 0, pretend = 0, frame = 448
 1518              		@ frame_needed = 0, uses_anonymous_args = 0
 1519 0000 2DE9F043 		push	{r4, r5, r6, r7, r8, r9, lr}
ARM GAS  /var/folders/lp/x54gwt890xv47sdkqj1k04q40000gn/T//ccOpKZF5.s 			page 27


 1520 0004 1F46     		mov	r7, r3
 1521 0006 90F83C30 		ldrb	r3, [r0, #60]	@ zero_extendqisi2
 1522 000a 1933     		adds	r3, r3, #25
 1523 000c 03F01F03 		and	r3, r3, #31
 1524 0010 032B     		cmp	r3, #3
 1525 0012 F1B0     		sub	sp, sp, #452
 1526 0014 02D8     		bhi	.L187
 1527 0016 71B0     		add	sp, sp, #452
 1528              		@ sp needed
 1529 0018 BDE8F083 		pop	{r4, r5, r6, r7, r8, r9, pc}
 1530              	.L187:
 1531 001c 6B46     		mov	r3, sp
 1532 001e 0C46     		mov	r4, r1
 1533 0020 1646     		mov	r6, r2
 1534 0022 16A9     		add	r1, sp, #88
 1535 0024 02AA     		add	r2, sp, #8
 1536 0026 8046     		mov	r8, r0
 1537 0028 FFF7FEFF 		bl	init_fake_disp
 1538 002c FFF7FEFF 		bl	_lv_refr_get_disp_refreshing
 1539 0030 8146     		mov	r9, r0
 1540 0032 16A8     		add	r0, sp, #88
 1541 0034 FFF7FEFF 		bl	_lv_refr_set_disp_refreshing
 1542 0038 98F83C30 		ldrb	r3, [r8, #60]	@ zero_extendqisi2
 1543 003c 03F01F03 		and	r3, r3, #31
 1544 0040 062B     		cmp	r3, #6
 1545 0042 1DD0     		beq	.L188
 1546              	.L179:
 1547 0044 013E     		subs	r6, r6, #1
 1548 0046 0AD0     		beq	.L180
 1549 0048 0025     		movs	r5, #0
 1550              	.L181:
 1551 004a 2246     		mov	r2, r4
 1552 004c 0434     		adds	r4, r4, #4
 1553 004e 1198     		ldr	r0, [sp, #68]
 1554 0050 2346     		mov	r3, r4
 1555 0052 3946     		mov	r1, r7
 1556 0054 0135     		adds	r5, r5, #1
 1557 0056 FFF7FEFF 		bl	lv_draw_line
 1558 005a B542     		cmp	r5, r6
 1559 005c F5D1     		bne	.L181
 1560              	.L180:
 1561 005e 4846     		mov	r0, r9
 1562 0060 FFF7FEFF 		bl	_lv_refr_set_disp_refreshing
 1563 0064 1698     		ldr	r0, [sp, #88]
 1564 0066 C16B     		ldr	r1, [r0, #60]
 1565 0068 FFF7FEFF 		bl	lv_draw_sw_deinit_ctx
 1566 006c 169B     		ldr	r3, [sp, #88]
 1567 006e D86B     		ldr	r0, [r3, #60]
 1568 0070 FFF7FEFF 		bl	lv_mem_free
 1569 0074 4046     		mov	r0, r8
 1570 0076 FFF7FEFF 		bl	lv_obj_invalidate
 1571 007a 71B0     		add	sp, sp, #452
 1572              		@ sp needed
 1573 007c BDE8F083 		pop	{r4, r5, r6, r7, r8, r9, pc}
 1574              	.L188:
 1575 0080 3A88     		ldrh	r2, [r7]
 1576 0082 4EF20703 		movw	r3, #57351
ARM GAS  /var/folders/lp/x54gwt890xv47sdkqj1k04q40000gn/T//ccOpKZF5.s 			page 28


 1577 0086 9A42     		cmp	r2, r3
 1578 0088 DCD1     		bne	.L179
 1579 008a 169A     		ldr	r2, [sp, #88]
 1580 008c 137C     		ldrb	r3, [r2, #16]	@ zero_extendqisi2
 1581 008e 23F00803 		bic	r3, r3, #8
 1582 0092 1374     		strb	r3, [r2, #16]
 1583 0094 D6E7     		b	.L179
 1585 0096 00BF     		.section	.text.lv_canvas_draw_polygon,"ax",%progbits
 1586              		.align	1
 1587              		.p2align 2,,3
 1588              		.global	lv_canvas_draw_polygon
 1589              		.syntax unified
 1590              		.thumb
 1591              		.thumb_func
 1593              	lv_canvas_draw_polygon:
 1594              		@ args = 0, pretend = 0, frame = 448
 1595              		@ frame_needed = 0, uses_anonymous_args = 0
 1596 0000 90F83CC0 		ldrb	ip, [r0, #60]	@ zero_extendqisi2
 1597 0004 0CF1190C 		add	ip, ip, #25
 1598 0008 0CF01F0C 		and	ip, ip, #31
 1599 000c BCF1030F 		cmp	ip, #3
 1600 0010 00D8     		bhi	.L196
 1601 0012 7047     		bx	lr
 1602              	.L196:
 1603 0014 2DE9F041 		push	{r4, r5, r6, r7, r8, lr}
 1604 0018 F0B0     		sub	sp, sp, #448
 1605 001a 0E46     		mov	r6, r1
 1606 001c 1746     		mov	r7, r2
 1607 001e 16A9     		add	r1, sp, #88
 1608 0020 02AA     		add	r2, sp, #8
 1609 0022 1D46     		mov	r5, r3
 1610 0024 6B46     		mov	r3, sp
 1611 0026 0446     		mov	r4, r0
 1612 0028 FFF7FEFF 		bl	init_fake_disp
 1613 002c FFF7FEFF 		bl	_lv_refr_get_disp_refreshing
 1614 0030 8046     		mov	r8, r0
 1615 0032 16A8     		add	r0, sp, #88
 1616 0034 FFF7FEFF 		bl	_lv_refr_set_disp_refreshing
 1617 0038 94F83C30 		ldrb	r3, [r4, #60]	@ zero_extendqisi2
 1618 003c 03F01F03 		and	r3, r3, #31
 1619 0040 062B     		cmp	r3, #6
 1620 0042 16D0     		beq	.L197
 1621              	.L191:
 1622 0044 3246     		mov	r2, r6
 1623 0046 BBB2     		uxth	r3, r7
 1624 0048 2946     		mov	r1, r5
 1625 004a 1198     		ldr	r0, [sp, #68]
 1626 004c FFF7FEFF 		bl	lv_draw_polygon
 1627 0050 4046     		mov	r0, r8
 1628 0052 FFF7FEFF 		bl	_lv_refr_set_disp_refreshing
 1629 0056 1698     		ldr	r0, [sp, #88]
 1630 0058 C16B     		ldr	r1, [r0, #60]
 1631 005a FFF7FEFF 		bl	lv_draw_sw_deinit_ctx
 1632 005e 169B     		ldr	r3, [sp, #88]
 1633 0060 D86B     		ldr	r0, [r3, #60]
 1634 0062 FFF7FEFF 		bl	lv_mem_free
 1635 0066 2046     		mov	r0, r4
ARM GAS  /var/folders/lp/x54gwt890xv47sdkqj1k04q40000gn/T//ccOpKZF5.s 			page 29


 1636 0068 FFF7FEFF 		bl	lv_obj_invalidate
 1637 006c 70B0     		add	sp, sp, #448
 1638              		@ sp needed
 1639 006e BDE8F081 		pop	{r4, r5, r6, r7, r8, pc}
 1640              	.L197:
 1641 0072 AA88     		ldrh	r2, [r5, #4]
 1642 0074 4EF20703 		movw	r3, #57351
 1643 0078 9A42     		cmp	r2, r3
 1644 007a E3D1     		bne	.L191
 1645 007c 169A     		ldr	r2, [sp, #88]
 1646 007e 137C     		ldrb	r3, [r2, #16]	@ zero_extendqisi2
 1647 0080 23F00803 		bic	r3, r3, #8
 1648 0084 1374     		strb	r3, [r2, #16]
 1649 0086 DDE7     		b	.L191
 1651              		.section	.text.lv_canvas_draw_arc,"ax",%progbits
 1652              		.align	1
 1653              		.p2align 2,,3
 1654              		.global	lv_canvas_draw_arc
 1655              		.syntax unified
 1656              		.thumb
 1657              		.thumb_func
 1659              	lv_canvas_draw_arc:
 1660              		@ args = 12, pretend = 0, frame = 456
 1661              		@ frame_needed = 0, uses_anonymous_args = 0
 1662 0000 90F83CC0 		ldrb	ip, [r0, #60]	@ zero_extendqisi2
 1663 0004 0CF1190C 		add	ip, ip, #25
 1664 0008 0CF01F0C 		and	ip, ip, #31
 1665 000c BCF1030F 		cmp	ip, #3
 1666 0010 00D8     		bhi	.L204
 1667 0012 7047     		bx	lr
 1668              	.L204:
 1669 0014 2DE9F041 		push	{r4, r5, r6, r7, r8, lr}
 1670 0018 F4B0     		sub	sp, sp, #464
 1671 001a 0E46     		mov	r6, r1
 1672 001c 1746     		mov	r7, r2
 1673 001e 1AA9     		add	r1, sp, #104
 1674 0020 06AA     		add	r2, sp, #24
 1675 0022 1D46     		mov	r5, r3
 1676 0024 04AB     		add	r3, sp, #16
 1677 0026 0446     		mov	r4, r0
 1678 0028 FFF7FEFF 		bl	init_fake_disp
 1679 002c FFF7FEFF 		bl	_lv_refr_get_disp_refreshing
 1680 0030 8046     		mov	r8, r0
 1681 0032 1AA8     		add	r0, sp, #104
 1682 0034 FFF7FEFF 		bl	_lv_refr_set_disp_refreshing
 1683 0038 7B99     		ldr	r1, [sp, #492]
 1684 003a 1598     		ldr	r0, [sp, #84]
 1685 003c ADF80C60 		strh	r6, [sp, #12]	@ movhi
 1686 0040 89B2     		uxth	r1, r1
 1687 0042 0191     		str	r1, [sp, #4]
 1688 0044 7A99     		ldr	r1, [sp, #488]
 1689 0046 ADF80E70 		strh	r7, [sp, #14]	@ movhi
 1690 004a 89B2     		uxth	r1, r1
 1691 004c 03AA     		add	r2, sp, #12
 1692 004e ABB2     		uxth	r3, r5
 1693 0050 0091     		str	r1, [sp]
 1694 0052 7C99     		ldr	r1, [sp, #496]
ARM GAS  /var/folders/lp/x54gwt890xv47sdkqj1k04q40000gn/T//ccOpKZF5.s 			page 30


 1695 0054 FFF7FEFF 		bl	lv_draw_arc
 1696 0058 4046     		mov	r0, r8
 1697 005a FFF7FEFF 		bl	_lv_refr_set_disp_refreshing
 1698 005e 1A98     		ldr	r0, [sp, #104]
 1699 0060 C16B     		ldr	r1, [r0, #60]
 1700 0062 FFF7FEFF 		bl	lv_draw_sw_deinit_ctx
 1701 0066 1A9B     		ldr	r3, [sp, #104]
 1702 0068 D86B     		ldr	r0, [r3, #60]
 1703 006a FFF7FEFF 		bl	lv_mem_free
 1704 006e 2046     		mov	r0, r4
 1705 0070 FFF7FEFF 		bl	lv_obj_invalidate
 1706 0074 74B0     		add	sp, sp, #464
 1707              		@ sp needed
 1708 0076 BDE8F081 		pop	{r4, r5, r6, r7, r8, pc}
 1710              		.global	lv_canvas_class
 1711 007a 00BF     		.section	.rodata.lv_canvas_class,"a"
 1712              		.align	2
 1715              	lv_canvas_class:
 1716 0000 00000000 		.word	lv_img_class
 1717 0004 00000000 		.word	lv_canvas_constructor
 1718 0008 00000000 		.word	lv_canvas_destructor
 1719 000c 00000000 		.space	12
 1719      00000000 
 1719      00000000 
 1720 0018 80       		.byte	128
 1721 0019 04       		.byte	4
 1722 001a 00       		.byte	0
 1723 001b 00       		.space	1
 1724              		.ident	"GCC: (xPack GNU Arm Embedded GCC arm64) 13.3.1 20240614"
ARM GAS  /var/folders/lp/x54gwt890xv47sdkqj1k04q40000gn/T//ccOpKZF5.s 			page 31


DEFINED SYMBOLS
                            *ABS*:00000000 lv_canvas.c
/var/folders/lp/x54gwt890xv47sdkqj1k04q40000gn/T//ccOpKZF5.s:18     .text.lv_canvas_destructor:00000000 $t
/var/folders/lp/x54gwt890xv47sdkqj1k04q40000gn/T//ccOpKZF5.s:24     .text.lv_canvas_destructor:00000000 lv_canvas_destructor
/var/folders/lp/x54gwt890xv47sdkqj1k04q40000gn/T//ccOpKZF5.s:32     .text.lv_canvas_constructor:00000000 $t
/var/folders/lp/x54gwt890xv47sdkqj1k04q40000gn/T//ccOpKZF5.s:38     .text.lv_canvas_constructor:00000000 lv_canvas_constructor
/var/folders/lp/x54gwt890xv47sdkqj1k04q40000gn/T//ccOpKZF5.s:54     .text.init_fake_disp:00000000 $t
/var/folders/lp/x54gwt890xv47sdkqj1k04q40000gn/T//ccOpKZF5.s:60     .text.init_fake_disp:00000000 init_fake_disp
/var/folders/lp/x54gwt890xv47sdkqj1k04q40000gn/T//ccOpKZF5.s:112    .text.lv_canvas_create:00000000 $t
/var/folders/lp/x54gwt890xv47sdkqj1k04q40000gn/T//ccOpKZF5.s:119    .text.lv_canvas_create:00000000 lv_canvas_create
/var/folders/lp/x54gwt890xv47sdkqj1k04q40000gn/T//ccOpKZF5.s:133    .text.lv_canvas_create:00000014 $d
/var/folders/lp/x54gwt890xv47sdkqj1k04q40000gn/T//ccOpKZF5.s:1715   .rodata.lv_canvas_class:00000000 lv_canvas_class
/var/folders/lp/x54gwt890xv47sdkqj1k04q40000gn/T//ccOpKZF5.s:136    .text.lv_canvas_set_buffer:00000000 $t
/var/folders/lp/x54gwt890xv47sdkqj1k04q40000gn/T//ccOpKZF5.s:143    .text.lv_canvas_set_buffer:00000000 lv_canvas_set_buffer
/var/folders/lp/x54gwt890xv47sdkqj1k04q40000gn/T//ccOpKZF5.s:168    .text.lv_canvas_set_px_color:00000000 $t
/var/folders/lp/x54gwt890xv47sdkqj1k04q40000gn/T//ccOpKZF5.s:175    .text.lv_canvas_set_px_color:00000000 lv_canvas_set_px_color
/var/folders/lp/x54gwt890xv47sdkqj1k04q40000gn/T//ccOpKZF5.s:187    .text.lv_canvas_set_px_opa:00000000 $t
/var/folders/lp/x54gwt890xv47sdkqj1k04q40000gn/T//ccOpKZF5.s:194    .text.lv_canvas_set_px_opa:00000000 lv_canvas_set_px_opa
/var/folders/lp/x54gwt890xv47sdkqj1k04q40000gn/T//ccOpKZF5.s:206    .text.lv_canvas_set_palette:00000000 $t
/var/folders/lp/x54gwt890xv47sdkqj1k04q40000gn/T//ccOpKZF5.s:213    .text.lv_canvas_set_palette:00000000 lv_canvas_set_palette
/var/folders/lp/x54gwt890xv47sdkqj1k04q40000gn/T//ccOpKZF5.s:225    .text.lv_canvas_get_px:00000000 $t
/var/folders/lp/x54gwt890xv47sdkqj1k04q40000gn/T//ccOpKZF5.s:232    .text.lv_canvas_get_px:00000000 lv_canvas_get_px
/var/folders/lp/x54gwt890xv47sdkqj1k04q40000gn/T//ccOpKZF5.s:250    .text.lv_canvas_get_img:00000000 $t
/var/folders/lp/x54gwt890xv47sdkqj1k04q40000gn/T//ccOpKZF5.s:257    .text.lv_canvas_get_img:00000000 lv_canvas_get_img
/var/folders/lp/x54gwt890xv47sdkqj1k04q40000gn/T//ccOpKZF5.s:265    .text.lv_canvas_copy_buf:00000000 $t
/var/folders/lp/x54gwt890xv47sdkqj1k04q40000gn/T//ccOpKZF5.s:272    .text.lv_canvas_copy_buf:00000000 lv_canvas_copy_buf
/var/folders/lp/x54gwt890xv47sdkqj1k04q40000gn/T//ccOpKZF5.s:323    .text.lv_canvas_transform:00000000 $t
/var/folders/lp/x54gwt890xv47sdkqj1k04q40000gn/T//ccOpKZF5.s:330    .text.lv_canvas_transform:00000000 lv_canvas_transform
/var/folders/lp/x54gwt890xv47sdkqj1k04q40000gn/T//ccOpKZF5.s:468    .text.lv_canvas_blur_hor:00000000 $t
/var/folders/lp/x54gwt890xv47sdkqj1k04q40000gn/T//ccOpKZF5.s:475    .text.lv_canvas_blur_hor:00000000 lv_canvas_blur_hor
/var/folders/lp/x54gwt890xv47sdkqj1k04q40000gn/T//ccOpKZF5.s:820    .text.lv_canvas_blur_ver:00000000 $t
/var/folders/lp/x54gwt890xv47sdkqj1k04q40000gn/T//ccOpKZF5.s:827    .text.lv_canvas_blur_ver:00000000 lv_canvas_blur_ver
/var/folders/lp/x54gwt890xv47sdkqj1k04q40000gn/T//ccOpKZF5.s:1203   .text.lv_canvas_fill_bg:00000000 $t
/var/folders/lp/x54gwt890xv47sdkqj1k04q40000gn/T//ccOpKZF5.s:1210   .text.lv_canvas_fill_bg:00000000 lv_canvas_fill_bg
/var/folders/lp/x54gwt890xv47sdkqj1k04q40000gn/T//ccOpKZF5.s:1294   .text.lv_canvas_draw_rect:00000000 $t
/var/folders/lp/x54gwt890xv47sdkqj1k04q40000gn/T//ccOpKZF5.s:1301   .text.lv_canvas_draw_rect:00000000 lv_canvas_draw_rect
/var/folders/lp/x54gwt890xv47sdkqj1k04q40000gn/T//ccOpKZF5.s:1375   .text.lv_canvas_draw_text:00000000 $t
/var/folders/lp/x54gwt890xv47sdkqj1k04q40000gn/T//ccOpKZF5.s:1382   .text.lv_canvas_draw_text:00000000 lv_canvas_draw_text
/var/folders/lp/x54gwt890xv47sdkqj1k04q40000gn/T//ccOpKZF5.s:1436   .text.lv_canvas_draw_img:00000000 $t
/var/folders/lp/x54gwt890xv47sdkqj1k04q40000gn/T//ccOpKZF5.s:1443   .text.lv_canvas_draw_img:00000000 lv_canvas_draw_img
/var/folders/lp/x54gwt890xv47sdkqj1k04q40000gn/T//ccOpKZF5.s:1509   .text.lv_canvas_draw_line:00000000 $t
/var/folders/lp/x54gwt890xv47sdkqj1k04q40000gn/T//ccOpKZF5.s:1516   .text.lv_canvas_draw_line:00000000 lv_canvas_draw_line
/var/folders/lp/x54gwt890xv47sdkqj1k04q40000gn/T//ccOpKZF5.s:1586   .text.lv_canvas_draw_polygon:00000000 $t
/var/folders/lp/x54gwt890xv47sdkqj1k04q40000gn/T//ccOpKZF5.s:1593   .text.lv_canvas_draw_polygon:00000000 lv_canvas_draw_polygon
/var/folders/lp/x54gwt890xv47sdkqj1k04q40000gn/T//ccOpKZF5.s:1652   .text.lv_canvas_draw_arc:00000000 $t
/var/folders/lp/x54gwt890xv47sdkqj1k04q40000gn/T//ccOpKZF5.s:1659   .text.lv_canvas_draw_arc:00000000 lv_canvas_draw_arc
/var/folders/lp/x54gwt890xv47sdkqj1k04q40000gn/T//ccOpKZF5.s:1712   .rodata.lv_canvas_class:00000000 $d

UNDEFINED SYMBOLS
lv_img_cache_invalidate_src
lv_img_set_src
lv_memset_00
lv_disp_drv_init
lv_mem_alloc
lv_draw_sw_init_ctx
lv_disp_drv_use_generic_set_px_cb
lv_obj_class_create_obj
ARM GAS  /var/folders/lp/x54gwt890xv47sdkqj1k04q40000gn/T//ccOpKZF5.s 			page 32


lv_obj_class_init_obj
lv_img_buf_set_px_color
lv_obj_invalidate
lv_img_buf_set_px_alpha
lv_img_buf_set_palette
lv_obj_get_style_prop
lv_img_buf_get_px_color
lv_img_cf_get_px_size
lv_memcpy
lv_draw_img_dsc_init
lv_mem_free
lv_draw_sw_transform
lv_img_cf_has_alpha
lv_img_buf_get_img_size
lv_mem_buf_get
lv_img_buf_get_px_alpha
lv_mem_buf_release
lv_memset
_lv_refr_get_disp_refreshing
_lv_refr_set_disp_refreshing
lv_draw_rect
lv_draw_sw_deinit_ctx
lv_draw_label
lv_img_decoder_get_info
lv_draw_img
lv_draw_line
lv_draw_polygon
lv_draw_arc
lv_img_class
