ARM GAS  /var/folders/lp/x54gwt890xv47sdkqj1k04q40000gn/T//ccpWaaoV.s 			page 1


   1              		.cpu cortex-m4
   2              		.arch armv7e-m
   3              		.fpu fpv4-sp-d16
   4              		.eabi_attribute 27, 1
   5              		.eabi_attribute 28, 1
   6              		.eabi_attribute 20, 1
   7              		.eabi_attribute 21, 1
   8              		.eabi_attribute 23, 3
   9              		.eabi_attribute 24, 1
  10              		.eabi_attribute 25, 1
  11              		.eabi_attribute 26, 1
  12              		.eabi_attribute 30, 2
  13              		.eabi_attribute 34, 1
  14              		.eabi_attribute 18, 4
  15              		.file	"lv_draw_rect.c"
  16              		.text
  17              		.section	.text.lv_draw_rect_dsc_init,"ax",%progbits
  18              		.align	1
  19              		.p2align 2,,3
  20              		.global	lv_draw_rect_dsc_init
  21              		.syntax unified
  22              		.thumb
  23              		.thumb_func
  25              	lv_draw_rect_dsc_init:
  26              		@ args = 0, pretend = 0, frame = 0
  27              		@ frame_needed = 0, uses_anonymous_args = 0
  28 0000 38B5     		push	{r3, r4, r5, lr}
  29 0002 0446     		mov	r4, r0
  30 0004 3821     		movs	r1, #56
  31 0006 FFF7FEFF 		bl	lv_memset_00
  32 000a 638C     		ldrh	r3, [r4, #34]
  33 000c 0F4D     		ldr	r5, .L4
  34 000e 6561     		str	r5, [r4, #20]
  35 0010 23F47B53 		bic	r3, r3, #16064
  36 0014 23F03F03 		bic	r3, r3, #63
  37 0018 43F4F753 		orr	r3, r3, #7904
  38 001c FF22     		movs	r2, #255
  39 001e 4FF0FF30 		mov	r0, #-1
  40 0022 4FF0020C 		mov	ip, #2
  41 0026 43F01F03 		orr	r3, r3, #31
  42 002a 0021     		movs	r1, #0
  43 002c 84F80EC0 		strb	ip, [r4, #14]
  44 0030 6384     		strh	r3, [r4, #34]	@ movhi
  45 0032 2273     		strb	r2, [r4, #12]
  46 0034 E270     		strb	r2, [r4, #3]
  47 0036 A076     		strb	r0, [r4, #26]
  48 0038 84F82A20 		strb	r2, [r4, #42]
  49 003c 84F83620 		strb	r2, [r4, #54]
  50 0040 6181     		strh	r1, [r4, #10]	@ movhi
  51 0042 E183     		strh	r1, [r4, #30]	@ movhi
  52 0044 A185     		strh	r1, [r4, #44]	@ movhi
  53 0046 6060     		str	r0, [r4, #4]
  54 0048 38BD     		pop	{r3, r4, r5, pc}
  55              	.L5:
  56 004a 00BF     		.align	2
  57              	.L4:
  58 004c 00000000 		.word	lv_font_montserrat_14
ARM GAS  /var/folders/lp/x54gwt890xv47sdkqj1k04q40000gn/T//ccpWaaoV.s 			page 2


  60              		.section	.text.lv_draw_rect,"ax",%progbits
  61              		.align	1
  62              		.p2align 2,,3
  63              		.global	lv_draw_rect
  64              		.syntax unified
  65              		.thumb
  66              		.thumb_func
  68              	lv_draw_rect:
  69              		@ args = 0, pretend = 0, frame = 0
  70              		@ frame_needed = 0, uses_anonymous_args = 0
  71 0000 D388     		ldrh	r3, [r2, #6]
  72 0002 10B5     		push	{r4, lr}
  73 0004 B2F802E0 		ldrh	lr, [r2, #2]
  74 0008 0133     		adds	r3, r3, #1
  75 000a A3EB0E03 		sub	r3, r3, lr
  76 000e 1BB2     		sxth	r3, r3
  77 0010 002B     		cmp	r3, #0
  78 0012 0CDD     		ble	.L6
  79 0014 9388     		ldrh	r3, [r2, #4]
  80 0016 B2F800C0 		ldrh	ip, [r2]
  81 001a 0133     		adds	r3, r3, #1
  82 001c A3EB0C03 		sub	r3, r3, ip
  83 0020 1BB2     		sxth	r3, r3
  84 0022 002B     		cmp	r3, #0
  85 0024 03DD     		ble	.L6
  86 0026 BDE81040 		pop	{r4, lr}
  87 002a 0369     		ldr	r3, [r0, #16]
  88 002c 1847     		bx	r3	@ indirect register sibling call
  89              	.L6:
  90 002e 10BD     		pop	{r4, pc}
  92              		.ident	"GCC: (xPack GNU Arm Embedded GCC arm64) 13.3.1 20240614"
ARM GAS  /var/folders/lp/x54gwt890xv47sdkqj1k04q40000gn/T//ccpWaaoV.s 			page 3


DEFINED SYMBOLS
                            *ABS*:00000000 lv_draw_rect.c
/var/folders/lp/x54gwt890xv47sdkqj1k04q40000gn/T//ccpWaaoV.s:18     .text.lv_draw_rect_dsc_init:00000000 $t
/var/folders/lp/x54gwt890xv47sdkqj1k04q40000gn/T//ccpWaaoV.s:25     .text.lv_draw_rect_dsc_init:00000000 lv_draw_rect_dsc_init
/var/folders/lp/x54gwt890xv47sdkqj1k04q40000gn/T//ccpWaaoV.s:58     .text.lv_draw_rect_dsc_init:0000004c $d
/var/folders/lp/x54gwt890xv47sdkqj1k04q40000gn/T//ccpWaaoV.s:61     .text.lv_draw_rect:00000000 $t
/var/folders/lp/x54gwt890xv47sdkqj1k04q40000gn/T//ccpWaaoV.s:68     .text.lv_draw_rect:00000000 lv_draw_rect

UNDEFINED SYMBOLS
lv_memset_00
lv_font_montserrat_14
