ARM GAS  /var/folders/lp/x54gwt890xv47sdkqj1k04q40000gn/T//ccNwCs0J.s 			page 1


   1              		.cpu cortex-m4
   2              		.arch armv7e-m
   3              		.fpu fpv4-sp-d16
   4              		.eabi_attribute 27, 1
   5              		.eabi_attribute 28, 1
   6              		.eabi_attribute 20, 1
   7              		.eabi_attribute 21, 1
   8              		.eabi_attribute 23, 3
   9              		.eabi_attribute 24, 1
  10              		.eabi_attribute 25, 1
  11              		.eabi_attribute 26, 1
  12              		.eabi_attribute 30, 2
  13              		.eabi_attribute 34, 1
  14              		.eabi_attribute 18, 4
  15              		.file	"lv_draw_sw_img.c"
  16              		.text
  17              		.section	.text.lv_draw_sw_img_decoded,"ax",%progbits
  18              		.align	1
  19              		.p2align 2,,3
  20              		.global	lv_draw_sw_img_decoded
  21              		.syntax unified
  22              		.thumb
  23              		.thumb_func
  25              	lv_draw_sw_img_decoded:
  26              		@ args = 4, pretend = 0, frame = 128
  27              		@ frame_needed = 0, uses_anonymous_args = 0
  28 0000 2DE9F04F 		push	{r4, r5, r6, r7, r8, r9, r10, fp, lr}
  29 0004 A7B0     		sub	sp, sp, #156
  30 0006 8B46     		mov	fp, r1
  31 0008 0E93     		str	r3, [sp, #56]
  32 000a 8368     		ldr	r3, [r0, #8]
  33 000c 9DF8C040 		ldrb	r4, [sp, #192]	@ zero_extendqisi2
  34 0010 0790     		str	r0, [sp, #28]
  35 0012 0A92     		str	r2, [sp, #40]
  36 0014 19A8     		add	r0, sp, #100
  37 0016 1A68     		ldr	r2, [r3]	@ unaligned
  38 0018 5B68     		ldr	r3, [r3, #4]	@ unaligned
  39 001a 1A93     		str	r3, [sp, #104]
  40 001c 0B94     		str	r4, [sp, #44]
  41 001e 1992     		str	r2, [sp, #100]
  42 0020 FFF7FEFF 		bl	lv_draw_mask_is_any
  43 0024 DBF80040 		ldr	r4, [fp]
  44 0028 0C90     		str	r0, [sp, #48]
  45 002a 0546     		mov	r5, r0
  46 002c 1C21     		movs	r1, #28
  47 002e 1FA8     		add	r0, sp, #124
  48 0030 0D94     		str	r4, [sp, #52]
  49 0032 FFF7FEFF 		bl	lv_memset_00
  50 0036 9BF80C30 		ldrb	r3, [fp, #12]	@ zero_extendqisi2
  51 003a C3F30303 		ubfx	r3, r3, #0, #4
  52 003e 8DF89530 		strb	r3, [sp, #149]
  53 0042 9BF80B30 		ldrb	r3, [fp, #11]	@ zero_extendqisi2
  54 0046 8DF89430 		strb	r3, [sp, #148]
  55 004a 1BAB     		add	r3, sp, #108
  56 004c 1F93     		str	r3, [sp, #124]
  57 004e 1DB9     		cbnz	r5, .L2
  58 0050 B4F1807F 		cmp	r4, #16777216
ARM GAS  /var/folders/lp/x54gwt890xv47sdkqj1k04q40000gn/T//ccNwCs0J.s 			page 2


  59 0054 00F03882 		beq	.L59
  60              	.L2:
  61 0058 0A98     		ldr	r0, [sp, #40]
  62 005a 079B     		ldr	r3, [sp, #28]
  63 005c 0188     		ldrh	r1, [r0]
  64 005e 9A68     		ldr	r2, [r3, #8]
  65 0060 8388     		ldrh	r3, [r0, #4]
  66 0062 1468     		ldr	r4, [r2]	@ unaligned
  67 0064 5668     		ldr	r6, [r2, #4]	@ unaligned
  68 0066 4288     		ldrh	r2, [r0, #2]
  69 0068 5B1A     		subs	r3, r3, r1
  70 006a 99B2     		uxth	r1, r3
  71 006c C388     		ldrh	r3, [r0, #6]
  72 006e 1591     		str	r1, [sp, #84]
  73 0070 0133     		adds	r3, r3, #1
  74 0072 9B1A     		subs	r3, r3, r2
  75 0074 1BB2     		sxth	r3, r3
  76 0076 1193     		str	r3, [sp, #68]
  77 0078 331B     		subs	r3, r6, r4
  78 007a 0133     		adds	r3, r3, #1
  79 007c 0FFA83FA 		sxth	r10, r3
  80 0080 4B1C     		adds	r3, r1, #1
  81 0082 1BB2     		sxth	r3, r3
  82 0084 9846     		mov	r8, r3
  83 0086 CDE91B46 		strd	r4, r6, [sp, #108]
  84 008a FFF7FEFF 		bl	_lv_refr_get_disp_refreshing
  85 008e FFF7FEFF 		bl	lv_disp_get_hor_res
  86 0092 0546     		mov	r5, r0
  87 0094 1BA8     		add	r0, sp, #108
  88 0096 FFF7FEFF 		bl	lv_area_get_size
  89 009a 8542     		cmp	r5, r0
  90 009c 80F06481 		bcs	.L60
  91 00a0 B5FBFAF5 		udiv	r5, r5, r10
  92              	.L9:
  93 00a4 0AFB05F6 		mul	r6, r10, r5
  94 00a8 7400     		lsls	r4, r6, #1
  95 00aa 2046     		mov	r0, r4
  96 00ac 1396     		str	r6, [sp, #76]
  97 00ae FFF7FEFF 		bl	lv_mem_buf_get
  98 00b2 0746     		mov	r7, r0
  99 00b4 0890     		str	r0, [sp, #32]
 100 00b6 3046     		mov	r0, r6
 101 00b8 FFF7FEFF 		bl	lv_mem_buf_get
 102 00bc BDF96E20 		ldrsh	r2, [sp, #110]
 103 00c0 0990     		str	r0, [sp, #36]
 104 00c2 1BAB     		add	r3, sp, #108
 105 00c4 2493     		str	r3, [sp, #144]
 106 00c6 2290     		str	r0, [sp, #136]
 107 00c8 ABB2     		uxth	r3, r5
 108 00ca 501E     		subs	r0, r2, #1
 109 00cc 1844     		add	r0, r0, r3
 110 00ce 0F93     		str	r3, [sp, #60]
 111 00d0 0B9B     		ldr	r3, [sp, #44]
 112 00d2 BDF97210 		ldrsh	r1, [sp, #114]
 113 00d6 2097     		str	r7, [sp, #128]
 114 00d8 00B2     		sxth	r0, r0
 115 00da 042B     		cmp	r3, #4
ARM GAS  /var/folders/lp/x54gwt890xv47sdkqj1k04q40000gn/T//ccNwCs0J.s 			page 3


 116 00dc ADF87200 		strh	r0, [sp, #114]	@ movhi
 117 00e0 00F0EA81 		beq	.L61
 118 00e4 0223     		movs	r3, #2
 119              	.L10:
 120 00e6 8A42     		cmp	r2, r1
 121 00e8 8DF88C30 		strb	r3, [sp, #140]
 122 00ec 00F3DB81 		bgt	.L37
 123 00f0 089B     		ldr	r3, [sp, #32]
 124 00f2 CDF818B0 		str	fp, [sp, #24]
 125 00f6 E318     		adds	r3, r4, r3
 126 00f8 1493     		str	r3, [sp, #80]
 127 00fa 0B9B     		ldr	r3, [sp, #44]
 128 00fc 1091     		str	r1, [sp, #64]
 129 00fe 043B     		subs	r3, r3, #4
 130 0100 1293     		str	r3, [sp, #72]
 131 0102 C346     		mov	fp, r8
 132 0104 2FE0     		b	.L36
 133              	.L63:
 134 0106 099B     		ldr	r3, [sp, #36]
 135 0108 0593     		str	r3, [sp, #20]
 136 010a 089B     		ldr	r3, [sp, #32]
 137 010c 0493     		str	r3, [sp, #16]
 138 010e 0B9B     		ldr	r3, [sp, #44]
 139 0110 0393     		str	r3, [sp, #12]
 140 0112 069B     		ldr	r3, [sp, #24]
 141 0114 0E9A     		ldr	r2, [sp, #56]
 142 0116 0798     		ldr	r0, [sp, #28]
 143 0118 CDE901B3 		strd	fp, r3, [sp, #4]
 144 011c 119B     		ldr	r3, [sp, #68]
 145 011e 0093     		str	r3, [sp]
 146 0120 1DA9     		add	r1, sp, #116
 147 0122 5B46     		mov	r3, fp
 148 0124 FFF7FEFF 		bl	lv_draw_transform
 149              	.L13:
 150 0128 069B     		ldr	r3, [sp, #24]
 151 012a 9C7A     		ldrb	r4, [r3, #10]	@ zero_extendqisi2
 152 012c 022C     		cmp	r4, #2
 153 012e 00F2A980 		bhi	.L62
 154              	.L31:
 155 0132 0C9B     		ldr	r3, [sp, #48]
 156 0134 002B     		cmp	r3, #0
 157 0136 40F0F080 		bne	.L35
 158              	.L38:
 159 013a 0798     		ldr	r0, [sp, #28]
 160 013c 1FA9     		add	r1, sp, #124
 161 013e FFF7FEFF 		bl	lv_draw_sw_blend
 162 0142 BDF87220 		ldrh	r2, [sp, #114]
 163 0146 0F9B     		ldr	r3, [sp, #60]
 164 0148 9818     		adds	r0, r3, r2
 165 014a 109B     		ldr	r3, [sp, #64]
 166 014c 00B2     		sxth	r0, r0
 167 014e 0132     		adds	r2, r2, #1
 168 0150 12B2     		sxth	r2, r2
 169 0152 9842     		cmp	r0, r3
 170 0154 A8BF     		it	ge
 171 0156 1846     		movge	r0, r3
 172 0158 9A42     		cmp	r2, r3
ARM GAS  /var/folders/lp/x54gwt890xv47sdkqj1k04q40000gn/T//ccNwCs0J.s 			page 4


 173 015a ADF86E20 		strh	r2, [sp, #110]	@ movhi
 174 015e ADF87200 		strh	r0, [sp, #114]	@ movhi
 175 0162 00F3A081 		bgt	.L37
 176              	.L36:
 177 0166 0A9B     		ldr	r3, [sp, #40]
 178 0168 ADF87620 		strh	r2, [sp, #118]	@ movhi
 179 016c 1988     		ldrh	r1, [r3]
 180 016e 5A88     		ldrh	r2, [r3, #2]
 181 0170 BDF86C30 		ldrh	r3, [sp, #108]
 182 0174 ADF87A00 		strh	r0, [sp, #122]	@ movhi
 183 0178 5242     		rsbs	r2, r2, #0
 184 017a 4942     		rsbs	r1, r1, #0
 185 017c ADF87430 		strh	r3, [sp, #116]	@ movhi
 186 0180 12B2     		sxth	r2, r2
 187 0182 BDF87030 		ldrh	r3, [sp, #112]
 188 0186 ADF87830 		strh	r3, [sp, #120]	@ movhi
 189 018a 09B2     		sxth	r1, r1
 190 018c 1DA8     		add	r0, sp, #116
 191 018e FFF7FEFF 		bl	lv_area_move
 192 0192 0D9B     		ldr	r3, [sp, #52]
 193 0194 B3F1807F 		cmp	r3, #16777216
 194 0198 B5D1     		bne	.L63
 195 019a 129A     		ldr	r2, [sp, #72]
 196 019c 102A     		cmp	r2, #16
 197 019e C3D8     		bhi	.L13
 198 01a0 01A3     		adr	r3, .L15
 199 01a2 53F822F0 		ldr	pc, [r3, r2, lsl #2]
 200 01a6 00BF     		.p2align 2
 201              	.L15:
 202 01a8 ED010000 		.word	.L16+1
 203 01ac 05040000 		.word	.L17+1
 204 01b0 ED010000 		.word	.L16+1
 205 01b4 29010000 		.word	.L13+1
 206 01b8 29010000 		.word	.L13+1
 207 01bc 29010000 		.word	.L13+1
 208 01c0 29010000 		.word	.L13+1
 209 01c4 29010000 		.word	.L13+1
 210 01c8 29010000 		.word	.L13+1
 211 01cc 29010000 		.word	.L13+1
 212 01d0 29010000 		.word	.L13+1
 213 01d4 29010000 		.word	.L13+1
 214 01d8 29010000 		.word	.L13+1
 215 01dc 29010000 		.word	.L13+1
 216 01e0 29010000 		.word	.L13+1
 217 01e4 29010000 		.word	.L13+1
 218 01e8 77030000 		.word	.L14+1
 219              		.p2align 1
 220              	.L16:
 221 01ec 1DA8     		add	r0, sp, #116
 222 01ee FFF7FEFF 		bl	lv_area_get_size
 223 01f2 0146     		mov	r1, r0
 224 01f4 8046     		mov	r8, r0
 225 01f6 0998     		ldr	r0, [sp, #36]
 226 01f8 FFF7FEFF 		bl	lv_memset_ff
 227 01fc BDF87860 		ldrh	r6, [sp, #120]
 228 0200 BDF97430 		ldrsh	r3, [sp, #116]
 229 0204 BDF97640 		ldrsh	r4, [sp, #118]
ARM GAS  /var/folders/lp/x54gwt890xv47sdkqj1k04q40000gn/T//ccNwCs0J.s 			page 5


 230 0208 0E9A     		ldr	r2, [sp, #56]
 231 020a 0136     		adds	r6, r6, #1
 232 020c F61A     		subs	r6, r6, r3
 233 020e 0BFB0433 		mla	r3, fp, r4, r3
 234 0212 02EB4307 		add	r7, r2, r3, lsl #1
 235 0216 BDF97A30 		ldrsh	r3, [sp, #122]
 236 021a 36B2     		sxth	r6, r6
 237 021c 4FEA4B09 		lsl	r9, fp, #1
 238 0220 A342     		cmp	r3, r4
 239 0222 4FEA4606 		lsl	r6, r6, #1
 240 0226 0FFA89F9 		sxth	r9, r9
 241 022a 0DDB     		blt	.L22
 242 022c 089D     		ldr	r5, [sp, #32]
 243              	.L21:
 244 022e 3946     		mov	r1, r7
 245 0230 2846     		mov	r0, r5
 246 0232 3246     		mov	r2, r6
 247 0234 FFF7FEFF 		bl	lv_memcpy
 248 0238 0134     		adds	r4, r4, #1
 249 023a BDF97A30 		ldrsh	r3, [sp, #122]
 250 023e 24B2     		sxth	r4, r4
 251 0240 A342     		cmp	r3, r4
 252 0242 4F44     		add	r7, r7, r9
 253 0244 3544     		add	r5, r5, r6
 254 0246 F2DA     		bge	.L21
 255              	.L22:
 256 0248 0B9B     		ldr	r3, [sp, #44]
 257 024a 062B     		cmp	r3, #6
 258 024c 7FF46CAF 		bne	.L13
 259 0250 B8F1000F 		cmp	r8, #0
 260 0254 3FF468AF 		beq	.L13
 261 0258 089B     		ldr	r3, [sp, #32]
 262 025a 099A     		ldr	r2, [sp, #36]
 263 025c 023B     		subs	r3, r3, #2
 264 025e 03EB4808 		add	r8, r3, r8, lsl #1
 265 0262 4EF20700 		movw	r0, #57351
 266 0266 0024     		movs	r4, #0
 267              	.L24:
 268 0268 33F8021F 		ldrh	r1, [r3, #2]!
 269 026c 8142     		cmp	r1, r0
 270 026e 08BF     		it	eq
 271 0270 1470     		strbeq	r4, [r2]
 272 0272 9845     		cmp	r8, r3
 273 0274 02F10102 		add	r2, r2, #1
 274 0278 F6D1     		bne	.L24
 275 027a 069B     		ldr	r3, [sp, #24]
 276 027c 9C7A     		ldrb	r4, [r3, #10]	@ zero_extendqisi2
 277 027e 022C     		cmp	r4, #2
 278 0280 7FF657AF 		bls	.L31
 279              	.L62:
 280 0284 5E7A     		ldrb	r6, [r3, #9]	@ zero_extendqisi2
 281 0286 1D7A     		ldrb	r5, [r3, #8]	@ zero_extendqisi2
 282 0288 7709     		lsrs	r7, r6, #5
 283 028a 05F00703 		and	r3, r5, #7
 284 028e 07EBC307 		add	r7, r7, r3, lsl #3
 285 0292 ED08     		lsrs	r5, r5, #3
 286 0294 06F01F06 		and	r6, r6, #31
ARM GAS  /var/folders/lp/x54gwt890xv47sdkqj1k04q40000gn/T//ccNwCs0J.s 			page 6


 287 0298 139B     		ldr	r3, [sp, #76]
 288 029a 04FB05F5 		mul	r5, r4, r5
 289 029e 04FB07F7 		mul	r7, r4, r7
 290 02a2 04FB06F6 		mul	r6, r4, r6
 291 02a6 E443     		mvns	r4, r4
 292 02a8 E4B2     		uxtb	r4, r4
 293 02aa 002B     		cmp	r3, #0
 294 02ac 3FF441AF 		beq	.L31
 295 02b0 0898     		ldr	r0, [sp, #32]
 296 02b2 1499     		ldr	r1, [sp, #80]
 297              	.L33:
 298 02b4 90F800C0 		ldrb	ip, [r0]	@ zero_extendqisi2
 299 02b8 4278     		ldrb	r2, [r0, #1]	@ zero_extendqisi2
 300 02ba 0CF0070E 		and	lr, ip, #7
 301 02be 5309     		lsrs	r3, r2, #5
 302 02c0 03EBCE03 		add	r3, r3, lr, lsl #3
 303 02c4 04FB0373 		mla	r3, r4, r3, r7
 304 02c8 4FEADC0C 		lsr	ip, ip, #3
 305 02cc 0CFB045C 		mla	ip, ip, r4, r5
 306 02d0 03EB032E 		add	lr, r3, r3, lsl #8
 307 02d4 03EBCE13 		add	r3, r3, lr, lsl #7
 308 02d8 02F01F02 		and	r2, r2, #31
 309 02dc 0CEB0C2E 		add	lr, ip, ip, lsl #8
 310 02e0 02FB0462 		mla	r2, r2, r4, r6
 311 02e4 0CEBCE1C 		add	ip, ip, lr, lsl #7
 312 02e8 CCF3C45E 		ubfx	lr, ip, #23, #5
 313 02ec 02EB022C 		add	ip, r2, r2, lsl #8
 314 02f0 02EBCC12 		add	r2, r2, ip, lsl #7
 315 02f4 C2F3C45C 		ubfx	ip, r2, #23, #5
 316 02f8 C3F38262 		ubfx	r2, r3, #26, #3
 317 02fc 42EACE02 		orr	r2, r2, lr, lsl #3
 318 0300 42EA0C22 		orr	r2, r2, ip, lsl #8
 319 0304 DB0D     		lsrs	r3, r3, #23
 320 0306 42EA4333 		orr	r3, r2, r3, lsl #13
 321 030a 20F8023B 		strh	r3, [r0], #2	@ movhi
 322 030e 8142     		cmp	r1, r0
 323 0310 D0D1     		bne	.L33
 324 0312 0C9B     		ldr	r3, [sp, #48]
 325 0314 002B     		cmp	r3, #0
 326 0316 3FF410AF 		beq	.L38
 327              	.L35:
 328 031a BDF96E50 		ldrsh	r5, [sp, #110]
 329 031e BDF97230 		ldrsh	r3, [sp, #114]
 330 0322 AB42     		cmp	r3, r5
 331 0324 FFF609AF 		blt	.L38
 332 0328 099C     		ldr	r4, [sp, #36]
 333 032a 0BE0     		b	.L41
 334              	.L39:
 335 032c 0228     		cmp	r0, #2
 336 032e 08BF     		it	eq
 337 0330 8DF88C00 		strbeq	r0, [sp, #140]
 338              	.L40:
 339 0334 BDF97230 		ldrsh	r3, [sp, #114]
 340 0338 0135     		adds	r5, r5, #1
 341 033a 2DB2     		sxth	r5, r5
 342 033c AB42     		cmp	r3, r5
 343 033e 5444     		add	r4, r4, r10
ARM GAS  /var/folders/lp/x54gwt890xv47sdkqj1k04q40000gn/T//ccNwCs0J.s 			page 7


 344 0340 FFF6FBAE 		blt	.L38
 345              	.L41:
 346 0344 BDF96C10 		ldrsh	r1, [sp, #108]
 347 0348 5346     		mov	r3, r10
 348 034a 2A46     		mov	r2, r5
 349 034c 2046     		mov	r0, r4
 350 034e FFF7FEFF 		bl	lv_draw_mask_apply
 351 0352 0028     		cmp	r0, #0
 352 0354 EAD1     		bne	.L39
 353 0356 5146     		mov	r1, r10
 354 0358 2046     		mov	r0, r4
 355 035a FFF7FEFF 		bl	lv_memset_00
 356 035e 4FF00203 		mov	r3, #2
 357 0362 8DF88C30 		strb	r3, [sp, #140]
 358 0366 E5E7     		b	.L40
 359              	.L60:
 360 0368 44F30F43 		sbfx	r3, r4, #16, #16
 361 036c C3EB2643 		rsb	r3, r3, r6, asr #16
 362 0370 0133     		adds	r3, r3, #1
 363 0372 1DB2     		sxth	r5, r3
 364 0374 96E6     		b	.L9
 365              	.L14:
 366 0376 BDF87A60 		ldrh	r6, [sp, #122]
 367 037a BDF87870 		ldrh	r7, [sp, #120]
 368 037e BDF97420 		ldrsh	r2, [sp, #116]
 369 0382 BDF97630 		ldrsh	r3, [sp, #118]
 370 0386 0136     		adds	r6, r6, #1
 371 0388 0137     		adds	r7, r7, #1
 372 038a F61A     		subs	r6, r6, r3
 373 038c BF1A     		subs	r7, r7, r2
 374 038e 0BFB0323 		mla	r3, fp, r3, r2
 375 0392 0E9A     		ldr	r2, [sp, #56]
 376 0394 36B2     		sxth	r6, r6
 377 0396 02EB4309 		add	r9, r2, r3, lsl #1
 378 039a 002E     		cmp	r6, #0
 379 039c 4FEA4B03 		lsl	r3, fp, #1
 380 03a0 3FB2     		sxth	r7, r7
 381 03a2 1AB2     		sxth	r2, r3
 382 03a4 7FF7C0AE 		ble	.L13
 383 03a8 4FEA4708 		lsl	r8, r7, #1
 384 03ac 089D     		ldr	r5, [sp, #32]
 385 03ae 1697     		str	r7, [sp, #88]
 386 03b0 0024     		movs	r4, #0
 387 03b2 4746     		mov	r7, r8
 388 03b4 9046     		mov	r8, r2
 389              	.L29:
 390 03b6 4946     		mov	r1, r9
 391 03b8 2846     		mov	r0, r5
 392 03ba 3A46     		mov	r2, r7
 393 03bc 0134     		adds	r4, r4, #1
 394 03be FFF7FEFF 		bl	lv_memcpy
 395 03c2 23B2     		sxth	r3, r4
 396 03c4 B342     		cmp	r3, r6
 397 03c6 3D44     		add	r5, r5, r7
 398 03c8 C144     		add	r9, r9, r8
 399 03ca F4DB     		blt	.L29
 400 03cc BDF97430 		ldrsh	r3, [sp, #116]
ARM GAS  /var/folders/lp/x54gwt890xv47sdkqj1k04q40000gn/T//ccNwCs0J.s 			page 8


 401 03d0 BDF87680 		ldrh	r8, [sp, #118]
 402 03d4 169F     		ldr	r7, [sp, #88]
 403 03d6 099D     		ldr	r5, [sp, #36]
 404 03d8 1BFB0838 		smlabb	r8, fp, r8, r3
 405 03dc 119B     		ldr	r3, [sp, #68]
 406 03de 0BFB03F3 		mul	r3, fp, r3
 407 03e2 08EB4308 		add	r8, r8, r3, lsl #1
 408 03e6 0E9B     		ldr	r3, [sp, #56]
 409 03e8 0024     		movs	r4, #0
 410 03ea 9844     		add	r8, r8, r3
 411              	.L30:
 412 03ec 4146     		mov	r1, r8
 413 03ee 2846     		mov	r0, r5
 414 03f0 3A46     		mov	r2, r7
 415 03f2 0134     		adds	r4, r4, #1
 416 03f4 FFF7FEFF 		bl	lv_memcpy
 417 03f8 23B2     		sxth	r3, r4
 418 03fa B342     		cmp	r3, r6
 419 03fc 3D44     		add	r5, r5, r7
 420 03fe D844     		add	r8, r8, fp
 421 0400 F4DB     		blt	.L30
 422 0402 91E6     		b	.L13
 423              	.L17:
 424 0404 BDF87A90 		ldrh	r9, [sp, #122]
 425 0408 BDF97420 		ldrsh	r2, [sp, #116]
 426 040c BDF97650 		ldrsh	r5, [sp, #118]
 427 0410 BDF87830 		ldrh	r3, [sp, #120]
 428 0414 0E99     		ldr	r1, [sp, #56]
 429 0416 09F10109 		add	r9, r9, #1
 430 041a A9EB0509 		sub	r9, r9, r5
 431 041e 0BFB0525 		mla	r5, fp, r5, r2
 432 0422 92B2     		uxth	r2, r2
 433 0424 A2EB0308 		sub	r8, r2, r3
 434 0428 5E1C     		adds	r6, r3, #1
 435 042a 159B     		ldr	r3, [sp, #84]
 436 042c 0FFA89F9 		sxth	r9, r9
 437 0430 9844     		add	r8, r8, r3
 438 0432 B61A     		subs	r6, r6, r2
 439 0434 05EB4505 		add	r5, r5, r5, lsl #1
 440 0438 08EB4808 		add	r8, r8, r8, lsl #1
 441 043c B9F1000F 		cmp	r9, #0
 442 0440 B3B2     		uxth	r3, r6
 443 0442 0D44     		add	r5, r5, r1
 444 0444 0FFA88F8 		sxth	r8, r8
 445 0448 36B2     		sxth	r6, r6
 446 044a 7FF76DAE 		ble	.L13
 447 044e 5C1E     		subs	r4, r3, #1
 448 0450 A4B2     		uxth	r4, r4
 449 0452 099A     		ldr	r2, [sp, #36]
 450 0454 DDF820E0 		ldr	lr, [sp, #32]
 451 0458 631C     		adds	r3, r4, #1
 452 045a 03EB4303 		add	r3, r3, r3, lsl #1
 453 045e 7100     		lsls	r1, r6, #1
 454 0460 CDE916AB 		strd	r10, fp, [sp, #88]
 455 0464 1444     		add	r4, r4, r2
 456 0466 9446     		mov	ip, r2
 457 0468 0027     		movs	r7, #0
ARM GAS  /var/folders/lp/x54gwt890xv47sdkqj1k04q40000gn/T//ccNwCs0J.s 			page 9


 458 046a 9B46     		mov	fp, r3
 459 046c 8A46     		mov	r10, r1
 460              	.L25:
 461 046e 002E     		cmp	r6, #0
 462 0470 0EDD     		ble	.L28
 463 0472 0CF1FF32 		add	r2, ip, #-1
 464 0476 AEF10201 		sub	r1, lr, #2
 465 047a 2B46     		mov	r3, r5
 466              	.L26:
 467 047c 9878     		ldrb	r0, [r3, #2]	@ zero_extendqisi2
 468 047e 02F8010F 		strb	r0, [r2, #1]!
 469 0482 33F8030B 		ldrh	r0, [r3], #3	@ unaligned
 470 0486 21F8020F 		strh	r0, [r1, #2]!	@ movhi
 471 048a 9442     		cmp	r4, r2
 472 048c F6D1     		bne	.L26
 473 048e 5D44     		add	r5, r5, fp
 474              	.L28:
 475 0490 0137     		adds	r7, r7, #1
 476 0492 3BB2     		sxth	r3, r7
 477 0494 4B45     		cmp	r3, r9
 478 0496 D644     		add	lr, lr, r10
 479 0498 B444     		add	ip, ip, r6
 480 049a 4544     		add	r5, r5, r8
 481 049c 3444     		add	r4, r4, r6
 482 049e E6DB     		blt	.L25
 483 04a0 DDE916AB 		ldrd	r10, fp, [sp, #88]
 484 04a4 40E6     		b	.L13
 485              	.L37:
 486 04a6 0998     		ldr	r0, [sp, #36]
 487 04a8 FFF7FEFF 		bl	lv_mem_buf_release
 488 04ac 0898     		ldr	r0, [sp, #32]
 489 04ae FFF7FEFF 		bl	lv_mem_buf_release
 490              	.L1:
 491 04b2 27B0     		add	sp, sp, #156
 492              		@ sp needed
 493 04b4 BDE8F08F 		pop	{r4, r5, r6, r7, r8, r9, r10, fp, pc}
 494              	.L61:
 495 04b8 DBF80030 		ldr	r3, [fp]
 496 04bc B3F1807F 		cmp	r3, #16777216
 497 04c0 14BF     		ite	ne
 498 04c2 0223     		movne	r3, #2
 499 04c4 0123     		moveq	r3, #1
 500 04c6 0EE6     		b	.L10
 501              	.L59:
 502 04c8 0B9B     		ldr	r3, [sp, #44]
 503 04ca 042B     		cmp	r3, #4
 504 04cc 27D0     		beq	.L64
 505 04ce 0B9B     		ldr	r3, [sp, #44]
 506 04d0 0E2B     		cmp	r3, #14
 507 04d2 32D0     		beq	.L65
 508 04d4 0B9B     		ldr	r3, [sp, #44]
 509 04d6 142B     		cmp	r3, #20
 510 04d8 7FF4BEAD 		bne	.L2
 511 04dc 9BF80A30 		ldrb	r3, [fp, #10]	@ zero_extendqisi2
 512 04e0 002B     		cmp	r3, #0
 513 04e2 7FF4B9AD 		bne	.L2
 514 04e6 0A9D     		ldr	r5, [sp, #40]
ARM GAS  /var/folders/lp/x54gwt890xv47sdkqj1k04q40000gn/T//ccNwCs0J.s 			page 10


 515 04e8 0E9E     		ldr	r6, [sp, #56]
 516 04ea B5F90630 		ldrsh	r3, [r5, #6]
 517 04ee B5F90240 		ldrsh	r4, [r5, #2]
 518 04f2 AA88     		ldrh	r2, [r5, #4]
 519 04f4 0798     		ldr	r0, [sp, #28]
 520 04f6 2495     		str	r5, [sp, #144]
 521 04f8 0133     		adds	r3, r3, #1
 522 04fa 1B1B     		subs	r3, r3, r4
 523 04fc 2C88     		ldrh	r4, [r5]
 524 04fe 0132     		adds	r2, r2, #1
 525 0500 121B     		subs	r2, r2, r4
 526 0502 13FB02F3 		smulbb	r3, r3, r2
 527 0506 06EB4303 		add	r3, r6, r3, lsl #1
 528 050a 0222     		movs	r2, #2
 529 050c 1FA9     		add	r1, sp, #124
 530 050e CDE91F56 		strd	r5, r6, [sp, #124]
 531 0512 2293     		str	r3, [sp, #136]
 532 0514 8DF88C20 		strb	r2, [sp, #140]
 533 0518 FFF7FEFF 		bl	lv_draw_sw_blend
 534 051c C9E7     		b	.L1
 535              	.L64:
 536 051e 9BF80A30 		ldrb	r3, [fp, #10]	@ zero_extendqisi2
 537 0522 002B     		cmp	r3, #0
 538 0524 7FF498AD 		bne	.L2
 539 0528 0E9B     		ldr	r3, [sp, #56]
 540 052a 2093     		str	r3, [sp, #128]
 541 052c 0798     		ldr	r0, [sp, #28]
 542 052e 0A9B     		ldr	r3, [sp, #40]
 543 0530 1F93     		str	r3, [sp, #124]
 544 0532 1FA9     		add	r1, sp, #124
 545 0534 FFF7FEFF 		bl	lv_draw_sw_blend
 546 0538 BBE7     		b	.L1
 547              	.L65:
 548 053a 079C     		ldr	r4, [sp, #28]
 549 053c 0A9D     		ldr	r5, [sp, #40]
 550 053e A268     		ldr	r2, [r4, #8]
 551 0540 2946     		mov	r1, r5
 552 0542 1DA8     		add	r0, sp, #116
 553 0544 FFF7FEFF 		bl	_lv_area_intersect
 554 0548 0028     		cmp	r0, #0
 555 054a B2D0     		beq	.L1
 556 054c 0E9B     		ldr	r3, [sp, #56]
 557 054e 2293     		str	r3, [sp, #136]
 558 0550 0C9B     		ldr	r3, [sp, #48]
 559 0552 BBF80820 		ldrh	r2, [fp, #8]
 560 0556 2093     		str	r3, [sp, #128]
 561 0558 1FA9     		add	r1, sp, #124
 562 055a 0223     		movs	r3, #2
 563 055c 2046     		mov	r0, r4
 564 055e 2495     		str	r5, [sp, #144]
 565 0560 ADF88420 		strh	r2, [sp, #132]	@ movhi
 566 0564 8DF88C30 		strb	r3, [sp, #140]
 567 0568 1F95     		str	r5, [sp, #124]
 568 056a FFF7FEFF 		bl	lv_draw_sw_blend
 569 056e A0E7     		b	.L1
 571              		.ident	"GCC: (xPack GNU Arm Embedded GCC arm64) 13.3.1 20240614"
ARM GAS  /var/folders/lp/x54gwt890xv47sdkqj1k04q40000gn/T//ccNwCs0J.s 			page 11


DEFINED SYMBOLS
                            *ABS*:00000000 lv_draw_sw_img.c
/var/folders/lp/x54gwt890xv47sdkqj1k04q40000gn/T//ccNwCs0J.s:18     .text.lv_draw_sw_img_decoded:00000000 $t
/var/folders/lp/x54gwt890xv47sdkqj1k04q40000gn/T//ccNwCs0J.s:25     .text.lv_draw_sw_img_decoded:00000000 lv_draw_sw_img_decoded
/var/folders/lp/x54gwt890xv47sdkqj1k04q40000gn/T//ccNwCs0J.s:202    .text.lv_draw_sw_img_decoded:000001a8 $d
/var/folders/lp/x54gwt890xv47sdkqj1k04q40000gn/T//ccNwCs0J.s:219    .text.lv_draw_sw_img_decoded:000001ec $t

UNDEFINED SYMBOLS
lv_draw_mask_is_any
lv_memset_00
_lv_refr_get_disp_refreshing
lv_disp_get_hor_res
lv_area_get_size
lv_mem_buf_get
lv_draw_transform
lv_draw_sw_blend
lv_area_move
lv_memset_ff
lv_memcpy
lv_draw_mask_apply
lv_mem_buf_release
_lv_area_intersect
