ARM GAS  /var/folders/lp/x54gwt890xv47sdkqj1k04q40000gn/T//ccctW6JE.s 			page 1


   1              		.cpu cortex-m4
   2              		.arch armv7e-m
   3              		.fpu fpv4-sp-d16
   4              		.eabi_attribute 27, 1
   5              		.eabi_attribute 28, 1
   6              		.eabi_attribute 20, 1
   7              		.eabi_attribute 21, 1
   8              		.eabi_attribute 23, 3
   9              		.eabi_attribute 24, 1
  10              		.eabi_attribute 25, 1
  11              		.eabi_attribute 26, 1
  12              		.eabi_attribute 30, 2
  13              		.eabi_attribute 34, 1
  14              		.eabi_attribute 18, 4
  15              		.file	"lv_draw_triangle.c"
  16              		.text
  17              		.section	.text.lv_draw_polygon,"ax",%progbits
  18              		.align	1
  19              		.p2align 2,,3
  20              		.global	lv_draw_polygon
  21              		.syntax unified
  22              		.thumb
  23              		.thumb_func
  25              	lv_draw_polygon:
  26              		@ args = 0, pretend = 0, frame = 0
  27              		@ frame_needed = 0, uses_anonymous_args = 0
  28              		@ link register save eliminated.
  29 0000 10B4     		push	{r4}
  30 0002 846A     		ldr	r4, [r0, #40]
  31 0004 A446     		mov	ip, r4
  32 0006 5DF8044B 		ldr	r4, [sp], #4
  33 000a 6047     		bx	ip	@ indirect register sibling call
  35              		.section	.text.lv_draw_triangle,"ax",%progbits
  36              		.align	1
  37              		.p2align 2,,3
  38              		.global	lv_draw_triangle
  39              		.syntax unified
  40              		.thumb
  41              		.thumb_func
  43              	lv_draw_triangle:
  44              		@ args = 0, pretend = 0, frame = 0
  45              		@ frame_needed = 0, uses_anonymous_args = 0
  46              		@ link register save eliminated.
  47 0000 10B4     		push	{r4}
  48 0002 846A     		ldr	r4, [r0, #40]
  49 0004 0323     		movs	r3, #3
  50 0006 A446     		mov	ip, r4
  51 0008 5DF8044B 		ldr	r4, [sp], #4
  52 000c 6047     		bx	ip	@ indirect register sibling call
  54 000e 00BF     		.ident	"GCC: (xPack GNU Arm Embedded GCC arm64) 13.3.1 20240614"
ARM GAS  /var/folders/lp/x54gwt890xv47sdkqj1k04q40000gn/T//ccctW6JE.s 			page 2


DEFINED SYMBOLS
                            *ABS*:00000000 lv_draw_triangle.c
/var/folders/lp/x54gwt890xv47sdkqj1k04q40000gn/T//ccctW6JE.s:18     .text.lv_draw_polygon:00000000 $t
/var/folders/lp/x54gwt890xv47sdkqj1k04q40000gn/T//ccctW6JE.s:25     .text.lv_draw_polygon:00000000 lv_draw_polygon
/var/folders/lp/x54gwt890xv47sdkqj1k04q40000gn/T//ccctW6JE.s:36     .text.lv_draw_triangle:00000000 $t
/var/folders/lp/x54gwt890xv47sdkqj1k04q40000gn/T//ccctW6JE.s:43     .text.lv_draw_triangle:00000000 lv_draw_triangle

NO UNDEFINED SYMBOLS
