ARM GAS  /var/folders/lp/x54gwt890xv47sdkqj1k04q40000gn/T//ccEM5S2N.s 			page 1


   1              		.cpu cortex-m4
   2              		.arch armv7e-m
   3              		.fpu fpv4-sp-d16
   4              		.eabi_attribute 27, 1
   5              		.eabi_attribute 28, 1
   6              		.eabi_attribute 20, 1
   7              		.eabi_attribute 21, 1
   8              		.eabi_attribute 23, 3
   9              		.eabi_attribute 24, 1
  10              		.eabi_attribute 25, 1
  11              		.eabi_attribute 26, 1
  12              		.eabi_attribute 30, 2
  13              		.eabi_attribute 34, 1
  14              		.eabi_attribute 18, 4
  15              		.file	"lv_draw_line.c"
  16              		.text
  17              		.section	.text.lv_draw_line_dsc_init,"ax",%progbits
  18              		.align	1
  19              		.p2align 2,,3
  20              		.global	lv_draw_line_dsc_init
  21              		.syntax unified
  22              		.thumb
  23              		.thumb_func
  25              	lv_draw_line_dsc_init:
  26              		@ args = 0, pretend = 0, frame = 0
  27              		@ frame_needed = 0, uses_anonymous_args = 0
  28 0000 10B5     		push	{r4, lr}
  29 0002 0A21     		movs	r1, #10
  30 0004 0446     		mov	r4, r0
  31 0006 FFF7FEFF 		bl	lv_memset_00
  32 000a FF21     		movs	r1, #255
  33 000c 0022     		movs	r2, #0
  34 000e 0123     		movs	r3, #1
  35 0010 2172     		strb	r1, [r4, #8]
  36 0012 2280     		strh	r2, [r4]	@ movhi
  37 0014 6380     		strh	r3, [r4, #2]	@ movhi
  38 0016 10BD     		pop	{r4, pc}
  40              		.section	.text.lv_draw_line,"ax",%progbits
  41              		.align	1
  42              		.p2align 2,,3
  43              		.global	lv_draw_line
  44              		.syntax unified
  45              		.thumb
  46              		.thumb_func
  48              	lv_draw_line:
  49              		@ args = 0, pretend = 0, frame = 0
  50              		@ frame_needed = 0, uses_anonymous_args = 0
  51 0000 10B5     		push	{r4, lr}
  52 0002 B1F90240 		ldrsh	r4, [r1, #2]
  53 0006 3CB1     		cbz	r4, .L4
  54 0008 0C7A     		ldrb	r4, [r1, #8]	@ zero_extendqisi2
  55 000a 022C     		cmp	r4, #2
  56 000c 04D9     		bls	.L4
  57 000e 446A     		ldr	r4, [r0, #36]
  58 0010 A446     		mov	ip, r4
  59 0012 BDE81040 		pop	{r4, lr}
  60 0016 6047     		bx	ip	@ indirect register sibling call
ARM GAS  /var/folders/lp/x54gwt890xv47sdkqj1k04q40000gn/T//ccEM5S2N.s 			page 2


  61              	.L4:
  62 0018 10BD     		pop	{r4, pc}
  64 001a 00BF     		.ident	"GCC: (xPack GNU Arm Embedded GCC arm64) 13.3.1 20240614"
ARM GAS  /var/folders/lp/x54gwt890xv47sdkqj1k04q40000gn/T//ccEM5S2N.s 			page 3


DEFINED SYMBOLS
                            *ABS*:00000000 lv_draw_line.c
/var/folders/lp/x54gwt890xv47sdkqj1k04q40000gn/T//ccEM5S2N.s:18     .text.lv_draw_line_dsc_init:00000000 $t
/var/folders/lp/x54gwt890xv47sdkqj1k04q40000gn/T//ccEM5S2N.s:25     .text.lv_draw_line_dsc_init:00000000 lv_draw_line_dsc_init
/var/folders/lp/x54gwt890xv47sdkqj1k04q40000gn/T//ccEM5S2N.s:41     .text.lv_draw_line:00000000 $t
/var/folders/lp/x54gwt890xv47sdkqj1k04q40000gn/T//ccEM5S2N.s:48     .text.lv_draw_line:00000000 lv_draw_line

UNDEFINED SYMBOLS
lv_memset_00
