ARM GAS  /var/folders/lp/x54gwt890xv47sdkqj1k04q40000gn/T//ccqKyAjp.s 			page 1


   1              		.cpu cortex-m4
   2              		.arch armv7e-m
   3              		.fpu fpv4-sp-d16
   4              		.eabi_attribute 27, 1
   5              		.eabi_attribute 28, 1
   6              		.eabi_attribute 20, 1
   7              		.eabi_attribute 21, 1
   8              		.eabi_attribute 23, 3
   9              		.eabi_attribute 24, 1
  10              		.eabi_attribute 25, 1
  11              		.eabi_attribute 26, 1
  12              		.eabi_attribute 30, 2
  13              		.eabi_attribute 34, 1
  14              		.eabi_attribute 18, 4
  15              		.file	"lv_hal_tick.c"
  16              		.text
  17              		.section	.text.lv_tick_inc,"ax",%progbits
  18              		.align	1
  19              		.p2align 2,,3
  20              		.global	lv_tick_inc
  21              		.syntax unified
  22              		.thumb
  23              		.thumb_func
  25              	lv_tick_inc:
  26              		@ args = 0, pretend = 0, frame = 0
  27              		@ frame_needed = 0, uses_anonymous_args = 0
  28              		@ link register save eliminated.
  29 0000 044A     		ldr	r2, .L3
  30 0002 0549     		ldr	r1, .L3+4
  31 0004 1368     		ldr	r3, [r2]
  32 0006 4FF0000C 		mov	ip, #0
  33 000a 0344     		add	r3, r3, r0
  34 000c 81F800C0 		strb	ip, [r1]
  35 0010 1360     		str	r3, [r2]
  36 0012 7047     		bx	lr
  37              	.L4:
  38              		.align	2
  39              	.L3:
  40 0014 00000000 		.word	sys_time
  41 0018 00000000 		.word	tick_irq_flag
  43              		.section	.text.lv_tick_get,"ax",%progbits
  44              		.align	1
  45              		.p2align 2,,3
  46              		.global	lv_tick_get
  47              		.syntax unified
  48              		.thumb
  49              		.thumb_func
  51              	lv_tick_get:
  52              		@ args = 0, pretend = 0, frame = 0
  53              		@ frame_needed = 0, uses_anonymous_args = 0
  54              		@ link register save eliminated.
  55 0000 044A     		ldr	r2, .L9
  56 0002 054B     		ldr	r3, .L9+4
  57 0004 1068     		ldr	r0, [r2]
  58 0006 0121     		movs	r1, #1
  59              	.L6:
  60 0008 1970     		strb	r1, [r3]
ARM GAS  /var/folders/lp/x54gwt890xv47sdkqj1k04q40000gn/T//ccqKyAjp.s 			page 2


  61 000a 1A78     		ldrb	r2, [r3]	@ zero_extendqisi2
  62 000c 002A     		cmp	r2, #0
  63 000e FBD0     		beq	.L6
  64 0010 7047     		bx	lr
  65              	.L10:
  66 0012 00BF     		.align	2
  67              	.L9:
  68 0014 00000000 		.word	sys_time
  69 0018 00000000 		.word	tick_irq_flag
  71              		.section	.text.lv_tick_elaps,"ax",%progbits
  72              		.align	1
  73              		.p2align 2,,3
  74              		.global	lv_tick_elaps
  75              		.syntax unified
  76              		.thumb
  77              		.thumb_func
  79              	lv_tick_elaps:
  80              		@ args = 0, pretend = 0, frame = 0
  81              		@ frame_needed = 0, uses_anonymous_args = 0
  82              		@ link register save eliminated.
  83 0000 064B     		ldr	r3, .L16
  84 0002 10B4     		push	{r4}
  85 0004 1C68     		ldr	r4, [r3]
  86 0006 064B     		ldr	r3, .L16+4
  87 0008 0121     		movs	r1, #1
  88              	.L12:
  89 000a 1970     		strb	r1, [r3]
  90 000c 1A78     		ldrb	r2, [r3]	@ zero_extendqisi2
  91 000e 002A     		cmp	r2, #0
  92 0010 FBD0     		beq	.L12
  93 0012 201A     		subs	r0, r4, r0
  94 0014 5DF8044B 		ldr	r4, [sp], #4
  95 0018 7047     		bx	lr
  96              	.L17:
  97 001a 00BF     		.align	2
  98              	.L16:
  99 001c 00000000 		.word	sys_time
 100 0020 00000000 		.word	tick_irq_flag
 102              		.section	.bss.tick_irq_flag,"aw",%nobits
 105              	tick_irq_flag:
 106 0000 00       		.space	1
 107              		.section	.bss.sys_time,"aw",%nobits
 108              		.align	2
 111              	sys_time:
 112 0000 00000000 		.space	4
 113              		.ident	"GCC: (xPack GNU Arm Embedded GCC arm64) 13.3.1 20240614"
ARM GAS  /var/folders/lp/x54gwt890xv47sdkqj1k04q40000gn/T//ccqKyAjp.s 			page 3


DEFINED SYMBOLS
                            *ABS*:00000000 lv_hal_tick.c
/var/folders/lp/x54gwt890xv47sdkqj1k04q40000gn/T//ccqKyAjp.s:18     .text.lv_tick_inc:00000000 $t
/var/folders/lp/x54gwt890xv47sdkqj1k04q40000gn/T//ccqKyAjp.s:25     .text.lv_tick_inc:00000000 lv_tick_inc
/var/folders/lp/x54gwt890xv47sdkqj1k04q40000gn/T//ccqKyAjp.s:40     .text.lv_tick_inc:00000014 $d
/var/folders/lp/x54gwt890xv47sdkqj1k04q40000gn/T//ccqKyAjp.s:111    .bss.sys_time:00000000 sys_time
/var/folders/lp/x54gwt890xv47sdkqj1k04q40000gn/T//ccqKyAjp.s:105    .bss.tick_irq_flag:00000000 tick_irq_flag
/var/folders/lp/x54gwt890xv47sdkqj1k04q40000gn/T//ccqKyAjp.s:44     .text.lv_tick_get:00000000 $t
/var/folders/lp/x54gwt890xv47sdkqj1k04q40000gn/T//ccqKyAjp.s:51     .text.lv_tick_get:00000000 lv_tick_get
/var/folders/lp/x54gwt890xv47sdkqj1k04q40000gn/T//ccqKyAjp.s:68     .text.lv_tick_get:00000014 $d
/var/folders/lp/x54gwt890xv47sdkqj1k04q40000gn/T//ccqKyAjp.s:72     .text.lv_tick_elaps:00000000 $t
/var/folders/lp/x54gwt890xv47sdkqj1k04q40000gn/T//ccqKyAjp.s:79     .text.lv_tick_elaps:00000000 lv_tick_elaps
/var/folders/lp/x54gwt890xv47sdkqj1k04q40000gn/T//ccqKyAjp.s:99     .text.lv_tick_elaps:0000001c $d
/var/folders/lp/x54gwt890xv47sdkqj1k04q40000gn/T//ccqKyAjp.s:106    .bss.tick_irq_flag:00000000 $d
/var/folders/lp/x54gwt890xv47sdkqj1k04q40000gn/T//ccqKyAjp.s:108    .bss.sys_time:00000000 $d

NO UNDEFINED SYMBOLS
