ARM GAS  /var/folders/lp/x54gwt890xv47sdkqj1k04q40000gn/T//ccZfGIQi.s 			page 1


   1              		.cpu cortex-m4
   2              		.arch armv7e-m
   3              		.fpu fpv4-sp-d16
   4              		.eabi_attribute 27, 1
   5              		.eabi_attribute 28, 1
   6              		.eabi_attribute 20, 1
   7              		.eabi_attribute 21, 1
   8              		.eabi_attribute 23, 3
   9              		.eabi_attribute 24, 1
  10              		.eabi_attribute 25, 1
  11              		.eabi_attribute 26, 1
  12              		.eabi_attribute 30, 2
  13              		.eabi_attribute 34, 1
  14              		.eabi_attribute 18, 4
  15              		.file	"lv_obj_style_gen.c"
  16              		.text
  17              		.section	.text.lv_obj_set_style_width,"ax",%progbits
  18              		.align	1
  19              		.p2align 2,,3
  20              		.global	lv_obj_set_style_width
  21              		.syntax unified
  22              		.thumb
  23              		.thumb_func
  25              	lv_obj_set_style_width:
  26              		@ args = 0, pretend = 0, frame = 0
  27              		@ frame_needed = 0, uses_anonymous_args = 0
  28              		@ link register save eliminated.
  29 0000 1346     		mov	r3, r2
  30 0002 0A46     		mov	r2, r1
  31 0004 0121     		movs	r1, #1
  32 0006 FFF7FEBF 		b	lv_obj_set_local_style_prop
  34 000a 00BF     		.section	.text.lv_obj_set_style_min_width,"ax",%progbits
  35              		.align	1
  36              		.p2align 2,,3
  37              		.global	lv_obj_set_style_min_width
  38              		.syntax unified
  39              		.thumb
  40              		.thumb_func
  42              	lv_obj_set_style_min_width:
  43              		@ args = 0, pretend = 0, frame = 0
  44              		@ frame_needed = 0, uses_anonymous_args = 0
  45              		@ link register save eliminated.
  46 0000 1346     		mov	r3, r2
  47 0002 0A46     		mov	r2, r1
  48 0004 0221     		movs	r1, #2
  49 0006 FFF7FEBF 		b	lv_obj_set_local_style_prop
  51 000a 00BF     		.section	.text.lv_obj_set_style_max_width,"ax",%progbits
  52              		.align	1
  53              		.p2align 2,,3
  54              		.global	lv_obj_set_style_max_width
  55              		.syntax unified
  56              		.thumb
  57              		.thumb_func
  59              	lv_obj_set_style_max_width:
  60              		@ args = 0, pretend = 0, frame = 0
  61              		@ frame_needed = 0, uses_anonymous_args = 0
  62              		@ link register save eliminated.
ARM GAS  /var/folders/lp/x54gwt890xv47sdkqj1k04q40000gn/T//ccZfGIQi.s 			page 2


  63 0000 1346     		mov	r3, r2
  64 0002 0A46     		mov	r2, r1
  65 0004 0321     		movs	r1, #3
  66 0006 FFF7FEBF 		b	lv_obj_set_local_style_prop
  68 000a 00BF     		.section	.text.lv_obj_set_style_height,"ax",%progbits
  69              		.align	1
  70              		.p2align 2,,3
  71              		.global	lv_obj_set_style_height
  72              		.syntax unified
  73              		.thumb
  74              		.thumb_func
  76              	lv_obj_set_style_height:
  77              		@ args = 0, pretend = 0, frame = 0
  78              		@ frame_needed = 0, uses_anonymous_args = 0
  79              		@ link register save eliminated.
  80 0000 1346     		mov	r3, r2
  81 0002 0A46     		mov	r2, r1
  82 0004 0421     		movs	r1, #4
  83 0006 FFF7FEBF 		b	lv_obj_set_local_style_prop
  85 000a 00BF     		.section	.text.lv_obj_set_style_min_height,"ax",%progbits
  86              		.align	1
  87              		.p2align 2,,3
  88              		.global	lv_obj_set_style_min_height
  89              		.syntax unified
  90              		.thumb
  91              		.thumb_func
  93              	lv_obj_set_style_min_height:
  94              		@ args = 0, pretend = 0, frame = 0
  95              		@ frame_needed = 0, uses_anonymous_args = 0
  96              		@ link register save eliminated.
  97 0000 1346     		mov	r3, r2
  98 0002 0A46     		mov	r2, r1
  99 0004 0521     		movs	r1, #5
 100 0006 FFF7FEBF 		b	lv_obj_set_local_style_prop
 102 000a 00BF     		.section	.text.lv_obj_set_style_max_height,"ax",%progbits
 103              		.align	1
 104              		.p2align 2,,3
 105              		.global	lv_obj_set_style_max_height
 106              		.syntax unified
 107              		.thumb
 108              		.thumb_func
 110              	lv_obj_set_style_max_height:
 111              		@ args = 0, pretend = 0, frame = 0
 112              		@ frame_needed = 0, uses_anonymous_args = 0
 113              		@ link register save eliminated.
 114 0000 1346     		mov	r3, r2
 115 0002 0A46     		mov	r2, r1
 116 0004 0621     		movs	r1, #6
 117 0006 FFF7FEBF 		b	lv_obj_set_local_style_prop
 119 000a 00BF     		.section	.text.lv_obj_set_style_x,"ax",%progbits
 120              		.align	1
 121              		.p2align 2,,3
 122              		.global	lv_obj_set_style_x
 123              		.syntax unified
 124              		.thumb
 125              		.thumb_func
 127              	lv_obj_set_style_x:
ARM GAS  /var/folders/lp/x54gwt890xv47sdkqj1k04q40000gn/T//ccZfGIQi.s 			page 3


 128              		@ args = 0, pretend = 0, frame = 0
 129              		@ frame_needed = 0, uses_anonymous_args = 0
 130              		@ link register save eliminated.
 131 0000 1346     		mov	r3, r2
 132 0002 0A46     		mov	r2, r1
 133 0004 0721     		movs	r1, #7
 134 0006 FFF7FEBF 		b	lv_obj_set_local_style_prop
 136 000a 00BF     		.section	.text.lv_obj_set_style_y,"ax",%progbits
 137              		.align	1
 138              		.p2align 2,,3
 139              		.global	lv_obj_set_style_y
 140              		.syntax unified
 141              		.thumb
 142              		.thumb_func
 144              	lv_obj_set_style_y:
 145              		@ args = 0, pretend = 0, frame = 0
 146              		@ frame_needed = 0, uses_anonymous_args = 0
 147              		@ link register save eliminated.
 148 0000 1346     		mov	r3, r2
 149 0002 0A46     		mov	r2, r1
 150 0004 0821     		movs	r1, #8
 151 0006 FFF7FEBF 		b	lv_obj_set_local_style_prop
 153 000a 00BF     		.section	.text.lv_obj_set_style_align,"ax",%progbits
 154              		.align	1
 155              		.p2align 2,,3
 156              		.global	lv_obj_set_style_align
 157              		.syntax unified
 158              		.thumb
 159              		.thumb_func
 161              	lv_obj_set_style_align:
 162              		@ args = 0, pretend = 0, frame = 0
 163              		@ frame_needed = 0, uses_anonymous_args = 0
 164              		@ link register save eliminated.
 165 0000 1346     		mov	r3, r2
 166 0002 0A46     		mov	r2, r1
 167 0004 0921     		movs	r1, #9
 168 0006 FFF7FEBF 		b	lv_obj_set_local_style_prop
 170 000a 00BF     		.section	.text.lv_obj_set_style_transform_width,"ax",%progbits
 171              		.align	1
 172              		.p2align 2,,3
 173              		.global	lv_obj_set_style_transform_width
 174              		.syntax unified
 175              		.thumb
 176              		.thumb_func
 178              	lv_obj_set_style_transform_width:
 179              		@ args = 0, pretend = 0, frame = 0
 180              		@ frame_needed = 0, uses_anonymous_args = 0
 181              		@ link register save eliminated.
 182 0000 1346     		mov	r3, r2
 183 0002 0A46     		mov	r2, r1
 184 0004 6921     		movs	r1, #105
 185 0006 FFF7FEBF 		b	lv_obj_set_local_style_prop
 187 000a 00BF     		.section	.text.lv_obj_set_style_transform_height,"ax",%progbits
 188              		.align	1
 189              		.p2align 2,,3
 190              		.global	lv_obj_set_style_transform_height
 191              		.syntax unified
ARM GAS  /var/folders/lp/x54gwt890xv47sdkqj1k04q40000gn/T//ccZfGIQi.s 			page 4


 192              		.thumb
 193              		.thumb_func
 195              	lv_obj_set_style_transform_height:
 196              		@ args = 0, pretend = 0, frame = 0
 197              		@ frame_needed = 0, uses_anonymous_args = 0
 198              		@ link register save eliminated.
 199 0000 1346     		mov	r3, r2
 200 0002 0A46     		mov	r2, r1
 201 0004 6A21     		movs	r1, #106
 202 0006 FFF7FEBF 		b	lv_obj_set_local_style_prop
 204 000a 00BF     		.section	.text.lv_obj_set_style_translate_x,"ax",%progbits
 205              		.align	1
 206              		.p2align 2,,3
 207              		.global	lv_obj_set_style_translate_x
 208              		.syntax unified
 209              		.thumb
 210              		.thumb_func
 212              	lv_obj_set_style_translate_x:
 213              		@ args = 0, pretend = 0, frame = 0
 214              		@ frame_needed = 0, uses_anonymous_args = 0
 215              		@ link register save eliminated.
 216 0000 1346     		mov	r3, r2
 217 0002 0A46     		mov	r2, r1
 218 0004 6B21     		movs	r1, #107
 219 0006 FFF7FEBF 		b	lv_obj_set_local_style_prop
 221 000a 00BF     		.section	.text.lv_obj_set_style_translate_y,"ax",%progbits
 222              		.align	1
 223              		.p2align 2,,3
 224              		.global	lv_obj_set_style_translate_y
 225              		.syntax unified
 226              		.thumb
 227              		.thumb_func
 229              	lv_obj_set_style_translate_y:
 230              		@ args = 0, pretend = 0, frame = 0
 231              		@ frame_needed = 0, uses_anonymous_args = 0
 232              		@ link register save eliminated.
 233 0000 1346     		mov	r3, r2
 234 0002 0A46     		mov	r2, r1
 235 0004 6C21     		movs	r1, #108
 236 0006 FFF7FEBF 		b	lv_obj_set_local_style_prop
 238 000a 00BF     		.section	.text.lv_obj_set_style_transform_zoom,"ax",%progbits
 239              		.align	1
 240              		.p2align 2,,3
 241              		.global	lv_obj_set_style_transform_zoom
 242              		.syntax unified
 243              		.thumb
 244              		.thumb_func
 246              	lv_obj_set_style_transform_zoom:
 247              		@ args = 0, pretend = 0, frame = 0
 248              		@ frame_needed = 0, uses_anonymous_args = 0
 249              		@ link register save eliminated.
 250 0000 1346     		mov	r3, r2
 251 0002 0A46     		mov	r2, r1
 252 0004 6D21     		movs	r1, #109
 253 0006 FFF7FEBF 		b	lv_obj_set_local_style_prop
 255 000a 00BF     		.section	.text.lv_obj_set_style_transform_angle,"ax",%progbits
 256              		.align	1
ARM GAS  /var/folders/lp/x54gwt890xv47sdkqj1k04q40000gn/T//ccZfGIQi.s 			page 5


 257              		.p2align 2,,3
 258              		.global	lv_obj_set_style_transform_angle
 259              		.syntax unified
 260              		.thumb
 261              		.thumb_func
 263              	lv_obj_set_style_transform_angle:
 264              		@ args = 0, pretend = 0, frame = 0
 265              		@ frame_needed = 0, uses_anonymous_args = 0
 266              		@ link register save eliminated.
 267 0000 1346     		mov	r3, r2
 268 0002 0A46     		mov	r2, r1
 269 0004 6E21     		movs	r1, #110
 270 0006 FFF7FEBF 		b	lv_obj_set_local_style_prop
 272 000a 00BF     		.section	.text.lv_obj_set_style_transform_pivot_x,"ax",%progbits
 273              		.align	1
 274              		.p2align 2,,3
 275              		.global	lv_obj_set_style_transform_pivot_x
 276              		.syntax unified
 277              		.thumb
 278              		.thumb_func
 280              	lv_obj_set_style_transform_pivot_x:
 281              		@ args = 0, pretend = 0, frame = 0
 282              		@ frame_needed = 0, uses_anonymous_args = 0
 283              		@ link register save eliminated.
 284 0000 1346     		mov	r3, r2
 285 0002 0A46     		mov	r2, r1
 286 0004 6F21     		movs	r1, #111
 287 0006 FFF7FEBF 		b	lv_obj_set_local_style_prop
 289 000a 00BF     		.section	.text.lv_obj_set_style_transform_pivot_y,"ax",%progbits
 290              		.align	1
 291              		.p2align 2,,3
 292              		.global	lv_obj_set_style_transform_pivot_y
 293              		.syntax unified
 294              		.thumb
 295              		.thumb_func
 297              	lv_obj_set_style_transform_pivot_y:
 298              		@ args = 0, pretend = 0, frame = 0
 299              		@ frame_needed = 0, uses_anonymous_args = 0
 300              		@ link register save eliminated.
 301 0000 1346     		mov	r3, r2
 302 0002 0A46     		mov	r2, r1
 303 0004 7021     		movs	r1, #112
 304 0006 FFF7FEBF 		b	lv_obj_set_local_style_prop
 306 000a 00BF     		.section	.text.lv_obj_set_style_pad_top,"ax",%progbits
 307              		.align	1
 308              		.p2align 2,,3
 309              		.global	lv_obj_set_style_pad_top
 310              		.syntax unified
 311              		.thumb
 312              		.thumb_func
 314              	lv_obj_set_style_pad_top:
 315              		@ args = 0, pretend = 0, frame = 0
 316              		@ frame_needed = 0, uses_anonymous_args = 0
 317              		@ link register save eliminated.
 318 0000 1346     		mov	r3, r2
 319 0002 0A46     		mov	r2, r1
 320 0004 1021     		movs	r1, #16
ARM GAS  /var/folders/lp/x54gwt890xv47sdkqj1k04q40000gn/T//ccZfGIQi.s 			page 6


 321 0006 FFF7FEBF 		b	lv_obj_set_local_style_prop
 323 000a 00BF     		.section	.text.lv_obj_set_style_pad_bottom,"ax",%progbits
 324              		.align	1
 325              		.p2align 2,,3
 326              		.global	lv_obj_set_style_pad_bottom
 327              		.syntax unified
 328              		.thumb
 329              		.thumb_func
 331              	lv_obj_set_style_pad_bottom:
 332              		@ args = 0, pretend = 0, frame = 0
 333              		@ frame_needed = 0, uses_anonymous_args = 0
 334              		@ link register save eliminated.
 335 0000 1346     		mov	r3, r2
 336 0002 0A46     		mov	r2, r1
 337 0004 1121     		movs	r1, #17
 338 0006 FFF7FEBF 		b	lv_obj_set_local_style_prop
 340 000a 00BF     		.section	.text.lv_obj_set_style_pad_left,"ax",%progbits
 341              		.align	1
 342              		.p2align 2,,3
 343              		.global	lv_obj_set_style_pad_left
 344              		.syntax unified
 345              		.thumb
 346              		.thumb_func
 348              	lv_obj_set_style_pad_left:
 349              		@ args = 0, pretend = 0, frame = 0
 350              		@ frame_needed = 0, uses_anonymous_args = 0
 351              		@ link register save eliminated.
 352 0000 1346     		mov	r3, r2
 353 0002 0A46     		mov	r2, r1
 354 0004 1221     		movs	r1, #18
 355 0006 FFF7FEBF 		b	lv_obj_set_local_style_prop
 357 000a 00BF     		.section	.text.lv_obj_set_style_pad_right,"ax",%progbits
 358              		.align	1
 359              		.p2align 2,,3
 360              		.global	lv_obj_set_style_pad_right
 361              		.syntax unified
 362              		.thumb
 363              		.thumb_func
 365              	lv_obj_set_style_pad_right:
 366              		@ args = 0, pretend = 0, frame = 0
 367              		@ frame_needed = 0, uses_anonymous_args = 0
 368              		@ link register save eliminated.
 369 0000 1346     		mov	r3, r2
 370 0002 0A46     		mov	r2, r1
 371 0004 1321     		movs	r1, #19
 372 0006 FFF7FEBF 		b	lv_obj_set_local_style_prop
 374 000a 00BF     		.section	.text.lv_obj_set_style_pad_row,"ax",%progbits
 375              		.align	1
 376              		.p2align 2,,3
 377              		.global	lv_obj_set_style_pad_row
 378              		.syntax unified
 379              		.thumb
 380              		.thumb_func
 382              	lv_obj_set_style_pad_row:
 383              		@ args = 0, pretend = 0, frame = 0
 384              		@ frame_needed = 0, uses_anonymous_args = 0
 385              		@ link register save eliminated.
ARM GAS  /var/folders/lp/x54gwt890xv47sdkqj1k04q40000gn/T//ccZfGIQi.s 			page 7


 386 0000 1346     		mov	r3, r2
 387 0002 0A46     		mov	r2, r1
 388 0004 1421     		movs	r1, #20
 389 0006 FFF7FEBF 		b	lv_obj_set_local_style_prop
 391 000a 00BF     		.section	.text.lv_obj_set_style_pad_column,"ax",%progbits
 392              		.align	1
 393              		.p2align 2,,3
 394              		.global	lv_obj_set_style_pad_column
 395              		.syntax unified
 396              		.thumb
 397              		.thumb_func
 399              	lv_obj_set_style_pad_column:
 400              		@ args = 0, pretend = 0, frame = 0
 401              		@ frame_needed = 0, uses_anonymous_args = 0
 402              		@ link register save eliminated.
 403 0000 1346     		mov	r3, r2
 404 0002 0A46     		mov	r2, r1
 405 0004 1521     		movs	r1, #21
 406 0006 FFF7FEBF 		b	lv_obj_set_local_style_prop
 408 000a 00BF     		.section	.text.lv_obj_set_style_bg_color,"ax",%progbits
 409              		.align	1
 410              		.p2align 2,,3
 411              		.global	lv_obj_set_style_bg_color
 412              		.syntax unified
 413              		.thumb
 414              		.thumb_func
 416              	lv_obj_set_style_bg_color:
 417              		@ args = 0, pretend = 0, frame = 8
 418              		@ frame_needed = 0, uses_anonymous_args = 0
 419 0000 00B5     		push	{lr}
 420 0002 4FF0000E 		mov	lr, #0
 421 0006 F446     		mov	ip, lr
 422 0008 6EF31F4C 		bfi	ip, lr, #16, #16
 423 000c 83B0     		sub	sp, sp, #12
 424 000e 61F30F0C 		bfi	ip, r1, #0, #16
 425 0012 1346     		mov	r3, r2
 426 0014 2021     		movs	r1, #32
 427 0016 6246     		mov	r2, ip
 428 0018 ADF800E0 		strh	lr, [sp]	@ movhi
 429 001c 03B0     		add	sp, sp, #12
 430              		@ sp needed
 431 001e 5DF804EB 		ldr	lr, [sp], #4
 432 0022 FFF7FEBF 		b	lv_obj_set_local_style_prop
 434 0026 00BF     		.section	.text.lv_obj_set_style_bg_opa,"ax",%progbits
 435              		.align	1
 436              		.p2align 2,,3
 437              		.global	lv_obj_set_style_bg_opa
 438              		.syntax unified
 439              		.thumb
 440              		.thumb_func
 442              	lv_obj_set_style_bg_opa:
 443              		@ args = 0, pretend = 0, frame = 0
 444              		@ frame_needed = 0, uses_anonymous_args = 0
 445              		@ link register save eliminated.
 446 0000 1346     		mov	r3, r2
 447 0002 0A46     		mov	r2, r1
 448 0004 2121     		movs	r1, #33
ARM GAS  /var/folders/lp/x54gwt890xv47sdkqj1k04q40000gn/T//ccZfGIQi.s 			page 8


 449 0006 FFF7FEBF 		b	lv_obj_set_local_style_prop
 451 000a 00BF     		.section	.text.lv_obj_set_style_bg_grad_color,"ax",%progbits
 452              		.align	1
 453              		.p2align 2,,3
 454              		.global	lv_obj_set_style_bg_grad_color
 455              		.syntax unified
 456              		.thumb
 457              		.thumb_func
 459              	lv_obj_set_style_bg_grad_color:
 460              		@ args = 0, pretend = 0, frame = 8
 461              		@ frame_needed = 0, uses_anonymous_args = 0
 462 0000 00B5     		push	{lr}
 463 0002 4FF0000E 		mov	lr, #0
 464 0006 F446     		mov	ip, lr
 465 0008 6EF31F4C 		bfi	ip, lr, #16, #16
 466 000c 83B0     		sub	sp, sp, #12
 467 000e 61F30F0C 		bfi	ip, r1, #0, #16
 468 0012 1346     		mov	r3, r2
 469 0014 2221     		movs	r1, #34
 470 0016 6246     		mov	r2, ip
 471 0018 ADF800E0 		strh	lr, [sp]	@ movhi
 472 001c 03B0     		add	sp, sp, #12
 473              		@ sp needed
 474 001e 5DF804EB 		ldr	lr, [sp], #4
 475 0022 FFF7FEBF 		b	lv_obj_set_local_style_prop
 477 0026 00BF     		.section	.text.lv_obj_set_style_bg_grad_dir,"ax",%progbits
 478              		.align	1
 479              		.p2align 2,,3
 480              		.global	lv_obj_set_style_bg_grad_dir
 481              		.syntax unified
 482              		.thumb
 483              		.thumb_func
 485              	lv_obj_set_style_bg_grad_dir:
 486              		@ args = 0, pretend = 0, frame = 0
 487              		@ frame_needed = 0, uses_anonymous_args = 0
 488              		@ link register save eliminated.
 489 0000 1346     		mov	r3, r2
 490 0002 0A46     		mov	r2, r1
 491 0004 2321     		movs	r1, #35
 492 0006 FFF7FEBF 		b	lv_obj_set_local_style_prop
 494 000a 00BF     		.section	.text.lv_obj_set_style_bg_main_stop,"ax",%progbits
 495              		.align	1
 496              		.p2align 2,,3
 497              		.global	lv_obj_set_style_bg_main_stop
 498              		.syntax unified
 499              		.thumb
 500              		.thumb_func
 502              	lv_obj_set_style_bg_main_stop:
 503              		@ args = 0, pretend = 0, frame = 0
 504              		@ frame_needed = 0, uses_anonymous_args = 0
 505              		@ link register save eliminated.
 506 0000 1346     		mov	r3, r2
 507 0002 0A46     		mov	r2, r1
 508 0004 2421     		movs	r1, #36
 509 0006 FFF7FEBF 		b	lv_obj_set_local_style_prop
 511 000a 00BF     		.section	.text.lv_obj_set_style_bg_grad_stop,"ax",%progbits
 512              		.align	1
ARM GAS  /var/folders/lp/x54gwt890xv47sdkqj1k04q40000gn/T//ccZfGIQi.s 			page 9


 513              		.p2align 2,,3
 514              		.global	lv_obj_set_style_bg_grad_stop
 515              		.syntax unified
 516              		.thumb
 517              		.thumb_func
 519              	lv_obj_set_style_bg_grad_stop:
 520              		@ args = 0, pretend = 0, frame = 0
 521              		@ frame_needed = 0, uses_anonymous_args = 0
 522              		@ link register save eliminated.
 523 0000 1346     		mov	r3, r2
 524 0002 0A46     		mov	r2, r1
 525 0004 2521     		movs	r1, #37
 526 0006 FFF7FEBF 		b	lv_obj_set_local_style_prop
 528 000a 00BF     		.section	.text.lv_obj_set_style_bg_grad,"ax",%progbits
 529              		.align	1
 530              		.p2align 2,,3
 531              		.global	lv_obj_set_style_bg_grad
 532              		.syntax unified
 533              		.thumb
 534              		.thumb_func
 536              	lv_obj_set_style_bg_grad:
 537              		@ args = 0, pretend = 0, frame = 0
 538              		@ frame_needed = 0, uses_anonymous_args = 0
 539              		@ link register save eliminated.
 540 0000 1346     		mov	r3, r2
 541 0002 0A46     		mov	r2, r1
 542 0004 2621     		movs	r1, #38
 543 0006 FFF7FEBF 		b	lv_obj_set_local_style_prop
 545 000a 00BF     		.section	.text.lv_obj_set_style_bg_dither_mode,"ax",%progbits
 546              		.align	1
 547              		.p2align 2,,3
 548              		.global	lv_obj_set_style_bg_dither_mode
 549              		.syntax unified
 550              		.thumb
 551              		.thumb_func
 553              	lv_obj_set_style_bg_dither_mode:
 554              		@ args = 0, pretend = 0, frame = 0
 555              		@ frame_needed = 0, uses_anonymous_args = 0
 556              		@ link register save eliminated.
 557 0000 1346     		mov	r3, r2
 558 0002 0A46     		mov	r2, r1
 559 0004 2721     		movs	r1, #39
 560 0006 FFF7FEBF 		b	lv_obj_set_local_style_prop
 562 000a 00BF     		.section	.text.lv_obj_set_style_bg_img_src,"ax",%progbits
 563              		.align	1
 564              		.p2align 2,,3
 565              		.global	lv_obj_set_style_bg_img_src
 566              		.syntax unified
 567              		.thumb
 568              		.thumb_func
 570              	lv_obj_set_style_bg_img_src:
 571              		@ args = 0, pretend = 0, frame = 0
 572              		@ frame_needed = 0, uses_anonymous_args = 0
 573              		@ link register save eliminated.
 574 0000 1346     		mov	r3, r2
 575 0002 0A46     		mov	r2, r1
 576 0004 2821     		movs	r1, #40
ARM GAS  /var/folders/lp/x54gwt890xv47sdkqj1k04q40000gn/T//ccZfGIQi.s 			page 10


 577 0006 FFF7FEBF 		b	lv_obj_set_local_style_prop
 579 000a 00BF     		.section	.text.lv_obj_set_style_bg_img_opa,"ax",%progbits
 580              		.align	1
 581              		.p2align 2,,3
 582              		.global	lv_obj_set_style_bg_img_opa
 583              		.syntax unified
 584              		.thumb
 585              		.thumb_func
 587              	lv_obj_set_style_bg_img_opa:
 588              		@ args = 0, pretend = 0, frame = 0
 589              		@ frame_needed = 0, uses_anonymous_args = 0
 590              		@ link register save eliminated.
 591 0000 1346     		mov	r3, r2
 592 0002 0A46     		mov	r2, r1
 593 0004 2921     		movs	r1, #41
 594 0006 FFF7FEBF 		b	lv_obj_set_local_style_prop
 596 000a 00BF     		.section	.text.lv_obj_set_style_bg_img_recolor,"ax",%progbits
 597              		.align	1
 598              		.p2align 2,,3
 599              		.global	lv_obj_set_style_bg_img_recolor
 600              		.syntax unified
 601              		.thumb
 602              		.thumb_func
 604              	lv_obj_set_style_bg_img_recolor:
 605              		@ args = 0, pretend = 0, frame = 8
 606              		@ frame_needed = 0, uses_anonymous_args = 0
 607 0000 00B5     		push	{lr}
 608 0002 4FF0000E 		mov	lr, #0
 609 0006 F446     		mov	ip, lr
 610 0008 6EF31F4C 		bfi	ip, lr, #16, #16
 611 000c 83B0     		sub	sp, sp, #12
 612 000e 61F30F0C 		bfi	ip, r1, #0, #16
 613 0012 1346     		mov	r3, r2
 614 0014 2A21     		movs	r1, #42
 615 0016 6246     		mov	r2, ip
 616 0018 ADF800E0 		strh	lr, [sp]	@ movhi
 617 001c 03B0     		add	sp, sp, #12
 618              		@ sp needed
 619 001e 5DF804EB 		ldr	lr, [sp], #4
 620 0022 FFF7FEBF 		b	lv_obj_set_local_style_prop
 622 0026 00BF     		.section	.text.lv_obj_set_style_bg_img_recolor_opa,"ax",%progbits
 623              		.align	1
 624              		.p2align 2,,3
 625              		.global	lv_obj_set_style_bg_img_recolor_opa
 626              		.syntax unified
 627              		.thumb
 628              		.thumb_func
 630              	lv_obj_set_style_bg_img_recolor_opa:
 631              		@ args = 0, pretend = 0, frame = 0
 632              		@ frame_needed = 0, uses_anonymous_args = 0
 633              		@ link register save eliminated.
 634 0000 1346     		mov	r3, r2
 635 0002 0A46     		mov	r2, r1
 636 0004 2B21     		movs	r1, #43
 637 0006 FFF7FEBF 		b	lv_obj_set_local_style_prop
 639 000a 00BF     		.section	.text.lv_obj_set_style_bg_img_tiled,"ax",%progbits
 640              		.align	1
ARM GAS  /var/folders/lp/x54gwt890xv47sdkqj1k04q40000gn/T//ccZfGIQi.s 			page 11


 641              		.p2align 2,,3
 642              		.global	lv_obj_set_style_bg_img_tiled
 643              		.syntax unified
 644              		.thumb
 645              		.thumb_func
 647              	lv_obj_set_style_bg_img_tiled:
 648              		@ args = 0, pretend = 0, frame = 0
 649              		@ frame_needed = 0, uses_anonymous_args = 0
 650              		@ link register save eliminated.
 651 0000 1346     		mov	r3, r2
 652 0002 0A46     		mov	r2, r1
 653 0004 2C21     		movs	r1, #44
 654 0006 FFF7FEBF 		b	lv_obj_set_local_style_prop
 656 000a 00BF     		.section	.text.lv_obj_set_style_border_color,"ax",%progbits
 657              		.align	1
 658              		.p2align 2,,3
 659              		.global	lv_obj_set_style_border_color
 660              		.syntax unified
 661              		.thumb
 662              		.thumb_func
 664              	lv_obj_set_style_border_color:
 665              		@ args = 0, pretend = 0, frame = 8
 666              		@ frame_needed = 0, uses_anonymous_args = 0
 667 0000 00B5     		push	{lr}
 668 0002 4FF0000E 		mov	lr, #0
 669 0006 F446     		mov	ip, lr
 670 0008 6EF31F4C 		bfi	ip, lr, #16, #16
 671 000c 83B0     		sub	sp, sp, #12
 672 000e 61F30F0C 		bfi	ip, r1, #0, #16
 673 0012 1346     		mov	r3, r2
 674 0014 3021     		movs	r1, #48
 675 0016 6246     		mov	r2, ip
 676 0018 ADF800E0 		strh	lr, [sp]	@ movhi
 677 001c 03B0     		add	sp, sp, #12
 678              		@ sp needed
 679 001e 5DF804EB 		ldr	lr, [sp], #4
 680 0022 FFF7FEBF 		b	lv_obj_set_local_style_prop
 682 0026 00BF     		.section	.text.lv_obj_set_style_border_opa,"ax",%progbits
 683              		.align	1
 684              		.p2align 2,,3
 685              		.global	lv_obj_set_style_border_opa
 686              		.syntax unified
 687              		.thumb
 688              		.thumb_func
 690              	lv_obj_set_style_border_opa:
 691              		@ args = 0, pretend = 0, frame = 0
 692              		@ frame_needed = 0, uses_anonymous_args = 0
 693              		@ link register save eliminated.
 694 0000 1346     		mov	r3, r2
 695 0002 0A46     		mov	r2, r1
 696 0004 3121     		movs	r1, #49
 697 0006 FFF7FEBF 		b	lv_obj_set_local_style_prop
 699 000a 00BF     		.section	.text.lv_obj_set_style_border_width,"ax",%progbits
 700              		.align	1
 701              		.p2align 2,,3
 702              		.global	lv_obj_set_style_border_width
 703              		.syntax unified
ARM GAS  /var/folders/lp/x54gwt890xv47sdkqj1k04q40000gn/T//ccZfGIQi.s 			page 12


 704              		.thumb
 705              		.thumb_func
 707              	lv_obj_set_style_border_width:
 708              		@ args = 0, pretend = 0, frame = 0
 709              		@ frame_needed = 0, uses_anonymous_args = 0
 710              		@ link register save eliminated.
 711 0000 1346     		mov	r3, r2
 712 0002 0A46     		mov	r2, r1
 713 0004 3221     		movs	r1, #50
 714 0006 FFF7FEBF 		b	lv_obj_set_local_style_prop
 716 000a 00BF     		.section	.text.lv_obj_set_style_border_side,"ax",%progbits
 717              		.align	1
 718              		.p2align 2,,3
 719              		.global	lv_obj_set_style_border_side
 720              		.syntax unified
 721              		.thumb
 722              		.thumb_func
 724              	lv_obj_set_style_border_side:
 725              		@ args = 0, pretend = 0, frame = 0
 726              		@ frame_needed = 0, uses_anonymous_args = 0
 727              		@ link register save eliminated.
 728 0000 1346     		mov	r3, r2
 729 0002 0A46     		mov	r2, r1
 730 0004 3321     		movs	r1, #51
 731 0006 FFF7FEBF 		b	lv_obj_set_local_style_prop
 733 000a 00BF     		.section	.text.lv_obj_set_style_border_post,"ax",%progbits
 734              		.align	1
 735              		.p2align 2,,3
 736              		.global	lv_obj_set_style_border_post
 737              		.syntax unified
 738              		.thumb
 739              		.thumb_func
 741              	lv_obj_set_style_border_post:
 742              		@ args = 0, pretend = 0, frame = 0
 743              		@ frame_needed = 0, uses_anonymous_args = 0
 744              		@ link register save eliminated.
 745 0000 1346     		mov	r3, r2
 746 0002 0A46     		mov	r2, r1
 747 0004 3421     		movs	r1, #52
 748 0006 FFF7FEBF 		b	lv_obj_set_local_style_prop
 750 000a 00BF     		.section	.text.lv_obj_set_style_outline_width,"ax",%progbits
 751              		.align	1
 752              		.p2align 2,,3
 753              		.global	lv_obj_set_style_outline_width
 754              		.syntax unified
 755              		.thumb
 756              		.thumb_func
 758              	lv_obj_set_style_outline_width:
 759              		@ args = 0, pretend = 0, frame = 0
 760              		@ frame_needed = 0, uses_anonymous_args = 0
 761              		@ link register save eliminated.
 762 0000 1346     		mov	r3, r2
 763 0002 0A46     		mov	r2, r1
 764 0004 3521     		movs	r1, #53
 765 0006 FFF7FEBF 		b	lv_obj_set_local_style_prop
 767 000a 00BF     		.section	.text.lv_obj_set_style_outline_color,"ax",%progbits
 768              		.align	1
ARM GAS  /var/folders/lp/x54gwt890xv47sdkqj1k04q40000gn/T//ccZfGIQi.s 			page 13


 769              		.p2align 2,,3
 770              		.global	lv_obj_set_style_outline_color
 771              		.syntax unified
 772              		.thumb
 773              		.thumb_func
 775              	lv_obj_set_style_outline_color:
 776              		@ args = 0, pretend = 0, frame = 8
 777              		@ frame_needed = 0, uses_anonymous_args = 0
 778 0000 00B5     		push	{lr}
 779 0002 4FF0000E 		mov	lr, #0
 780 0006 F446     		mov	ip, lr
 781 0008 6EF31F4C 		bfi	ip, lr, #16, #16
 782 000c 83B0     		sub	sp, sp, #12
 783 000e 61F30F0C 		bfi	ip, r1, #0, #16
 784 0012 1346     		mov	r3, r2
 785 0014 3621     		movs	r1, #54
 786 0016 6246     		mov	r2, ip
 787 0018 ADF800E0 		strh	lr, [sp]	@ movhi
 788 001c 03B0     		add	sp, sp, #12
 789              		@ sp needed
 790 001e 5DF804EB 		ldr	lr, [sp], #4
 791 0022 FFF7FEBF 		b	lv_obj_set_local_style_prop
 793 0026 00BF     		.section	.text.lv_obj_set_style_outline_opa,"ax",%progbits
 794              		.align	1
 795              		.p2align 2,,3
 796              		.global	lv_obj_set_style_outline_opa
 797              		.syntax unified
 798              		.thumb
 799              		.thumb_func
 801              	lv_obj_set_style_outline_opa:
 802              		@ args = 0, pretend = 0, frame = 0
 803              		@ frame_needed = 0, uses_anonymous_args = 0
 804              		@ link register save eliminated.
 805 0000 1346     		mov	r3, r2
 806 0002 0A46     		mov	r2, r1
 807 0004 3721     		movs	r1, #55
 808 0006 FFF7FEBF 		b	lv_obj_set_local_style_prop
 810 000a 00BF     		.section	.text.lv_obj_set_style_outline_pad,"ax",%progbits
 811              		.align	1
 812              		.p2align 2,,3
 813              		.global	lv_obj_set_style_outline_pad
 814              		.syntax unified
 815              		.thumb
 816              		.thumb_func
 818              	lv_obj_set_style_outline_pad:
 819              		@ args = 0, pretend = 0, frame = 0
 820              		@ frame_needed = 0, uses_anonymous_args = 0
 821              		@ link register save eliminated.
 822 0000 1346     		mov	r3, r2
 823 0002 0A46     		mov	r2, r1
 824 0004 3821     		movs	r1, #56
 825 0006 FFF7FEBF 		b	lv_obj_set_local_style_prop
 827 000a 00BF     		.section	.text.lv_obj_set_style_shadow_width,"ax",%progbits
 828              		.align	1
 829              		.p2align 2,,3
 830              		.global	lv_obj_set_style_shadow_width
 831              		.syntax unified
ARM GAS  /var/folders/lp/x54gwt890xv47sdkqj1k04q40000gn/T//ccZfGIQi.s 			page 14


 832              		.thumb
 833              		.thumb_func
 835              	lv_obj_set_style_shadow_width:
 836              		@ args = 0, pretend = 0, frame = 0
 837              		@ frame_needed = 0, uses_anonymous_args = 0
 838              		@ link register save eliminated.
 839 0000 1346     		mov	r3, r2
 840 0002 0A46     		mov	r2, r1
 841 0004 4021     		movs	r1, #64
 842 0006 FFF7FEBF 		b	lv_obj_set_local_style_prop
 844 000a 00BF     		.section	.text.lv_obj_set_style_shadow_ofs_x,"ax",%progbits
 845              		.align	1
 846              		.p2align 2,,3
 847              		.global	lv_obj_set_style_shadow_ofs_x
 848              		.syntax unified
 849              		.thumb
 850              		.thumb_func
 852              	lv_obj_set_style_shadow_ofs_x:
 853              		@ args = 0, pretend = 0, frame = 0
 854              		@ frame_needed = 0, uses_anonymous_args = 0
 855              		@ link register save eliminated.
 856 0000 1346     		mov	r3, r2
 857 0002 0A46     		mov	r2, r1
 858 0004 4121     		movs	r1, #65
 859 0006 FFF7FEBF 		b	lv_obj_set_local_style_prop
 861 000a 00BF     		.section	.text.lv_obj_set_style_shadow_ofs_y,"ax",%progbits
 862              		.align	1
 863              		.p2align 2,,3
 864              		.global	lv_obj_set_style_shadow_ofs_y
 865              		.syntax unified
 866              		.thumb
 867              		.thumb_func
 869              	lv_obj_set_style_shadow_ofs_y:
 870              		@ args = 0, pretend = 0, frame = 0
 871              		@ frame_needed = 0, uses_anonymous_args = 0
 872              		@ link register save eliminated.
 873 0000 1346     		mov	r3, r2
 874 0002 0A46     		mov	r2, r1
 875 0004 4221     		movs	r1, #66
 876 0006 FFF7FEBF 		b	lv_obj_set_local_style_prop
 878 000a 00BF     		.section	.text.lv_obj_set_style_shadow_spread,"ax",%progbits
 879              		.align	1
 880              		.p2align 2,,3
 881              		.global	lv_obj_set_style_shadow_spread
 882              		.syntax unified
 883              		.thumb
 884              		.thumb_func
 886              	lv_obj_set_style_shadow_spread:
 887              		@ args = 0, pretend = 0, frame = 0
 888              		@ frame_needed = 0, uses_anonymous_args = 0
 889              		@ link register save eliminated.
 890 0000 1346     		mov	r3, r2
 891 0002 0A46     		mov	r2, r1
 892 0004 4321     		movs	r1, #67
 893 0006 FFF7FEBF 		b	lv_obj_set_local_style_prop
 895 000a 00BF     		.section	.text.lv_obj_set_style_shadow_color,"ax",%progbits
 896              		.align	1
ARM GAS  /var/folders/lp/x54gwt890xv47sdkqj1k04q40000gn/T//ccZfGIQi.s 			page 15


 897              		.p2align 2,,3
 898              		.global	lv_obj_set_style_shadow_color
 899              		.syntax unified
 900              		.thumb
 901              		.thumb_func
 903              	lv_obj_set_style_shadow_color:
 904              		@ args = 0, pretend = 0, frame = 8
 905              		@ frame_needed = 0, uses_anonymous_args = 0
 906 0000 00B5     		push	{lr}
 907 0002 4FF0000E 		mov	lr, #0
 908 0006 F446     		mov	ip, lr
 909 0008 6EF31F4C 		bfi	ip, lr, #16, #16
 910 000c 83B0     		sub	sp, sp, #12
 911 000e 61F30F0C 		bfi	ip, r1, #0, #16
 912 0012 1346     		mov	r3, r2
 913 0014 4421     		movs	r1, #68
 914 0016 6246     		mov	r2, ip
 915 0018 ADF800E0 		strh	lr, [sp]	@ movhi
 916 001c 03B0     		add	sp, sp, #12
 917              		@ sp needed
 918 001e 5DF804EB 		ldr	lr, [sp], #4
 919 0022 FFF7FEBF 		b	lv_obj_set_local_style_prop
 921 0026 00BF     		.section	.text.lv_obj_set_style_shadow_opa,"ax",%progbits
 922              		.align	1
 923              		.p2align 2,,3
 924              		.global	lv_obj_set_style_shadow_opa
 925              		.syntax unified
 926              		.thumb
 927              		.thumb_func
 929              	lv_obj_set_style_shadow_opa:
 930              		@ args = 0, pretend = 0, frame = 0
 931              		@ frame_needed = 0, uses_anonymous_args = 0
 932              		@ link register save eliminated.
 933 0000 1346     		mov	r3, r2
 934 0002 0A46     		mov	r2, r1
 935 0004 4521     		movs	r1, #69
 936 0006 FFF7FEBF 		b	lv_obj_set_local_style_prop
 938 000a 00BF     		.section	.text.lv_obj_set_style_img_opa,"ax",%progbits
 939              		.align	1
 940              		.p2align 2,,3
 941              		.global	lv_obj_set_style_img_opa
 942              		.syntax unified
 943              		.thumb
 944              		.thumb_func
 946              	lv_obj_set_style_img_opa:
 947              		@ args = 0, pretend = 0, frame = 0
 948              		@ frame_needed = 0, uses_anonymous_args = 0
 949              		@ link register save eliminated.
 950 0000 1346     		mov	r3, r2
 951 0002 0A46     		mov	r2, r1
 952 0004 4621     		movs	r1, #70
 953 0006 FFF7FEBF 		b	lv_obj_set_local_style_prop
 955 000a 00BF     		.section	.text.lv_obj_set_style_img_recolor,"ax",%progbits
 956              		.align	1
 957              		.p2align 2,,3
 958              		.global	lv_obj_set_style_img_recolor
 959              		.syntax unified
ARM GAS  /var/folders/lp/x54gwt890xv47sdkqj1k04q40000gn/T//ccZfGIQi.s 			page 16


 960              		.thumb
 961              		.thumb_func
 963              	lv_obj_set_style_img_recolor:
 964              		@ args = 0, pretend = 0, frame = 8
 965              		@ frame_needed = 0, uses_anonymous_args = 0
 966 0000 00B5     		push	{lr}
 967 0002 4FF0000E 		mov	lr, #0
 968 0006 F446     		mov	ip, lr
 969 0008 6EF31F4C 		bfi	ip, lr, #16, #16
 970 000c 83B0     		sub	sp, sp, #12
 971 000e 61F30F0C 		bfi	ip, r1, #0, #16
 972 0012 1346     		mov	r3, r2
 973 0014 4721     		movs	r1, #71
 974 0016 6246     		mov	r2, ip
 975 0018 ADF800E0 		strh	lr, [sp]	@ movhi
 976 001c 03B0     		add	sp, sp, #12
 977              		@ sp needed
 978 001e 5DF804EB 		ldr	lr, [sp], #4
 979 0022 FFF7FEBF 		b	lv_obj_set_local_style_prop
 981 0026 00BF     		.section	.text.lv_obj_set_style_img_recolor_opa,"ax",%progbits
 982              		.align	1
 983              		.p2align 2,,3
 984              		.global	lv_obj_set_style_img_recolor_opa
 985              		.syntax unified
 986              		.thumb
 987              		.thumb_func
 989              	lv_obj_set_style_img_recolor_opa:
 990              		@ args = 0, pretend = 0, frame = 0
 991              		@ frame_needed = 0, uses_anonymous_args = 0
 992              		@ link register save eliminated.
 993 0000 1346     		mov	r3, r2
 994 0002 0A46     		mov	r2, r1
 995 0004 4821     		movs	r1, #72
 996 0006 FFF7FEBF 		b	lv_obj_set_local_style_prop
 998 000a 00BF     		.section	.text.lv_obj_set_style_line_width,"ax",%progbits
 999              		.align	1
 1000              		.p2align 2,,3
 1001              		.global	lv_obj_set_style_line_width
 1002              		.syntax unified
 1003              		.thumb
 1004              		.thumb_func
 1006              	lv_obj_set_style_line_width:
 1007              		@ args = 0, pretend = 0, frame = 0
 1008              		@ frame_needed = 0, uses_anonymous_args = 0
 1009              		@ link register save eliminated.
 1010 0000 1346     		mov	r3, r2
 1011 0002 0A46     		mov	r2, r1
 1012 0004 4921     		movs	r1, #73
 1013 0006 FFF7FEBF 		b	lv_obj_set_local_style_prop
 1015 000a 00BF     		.section	.text.lv_obj_set_style_line_dash_width,"ax",%progbits
 1016              		.align	1
 1017              		.p2align 2,,3
 1018              		.global	lv_obj_set_style_line_dash_width
 1019              		.syntax unified
 1020              		.thumb
 1021              		.thumb_func
 1023              	lv_obj_set_style_line_dash_width:
ARM GAS  /var/folders/lp/x54gwt890xv47sdkqj1k04q40000gn/T//ccZfGIQi.s 			page 17


 1024              		@ args = 0, pretend = 0, frame = 0
 1025              		@ frame_needed = 0, uses_anonymous_args = 0
 1026              		@ link register save eliminated.
 1027 0000 1346     		mov	r3, r2
 1028 0002 0A46     		mov	r2, r1
 1029 0004 4A21     		movs	r1, #74
 1030 0006 FFF7FEBF 		b	lv_obj_set_local_style_prop
 1032 000a 00BF     		.section	.text.lv_obj_set_style_line_dash_gap,"ax",%progbits
 1033              		.align	1
 1034              		.p2align 2,,3
 1035              		.global	lv_obj_set_style_line_dash_gap
 1036              		.syntax unified
 1037              		.thumb
 1038              		.thumb_func
 1040              	lv_obj_set_style_line_dash_gap:
 1041              		@ args = 0, pretend = 0, frame = 0
 1042              		@ frame_needed = 0, uses_anonymous_args = 0
 1043              		@ link register save eliminated.
 1044 0000 1346     		mov	r3, r2
 1045 0002 0A46     		mov	r2, r1
 1046 0004 4B21     		movs	r1, #75
 1047 0006 FFF7FEBF 		b	lv_obj_set_local_style_prop
 1049 000a 00BF     		.section	.text.lv_obj_set_style_line_rounded,"ax",%progbits
 1050              		.align	1
 1051              		.p2align 2,,3
 1052              		.global	lv_obj_set_style_line_rounded
 1053              		.syntax unified
 1054              		.thumb
 1055              		.thumb_func
 1057              	lv_obj_set_style_line_rounded:
 1058              		@ args = 0, pretend = 0, frame = 0
 1059              		@ frame_needed = 0, uses_anonymous_args = 0
 1060              		@ link register save eliminated.
 1061 0000 1346     		mov	r3, r2
 1062 0002 0A46     		mov	r2, r1
 1063 0004 4C21     		movs	r1, #76
 1064 0006 FFF7FEBF 		b	lv_obj_set_local_style_prop
 1066 000a 00BF     		.section	.text.lv_obj_set_style_line_color,"ax",%progbits
 1067              		.align	1
 1068              		.p2align 2,,3
 1069              		.global	lv_obj_set_style_line_color
 1070              		.syntax unified
 1071              		.thumb
 1072              		.thumb_func
 1074              	lv_obj_set_style_line_color:
 1075              		@ args = 0, pretend = 0, frame = 8
 1076              		@ frame_needed = 0, uses_anonymous_args = 0
 1077 0000 00B5     		push	{lr}
 1078 0002 4FF0000E 		mov	lr, #0
 1079 0006 F446     		mov	ip, lr
 1080 0008 6EF31F4C 		bfi	ip, lr, #16, #16
 1081 000c 83B0     		sub	sp, sp, #12
 1082 000e 61F30F0C 		bfi	ip, r1, #0, #16
 1083 0012 1346     		mov	r3, r2
 1084 0014 4D21     		movs	r1, #77
 1085 0016 6246     		mov	r2, ip
 1086 0018 ADF800E0 		strh	lr, [sp]	@ movhi
ARM GAS  /var/folders/lp/x54gwt890xv47sdkqj1k04q40000gn/T//ccZfGIQi.s 			page 18


 1087 001c 03B0     		add	sp, sp, #12
 1088              		@ sp needed
 1089 001e 5DF804EB 		ldr	lr, [sp], #4
 1090 0022 FFF7FEBF 		b	lv_obj_set_local_style_prop
 1092 0026 00BF     		.section	.text.lv_obj_set_style_line_opa,"ax",%progbits
 1093              		.align	1
 1094              		.p2align 2,,3
 1095              		.global	lv_obj_set_style_line_opa
 1096              		.syntax unified
 1097              		.thumb
 1098              		.thumb_func
 1100              	lv_obj_set_style_line_opa:
 1101              		@ args = 0, pretend = 0, frame = 0
 1102              		@ frame_needed = 0, uses_anonymous_args = 0
 1103              		@ link register save eliminated.
 1104 0000 1346     		mov	r3, r2
 1105 0002 0A46     		mov	r2, r1
 1106 0004 4E21     		movs	r1, #78
 1107 0006 FFF7FEBF 		b	lv_obj_set_local_style_prop
 1109 000a 00BF     		.section	.text.lv_obj_set_style_arc_width,"ax",%progbits
 1110              		.align	1
 1111              		.p2align 2,,3
 1112              		.global	lv_obj_set_style_arc_width
 1113              		.syntax unified
 1114              		.thumb
 1115              		.thumb_func
 1117              	lv_obj_set_style_arc_width:
 1118              		@ args = 0, pretend = 0, frame = 0
 1119              		@ frame_needed = 0, uses_anonymous_args = 0
 1120              		@ link register save eliminated.
 1121 0000 1346     		mov	r3, r2
 1122 0002 0A46     		mov	r2, r1
 1123 0004 5021     		movs	r1, #80
 1124 0006 FFF7FEBF 		b	lv_obj_set_local_style_prop
 1126 000a 00BF     		.section	.text.lv_obj_set_style_arc_rounded,"ax",%progbits
 1127              		.align	1
 1128              		.p2align 2,,3
 1129              		.global	lv_obj_set_style_arc_rounded
 1130              		.syntax unified
 1131              		.thumb
 1132              		.thumb_func
 1134              	lv_obj_set_style_arc_rounded:
 1135              		@ args = 0, pretend = 0, frame = 0
 1136              		@ frame_needed = 0, uses_anonymous_args = 0
 1137              		@ link register save eliminated.
 1138 0000 1346     		mov	r3, r2
 1139 0002 0A46     		mov	r2, r1
 1140 0004 5121     		movs	r1, #81
 1141 0006 FFF7FEBF 		b	lv_obj_set_local_style_prop
 1143 000a 00BF     		.section	.text.lv_obj_set_style_arc_color,"ax",%progbits
 1144              		.align	1
 1145              		.p2align 2,,3
 1146              		.global	lv_obj_set_style_arc_color
 1147              		.syntax unified
 1148              		.thumb
 1149              		.thumb_func
 1151              	lv_obj_set_style_arc_color:
ARM GAS  /var/folders/lp/x54gwt890xv47sdkqj1k04q40000gn/T//ccZfGIQi.s 			page 19


 1152              		@ args = 0, pretend = 0, frame = 8
 1153              		@ frame_needed = 0, uses_anonymous_args = 0
 1154 0000 00B5     		push	{lr}
 1155 0002 4FF0000E 		mov	lr, #0
 1156 0006 F446     		mov	ip, lr
 1157 0008 6EF31F4C 		bfi	ip, lr, #16, #16
 1158 000c 83B0     		sub	sp, sp, #12
 1159 000e 61F30F0C 		bfi	ip, r1, #0, #16
 1160 0012 1346     		mov	r3, r2
 1161 0014 5221     		movs	r1, #82
 1162 0016 6246     		mov	r2, ip
 1163 0018 ADF800E0 		strh	lr, [sp]	@ movhi
 1164 001c 03B0     		add	sp, sp, #12
 1165              		@ sp needed
 1166 001e 5DF804EB 		ldr	lr, [sp], #4
 1167 0022 FFF7FEBF 		b	lv_obj_set_local_style_prop
 1169 0026 00BF     		.section	.text.lv_obj_set_style_arc_opa,"ax",%progbits
 1170              		.align	1
 1171              		.p2align 2,,3
 1172              		.global	lv_obj_set_style_arc_opa
 1173              		.syntax unified
 1174              		.thumb
 1175              		.thumb_func
 1177              	lv_obj_set_style_arc_opa:
 1178              		@ args = 0, pretend = 0, frame = 0
 1179              		@ frame_needed = 0, uses_anonymous_args = 0
 1180              		@ link register save eliminated.
 1181 0000 1346     		mov	r3, r2
 1182 0002 0A46     		mov	r2, r1
 1183 0004 5321     		movs	r1, #83
 1184 0006 FFF7FEBF 		b	lv_obj_set_local_style_prop
 1186 000a 00BF     		.section	.text.lv_obj_set_style_arc_img_src,"ax",%progbits
 1187              		.align	1
 1188              		.p2align 2,,3
 1189              		.global	lv_obj_set_style_arc_img_src
 1190              		.syntax unified
 1191              		.thumb
 1192              		.thumb_func
 1194              	lv_obj_set_style_arc_img_src:
 1195              		@ args = 0, pretend = 0, frame = 0
 1196              		@ frame_needed = 0, uses_anonymous_args = 0
 1197              		@ link register save eliminated.
 1198 0000 1346     		mov	r3, r2
 1199 0002 0A46     		mov	r2, r1
 1200 0004 5421     		movs	r1, #84
 1201 0006 FFF7FEBF 		b	lv_obj_set_local_style_prop
 1203 000a 00BF     		.section	.text.lv_obj_set_style_text_color,"ax",%progbits
 1204              		.align	1
 1205              		.p2align 2,,3
 1206              		.global	lv_obj_set_style_text_color
 1207              		.syntax unified
 1208              		.thumb
 1209              		.thumb_func
 1211              	lv_obj_set_style_text_color:
 1212              		@ args = 0, pretend = 0, frame = 8
 1213              		@ frame_needed = 0, uses_anonymous_args = 0
 1214 0000 00B5     		push	{lr}
ARM GAS  /var/folders/lp/x54gwt890xv47sdkqj1k04q40000gn/T//ccZfGIQi.s 			page 20


 1215 0002 4FF0000E 		mov	lr, #0
 1216 0006 F446     		mov	ip, lr
 1217 0008 6EF31F4C 		bfi	ip, lr, #16, #16
 1218 000c 83B0     		sub	sp, sp, #12
 1219 000e 61F30F0C 		bfi	ip, r1, #0, #16
 1220 0012 1346     		mov	r3, r2
 1221 0014 5521     		movs	r1, #85
 1222 0016 6246     		mov	r2, ip
 1223 0018 ADF800E0 		strh	lr, [sp]	@ movhi
 1224 001c 03B0     		add	sp, sp, #12
 1225              		@ sp needed
 1226 001e 5DF804EB 		ldr	lr, [sp], #4
 1227 0022 FFF7FEBF 		b	lv_obj_set_local_style_prop
 1229 0026 00BF     		.section	.text.lv_obj_set_style_text_opa,"ax",%progbits
 1230              		.align	1
 1231              		.p2align 2,,3
 1232              		.global	lv_obj_set_style_text_opa
 1233              		.syntax unified
 1234              		.thumb
 1235              		.thumb_func
 1237              	lv_obj_set_style_text_opa:
 1238              		@ args = 0, pretend = 0, frame = 0
 1239              		@ frame_needed = 0, uses_anonymous_args = 0
 1240              		@ link register save eliminated.
 1241 0000 1346     		mov	r3, r2
 1242 0002 0A46     		mov	r2, r1
 1243 0004 5621     		movs	r1, #86
 1244 0006 FFF7FEBF 		b	lv_obj_set_local_style_prop
 1246 000a 00BF     		.section	.text.lv_obj_set_style_text_font,"ax",%progbits
 1247              		.align	1
 1248              		.p2align 2,,3
 1249              		.global	lv_obj_set_style_text_font
 1250              		.syntax unified
 1251              		.thumb
 1252              		.thumb_func
 1254              	lv_obj_set_style_text_font:
 1255              		@ args = 0, pretend = 0, frame = 0
 1256              		@ frame_needed = 0, uses_anonymous_args = 0
 1257              		@ link register save eliminated.
 1258 0000 1346     		mov	r3, r2
 1259 0002 0A46     		mov	r2, r1
 1260 0004 5721     		movs	r1, #87
 1261 0006 FFF7FEBF 		b	lv_obj_set_local_style_prop
 1263 000a 00BF     		.section	.text.lv_obj_set_style_text_letter_space,"ax",%progbits
 1264              		.align	1
 1265              		.p2align 2,,3
 1266              		.global	lv_obj_set_style_text_letter_space
 1267              		.syntax unified
 1268              		.thumb
 1269              		.thumb_func
 1271              	lv_obj_set_style_text_letter_space:
 1272              		@ args = 0, pretend = 0, frame = 0
 1273              		@ frame_needed = 0, uses_anonymous_args = 0
 1274              		@ link register save eliminated.
 1275 0000 1346     		mov	r3, r2
 1276 0002 0A46     		mov	r2, r1
 1277 0004 5821     		movs	r1, #88
ARM GAS  /var/folders/lp/x54gwt890xv47sdkqj1k04q40000gn/T//ccZfGIQi.s 			page 21


 1278 0006 FFF7FEBF 		b	lv_obj_set_local_style_prop
 1280 000a 00BF     		.section	.text.lv_obj_set_style_text_line_space,"ax",%progbits
 1281              		.align	1
 1282              		.p2align 2,,3
 1283              		.global	lv_obj_set_style_text_line_space
 1284              		.syntax unified
 1285              		.thumb
 1286              		.thumb_func
 1288              	lv_obj_set_style_text_line_space:
 1289              		@ args = 0, pretend = 0, frame = 0
 1290              		@ frame_needed = 0, uses_anonymous_args = 0
 1291              		@ link register save eliminated.
 1292 0000 1346     		mov	r3, r2
 1293 0002 0A46     		mov	r2, r1
 1294 0004 5921     		movs	r1, #89
 1295 0006 FFF7FEBF 		b	lv_obj_set_local_style_prop
 1297 000a 00BF     		.section	.text.lv_obj_set_style_text_decor,"ax",%progbits
 1298              		.align	1
 1299              		.p2align 2,,3
 1300              		.global	lv_obj_set_style_text_decor
 1301              		.syntax unified
 1302              		.thumb
 1303              		.thumb_func
 1305              	lv_obj_set_style_text_decor:
 1306              		@ args = 0, pretend = 0, frame = 0
 1307              		@ frame_needed = 0, uses_anonymous_args = 0
 1308              		@ link register save eliminated.
 1309 0000 1346     		mov	r3, r2
 1310 0002 0A46     		mov	r2, r1
 1311 0004 5A21     		movs	r1, #90
 1312 0006 FFF7FEBF 		b	lv_obj_set_local_style_prop
 1314 000a 00BF     		.section	.text.lv_obj_set_style_text_align,"ax",%progbits
 1315              		.align	1
 1316              		.p2align 2,,3
 1317              		.global	lv_obj_set_style_text_align
 1318              		.syntax unified
 1319              		.thumb
 1320              		.thumb_func
 1322              	lv_obj_set_style_text_align:
 1323              		@ args = 0, pretend = 0, frame = 0
 1324              		@ frame_needed = 0, uses_anonymous_args = 0
 1325              		@ link register save eliminated.
 1326 0000 1346     		mov	r3, r2
 1327 0002 0A46     		mov	r2, r1
 1328 0004 5B21     		movs	r1, #91
 1329 0006 FFF7FEBF 		b	lv_obj_set_local_style_prop
 1331 000a 00BF     		.section	.text.lv_obj_set_style_radius,"ax",%progbits
 1332              		.align	1
 1333              		.p2align 2,,3
 1334              		.global	lv_obj_set_style_radius
 1335              		.syntax unified
 1336              		.thumb
 1337              		.thumb_func
 1339              	lv_obj_set_style_radius:
 1340              		@ args = 0, pretend = 0, frame = 0
 1341              		@ frame_needed = 0, uses_anonymous_args = 0
 1342              		@ link register save eliminated.
ARM GAS  /var/folders/lp/x54gwt890xv47sdkqj1k04q40000gn/T//ccZfGIQi.s 			page 22


 1343 0000 1346     		mov	r3, r2
 1344 0002 0A46     		mov	r2, r1
 1345 0004 0B21     		movs	r1, #11
 1346 0006 FFF7FEBF 		b	lv_obj_set_local_style_prop
 1348 000a 00BF     		.section	.text.lv_obj_set_style_clip_corner,"ax",%progbits
 1349              		.align	1
 1350              		.p2align 2,,3
 1351              		.global	lv_obj_set_style_clip_corner
 1352              		.syntax unified
 1353              		.thumb
 1354              		.thumb_func
 1356              	lv_obj_set_style_clip_corner:
 1357              		@ args = 0, pretend = 0, frame = 0
 1358              		@ frame_needed = 0, uses_anonymous_args = 0
 1359              		@ link register save eliminated.
 1360 0000 1346     		mov	r3, r2
 1361 0002 0A46     		mov	r2, r1
 1362 0004 1721     		movs	r1, #23
 1363 0006 FFF7FEBF 		b	lv_obj_set_local_style_prop
 1365 000a 00BF     		.section	.text.lv_obj_set_style_opa,"ax",%progbits
 1366              		.align	1
 1367              		.p2align 2,,3
 1368              		.global	lv_obj_set_style_opa
 1369              		.syntax unified
 1370              		.thumb
 1371              		.thumb_func
 1373              	lv_obj_set_style_opa:
 1374              		@ args = 0, pretend = 0, frame = 0
 1375              		@ frame_needed = 0, uses_anonymous_args = 0
 1376              		@ link register save eliminated.
 1377 0000 1346     		mov	r3, r2
 1378 0002 0A46     		mov	r2, r1
 1379 0004 6021     		movs	r1, #96
 1380 0006 FFF7FEBF 		b	lv_obj_set_local_style_prop
 1382 000a 00BF     		.section	.text.lv_obj_set_style_opa_layered,"ax",%progbits
 1383              		.align	1
 1384              		.p2align 2,,3
 1385              		.global	lv_obj_set_style_opa_layered
 1386              		.syntax unified
 1387              		.thumb
 1388              		.thumb_func
 1390              	lv_obj_set_style_opa_layered:
 1391              		@ args = 0, pretend = 0, frame = 0
 1392              		@ frame_needed = 0, uses_anonymous_args = 0
 1393              		@ link register save eliminated.
 1394 0000 1346     		mov	r3, r2
 1395 0002 0A46     		mov	r2, r1
 1396 0004 6121     		movs	r1, #97
 1397 0006 FFF7FEBF 		b	lv_obj_set_local_style_prop
 1399 000a 00BF     		.section	.text.lv_obj_set_style_color_filter_dsc,"ax",%progbits
 1400              		.align	1
 1401              		.p2align 2,,3
 1402              		.global	lv_obj_set_style_color_filter_dsc
 1403              		.syntax unified
 1404              		.thumb
 1405              		.thumb_func
 1407              	lv_obj_set_style_color_filter_dsc:
ARM GAS  /var/folders/lp/x54gwt890xv47sdkqj1k04q40000gn/T//ccZfGIQi.s 			page 23


 1408              		@ args = 0, pretend = 0, frame = 0
 1409              		@ frame_needed = 0, uses_anonymous_args = 0
 1410              		@ link register save eliminated.
 1411 0000 1346     		mov	r3, r2
 1412 0002 0A46     		mov	r2, r1
 1413 0004 6221     		movs	r1, #98
 1414 0006 FFF7FEBF 		b	lv_obj_set_local_style_prop
 1416 000a 00BF     		.section	.text.lv_obj_set_style_color_filter_opa,"ax",%progbits
 1417              		.align	1
 1418              		.p2align 2,,3
 1419              		.global	lv_obj_set_style_color_filter_opa
 1420              		.syntax unified
 1421              		.thumb
 1422              		.thumb_func
 1424              	lv_obj_set_style_color_filter_opa:
 1425              		@ args = 0, pretend = 0, frame = 0
 1426              		@ frame_needed = 0, uses_anonymous_args = 0
 1427              		@ link register save eliminated.
 1428 0000 1346     		mov	r3, r2
 1429 0002 0A46     		mov	r2, r1
 1430 0004 6321     		movs	r1, #99
 1431 0006 FFF7FEBF 		b	lv_obj_set_local_style_prop
 1433 000a 00BF     		.section	.text.lv_obj_set_style_anim,"ax",%progbits
 1434              		.align	1
 1435              		.p2align 2,,3
 1436              		.global	lv_obj_set_style_anim
 1437              		.syntax unified
 1438              		.thumb
 1439              		.thumb_func
 1441              	lv_obj_set_style_anim:
 1442              		@ args = 0, pretend = 0, frame = 0
 1443              		@ frame_needed = 0, uses_anonymous_args = 0
 1444              		@ link register save eliminated.
 1445 0000 1346     		mov	r3, r2
 1446 0002 0A46     		mov	r2, r1
 1447 0004 6421     		movs	r1, #100
 1448 0006 FFF7FEBF 		b	lv_obj_set_local_style_prop
 1450 000a 00BF     		.section	.text.lv_obj_set_style_anim_time,"ax",%progbits
 1451              		.align	1
 1452              		.p2align 2,,3
 1453              		.global	lv_obj_set_style_anim_time
 1454              		.syntax unified
 1455              		.thumb
 1456              		.thumb_func
 1458              	lv_obj_set_style_anim_time:
 1459              		@ args = 0, pretend = 0, frame = 0
 1460              		@ frame_needed = 0, uses_anonymous_args = 0
 1461              		@ link register save eliminated.
 1462 0000 1346     		mov	r3, r2
 1463 0002 0A46     		mov	r2, r1
 1464 0004 6521     		movs	r1, #101
 1465 0006 FFF7FEBF 		b	lv_obj_set_local_style_prop
 1467 000a 00BF     		.section	.text.lv_obj_set_style_anim_speed,"ax",%progbits
 1468              		.align	1
 1469              		.p2align 2,,3
 1470              		.global	lv_obj_set_style_anim_speed
 1471              		.syntax unified
ARM GAS  /var/folders/lp/x54gwt890xv47sdkqj1k04q40000gn/T//ccZfGIQi.s 			page 24


 1472              		.thumb
 1473              		.thumb_func
 1475              	lv_obj_set_style_anim_speed:
 1476              		@ args = 0, pretend = 0, frame = 0
 1477              		@ frame_needed = 0, uses_anonymous_args = 0
 1478              		@ link register save eliminated.
 1479 0000 1346     		mov	r3, r2
 1480 0002 0A46     		mov	r2, r1
 1481 0004 6621     		movs	r1, #102
 1482 0006 FFF7FEBF 		b	lv_obj_set_local_style_prop
 1484 000a 00BF     		.section	.text.lv_obj_set_style_transition,"ax",%progbits
 1485              		.align	1
 1486              		.p2align 2,,3
 1487              		.global	lv_obj_set_style_transition
 1488              		.syntax unified
 1489              		.thumb
 1490              		.thumb_func
 1492              	lv_obj_set_style_transition:
 1493              		@ args = 0, pretend = 0, frame = 0
 1494              		@ frame_needed = 0, uses_anonymous_args = 0
 1495              		@ link register save eliminated.
 1496 0000 1346     		mov	r3, r2
 1497 0002 0A46     		mov	r2, r1
 1498 0004 6721     		movs	r1, #103
 1499 0006 FFF7FEBF 		b	lv_obj_set_local_style_prop
 1501 000a 00BF     		.section	.text.lv_obj_set_style_blend_mode,"ax",%progbits
 1502              		.align	1
 1503              		.p2align 2,,3
 1504              		.global	lv_obj_set_style_blend_mode
 1505              		.syntax unified
 1506              		.thumb
 1507              		.thumb_func
 1509              	lv_obj_set_style_blend_mode:
 1510              		@ args = 0, pretend = 0, frame = 0
 1511              		@ frame_needed = 0, uses_anonymous_args = 0
 1512              		@ link register save eliminated.
 1513 0000 1346     		mov	r3, r2
 1514 0002 0A46     		mov	r2, r1
 1515 0004 6821     		movs	r1, #104
 1516 0006 FFF7FEBF 		b	lv_obj_set_local_style_prop
 1518 000a 00BF     		.section	.text.lv_obj_set_style_layout,"ax",%progbits
 1519              		.align	1
 1520              		.p2align 2,,3
 1521              		.global	lv_obj_set_style_layout
 1522              		.syntax unified
 1523              		.thumb
 1524              		.thumb_func
 1526              	lv_obj_set_style_layout:
 1527              		@ args = 0, pretend = 0, frame = 0
 1528              		@ frame_needed = 0, uses_anonymous_args = 0
 1529              		@ link register save eliminated.
 1530 0000 1346     		mov	r3, r2
 1531 0002 0A46     		mov	r2, r1
 1532 0004 0A21     		movs	r1, #10
 1533 0006 FFF7FEBF 		b	lv_obj_set_local_style_prop
 1535 000a 00BF     		.section	.text.lv_obj_set_style_base_dir,"ax",%progbits
 1536              		.align	1
ARM GAS  /var/folders/lp/x54gwt890xv47sdkqj1k04q40000gn/T//ccZfGIQi.s 			page 25


 1537              		.p2align 2,,3
 1538              		.global	lv_obj_set_style_base_dir
 1539              		.syntax unified
 1540              		.thumb
 1541              		.thumb_func
 1543              	lv_obj_set_style_base_dir:
 1544              		@ args = 0, pretend = 0, frame = 0
 1545              		@ frame_needed = 0, uses_anonymous_args = 0
 1546              		@ link register save eliminated.
 1547 0000 1346     		mov	r3, r2
 1548 0002 0A46     		mov	r2, r1
 1549 0004 1621     		movs	r1, #22
 1550 0006 FFF7FEBF 		b	lv_obj_set_local_style_prop
 1552 000a 00BF     		.ident	"GCC: (xPack GNU Arm Embedded GCC arm64) 13.3.1 20240614"
ARM GAS  /var/folders/lp/x54gwt890xv47sdkqj1k04q40000gn/T//ccZfGIQi.s 			page 26


DEFINED SYMBOLS
                            *ABS*:00000000 lv_obj_style_gen.c
/var/folders/lp/x54gwt890xv47sdkqj1k04q40000gn/T//ccZfGIQi.s:18     .text.lv_obj_set_style_width:00000000 $t
/var/folders/lp/x54gwt890xv47sdkqj1k04q40000gn/T//ccZfGIQi.s:25     .text.lv_obj_set_style_width:00000000 lv_obj_set_style_width
/var/folders/lp/x54gwt890xv47sdkqj1k04q40000gn/T//ccZfGIQi.s:35     .text.lv_obj_set_style_min_width:00000000 $t
/var/folders/lp/x54gwt890xv47sdkqj1k04q40000gn/T//ccZfGIQi.s:42     .text.lv_obj_set_style_min_width:00000000 lv_obj_set_style_min_width
/var/folders/lp/x54gwt890xv47sdkqj1k04q40000gn/T//ccZfGIQi.s:52     .text.lv_obj_set_style_max_width:00000000 $t
/var/folders/lp/x54gwt890xv47sdkqj1k04q40000gn/T//ccZfGIQi.s:59     .text.lv_obj_set_style_max_width:00000000 lv_obj_set_style_max_width
/var/folders/lp/x54gwt890xv47sdkqj1k04q40000gn/T//ccZfGIQi.s:69     .text.lv_obj_set_style_height:00000000 $t
/var/folders/lp/x54gwt890xv47sdkqj1k04q40000gn/T//ccZfGIQi.s:76     .text.lv_obj_set_style_height:00000000 lv_obj_set_style_height
/var/folders/lp/x54gwt890xv47sdkqj1k04q40000gn/T//ccZfGIQi.s:86     .text.lv_obj_set_style_min_height:00000000 $t
/var/folders/lp/x54gwt890xv47sdkqj1k04q40000gn/T//ccZfGIQi.s:93     .text.lv_obj_set_style_min_height:00000000 lv_obj_set_style_min_height
/var/folders/lp/x54gwt890xv47sdkqj1k04q40000gn/T//ccZfGIQi.s:103    .text.lv_obj_set_style_max_height:00000000 $t
/var/folders/lp/x54gwt890xv47sdkqj1k04q40000gn/T//ccZfGIQi.s:110    .text.lv_obj_set_style_max_height:00000000 lv_obj_set_style_max_height
/var/folders/lp/x54gwt890xv47sdkqj1k04q40000gn/T//ccZfGIQi.s:120    .text.lv_obj_set_style_x:00000000 $t
/var/folders/lp/x54gwt890xv47sdkqj1k04q40000gn/T//ccZfGIQi.s:127    .text.lv_obj_set_style_x:00000000 lv_obj_set_style_x
/var/folders/lp/x54gwt890xv47sdkqj1k04q40000gn/T//ccZfGIQi.s:137    .text.lv_obj_set_style_y:00000000 $t
/var/folders/lp/x54gwt890xv47sdkqj1k04q40000gn/T//ccZfGIQi.s:144    .text.lv_obj_set_style_y:00000000 lv_obj_set_style_y
/var/folders/lp/x54gwt890xv47sdkqj1k04q40000gn/T//ccZfGIQi.s:154    .text.lv_obj_set_style_align:00000000 $t
/var/folders/lp/x54gwt890xv47sdkqj1k04q40000gn/T//ccZfGIQi.s:161    .text.lv_obj_set_style_align:00000000 lv_obj_set_style_align
/var/folders/lp/x54gwt890xv47sdkqj1k04q40000gn/T//ccZfGIQi.s:171    .text.lv_obj_set_style_transform_width:00000000 $t
/var/folders/lp/x54gwt890xv47sdkqj1k04q40000gn/T//ccZfGIQi.s:178    .text.lv_obj_set_style_transform_width:00000000 lv_obj_set_style_transform_width
/var/folders/lp/x54gwt890xv47sdkqj1k04q40000gn/T//ccZfGIQi.s:188    .text.lv_obj_set_style_transform_height:00000000 $t
/var/folders/lp/x54gwt890xv47sdkqj1k04q40000gn/T//ccZfGIQi.s:195    .text.lv_obj_set_style_transform_height:00000000 lv_obj_set_style_transform_height
/var/folders/lp/x54gwt890xv47sdkqj1k04q40000gn/T//ccZfGIQi.s:205    .text.lv_obj_set_style_translate_x:00000000 $t
/var/folders/lp/x54gwt890xv47sdkqj1k04q40000gn/T//ccZfGIQi.s:212    .text.lv_obj_set_style_translate_x:00000000 lv_obj_set_style_translate_x
/var/folders/lp/x54gwt890xv47sdkqj1k04q40000gn/T//ccZfGIQi.s:222    .text.lv_obj_set_style_translate_y:00000000 $t
/var/folders/lp/x54gwt890xv47sdkqj1k04q40000gn/T//ccZfGIQi.s:229    .text.lv_obj_set_style_translate_y:00000000 lv_obj_set_style_translate_y
/var/folders/lp/x54gwt890xv47sdkqj1k04q40000gn/T//ccZfGIQi.s:239    .text.lv_obj_set_style_transform_zoom:00000000 $t
/var/folders/lp/x54gwt890xv47sdkqj1k04q40000gn/T//ccZfGIQi.s:246    .text.lv_obj_set_style_transform_zoom:00000000 lv_obj_set_style_transform_zoom
/var/folders/lp/x54gwt890xv47sdkqj1k04q40000gn/T//ccZfGIQi.s:256    .text.lv_obj_set_style_transform_angle:00000000 $t
/var/folders/lp/x54gwt890xv47sdkqj1k04q40000gn/T//ccZfGIQi.s:263    .text.lv_obj_set_style_transform_angle:00000000 lv_obj_set_style_transform_angle
/var/folders/lp/x54gwt890xv47sdkqj1k04q40000gn/T//ccZfGIQi.s:273    .text.lv_obj_set_style_transform_pivot_x:00000000 $t
/var/folders/lp/x54gwt890xv47sdkqj1k04q40000gn/T//ccZfGIQi.s:280    .text.lv_obj_set_style_transform_pivot_x:00000000 lv_obj_set_style_transform_pivot_x
/var/folders/lp/x54gwt890xv47sdkqj1k04q40000gn/T//ccZfGIQi.s:290    .text.lv_obj_set_style_transform_pivot_y:00000000 $t
/var/folders/lp/x54gwt890xv47sdkqj1k04q40000gn/T//ccZfGIQi.s:297    .text.lv_obj_set_style_transform_pivot_y:00000000 lv_obj_set_style_transform_pivot_y
/var/folders/lp/x54gwt890xv47sdkqj1k04q40000gn/T//ccZfGIQi.s:307    .text.lv_obj_set_style_pad_top:00000000 $t
/var/folders/lp/x54gwt890xv47sdkqj1k04q40000gn/T//ccZfGIQi.s:314    .text.lv_obj_set_style_pad_top:00000000 lv_obj_set_style_pad_top
/var/folders/lp/x54gwt890xv47sdkqj1k04q40000gn/T//ccZfGIQi.s:324    .text.lv_obj_set_style_pad_bottom:00000000 $t
/var/folders/lp/x54gwt890xv47sdkqj1k04q40000gn/T//ccZfGIQi.s:331    .text.lv_obj_set_style_pad_bottom:00000000 lv_obj_set_style_pad_bottom
/var/folders/lp/x54gwt890xv47sdkqj1k04q40000gn/T//ccZfGIQi.s:341    .text.lv_obj_set_style_pad_left:00000000 $t
/var/folders/lp/x54gwt890xv47sdkqj1k04q40000gn/T//ccZfGIQi.s:348    .text.lv_obj_set_style_pad_left:00000000 lv_obj_set_style_pad_left
/var/folders/lp/x54gwt890xv47sdkqj1k04q40000gn/T//ccZfGIQi.s:358    .text.lv_obj_set_style_pad_right:00000000 $t
/var/folders/lp/x54gwt890xv47sdkqj1k04q40000gn/T//ccZfGIQi.s:365    .text.lv_obj_set_style_pad_right:00000000 lv_obj_set_style_pad_right
/var/folders/lp/x54gwt890xv47sdkqj1k04q40000gn/T//ccZfGIQi.s:375    .text.lv_obj_set_style_pad_row:00000000 $t
/var/folders/lp/x54gwt890xv47sdkqj1k04q40000gn/T//ccZfGIQi.s:382    .text.lv_obj_set_style_pad_row:00000000 lv_obj_set_style_pad_row
/var/folders/lp/x54gwt890xv47sdkqj1k04q40000gn/T//ccZfGIQi.s:392    .text.lv_obj_set_style_pad_column:00000000 $t
/var/folders/lp/x54gwt890xv47sdkqj1k04q40000gn/T//ccZfGIQi.s:399    .text.lv_obj_set_style_pad_column:00000000 lv_obj_set_style_pad_column
/var/folders/lp/x54gwt890xv47sdkqj1k04q40000gn/T//ccZfGIQi.s:409    .text.lv_obj_set_style_bg_color:00000000 $t
/var/folders/lp/x54gwt890xv47sdkqj1k04q40000gn/T//ccZfGIQi.s:416    .text.lv_obj_set_style_bg_color:00000000 lv_obj_set_style_bg_color
/var/folders/lp/x54gwt890xv47sdkqj1k04q40000gn/T//ccZfGIQi.s:435    .text.lv_obj_set_style_bg_opa:00000000 $t
/var/folders/lp/x54gwt890xv47sdkqj1k04q40000gn/T//ccZfGIQi.s:442    .text.lv_obj_set_style_bg_opa:00000000 lv_obj_set_style_bg_opa
/var/folders/lp/x54gwt890xv47sdkqj1k04q40000gn/T//ccZfGIQi.s:452    .text.lv_obj_set_style_bg_grad_color:00000000 $t
/var/folders/lp/x54gwt890xv47sdkqj1k04q40000gn/T//ccZfGIQi.s:459    .text.lv_obj_set_style_bg_grad_color:00000000 lv_obj_set_style_bg_grad_color
/var/folders/lp/x54gwt890xv47sdkqj1k04q40000gn/T//ccZfGIQi.s:478    .text.lv_obj_set_style_bg_grad_dir:00000000 $t
/var/folders/lp/x54gwt890xv47sdkqj1k04q40000gn/T//ccZfGIQi.s:485    .text.lv_obj_set_style_bg_grad_dir:00000000 lv_obj_set_style_bg_grad_dir
/var/folders/lp/x54gwt890xv47sdkqj1k04q40000gn/T//ccZfGIQi.s:495    .text.lv_obj_set_style_bg_main_stop:00000000 $t
ARM GAS  /var/folders/lp/x54gwt890xv47sdkqj1k04q40000gn/T//ccZfGIQi.s 			page 27


/var/folders/lp/x54gwt890xv47sdkqj1k04q40000gn/T//ccZfGIQi.s:502    .text.lv_obj_set_style_bg_main_stop:00000000 lv_obj_set_style_bg_main_stop
/var/folders/lp/x54gwt890xv47sdkqj1k04q40000gn/T//ccZfGIQi.s:512    .text.lv_obj_set_style_bg_grad_stop:00000000 $t
/var/folders/lp/x54gwt890xv47sdkqj1k04q40000gn/T//ccZfGIQi.s:519    .text.lv_obj_set_style_bg_grad_stop:00000000 lv_obj_set_style_bg_grad_stop
/var/folders/lp/x54gwt890xv47sdkqj1k04q40000gn/T//ccZfGIQi.s:529    .text.lv_obj_set_style_bg_grad:00000000 $t
/var/folders/lp/x54gwt890xv47sdkqj1k04q40000gn/T//ccZfGIQi.s:536    .text.lv_obj_set_style_bg_grad:00000000 lv_obj_set_style_bg_grad
/var/folders/lp/x54gwt890xv47sdkqj1k04q40000gn/T//ccZfGIQi.s:546    .text.lv_obj_set_style_bg_dither_mode:00000000 $t
/var/folders/lp/x54gwt890xv47sdkqj1k04q40000gn/T//ccZfGIQi.s:553    .text.lv_obj_set_style_bg_dither_mode:00000000 lv_obj_set_style_bg_dither_mode
/var/folders/lp/x54gwt890xv47sdkqj1k04q40000gn/T//ccZfGIQi.s:563    .text.lv_obj_set_style_bg_img_src:00000000 $t
/var/folders/lp/x54gwt890xv47sdkqj1k04q40000gn/T//ccZfGIQi.s:570    .text.lv_obj_set_style_bg_img_src:00000000 lv_obj_set_style_bg_img_src
/var/folders/lp/x54gwt890xv47sdkqj1k04q40000gn/T//ccZfGIQi.s:580    .text.lv_obj_set_style_bg_img_opa:00000000 $t
/var/folders/lp/x54gwt890xv47sdkqj1k04q40000gn/T//ccZfGIQi.s:587    .text.lv_obj_set_style_bg_img_opa:00000000 lv_obj_set_style_bg_img_opa
/var/folders/lp/x54gwt890xv47sdkqj1k04q40000gn/T//ccZfGIQi.s:597    .text.lv_obj_set_style_bg_img_recolor:00000000 $t
/var/folders/lp/x54gwt890xv47sdkqj1k04q40000gn/T//ccZfGIQi.s:604    .text.lv_obj_set_style_bg_img_recolor:00000000 lv_obj_set_style_bg_img_recolor
/var/folders/lp/x54gwt890xv47sdkqj1k04q40000gn/T//ccZfGIQi.s:623    .text.lv_obj_set_style_bg_img_recolor_opa:00000000 $t
/var/folders/lp/x54gwt890xv47sdkqj1k04q40000gn/T//ccZfGIQi.s:630    .text.lv_obj_set_style_bg_img_recolor_opa:00000000 lv_obj_set_style_bg_img_recolor_opa
/var/folders/lp/x54gwt890xv47sdkqj1k04q40000gn/T//ccZfGIQi.s:640    .text.lv_obj_set_style_bg_img_tiled:00000000 $t
/var/folders/lp/x54gwt890xv47sdkqj1k04q40000gn/T//ccZfGIQi.s:647    .text.lv_obj_set_style_bg_img_tiled:00000000 lv_obj_set_style_bg_img_tiled
/var/folders/lp/x54gwt890xv47sdkqj1k04q40000gn/T//ccZfGIQi.s:657    .text.lv_obj_set_style_border_color:00000000 $t
/var/folders/lp/x54gwt890xv47sdkqj1k04q40000gn/T//ccZfGIQi.s:664    .text.lv_obj_set_style_border_color:00000000 lv_obj_set_style_border_color
/var/folders/lp/x54gwt890xv47sdkqj1k04q40000gn/T//ccZfGIQi.s:683    .text.lv_obj_set_style_border_opa:00000000 $t
/var/folders/lp/x54gwt890xv47sdkqj1k04q40000gn/T//ccZfGIQi.s:690    .text.lv_obj_set_style_border_opa:00000000 lv_obj_set_style_border_opa
/var/folders/lp/x54gwt890xv47sdkqj1k04q40000gn/T//ccZfGIQi.s:700    .text.lv_obj_set_style_border_width:00000000 $t
/var/folders/lp/x54gwt890xv47sdkqj1k04q40000gn/T//ccZfGIQi.s:707    .text.lv_obj_set_style_border_width:00000000 lv_obj_set_style_border_width
/var/folders/lp/x54gwt890xv47sdkqj1k04q40000gn/T//ccZfGIQi.s:717    .text.lv_obj_set_style_border_side:00000000 $t
/var/folders/lp/x54gwt890xv47sdkqj1k04q40000gn/T//ccZfGIQi.s:724    .text.lv_obj_set_style_border_side:00000000 lv_obj_set_style_border_side
/var/folders/lp/x54gwt890xv47sdkqj1k04q40000gn/T//ccZfGIQi.s:734    .text.lv_obj_set_style_border_post:00000000 $t
/var/folders/lp/x54gwt890xv47sdkqj1k04q40000gn/T//ccZfGIQi.s:741    .text.lv_obj_set_style_border_post:00000000 lv_obj_set_style_border_post
/var/folders/lp/x54gwt890xv47sdkqj1k04q40000gn/T//ccZfGIQi.s:751    .text.lv_obj_set_style_outline_width:00000000 $t
/var/folders/lp/x54gwt890xv47sdkqj1k04q40000gn/T//ccZfGIQi.s:758    .text.lv_obj_set_style_outline_width:00000000 lv_obj_set_style_outline_width
/var/folders/lp/x54gwt890xv47sdkqj1k04q40000gn/T//ccZfGIQi.s:768    .text.lv_obj_set_style_outline_color:00000000 $t
/var/folders/lp/x54gwt890xv47sdkqj1k04q40000gn/T//ccZfGIQi.s:775    .text.lv_obj_set_style_outline_color:00000000 lv_obj_set_style_outline_color
/var/folders/lp/x54gwt890xv47sdkqj1k04q40000gn/T//ccZfGIQi.s:794    .text.lv_obj_set_style_outline_opa:00000000 $t
/var/folders/lp/x54gwt890xv47sdkqj1k04q40000gn/T//ccZfGIQi.s:801    .text.lv_obj_set_style_outline_opa:00000000 lv_obj_set_style_outline_opa
/var/folders/lp/x54gwt890xv47sdkqj1k04q40000gn/T//ccZfGIQi.s:811    .text.lv_obj_set_style_outline_pad:00000000 $t
/var/folders/lp/x54gwt890xv47sdkqj1k04q40000gn/T//ccZfGIQi.s:818    .text.lv_obj_set_style_outline_pad:00000000 lv_obj_set_style_outline_pad
/var/folders/lp/x54gwt890xv47sdkqj1k04q40000gn/T//ccZfGIQi.s:828    .text.lv_obj_set_style_shadow_width:00000000 $t
/var/folders/lp/x54gwt890xv47sdkqj1k04q40000gn/T//ccZfGIQi.s:835    .text.lv_obj_set_style_shadow_width:00000000 lv_obj_set_style_shadow_width
/var/folders/lp/x54gwt890xv47sdkqj1k04q40000gn/T//ccZfGIQi.s:845    .text.lv_obj_set_style_shadow_ofs_x:00000000 $t
/var/folders/lp/x54gwt890xv47sdkqj1k04q40000gn/T//ccZfGIQi.s:852    .text.lv_obj_set_style_shadow_ofs_x:00000000 lv_obj_set_style_shadow_ofs_x
/var/folders/lp/x54gwt890xv47sdkqj1k04q40000gn/T//ccZfGIQi.s:862    .text.lv_obj_set_style_shadow_ofs_y:00000000 $t
/var/folders/lp/x54gwt890xv47sdkqj1k04q40000gn/T//ccZfGIQi.s:869    .text.lv_obj_set_style_shadow_ofs_y:00000000 lv_obj_set_style_shadow_ofs_y
/var/folders/lp/x54gwt890xv47sdkqj1k04q40000gn/T//ccZfGIQi.s:879    .text.lv_obj_set_style_shadow_spread:00000000 $t
/var/folders/lp/x54gwt890xv47sdkqj1k04q40000gn/T//ccZfGIQi.s:886    .text.lv_obj_set_style_shadow_spread:00000000 lv_obj_set_style_shadow_spread
/var/folders/lp/x54gwt890xv47sdkqj1k04q40000gn/T//ccZfGIQi.s:896    .text.lv_obj_set_style_shadow_color:00000000 $t
/var/folders/lp/x54gwt890xv47sdkqj1k04q40000gn/T//ccZfGIQi.s:903    .text.lv_obj_set_style_shadow_color:00000000 lv_obj_set_style_shadow_color
/var/folders/lp/x54gwt890xv47sdkqj1k04q40000gn/T//ccZfGIQi.s:922    .text.lv_obj_set_style_shadow_opa:00000000 $t
/var/folders/lp/x54gwt890xv47sdkqj1k04q40000gn/T//ccZfGIQi.s:929    .text.lv_obj_set_style_shadow_opa:00000000 lv_obj_set_style_shadow_opa
/var/folders/lp/x54gwt890xv47sdkqj1k04q40000gn/T//ccZfGIQi.s:939    .text.lv_obj_set_style_img_opa:00000000 $t
/var/folders/lp/x54gwt890xv47sdkqj1k04q40000gn/T//ccZfGIQi.s:946    .text.lv_obj_set_style_img_opa:00000000 lv_obj_set_style_img_opa
/var/folders/lp/x54gwt890xv47sdkqj1k04q40000gn/T//ccZfGIQi.s:956    .text.lv_obj_set_style_img_recolor:00000000 $t
/var/folders/lp/x54gwt890xv47sdkqj1k04q40000gn/T//ccZfGIQi.s:963    .text.lv_obj_set_style_img_recolor:00000000 lv_obj_set_style_img_recolor
/var/folders/lp/x54gwt890xv47sdkqj1k04q40000gn/T//ccZfGIQi.s:982    .text.lv_obj_set_style_img_recolor_opa:00000000 $t
/var/folders/lp/x54gwt890xv47sdkqj1k04q40000gn/T//ccZfGIQi.s:989    .text.lv_obj_set_style_img_recolor_opa:00000000 lv_obj_set_style_img_recolor_opa
/var/folders/lp/x54gwt890xv47sdkqj1k04q40000gn/T//ccZfGIQi.s:999    .text.lv_obj_set_style_line_width:00000000 $t
/var/folders/lp/x54gwt890xv47sdkqj1k04q40000gn/T//ccZfGIQi.s:1006   .text.lv_obj_set_style_line_width:00000000 lv_obj_set_style_line_width
/var/folders/lp/x54gwt890xv47sdkqj1k04q40000gn/T//ccZfGIQi.s:1016   .text.lv_obj_set_style_line_dash_width:00000000 $t
/var/folders/lp/x54gwt890xv47sdkqj1k04q40000gn/T//ccZfGIQi.s:1023   .text.lv_obj_set_style_line_dash_width:00000000 lv_obj_set_style_line_dash_width
ARM GAS  /var/folders/lp/x54gwt890xv47sdkqj1k04q40000gn/T//ccZfGIQi.s 			page 28


/var/folders/lp/x54gwt890xv47sdkqj1k04q40000gn/T//ccZfGIQi.s:1033   .text.lv_obj_set_style_line_dash_gap:00000000 $t
/var/folders/lp/x54gwt890xv47sdkqj1k04q40000gn/T//ccZfGIQi.s:1040   .text.lv_obj_set_style_line_dash_gap:00000000 lv_obj_set_style_line_dash_gap
/var/folders/lp/x54gwt890xv47sdkqj1k04q40000gn/T//ccZfGIQi.s:1050   .text.lv_obj_set_style_line_rounded:00000000 $t
/var/folders/lp/x54gwt890xv47sdkqj1k04q40000gn/T//ccZfGIQi.s:1057   .text.lv_obj_set_style_line_rounded:00000000 lv_obj_set_style_line_rounded
/var/folders/lp/x54gwt890xv47sdkqj1k04q40000gn/T//ccZfGIQi.s:1067   .text.lv_obj_set_style_line_color:00000000 $t
/var/folders/lp/x54gwt890xv47sdkqj1k04q40000gn/T//ccZfGIQi.s:1074   .text.lv_obj_set_style_line_color:00000000 lv_obj_set_style_line_color
/var/folders/lp/x54gwt890xv47sdkqj1k04q40000gn/T//ccZfGIQi.s:1093   .text.lv_obj_set_style_line_opa:00000000 $t
/var/folders/lp/x54gwt890xv47sdkqj1k04q40000gn/T//ccZfGIQi.s:1100   .text.lv_obj_set_style_line_opa:00000000 lv_obj_set_style_line_opa
/var/folders/lp/x54gwt890xv47sdkqj1k04q40000gn/T//ccZfGIQi.s:1110   .text.lv_obj_set_style_arc_width:00000000 $t
/var/folders/lp/x54gwt890xv47sdkqj1k04q40000gn/T//ccZfGIQi.s:1117   .text.lv_obj_set_style_arc_width:00000000 lv_obj_set_style_arc_width
/var/folders/lp/x54gwt890xv47sdkqj1k04q40000gn/T//ccZfGIQi.s:1127   .text.lv_obj_set_style_arc_rounded:00000000 $t
/var/folders/lp/x54gwt890xv47sdkqj1k04q40000gn/T//ccZfGIQi.s:1134   .text.lv_obj_set_style_arc_rounded:00000000 lv_obj_set_style_arc_rounded
/var/folders/lp/x54gwt890xv47sdkqj1k04q40000gn/T//ccZfGIQi.s:1144   .text.lv_obj_set_style_arc_color:00000000 $t
/var/folders/lp/x54gwt890xv47sdkqj1k04q40000gn/T//ccZfGIQi.s:1151   .text.lv_obj_set_style_arc_color:00000000 lv_obj_set_style_arc_color
/var/folders/lp/x54gwt890xv47sdkqj1k04q40000gn/T//ccZfGIQi.s:1170   .text.lv_obj_set_style_arc_opa:00000000 $t
/var/folders/lp/x54gwt890xv47sdkqj1k04q40000gn/T//ccZfGIQi.s:1177   .text.lv_obj_set_style_arc_opa:00000000 lv_obj_set_style_arc_opa
/var/folders/lp/x54gwt890xv47sdkqj1k04q40000gn/T//ccZfGIQi.s:1187   .text.lv_obj_set_style_arc_img_src:00000000 $t
/var/folders/lp/x54gwt890xv47sdkqj1k04q40000gn/T//ccZfGIQi.s:1194   .text.lv_obj_set_style_arc_img_src:00000000 lv_obj_set_style_arc_img_src
/var/folders/lp/x54gwt890xv47sdkqj1k04q40000gn/T//ccZfGIQi.s:1204   .text.lv_obj_set_style_text_color:00000000 $t
/var/folders/lp/x54gwt890xv47sdkqj1k04q40000gn/T//ccZfGIQi.s:1211   .text.lv_obj_set_style_text_color:00000000 lv_obj_set_style_text_color
/var/folders/lp/x54gwt890xv47sdkqj1k04q40000gn/T//ccZfGIQi.s:1230   .text.lv_obj_set_style_text_opa:00000000 $t
/var/folders/lp/x54gwt890xv47sdkqj1k04q40000gn/T//ccZfGIQi.s:1237   .text.lv_obj_set_style_text_opa:00000000 lv_obj_set_style_text_opa
/var/folders/lp/x54gwt890xv47sdkqj1k04q40000gn/T//ccZfGIQi.s:1247   .text.lv_obj_set_style_text_font:00000000 $t
/var/folders/lp/x54gwt890xv47sdkqj1k04q40000gn/T//ccZfGIQi.s:1254   .text.lv_obj_set_style_text_font:00000000 lv_obj_set_style_text_font
/var/folders/lp/x54gwt890xv47sdkqj1k04q40000gn/T//ccZfGIQi.s:1264   .text.lv_obj_set_style_text_letter_space:00000000 $t
/var/folders/lp/x54gwt890xv47sdkqj1k04q40000gn/T//ccZfGIQi.s:1271   .text.lv_obj_set_style_text_letter_space:00000000 lv_obj_set_style_text_letter_space
/var/folders/lp/x54gwt890xv47sdkqj1k04q40000gn/T//ccZfGIQi.s:1281   .text.lv_obj_set_style_text_line_space:00000000 $t
/var/folders/lp/x54gwt890xv47sdkqj1k04q40000gn/T//ccZfGIQi.s:1288   .text.lv_obj_set_style_text_line_space:00000000 lv_obj_set_style_text_line_space
/var/folders/lp/x54gwt890xv47sdkqj1k04q40000gn/T//ccZfGIQi.s:1298   .text.lv_obj_set_style_text_decor:00000000 $t
/var/folders/lp/x54gwt890xv47sdkqj1k04q40000gn/T//ccZfGIQi.s:1305   .text.lv_obj_set_style_text_decor:00000000 lv_obj_set_style_text_decor
/var/folders/lp/x54gwt890xv47sdkqj1k04q40000gn/T//ccZfGIQi.s:1315   .text.lv_obj_set_style_text_align:00000000 $t
/var/folders/lp/x54gwt890xv47sdkqj1k04q40000gn/T//ccZfGIQi.s:1322   .text.lv_obj_set_style_text_align:00000000 lv_obj_set_style_text_align
/var/folders/lp/x54gwt890xv47sdkqj1k04q40000gn/T//ccZfGIQi.s:1332   .text.lv_obj_set_style_radius:00000000 $t
/var/folders/lp/x54gwt890xv47sdkqj1k04q40000gn/T//ccZfGIQi.s:1339   .text.lv_obj_set_style_radius:00000000 lv_obj_set_style_radius
/var/folders/lp/x54gwt890xv47sdkqj1k04q40000gn/T//ccZfGIQi.s:1349   .text.lv_obj_set_style_clip_corner:00000000 $t
/var/folders/lp/x54gwt890xv47sdkqj1k04q40000gn/T//ccZfGIQi.s:1356   .text.lv_obj_set_style_clip_corner:00000000 lv_obj_set_style_clip_corner
/var/folders/lp/x54gwt890xv47sdkqj1k04q40000gn/T//ccZfGIQi.s:1366   .text.lv_obj_set_style_opa:00000000 $t
/var/folders/lp/x54gwt890xv47sdkqj1k04q40000gn/T//ccZfGIQi.s:1373   .text.lv_obj_set_style_opa:00000000 lv_obj_set_style_opa
/var/folders/lp/x54gwt890xv47sdkqj1k04q40000gn/T//ccZfGIQi.s:1383   .text.lv_obj_set_style_opa_layered:00000000 $t
/var/folders/lp/x54gwt890xv47sdkqj1k04q40000gn/T//ccZfGIQi.s:1390   .text.lv_obj_set_style_opa_layered:00000000 lv_obj_set_style_opa_layered
/var/folders/lp/x54gwt890xv47sdkqj1k04q40000gn/T//ccZfGIQi.s:1400   .text.lv_obj_set_style_color_filter_dsc:00000000 $t
/var/folders/lp/x54gwt890xv47sdkqj1k04q40000gn/T//ccZfGIQi.s:1407   .text.lv_obj_set_style_color_filter_dsc:00000000 lv_obj_set_style_color_filter_dsc
/var/folders/lp/x54gwt890xv47sdkqj1k04q40000gn/T//ccZfGIQi.s:1417   .text.lv_obj_set_style_color_filter_opa:00000000 $t
/var/folders/lp/x54gwt890xv47sdkqj1k04q40000gn/T//ccZfGIQi.s:1424   .text.lv_obj_set_style_color_filter_opa:00000000 lv_obj_set_style_color_filter_opa
/var/folders/lp/x54gwt890xv47sdkqj1k04q40000gn/T//ccZfGIQi.s:1434   .text.lv_obj_set_style_anim:00000000 $t
/var/folders/lp/x54gwt890xv47sdkqj1k04q40000gn/T//ccZfGIQi.s:1441   .text.lv_obj_set_style_anim:00000000 lv_obj_set_style_anim
/var/folders/lp/x54gwt890xv47sdkqj1k04q40000gn/T//ccZfGIQi.s:1451   .text.lv_obj_set_style_anim_time:00000000 $t
/var/folders/lp/x54gwt890xv47sdkqj1k04q40000gn/T//ccZfGIQi.s:1458   .text.lv_obj_set_style_anim_time:00000000 lv_obj_set_style_anim_time
/var/folders/lp/x54gwt890xv47sdkqj1k04q40000gn/T//ccZfGIQi.s:1468   .text.lv_obj_set_style_anim_speed:00000000 $t
/var/folders/lp/x54gwt890xv47sdkqj1k04q40000gn/T//ccZfGIQi.s:1475   .text.lv_obj_set_style_anim_speed:00000000 lv_obj_set_style_anim_speed
/var/folders/lp/x54gwt890xv47sdkqj1k04q40000gn/T//ccZfGIQi.s:1485   .text.lv_obj_set_style_transition:00000000 $t
/var/folders/lp/x54gwt890xv47sdkqj1k04q40000gn/T//ccZfGIQi.s:1492   .text.lv_obj_set_style_transition:00000000 lv_obj_set_style_transition
/var/folders/lp/x54gwt890xv47sdkqj1k04q40000gn/T//ccZfGIQi.s:1502   .text.lv_obj_set_style_blend_mode:00000000 $t
/var/folders/lp/x54gwt890xv47sdkqj1k04q40000gn/T//ccZfGIQi.s:1509   .text.lv_obj_set_style_blend_mode:00000000 lv_obj_set_style_blend_mode
/var/folders/lp/x54gwt890xv47sdkqj1k04q40000gn/T//ccZfGIQi.s:1519   .text.lv_obj_set_style_layout:00000000 $t
/var/folders/lp/x54gwt890xv47sdkqj1k04q40000gn/T//ccZfGIQi.s:1526   .text.lv_obj_set_style_layout:00000000 lv_obj_set_style_layout
/var/folders/lp/x54gwt890xv47sdkqj1k04q40000gn/T//ccZfGIQi.s:1536   .text.lv_obj_set_style_base_dir:00000000 $t
ARM GAS  /var/folders/lp/x54gwt890xv47sdkqj1k04q40000gn/T//ccZfGIQi.s 			page 29


/var/folders/lp/x54gwt890xv47sdkqj1k04q40000gn/T//ccZfGIQi.s:1543   .text.lv_obj_set_style_base_dir:00000000 lv_obj_set_style_base_dir

UNDEFINED SYMBOLS
lv_obj_set_local_style_prop
