ARM GAS  /var/folders/lp/x54gwt890xv47sdkqj1k04q40000gn/T//cclcdmZo.s 			page 1


   1              		.cpu cortex-m4
   2              		.arch armv7e-m
   3              		.fpu fpv4-sp-d16
   4              		.eabi_attribute 27, 1
   5              		.eabi_attribute 28, 1
   6              		.eabi_attribute 20, 1
   7              		.eabi_attribute 21, 1
   8              		.eabi_attribute 23, 3
   9              		.eabi_attribute 24, 1
  10              		.eabi_attribute 25, 1
  11              		.eabi_attribute 26, 1
  12              		.eabi_attribute 30, 2
  13              		.eabi_attribute 34, 1
  14              		.eabi_attribute 18, 4
  15              		.file	"lv_obj_draw.c"
  16              		.text
  17              		.section	.text.lv_obj_init_draw_rect_dsc,"ax",%progbits
  18              		.align	1
  19              		.p2align 2,,3
  20              		.global	lv_obj_init_draw_rect_dsc
  21              		.syntax unified
  22              		.thumb
  23              		.thumb_func
  25              	lv_obj_init_draw_rect_dsc:
  26              		@ args = 0, pretend = 0, frame = 0
  27              		@ frame_needed = 0, uses_anonymous_args = 0
  28 0000 F8B5     		push	{r3, r4, r5, r6, r7, lr}
  29 0002 0646     		mov	r6, r0
  30 0004 0D46     		mov	r5, r1
  31 0006 1446     		mov	r4, r2
  32 0008 FFF7FEFF 		bl	lv_obj_get_style_opa_recursive
  33 000c 0746     		mov	r7, r0
  34 000e 8DB1     		cbz	r5, .L2
  35 0010 0228     		cmp	r0, #2
  36 0012 09D8     		bhi	.L3
  37 0014 0023     		movs	r3, #0
  38 0016 E370     		strb	r3, [r4, #3]
  39 0018 A376     		strb	r3, [r4, #26]
  40 001a 84F82230 		strb	r3, [r4, #34]
  41 001e 84F82A30 		strb	r3, [r4, #42]
  42 0022 84F83630 		strb	r3, [r4, #54]
  43              	.L1:
  44 0026 F8BD     		pop	{r3, r4, r5, r6, r7, pc}
  45              	.L3:
  46 0028 6822     		movs	r2, #104
  47 002a 2946     		mov	r1, r5
  48 002c 3046     		mov	r0, r6
  49 002e FFF7FEFF 		bl	lv_obj_get_style_prop
  50 0032 A070     		strb	r0, [r4, #2]
  51              	.L2:
  52 0034 0B22     		movs	r2, #11
  53 0036 2946     		mov	r1, r5
  54 0038 3046     		mov	r0, r6
  55 003a FFF7FEFF 		bl	lv_obj_get_style_prop
  56 003e E378     		ldrb	r3, [r4, #3]	@ zero_extendqisi2
  57 0040 2080     		strh	r0, [r4]	@ movhi
  58 0042 002B     		cmp	r3, #0
ARM GAS  /var/folders/lp/x54gwt890xv47sdkqj1k04q40000gn/T//cclcdmZo.s 			page 2


  59 0044 43D1     		bne	.L49
  60              	.L6:
  61 0046 3222     		movs	r2, #50
  62 0048 2946     		mov	r1, r5
  63 004a 3046     		mov	r0, r6
  64 004c FFF7FEFF 		bl	lv_obj_get_style_prop
  65 0050 00B2     		sxth	r0, r0
  66 0052 2084     		strh	r0, [r4, #32]	@ movhi
  67 0054 20B1     		cbz	r0, .L11
  68 0056 94F82230 		ldrb	r3, [r4, #34]	@ zero_extendqisi2
  69 005a 002B     		cmp	r3, #0
  70 005c 40F0D480 		bne	.L50
  71              	.L11:
  72 0060 3522     		movs	r2, #53
  73 0062 2946     		mov	r1, r5
  74 0064 3046     		mov	r0, r6
  75 0066 FFF7FEFF 		bl	lv_obj_get_style_prop
  76 006a 00B2     		sxth	r0, r0
  77 006c E084     		strh	r0, [r4, #38]	@ movhi
  78 006e 20B1     		cbz	r0, .L14
  79 0070 94F82A30 		ldrb	r3, [r4, #42]	@ zero_extendqisi2
  80 0074 002B     		cmp	r3, #0
  81 0076 40F0E980 		bne	.L51
  82              	.L14:
  83 007a A37E     		ldrb	r3, [r4, #26]	@ zero_extendqisi2
  84 007c 002B     		cmp	r3, #0
  85 007e 40F08F80 		bne	.L52
  86              	.L17:
  87 0082 94F83630 		ldrb	r3, [r4, #54]	@ zero_extendqisi2
  88 0086 002B     		cmp	r3, #0
  89 0088 55D1     		bne	.L53
  90              	.L21:
  91 008a FC2F     		cmp	r7, #252
  92 008c CBD8     		bhi	.L1
  93 008e E278     		ldrb	r2, [r4, #3]	@ zero_extendqisi2
  94 0090 A37E     		ldrb	r3, [r4, #26]	@ zero_extendqisi2
  95 0092 94F82210 		ldrb	r1, [r4, #34]	@ zero_extendqisi2
  96 0096 12FB07F2 		smulbb	r2, r2, r7
  97 009a 13FB07F3 		smulbb	r3, r3, r7
  98 009e 1212     		asrs	r2, r2, #8
  99 00a0 1B12     		asrs	r3, r3, #8
 100 00a2 E270     		strb	r2, [r4, #3]
 101 00a4 A376     		strb	r3, [r4, #26]
 102 00a6 94F82A20 		ldrb	r2, [r4, #42]	@ zero_extendqisi2
 103 00aa 94F83630 		ldrb	r3, [r4, #54]	@ zero_extendqisi2
 104 00ae 11FB07F1 		smulbb	r1, r1, r7
 105 00b2 12FB07F2 		smulbb	r2, r2, r7
 106 00b6 13FB07F3 		smulbb	r3, r3, r7
 107 00ba 0912     		asrs	r1, r1, #8
 108 00bc 1212     		asrs	r2, r2, #8
 109 00be 1B12     		asrs	r3, r3, #8
 110 00c0 84F82210 		strb	r1, [r4, #34]
 111 00c4 84F82A20 		strb	r2, [r4, #42]
 112 00c8 84F83630 		strb	r3, [r4, #54]
 113 00cc F8BD     		pop	{r3, r4, r5, r6, r7, pc}
 114              	.L49:
 115 00ce 2122     		movs	r2, #33
ARM GAS  /var/folders/lp/x54gwt890xv47sdkqj1k04q40000gn/T//cclcdmZo.s 			page 3


 116 00d0 2946     		mov	r1, r5
 117 00d2 3046     		mov	r0, r6
 118 00d4 FFF7FEFF 		bl	lv_obj_get_style_prop
 119 00d8 C0B2     		uxtb	r0, r0
 120 00da 0228     		cmp	r0, #2
 121 00dc E070     		strb	r0, [r4, #3]
 122 00de B2D9     		bls	.L6
 123 00e0 2022     		movs	r2, #32
 124 00e2 2946     		mov	r1, r5
 125 00e4 3046     		mov	r0, r6
 126 00e6 FFF7FEFF 		bl	lv_obj_get_style_prop
 127 00ea 2946     		mov	r1, r5
 128 00ec 0246     		mov	r2, r0
 129 00ee 3046     		mov	r0, r6
 130 00f0 FFF7FEFF 		bl	_lv_obj_style_apply_color_filter
 131 00f4 2622     		movs	r2, #38
 132 00f6 A080     		strh	r0, [r4, #4]	@ movhi
 133 00f8 2946     		mov	r1, r5
 134 00fa 3046     		mov	r0, r6
 135 00fc FFF7FEFF 		bl	lv_obj_get_style_prop
 136 0100 18B1     		cbz	r0, .L8
 137 0102 437A     		ldrb	r3, [r0, #9]	@ zero_extendqisi2
 138 0104 5A07     		lsls	r2, r3, #29
 139 0106 40F0BE80 		bne	.L54
 140              	.L8:
 141 010a 2322     		movs	r2, #35
 142 010c 2946     		mov	r1, r5
 143 010e 3046     		mov	r0, r6
 144 0110 FFF7FEFF 		bl	lv_obj_get_style_prop
 145 0114 E37B     		ldrb	r3, [r4, #15]	@ zero_extendqisi2
 146 0116 60F30203 		bfi	r3, r0, #0, #3
 147 011a E373     		strb	r3, [r4, #15]
 148 011c 5B07     		lsls	r3, r3, #29
 149 011e 40F0B880 		bne	.L55
 150              	.L9:
 151 0122 2722     		movs	r2, #39
 152 0124 2946     		mov	r1, r5
 153 0126 3046     		mov	r0, r6
 154 0128 FFF7FEFF 		bl	lv_obj_get_style_prop
 155 012c E37B     		ldrb	r3, [r4, #15]	@ zero_extendqisi2
 156 012e 60F3C503 		bfi	r3, r0, #3, #3
 157 0132 E373     		strb	r3, [r4, #15]
 158 0134 87E7     		b	.L6
 159              	.L53:
 160 0136 4022     		movs	r2, #64
 161 0138 2946     		mov	r1, r5
 162 013a 3046     		mov	r0, r6
 163 013c FFF7FEFF 		bl	lv_obj_get_style_prop
 164 0140 00B2     		sxth	r0, r0
 165 0142 E085     		strh	r0, [r4, #46]	@ movhi
 166 0144 0028     		cmp	r0, #0
 167 0146 A0D0     		beq	.L21
 168 0148 94F83630 		ldrb	r3, [r4, #54]	@ zero_extendqisi2
 169 014c 022B     		cmp	r3, #2
 170 014e 9CD9     		bls	.L21
 171 0150 4522     		movs	r2, #69
 172 0152 2946     		mov	r1, r5
ARM GAS  /var/folders/lp/x54gwt890xv47sdkqj1k04q40000gn/T//cclcdmZo.s 			page 4


 173 0154 3046     		mov	r0, r6
 174 0156 FFF7FEFF 		bl	lv_obj_get_style_prop
 175 015a C0B2     		uxtb	r0, r0
 176 015c 0228     		cmp	r0, #2
 177 015e 84F83600 		strb	r0, [r4, #54]
 178 0162 92D9     		bls	.L21
 179 0164 4122     		movs	r2, #65
 180 0166 2946     		mov	r1, r5
 181 0168 3046     		mov	r0, r6
 182 016a FFF7FEFF 		bl	lv_obj_get_style_prop
 183 016e 4222     		movs	r2, #66
 184 0170 2086     		strh	r0, [r4, #48]	@ movhi
 185 0172 2946     		mov	r1, r5
 186 0174 3046     		mov	r0, r6
 187 0176 FFF7FEFF 		bl	lv_obj_get_style_prop
 188 017a 4322     		movs	r2, #67
 189 017c 6086     		strh	r0, [r4, #50]	@ movhi
 190 017e 2946     		mov	r1, r5
 191 0180 3046     		mov	r0, r6
 192 0182 FFF7FEFF 		bl	lv_obj_get_style_prop
 193 0186 4422     		movs	r2, #68
 194 0188 A086     		strh	r0, [r4, #52]	@ movhi
 195 018a 2946     		mov	r1, r5
 196 018c 3046     		mov	r0, r6
 197 018e FFF7FEFF 		bl	lv_obj_get_style_prop
 198 0192 2946     		mov	r1, r5
 199 0194 0246     		mov	r2, r0
 200 0196 3046     		mov	r0, r6
 201 0198 FFF7FEFF 		bl	_lv_obj_style_apply_color_filter
 202 019c A085     		strh	r0, [r4, #44]	@ movhi
 203 019e 74E7     		b	.L21
 204              	.L52:
 205 01a0 2822     		movs	r2, #40
 206 01a2 2946     		mov	r1, r5
 207 01a4 3046     		mov	r0, r6
 208 01a6 FFF7FEFF 		bl	lv_obj_get_style_prop
 209 01aa 2061     		str	r0, [r4, #16]
 210 01ac 0028     		cmp	r0, #0
 211 01ae 3FF468AF 		beq	.L17
 212 01b2 2922     		movs	r2, #41
 213 01b4 2946     		mov	r1, r5
 214 01b6 3046     		mov	r0, r6
 215 01b8 FFF7FEFF 		bl	lv_obj_get_style_prop
 216 01bc C0B2     		uxtb	r0, r0
 217 01be 0228     		cmp	r0, #2
 218 01c0 A076     		strb	r0, [r4, #26]
 219 01c2 7FF65EAF 		bls	.L17
 220 01c6 2069     		ldr	r0, [r4, #16]
 221 01c8 FFF7FEFF 		bl	lv_img_src_get_type
 222 01cc 0228     		cmp	r0, #2
 223 01ce 00F08380 		beq	.L56
 224 01d2 2A22     		movs	r2, #42
 225 01d4 2946     		mov	r1, r5
 226 01d6 3046     		mov	r0, r6
 227 01d8 FFF7FEFF 		bl	lv_obj_get_style_prop
 228 01dc 2946     		mov	r1, r5
 229 01de 0246     		mov	r2, r0
ARM GAS  /var/folders/lp/x54gwt890xv47sdkqj1k04q40000gn/T//cclcdmZo.s 			page 5


 230 01e0 3046     		mov	r0, r6
 231 01e2 FFF7FEFF 		bl	_lv_obj_style_apply_color_filter
 232 01e6 2B22     		movs	r2, #43
 233 01e8 2083     		strh	r0, [r4, #24]	@ movhi
 234 01ea 2946     		mov	r1, r5
 235 01ec 3046     		mov	r0, r6
 236 01ee FFF7FEFF 		bl	lv_obj_get_style_prop
 237 01f2 2C22     		movs	r2, #44
 238 01f4 E076     		strb	r0, [r4, #27]
 239 01f6 2946     		mov	r1, r5
 240 01f8 3046     		mov	r0, r6
 241 01fa FFF7FEFF 		bl	lv_obj_get_style_prop
 242 01fe 0038     		subs	r0, r0, #0
 243 0200 18BF     		it	ne
 244 0202 0120     		movne	r0, #1
 245 0204 2077     		strb	r0, [r4, #28]
 246 0206 3CE7     		b	.L17
 247              	.L50:
 248 0208 3122     		movs	r2, #49
 249 020a 2946     		mov	r1, r5
 250 020c 3046     		mov	r0, r6
 251 020e FFF7FEFF 		bl	lv_obj_get_style_prop
 252 0212 C0B2     		uxtb	r0, r0
 253 0214 0228     		cmp	r0, #2
 254 0216 84F82200 		strb	r0, [r4, #34]
 255 021a 7FF621AF 		bls	.L11
 256 021e 3322     		movs	r2, #51
 257 0220 2946     		mov	r1, r5
 258 0222 3046     		mov	r0, r6
 259 0224 FFF7FEFF 		bl	lv_obj_get_style_prop
 260 0228 94F82330 		ldrb	r3, [r4, #35]	@ zero_extendqisi2
 261 022c 60F34503 		bfi	r3, r0, #1, #5
 262 0230 3022     		movs	r2, #48
 263 0232 84F82330 		strb	r3, [r4, #35]
 264 0236 2946     		mov	r1, r5
 265 0238 3046     		mov	r0, r6
 266 023a FFF7FEFF 		bl	lv_obj_get_style_prop
 267 023e 2946     		mov	r1, r5
 268 0240 0246     		mov	r2, r0
 269 0242 3046     		mov	r0, r6
 270 0244 FFF7FEFF 		bl	_lv_obj_style_apply_color_filter
 271 0248 E083     		strh	r0, [r4, #30]	@ movhi
 272 024a 09E7     		b	.L11
 273              	.L51:
 274 024c 3722     		movs	r2, #55
 275 024e 2946     		mov	r1, r5
 276 0250 3046     		mov	r0, r6
 277 0252 FFF7FEFF 		bl	lv_obj_get_style_prop
 278 0256 C0B2     		uxtb	r0, r0
 279 0258 0228     		cmp	r0, #2
 280 025a 84F82A00 		strb	r0, [r4, #42]
 281 025e 7FF60CAF 		bls	.L14
 282 0262 3822     		movs	r2, #56
 283 0264 2946     		mov	r1, r5
 284 0266 3046     		mov	r0, r6
 285 0268 FFF7FEFF 		bl	lv_obj_get_style_prop
 286 026c 3622     		movs	r2, #54
ARM GAS  /var/folders/lp/x54gwt890xv47sdkqj1k04q40000gn/T//cclcdmZo.s 			page 6


 287 026e 2085     		strh	r0, [r4, #40]	@ movhi
 288 0270 2946     		mov	r1, r5
 289 0272 3046     		mov	r0, r6
 290 0274 FFF7FEFF 		bl	lv_obj_get_style_prop
 291 0278 2946     		mov	r1, r5
 292 027a 0246     		mov	r2, r0
 293 027c 3046     		mov	r0, r6
 294 027e FFF7FEFF 		bl	_lv_obj_style_apply_color_filter
 295 0282 A084     		strh	r0, [r4, #36]	@ movhi
 296 0284 F9E6     		b	.L14
 297              	.L54:
 298 0286 0146     		mov	r1, r0
 299 0288 0A22     		movs	r2, #10
 300 028a A01D     		adds	r0, r4, #6
 301 028c FFF7FEFF 		bl	lv_memcpy
 302 0290 D9E6     		b	.L6
 303              	.L55:
 304 0292 2022     		movs	r2, #32
 305 0294 2946     		mov	r1, r5
 306 0296 3046     		mov	r0, r6
 307 0298 FFF7FEFF 		bl	lv_obj_get_style_prop
 308 029c 2946     		mov	r1, r5
 309 029e 0246     		mov	r2, r0
 310 02a0 3046     		mov	r0, r6
 311 02a2 FFF7FEFF 		bl	_lv_obj_style_apply_color_filter
 312 02a6 2222     		movs	r2, #34
 313 02a8 E080     		strh	r0, [r4, #6]	@ movhi
 314 02aa 2946     		mov	r1, r5
 315 02ac 3046     		mov	r0, r6
 316 02ae FFF7FEFF 		bl	lv_obj_get_style_prop
 317 02b2 2946     		mov	r1, r5
 318 02b4 0246     		mov	r2, r0
 319 02b6 3046     		mov	r0, r6
 320 02b8 FFF7FEFF 		bl	_lv_obj_style_apply_color_filter
 321 02bc 2422     		movs	r2, #36
 322 02be 6081     		strh	r0, [r4, #10]	@ movhi
 323 02c0 2946     		mov	r1, r5
 324 02c2 3046     		mov	r0, r6
 325 02c4 FFF7FEFF 		bl	lv_obj_get_style_prop
 326 02c8 2522     		movs	r2, #37
 327 02ca 2072     		strb	r0, [r4, #8]
 328 02cc 2946     		mov	r1, r5
 329 02ce 3046     		mov	r0, r6
 330 02d0 FFF7FEFF 		bl	lv_obj_get_style_prop
 331 02d4 2073     		strb	r0, [r4, #12]
 332 02d6 24E7     		b	.L9
 333              	.L56:
 334 02d8 5722     		movs	r2, #87
 335 02da 2946     		mov	r1, r5
 336 02dc 3046     		mov	r0, r6
 337 02de FFF7FEFF 		bl	lv_obj_get_style_prop
 338 02e2 5522     		movs	r2, #85
 339 02e4 6061     		str	r0, [r4, #20]
 340 02e6 2946     		mov	r1, r5
 341 02e8 3046     		mov	r0, r6
 342 02ea FFF7FEFF 		bl	lv_obj_get_style_prop
 343 02ee 2946     		mov	r1, r5
ARM GAS  /var/folders/lp/x54gwt890xv47sdkqj1k04q40000gn/T//cclcdmZo.s 			page 7


 344 02f0 0246     		mov	r2, r0
 345 02f2 3046     		mov	r0, r6
 346 02f4 FFF7FEFF 		bl	_lv_obj_style_apply_color_filter
 347 02f8 2083     		strh	r0, [r4, #24]	@ movhi
 348 02fa C2E6     		b	.L17
 350              		.section	.text.lv_obj_init_draw_label_dsc,"ax",%progbits
 351              		.align	1
 352              		.p2align 2,,3
 353              		.global	lv_obj_init_draw_label_dsc
 354              		.syntax unified
 355              		.thumb
 356              		.thumb_func
 358              	lv_obj_init_draw_label_dsc:
 359              		@ args = 0, pretend = 0, frame = 0
 360              		@ frame_needed = 0, uses_anonymous_args = 0
 361 0000 70B5     		push	{r4, r5, r6, lr}
 362 0002 1446     		mov	r4, r2
 363 0004 5622     		movs	r2, #86
 364 0006 0646     		mov	r6, r0
 365 0008 0D46     		mov	r5, r1
 366 000a FFF7FEFF 		bl	lv_obj_get_style_prop
 367 000e C3B2     		uxtb	r3, r0
 368 0010 022B     		cmp	r3, #2
 369 0012 A376     		strb	r3, [r4, #26]
 370 0014 00D8     		bhi	.L68
 371              	.L57:
 372 0016 70BD     		pop	{r4, r5, r6, pc}
 373              	.L68:
 374 0018 2946     		mov	r1, r5
 375 001a 3046     		mov	r0, r6
 376 001c FFF7FEFF 		bl	lv_obj_get_style_opa_recursive
 377 0020 0228     		cmp	r0, #2
 378 0022 37D9     		bls	.L69
 379 0024 FC28     		cmp	r0, #252
 380 0026 A37E     		ldrb	r3, [r4, #26]	@ zero_extendqisi2
 381 0028 04D8     		bhi	.L61
 382 002a 10FB03F3 		smulbb	r3, r0, r3
 383 002e C3F30723 		ubfx	r3, r3, #8, #8
 384 0032 A376     		strb	r3, [r4, #26]
 385              	.L61:
 386 0034 022B     		cmp	r3, #2
 387 0036 EED9     		bls	.L57
 388 0038 5522     		movs	r2, #85
 389 003a 2946     		mov	r1, r5
 390 003c 3046     		mov	r0, r6
 391 003e FFF7FEFF 		bl	lv_obj_get_style_prop
 392 0042 2946     		mov	r1, r5
 393 0044 0246     		mov	r2, r0
 394 0046 3046     		mov	r0, r6
 395 0048 FFF7FEFF 		bl	_lv_obj_style_apply_color_filter
 396 004c 5822     		movs	r2, #88
 397 004e A081     		strh	r0, [r4, #12]	@ movhi
 398 0050 2946     		mov	r1, r5
 399 0052 3046     		mov	r0, r6
 400 0054 FFF7FEFF 		bl	lv_obj_get_style_prop
 401 0058 5922     		movs	r2, #89
 402 005a A082     		strh	r0, [r4, #20]	@ movhi
ARM GAS  /var/folders/lp/x54gwt890xv47sdkqj1k04q40000gn/T//cclcdmZo.s 			page 8


 403 005c 2946     		mov	r1, r5
 404 005e 3046     		mov	r0, r6
 405 0060 FFF7FEFF 		bl	lv_obj_get_style_prop
 406 0064 5A22     		movs	r2, #90
 407 0066 6082     		strh	r0, [r4, #18]	@ movhi
 408 0068 2946     		mov	r1, r5
 409 006a 3046     		mov	r0, r6
 410 006c FFF7FEFF 		bl	lv_obj_get_style_prop
 411 0070 A37F     		ldrb	r3, [r4, #30]	@ zero_extendqisi2
 412 0072 60F30203 		bfi	r3, r0, #0, #3
 413 0076 A377     		strb	r3, [r4, #30]
 414 0078 7DB9     		cbnz	r5, .L70
 415              	.L63:
 416 007a 5722     		movs	r2, #87
 417 007c 2946     		mov	r1, r5
 418 007e 3046     		mov	r0, r6
 419 0080 FFF7FEFF 		bl	lv_obj_get_style_prop
 420 0084 5B22     		movs	r2, #91
 421 0086 2060     		str	r0, [r4]
 422 0088 2946     		mov	r1, r5
 423 008a 3046     		mov	r0, r6
 424 008c FFF7FEFF 		bl	lv_obj_get_style_prop
 425 0090 2077     		strb	r0, [r4, #28]
 426 0092 70BD     		pop	{r4, r5, r6, pc}
 427              	.L69:
 428 0094 0023     		movs	r3, #0
 429 0096 A376     		strb	r3, [r4, #26]
 430 0098 70BD     		pop	{r4, r5, r6, pc}
 431              	.L70:
 432 009a 6822     		movs	r2, #104
 433 009c 2946     		mov	r1, r5
 434 009e 3046     		mov	r0, r6
 435 00a0 FFF7FEFF 		bl	lv_obj_get_style_prop
 436 00a4 A37F     		ldrb	r3, [r4, #30]	@ zero_extendqisi2
 437 00a6 60F3C503 		bfi	r3, r0, #3, #3
 438 00aa A377     		strb	r3, [r4, #30]
 439 00ac E5E7     		b	.L63
 441 00ae 00BF     		.section	.text.lv_obj_init_draw_img_dsc,"ax",%progbits
 442              		.align	1
 443              		.p2align 2,,3
 444              		.global	lv_obj_init_draw_img_dsc
 445              		.syntax unified
 446              		.thumb
 447              		.thumb_func
 449              	lv_obj_init_draw_img_dsc:
 450              		@ args = 0, pretend = 0, frame = 0
 451              		@ frame_needed = 0, uses_anonymous_args = 0
 452 0000 70B5     		push	{r4, r5, r6, lr}
 453 0002 1446     		mov	r4, r2
 454 0004 4622     		movs	r2, #70
 455 0006 0546     		mov	r5, r0
 456 0008 0E46     		mov	r6, r1
 457 000a FFF7FEFF 		bl	lv_obj_get_style_prop
 458 000e C3B2     		uxtb	r3, r0
 459 0010 022B     		cmp	r3, #2
 460 0012 E372     		strb	r3, [r4, #11]
 461 0014 00D8     		bhi	.L85
ARM GAS  /var/folders/lp/x54gwt890xv47sdkqj1k04q40000gn/T//cclcdmZo.s 			page 9


 462              	.L71:
 463 0016 70BD     		pop	{r4, r5, r6, pc}
 464              	.L85:
 465 0018 3146     		mov	r1, r6
 466 001a 2846     		mov	r0, r5
 467 001c FFF7FEFF 		bl	lv_obj_get_style_opa_recursive
 468 0020 0228     		cmp	r0, #2
 469 0022 40D9     		bls	.L86
 470 0024 FC28     		cmp	r0, #252
 471 0026 E37A     		ldrb	r3, [r4, #11]	@ zero_extendqisi2
 472 0028 04D8     		bhi	.L75
 473 002a 10FB03F3 		smulbb	r3, r0, r3
 474 002e C3F30723 		ubfx	r3, r3, #8, #8
 475 0032 E372     		strb	r3, [r4, #11]
 476              	.L75:
 477 0034 022B     		cmp	r3, #2
 478 0036 EED9     		bls	.L71
 479 0038 4FF08073 		mov	r3, #16777216
 480 003c 2360     		str	r3, [r4]
 481 003e 2B8B     		ldrh	r3, [r5, #24]
 482 0040 AA8A     		ldrh	r2, [r5, #20]
 483 0042 0133     		adds	r3, r3, #1
 484 0044 9B1A     		subs	r3, r3, r2
 485 0046 C3F3C032 		ubfx	r2, r3, #15, #1
 486 004a 02FA83F2 		sxtah	r2, r2, r3
 487 004e 5210     		asrs	r2, r2, #1
 488 0050 6B8B     		ldrh	r3, [r5, #26]
 489 0052 A280     		strh	r2, [r4, #4]	@ movhi
 490 0054 EA8A     		ldrh	r2, [r5, #22]
 491 0056 0133     		adds	r3, r3, #1
 492 0058 9B1A     		subs	r3, r3, r2
 493 005a C3F3C032 		ubfx	r2, r3, #15, #1
 494 005e 02FA83F3 		sxtah	r3, r2, r3
 495 0062 5B10     		asrs	r3, r3, #1
 496 0064 E380     		strh	r3, [r4, #6]	@ movhi
 497 0066 4822     		movs	r2, #72
 498 0068 3146     		mov	r1, r6
 499 006a 2846     		mov	r0, r5
 500 006c FFF7FEFF 		bl	lv_obj_get_style_prop
 501 0070 C0B2     		uxtb	r0, r0
 502 0072 A072     		strb	r0, [r4, #10]
 503 0074 58B9     		cbnz	r0, .L87
 504              	.L77:
 505 0076 002E     		cmp	r6, #0
 506 0078 CDD0     		beq	.L71
 507 007a 6822     		movs	r2, #104
 508 007c 3146     		mov	r1, r6
 509 007e 2846     		mov	r0, r5
 510 0080 FFF7FEFF 		bl	lv_obj_get_style_prop
 511 0084 237B     		ldrb	r3, [r4, #12]	@ zero_extendqisi2
 512 0086 60F30303 		bfi	r3, r0, #0, #4
 513 008a 2373     		strb	r3, [r4, #12]
 514 008c 70BD     		pop	{r4, r5, r6, pc}
 515              	.L87:
 516 008e 4722     		movs	r2, #71
 517 0090 3146     		mov	r1, r6
 518 0092 2846     		mov	r0, r5
ARM GAS  /var/folders/lp/x54gwt890xv47sdkqj1k04q40000gn/T//cclcdmZo.s 			page 10


 519 0094 FFF7FEFF 		bl	lv_obj_get_style_prop
 520 0098 3146     		mov	r1, r6
 521 009a 0246     		mov	r2, r0
 522 009c 2846     		mov	r0, r5
 523 009e FFF7FEFF 		bl	_lv_obj_style_apply_color_filter
 524 00a2 2081     		strh	r0, [r4, #8]	@ movhi
 525 00a4 E7E7     		b	.L77
 526              	.L86:
 527 00a6 0023     		movs	r3, #0
 528 00a8 E372     		strb	r3, [r4, #11]
 529 00aa 70BD     		pop	{r4, r5, r6, pc}
 531              		.section	.text.lv_obj_init_draw_line_dsc,"ax",%progbits
 532              		.align	1
 533              		.p2align 2,,3
 534              		.global	lv_obj_init_draw_line_dsc
 535              		.syntax unified
 536              		.thumb
 537              		.thumb_func
 539              	lv_obj_init_draw_line_dsc:
 540              		@ args = 0, pretend = 0, frame = 0
 541              		@ frame_needed = 0, uses_anonymous_args = 0
 542 0000 70B5     		push	{r4, r5, r6, lr}
 543 0002 1446     		mov	r4, r2
 544 0004 4E22     		movs	r2, #78
 545 0006 0646     		mov	r6, r0
 546 0008 0D46     		mov	r5, r1
 547 000a FFF7FEFF 		bl	lv_obj_get_style_prop
 548 000e C3B2     		uxtb	r3, r0
 549 0010 022B     		cmp	r3, #2
 550 0012 2372     		strb	r3, [r4, #8]
 551 0014 00D8     		bhi	.L105
 552              	.L88:
 553 0016 70BD     		pop	{r4, r5, r6, pc}
 554              	.L105:
 555 0018 2946     		mov	r1, r5
 556 001a 3046     		mov	r0, r6
 557 001c FFF7FEFF 		bl	lv_obj_get_style_opa_recursive
 558 0020 0228     		cmp	r0, #2
 559 0022 3FD9     		bls	.L106
 560 0024 FC28     		cmp	r0, #252
 561 0026 237A     		ldrb	r3, [r4, #8]	@ zero_extendqisi2
 562 0028 04D8     		bhi	.L92
 563 002a 10FB03F3 		smulbb	r3, r0, r3
 564 002e C3F30723 		ubfx	r3, r3, #8, #8
 565 0032 2372     		strb	r3, [r4, #8]
 566              	.L92:
 567 0034 022B     		cmp	r3, #2
 568 0036 EED9     		bls	.L88
 569 0038 4922     		movs	r2, #73
 570 003a 2946     		mov	r1, r5
 571 003c 3046     		mov	r0, r6
 572 003e FFF7FEFF 		bl	lv_obj_get_style_prop
 573 0042 00B2     		sxth	r0, r0
 574 0044 6080     		strh	r0, [r4, #2]	@ movhi
 575 0046 0028     		cmp	r0, #0
 576 0048 E5D0     		beq	.L88
 577 004a 4D22     		movs	r2, #77
ARM GAS  /var/folders/lp/x54gwt890xv47sdkqj1k04q40000gn/T//cclcdmZo.s 			page 11


 578 004c 2946     		mov	r1, r5
 579 004e 3046     		mov	r0, r6
 580 0050 FFF7FEFF 		bl	lv_obj_get_style_prop
 581 0054 2946     		mov	r1, r5
 582 0056 0246     		mov	r2, r0
 583 0058 3046     		mov	r0, r6
 584 005a FFF7FEFF 		bl	_lv_obj_style_apply_color_filter
 585 005e 4A22     		movs	r2, #74
 586 0060 2080     		strh	r0, [r4]	@ movhi
 587 0062 2946     		mov	r1, r5
 588 0064 3046     		mov	r0, r6
 589 0066 FFF7FEFF 		bl	lv_obj_get_style_prop
 590 006a 00B2     		sxth	r0, r0
 591 006c A080     		strh	r0, [r4, #4]	@ movhi
 592 006e E0B9     		cbnz	r0, .L107
 593              	.L94:
 594 0070 4C22     		movs	r2, #76
 595 0072 2946     		mov	r1, r5
 596 0074 3046     		mov	r0, r6
 597 0076 FFF7FEFF 		bl	lv_obj_get_style_prop
 598 007a 637A     		ldrb	r3, [r4, #9]	@ zero_extendqisi2
 599 007c 0038     		subs	r0, r0, #0
 600 007e 18BF     		it	ne
 601 0080 0120     		movne	r0, #1
 602 0082 60F38203 		bfi	r3, r0, #2, #1
 603 0086 60F3C303 		bfi	r3, r0, #3, #1
 604 008a 6372     		strb	r3, [r4, #9]
 605 008c 002D     		cmp	r5, #0
 606 008e C2D0     		beq	.L88
 607 0090 6822     		movs	r2, #104
 608 0092 2946     		mov	r1, r5
 609 0094 3046     		mov	r0, r6
 610 0096 FFF7FEFF 		bl	lv_obj_get_style_prop
 611 009a 637A     		ldrb	r3, [r4, #9]	@ zero_extendqisi2
 612 009c 60F30103 		bfi	r3, r0, #0, #2
 613 00a0 6372     		strb	r3, [r4, #9]
 614 00a2 70BD     		pop	{r4, r5, r6, pc}
 615              	.L106:
 616 00a4 0023     		movs	r3, #0
 617 00a6 2372     		strb	r3, [r4, #8]
 618 00a8 70BD     		pop	{r4, r5, r6, pc}
 619              	.L107:
 620 00aa 4B22     		movs	r2, #75
 621 00ac 2946     		mov	r1, r5
 622 00ae 3046     		mov	r0, r6
 623 00b0 FFF7FEFF 		bl	lv_obj_get_style_prop
 624 00b4 E080     		strh	r0, [r4, #6]	@ movhi
 625 00b6 DBE7     		b	.L94
 627              		.section	.text.lv_obj_init_draw_arc_dsc,"ax",%progbits
 628              		.align	1
 629              		.p2align 2,,3
 630              		.global	lv_obj_init_draw_arc_dsc
 631              		.syntax unified
 632              		.thumb
 633              		.thumb_func
 635              	lv_obj_init_draw_arc_dsc:
 636              		@ args = 0, pretend = 0, frame = 0
ARM GAS  /var/folders/lp/x54gwt890xv47sdkqj1k04q40000gn/T//cclcdmZo.s 			page 12


 637              		@ frame_needed = 0, uses_anonymous_args = 0
 638 0000 70B5     		push	{r4, r5, r6, lr}
 639 0002 1446     		mov	r4, r2
 640 0004 5022     		movs	r2, #80
 641 0006 0646     		mov	r6, r0
 642 0008 0D46     		mov	r5, r1
 643 000a FFF7FEFF 		bl	lv_obj_get_style_prop
 644 000e 00B2     		sxth	r0, r0
 645 0010 6080     		strh	r0, [r4, #2]	@ movhi
 646 0012 00B9     		cbnz	r0, .L118
 647              	.L108:
 648 0014 70BD     		pop	{r4, r5, r6, pc}
 649              	.L118:
 650 0016 5322     		movs	r2, #83
 651 0018 2946     		mov	r1, r5
 652 001a 3046     		mov	r0, r6
 653 001c FFF7FEFF 		bl	lv_obj_get_style_prop
 654 0020 C3B2     		uxtb	r3, r0
 655 0022 022B     		cmp	r3, #2
 656 0024 2373     		strb	r3, [r4, #12]
 657 0026 F5D9     		bls	.L108
 658 0028 2946     		mov	r1, r5
 659 002a 3046     		mov	r0, r6
 660 002c FFF7FEFF 		bl	lv_obj_get_style_opa_recursive
 661 0030 0228     		cmp	r0, #2
 662 0032 32D9     		bls	.L119
 663 0034 FC28     		cmp	r0, #252
 664 0036 237B     		ldrb	r3, [r4, #12]	@ zero_extendqisi2
 665 0038 04D8     		bhi	.L113
 666 003a 10FB03F3 		smulbb	r3, r0, r3
 667 003e C3F30723 		ubfx	r3, r3, #8, #8
 668 0042 2373     		strb	r3, [r4, #12]
 669              	.L113:
 670 0044 022B     		cmp	r3, #2
 671 0046 E5D9     		bls	.L108
 672 0048 5222     		movs	r2, #82
 673 004a 2946     		mov	r1, r5
 674 004c 3046     		mov	r0, r6
 675 004e FFF7FEFF 		bl	lv_obj_get_style_prop
 676 0052 2946     		mov	r1, r5
 677 0054 0246     		mov	r2, r0
 678 0056 3046     		mov	r0, r6
 679 0058 FFF7FEFF 		bl	_lv_obj_style_apply_color_filter
 680 005c 5422     		movs	r2, #84
 681 005e 2080     		strh	r0, [r4]	@ movhi
 682 0060 2946     		mov	r1, r5
 683 0062 3046     		mov	r0, r6
 684 0064 FFF7FEFF 		bl	lv_obj_get_style_prop
 685 0068 5122     		movs	r2, #81
 686 006a A060     		str	r0, [r4, #8]
 687 006c 2946     		mov	r1, r5
 688 006e 3046     		mov	r0, r6
 689 0070 FFF7FEFF 		bl	lv_obj_get_style_prop
 690 0074 637B     		ldrb	r3, [r4, #13]	@ zero_extendqisi2
 691 0076 0038     		subs	r0, r0, #0
 692 0078 18BF     		it	ne
 693 007a 0120     		movne	r0, #1
ARM GAS  /var/folders/lp/x54gwt890xv47sdkqj1k04q40000gn/T//cclcdmZo.s 			page 13


 694 007c 60F38203 		bfi	r3, r0, #2, #1
 695 0080 6373     		strb	r3, [r4, #13]
 696 0082 002D     		cmp	r5, #0
 697 0084 C6D0     		beq	.L108
 698 0086 6822     		movs	r2, #104
 699 0088 2946     		mov	r1, r5
 700 008a 3046     		mov	r0, r6
 701 008c FFF7FEFF 		bl	lv_obj_get_style_prop
 702 0090 637B     		ldrb	r3, [r4, #13]	@ zero_extendqisi2
 703 0092 60F30103 		bfi	r3, r0, #0, #2
 704 0096 6373     		strb	r3, [r4, #13]
 705 0098 70BD     		pop	{r4, r5, r6, pc}
 706              	.L119:
 707 009a 0023     		movs	r3, #0
 708 009c 2373     		strb	r3, [r4, #12]
 709 009e 70BD     		pop	{r4, r5, r6, pc}
 711              		.section	.text.lv_obj_calculate_ext_draw_size,"ax",%progbits
 712              		.align	1
 713              		.p2align 2,,3
 714              		.global	lv_obj_calculate_ext_draw_size
 715              		.syntax unified
 716              		.thumb
 717              		.thumb_func
 719              	lv_obj_calculate_ext_draw_size:
 720              		@ args = 0, pretend = 0, frame = 0
 721              		@ frame_needed = 0, uses_anonymous_args = 0
 722 0000 F8B5     		push	{r3, r4, r5, r6, r7, lr}
 723 0002 4022     		movs	r2, #64
 724 0004 0446     		mov	r4, r0
 725 0006 0D46     		mov	r5, r1
 726 0008 FFF7FEFF 		bl	lv_obj_get_style_prop
 727 000c 06B2     		sxth	r6, r0
 728 000e F6B9     		cbnz	r6, .L121
 729              	.L123:
 730 0010 0026     		movs	r6, #0
 731              	.L122:
 732 0012 3522     		movs	r2, #53
 733 0014 2946     		mov	r1, r5
 734 0016 2046     		mov	r0, r4
 735 0018 FFF7FEFF 		bl	lv_obj_get_style_prop
 736 001c 07B2     		sxth	r7, r0
 737 001e 002F     		cmp	r7, #0
 738 0020 44D1     		bne	.L132
 739              	.L126:
 740 0022 2946     		mov	r1, r5
 741 0024 6922     		movs	r2, #105
 742 0026 2046     		mov	r0, r4
 743 0028 FFF7FEFF 		bl	lv_obj_get_style_prop
 744 002c 6A22     		movs	r2, #106
 745 002e 0346     		mov	r3, r0
 746 0030 2946     		mov	r1, r5
 747 0032 2046     		mov	r0, r4
 748 0034 1CB2     		sxth	r4, r3
 749 0036 FFF7FEFF 		bl	lv_obj_get_style_prop
 750 003a 00B2     		sxth	r0, r0
 751 003c A042     		cmp	r0, r4
 752 003e B8BF     		it	lt
ARM GAS  /var/folders/lp/x54gwt890xv47sdkqj1k04q40000gn/T//cclcdmZo.s 			page 14


 753 0040 2046     		movlt	r0, r4
 754 0042 0028     		cmp	r0, #0
 755 0044 C4BF     		itt	gt
 756 0046 8019     		addgt	r0, r0, r6
 757 0048 06B2     		sxthgt	r6, r0
 758 004a 3046     		mov	r0, r6
 759 004c F8BD     		pop	{r3, r4, r5, r6, r7, pc}
 760              	.L121:
 761 004e 4522     		movs	r2, #69
 762 0050 2946     		mov	r1, r5
 763 0052 2046     		mov	r0, r4
 764 0054 FFF7FEFF 		bl	lv_obj_get_style_prop
 765 0058 C0B2     		uxtb	r0, r0
 766 005a 0228     		cmp	r0, #2
 767 005c D8D9     		bls	.L123
 768 005e 4322     		movs	r2, #67
 769 0060 2946     		mov	r1, r5
 770 0062 2046     		mov	r0, r4
 771 0064 FFF7FEFF 		bl	lv_obj_get_style_prop
 772 0068 06EBD676 		add	r6, r6, r6, lsr #31
 773 006c 0130     		adds	r0, r0, #1
 774 006e 00EB6606 		add	r6, r0, r6, asr #1
 775 0072 4122     		movs	r2, #65
 776 0074 2946     		mov	r1, r5
 777 0076 2046     		mov	r0, r4
 778 0078 FFF7FEFF 		bl	lv_obj_get_style_prop
 779 007c 4222     		movs	r2, #66
 780 007e 07B2     		sxth	r7, r0
 781 0080 2946     		mov	r1, r5
 782 0082 2046     		mov	r0, r4
 783 0084 FFF7FEFF 		bl	lv_obj_get_style_prop
 784 0088 03B2     		sxth	r3, r0
 785 008a 002B     		cmp	r3, #0
 786 008c B8BF     		it	lt
 787 008e 5B42     		rsblt	r3, r3, #0
 788 0090 002F     		cmp	r7, #0
 789 0092 B8BF     		it	lt
 790 0094 7F42     		rsblt	r7, r7, #0
 791 0096 B6B2     		uxth	r6, r6
 792 0098 9BB2     		uxth	r3, r3
 793 009a BFB2     		uxth	r7, r7
 794 009c BB42     		cmp	r3, r7
 795 009e 2CBF     		ite	cs
 796 00a0 F618     		addcs	r6, r6, r3
 797 00a2 F619     		addcc	r6, r6, r7
 798 00a4 36B2     		sxth	r6, r6
 799 00a6 26EAE676 		bic	r6, r6, r6, asr #31
 800 00aa B2E7     		b	.L122
 801              	.L132:
 802 00ac 3722     		movs	r2, #55
 803 00ae 2946     		mov	r1, r5
 804 00b0 2046     		mov	r0, r4
 805 00b2 FFF7FEFF 		bl	lv_obj_get_style_prop
 806 00b6 C0B2     		uxtb	r0, r0
 807 00b8 0228     		cmp	r0, #2
 808 00ba B2D9     		bls	.L126
 809 00bc 3822     		movs	r2, #56
ARM GAS  /var/folders/lp/x54gwt890xv47sdkqj1k04q40000gn/T//cclcdmZo.s 			page 15


 810 00be 2946     		mov	r1, r5
 811 00c0 2046     		mov	r0, r4
 812 00c2 FFF7FEFF 		bl	lv_obj_get_style_prop
 813 00c6 07FA80F0 		sxtah	r0, r7, r0
 814 00ca B042     		cmp	r0, r6
 815 00cc B8BF     		it	lt
 816 00ce 3046     		movlt	r0, r6
 817 00d0 06B2     		sxth	r6, r0
 818 00d2 A6E7     		b	.L126
 820              		.section	.text.lv_obj_draw_dsc_init,"ax",%progbits
 821              		.align	1
 822              		.p2align 2,,3
 823              		.global	lv_obj_draw_dsc_init
 824              		.syntax unified
 825              		.thumb
 826              		.thumb_func
 828              	lv_obj_draw_dsc_init:
 829              		@ args = 0, pretend = 0, frame = 0
 830              		@ frame_needed = 0, uses_anonymous_args = 0
 831 0000 38B5     		push	{r3, r4, r5, lr}
 832 0002 0446     		mov	r4, r0
 833 0004 0D46     		mov	r5, r1
 834 0006 4821     		movs	r1, #72
 835 0008 FFF7FEFF 		bl	lv_memset_00
 836 000c 2560     		str	r5, [r4]
 837 000e 38BD     		pop	{r3, r4, r5, pc}
 839              		.section	.text.lv_obj_draw_part_check_type,"ax",%progbits
 840              		.align	1
 841              		.p2align 2,,3
 842              		.global	lv_obj_draw_part_check_type
 843              		.syntax unified
 844              		.thumb
 845              		.thumb_func
 847              	lv_obj_draw_part_check_type:
 848              		@ args = 0, pretend = 0, frame = 0
 849              		@ frame_needed = 0, uses_anonymous_args = 0
 850              		@ link register save eliminated.
 851 0000 4368     		ldr	r3, [r0, #4]
 852 0002 8B42     		cmp	r3, r1
 853 0004 01D0     		beq	.L138
 854 0006 0020     		movs	r0, #0
 855 0008 7047     		bx	lr
 856              	.L138:
 857 000a 8068     		ldr	r0, [r0, #8]
 858 000c 801A     		subs	r0, r0, r2
 859 000e B0FA80F0 		clz	r0, r0
 860 0012 4009     		lsrs	r0, r0, #5
 861 0014 7047     		bx	lr
 863 0016 00BF     		.section	.text.lv_obj_refresh_ext_draw_size,"ax",%progbits
 864              		.align	1
 865              		.p2align 2,,3
 866              		.global	lv_obj_refresh_ext_draw_size
 867              		.syntax unified
 868              		.thumb
 869              		.thumb_func
 871              	lv_obj_refresh_ext_draw_size:
 872              		@ args = 0, pretend = 0, frame = 8
ARM GAS  /var/folders/lp/x54gwt890xv47sdkqj1k04q40000gn/T//cclcdmZo.s 			page 16


 873              		@ frame_needed = 0, uses_anonymous_args = 0
 874 0000 30B5     		push	{r4, r5, lr}
 875 0002 8568     		ldr	r5, [r0, #8]
 876 0004 83B0     		sub	sp, sp, #12
 877 0006 0446     		mov	r4, r0
 878 0008 0DB1     		cbz	r5, .L140
 879 000a B5F91650 		ldrsh	r5, [r5, #22]
 880              	.L140:
 881 000e 0023     		movs	r3, #0
 882 0010 0DF10602 		add	r2, sp, #6
 883 0014 1321     		movs	r1, #19
 884 0016 2046     		mov	r0, r4
 885 0018 ADF80630 		strh	r3, [sp, #6]	@ movhi
 886 001c FFF7FEFF 		bl	lv_event_send
 887 0020 BDF90630 		ldrsh	r3, [sp, #6]
 888 0024 AB42     		cmp	r3, r5
 889 0026 04D1     		bne	.L141
 890 0028 A368     		ldr	r3, [r4, #8]
 891 002a 8BB1     		cbz	r3, .L146
 892 002c DD82     		strh	r5, [r3, #22]	@ movhi
 893              	.L139:
 894 002e 03B0     		add	sp, sp, #12
 895              		@ sp needed
 896 0030 30BD     		pop	{r4, r5, pc}
 897              	.L141:
 898 0032 2046     		mov	r0, r4
 899 0034 FFF7FEFF 		bl	lv_obj_invalidate
 900 0038 A268     		ldr	r2, [r4, #8]
 901 003a BDF90630 		ldrsh	r3, [sp, #6]
 902 003e 42B1     		cbz	r2, .L142
 903              	.L154:
 904 0040 D382     		strh	r3, [r2, #22]	@ movhi
 905              	.L144:
 906 0042 9D42     		cmp	r5, r3
 907 0044 F3D0     		beq	.L139
 908 0046 2046     		mov	r0, r4
 909 0048 FFF7FEFF 		bl	lv_obj_invalidate
 910 004c 03B0     		add	sp, sp, #12
 911              		@ sp needed
 912 004e 30BD     		pop	{r4, r5, pc}
 913              	.L146:
 914 0050 2B46     		mov	r3, r5
 915              	.L142:
 916 0052 002B     		cmp	r3, #0
 917 0054 F5D0     		beq	.L144
 918 0056 2046     		mov	r0, r4
 919 0058 FFF7FEFF 		bl	lv_obj_allocate_spec_attr
 920 005c A268     		ldr	r2, [r4, #8]
 921 005e BDF90630 		ldrsh	r3, [sp, #6]
 922 0062 EDE7     		b	.L154
 924              		.section	.text._lv_obj_get_ext_draw_size,"ax",%progbits
 925              		.align	1
 926              		.p2align 2,,3
 927              		.global	_lv_obj_get_ext_draw_size
 928              		.syntax unified
 929              		.thumb
 930              		.thumb_func
ARM GAS  /var/folders/lp/x54gwt890xv47sdkqj1k04q40000gn/T//cclcdmZo.s 			page 17


 932              	_lv_obj_get_ext_draw_size:
 933              		@ args = 0, pretend = 0, frame = 0
 934              		@ frame_needed = 0, uses_anonymous_args = 0
 935              		@ link register save eliminated.
 936 0000 8068     		ldr	r0, [r0, #8]
 937 0002 08B1     		cbz	r0, .L156
 938 0004 B0F91600 		ldrsh	r0, [r0, #22]
 939              	.L156:
 940 0008 7047     		bx	lr
 942 000a 00BF     		.section	.text._lv_obj_get_layer_type,"ax",%progbits
 943              		.align	1
 944              		.p2align 2,,3
 945              		.global	_lv_obj_get_layer_type
 946              		.syntax unified
 947              		.thumb
 948              		.thumb_func
 950              	_lv_obj_get_layer_type:
 951              		@ args = 0, pretend = 0, frame = 0
 952              		@ frame_needed = 0, uses_anonymous_args = 0
 953              		@ link register save eliminated.
 954 0000 8068     		ldr	r0, [r0, #8]
 955 0002 08B1     		cbz	r0, .L159
 956 0004 807E     		ldrb	r0, [r0, #26]	@ zero_extendqisi2
 957 0006 8009     		lsrs	r0, r0, #6
 958              	.L159:
 959 0008 7047     		bx	lr
 961 000a 00BF     		.ident	"GCC: (xPack GNU Arm Embedded GCC arm64) 13.3.1 20240614"
ARM GAS  /var/folders/lp/x54gwt890xv47sdkqj1k04q40000gn/T//cclcdmZo.s 			page 18


DEFINED SYMBOLS
                            *ABS*:00000000 lv_obj_draw.c
/var/folders/lp/x54gwt890xv47sdkqj1k04q40000gn/T//cclcdmZo.s:18     .text.lv_obj_init_draw_rect_dsc:00000000 $t
/var/folders/lp/x54gwt890xv47sdkqj1k04q40000gn/T//cclcdmZo.s:25     .text.lv_obj_init_draw_rect_dsc:00000000 lv_obj_init_draw_rect_dsc
/var/folders/lp/x54gwt890xv47sdkqj1k04q40000gn/T//cclcdmZo.s:351    .text.lv_obj_init_draw_label_dsc:00000000 $t
/var/folders/lp/x54gwt890xv47sdkqj1k04q40000gn/T//cclcdmZo.s:358    .text.lv_obj_init_draw_label_dsc:00000000 lv_obj_init_draw_label_dsc
/var/folders/lp/x54gwt890xv47sdkqj1k04q40000gn/T//cclcdmZo.s:442    .text.lv_obj_init_draw_img_dsc:00000000 $t
/var/folders/lp/x54gwt890xv47sdkqj1k04q40000gn/T//cclcdmZo.s:449    .text.lv_obj_init_draw_img_dsc:00000000 lv_obj_init_draw_img_dsc
/var/folders/lp/x54gwt890xv47sdkqj1k04q40000gn/T//cclcdmZo.s:532    .text.lv_obj_init_draw_line_dsc:00000000 $t
/var/folders/lp/x54gwt890xv47sdkqj1k04q40000gn/T//cclcdmZo.s:539    .text.lv_obj_init_draw_line_dsc:00000000 lv_obj_init_draw_line_dsc
/var/folders/lp/x54gwt890xv47sdkqj1k04q40000gn/T//cclcdmZo.s:628    .text.lv_obj_init_draw_arc_dsc:00000000 $t
/var/folders/lp/x54gwt890xv47sdkqj1k04q40000gn/T//cclcdmZo.s:635    .text.lv_obj_init_draw_arc_dsc:00000000 lv_obj_init_draw_arc_dsc
/var/folders/lp/x54gwt890xv47sdkqj1k04q40000gn/T//cclcdmZo.s:712    .text.lv_obj_calculate_ext_draw_size:00000000 $t
/var/folders/lp/x54gwt890xv47sdkqj1k04q40000gn/T//cclcdmZo.s:719    .text.lv_obj_calculate_ext_draw_size:00000000 lv_obj_calculate_ext_draw_size
/var/folders/lp/x54gwt890xv47sdkqj1k04q40000gn/T//cclcdmZo.s:821    .text.lv_obj_draw_dsc_init:00000000 $t
/var/folders/lp/x54gwt890xv47sdkqj1k04q40000gn/T//cclcdmZo.s:828    .text.lv_obj_draw_dsc_init:00000000 lv_obj_draw_dsc_init
/var/folders/lp/x54gwt890xv47sdkqj1k04q40000gn/T//cclcdmZo.s:840    .text.lv_obj_draw_part_check_type:00000000 $t
/var/folders/lp/x54gwt890xv47sdkqj1k04q40000gn/T//cclcdmZo.s:847    .text.lv_obj_draw_part_check_type:00000000 lv_obj_draw_part_check_type
/var/folders/lp/x54gwt890xv47sdkqj1k04q40000gn/T//cclcdmZo.s:864    .text.lv_obj_refresh_ext_draw_size:00000000 $t
/var/folders/lp/x54gwt890xv47sdkqj1k04q40000gn/T//cclcdmZo.s:871    .text.lv_obj_refresh_ext_draw_size:00000000 lv_obj_refresh_ext_draw_size
/var/folders/lp/x54gwt890xv47sdkqj1k04q40000gn/T//cclcdmZo.s:925    .text._lv_obj_get_ext_draw_size:00000000 $t
/var/folders/lp/x54gwt890xv47sdkqj1k04q40000gn/T//cclcdmZo.s:932    .text._lv_obj_get_ext_draw_size:00000000 _lv_obj_get_ext_draw_size
/var/folders/lp/x54gwt890xv47sdkqj1k04q40000gn/T//cclcdmZo.s:943    .text._lv_obj_get_layer_type:00000000 $t
/var/folders/lp/x54gwt890xv47sdkqj1k04q40000gn/T//cclcdmZo.s:950    .text._lv_obj_get_layer_type:00000000 _lv_obj_get_layer_type

UNDEFINED SYMBOLS
lv_obj_get_style_opa_recursive
lv_obj_get_style_prop
_lv_obj_style_apply_color_filter
lv_img_src_get_type
lv_memcpy
lv_memset_00
lv_event_send
lv_obj_invalidate
lv_obj_allocate_spec_attr
