ARM GAS  /var/folders/lp/x54gwt890xv47sdkqj1k04q40000gn/T//cciNr1aC.s 			page 1


   1              		.cpu cortex-m4
   2              		.arch armv7e-m
   3              		.fpu fpv4-sp-d16
   4              		.eabi_attribute 27, 1
   5              		.eabi_attribute 28, 1
   6              		.eabi_attribute 20, 1
   7              		.eabi_attribute 21, 1
   8              		.eabi_attribute 23, 3
   9              		.eabi_attribute 24, 1
  10              		.eabi_attribute 25, 1
  11              		.eabi_attribute 26, 1
  12              		.eabi_attribute 30, 2
  13              		.eabi_attribute 34, 1
  14              		.eabi_attribute 18, 4
  15              		.file	"SEGGER_RTT_printf.c"
  16              		.text
  17              		.section	.text._StoreChar,"ax",%progbits
  18              		.align	1
  19              		.p2align 2,,3
  20              		.syntax unified
  21              		.thumb
  22              		.thumb_func
  24              	_StoreChar:
  25              		@ args = 0, pretend = 0, frame = 0
  26              		@ frame_needed = 0, uses_anonymous_args = 0
  27 0000 D0E90132 		ldrd	r3, r2, [r0, #4]
  28 0004 10B5     		push	{r4, lr}
  29 0006 0446     		mov	r4, r0
  30 0008 501C     		adds	r0, r2, #1
  31 000a 9842     		cmp	r0, r3
  32 000c 07D8     		bhi	.L2
  33 000e 2368     		ldr	r3, [r4]
  34 0010 9954     		strb	r1, [r3, r2]
  35 0012 E268     		ldr	r2, [r4, #12]
  36 0014 6368     		ldr	r3, [r4, #4]
  37 0016 A060     		str	r0, [r4, #8]
  38 0018 0132     		adds	r2, r2, #1
  39 001a E260     		str	r2, [r4, #12]
  40 001c 0246     		mov	r2, r0
  41              	.L2:
  42 001e 9A42     		cmp	r2, r3
  43 0020 00D0     		beq	.L7
  44 0022 10BD     		pop	{r4, pc}
  45              	.L7:
  46 0024 2168     		ldr	r1, [r4]
  47 0026 2069     		ldr	r0, [r4, #16]
  48 0028 FFF7FEFF 		bl	SEGGER_RTT_Write
  49 002c A368     		ldr	r3, [r4, #8]
  50 002e 9842     		cmp	r0, r3
  51 0030 15BF     		itete	ne
  52 0032 4FF0FF33 		movne	r3, #-1
  53 0036 0023     		moveq	r3, #0
  54 0038 E360     		strne	r3, [r4, #12]
  55 003a A360     		streq	r3, [r4, #8]
  56 003c 10BD     		pop	{r4, pc}
  58 003e 00BF     		.section	.text._PrintUnsigned,"ax",%progbits
  59              		.align	1
ARM GAS  /var/folders/lp/x54gwt890xv47sdkqj1k04q40000gn/T//cciNr1aC.s 			page 2


  60              		.p2align 2,,3
  61              		.syntax unified
  62              		.thumb
  63              		.thumb_func
  65              	_PrintUnsigned:
  66              		@ args = 8, pretend = 0, frame = 0
  67              		@ frame_needed = 0, uses_anonymous_args = 0
  68 0000 2DE9F84F 		push	{r3, r4, r5, r6, r7, r8, r9, r10, fp, lr}
  69 0004 1546     		mov	r5, r2
  70 0006 A942     		cmp	r1, r5
  71 0008 DDF82890 		ldr	r9, [sp, #40]
  72 000c 0B9A     		ldr	r2, [sp, #44]
  73 000e 0F46     		mov	r7, r1
  74 0010 8346     		mov	fp, r0
  75 0012 1E46     		mov	r6, r3
  76 0014 69D3     		bcc	.L25
  77 0016 0B46     		mov	r3, r1
  78 0018 4FF00108 		mov	r8, #1
  79              	.L10:
  80 001c B3FBF5F3 		udiv	r3, r3, r5
  81 0020 9D42     		cmp	r5, r3
  82 0022 08F10108 		add	r8, r8, #1
  83 0026 F9D9     		bls	.L10
  84              	.L9:
  85 0028 B045     		cmp	r8, r6
  86 002a 38BF     		it	cc
  87 002c B046     		movcc	r8, r6
  88 002e 12F0010A 		ands	r10, r2, #1
  89 0032 02D1     		bne	.L42
  90 0034 B9F1000F 		cmp	r9, #0
  91 0038 3ED1     		bne	.L13
  92              	.L42:
  93 003a DBF80C30 		ldr	r3, [fp, #12]
  94              	.L12:
  95 003e 002B     		cmp	r3, #0
  96 0040 29DB     		blt	.L8
  97 0042 0124     		movs	r4, #1
  98 0044 02E0     		b	.L19
  99              	.L44:
 100 0046 013E     		subs	r6, r6, #1
 101 0048 05FB04F4 		mul	r4, r5, r4
 102              	.L19:
 103 004c 012E     		cmp	r6, #1
 104 004e FAD8     		bhi	.L44
 105 0050 B7FBF4F3 		udiv	r3, r7, r4
 106 0054 9D42     		cmp	r5, r3
 107 0056 05D8     		bhi	.L45
 108              	.L40:
 109 0058 05FB04F4 		mul	r4, r5, r4
 110 005c B7FBF4F3 		udiv	r3, r7, r4
 111 0060 9D42     		cmp	r5, r3
 112 0062 F9D9     		bls	.L40
 113              	.L45:
 114 0064 224E     		ldr	r6, .L48
 115 0066 06E0     		b	.L21
 116              	.L46:
 117 0068 AC42     		cmp	r4, r5
ARM GAS  /var/folders/lp/x54gwt890xv47sdkqj1k04q40000gn/T//cciNr1aC.s 			page 3


 118 006a B4FBF5F3 		udiv	r3, r4, r5
 119 006e 0CD3     		bcc	.L22
 120 0070 1C46     		mov	r4, r3
 121 0072 B7FBF3F3 		udiv	r3, r7, r3
 122              	.L21:
 123 0076 F15C     		ldrb	r1, [r6, r3]	@ zero_extendqisi2
 124 0078 5846     		mov	r0, fp
 125 007a 04FB1377 		mls	r7, r4, r3, r7
 126 007e FFF7FEFF 		bl	_StoreChar
 127 0082 DBF80C30 		ldr	r3, [fp, #12]
 128 0086 002B     		cmp	r3, #0
 129 0088 EEDA     		bge	.L46
 130              	.L22:
 131 008a BAF1000F 		cmp	r10, #0
 132 008e 02D0     		beq	.L8
 133 0090 B9F1000F 		cmp	r9, #0
 134 0094 07D1     		bne	.L23
 135              	.L8:
 136 0096 BDE8F88F 		pop	{r3, r4, r5, r6, r7, r8, r9, r10, fp, pc}
 137              	.L24:
 138 009a FFF7FEFF 		bl	_StoreChar
 139 009e DBF80C30 		ldr	r3, [fp, #12]
 140 00a2 002B     		cmp	r3, #0
 141 00a4 F7DB     		blt	.L8
 142              	.L23:
 143 00a6 C145     		cmp	r9, r8
 144 00a8 4FF02001 		mov	r1, #32
 145 00ac 5846     		mov	r0, fp
 146 00ae 09F1FF39 		add	r9, r9, #-1
 147 00b2 F2D8     		bhi	.L24
 148 00b4 BDE8F88F 		pop	{r3, r4, r5, r6, r7, r8, r9, r10, fp, pc}
 149              	.L13:
 150 00b8 9307     		lsls	r3, r2, #30
 151 00ba 11D4     		bmi	.L47
 152 00bc 2024     		movs	r4, #32
 153 00be 0AE0     		b	.L17
 154              	.L18:
 155 00c0 FFF7FEFF 		bl	_StoreChar
 156 00c4 DBF80C30 		ldr	r3, [fp, #12]
 157 00c8 002B     		cmp	r3, #0
 158 00ca 09F1FF39 		add	r9, r9, #-1
 159 00ce E2DB     		blt	.L8
 160 00d0 B9F1000F 		cmp	r9, #0
 161 00d4 B3D0     		beq	.L12
 162              	.L17:
 163 00d6 C145     		cmp	r9, r8
 164 00d8 2146     		mov	r1, r4
 165 00da 5846     		mov	r0, fp
 166 00dc F0D8     		bhi	.L18
 167 00de ACE7     		b	.L42
 168              	.L47:
 169 00e0 002E     		cmp	r6, #0
 170 00e2 0CBF     		ite	eq
 171 00e4 3024     		moveq	r4, #48
 172 00e6 2024     		movne	r4, #32
 173 00e8 F5E7     		b	.L17
 174              	.L25:
ARM GAS  /var/folders/lp/x54gwt890xv47sdkqj1k04q40000gn/T//cciNr1aC.s 			page 4


 175 00ea 4FF00108 		mov	r8, #1
 176 00ee 9BE7     		b	.L9
 177              	.L49:
 178              		.align	2
 179              	.L48:
 180 00f0 00000000 		.word	_aV2C.0
 182              		.section	.text.SEGGER_RTT_vprintf,"ax",%progbits
 183              		.align	1
 184              		.p2align 2,,3
 185              		.global	SEGGER_RTT_vprintf
 186              		.syntax unified
 187              		.thumb
 188              		.thumb_func
 190              	SEGGER_RTT_vprintf:
 191              		@ args = 0, pretend = 0, frame = 96
 192              		@ frame_needed = 0, uses_anonymous_args = 0
 193 0000 2DE9F04F 		push	{r4, r5, r6, r7, r8, r9, r10, fp, lr}
 194 0004 9BB0     		sub	sp, sp, #108
 195 0006 4023     		movs	r3, #64
 196 0008 0DF1280A 		add	r10, sp, #40
 197 000c CDE904A3 		strd	r10, r3, [sp, #16]
 198 0010 0023     		movs	r3, #0
 199 0012 CDE90730 		strd	r3, r0, [sp, #28]
 200 0016 8146     		mov	r9, r0
 201 0018 0C46     		mov	r4, r1
 202 001a 1746     		mov	r7, r2
 203 001c 0693     		str	r3, [sp, #24]
 204 001e 06E0     		b	.L109
 205              	.L144:
 206 0020 04A8     		add	r0, sp, #16
 207 0022 FFF7FEFF 		bl	_StoreChar
 208              	.L151:
 209 0026 079B     		ldr	r3, [sp, #28]
 210              	.L108:
 211 0028 002B     		cmp	r3, #0
 212 002a C0F2AA80 		blt	.L50
 213              	.L109:
 214 002e 14F8011B 		ldrb	r1, [r4], #1	@ zero_extendqisi2
 215 0032 0029     		cmp	r1, #0
 216 0034 00F09D80 		beq	.L51
 217 0038 2529     		cmp	r1, #37
 218 003a F1D1     		bne	.L144
 219 003c 0026     		movs	r6, #0
 220              	.L52:
 221 003e 2346     		mov	r3, r4
 222 0040 13F8012B 		ldrb	r2, [r3], #1	@ zero_extendqisi2
 223 0044 A2F12301 		sub	r1, r2, #35
 224 0048 0D29     		cmp	r1, #13
 225 004a 08D8     		bhi	.L54
 226 004c DFE801F0 		tbb	[pc, r1]
 227              	.L56:
 228 0050 7C       		.byte	(.L59-.L56)/2
 229 0051 07       		.byte	(.L54-.L56)/2
 230 0052 07       		.byte	(.L54-.L56)/2
 231 0053 07       		.byte	(.L54-.L56)/2
 232 0054 07       		.byte	(.L54-.L56)/2
 233 0055 07       		.byte	(.L54-.L56)/2
ARM GAS  /var/folders/lp/x54gwt890xv47sdkqj1k04q40000gn/T//cciNr1aC.s 			page 5


 234 0056 07       		.byte	(.L54-.L56)/2
 235 0057 07       		.byte	(.L54-.L56)/2
 236 0058 78       		.byte	(.L58-.L56)/2
 237 0059 07       		.byte	(.L54-.L56)/2
 238 005a 80       		.byte	(.L57-.L56)/2
 239 005b 07       		.byte	(.L54-.L56)/2
 240 005c 07       		.byte	(.L54-.L56)/2
 241 005d 74       		.byte	(.L55-.L56)/2
 242              		.p2align 1
 243              	.L54:
 244 005e A2F13001 		sub	r1, r2, #48
 245 0062 0929     		cmp	r1, #9
 246 0064 4FF00005 		mov	r5, #0
 247 0068 0DD8     		bhi	.L61
 248              	.L62:
 249 006a 05EB8505 		add	r5, r5, r5, lsl #2
 250 006e 02EB4505 		add	r5, r2, r5, lsl #1
 251 0072 1A78     		ldrb	r2, [r3]	@ zero_extendqisi2
 252 0074 A2F13001 		sub	r1, r2, #48
 253 0078 0929     		cmp	r1, #9
 254 007a 1C46     		mov	r4, r3
 255 007c A5F13005 		sub	r5, r5, #48
 256 0080 03F10103 		add	r3, r3, #1
 257 0084 F1D9     		bls	.L62
 258              	.L61:
 259 0086 2E2A     		cmp	r2, #46
 260 0088 00F0FA80 		beq	.L153
 261 008c 2178     		ldrb	r1, [r4]	@ zero_extendqisi2
 262 008e 4FF0000B 		mov	fp, #0
 263              	.L64:
 264 0092 01F0FB00 		and	r0, r1, #251
 265 0096 6828     		cmp	r0, #104
 266 0098 1C46     		mov	r4, r3
 267 009a 5DD0     		beq	.L67
 268              	.L66:
 269 009c 2529     		cmp	r1, #37
 270 009e BFD0     		beq	.L144
 271 00a0 5839     		subs	r1, r1, #88
 272 00a2 CBB2     		uxtb	r3, r1
 273 00a4 202B     		cmp	r3, #32
 274 00a6 BED8     		bhi	.L151
 275 00a8 2029     		cmp	r1, #32
 276 00aa BCD8     		bhi	.L151
 277 00ac 01A3     		adr	r3, .L71
 278 00ae 53F821F0 		ldr	pc, [r3, r1, lsl #2]
 279 00b2 00BF     		.p2align 2
 280              	.L71:
 281 00b4 8B010000 		.word	.L70+1
 282 00b8 27000000 		.word	.L151+1
 283 00bc 27000000 		.word	.L151+1
 284 00c0 27000000 		.word	.L151+1
 285 00c4 27000000 		.word	.L151+1
 286 00c8 27000000 		.word	.L151+1
 287 00cc 27000000 		.word	.L151+1
 288 00d0 27000000 		.word	.L151+1
 289 00d4 27000000 		.word	.L151+1
 290 00d8 27000000 		.word	.L151+1
ARM GAS  /var/folders/lp/x54gwt890xv47sdkqj1k04q40000gn/T//cciNr1aC.s 			page 6


 291 00dc 27000000 		.word	.L151+1
 292 00e0 6F020000 		.word	.L76+1
 293 00e4 05020000 		.word	.L75+1
 294 00e8 27000000 		.word	.L151+1
 295 00ec 27000000 		.word	.L151+1
 296 00f0 27000000 		.word	.L151+1
 297 00f4 27000000 		.word	.L151+1
 298 00f8 27000000 		.word	.L151+1
 299 00fc 27000000 		.word	.L151+1
 300 0100 27000000 		.word	.L151+1
 301 0104 27000000 		.word	.L151+1
 302 0108 27000000 		.word	.L151+1
 303 010c 27000000 		.word	.L151+1
 304 0110 27000000 		.word	.L151+1
 305 0114 CD010000 		.word	.L74+1
 306 0118 27000000 		.word	.L151+1
 307 011c 27000000 		.word	.L151+1
 308 0120 A7010000 		.word	.L73+1
 309 0124 27000000 		.word	.L151+1
 310 0128 EB010000 		.word	.L72+1
 311 012c 27000000 		.word	.L151+1
 312 0130 27000000 		.word	.L151+1
 313 0134 8B010000 		.word	.L70+1
 314              		.p2align 1
 315              	.L55:
 316 0138 46F00206 		orr	r6, r6, #2
 317 013c 1C46     		mov	r4, r3
 318 013e 7EE7     		b	.L52
 319              	.L58:
 320 0140 46F00406 		orr	r6, r6, #4
 321 0144 1C46     		mov	r4, r3
 322 0146 7AE7     		b	.L52
 323              	.L59:
 324 0148 46F00806 		orr	r6, r6, #8
 325 014c 1C46     		mov	r4, r3
 326 014e 76E7     		b	.L52
 327              	.L57:
 328 0150 46F00106 		orr	r6, r6, #1
 329 0154 1C46     		mov	r4, r3
 330 0156 72E7     		b	.L52
 331              	.L67:
 332 0158 14F8011B 		ldrb	r1, [r4], #1	@ zero_extendqisi2
 333 015c 01F0FB03 		and	r3, r1, #251
 334 0160 682B     		cmp	r3, #104
 335 0162 9BD1     		bne	.L66
 336 0164 14F8011B 		ldrb	r1, [r4], #1	@ zero_extendqisi2
 337 0168 01F0FB03 		and	r3, r1, #251
 338 016c 682B     		cmp	r3, #104
 339 016e 95D1     		bne	.L66
 340 0170 F2E7     		b	.L67
 341              	.L51:
 342 0172 079B     		ldr	r3, [sp, #28]
 343 0174 002B     		cmp	r3, #0
 344 0176 04DD     		ble	.L50
 345 0178 069C     		ldr	r4, [sp, #24]
 346 017a 002C     		cmp	r4, #0
 347 017c 40F09680 		bne	.L154
ARM GAS  /var/folders/lp/x54gwt890xv47sdkqj1k04q40000gn/T//cciNr1aC.s 			page 7


 348 0180 2344     		add	r3, r3, r4
 349              	.L50:
 350 0182 1846     		mov	r0, r3
 351 0184 1BB0     		add	sp, sp, #108
 352              		@ sp needed
 353 0186 BDE8F08F 		pop	{r4, r5, r6, r7, r8, r9, r10, fp, pc}
 354              	.L70:
 355 018a 3868     		ldr	r0, [r7]
 356 018c 1022     		movs	r2, #16
 357 018e 0168     		ldr	r1, [r0]
 358 0190 0430     		adds	r0, r0, #4
 359 0192 CDE90056 		strd	r5, r6, [sp]
 360 0196 5B46     		mov	r3, fp
 361 0198 3860     		str	r0, [r7]
 362 019a 0DEB0200 		add	r0, sp, r2
 363 019e FFF7FEFF 		bl	_PrintUnsigned
 364 01a2 079B     		ldr	r3, [sp, #28]
 365 01a4 40E7     		b	.L108
 366              	.L73:
 367 01a6 3B68     		ldr	r3, [r7]
 368 01a8 1A1D     		adds	r2, r3, #4
 369 01aa 3A60     		str	r2, [r7]
 370 01ac 1D68     		ldr	r5, [r3]
 371              	.L107:
 372 01ae 15F8011B 		ldrb	r1, [r5], #1	@ zero_extendqisi2
 373 01b2 04A8     		add	r0, sp, #16
 374 01b4 0029     		cmp	r1, #0
 375 01b6 3FF436AF 		beq	.L151
 376 01ba FFF7FEFF 		bl	_StoreChar
 377 01be 079B     		ldr	r3, [sp, #28]
 378 01c0 002B     		cmp	r3, #0
 379 01c2 F4DA     		bge	.L107
 380 01c4 1846     		mov	r0, r3
 381 01c6 1BB0     		add	sp, sp, #108
 382              		@ sp needed
 383 01c8 BDE8F08F 		pop	{r4, r5, r6, r7, r8, r9, r10, fp, pc}
 384              	.L74:
 385 01cc 3A68     		ldr	r2, [r7]
 386 01ce 1168     		ldr	r1, [r2]
 387 01d0 0432     		adds	r2, r2, #4
 388 01d2 3A60     		str	r2, [r7]
 389 01d4 0022     		movs	r2, #0
 390 01d6 0823     		movs	r3, #8
 391 01d8 0192     		str	r2, [sp, #4]
 392 01da 1022     		movs	r2, #16
 393 01dc 0093     		str	r3, [sp]
 394 01de 0DEB0200 		add	r0, sp, r2
 395 01e2 FFF7FEFF 		bl	_PrintUnsigned
 396 01e6 079B     		ldr	r3, [sp, #28]
 397 01e8 1EE7     		b	.L108
 398              	.L72:
 399 01ea 3868     		ldr	r0, [r7]
 400 01ec 0168     		ldr	r1, [r0]
 401 01ee 0430     		adds	r0, r0, #4
 402 01f0 CDE90056 		strd	r5, r6, [sp]
 403 01f4 5B46     		mov	r3, fp
 404 01f6 3860     		str	r0, [r7]
ARM GAS  /var/folders/lp/x54gwt890xv47sdkqj1k04q40000gn/T//cciNr1aC.s 			page 8


 405 01f8 0A22     		movs	r2, #10
 406 01fa 04A8     		add	r0, sp, #16
 407 01fc FFF7FEFF 		bl	_PrintUnsigned
 408 0200 079B     		ldr	r3, [sp, #28]
 409 0202 11E7     		b	.L108
 410              	.L75:
 411 0204 3B68     		ldr	r3, [r7]
 412 0206 1A68     		ldr	r2, [r3]
 413 0208 0392     		str	r2, [sp, #12]
 414 020a 0433     		adds	r3, r3, #4
 415 020c 3B60     		str	r3, [r7]
 416 020e 82EAE273 		eor	r3, r2, r2, asr #31
 417 0212 A3EBE273 		sub	r3, r3, r2, asr #31
 418 0216 092B     		cmp	r3, #9
 419 0218 40F39280 		ble	.L115
 420 021c 5B48     		ldr	r0, .L159
 421 021e 4FF00108 		mov	r8, #1
 422              	.L79:
 423 0222 1946     		mov	r1, r3
 424 0224 6329     		cmp	r1, #99
 425 0226 A0FB03C3 		umull	ip, r3, r0, r3
 426 022a 08F10108 		add	r8, r8, #1
 427 022e 4FEAD303 		lsr	r3, r3, #3
 428 0232 F6DC     		bgt	.L79
 429              	.L78:
 430 0234 D845     		cmp	r8, fp
 431 0236 38BF     		it	cc
 432 0238 D846     		movcc	r8, fp
 433 023a 002D     		cmp	r5, #0
 434 023c 3FD1     		bne	.L80
 435              	.L90:
 436 023e 0798     		ldr	r0, [sp, #28]
 437 0240 0025     		movs	r5, #0
 438 0242 0346     		mov	r3, r0
 439              	.L81:
 440 0244 0028     		cmp	r0, #0
 441 0246 9CDB     		blt	.L50
 442 0248 039B     		ldr	r3, [sp, #12]
 443 024a 002B     		cmp	r3, #0
 444 024c 63DB     		blt	.L155
 445 024e 7307     		lsls	r3, r6, #29
 446 0250 6DD4     		bmi	.L156
 447              	.L99:
 448 0252 06F00303 		and	r3, r6, #3
 449 0256 022B     		cmp	r3, #2
 450 0258 75D0     		beq	.L157
 451              	.L105:
 452 025a 5B46     		mov	r3, fp
 453 025c CDE90056 		strd	r5, r6, [sp]
 454 0260 0399     		ldr	r1, [sp, #12]
 455 0262 0A22     		movs	r2, #10
 456 0264 04A8     		add	r0, sp, #16
 457 0266 FFF7FEFF 		bl	_PrintUnsigned
 458 026a 079B     		ldr	r3, [sp, #28]
 459 026c DCE6     		b	.L108
 460              	.L76:
 461 026e 3B68     		ldr	r3, [r7]
ARM GAS  /var/folders/lp/x54gwt890xv47sdkqj1k04q40000gn/T//cciNr1aC.s 			page 9


 462 0270 1A1D     		adds	r2, r3, #4
 463 0272 1978     		ldrb	r1, [r3]	@ zero_extendqisi2
 464 0274 3A60     		str	r2, [r7]
 465 0276 04A8     		add	r0, sp, #16
 466 0278 FFF7FEFF 		bl	_StoreChar
 467 027c 079B     		ldr	r3, [sp, #28]
 468 027e D3E6     		b	.L108
 469              	.L153:
 470 0280 6178     		ldrb	r1, [r4, #1]	@ zero_extendqisi2
 471 0282 A1F13002 		sub	r2, r1, #48
 472 0286 092A     		cmp	r2, #9
 473 0288 56D8     		bhi	.L114
 474 028a 1C46     		mov	r4, r3
 475 028c 4FF0000B 		mov	fp, #0
 476              	.L65:
 477 0290 0BEB8B02 		add	r2, fp, fp, lsl #2
 478 0294 01EB4202 		add	r2, r1, r2, lsl #1
 479 0298 14F8011F 		ldrb	r1, [r4, #1]!	@ zero_extendqisi2
 480 029c A1F13003 		sub	r3, r1, #48
 481 02a0 092B     		cmp	r3, #9
 482 02a2 A2F1300B 		sub	fp, r2, #48
 483 02a6 F3D9     		bls	.L65
 484 02a8 631C     		adds	r3, r4, #1
 485 02aa F2E6     		b	.L64
 486              	.L154:
 487 02ac 2246     		mov	r2, r4
 488 02ae 5146     		mov	r1, r10
 489 02b0 4846     		mov	r0, r9
 490 02b2 0393     		str	r3, [sp, #12]
 491 02b4 FFF7FEFF 		bl	SEGGER_RTT_Write
 492 02b8 039B     		ldr	r3, [sp, #12]
 493 02ba 2344     		add	r3, r3, r4
 494 02bc 61E7     		b	.L50
 495              	.L80:
 496 02be 039A     		ldr	r2, [sp, #12]
 497 02c0 002A     		cmp	r2, #0
 498 02c2 06F00203 		and	r3, r6, #2
 499 02c6 1CDB     		blt	.L82
 500 02c8 7207     		lsls	r2, r6, #29
 501 02ca 1AD4     		bmi	.L82
 502 02cc 002B     		cmp	r3, #0
 503 02ce 53D0     		beq	.L83
 504 02d0 BBF1000F 		cmp	fp, #0
 505 02d4 12D0     		beq	.L150
 506 02d6 F007     		lsls	r0, r6, #31
 507 02d8 0CD5     		bpl	.L93
 508 02da 0FE0     		b	.L150
 509              	.L94:
 510 02dc 04A8     		add	r0, sp, #16
 511 02de FFF7FEFF 		bl	_StoreChar
 512 02e2 0798     		ldr	r0, [sp, #28]
 513 02e4 0028     		cmp	r0, #0
 514 02e6 05F1FF35 		add	r5, r5, #-1
 515 02ea 0346     		mov	r3, r0
 516 02ec FFF649AF 		blt	.L50
 517 02f0 002D     		cmp	r5, #0
 518 02f2 A7D0     		beq	.L81
ARM GAS  /var/folders/lp/x54gwt890xv47sdkqj1k04q40000gn/T//cciNr1aC.s 			page 10


 519              	.L93:
 520 02f4 4545     		cmp	r5, r8
 521 02f6 4FF02001 		mov	r1, #32
 522 02fa EFD8     		bhi	.L94
 523              	.L150:
 524 02fc 0798     		ldr	r0, [sp, #28]
 525 02fe 0346     		mov	r3, r0
 526 0300 A0E7     		b	.L81
 527              	.L82:
 528 0302 013D     		subs	r5, r5, #1
 529 0304 13B1     		cbz	r3, .L88
 530 0306 BBF1000F 		cmp	fp, #0
 531 030a F7D0     		beq	.L150
 532              	.L88:
 533 030c F207     		lsls	r2, r6, #31
 534 030e F5D4     		bmi	.L150
 535 0310 002D     		cmp	r5, #0
 536 0312 EFD1     		bne	.L93
 537 0314 93E7     		b	.L90
 538              	.L155:
 539 0316 5B42     		rsbs	r3, r3, #0
 540 0318 2D21     		movs	r1, #45
 541 031a 04A8     		add	r0, sp, #16
 542 031c 0393     		str	r3, [sp, #12]
 543 031e FFF7FEFF 		bl	_StoreChar
 544              	.L98:
 545 0322 0798     		ldr	r0, [sp, #28]
 546 0324 0028     		cmp	r0, #0
 547 0326 0346     		mov	r3, r0
 548 0328 FFF62BAF 		blt	.L50
 549 032c 91E7     		b	.L99
 550              	.L156:
 551 032e 2B21     		movs	r1, #43
 552 0330 04A8     		add	r0, sp, #16
 553 0332 FFF7FEFF 		bl	_StoreChar
 554 0336 F4E7     		b	.L98
 555              	.L114:
 556 0338 0133     		adds	r3, r3, #1
 557 033a 4FF0000B 		mov	fp, #0
 558 033e A8E6     		b	.L64
 559              	.L115:
 560 0340 4FF00108 		mov	r8, #1
 561 0344 76E7     		b	.L78
 562              	.L157:
 563 0346 BBF1000F 		cmp	fp, #0
 564 034a 86D1     		bne	.L105
 565 034c 002D     		cmp	r5, #0
 566 034e 84D0     		beq	.L105
 567              	.L101:
 568 0350 A845     		cmp	r8, r5
 569 0352 4FF03001 		mov	r1, #48
 570 0356 16D2     		bcs	.L158
 571 0358 04A8     		add	r0, sp, #16
 572 035a FFF7FEFF 		bl	_StoreChar
 573 035e 0798     		ldr	r0, [sp, #28]
 574 0360 0028     		cmp	r0, #0
 575 0362 05F1FF35 		add	r5, r5, #-1
ARM GAS  /var/folders/lp/x54gwt890xv47sdkqj1k04q40000gn/T//cciNr1aC.s 			page 11


 576 0366 0346     		mov	r3, r0
 577 0368 FFF60BAF 		blt	.L50
 578 036c 002D     		cmp	r5, #0
 579 036e EFD1     		bne	.L101
 580              	.L103:
 581 0370 0028     		cmp	r0, #0
 582 0372 FFF606AF 		blt	.L50
 583 0376 70E7     		b	.L105
 584              	.L83:
 585 0378 F107     		lsls	r1, r6, #31
 586 037a BBD5     		bpl	.L93
 587 037c 079B     		ldr	r3, [sp, #28]
 588 037e 002B     		cmp	r3, #0
 589 0380 BFF66BAF 		bge	.L105
 590 0384 FDE6     		b	.L50
 591              	.L158:
 592 0386 0346     		mov	r3, r0
 593 0388 F2E7     		b	.L103
 594              	.L160:
 595 038a 00BF     		.align	2
 596              	.L159:
 597 038c CDCCCCCC 		.word	-858993459
 599              		.section	.text.SEGGER_RTT_printf,"ax",%progbits
 600              		.align	1
 601              		.p2align 2,,3
 602              		.global	SEGGER_RTT_printf
 603              		.syntax unified
 604              		.thumb
 605              		.thumb_func
 607              	SEGGER_RTT_printf:
 608              		@ args = 4, pretend = 12, frame = 8
 609              		@ frame_needed = 0, uses_anonymous_args = 1
 610 0000 0EB4     		push	{r1, r2, r3}
 611 0002 00B5     		push	{lr}
 612 0004 82B0     		sub	sp, sp, #8
 613 0006 03AB     		add	r3, sp, #12
 614 0008 01AA     		add	r2, sp, #4
 615 000a 53F8041B 		ldr	r1, [r3], #4
 616 000e 0193     		str	r3, [sp, #4]
 617 0010 FFF7FEFF 		bl	SEGGER_RTT_vprintf
 618 0014 02B0     		add	sp, sp, #8
 619              		@ sp needed
 620 0016 5DF804EB 		ldr	lr, [sp], #4
 621 001a 03B0     		add	sp, sp, #12
 622 001c 7047     		bx	lr
 624 001e 00BF     		.section	.rodata._aV2C.0,"a"
 625              		.align	2
 628              	_aV2C.0:
 629 0000 30313233 		.ascii	"0123456789ABCDEF"
 629      34353637 
 629      38394142 
 629      43444546 
 630              		.ident	"GCC: (xPack GNU Arm Embedded GCC arm64) 13.3.1 20240614"
ARM GAS  /var/folders/lp/x54gwt890xv47sdkqj1k04q40000gn/T//cciNr1aC.s 			page 12


DEFINED SYMBOLS
                            *ABS*:00000000 SEGGER_RTT_printf.c
/var/folders/lp/x54gwt890xv47sdkqj1k04q40000gn/T//cciNr1aC.s:18     .text._StoreChar:00000000 $t
/var/folders/lp/x54gwt890xv47sdkqj1k04q40000gn/T//cciNr1aC.s:24     .text._StoreChar:00000000 _StoreChar
/var/folders/lp/x54gwt890xv47sdkqj1k04q40000gn/T//cciNr1aC.s:59     .text._PrintUnsigned:00000000 $t
/var/folders/lp/x54gwt890xv47sdkqj1k04q40000gn/T//cciNr1aC.s:65     .text._PrintUnsigned:00000000 _PrintUnsigned
/var/folders/lp/x54gwt890xv47sdkqj1k04q40000gn/T//cciNr1aC.s:180    .text._PrintUnsigned:000000f0 $d
/var/folders/lp/x54gwt890xv47sdkqj1k04q40000gn/T//cciNr1aC.s:628    .rodata._aV2C.0:00000000 _aV2C.0
/var/folders/lp/x54gwt890xv47sdkqj1k04q40000gn/T//cciNr1aC.s:183    .text.SEGGER_RTT_vprintf:00000000 $t
/var/folders/lp/x54gwt890xv47sdkqj1k04q40000gn/T//cciNr1aC.s:190    .text.SEGGER_RTT_vprintf:00000000 SEGGER_RTT_vprintf
/var/folders/lp/x54gwt890xv47sdkqj1k04q40000gn/T//cciNr1aC.s:228    .text.SEGGER_RTT_vprintf:00000050 $d
/var/folders/lp/x54gwt890xv47sdkqj1k04q40000gn/T//cciNr1aC.s:242    .text.SEGGER_RTT_vprintf:0000005e $t
/var/folders/lp/x54gwt890xv47sdkqj1k04q40000gn/T//cciNr1aC.s:281    .text.SEGGER_RTT_vprintf:000000b4 $d
/var/folders/lp/x54gwt890xv47sdkqj1k04q40000gn/T//cciNr1aC.s:314    .text.SEGGER_RTT_vprintf:00000138 $t
/var/folders/lp/x54gwt890xv47sdkqj1k04q40000gn/T//cciNr1aC.s:597    .text.SEGGER_RTT_vprintf:0000038c $d
/var/folders/lp/x54gwt890xv47sdkqj1k04q40000gn/T//cciNr1aC.s:600    .text.SEGGER_RTT_printf:00000000 $t
/var/folders/lp/x54gwt890xv47sdkqj1k04q40000gn/T//cciNr1aC.s:607    .text.SEGGER_RTT_printf:00000000 SEGGER_RTT_printf
/var/folders/lp/x54gwt890xv47sdkqj1k04q40000gn/T//cciNr1aC.s:625    .rodata._aV2C.0:00000000 $d

UNDEFINED SYMBOLS
SEGGER_RTT_Write
