ARM GAS  /var/folders/lp/x54gwt890xv47sdkqj1k04q40000gn/T//ccOYCx77.s 			page 1


   1              		.cpu cortex-m4
   2              		.arch armv7e-m
   3              		.fpu fpv4-sp-d16
   4              		.eabi_attribute 27, 1
   5              		.eabi_attribute 28, 1
   6              		.eabi_attribute 20, 1
   7              		.eabi_attribute 21, 1
   8              		.eabi_attribute 23, 3
   9              		.eabi_attribute 24, 1
  10              		.eabi_attribute 25, 1
  11              		.eabi_attribute 26, 1
  12              		.eabi_attribute 30, 2
  13              		.eabi_attribute 34, 1
  14              		.eabi_attribute 18, 4
  15              		.file	"stm32f4xx_hal_exti.c"
  16              		.text
  17              		.section	.text.HAL_EXTI_SetConfigLine,"ax",%progbits
  18              		.align	1
  19              		.p2align 2,,3
  20              		.global	HAL_EXTI_SetConfigLine
  21              		.syntax unified
  22              		.thumb
  23              		.thumb_func
  25              	HAL_EXTI_SetConfigLine:
  26              		@ args = 0, pretend = 0, frame = 0
  27              		@ frame_needed = 0, uses_anonymous_args = 0
  28              		@ link register save eliminated.
  29 0000 0028     		cmp	r0, #0
  30 0002 35D0     		beq	.L15
  31 0004 0029     		cmp	r1, #0
  32 0006 33D0     		beq	.L15
  33 0008 0B68     		ldr	r3, [r1]
  34 000a 70B4     		push	{r4, r5, r6}
  35 000c 4FF0010C 		mov	ip, #1
  36 0010 03F01F02 		and	r2, r3, #31
  37 0014 9C01     		lsls	r4, r3, #6
  38 0016 0360     		str	r3, [r0]
  39 0018 0CFA02F0 		lsl	r0, ip, r2
  40 001c 15D5     		bpl	.L4
  41 001e 1F4E     		ldr	r6, .L22
  42 0020 8C68     		ldr	r4, [r1, #8]
  43 0022 B568     		ldr	r5, [r6, #8]
  44 0024 14F0010F 		tst	r4, #1
  45 0028 14BF     		ite	ne
  46 002a 0543     		orrne	r5, r5, r0
  47 002c 8543     		biceq	r5, r5, r0
  48 002e B560     		str	r5, [r6, #8]
  49 0030 1A4D     		ldr	r5, .L22
  50 0032 14F0020F 		tst	r4, #2
  51 0036 EC68     		ldr	r4, [r5, #12]
  52 0038 14BF     		ite	ne
  53 003a 0443     		orrne	r4, r4, r0
  54 003c 8443     		biceq	r4, r4, r0
  55 003e EC60     		str	r4, [r5, #12]
  56 0040 03F0C064 		and	r4, r3, #100663296
  57 0044 B4F1C06F 		cmp	r4, #100663296
  58 0048 14D0     		beq	.L21
ARM GAS  /var/folders/lp/x54gwt890xv47sdkqj1k04q40000gn/T//ccOYCx77.s 			page 2


  59              	.L4:
  60 004a 4B68     		ldr	r3, [r1, #4]
  61 004c 1349     		ldr	r1, .L22
  62 004e 0A68     		ldr	r2, [r1]
  63 0050 DC07     		lsls	r4, r3, #31
  64 0052 4CBF     		ite	mi
  65 0054 0243     		orrmi	r2, r2, r0
  66 0056 8243     		bicpl	r2, r2, r0
  67 0058 0A60     		str	r2, [r1]
  68 005a 104A     		ldr	r2, .L22
  69 005c 13F0020F 		tst	r3, #2
  70 0060 5368     		ldr	r3, [r2, #4]
  71 0062 14BF     		ite	ne
  72 0064 0343     		orrne	r3, r3, r0
  73 0066 8343     		biceq	r3, r3, r0
  74 0068 70BC     		pop	{r4, r5, r6}
  75 006a 0020     		movs	r0, #0
  76 006c 5360     		str	r3, [r2, #4]
  77 006e 7047     		bx	lr
  78              	.L15:
  79 0070 0120     		movs	r0, #1
  80 0072 7047     		bx	lr
  81              	.L21:
  82 0074 02F01C02 		and	r2, r2, #28
  83 0078 02F18042 		add	r2, r2, #1073741824
  84 007c 02F59C32 		add	r2, r2, #79872
  85 0080 CC68     		ldr	r4, [r1, #12]
  86 0082 9568     		ldr	r5, [r2, #8]
  87 0084 03F00303 		and	r3, r3, #3
  88 0088 9B00     		lsls	r3, r3, #2
  89 008a 0F26     		movs	r6, #15
  90 008c 9C40     		lsls	r4, r4, r3
  91 008e 06FA03F3 		lsl	r3, r6, r3
  92 0092 25EA0303 		bic	r3, r5, r3
  93 0096 1C43     		orrs	r4, r4, r3
  94 0098 9460     		str	r4, [r2, #8]
  95 009a D6E7     		b	.L4
  96              	.L23:
  97              		.align	2
  98              	.L22:
  99 009c 003C0140 		.word	1073822720
 101              		.section	.text.HAL_EXTI_GetConfigLine,"ax",%progbits
 102              		.align	1
 103              		.p2align 2,,3
 104              		.global	HAL_EXTI_GetConfigLine
 105              		.syntax unified
 106              		.thumb
 107              		.thumb_func
 109              	HAL_EXTI_GetConfigLine:
 110              		@ args = 0, pretend = 0, frame = 0
 111              		@ frame_needed = 0, uses_anonymous_args = 0
 112              		@ link register save eliminated.
 113 0000 0028     		cmp	r0, #0
 114 0002 43D0     		beq	.L32
 115 0004 0029     		cmp	r1, #0
 116 0006 41D0     		beq	.L32
 117 0008 0268     		ldr	r2, [r0]
ARM GAS  /var/folders/lp/x54gwt890xv47sdkqj1k04q40000gn/T//ccOYCx77.s 			page 3


 118 000a 10B4     		push	{r4}
 119 000c 204C     		ldr	r4, .L43
 120 000e 0A60     		str	r2, [r1]
 121 0010 2068     		ldr	r0, [r4]
 122 0012 02F01F0C 		and	ip, r2, #31
 123 0016 0123     		movs	r3, #1
 124 0018 03FA0CF3 		lsl	r3, r3, ip
 125 001c 1842     		tst	r0, r3
 126 001e 14BF     		ite	ne
 127 0020 0120     		movne	r0, #1
 128 0022 0020     		moveq	r0, #0
 129 0024 4860     		str	r0, [r1, #4]
 130 0026 6468     		ldr	r4, [r4, #4]
 131 0028 1C42     		tst	r4, r3
 132 002a 1CBF     		itt	ne
 133 002c 40F00200 		orrne	r0, r0, #2
 134 0030 4860     		strne	r0, [r1, #4]
 135 0032 0020     		movs	r0, #0
 136 0034 C1E90200 		strd	r0, r0, [r1, #8]
 137 0038 9001     		lsls	r0, r2, #6
 138 003a 23D5     		bpl	.L28
 139 003c 144C     		ldr	r4, .L43
 140 003e A068     		ldr	r0, [r4, #8]
 141 0040 1842     		tst	r0, r3
 142 0042 14BF     		ite	ne
 143 0044 0120     		movne	r0, #1
 144 0046 0020     		moveq	r0, #0
 145 0048 8860     		str	r0, [r1, #8]
 146 004a E468     		ldr	r4, [r4, #12]
 147 004c 1C42     		tst	r4, r3
 148 004e 18BF     		it	ne
 149 0050 40F00200 		orrne	r0, r0, #2
 150 0054 02F0C062 		and	r2, r2, #100663296
 151 0058 18BF     		it	ne
 152 005a 8860     		strne	r0, [r1, #8]
 153 005c B2F1C06F 		cmp	r2, #100663296
 154 0060 10D1     		bne	.L28
 155 0062 4FEA9C03 		lsr	r3, ip, #2
 156 0066 0B4A     		ldr	r2, .L43+4
 157 0068 0233     		adds	r3, r3, #2
 158 006a 6FEA0C0C 		mvn	ip, ip
 159 006e 52F82330 		ldr	r3, [r2, r3, lsl #2]
 160 0072 0CF0030C 		and	ip, ip, #3
 161 0076 1B04     		lsls	r3, r3, #16
 162 0078 4FEA8C0C 		lsl	ip, ip, #2
 163 007c 03FA0CF3 		lsl	r3, r3, ip
 164 0080 1B0F     		lsrs	r3, r3, #28
 165 0082 CB60     		str	r3, [r1, #12]
 166              	.L28:
 167 0084 0020     		movs	r0, #0
 168 0086 5DF8044B 		ldr	r4, [sp], #4
 169 008a 7047     		bx	lr
 170              	.L32:
 171 008c 0120     		movs	r0, #1
 172 008e 7047     		bx	lr
 173              	.L44:
 174              		.align	2
ARM GAS  /var/folders/lp/x54gwt890xv47sdkqj1k04q40000gn/T//ccOYCx77.s 			page 4


 175              	.L43:
 176 0090 003C0140 		.word	1073822720
 177 0094 00380140 		.word	1073821696
 179              		.section	.text.HAL_EXTI_ClearConfigLine,"ax",%progbits
 180              		.align	1
 181              		.p2align 2,,3
 182              		.global	HAL_EXTI_ClearConfigLine
 183              		.syntax unified
 184              		.thumb
 185              		.thumb_func
 187              	HAL_EXTI_ClearConfigLine:
 188              		@ args = 0, pretend = 0, frame = 0
 189              		@ frame_needed = 0, uses_anonymous_args = 0
 190              		@ link register save eliminated.
 191 0000 90B3     		cbz	r0, .L50
 192 0002 0168     		ldr	r1, [r0]
 193 0004 194A     		ldr	r2, .L52
 194 0006 01F01F0C 		and	ip, r1, #31
 195 000a 1068     		ldr	r0, [r2]
 196 000c 0123     		movs	r3, #1
 197 000e 03FA0CF3 		lsl	r3, r3, ip
 198 0012 20EA0300 		bic	r0, r0, r3
 199 0016 1060     		str	r0, [r2]
 200 0018 5068     		ldr	r0, [r2, #4]
 201 001a 20EA0300 		bic	r0, r0, r3
 202 001e 5060     		str	r0, [r2, #4]
 203 0020 8801     		lsls	r0, r1, #6
 204 0022 6FEA0303 		mvn	r3, r3
 205 0026 0AD5     		bpl	.L49
 206 0028 9068     		ldr	r0, [r2, #8]
 207 002a 1840     		ands	r0, r0, r3
 208 002c 9060     		str	r0, [r2, #8]
 209 002e D068     		ldr	r0, [r2, #12]
 210 0030 0340     		ands	r3, r3, r0
 211 0032 01F0C060 		and	r0, r1, #100663296
 212 0036 B0F1C06F 		cmp	r0, #100663296
 213 003a D360     		str	r3, [r2, #12]
 214 003c 01D0     		beq	.L51
 215              	.L49:
 216 003e 0020     		movs	r0, #0
 217 0040 7047     		bx	lr
 218              	.L51:
 219 0042 0CF01C0C 		and	ip, ip, #28
 220 0046 0CF1804C 		add	ip, ip, #1073741824
 221 004a 0CF59C3C 		add	ip, ip, #79872
 222 004e 01F00301 		and	r1, r1, #3
 223 0052 DCF80830 		ldr	r3, [ip, #8]
 224 0056 8900     		lsls	r1, r1, #2
 225 0058 0F22     		movs	r2, #15
 226 005a 8A40     		lsls	r2, r2, r1
 227 005c 23EA0203 		bic	r3, r3, r2
 228 0060 CCF80830 		str	r3, [ip, #8]
 229 0064 0020     		movs	r0, #0
 230 0066 7047     		bx	lr
 231              	.L50:
 232 0068 0120     		movs	r0, #1
 233 006a 7047     		bx	lr
ARM GAS  /var/folders/lp/x54gwt890xv47sdkqj1k04q40000gn/T//ccOYCx77.s 			page 5


 234              	.L53:
 235              		.align	2
 236              	.L52:
 237 006c 003C0140 		.word	1073822720
 239              		.section	.text.HAL_EXTI_RegisterCallback,"ax",%progbits
 240              		.align	1
 241              		.p2align 2,,3
 242              		.global	HAL_EXTI_RegisterCallback
 243              		.syntax unified
 244              		.thumb
 245              		.thumb_func
 247              	HAL_EXTI_RegisterCallback:
 248              		@ args = 0, pretend = 0, frame = 0
 249              		@ frame_needed = 0, uses_anonymous_args = 0
 250              		@ link register save eliminated.
 251 0000 11B9     		cbnz	r1, .L56
 252 0002 4260     		str	r2, [r0, #4]
 253 0004 0846     		mov	r0, r1
 254 0006 7047     		bx	lr
 255              	.L56:
 256 0008 0120     		movs	r0, #1
 257 000a 7047     		bx	lr
 259              		.section	.text.HAL_EXTI_GetHandle,"ax",%progbits
 260              		.align	1
 261              		.p2align 2,,3
 262              		.global	HAL_EXTI_GetHandle
 263              		.syntax unified
 264              		.thumb
 265              		.thumb_func
 267              	HAL_EXTI_GetHandle:
 268              		@ args = 0, pretend = 0, frame = 0
 269              		@ frame_needed = 0, uses_anonymous_args = 0
 270              		@ link register save eliminated.
 271 0000 10B1     		cbz	r0, .L59
 272 0002 0160     		str	r1, [r0]
 273 0004 0020     		movs	r0, #0
 274 0006 7047     		bx	lr
 275              	.L59:
 276 0008 0120     		movs	r0, #1
 277 000a 7047     		bx	lr
 279              		.section	.text.HAL_EXTI_IRQHandler,"ax",%progbits
 280              		.align	1
 281              		.p2align 2,,3
 282              		.global	HAL_EXTI_IRQHandler
 283              		.syntax unified
 284              		.thumb
 285              		.thumb_func
 287              	HAL_EXTI_IRQHandler:
 288              		@ args = 0, pretend = 0, frame = 0
 289              		@ frame_needed = 0, uses_anonymous_args = 0
 290              		@ link register save eliminated.
 291 0000 0368     		ldr	r3, [r0]
 292 0002 0949     		ldr	r1, .L68
 293 0004 03F01F02 		and	r2, r3, #31
 294 0008 10B4     		push	{r4}
 295 000a 0123     		movs	r3, #1
 296 000c 4C69     		ldr	r4, [r1, #20]
ARM GAS  /var/folders/lp/x54gwt890xv47sdkqj1k04q40000gn/T//ccOYCx77.s 			page 6


 297 000e 9340     		lsls	r3, r3, r2
 298 0010 1C42     		tst	r4, r3
 299 0012 05D0     		beq	.L60
 300 0014 4268     		ldr	r2, [r0, #4]
 301 0016 4B61     		str	r3, [r1, #20]
 302 0018 12B1     		cbz	r2, .L60
 303 001a 5DF8044B 		ldr	r4, [sp], #4
 304 001e 1047     		bx	r2	@ indirect register sibling call
 305              	.L60:
 306 0020 5DF8044B 		ldr	r4, [sp], #4
 307 0024 7047     		bx	lr
 308              	.L69:
 309 0026 00BF     		.align	2
 310              	.L68:
 311 0028 003C0140 		.word	1073822720
 313              		.section	.text.HAL_EXTI_GetPending,"ax",%progbits
 314              		.align	1
 315              		.p2align 2,,3
 316              		.global	HAL_EXTI_GetPending
 317              		.syntax unified
 318              		.thumb
 319              		.thumb_func
 321              	HAL_EXTI_GetPending:
 322              		@ args = 0, pretend = 0, frame = 0
 323              		@ frame_needed = 0, uses_anonymous_args = 0
 324              		@ link register save eliminated.
 325 0000 054B     		ldr	r3, .L71
 326 0002 0068     		ldr	r0, [r0]
 327 0004 5A69     		ldr	r2, [r3, #20]
 328 0006 00F01F00 		and	r0, r0, #31
 329 000a 0123     		movs	r3, #1
 330 000c 8340     		lsls	r3, r3, r0
 331 000e 1340     		ands	r3, r3, r2
 332 0010 23FA00F0 		lsr	r0, r3, r0
 333 0014 7047     		bx	lr
 334              	.L72:
 335 0016 00BF     		.align	2
 336              	.L71:
 337 0018 003C0140 		.word	1073822720
 339              		.section	.text.HAL_EXTI_ClearPending,"ax",%progbits
 340              		.align	1
 341              		.p2align 2,,3
 342              		.global	HAL_EXTI_ClearPending
 343              		.syntax unified
 344              		.thumb
 345              		.thumb_func
 347              	HAL_EXTI_ClearPending:
 348              		@ args = 0, pretend = 0, frame = 0
 349              		@ frame_needed = 0, uses_anonymous_args = 0
 350              		@ link register save eliminated.
 351 0000 0268     		ldr	r2, [r0]
 352 0002 0349     		ldr	r1, .L74
 353 0004 0123     		movs	r3, #1
 354 0006 02F01F02 		and	r2, r2, #31
 355 000a 9340     		lsls	r3, r3, r2
 356 000c 4B61     		str	r3, [r1, #20]
 357 000e 7047     		bx	lr
ARM GAS  /var/folders/lp/x54gwt890xv47sdkqj1k04q40000gn/T//ccOYCx77.s 			page 7


 358              	.L75:
 359              		.align	2
 360              	.L74:
 361 0010 003C0140 		.word	1073822720
 363              		.section	.text.HAL_EXTI_GenerateSWI,"ax",%progbits
 364              		.align	1
 365              		.p2align 2,,3
 366              		.global	HAL_EXTI_GenerateSWI
 367              		.syntax unified
 368              		.thumb
 369              		.thumb_func
 371              	HAL_EXTI_GenerateSWI:
 372              		@ args = 0, pretend = 0, frame = 0
 373              		@ frame_needed = 0, uses_anonymous_args = 0
 374              		@ link register save eliminated.
 375 0000 0268     		ldr	r2, [r0]
 376 0002 0349     		ldr	r1, .L77
 377 0004 0123     		movs	r3, #1
 378 0006 02F01F02 		and	r2, r2, #31
 379 000a 9340     		lsls	r3, r3, r2
 380 000c 0B61     		str	r3, [r1, #16]
 381 000e 7047     		bx	lr
 382              	.L78:
 383              		.align	2
 384              	.L77:
 385 0010 003C0140 		.word	1073822720
 387              		.ident	"GCC: (xPack GNU Arm Embedded GCC arm64) 13.3.1 20240614"
ARM GAS  /var/folders/lp/x54gwt890xv47sdkqj1k04q40000gn/T//ccOYCx77.s 			page 8


DEFINED SYMBOLS
                            *ABS*:00000000 stm32f4xx_hal_exti.c
/var/folders/lp/x54gwt890xv47sdkqj1k04q40000gn/T//ccOYCx77.s:18     .text.HAL_EXTI_SetConfigLine:00000000 $t
/var/folders/lp/x54gwt890xv47sdkqj1k04q40000gn/T//ccOYCx77.s:25     .text.HAL_EXTI_SetConfigLine:00000000 HAL_EXTI_SetConfigLine
/var/folders/lp/x54gwt890xv47sdkqj1k04q40000gn/T//ccOYCx77.s:99     .text.HAL_EXTI_SetConfigLine:0000009c $d
/var/folders/lp/x54gwt890xv47sdkqj1k04q40000gn/T//ccOYCx77.s:102    .text.HAL_EXTI_GetConfigLine:00000000 $t
/var/folders/lp/x54gwt890xv47sdkqj1k04q40000gn/T//ccOYCx77.s:109    .text.HAL_EXTI_GetConfigLine:00000000 HAL_EXTI_GetConfigLine
/var/folders/lp/x54gwt890xv47sdkqj1k04q40000gn/T//ccOYCx77.s:176    .text.HAL_EXTI_GetConfigLine:00000090 $d
/var/folders/lp/x54gwt890xv47sdkqj1k04q40000gn/T//ccOYCx77.s:180    .text.HAL_EXTI_ClearConfigLine:00000000 $t
/var/folders/lp/x54gwt890xv47sdkqj1k04q40000gn/T//ccOYCx77.s:187    .text.HAL_EXTI_ClearConfigLine:00000000 HAL_EXTI_ClearConfigLine
/var/folders/lp/x54gwt890xv47sdkqj1k04q40000gn/T//ccOYCx77.s:237    .text.HAL_EXTI_ClearConfigLine:0000006c $d
/var/folders/lp/x54gwt890xv47sdkqj1k04q40000gn/T//ccOYCx77.s:240    .text.HAL_EXTI_RegisterCallback:00000000 $t
/var/folders/lp/x54gwt890xv47sdkqj1k04q40000gn/T//ccOYCx77.s:247    .text.HAL_EXTI_RegisterCallback:00000000 HAL_EXTI_RegisterCallback
/var/folders/lp/x54gwt890xv47sdkqj1k04q40000gn/T//ccOYCx77.s:260    .text.HAL_EXTI_GetHandle:00000000 $t
/var/folders/lp/x54gwt890xv47sdkqj1k04q40000gn/T//ccOYCx77.s:267    .text.HAL_EXTI_GetHandle:00000000 HAL_EXTI_GetHandle
/var/folders/lp/x54gwt890xv47sdkqj1k04q40000gn/T//ccOYCx77.s:280    .text.HAL_EXTI_IRQHandler:00000000 $t
/var/folders/lp/x54gwt890xv47sdkqj1k04q40000gn/T//ccOYCx77.s:287    .text.HAL_EXTI_IRQHandler:00000000 HAL_EXTI_IRQHandler
/var/folders/lp/x54gwt890xv47sdkqj1k04q40000gn/T//ccOYCx77.s:311    .text.HAL_EXTI_IRQHandler:00000028 $d
/var/folders/lp/x54gwt890xv47sdkqj1k04q40000gn/T//ccOYCx77.s:314    .text.HAL_EXTI_GetPending:00000000 $t
/var/folders/lp/x54gwt890xv47sdkqj1k04q40000gn/T//ccOYCx77.s:321    .text.HAL_EXTI_GetPending:00000000 HAL_EXTI_GetPending
/var/folders/lp/x54gwt890xv47sdkqj1k04q40000gn/T//ccOYCx77.s:337    .text.HAL_EXTI_GetPending:00000018 $d
/var/folders/lp/x54gwt890xv47sdkqj1k04q40000gn/T//ccOYCx77.s:340    .text.HAL_EXTI_ClearPending:00000000 $t
/var/folders/lp/x54gwt890xv47sdkqj1k04q40000gn/T//ccOYCx77.s:347    .text.HAL_EXTI_ClearPending:00000000 HAL_EXTI_ClearPending
/var/folders/lp/x54gwt890xv47sdkqj1k04q40000gn/T//ccOYCx77.s:361    .text.HAL_EXTI_ClearPending:00000010 $d
/var/folders/lp/x54gwt890xv47sdkqj1k04q40000gn/T//ccOYCx77.s:364    .text.HAL_EXTI_GenerateSWI:00000000 $t
/var/folders/lp/x54gwt890xv47sdkqj1k04q40000gn/T//ccOYCx77.s:371    .text.HAL_EXTI_GenerateSWI:00000000 HAL_EXTI_GenerateSWI
/var/folders/lp/x54gwt890xv47sdkqj1k04q40000gn/T//ccOYCx77.s:385    .text.HAL_EXTI_GenerateSWI:00000010 $d

NO UNDEFINED SYMBOLS
