ARM GAS  /var/folders/lp/x54gwt890xv47sdkqj1k04q40000gn/T//ccVlep4S.s 			page 1


   1              		.cpu cortex-m4
   2              		.arch armv7e-m
   3              		.fpu fpv4-sp-d16
   4              		.eabi_attribute 27, 1
   5              		.eabi_attribute 28, 1
   6              		.eabi_attribute 20, 1
   7              		.eabi_attribute 21, 1
   8              		.eabi_attribute 23, 3
   9              		.eabi_attribute 24, 1
  10              		.eabi_attribute 25, 1
  11              		.eabi_attribute 26, 1
  12              		.eabi_attribute 30, 2
  13              		.eabi_attribute 34, 1
  14              		.eabi_attribute 18, 4
  15              		.file	"stm32f4xx_hal_hcd.c"
  16              		.text
  17              		.section	.text.HAL_HCD_HC_Init,"ax",%progbits
  18              		.align	1
  19              		.p2align 2,,3
  20              		.global	HAL_HCD_HC_Init
  21              		.syntax unified
  22              		.thumb
  23              		.thumb_func
  25              	HAL_HCD_HC_Init:
  26              		@ args = 12, pretend = 0, frame = 0
  27              		@ frame_needed = 0, uses_anonymous_args = 0
  28 0000 2DE9F043 		push	{r4, r5, r6, r7, r8, r9, lr}
  29 0004 90F8F852 		ldrb	r5, [r0, #760]	@ zero_extendqisi2
  30 0008 85B0     		sub	sp, sp, #20
  31 000a 012D     		cmp	r5, #1
  32 000c 9DF83070 		ldrb	r7, [sp, #48]	@ zero_extendqisi2
  33 0010 9DF834E0 		ldrb	lr, [sp, #52]	@ zero_extendqisi2
  34 0014 BDF83880 		ldrh	r8, [sp, #56]
  35 0018 2ED0     		beq	.L3
  36 001a 0026     		movs	r6, #0
  37 001c 3546     		mov	r5, r6
  38 001e 63F30705 		bfi	r5, r3, #0, #8
  39 0022 4FF02C09 		mov	r9, #44
  40 0026 09FB01FC 		mul	ip, r9, r1
  41 002a 61F30F25 		bfi	r5, r1, #8, #8
  42 002e 02F07F09 		and	r9, r2, #127
  43 0032 0446     		mov	r4, r0
  44 0034 69F31745 		bfi	r5, r9, #16, #8
  45 0038 D009     		lsrs	r0, r2, #7
  46 003a 60F31F65 		bfi	r5, r0, #24, #8
  47 003e 04EB0C00 		add	r0, r4, ip
  48 0042 0CF1380C 		add	ip, ip, #56
  49 0046 4FF00109 		mov	r9, #1
  50 004a 84F8F892 		strb	r9, [r4, #760]
  51 004e 80F83D60 		strb	r6, [r0, #61]
  52 0052 80F83FE0 		strb	lr, [r0, #63]
  53 0056 A0F84080 		strh	r8, [r0, #64]	@ movhi
  54 005a 44F80C50 		str	r5, [r4, ip]
  55 005e 80F83C70 		strb	r7, [r0, #60]
  56 0062 CDE901E8 		strd	lr, r8, [sp, #4]
  57 0066 0097     		str	r7, [sp]
  58 0068 2068     		ldr	r0, [r4]
ARM GAS  /var/folders/lp/x54gwt890xv47sdkqj1k04q40000gn/T//ccVlep4S.s 			page 2


  59 006a FFF7FEFF 		bl	USB_HC_Init
  60 006e 84F8F862 		strb	r6, [r4, #760]
  61 0072 05B0     		add	sp, sp, #20
  62              		@ sp needed
  63 0074 BDE8F083 		pop	{r4, r5, r6, r7, r8, r9, pc}
  64              	.L3:
  65 0078 0220     		movs	r0, #2
  66 007a 05B0     		add	sp, sp, #20
  67              		@ sp needed
  68 007c BDE8F083 		pop	{r4, r5, r6, r7, r8, r9, pc}
  70              		.section	.text.HAL_HCD_HC_Halt,"ax",%progbits
  71              		.align	1
  72              		.p2align 2,,3
  73              		.global	HAL_HCD_HC_Halt
  74              		.syntax unified
  75              		.thumb
  76              		.thumb_func
  78              	HAL_HCD_HC_Halt:
  79              		@ args = 0, pretend = 0, frame = 0
  80              		@ frame_needed = 0, uses_anonymous_args = 0
  81 0000 90F8F832 		ldrb	r3, [r0, #760]	@ zero_extendqisi2
  82 0004 012B     		cmp	r3, #1
  83 0006 0CD0     		beq	.L8
  84 0008 10B5     		push	{r4, lr}
  85 000a 0446     		mov	r4, r0
  86 000c 0123     		movs	r3, #1
  87 000e 0068     		ldr	r0, [r0]
  88 0010 84F8F832 		strb	r3, [r4, #760]
  89 0014 FFF7FEFF 		bl	USB_HC_Halt
  90 0018 0023     		movs	r3, #0
  91 001a 84F8F832 		strb	r3, [r4, #760]
  92 001e 1846     		mov	r0, r3
  93 0020 10BD     		pop	{r4, pc}
  94              	.L8:
  95 0022 0220     		movs	r0, #2
  96 0024 7047     		bx	lr
  98 0026 00BF     		.section	.text.HAL_HCD_MspInit,"ax",%progbits
  99              		.align	1
 100              		.p2align 2,,3
 101              		.weak	HAL_HCD_MspInit
 102              		.syntax unified
 103              		.thumb
 104              		.thumb_func
 106              	HAL_HCD_MspInit:
 107              		@ args = 0, pretend = 0, frame = 0
 108              		@ frame_needed = 0, uses_anonymous_args = 0
 109              		@ link register save eliminated.
 110 0000 7047     		bx	lr
 112 0002 00BF     		.section	.text.HAL_HCD_Init,"ax",%progbits
 113              		.align	1
 114              		.p2align 2,,3
 115              		.global	HAL_HCD_Init
 116              		.syntax unified
 117              		.thumb
 118              		.thumb_func
 120              	HAL_HCD_Init:
 121              		@ args = 0, pretend = 0, frame = 0
ARM GAS  /var/folders/lp/x54gwt890xv47sdkqj1k04q40000gn/T//ccVlep4S.s 			page 3


 122              		@ frame_needed = 0, uses_anonymous_args = 0
 123 0000 0028     		cmp	r0, #0
 124 0002 4DD0     		beq	.L18
 125 0004 2DE9F041 		push	{r4, r5, r6, r7, r8, lr}
 126 0008 90F8F932 		ldrb	r3, [r0, #761]	@ zero_extendqisi2
 127 000c 0468     		ldr	r4, [r0]
 128 000e 8AB0     		sub	sp, sp, #40
 129 0010 0646     		mov	r6, r0
 130 0012 03F0FF02 		and	r2, r3, #255
 131 0016 002B     		cmp	r3, #0
 132 0018 3CD0     		beq	.L24
 133 001a 2046     		mov	r0, r4
 134              	.L16:
 135 001c 0323     		movs	r3, #3
 136 001e 86F8F932 		strb	r3, [r6, #761]
 137 0022 E36B     		ldr	r3, [r4, #60]
 138 0024 3446     		mov	r4, r6
 139 0026 13F48073 		ands	r3, r3, #256
 140 002a 08BF     		it	eq
 141 002c 3361     		streq	r3, [r6, #16]
 142 002e FFF7FEFF 		bl	USB_DisableGlobalInt
 143 0032 54F810CB 		ldr	ip, [r4], #16
 144 0036 0FCC     		ldmia	r4!, {r0, r1, r2, r3}
 145 0038 6D46     		mov	r5, sp
 146 003a 0FC5     		stmia	r5!, {r0, r1, r2, r3}
 147 003c 0FCC     		ldmia	r4!, {r0, r1, r2, r3}
 148 003e 0FC5     		stmia	r5!, {r0, r1, r2, r3}
 149 0040 94E80300 		ldm	r4, {r0, r1}
 150 0044 85E80300 		stm	r5, {r0, r1}
 151 0048 371D     		adds	r7, r6, #4
 152 004a 97E80E00 		ldm	r7, {r1, r2, r3}
 153 004e 6046     		mov	r0, ip
 154 0050 FFF7FEFF 		bl	USB_CoreInit
 155 0054 3068     		ldr	r0, [r6]
 156 0056 0121     		movs	r1, #1
 157 0058 FFF7FEFF 		bl	USB_SetCurrentMode
 158 005c B446     		mov	ip, r6
 159 005e EE46     		mov	lr, sp
 160 0060 5CF8108B 		ldr	r8, [ip], #16
 161 0064 BCE80F00 		ldmia	ip!, {r0, r1, r2, r3}
 162 0068 AEE80F00 		stmia	lr!, {r0, r1, r2, r3}
 163 006c BCE80F00 		ldmia	ip!, {r0, r1, r2, r3}
 164 0070 AEE80F00 		stmia	lr!, {r0, r1, r2, r3}
 165 0074 94E80300 		ldm	r4, {r0, r1}
 166 0078 85E80300 		stm	r5, {r0, r1}
 167 007c 4046     		mov	r0, r8
 168 007e 97E80E00 		ldm	r7, {r1, r2, r3}
 169 0082 FFF7FEFF 		bl	USB_HostInit
 170 0086 0123     		movs	r3, #1
 171 0088 0020     		movs	r0, #0
 172 008a 86F8F932 		strb	r3, [r6, #761]
 173 008e 0AB0     		add	sp, sp, #40
 174              		@ sp needed
 175 0090 BDE8F081 		pop	{r4, r5, r6, r7, r8, pc}
 176              	.L24:
 177 0094 80F8F822 		strb	r2, [r0, #760]
 178 0098 FFF7FEFF 		bl	HAL_HCD_MspInit
ARM GAS  /var/folders/lp/x54gwt890xv47sdkqj1k04q40000gn/T//ccVlep4S.s 			page 4


 179 009c 3068     		ldr	r0, [r6]
 180 009e BDE7     		b	.L16
 181              	.L18:
 182 00a0 0120     		movs	r0, #1
 183 00a2 7047     		bx	lr
 185              		.section	.text.HAL_HCD_MspDeInit,"ax",%progbits
 186              		.align	1
 187              		.p2align 2,,3
 188              		.weak	HAL_HCD_MspDeInit
 189              		.syntax unified
 190              		.thumb
 191              		.thumb_func
 193              	HAL_HCD_MspDeInit:
 194              		@ args = 0, pretend = 0, frame = 0
 195              		@ frame_needed = 0, uses_anonymous_args = 0
 196              		@ link register save eliminated.
 197 0000 7047     		bx	lr
 199 0002 00BF     		.section	.text.HAL_HCD_DeInit,"ax",%progbits
 200              		.align	1
 201              		.p2align 2,,3
 202              		.global	HAL_HCD_DeInit
 203              		.syntax unified
 204              		.thumb
 205              		.thumb_func
 207              	HAL_HCD_DeInit:
 208              		@ args = 0, pretend = 0, frame = 0
 209              		@ frame_needed = 0, uses_anonymous_args = 0
 210 0000 70B1     		cbz	r0, .L28
 211 0002 10B5     		push	{r4, lr}
 212 0004 0323     		movs	r3, #3
 213 0006 0446     		mov	r4, r0
 214 0008 80F8F932 		strb	r3, [r0, #761]
 215 000c FFF7FEFF 		bl	HAL_HCD_MspDeInit
 216 0010 2068     		ldr	r0, [r4]
 217 0012 FFF7FEFF 		bl	USB_DisableGlobalInt
 218 0016 0023     		movs	r3, #0
 219 0018 84F8F932 		strb	r3, [r4, #761]
 220 001c 1846     		mov	r0, r3
 221 001e 10BD     		pop	{r4, pc}
 222              	.L28:
 223 0020 0120     		movs	r0, #1
 224 0022 7047     		bx	lr
 226              		.section	.text.HAL_HCD_HC_SubmitRequest,"ax",%progbits
 227              		.align	1
 228              		.p2align 2,,3
 229              		.global	HAL_HCD_HC_SubmitRequest
 230              		.syntax unified
 231              		.thumb
 232              		.thumb_func
 234              	HAL_HCD_HC_SubmitRequest:
 235              		@ args = 16, pretend = 0, frame = 0
 236              		@ frame_needed = 0, uses_anonymous_args = 0
 237 0000 70B5     		push	{r4, r5, r6, lr}
 238 0002 8C46     		mov	ip, r1
 239 0004 2C21     		movs	r1, #44
 240 0006 01FB0C01 		mla	r1, r1, ip, r0
 241 000a 9DF81060 		ldrb	r6, [sp, #16]	@ zero_extendqisi2
ARM GAS  /var/folders/lp/x54gwt890xv47sdkqj1k04q40000gn/T//ccVlep4S.s 			page 5


 242 000e 059D     		ldr	r5, [sp, #20]
 243 0010 BDF81840 		ldrh	r4, [sp, #24]
 244 0014 9DF81CE0 		ldrb	lr, [sp, #28]	@ zero_extendqisi2
 245 0018 81F83B20 		strb	r2, [r1, #59]
 246 001c 81F83F30 		strb	r3, [r1, #63]
 247 0020 4EBB     		cbnz	r6, .L49
 248 0022 81F83DE0 		strb	lr, [r1, #61]
 249 0026 4FF0030E 		mov	lr, #3
 250              	.L34:
 251 002a 2C21     		movs	r1, #44
 252 002c 01FB0C01 		mla	r1, r1, ip, r0
 253 0030 81F842E0 		strb	lr, [r1, #66]
 254 0034 032B     		cmp	r3, #3
 255 0036 09D8     		bhi	.L35
 256 0038 DFE803F0 		tbb	[pc, r3]
 257              	.L37:
 258 003c 2C       		.byte	(.L40-.L37)/2
 259 003d 02       		.byte	(.L39-.L37)/2
 260 003e 20       		.byte	(.L36-.L37)/2
 261 003f 20       		.byte	(.L36-.L37)/2
 262              		.p2align 1
 263              	.L39:
 264 0040 2C23     		movs	r3, #44
 265 0042 03FB0C03 		mla	r3, r3, ip, r0
 266 0046 0022     		movs	r2, #0
 267              	.L52:
 268 0048 83F84220 		strb	r2, [r3, #66]
 269              	.L35:
 270 004c 2C21     		movs	r1, #44
 271 004e 01FB0CF3 		mul	r3, r1, ip
 272 0052 C218     		adds	r2, r0, r3
 273 0054 6033     		adds	r3, r3, #96
 274 0056 D464     		str	r4, [r2, #76]
 275 0058 0024     		movs	r4, #0
 276 005a 82F839C0 		strb	ip, [r2, #57]
 277 005e 5564     		str	r5, [r2, #68]
 278 0060 1465     		str	r4, [r2, #80]
 279 0062 C452     		strh	r4, [r0, r3]	@ movhi
 280 0064 01FB0C01 		mla	r1, r1, ip, r0
 281 0068 027C     		ldrb	r2, [r0, #16]	@ zero_extendqisi2
 282 006a 0068     		ldr	r0, [r0]
 283 006c BDE87040 		pop	{r4, r5, r6, lr}
 284 0070 3831     		adds	r1, r1, #56
 285 0072 FFF7FEBF 		b	USB_HC_StartXfer
 286              	.L49:
 287 0076 4FF0020E 		mov	lr, #2
 288 007a D6E7     		b	.L34
 289              	.L36:
 290 007c 2C23     		movs	r3, #44
 291 007e 03FB0C03 		mla	r3, r3, ip, r0
 292 0082 C2B9     		cbnz	r2, .L46
 293 0084 93F85510 		ldrb	r1, [r3, #85]	@ zero_extendqisi2
 294 0088 0029     		cmp	r1, #0
 295 008a DDD0     		beq	.L52
 296 008c 0222     		movs	r2, #2
 297 008e 83F84220 		strb	r2, [r3, #66]
 298 0092 DBE7     		b	.L35
ARM GAS  /var/folders/lp/x54gwt890xv47sdkqj1k04q40000gn/T//ccVlep4S.s 			page 6


 299              	.L40:
 300 0094 012E     		cmp	r6, #1
 301 0096 D9D1     		bne	.L35
 302 0098 002A     		cmp	r2, #0
 303 009a D7D1     		bne	.L35
 304 009c 2C23     		movs	r3, #44
 305 009e 03FB0C03 		mla	r3, r3, ip, r0
 306 00a2 84B9     		cbnz	r4, .L41
 307 00a4 83F85560 		strb	r6, [r3, #85]
 308              	.L42:
 309 00a8 2C23     		movs	r3, #44
 310 00aa 03FB0C03 		mla	r3, r3, ip, r0
 311 00ae 0222     		movs	r2, #2
 312 00b0 83F84220 		strb	r2, [r3, #66]
 313 00b4 CAE7     		b	.L35
 314              	.L46:
 315 00b6 93F85420 		ldrb	r2, [r3, #84]	@ zero_extendqisi2
 316 00ba 002A     		cmp	r2, #0
 317 00bc C4D0     		beq	.L52
 318 00be 0222     		movs	r2, #2
 319 00c0 83F84220 		strb	r2, [r3, #66]
 320 00c4 C2E7     		b	.L35
 321              	.L41:
 322 00c6 93F85510 		ldrb	r1, [r3, #85]	@ zero_extendqisi2
 323 00ca 0029     		cmp	r1, #0
 324 00cc BCD0     		beq	.L52
 325 00ce EBE7     		b	.L42
 327              		.section	.text.HAL_HCD_WKUP_IRQHandler,"ax",%progbits
 328              		.align	1
 329              		.p2align 2,,3
 330              		.global	HAL_HCD_WKUP_IRQHandler
 331              		.syntax unified
 332              		.thumb
 333              		.thumb_func
 335              	HAL_HCD_WKUP_IRQHandler:
 336              		@ args = 0, pretend = 0, frame = 0
 337              		@ frame_needed = 0, uses_anonymous_args = 0
 338              		@ link register save eliminated.
 339 0000 7047     		bx	lr
 341 0002 00BF     		.section	.text.HAL_HCD_SOF_Callback,"ax",%progbits
 342              		.align	1
 343              		.p2align 2,,3
 344              		.weak	HAL_HCD_SOF_Callback
 345              		.syntax unified
 346              		.thumb
 347              		.thumb_func
 349              	HAL_HCD_SOF_Callback:
 350              		@ args = 0, pretend = 0, frame = 0
 351              		@ frame_needed = 0, uses_anonymous_args = 0
 352              		@ link register save eliminated.
 353 0000 7047     		bx	lr
 355 0002 00BF     		.section	.text.HAL_HCD_Connect_Callback,"ax",%progbits
 356              		.align	1
 357              		.p2align 2,,3
 358              		.weak	HAL_HCD_Connect_Callback
 359              		.syntax unified
 360              		.thumb
ARM GAS  /var/folders/lp/x54gwt890xv47sdkqj1k04q40000gn/T//ccVlep4S.s 			page 7


 361              		.thumb_func
 363              	HAL_HCD_Connect_Callback:
 364              		@ args = 0, pretend = 0, frame = 0
 365              		@ frame_needed = 0, uses_anonymous_args = 0
 366              		@ link register save eliminated.
 367 0000 7047     		bx	lr
 369 0002 00BF     		.section	.text.HAL_HCD_Disconnect_Callback,"ax",%progbits
 370              		.align	1
 371              		.p2align 2,,3
 372              		.weak	HAL_HCD_Disconnect_Callback
 373              		.syntax unified
 374              		.thumb
 375              		.thumb_func
 377              	HAL_HCD_Disconnect_Callback:
 378              		@ args = 0, pretend = 0, frame = 0
 379              		@ frame_needed = 0, uses_anonymous_args = 0
 380              		@ link register save eliminated.
 381 0000 7047     		bx	lr
 383 0002 00BF     		.section	.text.HAL_HCD_PortEnabled_Callback,"ax",%progbits
 384              		.align	1
 385              		.p2align 2,,3
 386              		.weak	HAL_HCD_PortEnabled_Callback
 387              		.syntax unified
 388              		.thumb
 389              		.thumb_func
 391              	HAL_HCD_PortEnabled_Callback:
 392              		@ args = 0, pretend = 0, frame = 0
 393              		@ frame_needed = 0, uses_anonymous_args = 0
 394              		@ link register save eliminated.
 395 0000 7047     		bx	lr
 397 0002 00BF     		.section	.text.HAL_HCD_PortDisabled_Callback,"ax",%progbits
 398              		.align	1
 399              		.p2align 2,,3
 400              		.weak	HAL_HCD_PortDisabled_Callback
 401              		.syntax unified
 402              		.thumb
 403              		.thumb_func
 405              	HAL_HCD_PortDisabled_Callback:
 406              		@ args = 0, pretend = 0, frame = 0
 407              		@ frame_needed = 0, uses_anonymous_args = 0
 408              		@ link register save eliminated.
 409 0000 7047     		bx	lr
 411 0002 00BF     		.section	.text.HAL_HCD_HC_NotifyURBChange_Callback,"ax",%progbits
 412              		.align	1
 413              		.p2align 2,,3
 414              		.weak	HAL_HCD_HC_NotifyURBChange_Callback
 415              		.syntax unified
 416              		.thumb
 417              		.thumb_func
 419              	HAL_HCD_HC_NotifyURBChange_Callback:
 420              		@ args = 0, pretend = 0, frame = 0
 421              		@ frame_needed = 0, uses_anonymous_args = 0
 422              		@ link register save eliminated.
 423 0000 7047     		bx	lr
 425 0002 00BF     		.section	.text.HAL_HCD_IRQHandler,"ax",%progbits
 426              		.align	1
 427              		.p2align 2,,3
ARM GAS  /var/folders/lp/x54gwt890xv47sdkqj1k04q40000gn/T//ccVlep4S.s 			page 8


 428              		.global	HAL_HCD_IRQHandler
 429              		.syntax unified
 430              		.thumb
 431              		.thumb_func
 433              	HAL_HCD_IRQHandler:
 434              		@ args = 0, pretend = 0, frame = 16
 435              		@ frame_needed = 0, uses_anonymous_args = 0
 436 0000 2DE9F04F 		push	{r4, r5, r6, r7, r8, r9, r10, fp, lr}
 437 0004 0568     		ldr	r5, [r0]
 438 0006 85B0     		sub	sp, sp, #20
 439 0008 0446     		mov	r4, r0
 440 000a 2846     		mov	r0, r5
 441 000c FFF7FEFF 		bl	USB_GetMode
 442 0010 0128     		cmp	r0, #1
 443 0012 02D0     		beq	.L224
 444              	.L65:
 445 0014 05B0     		add	sp, sp, #20
 446              		@ sp needed
 447 0016 BDE8F08F 		pop	{r4, r5, r6, r7, r8, r9, r10, fp, pc}
 448              	.L224:
 449 001a 2068     		ldr	r0, [r4]
 450 001c FFF7FEFF 		bl	USB_ReadInterrupts
 451 0020 0028     		cmp	r0, #0
 452 0022 F7D0     		beq	.L65
 453 0024 2068     		ldr	r0, [r4]
 454 0026 FFF7FEFF 		bl	USB_ReadInterrupts
 455 002a 10F4001F 		tst	r0, #2097152
 456 002e 2068     		ldr	r0, [r4]
 457 0030 1CBF     		itt	ne
 458 0032 4FF40013 		movne	r3, #2097152
 459 0036 4361     		strne	r3, [r0, #20]
 460 0038 FFF7FEFF 		bl	USB_ReadInterrupts
 461 003c 10F4801F 		tst	r0, #1048576
 462 0040 2068     		ldr	r0, [r4]
 463 0042 1CBF     		itt	ne
 464 0044 4FF48013 		movne	r3, #1048576
 465 0048 4361     		strne	r3, [r0, #20]
 466 004a FFF7FEFF 		bl	USB_ReadInterrupts
 467 004e 10F0806F 		tst	r0, #67108864
 468 0052 2068     		ldr	r0, [r4]
 469 0054 1CBF     		itt	ne
 470 0056 4FF08063 		movne	r3, #67108864
 471 005a 4361     		strne	r3, [r0, #20]
 472 005c FFF7FEFF 		bl	USB_ReadInterrupts
 473 0060 10F0020F 		tst	r0, #2
 474 0064 2068     		ldr	r0, [r4]
 475 0066 1CBF     		itt	ne
 476 0068 0223     		movne	r3, #2
 477 006a 4361     		strne	r3, [r0, #20]
 478 006c FFF7FEFF 		bl	USB_ReadInterrupts
 479 0070 10F0005F 		tst	r0, #536870912
 480 0074 2068     		ldr	r0, [r4]
 481 0076 66D1     		bne	.L77
 482              	.L78:
 483 0078 FFF7FEFF 		bl	USB_ReadInterrupts
 484 007c C001     		lsls	r0, r0, #7
 485 007e 00F1CC80 		bmi	.L225
ARM GAS  /var/folders/lp/x54gwt890xv47sdkqj1k04q40000gn/T//ccVlep4S.s 			page 9


 486              	.L79:
 487 0082 2068     		ldr	r0, [r4]
 488 0084 FFF7FEFF 		bl	USB_ReadInterrupts
 489 0088 0107     		lsls	r1, r0, #28
 490 008a 00F1BF80 		bmi	.L88
 491 008e 2068     		ldr	r0, [r4]
 492              	.L89:
 493 0090 FFF7FEFF 		bl	USB_ReadInterrupts
 494 0094 C206     		lsls	r2, r0, #27
 495 0096 2668     		ldr	r6, [r4]
 496 0098 00F1F980 		bmi	.L90
 497              	.L91:
 498 009c 3046     		mov	r0, r6
 499 009e FFF7FEFF 		bl	USB_ReadInterrupts
 500 00a2 8301     		lsls	r3, r0, #6
 501 00a4 B6D5     		bpl	.L65
 502 00a6 2068     		ldr	r0, [r4]
 503 00a8 FFF7FEFF 		bl	USB_HC_ReadInterrupt
 504 00ac A268     		ldr	r2, [r4, #8]
 505 00ae 8146     		mov	r9, r0
 506 00b0 2068     		ldr	r0, [r4]
 507 00b2 002A     		cmp	r2, #0
 508 00b4 00F08280 		beq	.L158
 509 00b8 05F5A065 		add	r5, r5, #1280
 510 00bc 0026     		movs	r6, #0
 511              	.L157:
 512 00be 06F00F03 		and	r3, r6, #15
 513 00c2 29FA03F3 		lsr	r3, r9, r3
 514 00c6 DF07     		lsls	r7, r3, #31
 515 00c8 73D5     		bpl	.L100
 516 00ca 2B68     		ldr	r3, [r5]
 517 00cc 5FFA86F8 		uxtb	r8, r6
 518 00d0 00F5A06A 		add	r10, r0, #1280
 519 00d4 0AEB4817 		add	r7, r10, r8, lsl #5
 520 00d8 13F4004F 		tst	r3, #32768
 521 00dc 4FEA481B 		lsl	fp, r8, #5
 522 00e0 BB68     		ldr	r3, [r7, #8]
 523 00e2 77D0     		beq	.L101
 524 00e4 5907     		lsls	r1, r3, #29
 525 00e6 00F17381 		bmi	.L226
 526 00ea BB68     		ldr	r3, [r7, #8]
 527 00ec DA05     		lsls	r2, r3, #23
 528 00ee 00F18C81 		bmi	.L227
 529 00f2 BB68     		ldr	r3, [r7, #8]
 530 00f4 9B06     		lsls	r3, r3, #26
 531 00f6 40F17781 		bpl	.L105
 532 00fa 2023     		movs	r3, #32
 533 00fc BB60     		str	r3, [r7, #8]
 534              	.L103:
 535 00fe BB68     		ldr	r3, [r7, #8]
 536 0100 13F40073 		ands	r3, r3, #512
 537 0104 40F05A81 		bne	.L228
 538 0108 B968     		ldr	r1, [r7, #8]
 539 010a 11F00101 		ands	r1, r1, #1
 540 010e 00F0F180 		beq	.L109
 541 0112 2169     		ldr	r1, [r4, #16]
 542 0114 0029     		cmp	r1, #0
ARM GAS  /var/folders/lp/x54gwt890xv47sdkqj1k04q40000gn/T//ccVlep4S.s 			page 10


 543 0116 00F08581 		beq	.L110
 544 011a 2C22     		movs	r2, #44
 545 011c 02FB0842 		mla	r2, r2, r8, r4
 546 0120 3869     		ldr	r0, [r7, #16]
 547 0122 D365     		str	r3, [r2, #92]
 548 0124 936C     		ldr	r3, [r2, #72]
 549 0126 C0F31200 		ubfx	r0, r0, #0, #19
 550 012a 1B1A     		subs	r3, r3, r0
 551 012c 1365     		str	r3, [r2, #80]
 552 012e 0123     		movs	r3, #1
 553 0130 82F86130 		strb	r3, [r2, #97]
 554 0134 BB60     		str	r3, [r7, #8]
 555 0136 92F83F30 		ldrb	r3, [r2, #63]	@ zero_extendqisi2
 556 013a 032B     		cmp	r3, #3
 557 013c 2BD8     		bhi	.L111
 558 013e DFE803F0 		tbb	[pc, r3]
 559              	.L113:
 560 0142 41       		.byte	(.L114-.L113)/2
 561 0143 19       		.byte	(.L112-.L113)/2
 562 0144 41       		.byte	(.L114-.L113)/2
 563 0145 19       		.byte	(.L112-.L113)/2
 564              		.p2align 1
 565              	.L77:
 566 0146 4FF00053 		mov	r3, #536870912
 567 014a 4361     		str	r3, [r0, #20]
 568 014c D5F84034 		ldr	r3, [r5, #1088]
 569 0150 DE07     		lsls	r6, r3, #31
 570 0152 91D4     		bmi	.L78
 571 0154 1021     		movs	r1, #16
 572 0156 2846     		mov	r0, r5
 573 0158 FFF7FEFF 		bl	USB_FlushTxFifo
 574 015c 2846     		mov	r0, r5
 575 015e FFF7FEFF 		bl	USB_FlushRxFifo
 576 0162 0121     		movs	r1, #1
 577 0164 2068     		ldr	r0, [r4]
 578 0166 FFF7FEFF 		bl	USB_InitFSLSPClkSel
 579 016a 2046     		mov	r0, r4
 580 016c FFF7FEFF 		bl	HAL_HCD_Disconnect_Callback
 581 0170 2068     		ldr	r0, [r4]
 582 0172 81E7     		b	.L78
 583              	.L112:
 584 0174 5AF80B30 		ldr	r3, [r10, fp]
 585 0178 43F00053 		orr	r3, r3, #536870912
 586 017c 4AF80B30 		str	r3, [r10, fp]
 587 0180 2C23     		movs	r3, #44
 588 0182 03FB0843 		mla	r3, r3, r8, r4
 589 0186 0122     		movs	r2, #1
 590 0188 4146     		mov	r1, r8
 591 018a 83F86020 		strb	r2, [r3, #96]
 592 018e 2046     		mov	r0, r4
 593 0190 FFF7FEFF 		bl	HAL_HCD_HC_NotifyURBChange_Callback
 594 0194 2169     		ldr	r1, [r4, #16]
 595              	.L111:
 596 0196 0129     		cmp	r1, #1
 597 0198 00F09481 		beq	.L229
 598              	.L115:
 599 019c 2C23     		movs	r3, #44
ARM GAS  /var/folders/lp/x54gwt890xv47sdkqj1k04q40000gn/T//ccVlep4S.s 			page 11


 600 019e 03FB0843 		mla	r3, r3, r8, r4
 601              	.L222:
 602 01a2 93F85420 		ldrb	r2, [r3, #84]	@ zero_extendqisi2
 603 01a6 82F00102 		eor	r2, r2, #1
 604 01aa 83F85420 		strb	r2, [r3, #84]
 605 01ae 2068     		ldr	r0, [r4]
 606 01b0 A268     		ldr	r2, [r4, #8]
 607              	.L100:
 608 01b2 0136     		adds	r6, r6, #1
 609 01b4 B242     		cmp	r2, r6
 610 01b6 05F12005 		add	r5, r5, #32
 611 01ba 80D8     		bhi	.L157
 612              	.L158:
 613 01bc 4FF00073 		mov	r3, #33554432
 614 01c0 4361     		str	r3, [r0, #20]
 615 01c2 27E7     		b	.L65
 616              	.L114:
 617 01c4 4146     		mov	r1, r8
 618 01c6 2068     		ldr	r0, [r4]
 619 01c8 FFF7FEFF 		bl	USB_HC_Halt
 620 01cc 1023     		movs	r3, #16
 621 01ce 2169     		ldr	r1, [r4, #16]
 622 01d0 BB60     		str	r3, [r7, #8]
 623 01d2 E0E7     		b	.L111
 624              	.L101:
 625 01d4 13F00403 		ands	r3, r3, #4
 626 01d8 40F0E280 		bne	.L230
 627 01dc B968     		ldr	r1, [r7, #8]
 628 01de 8906     		lsls	r1, r1, #26
 629 01e0 65D5     		bpl	.L134
 630 01e2 4FF02C0C 		mov	ip, #44
 631 01e6 2021     		movs	r1, #32
 632 01e8 0CFB084C 		mla	ip, ip, r8, r4
 633 01ec B960     		str	r1, [r7, #8]
 634 01ee 9CF83D10 		ldrb	r1, [ip, #61]	@ zero_extendqisi2
 635 01f2 0129     		cmp	r1, #1
 636 01f4 DDD1     		bne	.L100
 637 01f6 8CF83D30 		strb	r3, [ip, #61]
 638 01fa 0223     		movs	r3, #2
 639 01fc 4146     		mov	r1, r8
 640 01fe 8CF86030 		strb	r3, [ip, #96]
 641 0202 FFF7FEFF 		bl	USB_HC_Halt
 642 0206 2068     		ldr	r0, [r4]
 643 0208 A268     		ldr	r2, [r4, #8]
 644 020a D2E7     		b	.L100
 645              	.L88:
 646 020c 2046     		mov	r0, r4
 647 020e FFF7FEFF 		bl	HAL_HCD_SOF_Callback
 648 0212 2068     		ldr	r0, [r4]
 649 0214 0823     		movs	r3, #8
 650 0216 4361     		str	r3, [r0, #20]
 651 0218 3AE7     		b	.L89
 652              	.L225:
 653 021a 2668     		ldr	r6, [r4]
 654 021c D6F84034 		ldr	r3, [r6, #1088]
 655 0220 0293     		str	r3, [sp, #8]
 656 0222 D6F84034 		ldr	r3, [r6, #1088]
ARM GAS  /var/folders/lp/x54gwt890xv47sdkqj1k04q40000gn/T//ccVlep4S.s 			page 12


 657 0226 0393     		str	r3, [sp, #12]
 658 0228 039B     		ldr	r3, [sp, #12]
 659 022a 23F02E03 		bic	r3, r3, #46
 660 022e 0393     		str	r3, [sp, #12]
 661 0230 029B     		ldr	r3, [sp, #8]
 662 0232 9907     		lsls	r1, r3, #30
 663 0234 07D5     		bpl	.L80
 664 0236 029B     		ldr	r3, [sp, #8]
 665 0238 DA07     		lsls	r2, r3, #31
 666 023a 00F17D81 		bmi	.L231
 667              	.L81:
 668 023e 039B     		ldr	r3, [sp, #12]
 669 0240 43F00203 		orr	r3, r3, #2
 670 0244 0393     		str	r3, [sp, #12]
 671              	.L80:
 672 0246 029B     		ldr	r3, [sp, #8]
 673 0248 1B07     		lsls	r3, r3, #28
 674 024a 15D5     		bpl	.L82
 675 024c 039B     		ldr	r3, [sp, #12]
 676 024e 43F00803 		orr	r3, r3, #8
 677 0252 0393     		str	r3, [sp, #12]
 678 0254 029B     		ldr	r3, [sp, #8]
 679 0256 5F07     		lsls	r7, r3, #29
 680 0258 40F17281 		bpl	.L83
 681 025c A169     		ldr	r1, [r4, #24]
 682 025e 0229     		cmp	r1, #2
 683 0260 00F07E81 		beq	.L232
 684 0264 E368     		ldr	r3, [r4, #12]
 685 0266 012B     		cmp	r3, #1
 686 0268 04BF     		itt	eq
 687 026a 4EF66022 		movweq	r2, #60000
 688 026e C6F80424 		streq	r2, [r6, #1028]
 689              	.L86:
 690 0272 2046     		mov	r0, r4
 691 0274 FFF7FEFF 		bl	HAL_HCD_PortEnabled_Callback
 692              	.L82:
 693 0278 029B     		ldr	r3, [sp, #8]
 694 027a 9806     		lsls	r0, r3, #26
 695 027c 03D5     		bpl	.L87
 696 027e 039B     		ldr	r3, [sp, #12]
 697 0280 43F02003 		orr	r3, r3, #32
 698 0284 0393     		str	r3, [sp, #12]
 699              	.L87:
 700 0286 039B     		ldr	r3, [sp, #12]
 701 0288 C6F84034 		str	r3, [r6, #1088]
 702 028c F9E6     		b	.L79
 703              	.L90:
 704 028e B369     		ldr	r3, [r6, #24]
 705 0290 23F01003 		bic	r3, r3, #16
 706 0294 B361     		str	r3, [r6, #24]
 707 0296 376A     		ldr	r7, [r6, #32]
 708 0298 07F4F012 		and	r2, r7, #1966080
 709 029c B2F5802F 		cmp	r2, #262144
 710 02a0 00F0D880 		beq	.L233
 711              	.L93:
 712 02a4 B369     		ldr	r3, [r6, #24]
 713 02a6 43F01003 		orr	r3, r3, #16
ARM GAS  /var/folders/lp/x54gwt890xv47sdkqj1k04q40000gn/T//ccVlep4S.s 			page 13


 714 02aa B361     		str	r3, [r6, #24]
 715 02ac F6E6     		b	.L91
 716              	.L134:
 717 02ae BB68     		ldr	r3, [r7, #8]
 718 02b0 13F40073 		ands	r3, r3, #512
 719 02b4 40F03781 		bne	.L234
 720 02b8 B968     		ldr	r1, [r7, #8]
 721 02ba 11F00101 		ands	r1, r1, #1
 722 02be 00F00F81 		beq	.L137
 723 02c2 2C22     		movs	r2, #44
 724 02c4 02FB0842 		mla	r2, r2, r8, r4
 725 02c8 D365     		str	r3, [r2, #92]
 726 02ca BB68     		ldr	r3, [r7, #8]
 727 02cc 5906     		lsls	r1, r3, #25
 728 02ce 04D5     		bpl	.L138
 729 02d0 0123     		movs	r3, #1
 730 02d2 82F83D30 		strb	r3, [r2, #61]
 731 02d6 4023     		movs	r3, #64
 732 02d8 BB60     		str	r3, [r7, #8]
 733              	.L138:
 734 02da 2C23     		movs	r3, #44
 735 02dc 03FB0843 		mla	r3, r3, r8, r4
 736 02e0 0122     		movs	r2, #1
 737 02e2 BA60     		str	r2, [r7, #8]
 738 02e4 4146     		mov	r1, r8
 739 02e6 83F86120 		strb	r2, [r3, #97]
 740 02ea FFF7FEFF 		bl	USB_HC_Halt
 741 02ee 2068     		ldr	r0, [r4]
 742 02f0 A268     		ldr	r2, [r4, #8]
 743 02f2 5EE7     		b	.L100
 744              	.L109:
 745 02f4 BB68     		ldr	r3, [r7, #8]
 746 02f6 13F00203 		ands	r3, r3, #2
 747 02fa 00F0C780 		beq	.L117
 748 02fe 2C23     		movs	r3, #44
 749 0300 03FB0843 		mla	r3, r3, r8, r4
 750 0304 93F86120 		ldrb	r2, [r3, #97]	@ zero_extendqisi2
 751 0308 531E     		subs	r3, r2, #1
 752 030a 072B     		cmp	r3, #7
 753 030c 3CD8     		bhi	.L118
 754 030e DFE803F0 		tbb	[pc, r3]
 755              	.L120:
 756 0312 34       		.byte	(.L124-.L120)/2
 757 0313 3B       		.byte	(.L118-.L120)/2
 758 0314 24       		.byte	(.L123-.L120)/2
 759 0315 3B       		.byte	(.L118-.L120)/2
 760 0316 1D       		.byte	(.L122-.L120)/2
 761 0317 04       		.byte	(.L119-.L120)/2
 762 0318 41       		.byte	(.L121-.L120)/2
 763 0319 04       		.byte	(.L119-.L120)/2
 764              		.p2align 1
 765              	.L119:
 766 031a 2C22     		movs	r2, #44
 767 031c 02FB0842 		mla	r2, r2, r8, r4
 768 0320 D36D     		ldr	r3, [r2, #92]
 769 0322 0133     		adds	r3, r3, #1
 770 0324 022B     		cmp	r3, #2
ARM GAS  /var/folders/lp/x54gwt890xv47sdkqj1k04q40000gn/T//ccVlep4S.s 			page 14


 771 0326 D365     		str	r3, [r2, #92]
 772 0328 40F29581 		bls	.L126
 773              	.L128:
 774 032c 2C23     		movs	r3, #44
 775 032e 03FB0843 		mla	r3, r3, r8, r4
 776 0332 0422     		movs	r2, #4
 777 0334 D965     		str	r1, [r3, #92]
 778 0336 83F86020 		strb	r2, [r3, #96]
 779              	.L125:
 780 033a 0223     		movs	r3, #2
 781 033c 2046     		mov	r0, r4
 782 033e 4146     		mov	r1, r8
 783 0340 BB60     		str	r3, [r7, #8]
 784 0342 FFF7FEFF 		bl	HAL_HCD_HC_NotifyURBChange_Callback
 785 0346 2068     		ldr	r0, [r4]
 786 0348 A268     		ldr	r2, [r4, #8]
 787 034a 32E7     		b	.L100
 788              	.L122:
 789 034c 2C23     		movs	r3, #44
 790 034e 03FB0843 		mla	r3, r3, r8, r4
 791 0352 0521     		movs	r1, #5
 792 0354 83F86010 		strb	r1, [r3, #96]
 793 0358 EFE7     		b	.L125
 794              	.L123:
 795 035a 2C23     		movs	r3, #44
 796 035c 03FB0843 		mla	r3, r3, r8, r4
 797 0360 0222     		movs	r2, #2
 798 0362 83F86020 		strb	r2, [r3, #96]
 799 0366 5AF80B30 		ldr	r3, [r10, fp]
 800 036a 23F08043 		bic	r3, r3, #1073741824
 801 036e 43F00043 		orr	r3, r3, #-2147483648
 802 0372 4AF80B30 		str	r3, [r10, fp]
 803              	.L127:
 804 0376 0222     		movs	r2, #2
 805 0378 DFE7     		b	.L125
 806              	.L124:
 807 037a 2C23     		movs	r3, #44
 808 037c 03FB0843 		mla	r3, r3, r8, r4
 809 0380 0121     		movs	r1, #1
 810 0382 83F86010 		strb	r1, [r3, #96]
 811 0386 D8E7     		b	.L125
 812              	.L118:
 813 0388 2C23     		movs	r3, #44
 814 038a 03FB0843 		mla	r3, r3, r8, r4
 815 038e 93F86020 		ldrb	r2, [r3, #96]	@ zero_extendqisi2
 816 0392 D2E7     		b	.L125
 817              	.L121:
 818 0394 2C23     		movs	r3, #44
 819 0396 03FB0843 		mla	r3, r3, r8, r4
 820 039a D96D     		ldr	r1, [r3, #92]
 821 039c 0131     		adds	r1, r1, #1
 822 039e C5E7     		b	.L128
 823              	.L230:
 824 03a0 2C23     		movs	r3, #44
 825 03a2 03FB0843 		mla	r3, r3, r8, r4
 826 03a6 0422     		movs	r2, #4
 827 03a8 BA60     		str	r2, [r7, #8]
ARM GAS  /var/folders/lp/x54gwt890xv47sdkqj1k04q40000gn/T//ccVlep4S.s 			page 15


 828 03aa 0622     		movs	r2, #6
 829 03ac 83F86120 		strb	r2, [r3, #97]
 830 03b0 4146     		mov	r1, r8
 831 03b2 FFF7FEFF 		bl	USB_HC_Halt
 832 03b6 2068     		ldr	r0, [r4]
 833 03b8 A268     		ldr	r2, [r4, #8]
 834 03ba FAE6     		b	.L100
 835              	.L228:
 836 03bc 2068     		ldr	r0, [r4]
 837 03be 4146     		mov	r1, r8
 838 03c0 FFF7FEFF 		bl	USB_HC_Halt
 839 03c4 4FF40073 		mov	r3, #512
 840 03c8 BB60     		str	r3, [r7, #8]
 841 03ca 2068     		ldr	r0, [r4]
 842 03cc A268     		ldr	r2, [r4, #8]
 843 03ce F0E6     		b	.L100
 844              	.L226:
 845 03d0 2C23     		movs	r3, #44
 846 03d2 03FB0843 		mla	r3, r3, r8, r4
 847 03d6 0422     		movs	r2, #4
 848              	.L219:
 849 03d8 BA60     		str	r2, [r7, #8]
 850 03da 0622     		movs	r2, #6
 851 03dc 83F86120 		strb	r2, [r3, #97]
 852 03e0 4146     		mov	r1, r8
 853 03e2 FFF7FEFF 		bl	USB_HC_Halt
 854 03e6 8AE6     		b	.L103
 855              	.L105:
 856 03e8 BB68     		ldr	r3, [r7, #8]
 857 03ea 1907     		lsls	r1, r3, #28
 858 03ec 00F1AC80 		bmi	.L235
 859 03f0 BB68     		ldr	r3, [r7, #8]
 860 03f2 5A05     		lsls	r2, r3, #21
 861 03f4 00F1BF80 		bmi	.L236
 862 03f8 BB68     		ldr	r3, [r7, #8]
 863 03fa 1B06     		lsls	r3, r3, #24
 864 03fc 7FF57FAE 		bpl	.L103
 865 0400 2C23     		movs	r3, #44
 866 0402 03FB0843 		mla	r3, r3, r8, r4
 867 0406 8022     		movs	r2, #128
 868 0408 E6E7     		b	.L219
 869              	.L227:
 870 040a 2C23     		movs	r3, #44
 871 040c 03FB0843 		mla	r3, r3, r8, r4
 872 0410 4FF48072 		mov	r2, #256
 873 0414 BA60     		str	r2, [r7, #8]
 874 0416 0722     		movs	r2, #7
 875 0418 83F86120 		strb	r2, [r3, #97]
 876 041c 4146     		mov	r1, r8
 877 041e FFF7FEFF 		bl	USB_HC_Halt
 878 0422 6CE6     		b	.L103
 879              	.L110:
 880 0424 2C23     		movs	r3, #44
 881 0426 03FB0843 		mla	r3, r3, r8, r4
 882 042a 0122     		movs	r2, #1
 883 042c D965     		str	r1, [r3, #92]
 884 042e 83F86120 		strb	r2, [r3, #97]
ARM GAS  /var/folders/lp/x54gwt890xv47sdkqj1k04q40000gn/T//ccVlep4S.s 			page 16


 885 0432 BA60     		str	r2, [r7, #8]
 886 0434 93F83F30 		ldrb	r3, [r3, #63]	@ zero_extendqisi2
 887 0438 032B     		cmp	r3, #3
 888 043a 3FF6AFAE 		bhi	.L115
 889 043e 01A2     		adr	r2, .L159
 890 0440 52F823F0 		ldr	pc, [r2, r3, lsl #2]
 891              		.p2align 2
 892              	.L159:
 893 0444 C5010000 		.word	.L114+1
 894 0448 75010000 		.word	.L112+1
 895 044c C5010000 		.word	.L114+1
 896 0450 75010000 		.word	.L112+1
 897              		.p2align 1
 898              	.L233:
 899 0454 C7F30A12 		ubfx	r2, r7, #4, #11
 900 0458 002A     		cmp	r2, #0
 901 045a 3FF423AF 		beq	.L93
 902 045e 07F00F07 		and	r7, r7, #15
 903 0462 4FF02C08 		mov	r8, #44
 904 0466 08FB0748 		mla	r8, r8, r7, r4
 905 046a D8F84410 		ldr	r1, [r8, #68]
 906 046e 0029     		cmp	r1, #0
 907 0470 3FF418AF 		beq	.L93
 908 0474 D8F85030 		ldr	r3, [r8, #80]
 909 0478 D8F84C00 		ldr	r0, [r8, #76]
 910 047c 1344     		add	r3, r3, r2
 911 047e 8342     		cmp	r3, r0
 912 0480 40F2BE80 		bls	.L237
 913 0484 0423     		movs	r3, #4
 914 0486 88F86030 		strb	r3, [r8, #96]
 915 048a 0BE7     		b	.L93
 916              	.L117:
 917 048c B968     		ldr	r1, [r7, #8]
 918 048e 2268     		ldr	r2, [r4]
 919 0490 C906     		lsls	r1, r1, #27
 920 0492 1046     		mov	r0, r2
 921 0494 22D5     		bpl	.L223
 922 0496 4FF02C0C 		mov	ip, #44
 923 049a 0CFB084C 		mla	ip, ip, r8, r4
 924 049e 9CF83F10 		ldrb	r1, [ip, #63]	@ zero_extendqisi2
 925 04a2 0329     		cmp	r1, #3
 926 04a4 00F0C880 		beq	.L238
 927 04a8 11F0FD01 		ands	r1, r1, #253
 928 04ac 05D1     		bne	.L130
 929 04ae 2369     		ldr	r3, [r4, #16]
 930 04b0 CCF85C10 		str	r1, [ip, #92]
 931 04b4 002B     		cmp	r3, #0
 932 04b6 00F0C680 		beq	.L239
 933              	.L130:
 934 04ba 1023     		movs	r3, #16
 935 04bc 1046     		mov	r0, r2
 936 04be BB60     		str	r3, [r7, #8]
 937 04c0 A268     		ldr	r2, [r4, #8]
 938 04c2 76E6     		b	.L100
 939              	.L229:
 940 04c4 2C23     		movs	r3, #44
 941 04c6 03FB0843 		mla	r3, r3, r8, r4
ARM GAS  /var/folders/lp/x54gwt890xv47sdkqj1k04q40000gn/T//ccVlep4S.s 			page 17


 942 04ca B3F84010 		ldrh	r1, [r3, #64]
 943 04ce 9A6C     		ldr	r2, [r3, #72]
 944 04d0 B2FBF1F2 		udiv	r2, r2, r1
 945 04d4 D007     		lsls	r0, r2, #31
 946 04d6 3FF564AE 		bmi	.L222
 947              	.L221:
 948 04da 2068     		ldr	r0, [r4]
 949              	.L223:
 950 04dc A268     		ldr	r2, [r4, #8]
 951 04de 68E6     		b	.L100
 952              	.L137:
 953 04e0 BB68     		ldr	r3, [r7, #8]
 954 04e2 5B06     		lsls	r3, r3, #25
 955 04e4 54D4     		bmi	.L240
 956 04e6 BB68     		ldr	r3, [r7, #8]
 957 04e8 13F00803 		ands	r3, r3, #8
 958 04ec 7AD1     		bne	.L241
 959 04ee B968     		ldr	r1, [r7, #8]
 960 04f0 C906     		lsls	r1, r1, #27
 961 04f2 5FD5     		bpl	.L141
 962 04f4 2C22     		movs	r2, #44
 963 04f6 02FB0842 		mla	r2, r2, r8, r4
 964 04fa 0321     		movs	r1, #3
 965 04fc D365     		str	r3, [r2, #92]
 966 04fe 92F83D30 		ldrb	r3, [r2, #61]	@ zero_extendqisi2
 967 0502 82F86110 		strb	r1, [r2, #97]
 968 0506 33B9     		cbnz	r3, .L142
 969 0508 1346     		mov	r3, r2
 970 050a 92F83C20 		ldrb	r2, [r2, #60]	@ zero_extendqisi2
 971 050e 12B9     		cbnz	r2, .L142
 972 0510 0122     		movs	r2, #1
 973 0512 83F83D20 		strb	r2, [r3, #61]
 974              	.L142:
 975 0516 4146     		mov	r1, r8
 976 0518 FFF7FEFF 		bl	USB_HC_Halt
 977 051c 1023     		movs	r3, #16
 978 051e BB60     		str	r3, [r7, #8]
 979 0520 2068     		ldr	r0, [r4]
 980 0522 A268     		ldr	r2, [r4, #8]
 981 0524 45E6     		b	.L100
 982              	.L234:
 983 0526 4FF40073 		mov	r3, #512
 984 052a 4146     		mov	r1, r8
 985 052c BB60     		str	r3, [r7, #8]
 986 052e FFF7FEFF 		bl	USB_HC_Halt
 987 0532 2068     		ldr	r0, [r4]
 988 0534 A268     		ldr	r2, [r4, #8]
 989 0536 3CE6     		b	.L100
 990              	.L231:
 991 0538 2046     		mov	r0, r4
 992 053a FFF7FEFF 		bl	HAL_HCD_Connect_Callback
 993 053e 7EE6     		b	.L81
 994              	.L83:
 995 0540 2046     		mov	r0, r4
 996 0542 FFF7FEFF 		bl	HAL_HCD_PortDisabled_Callback
 997 0546 97E6     		b	.L82
 998              	.L235:
ARM GAS  /var/folders/lp/x54gwt890xv47sdkqj1k04q40000gn/T//ccVlep4S.s 			page 18


 999 0548 2C23     		movs	r3, #44
 1000 054a 03FB0843 		mla	r3, r3, r8, r4
 1001 054e 0822     		movs	r2, #8
 1002 0550 BA60     		str	r2, [r7, #8]
 1003 0552 0522     		movs	r2, #5
 1004 0554 83F86120 		strb	r2, [r3, #97]
 1005 0558 4146     		mov	r1, r8
 1006 055a FFF7FEFF 		bl	USB_HC_Halt
 1007 055e CEE5     		b	.L103
 1008              	.L232:
 1009 0560 029B     		ldr	r3, [sp, #8]
 1010 0562 2068     		ldr	r0, [r4]
 1011 0564 03F4C023 		and	r3, r3, #393216
 1012 0568 B3F5802F 		cmp	r3, #262144
 1013 056c 18BF     		it	ne
 1014 056e 0121     		movne	r1, #1
 1015 0570 FFF7FEFF 		bl	USB_InitFSLSPClkSel
 1016 0574 7DE6     		b	.L86
 1017              	.L236:
 1018 0576 2C23     		movs	r3, #44
 1019 0578 03FB0843 		mla	r3, r3, r8, r4
 1020 057c 4FF48062 		mov	r2, #1024
 1021 0580 BA60     		str	r2, [r7, #8]
 1022 0582 0822     		movs	r2, #8
 1023 0584 83F86120 		strb	r2, [r3, #97]
 1024 0588 4146     		mov	r1, r8
 1025 058a FFF7FEFF 		bl	USB_HC_Halt
 1026 058e B6E5     		b	.L103
 1027              	.L240:
 1028 0590 2C23     		movs	r3, #44
 1029 0592 03FB0843 		mla	r3, r3, r8, r4
 1030 0596 0422     		movs	r2, #4
 1031 0598 83F86120 		strb	r2, [r3, #97]
 1032 059c 0122     		movs	r2, #1
 1033 059e D965     		str	r1, [r3, #92]
 1034 05a0 83F83D20 		strb	r2, [r3, #61]
 1035 05a4 4146     		mov	r1, r8
 1036 05a6 FFF7FEFF 		bl	USB_HC_Halt
 1037 05aa 4023     		movs	r3, #64
 1038 05ac BB60     		str	r3, [r7, #8]
 1039 05ae 2068     		ldr	r0, [r4]
 1040 05b0 A268     		ldr	r2, [r4, #8]
 1041 05b2 FEE5     		b	.L100
 1042              	.L141:
 1043 05b4 BB68     		ldr	r3, [r7, #8]
 1044 05b6 1906     		lsls	r1, r3, #24
 1045 05b8 59D5     		bpl	.L143
 1046 05ba 2369     		ldr	r3, [r4, #16]
 1047 05bc 002B     		cmp	r3, #0
 1048 05be 00F0AB80 		beq	.L242
 1049 05c2 2C23     		movs	r3, #44
 1050 05c4 03FB0843 		mla	r3, r3, r8, r4
 1051 05c8 DA6D     		ldr	r2, [r3, #92]
 1052 05ca 0132     		adds	r2, r2, #1
 1053 05cc 022A     		cmp	r2, #2
 1054 05ce DA65     		str	r2, [r3, #92]
 1055 05d0 00F2AC80 		bhi	.L243
ARM GAS  /var/folders/lp/x54gwt890xv47sdkqj1k04q40000gn/T//ccVlep4S.s 			page 19


 1056 05d4 0222     		movs	r2, #2
 1057 05d6 83F86020 		strb	r2, [r3, #96]
 1058              	.L145:
 1059 05da 8023     		movs	r3, #128
 1060 05dc BB60     		str	r3, [r7, #8]
 1061 05de 2068     		ldr	r0, [r4]
 1062 05e0 A268     		ldr	r2, [r4, #8]
 1063 05e2 E6E5     		b	.L100
 1064              	.L241:
 1065 05e4 2C23     		movs	r3, #44
 1066 05e6 03FB0843 		mla	r3, r3, r8, r4
 1067 05ea 0822     		movs	r2, #8
 1068 05ec BA60     		str	r2, [r7, #8]
 1069 05ee 0522     		movs	r2, #5
 1070 05f0 83F86120 		strb	r2, [r3, #97]
 1071 05f4 4146     		mov	r1, r8
 1072 05f6 FFF7FEFF 		bl	USB_HC_Halt
 1073 05fa 2068     		ldr	r0, [r4]
 1074 05fc A268     		ldr	r2, [r4, #8]
 1075 05fe D8E5     		b	.L100
 1076              	.L237:
 1077 0600 3046     		mov	r0, r6
 1078 0602 0192     		str	r2, [sp, #4]
 1079 0604 FFF7FEFF 		bl	USB_ReadPacket
 1080 0608 019A     		ldr	r2, [sp, #4]
 1081 060a D8F84430 		ldr	r3, [r8, #68]
 1082 060e B8F84000 		ldrh	r0, [r8, #64]
 1083 0612 1344     		add	r3, r3, r2
 1084 0614 06F5A066 		add	r6, r6, #1280
 1085 0618 C8F84430 		str	r3, [r8, #68]
 1086 061c D8F85030 		ldr	r3, [r8, #80]
 1087 0620 06EB4711 		add	r1, r6, r7, lsl #5
 1088 0624 1344     		add	r3, r3, r2
 1089 0626 8242     		cmp	r2, r0
 1090 0628 C8F85030 		str	r3, [r8, #80]
 1091 062c 0969     		ldr	r1, [r1, #16]
 1092 062e 4FEA4713 		lsl	r3, r7, #5
 1093 0632 51D0     		beq	.L96
 1094              	.L218:
 1095 0634 2668     		ldr	r6, [r4]
 1096 0636 35E6     		b	.L93
 1097              	.L238:
 1098 0638 CCF85C30 		str	r3, [ip, #92]
 1099 063c 4146     		mov	r1, r8
 1100 063e FFF7FEFF 		bl	USB_HC_Halt
 1101 0642 2268     		ldr	r2, [r4]
 1102 0644 39E7     		b	.L130
 1103              	.L239:
 1104 0646 0323     		movs	r3, #3
 1105 0648 4146     		mov	r1, r8
 1106 064a 8CF86130 		strb	r3, [ip, #97]
 1107 064e FFF7FEFF 		bl	USB_HC_Halt
 1108 0652 2268     		ldr	r2, [r4]
 1109 0654 31E7     		b	.L130
 1110              	.L126:
 1111 0656 0223     		movs	r3, #2
 1112 0658 82F86030 		strb	r3, [r2, #96]
ARM GAS  /var/folders/lp/x54gwt890xv47sdkqj1k04q40000gn/T//ccVlep4S.s 			page 20


 1113 065c 5AF80B30 		ldr	r3, [r10, fp]
 1114 0660 23F08043 		bic	r3, r3, #1073741824
 1115 0664 43F00043 		orr	r3, r3, #-2147483648
 1116 0668 4AF80B30 		str	r3, [r10, fp]
 1117 066c 83E6     		b	.L127
 1118              	.L143:
 1119 066e BB68     		ldr	r3, [r7, #8]
 1120 0670 5B05     		lsls	r3, r3, #21
 1121 0672 42D4     		bmi	.L244
 1122 0674 BB68     		ldr	r3, [r7, #8]
 1123 0676 9907     		lsls	r1, r3, #30
 1124 0678 7FF59BAD 		bpl	.L100
 1125 067c 2C23     		movs	r3, #44
 1126 067e 03FB0843 		mla	r3, r3, r8, r4
 1127 0682 93F86130 		ldrb	r3, [r3, #97]	@ zero_extendqisi2
 1128 0686 013B     		subs	r3, r3, #1
 1129 0688 072B     		cmp	r3, #7
 1130 068a 0BD8     		bhi	.L148
 1131 068c DFE803F0 		tbb	[pc, r3]
 1132              	.L150:
 1133 0690 64       		.byte	(.L154-.L150)/2
 1134 0691 0A       		.byte	(.L148-.L150)/2
 1135 0692 04       		.byte	(.L152-.L150)/2
 1136 0693 04       		.byte	(.L152-.L150)/2
 1137 0694 85       		.byte	(.L151-.L150)/2
 1138 0695 16       		.byte	(.L149-.L150)/2
 1139 0696 0A       		.byte	(.L148-.L150)/2
 1140 0697 16       		.byte	(.L149-.L150)/2
 1141              		.p2align 1
 1142              	.L152:
 1143 0698 2C23     		movs	r3, #44
 1144 069a 03FB0843 		mla	r3, r3, r8, r4
 1145 069e 0222     		movs	r2, #2
 1146 06a0 83F86020 		strb	r2, [r3, #96]
 1147              	.L148:
 1148 06a4 2C23     		movs	r3, #44
 1149 06a6 03FB0843 		mla	r3, r3, r8, r4
 1150 06aa 0222     		movs	r2, #2
 1151 06ac BA60     		str	r2, [r7, #8]
 1152 06ae 93F86020 		ldrb	r2, [r3, #96]	@ zero_extendqisi2
 1153 06b2 4146     		mov	r1, r8
 1154 06b4 2046     		mov	r0, r4
 1155 06b6 FFF7FEFF 		bl	HAL_HCD_HC_NotifyURBChange_Callback
 1156 06ba 0EE7     		b	.L221
 1157              	.L149:
 1158 06bc 2C22     		movs	r2, #44
 1159 06be 02FB0842 		mla	r2, r2, r8, r4
 1160 06c2 D36D     		ldr	r3, [r2, #92]
 1161 06c4 0133     		adds	r3, r3, #1
 1162 06c6 022B     		cmp	r3, #2
 1163 06c8 D365     		str	r3, [r2, #92]
 1164 06ca 39D9     		bls	.L156
 1165 06cc 0023     		movs	r3, #0
 1166 06ce D365     		str	r3, [r2, #92]
 1167 06d0 0423     		movs	r3, #4
 1168 06d2 82F86030 		strb	r3, [r2, #96]
 1169 06d6 E5E7     		b	.L148
ARM GAS  /var/folders/lp/x54gwt890xv47sdkqj1k04q40000gn/T//ccVlep4S.s 			page 21


 1170              	.L96:
 1171 06d8 334A     		ldr	r2, .L245
 1172 06da 0A40     		ands	r2, r2, r1
 1173 06dc 002A     		cmp	r2, #0
 1174 06de A9D0     		beq	.L218
 1175 06e0 F258     		ldr	r2, [r6, r3]
 1176 06e2 22F08042 		bic	r2, r2, #1073741824
 1177 06e6 42F00042 		orr	r2, r2, #-2147483648
 1178 06ea F250     		str	r2, [r6, r3]
 1179 06ec 98F85430 		ldrb	r3, [r8, #84]	@ zero_extendqisi2
 1180 06f0 83F00103 		eor	r3, r3, #1
 1181 06f4 88F85430 		strb	r3, [r8, #84]
 1182 06f8 9CE7     		b	.L218
 1183              	.L244:
 1184 06fa 2C23     		movs	r3, #44
 1185 06fc 03FB0843 		mla	r3, r3, r8, r4
 1186 0700 0822     		movs	r2, #8
 1187 0702 83F86120 		strb	r2, [r3, #97]
 1188 0706 4146     		mov	r1, r8
 1189 0708 FFF7FEFF 		bl	USB_HC_Halt
 1190 070c 4FF48063 		mov	r3, #1024
 1191 0710 BB60     		str	r3, [r7, #8]
 1192 0712 2068     		ldr	r0, [r4]
 1193 0714 A268     		ldr	r2, [r4, #8]
 1194 0716 4CE5     		b	.L100
 1195              	.L242:
 1196 0718 2C23     		movs	r3, #44
 1197 071a 03FB0843 		mla	r3, r3, r8, r4
 1198 071e 0622     		movs	r2, #6
 1199 0720 4146     		mov	r1, r8
 1200 0722 83F86120 		strb	r2, [r3, #97]
 1201 0726 FFF7FEFF 		bl	USB_HC_Halt
 1202 072a 56E7     		b	.L145
 1203              	.L243:
 1204 072c 0422     		movs	r2, #4
 1205 072e 0020     		movs	r0, #0
 1206 0730 D865     		str	r0, [r3, #92]
 1207 0732 4146     		mov	r1, r8
 1208 0734 83F86020 		strb	r2, [r3, #96]
 1209 0738 2046     		mov	r0, r4
 1210 073a FFF7FEFF 		bl	HAL_HCD_HC_NotifyURBChange_Callback
 1211 073e 4CE7     		b	.L145
 1212              	.L156:
 1213 0740 0223     		movs	r3, #2
 1214 0742 82F86030 		strb	r3, [r2, #96]
 1215 0746 5AF80B30 		ldr	r3, [r10, fp]
 1216 074a 23F08043 		bic	r3, r3, #1073741824
 1217 074e 43F00043 		orr	r3, r3, #-2147483648
 1218 0752 4AF80B30 		str	r3, [r10, fp]
 1219 0756 A5E7     		b	.L148
 1220              	.L154:
 1221 0758 2C23     		movs	r3, #44
 1222 075a 03FB0843 		mla	r3, r3, r8, r4
 1223 075e 0122     		movs	r2, #1
 1224 0760 83F86020 		strb	r2, [r3, #96]
 1225 0764 93F83F20 		ldrb	r2, [r3, #63]	@ zero_extendqisi2
 1226 0768 023A     		subs	r2, r2, #2
ARM GAS  /var/folders/lp/x54gwt890xv47sdkqj1k04q40000gn/T//ccVlep4S.s 			page 22


 1227 076a 012A     		cmp	r2, #1
 1228 076c 9AD8     		bhi	.L148
 1229 076e 2269     		ldr	r2, [r4, #16]
 1230 0770 62B1     		cbz	r2, .L220
 1231 0772 012A     		cmp	r2, #1
 1232 0774 96D1     		bne	.L148
 1233 0776 DA6C     		ldr	r2, [r3, #76]
 1234 0778 002A     		cmp	r2, #0
 1235 077a 93D0     		beq	.L148
 1236 077c B3F84010 		ldrh	r1, [r3, #64]
 1237 0780 013A     		subs	r2, r2, #1
 1238 0782 0A44     		add	r2, r2, r1
 1239 0784 B2FBF1F2 		udiv	r2, r2, r1
 1240 0788 D207     		lsls	r2, r2, #31
 1241 078a 8BD5     		bpl	.L148
 1242              	.L220:
 1243 078c 93F85520 		ldrb	r2, [r3, #85]	@ zero_extendqisi2
 1244 0790 82F00102 		eor	r2, r2, #1
 1245 0794 83F85520 		strb	r2, [r3, #85]
 1246 0798 84E7     		b	.L148
 1247              	.L151:
 1248 079a 2C23     		movs	r3, #44
 1249 079c 03FB0843 		mla	r3, r3, r8, r4
 1250 07a0 0522     		movs	r2, #5
 1251 07a2 83F86020 		strb	r2, [r3, #96]
 1252 07a6 7DE7     		b	.L148
 1253              	.L246:
 1254              		.align	2
 1255              	.L245:
 1256 07a8 0000F81F 		.word	536346624
 1258              		.section	.text.HAL_HCD_Start,"ax",%progbits
 1259              		.align	1
 1260              		.p2align 2,,3
 1261              		.global	HAL_HCD_Start
 1262              		.syntax unified
 1263              		.thumb
 1264              		.thumb_func
 1266              	HAL_HCD_Start:
 1267              		@ args = 0, pretend = 0, frame = 0
 1268              		@ frame_needed = 0, uses_anonymous_args = 0
 1269 0000 90F8F832 		ldrb	r3, [r0, #760]	@ zero_extendqisi2
 1270 0004 012B     		cmp	r3, #1
 1271 0006 0FD0     		beq	.L249
 1272 0008 10B5     		push	{r4, lr}
 1273 000a 0446     		mov	r4, r0
 1274 000c 0121     		movs	r1, #1
 1275 000e 0068     		ldr	r0, [r0]
 1276 0010 84F8F812 		strb	r1, [r4, #760]
 1277 0014 FFF7FEFF 		bl	USB_DriveVbus
 1278 0018 2068     		ldr	r0, [r4]
 1279 001a FFF7FEFF 		bl	USB_EnableGlobalInt
 1280 001e 0023     		movs	r3, #0
 1281 0020 84F8F832 		strb	r3, [r4, #760]
 1282 0024 1846     		mov	r0, r3
 1283 0026 10BD     		pop	{r4, pc}
 1284              	.L249:
 1285 0028 0220     		movs	r0, #2
ARM GAS  /var/folders/lp/x54gwt890xv47sdkqj1k04q40000gn/T//ccVlep4S.s 			page 23


 1286 002a 7047     		bx	lr
 1288              		.section	.text.HAL_HCD_Stop,"ax",%progbits
 1289              		.align	1
 1290              		.p2align 2,,3
 1291              		.global	HAL_HCD_Stop
 1292              		.syntax unified
 1293              		.thumb
 1294              		.thumb_func
 1296              	HAL_HCD_Stop:
 1297              		@ args = 0, pretend = 0, frame = 0
 1298              		@ frame_needed = 0, uses_anonymous_args = 0
 1299 0000 90F8F832 		ldrb	r3, [r0, #760]	@ zero_extendqisi2
 1300 0004 012B     		cmp	r3, #1
 1301 0006 0CD0     		beq	.L256
 1302 0008 10B5     		push	{r4, lr}
 1303 000a 0446     		mov	r4, r0
 1304 000c 0123     		movs	r3, #1
 1305 000e 0068     		ldr	r0, [r0]
 1306 0010 84F8F832 		strb	r3, [r4, #760]
 1307 0014 FFF7FEFF 		bl	USB_StopHost
 1308 0018 0023     		movs	r3, #0
 1309 001a 84F8F832 		strb	r3, [r4, #760]
 1310 001e 1846     		mov	r0, r3
 1311 0020 10BD     		pop	{r4, pc}
 1312              	.L256:
 1313 0022 0220     		movs	r0, #2
 1314 0024 7047     		bx	lr
 1316 0026 00BF     		.section	.text.HAL_HCD_ResetPort,"ax",%progbits
 1317              		.align	1
 1318              		.p2align 2,,3
 1319              		.global	HAL_HCD_ResetPort
 1320              		.syntax unified
 1321              		.thumb
 1322              		.thumb_func
 1324              	HAL_HCD_ResetPort:
 1325              		@ args = 0, pretend = 0, frame = 0
 1326              		@ frame_needed = 0, uses_anonymous_args = 0
 1327              		@ link register save eliminated.
 1328 0000 0068     		ldr	r0, [r0]
 1329 0002 FFF7FEBF 		b	USB_ResetPort
 1331 0006 00BF     		.section	.text.HAL_HCD_GetState,"ax",%progbits
 1332              		.align	1
 1333              		.p2align 2,,3
 1334              		.global	HAL_HCD_GetState
 1335              		.syntax unified
 1336              		.thumb
 1337              		.thumb_func
 1339              	HAL_HCD_GetState:
 1340              		@ args = 0, pretend = 0, frame = 0
 1341              		@ frame_needed = 0, uses_anonymous_args = 0
 1342              		@ link register save eliminated.
 1343 0000 90F8F902 		ldrb	r0, [r0, #761]	@ zero_extendqisi2
 1344 0004 7047     		bx	lr
 1346 0006 00BF     		.section	.text.HAL_HCD_HC_GetURBState,"ax",%progbits
 1347              		.align	1
 1348              		.p2align 2,,3
 1349              		.global	HAL_HCD_HC_GetURBState
ARM GAS  /var/folders/lp/x54gwt890xv47sdkqj1k04q40000gn/T//ccVlep4S.s 			page 24


 1350              		.syntax unified
 1351              		.thumb
 1352              		.thumb_func
 1354              	HAL_HCD_HC_GetURBState:
 1355              		@ args = 0, pretend = 0, frame = 0
 1356              		@ frame_needed = 0, uses_anonymous_args = 0
 1357              		@ link register save eliminated.
 1358 0000 2C23     		movs	r3, #44
 1359 0002 03FB0100 		mla	r0, r3, r1, r0
 1360 0006 90F86000 		ldrb	r0, [r0, #96]	@ zero_extendqisi2
 1361 000a 7047     		bx	lr
 1363              		.section	.text.HAL_HCD_HC_GetXferCount,"ax",%progbits
 1364              		.align	1
 1365              		.p2align 2,,3
 1366              		.global	HAL_HCD_HC_GetXferCount
 1367              		.syntax unified
 1368              		.thumb
 1369              		.thumb_func
 1371              	HAL_HCD_HC_GetXferCount:
 1372              		@ args = 0, pretend = 0, frame = 0
 1373              		@ frame_needed = 0, uses_anonymous_args = 0
 1374              		@ link register save eliminated.
 1375 0000 2C23     		movs	r3, #44
 1376 0002 03FB0100 		mla	r0, r3, r1, r0
 1377 0006 006D     		ldr	r0, [r0, #80]
 1378 0008 7047     		bx	lr
 1380 000a 00BF     		.section	.text.HAL_HCD_HC_GetState,"ax",%progbits
 1381              		.align	1
 1382              		.p2align 2,,3
 1383              		.global	HAL_HCD_HC_GetState
 1384              		.syntax unified
 1385              		.thumb
 1386              		.thumb_func
 1388              	HAL_HCD_HC_GetState:
 1389              		@ args = 0, pretend = 0, frame = 0
 1390              		@ frame_needed = 0, uses_anonymous_args = 0
 1391              		@ link register save eliminated.
 1392 0000 2C23     		movs	r3, #44
 1393 0002 03FB0100 		mla	r0, r3, r1, r0
 1394 0006 90F86100 		ldrb	r0, [r0, #97]	@ zero_extendqisi2
 1395 000a 7047     		bx	lr
 1397              		.section	.text.HAL_HCD_GetCurrentFrame,"ax",%progbits
 1398              		.align	1
 1399              		.p2align 2,,3
 1400              		.global	HAL_HCD_GetCurrentFrame
 1401              		.syntax unified
 1402              		.thumb
 1403              		.thumb_func
 1405              	HAL_HCD_GetCurrentFrame:
 1406              		@ args = 0, pretend = 0, frame = 0
 1407              		@ frame_needed = 0, uses_anonymous_args = 0
 1408              		@ link register save eliminated.
 1409 0000 0068     		ldr	r0, [r0]
 1410 0002 FFF7FEBF 		b	USB_GetCurrentFrame
 1412 0006 00BF     		.section	.text.HAL_HCD_GetCurrentSpeed,"ax",%progbits
 1413              		.align	1
 1414              		.p2align 2,,3
ARM GAS  /var/folders/lp/x54gwt890xv47sdkqj1k04q40000gn/T//ccVlep4S.s 			page 25


 1415              		.global	HAL_HCD_GetCurrentSpeed
 1416              		.syntax unified
 1417              		.thumb
 1418              		.thumb_func
 1420              	HAL_HCD_GetCurrentSpeed:
 1421              		@ args = 0, pretend = 0, frame = 0
 1422              		@ frame_needed = 0, uses_anonymous_args = 0
 1423              		@ link register save eliminated.
 1424 0000 0068     		ldr	r0, [r0]
 1425 0002 FFF7FEBF 		b	USB_GetHostSpeed
 1427 0006 00BF     		.ident	"GCC: (xPack GNU Arm Embedded GCC arm64) 13.3.1 20240614"
ARM GAS  /var/folders/lp/x54gwt890xv47sdkqj1k04q40000gn/T//ccVlep4S.s 			page 26


DEFINED SYMBOLS
                            *ABS*:00000000 stm32f4xx_hal_hcd.c
/var/folders/lp/x54gwt890xv47sdkqj1k04q40000gn/T//ccVlep4S.s:18     .text.HAL_HCD_HC_Init:00000000 $t
/var/folders/lp/x54gwt890xv47sdkqj1k04q40000gn/T//ccVlep4S.s:25     .text.HAL_HCD_HC_Init:00000000 HAL_HCD_HC_Init
/var/folders/lp/x54gwt890xv47sdkqj1k04q40000gn/T//ccVlep4S.s:71     .text.HAL_HCD_HC_Halt:00000000 $t
/var/folders/lp/x54gwt890xv47sdkqj1k04q40000gn/T//ccVlep4S.s:78     .text.HAL_HCD_HC_Halt:00000000 HAL_HCD_HC_Halt
/var/folders/lp/x54gwt890xv47sdkqj1k04q40000gn/T//ccVlep4S.s:99     .text.HAL_HCD_MspInit:00000000 $t
/var/folders/lp/x54gwt890xv47sdkqj1k04q40000gn/T//ccVlep4S.s:106    .text.HAL_HCD_MspInit:00000000 HAL_HCD_MspInit
/var/folders/lp/x54gwt890xv47sdkqj1k04q40000gn/T//ccVlep4S.s:113    .text.HAL_HCD_Init:00000000 $t
/var/folders/lp/x54gwt890xv47sdkqj1k04q40000gn/T//ccVlep4S.s:120    .text.HAL_HCD_Init:00000000 HAL_HCD_Init
/var/folders/lp/x54gwt890xv47sdkqj1k04q40000gn/T//ccVlep4S.s:186    .text.HAL_HCD_MspDeInit:00000000 $t
/var/folders/lp/x54gwt890xv47sdkqj1k04q40000gn/T//ccVlep4S.s:193    .text.HAL_HCD_MspDeInit:00000000 HAL_HCD_MspDeInit
/var/folders/lp/x54gwt890xv47sdkqj1k04q40000gn/T//ccVlep4S.s:200    .text.HAL_HCD_DeInit:00000000 $t
/var/folders/lp/x54gwt890xv47sdkqj1k04q40000gn/T//ccVlep4S.s:207    .text.HAL_HCD_DeInit:00000000 HAL_HCD_DeInit
/var/folders/lp/x54gwt890xv47sdkqj1k04q40000gn/T//ccVlep4S.s:227    .text.HAL_HCD_HC_SubmitRequest:00000000 $t
/var/folders/lp/x54gwt890xv47sdkqj1k04q40000gn/T//ccVlep4S.s:234    .text.HAL_HCD_HC_SubmitRequest:00000000 HAL_HCD_HC_SubmitRequest
/var/folders/lp/x54gwt890xv47sdkqj1k04q40000gn/T//ccVlep4S.s:258    .text.HAL_HCD_HC_SubmitRequest:0000003c $d
/var/folders/lp/x54gwt890xv47sdkqj1k04q40000gn/T//ccVlep4S.s:262    .text.HAL_HCD_HC_SubmitRequest:00000040 $t
/var/folders/lp/x54gwt890xv47sdkqj1k04q40000gn/T//ccVlep4S.s:328    .text.HAL_HCD_WKUP_IRQHandler:00000000 $t
/var/folders/lp/x54gwt890xv47sdkqj1k04q40000gn/T//ccVlep4S.s:335    .text.HAL_HCD_WKUP_IRQHandler:00000000 HAL_HCD_WKUP_IRQHandler
/var/folders/lp/x54gwt890xv47sdkqj1k04q40000gn/T//ccVlep4S.s:342    .text.HAL_HCD_SOF_Callback:00000000 $t
/var/folders/lp/x54gwt890xv47sdkqj1k04q40000gn/T//ccVlep4S.s:349    .text.HAL_HCD_SOF_Callback:00000000 HAL_HCD_SOF_Callback
/var/folders/lp/x54gwt890xv47sdkqj1k04q40000gn/T//ccVlep4S.s:356    .text.HAL_HCD_Connect_Callback:00000000 $t
/var/folders/lp/x54gwt890xv47sdkqj1k04q40000gn/T//ccVlep4S.s:363    .text.HAL_HCD_Connect_Callback:00000000 HAL_HCD_Connect_Callback
/var/folders/lp/x54gwt890xv47sdkqj1k04q40000gn/T//ccVlep4S.s:370    .text.HAL_HCD_Disconnect_Callback:00000000 $t
/var/folders/lp/x54gwt890xv47sdkqj1k04q40000gn/T//ccVlep4S.s:377    .text.HAL_HCD_Disconnect_Callback:00000000 HAL_HCD_Disconnect_Callback
/var/folders/lp/x54gwt890xv47sdkqj1k04q40000gn/T//ccVlep4S.s:384    .text.HAL_HCD_PortEnabled_Callback:00000000 $t
/var/folders/lp/x54gwt890xv47sdkqj1k04q40000gn/T//ccVlep4S.s:391    .text.HAL_HCD_PortEnabled_Callback:00000000 HAL_HCD_PortEnabled_Callback
/var/folders/lp/x54gwt890xv47sdkqj1k04q40000gn/T//ccVlep4S.s:398    .text.HAL_HCD_PortDisabled_Callback:00000000 $t
/var/folders/lp/x54gwt890xv47sdkqj1k04q40000gn/T//ccVlep4S.s:405    .text.HAL_HCD_PortDisabled_Callback:00000000 HAL_HCD_PortDisabled_Callback
/var/folders/lp/x54gwt890xv47sdkqj1k04q40000gn/T//ccVlep4S.s:412    .text.HAL_HCD_HC_NotifyURBChange_Callback:00000000 $t
/var/folders/lp/x54gwt890xv47sdkqj1k04q40000gn/T//ccVlep4S.s:419    .text.HAL_HCD_HC_NotifyURBChange_Callback:00000000 HAL_HCD_HC_NotifyURBChange_Callback
/var/folders/lp/x54gwt890xv47sdkqj1k04q40000gn/T//ccVlep4S.s:426    .text.HAL_HCD_IRQHandler:00000000 $t
/var/folders/lp/x54gwt890xv47sdkqj1k04q40000gn/T//ccVlep4S.s:433    .text.HAL_HCD_IRQHandler:00000000 HAL_HCD_IRQHandler
/var/folders/lp/x54gwt890xv47sdkqj1k04q40000gn/T//ccVlep4S.s:560    .text.HAL_HCD_IRQHandler:00000142 $d
/var/folders/lp/x54gwt890xv47sdkqj1k04q40000gn/T//ccVlep4S.s:564    .text.HAL_HCD_IRQHandler:00000146 $t
/var/folders/lp/x54gwt890xv47sdkqj1k04q40000gn/T//ccVlep4S.s:756    .text.HAL_HCD_IRQHandler:00000312 $d
/var/folders/lp/x54gwt890xv47sdkqj1k04q40000gn/T//ccVlep4S.s:764    .text.HAL_HCD_IRQHandler:0000031a $t
/var/folders/lp/x54gwt890xv47sdkqj1k04q40000gn/T//ccVlep4S.s:893    .text.HAL_HCD_IRQHandler:00000444 $d
/var/folders/lp/x54gwt890xv47sdkqj1k04q40000gn/T//ccVlep4S.s:897    .text.HAL_HCD_IRQHandler:00000454 $t
/var/folders/lp/x54gwt890xv47sdkqj1k04q40000gn/T//ccVlep4S.s:1133   .text.HAL_HCD_IRQHandler:00000690 $d
/var/folders/lp/x54gwt890xv47sdkqj1k04q40000gn/T//ccVlep4S.s:1141   .text.HAL_HCD_IRQHandler:00000698 $t
/var/folders/lp/x54gwt890xv47sdkqj1k04q40000gn/T//ccVlep4S.s:1256   .text.HAL_HCD_IRQHandler:000007a8 $d
/var/folders/lp/x54gwt890xv47sdkqj1k04q40000gn/T//ccVlep4S.s:1259   .text.HAL_HCD_Start:00000000 $t
/var/folders/lp/x54gwt890xv47sdkqj1k04q40000gn/T//ccVlep4S.s:1266   .text.HAL_HCD_Start:00000000 HAL_HCD_Start
/var/folders/lp/x54gwt890xv47sdkqj1k04q40000gn/T//ccVlep4S.s:1289   .text.HAL_HCD_Stop:00000000 $t
/var/folders/lp/x54gwt890xv47sdkqj1k04q40000gn/T//ccVlep4S.s:1296   .text.HAL_HCD_Stop:00000000 HAL_HCD_Stop
/var/folders/lp/x54gwt890xv47sdkqj1k04q40000gn/T//ccVlep4S.s:1317   .text.HAL_HCD_ResetPort:00000000 $t
/var/folders/lp/x54gwt890xv47sdkqj1k04q40000gn/T//ccVlep4S.s:1324   .text.HAL_HCD_ResetPort:00000000 HAL_HCD_ResetPort
/var/folders/lp/x54gwt890xv47sdkqj1k04q40000gn/T//ccVlep4S.s:1332   .text.HAL_HCD_GetState:00000000 $t
/var/folders/lp/x54gwt890xv47sdkqj1k04q40000gn/T//ccVlep4S.s:1339   .text.HAL_HCD_GetState:00000000 HAL_HCD_GetState
/var/folders/lp/x54gwt890xv47sdkqj1k04q40000gn/T//ccVlep4S.s:1347   .text.HAL_HCD_HC_GetURBState:00000000 $t
/var/folders/lp/x54gwt890xv47sdkqj1k04q40000gn/T//ccVlep4S.s:1354   .text.HAL_HCD_HC_GetURBState:00000000 HAL_HCD_HC_GetURBState
/var/folders/lp/x54gwt890xv47sdkqj1k04q40000gn/T//ccVlep4S.s:1364   .text.HAL_HCD_HC_GetXferCount:00000000 $t
/var/folders/lp/x54gwt890xv47sdkqj1k04q40000gn/T//ccVlep4S.s:1371   .text.HAL_HCD_HC_GetXferCount:00000000 HAL_HCD_HC_GetXferCount
/var/folders/lp/x54gwt890xv47sdkqj1k04q40000gn/T//ccVlep4S.s:1381   .text.HAL_HCD_HC_GetState:00000000 $t
/var/folders/lp/x54gwt890xv47sdkqj1k04q40000gn/T//ccVlep4S.s:1388   .text.HAL_HCD_HC_GetState:00000000 HAL_HCD_HC_GetState
ARM GAS  /var/folders/lp/x54gwt890xv47sdkqj1k04q40000gn/T//ccVlep4S.s 			page 27


/var/folders/lp/x54gwt890xv47sdkqj1k04q40000gn/T//ccVlep4S.s:1398   .text.HAL_HCD_GetCurrentFrame:00000000 $t
/var/folders/lp/x54gwt890xv47sdkqj1k04q40000gn/T//ccVlep4S.s:1405   .text.HAL_HCD_GetCurrentFrame:00000000 HAL_HCD_GetCurrentFrame
/var/folders/lp/x54gwt890xv47sdkqj1k04q40000gn/T//ccVlep4S.s:1413   .text.HAL_HCD_GetCurrentSpeed:00000000 $t
/var/folders/lp/x54gwt890xv47sdkqj1k04q40000gn/T//ccVlep4S.s:1420   .text.HAL_HCD_GetCurrentSpeed:00000000 HAL_HCD_GetCurrentSpeed

UNDEFINED SYMBOLS
USB_HC_Init
USB_HC_Halt
USB_DisableGlobalInt
USB_CoreInit
USB_SetCurrentMode
USB_HostInit
USB_HC_StartXfer
USB_GetMode
USB_ReadInterrupts
USB_HC_ReadInterrupt
USB_FlushTxFifo
USB_FlushRxFifo
USB_InitFSLSPClkSel
USB_ReadPacket
USB_DriveVbus
USB_EnableGlobalInt
USB_StopHost
USB_ResetPort
USB_GetCurrentFrame
USB_GetHostSpeed
