ARM GAS  /var/folders/lp/x54gwt890xv47sdkqj1k04q40000gn/T//ccdEmvQQ.s 			page 1


   1              		.cpu cortex-m4
   2              		.arch armv7e-m
   3              		.fpu fpv4-sp-d16
   4              		.eabi_attribute 27, 1
   5              		.eabi_attribute 28, 1
   6              		.eabi_attribute 20, 1
   7              		.eabi_attribute 21, 1
   8              		.eabi_attribute 23, 3
   9              		.eabi_attribute 24, 1
  10              		.eabi_attribute 25, 1
  11              		.eabi_attribute 26, 1
  12              		.eabi_attribute 30, 2
  13              		.eabi_attribute 34, 1
  14              		.eabi_attribute 18, 4
  15              		.file	"stm32f4xx_hal_flash.c"
  16              		.text
  17              		.section	.text.FLASH_SetErrorCode,"ax",%progbits
  18              		.align	1
  19              		.p2align 2,,3
  20              		.syntax unified
  21              		.thumb
  22              		.thumb_func
  24              	FLASH_SetErrorCode:
  25              		@ args = 0, pretend = 0, frame = 0
  26              		@ frame_needed = 0, uses_anonymous_args = 0
  27              		@ link register save eliminated.
  28 0000 1B4B     		ldr	r3, .L23
  29 0002 DA68     		ldr	r2, [r3, #12]
  30 0004 D106     		lsls	r1, r2, #27
  31 0006 05D5     		bpl	.L2
  32 0008 1A49     		ldr	r1, .L23+4
  33 000a CA69     		ldr	r2, [r1, #28]
  34 000c 1020     		movs	r0, #16
  35 000e 0243     		orrs	r2, r2, r0
  36 0010 CA61     		str	r2, [r1, #28]
  37 0012 D860     		str	r0, [r3, #12]
  38              	.L2:
  39 0014 164B     		ldr	r3, .L23
  40 0016 DA68     		ldr	r2, [r3, #12]
  41 0018 9206     		lsls	r2, r2, #26
  42 001a 06D5     		bpl	.L3
  43 001c 1549     		ldr	r1, .L23+4
  44 001e CA69     		ldr	r2, [r1, #28]
  45 0020 2020     		movs	r0, #32
  46 0022 42F00802 		orr	r2, r2, #8
  47 0026 CA61     		str	r2, [r1, #28]
  48 0028 D860     		str	r0, [r3, #12]
  49              	.L3:
  50 002a 114B     		ldr	r3, .L23
  51 002c DA68     		ldr	r2, [r3, #12]
  52 002e 5006     		lsls	r0, r2, #25
  53 0030 06D5     		bpl	.L4
  54 0032 1049     		ldr	r1, .L23+4
  55 0034 CA69     		ldr	r2, [r1, #28]
  56 0036 4020     		movs	r0, #64
  57 0038 42F00402 		orr	r2, r2, #4
  58 003c CA61     		str	r2, [r1, #28]
ARM GAS  /var/folders/lp/x54gwt890xv47sdkqj1k04q40000gn/T//ccdEmvQQ.s 			page 2


  59 003e D860     		str	r0, [r3, #12]
  60              	.L4:
  61 0040 0B4B     		ldr	r3, .L23
  62 0042 DA68     		ldr	r2, [r3, #12]
  63 0044 1106     		lsls	r1, r2, #24
  64 0046 06D5     		bpl	.L5
  65 0048 0A49     		ldr	r1, .L23+4
  66 004a CA69     		ldr	r2, [r1, #28]
  67 004c 8020     		movs	r0, #128
  68 004e 42F00202 		orr	r2, r2, #2
  69 0052 CA61     		str	r2, [r1, #28]
  70 0054 D860     		str	r0, [r3, #12]
  71              	.L5:
  72 0056 064B     		ldr	r3, .L23
  73 0058 DA68     		ldr	r2, [r3, #12]
  74 005a 9207     		lsls	r2, r2, #30
  75 005c 06D5     		bpl	.L1
  76 005e 0549     		ldr	r1, .L23+4
  77 0060 CA69     		ldr	r2, [r1, #28]
  78 0062 0220     		movs	r0, #2
  79 0064 42F02002 		orr	r2, r2, #32
  80 0068 CA61     		str	r2, [r1, #28]
  81 006a D860     		str	r0, [r3, #12]
  82              	.L1:
  83 006c 7047     		bx	lr
  84              	.L24:
  85 006e 00BF     		.align	2
  86              	.L23:
  87 0070 003C0240 		.word	1073888256
  88 0074 00000000 		.word	pFlash
  90              		.section	.text.HAL_FLASH_Program_IT,"ax",%progbits
  91              		.align	1
  92              		.p2align 2,,3
  93              		.global	HAL_FLASH_Program_IT
  94              		.syntax unified
  95              		.thumb
  96              		.thumb_func
  98              	HAL_FLASH_Program_IT:
  99              		@ args = 0, pretend = 0, frame = 0
 100              		@ frame_needed = 0, uses_anonymous_args = 0
 101              		@ link register save eliminated.
 102 0000 70B4     		push	{r4, r5, r6}
 103 0002 2B4D     		ldr	r5, .L36
 104 0004 2C7E     		ldrb	r4, [r5, #24]	@ zero_extendqisi2
 105 0006 012C     		cmp	r4, #1
 106 0008 32D0     		beq	.L31
 107 000a 2A4C     		ldr	r4, .L36+4
 108 000c 0126     		movs	r6, #1
 109 000e 2E76     		strb	r6, [r5, #24]
 110 0010 2669     		ldr	r6, [r4, #16]
 111 0012 46F08076 		orr	r6, r6, #16777216
 112 0016 2661     		str	r6, [r4, #16]
 113 0018 2669     		ldr	r6, [r4, #16]
 114 001a 46F00076 		orr	r6, r6, #33554432
 115 001e 2661     		str	r6, [r4, #16]
 116 0020 0326     		movs	r6, #3
 117 0022 2E70     		strb	r6, [r5]
ARM GAS  /var/folders/lp/x54gwt890xv47sdkqj1k04q40000gn/T//ccdEmvQQ.s 			page 3


 118 0024 6961     		str	r1, [r5, #20]
 119 0026 B0B1     		cbz	r0, .L33
 120 0028 0128     		cmp	r0, #1
 121 002a 32D0     		beq	.L34
 122 002c 0228     		cmp	r0, #2
 123 002e 22D0     		beq	.L35
 124 0030 2069     		ldr	r0, [r4, #16]
 125 0032 20F44070 		bic	r0, r0, #768
 126 0036 2061     		str	r0, [r4, #16]
 127 0038 2069     		ldr	r0, [r4, #16]
 128 003a 40F44070 		orr	r0, r0, #768
 129 003e 2061     		str	r0, [r4, #16]
 130 0040 2069     		ldr	r0, [r4, #16]
 131 0042 40F00100 		orr	r0, r0, #1
 132 0046 2061     		str	r0, [r4, #16]
 133 0048 0A60     		str	r2, [r1]
 134              		.syntax unified
 135              	@ 868 "Drivers/CMSIS/Include/cmsis_gcc.h" 1
 136 004a BFF36F8F 		isb 0xF
 137              	@ 0 "" 2
 138              		.thumb
 139              		.syntax unified
 140 004e 4B60     		str	r3, [r1, #4]
 141              	.L29:
 142 0050 0020     		movs	r0, #0
 143 0052 70BC     		pop	{r4, r5, r6}
 144 0054 7047     		bx	lr
 145              	.L33:
 146 0056 2369     		ldr	r3, [r4, #16]
 147 0058 23F44073 		bic	r3, r3, #768
 148 005c 2361     		str	r3, [r4, #16]
 149 005e 2369     		ldr	r3, [r4, #16]
 150 0060 2361     		str	r3, [r4, #16]
 151 0062 2369     		ldr	r3, [r4, #16]
 152 0064 D2B2     		uxtb	r2, r2
 153 0066 43F00103 		orr	r3, r3, #1
 154 006a 2361     		str	r3, [r4, #16]
 155 006c 0A70     		strb	r2, [r1]
 156 006e EFE7     		b	.L29
 157              	.L31:
 158 0070 0220     		movs	r0, #2
 159 0072 70BC     		pop	{r4, r5, r6}
 160 0074 7047     		bx	lr
 161              	.L35:
 162 0076 2369     		ldr	r3, [r4, #16]
 163 0078 23F44073 		bic	r3, r3, #768
 164 007c 2361     		str	r3, [r4, #16]
 165 007e 2369     		ldr	r3, [r4, #16]
 166 0080 43F40073 		orr	r3, r3, #512
 167 0084 2361     		str	r3, [r4, #16]
 168 0086 2369     		ldr	r3, [r4, #16]
 169 0088 43F00103 		orr	r3, r3, #1
 170 008c 2361     		str	r3, [r4, #16]
 171 008e 0A60     		str	r2, [r1]
 172 0090 DEE7     		b	.L29
 173              	.L34:
 174 0092 2369     		ldr	r3, [r4, #16]
ARM GAS  /var/folders/lp/x54gwt890xv47sdkqj1k04q40000gn/T//ccdEmvQQ.s 			page 4


 175 0094 23F44073 		bic	r3, r3, #768
 176 0098 2361     		str	r3, [r4, #16]
 177 009a 2369     		ldr	r3, [r4, #16]
 178 009c 43F48073 		orr	r3, r3, #256
 179 00a0 2361     		str	r3, [r4, #16]
 180 00a2 2369     		ldr	r3, [r4, #16]
 181 00a4 92B2     		uxth	r2, r2
 182 00a6 43F00103 		orr	r3, r3, #1
 183 00aa 2361     		str	r3, [r4, #16]
 184 00ac 0A80     		strh	r2, [r1]	@ movhi
 185 00ae CFE7     		b	.L29
 186              	.L37:
 187              		.align	2
 188              	.L36:
 189 00b0 00000000 		.word	pFlash
 190 00b4 003C0240 		.word	1073888256
 192              		.section	.text.HAL_FLASH_EndOfOperationCallback,"ax",%progbits
 193              		.align	1
 194              		.p2align 2,,3
 195              		.weak	HAL_FLASH_EndOfOperationCallback
 196              		.syntax unified
 197              		.thumb
 198              		.thumb_func
 200              	HAL_FLASH_EndOfOperationCallback:
 201              		@ args = 0, pretend = 0, frame = 0
 202              		@ frame_needed = 0, uses_anonymous_args = 0
 203              		@ link register save eliminated.
 204 0000 7047     		bx	lr
 206 0002 00BF     		.section	.text.HAL_FLASH_OperationErrorCallback,"ax",%progbits
 207              		.align	1
 208              		.p2align 2,,3
 209              		.weak	HAL_FLASH_OperationErrorCallback
 210              		.syntax unified
 211              		.thumb
 212              		.thumb_func
 214              	HAL_FLASH_OperationErrorCallback:
 215              		@ args = 0, pretend = 0, frame = 0
 216              		@ frame_needed = 0, uses_anonymous_args = 0
 217              		@ link register save eliminated.
 218 0000 7047     		bx	lr
 220 0002 00BF     		.section	.text.HAL_FLASH_IRQHandler,"ax",%progbits
 221              		.align	1
 222              		.p2align 2,,3
 223              		.global	HAL_FLASH_IRQHandler
 224              		.syntax unified
 225              		.thumb
 226              		.thumb_func
 228              	HAL_FLASH_IRQHandler:
 229              		@ args = 0, pretend = 0, frame = 0
 230              		@ frame_needed = 0, uses_anonymous_args = 0
 231 0000 38B5     		push	{r3, r4, r5, lr}
 232 0002 2F4B     		ldr	r3, .L61
 233 0004 2F4C     		ldr	r4, .L61+4
 234 0006 DB68     		ldr	r3, [r3, #12]
 235 0008 13F0F20F 		tst	r3, #242
 236 000c 0ED0     		beq	.L41
 237 000e 2378     		ldrb	r3, [r4]	@ zero_extendqisi2
ARM GAS  /var/folders/lp/x54gwt890xv47sdkqj1k04q40000gn/T//ccdEmvQQ.s 			page 5


 238 0010 012B     		cmp	r3, #1
 239 0012 3FD0     		beq	.L58
 240 0014 2378     		ldrb	r3, [r4]	@ zero_extendqisi2
 241 0016 022B     		cmp	r3, #2
 242 0018 0CBF     		ite	eq
 243 001a 2569     		ldreq	r5, [r4, #16]
 244 001c 6569     		ldrne	r5, [r4, #20]
 245              	.L43:
 246 001e FFF7FEFF 		bl	FLASH_SetErrorCode
 247 0022 2846     		mov	r0, r5
 248 0024 FFF7FEFF 		bl	HAL_FLASH_OperationErrorCallback
 249 0028 0023     		movs	r3, #0
 250 002a 2370     		strb	r3, [r4]
 251              	.L41:
 252 002c 244B     		ldr	r3, .L61
 253 002e DA68     		ldr	r2, [r3, #12]
 254 0030 D207     		lsls	r2, r2, #31
 255 0032 0CD5     		bpl	.L45
 256 0034 0122     		movs	r2, #1
 257 0036 DA60     		str	r2, [r3, #12]
 258 0038 2378     		ldrb	r3, [r4]	@ zero_extendqisi2
 259 003a 9342     		cmp	r3, r2
 260 003c 1AD0     		beq	.L59
 261 003e 2378     		ldrb	r3, [r4]	@ zero_extendqisi2
 262 0040 022B     		cmp	r3, #2
 263 0042 2CD0     		beq	.L60
 264 0044 6069     		ldr	r0, [r4, #20]
 265 0046 FFF7FEFF 		bl	HAL_FLASH_EndOfOperationCallback
 266              	.L49:
 267 004a 0023     		movs	r3, #0
 268 004c 2370     		strb	r3, [r4]
 269              	.L45:
 270 004e 2378     		ldrb	r3, [r4]	@ zero_extendqisi2
 271 0050 03F0FF01 		and	r1, r3, #255
 272 0054 6BB9     		cbnz	r3, .L40
 273 0056 1A4B     		ldr	r3, .L61
 274 0058 1A69     		ldr	r2, [r3, #16]
 275 005a 22F0FF02 		bic	r2, r2, #255
 276 005e 1A61     		str	r2, [r3, #16]
 277 0060 1A69     		ldr	r2, [r3, #16]
 278 0062 22F08072 		bic	r2, r2, #16777216
 279 0066 1A61     		str	r2, [r3, #16]
 280 0068 1A69     		ldr	r2, [r3, #16]
 281 006a 22F00072 		bic	r2, r2, #33554432
 282 006e 1A61     		str	r2, [r3, #16]
 283 0070 2176     		strb	r1, [r4, #24]
 284              	.L40:
 285 0072 38BD     		pop	{r3, r4, r5, pc}
 286              	.L59:
 287 0074 6368     		ldr	r3, [r4, #4]
 288 0076 013B     		subs	r3, r3, #1
 289 0078 6360     		str	r3, [r4, #4]
 290 007a 6368     		ldr	r3, [r4, #4]
 291 007c ABB1     		cbz	r3, .L47
 292 007e E068     		ldr	r0, [r4, #12]
 293 0080 FFF7FEFF 		bl	HAL_FLASH_EndOfOperationCallback
 294 0084 E368     		ldr	r3, [r4, #12]
ARM GAS  /var/folders/lp/x54gwt890xv47sdkqj1k04q40000gn/T//ccdEmvQQ.s 			page 6


 295 0086 0133     		adds	r3, r3, #1
 296 0088 E360     		str	r3, [r4, #12]
 297 008a E068     		ldr	r0, [r4, #12]
 298 008c 217A     		ldrb	r1, [r4, #8]	@ zero_extendqisi2
 299 008e FFF7FEFF 		bl	FLASH_Erase_Sector
 300 0092 DCE7     		b	.L45
 301              	.L58:
 302 0094 4FF0FF33 		mov	r3, #-1
 303 0098 E568     		ldr	r5, [r4, #12]
 304 009a E360     		str	r3, [r4, #12]
 305 009c BFE7     		b	.L43
 306              	.L60:
 307 009e FFF7FEFF 		bl	FLASH_FlushCaches
 308 00a2 2069     		ldr	r0, [r4, #16]
 309 00a4 FFF7FEFF 		bl	HAL_FLASH_EndOfOperationCallback
 310 00a8 CFE7     		b	.L49
 311              	.L47:
 312 00aa 4FF0FF35 		mov	r5, #-1
 313 00ae E560     		str	r5, [r4, #12]
 314 00b0 2370     		strb	r3, [r4]
 315 00b2 FFF7FEFF 		bl	FLASH_FlushCaches
 316 00b6 2846     		mov	r0, r5
 317 00b8 FFF7FEFF 		bl	HAL_FLASH_EndOfOperationCallback
 318 00bc C7E7     		b	.L45
 319              	.L62:
 320 00be 00BF     		.align	2
 321              	.L61:
 322 00c0 003C0240 		.word	1073888256
 323 00c4 00000000 		.word	pFlash
 325              		.section	.text.HAL_FLASH_Unlock,"ax",%progbits
 326              		.align	1
 327              		.p2align 2,,3
 328              		.global	HAL_FLASH_Unlock
 329              		.syntax unified
 330              		.thumb
 331              		.thumb_func
 333              	HAL_FLASH_Unlock:
 334              		@ args = 0, pretend = 0, frame = 0
 335              		@ frame_needed = 0, uses_anonymous_args = 0
 336              		@ link register save eliminated.
 337 0000 064B     		ldr	r3, .L67
 338 0002 1A69     		ldr	r2, [r3, #16]
 339 0004 002A     		cmp	r2, #0
 340 0006 01DB     		blt	.L66
 341 0008 0020     		movs	r0, #0
 342 000a 7047     		bx	lr
 343              	.L66:
 344 000c 0449     		ldr	r1, .L67+4
 345 000e 054A     		ldr	r2, .L67+8
 346 0010 5960     		str	r1, [r3, #4]
 347 0012 5A60     		str	r2, [r3, #4]
 348 0014 1869     		ldr	r0, [r3, #16]
 349 0016 C00F     		lsrs	r0, r0, #31
 350 0018 7047     		bx	lr
 351              	.L68:
 352 001a 00BF     		.align	2
 353              	.L67:
ARM GAS  /var/folders/lp/x54gwt890xv47sdkqj1k04q40000gn/T//ccdEmvQQ.s 			page 7


 354 001c 003C0240 		.word	1073888256
 355 0020 23016745 		.word	1164378403
 356 0024 AB89EFCD 		.word	-839939669
 358              		.section	.text.HAL_FLASH_Lock,"ax",%progbits
 359              		.align	1
 360              		.p2align 2,,3
 361              		.global	HAL_FLASH_Lock
 362              		.syntax unified
 363              		.thumb
 364              		.thumb_func
 366              	HAL_FLASH_Lock:
 367              		@ args = 0, pretend = 0, frame = 0
 368              		@ frame_needed = 0, uses_anonymous_args = 0
 369              		@ link register save eliminated.
 370 0000 034A     		ldr	r2, .L70
 371 0002 1369     		ldr	r3, [r2, #16]
 372 0004 43F00043 		orr	r3, r3, #-2147483648
 373 0008 0020     		movs	r0, #0
 374 000a 1361     		str	r3, [r2, #16]
 375 000c 7047     		bx	lr
 376              	.L71:
 377 000e 00BF     		.align	2
 378              	.L70:
 379 0010 003C0240 		.word	1073888256
 381              		.section	.text.HAL_FLASH_OB_Unlock,"ax",%progbits
 382              		.align	1
 383              		.p2align 2,,3
 384              		.global	HAL_FLASH_OB_Unlock
 385              		.syntax unified
 386              		.thumb
 387              		.thumb_func
 389              	HAL_FLASH_OB_Unlock:
 390              		@ args = 0, pretend = 0, frame = 0
 391              		@ frame_needed = 0, uses_anonymous_args = 0
 392              		@ link register save eliminated.
 393 0000 054B     		ldr	r3, .L75
 394 0002 5A69     		ldr	r2, [r3, #20]
 395 0004 D207     		lsls	r2, r2, #31
 396 0006 05D5     		bpl	.L74
 397 0008 0449     		ldr	r1, .L75+4
 398 000a 054A     		ldr	r2, .L75+8
 399 000c 9960     		str	r1, [r3, #8]
 400 000e 0020     		movs	r0, #0
 401 0010 9A60     		str	r2, [r3, #8]
 402 0012 7047     		bx	lr
 403              	.L74:
 404 0014 0120     		movs	r0, #1
 405 0016 7047     		bx	lr
 406              	.L76:
 407              		.align	2
 408              	.L75:
 409 0018 003C0240 		.word	1073888256
 410 001c 3B2A1908 		.word	135866939
 411 0020 7F6E5D4C 		.word	1281191551
 413              		.section	.text.HAL_FLASH_OB_Lock,"ax",%progbits
 414              		.align	1
 415              		.p2align 2,,3
ARM GAS  /var/folders/lp/x54gwt890xv47sdkqj1k04q40000gn/T//ccdEmvQQ.s 			page 8


 416              		.global	HAL_FLASH_OB_Lock
 417              		.syntax unified
 418              		.thumb
 419              		.thumb_func
 421              	HAL_FLASH_OB_Lock:
 422              		@ args = 0, pretend = 0, frame = 0
 423              		@ frame_needed = 0, uses_anonymous_args = 0
 424              		@ link register save eliminated.
 425 0000 034A     		ldr	r2, .L78
 426 0002 5369     		ldr	r3, [r2, #20]
 427 0004 43F00103 		orr	r3, r3, #1
 428 0008 0020     		movs	r0, #0
 429 000a 5361     		str	r3, [r2, #20]
 430 000c 7047     		bx	lr
 431              	.L79:
 432 000e 00BF     		.align	2
 433              	.L78:
 434 0010 003C0240 		.word	1073888256
 436              		.section	.text.HAL_FLASH_OB_Launch,"ax",%progbits
 437              		.align	1
 438              		.p2align 2,,3
 439              		.global	HAL_FLASH_OB_Launch
 440              		.syntax unified
 441              		.thumb
 442              		.thumb_func
 444              	HAL_FLASH_OB_Launch:
 445              		@ args = 0, pretend = 0, frame = 0
 446              		@ frame_needed = 0, uses_anonymous_args = 0
 447 0000 70B5     		push	{r4, r5, r6, lr}
 448 0002 134C     		ldr	r4, .L92
 449 0004 134A     		ldr	r2, .L92+4
 450 0006 237D     		ldrb	r3, [r4, #20]	@ zero_extendqisi2
 451 0008 43F00203 		orr	r3, r3, #2
 452 000c 0021     		movs	r1, #0
 453 000e 2375     		strb	r3, [r4, #20]
 454 0010 D161     		str	r1, [r2, #28]
 455 0012 FFF7FEFF 		bl	HAL_GetTick
 456 0016 4CF25036 		movw	r6, #50000
 457 001a 0546     		mov	r5, r0
 458 001c 04E0     		b	.L81
 459              	.L83:
 460 001e FFF7FEFF 		bl	HAL_GetTick
 461 0022 401B     		subs	r0, r0, r5
 462 0024 B042     		cmp	r0, r6
 463 0026 0DD8     		bhi	.L85
 464              	.L81:
 465 0028 E368     		ldr	r3, [r4, #12]
 466 002a DA03     		lsls	r2, r3, #15
 467 002c F7D4     		bmi	.L83
 468 002e E368     		ldr	r3, [r4, #12]
 469 0030 DB07     		lsls	r3, r3, #31
 470 0032 44BF     		itt	mi
 471 0034 0123     		movmi	r3, #1
 472 0036 E360     		strmi	r3, [r4, #12]
 473 0038 054B     		ldr	r3, .L92
 474 003a D868     		ldr	r0, [r3, #12]
 475 003c 10F0F200 		ands	r0, r0, #242
ARM GAS  /var/folders/lp/x54gwt890xv47sdkqj1k04q40000gn/T//ccdEmvQQ.s 			page 9


 476 0040 02D1     		bne	.L91
 477 0042 70BD     		pop	{r4, r5, r6, pc}
 478              	.L85:
 479 0044 0320     		movs	r0, #3
 480 0046 70BD     		pop	{r4, r5, r6, pc}
 481              	.L91:
 482 0048 FFF7FEFF 		bl	FLASH_SetErrorCode
 483 004c 0120     		movs	r0, #1
 484 004e 70BD     		pop	{r4, r5, r6, pc}
 485              	.L93:
 486              		.align	2
 487              	.L92:
 488 0050 003C0240 		.word	1073888256
 489 0054 00000000 		.word	pFlash
 491              		.section	.text.HAL_FLASH_GetError,"ax",%progbits
 492              		.align	1
 493              		.p2align 2,,3
 494              		.global	HAL_FLASH_GetError
 495              		.syntax unified
 496              		.thumb
 497              		.thumb_func
 499              	HAL_FLASH_GetError:
 500              		@ args = 0, pretend = 0, frame = 0
 501              		@ frame_needed = 0, uses_anonymous_args = 0
 502              		@ link register save eliminated.
 503 0000 014B     		ldr	r3, .L95
 504 0002 D869     		ldr	r0, [r3, #28]
 505 0004 7047     		bx	lr
 506              	.L96:
 507 0006 00BF     		.align	2
 508              	.L95:
 509 0008 00000000 		.word	pFlash
 511              		.section	.text.FLASH_WaitForLastOperation,"ax",%progbits
 512              		.align	1
 513              		.p2align 2,,3
 514              		.global	FLASH_WaitForLastOperation
 515              		.syntax unified
 516              		.thumb
 517              		.thumb_func
 519              	FLASH_WaitForLastOperation:
 520              		@ args = 0, pretend = 0, frame = 0
 521              		@ frame_needed = 0, uses_anonymous_args = 0
 522 0000 144B     		ldr	r3, .L114
 523 0002 70B5     		push	{r4, r5, r6, lr}
 524 0004 0022     		movs	r2, #0
 525 0006 0446     		mov	r4, r0
 526 0008 DA61     		str	r2, [r3, #28]
 527 000a FFF7FEFF 		bl	HAL_GetTick
 528 000e 124E     		ldr	r6, .L114+4
 529 0010 0546     		mov	r5, r0
 530              	.L98:
 531 0012 F368     		ldr	r3, [r6, #12]
 532 0014 D903     		lsls	r1, r3, #15
 533 0016 05D5     		bpl	.L101
 534 0018 631C     		adds	r3, r4, #1
 535 001a 0FD1     		bne	.L99
 536 001c 0E4A     		ldr	r2, .L114+4
ARM GAS  /var/folders/lp/x54gwt890xv47sdkqj1k04q40000gn/T//ccdEmvQQ.s 			page 10


 537              	.L100:
 538 001e D368     		ldr	r3, [r2, #12]
 539 0020 D803     		lsls	r0, r3, #15
 540 0022 FCD4     		bmi	.L100
 541              	.L101:
 542 0024 0C4B     		ldr	r3, .L114+4
 543 0026 DA68     		ldr	r2, [r3, #12]
 544 0028 D207     		lsls	r2, r2, #31
 545 002a 44BF     		itt	mi
 546 002c 0122     		movmi	r2, #1
 547 002e DA60     		strmi	r2, [r3, #12]
 548 0030 094B     		ldr	r3, .L114+4
 549 0032 D868     		ldr	r0, [r3, #12]
 550 0034 10F0F200 		ands	r0, r0, #242
 551 0038 08D1     		bne	.L113
 552 003a 70BD     		pop	{r4, r5, r6, pc}
 553              	.L99:
 554 003c 24B1     		cbz	r4, .L104
 555 003e FFF7FEFF 		bl	HAL_GetTick
 556 0042 401B     		subs	r0, r0, r5
 557 0044 A042     		cmp	r0, r4
 558 0046 E4D9     		bls	.L98
 559              	.L104:
 560 0048 0320     		movs	r0, #3
 561 004a 70BD     		pop	{r4, r5, r6, pc}
 562              	.L113:
 563 004c FFF7FEFF 		bl	FLASH_SetErrorCode
 564 0050 0120     		movs	r0, #1
 565 0052 70BD     		pop	{r4, r5, r6, pc}
 566              	.L115:
 567              		.align	2
 568              	.L114:
 569 0054 00000000 		.word	pFlash
 570 0058 003C0240 		.word	1073888256
 572              		.section	.text.HAL_FLASH_Program,"ax",%progbits
 573              		.align	1
 574              		.p2align 2,,3
 575              		.global	HAL_FLASH_Program
 576              		.syntax unified
 577              		.thumb
 578              		.thumb_func
 580              	HAL_FLASH_Program:
 581              		@ args = 0, pretend = 0, frame = 0
 582              		@ frame_needed = 0, uses_anonymous_args = 0
 583 0000 2DE9F041 		push	{r4, r5, r6, r7, r8, lr}
 584 0004 304D     		ldr	r5, .L129
 585 0006 95F818C0 		ldrb	ip, [r5, #24]	@ zero_extendqisi2
 586 000a BCF1010F 		cmp	ip, #1
 587 000e 32D0     		beq	.L123
 588 0010 8046     		mov	r8, r0
 589 0012 1C46     		mov	r4, r3
 590 0014 4CF25030 		movw	r0, #50000
 591 0018 0123     		movs	r3, #1
 592 001a 0E46     		mov	r6, r1
 593 001c 1746     		mov	r7, r2
 594 001e 2B76     		strb	r3, [r5, #24]
 595 0020 FFF7FEFF 		bl	FLASH_WaitForLastOperation
ARM GAS  /var/folders/lp/x54gwt890xv47sdkqj1k04q40000gn/T//ccdEmvQQ.s 			page 11


 596 0024 18B1     		cbz	r0, .L125
 597              	.L118:
 598 0026 0023     		movs	r3, #0
 599 0028 2B76     		strb	r3, [r5, #24]
 600 002a BDE8F081 		pop	{r4, r5, r6, r7, r8, pc}
 601              	.L125:
 602 002e 274B     		ldr	r3, .L129+4
 603 0030 B8F1000F 		cmp	r8, #0
 604 0034 22D0     		beq	.L126
 605 0036 B8F1010F 		cmp	r8, #1
 606 003a 35D0     		beq	.L127
 607 003c 1A69     		ldr	r2, [r3, #16]
 608 003e 22F44072 		bic	r2, r2, #768
 609 0042 1A61     		str	r2, [r3, #16]
 610 0044 B8F1020F 		cmp	r8, #2
 611 0048 1A69     		ldr	r2, [r3, #16]
 612 004a 24D0     		beq	.L128
 613 004c 42F44072 		orr	r2, r2, #768
 614 0050 1A61     		str	r2, [r3, #16]
 615 0052 1A69     		ldr	r2, [r3, #16]
 616 0054 42F00102 		orr	r2, r2, #1
 617 0058 1A61     		str	r2, [r3, #16]
 618 005a 3760     		str	r7, [r6]
 619              		.syntax unified
 620              	@ 868 "Drivers/CMSIS/Include/cmsis_gcc.h" 1
 621 005c BFF36F8F 		isb 0xF
 622              	@ 0 "" 2
 623              		.thumb
 624              		.syntax unified
 625 0060 7460     		str	r4, [r6, #4]
 626              	.L120:
 627 0062 4CF25030 		movw	r0, #50000
 628 0066 FFF7FEFF 		bl	FLASH_WaitForLastOperation
 629 006a 184A     		ldr	r2, .L129+4
 630 006c 1369     		ldr	r3, [r2, #16]
 631 006e 23F00103 		bic	r3, r3, #1
 632 0072 1361     		str	r3, [r2, #16]
 633 0074 D7E7     		b	.L118
 634              	.L123:
 635 0076 0220     		movs	r0, #2
 636 0078 BDE8F081 		pop	{r4, r5, r6, r7, r8, pc}
 637              	.L126:
 638 007c 1969     		ldr	r1, [r3, #16]
 639 007e 21F44071 		bic	r1, r1, #768
 640 0082 1961     		str	r1, [r3, #16]
 641 0084 1969     		ldr	r1, [r3, #16]
 642 0086 1961     		str	r1, [r3, #16]
 643 0088 1969     		ldr	r1, [r3, #16]
 644 008a FAB2     		uxtb	r2, r7
 645 008c 41F00101 		orr	r1, r1, #1
 646 0090 1961     		str	r1, [r3, #16]
 647 0092 3270     		strb	r2, [r6]
 648 0094 E5E7     		b	.L120
 649              	.L128:
 650 0096 42F40072 		orr	r2, r2, #512
 651 009a 1A61     		str	r2, [r3, #16]
 652 009c 1A69     		ldr	r2, [r3, #16]
ARM GAS  /var/folders/lp/x54gwt890xv47sdkqj1k04q40000gn/T//ccdEmvQQ.s 			page 12


 653 009e 42F00102 		orr	r2, r2, #1
 654 00a2 1A61     		str	r2, [r3, #16]
 655 00a4 3760     		str	r7, [r6]
 656 00a6 DCE7     		b	.L120
 657              	.L127:
 658 00a8 1969     		ldr	r1, [r3, #16]
 659 00aa 21F44071 		bic	r1, r1, #768
 660 00ae 1961     		str	r1, [r3, #16]
 661 00b0 1969     		ldr	r1, [r3, #16]
 662 00b2 41F48071 		orr	r1, r1, #256
 663 00b6 1961     		str	r1, [r3, #16]
 664 00b8 1969     		ldr	r1, [r3, #16]
 665 00ba BAB2     		uxth	r2, r7
 666 00bc 41F00101 		orr	r1, r1, #1
 667 00c0 1961     		str	r1, [r3, #16]
 668 00c2 3280     		strh	r2, [r6]	@ movhi
 669 00c4 CDE7     		b	.L120
 670              	.L130:
 671 00c6 00BF     		.align	2
 672              	.L129:
 673 00c8 00000000 		.word	pFlash
 674 00cc 003C0240 		.word	1073888256
 676              		.global	pFlash
 677              		.section	.bss.pFlash,"aw",%nobits
 678              		.align	2
 681              	pFlash:
 682 0000 00000000 		.space	32
 682      00000000 
 682      00000000 
 682      00000000 
 682      00000000 
 683              		.ident	"GCC: (xPack GNU Arm Embedded GCC arm64) 13.3.1 20240614"
ARM GAS  /var/folders/lp/x54gwt890xv47sdkqj1k04q40000gn/T//ccdEmvQQ.s 			page 13


DEFINED SYMBOLS
                            *ABS*:00000000 stm32f4xx_hal_flash.c
/var/folders/lp/x54gwt890xv47sdkqj1k04q40000gn/T//ccdEmvQQ.s:18     .text.FLASH_SetErrorCode:00000000 $t
/var/folders/lp/x54gwt890xv47sdkqj1k04q40000gn/T//ccdEmvQQ.s:24     .text.FLASH_SetErrorCode:00000000 FLASH_SetErrorCode
/var/folders/lp/x54gwt890xv47sdkqj1k04q40000gn/T//ccdEmvQQ.s:87     .text.FLASH_SetErrorCode:00000070 $d
/var/folders/lp/x54gwt890xv47sdkqj1k04q40000gn/T//ccdEmvQQ.s:681    .bss.pFlash:00000000 pFlash
/var/folders/lp/x54gwt890xv47sdkqj1k04q40000gn/T//ccdEmvQQ.s:91     .text.HAL_FLASH_Program_IT:00000000 $t
/var/folders/lp/x54gwt890xv47sdkqj1k04q40000gn/T//ccdEmvQQ.s:98     .text.HAL_FLASH_Program_IT:00000000 HAL_FLASH_Program_IT
/var/folders/lp/x54gwt890xv47sdkqj1k04q40000gn/T//ccdEmvQQ.s:189    .text.HAL_FLASH_Program_IT:000000b0 $d
/var/folders/lp/x54gwt890xv47sdkqj1k04q40000gn/T//ccdEmvQQ.s:193    .text.HAL_FLASH_EndOfOperationCallback:00000000 $t
/var/folders/lp/x54gwt890xv47sdkqj1k04q40000gn/T//ccdEmvQQ.s:200    .text.HAL_FLASH_EndOfOperationCallback:00000000 HAL_FLASH_EndOfOperationCallback
/var/folders/lp/x54gwt890xv47sdkqj1k04q40000gn/T//ccdEmvQQ.s:207    .text.HAL_FLASH_OperationErrorCallback:00000000 $t
/var/folders/lp/x54gwt890xv47sdkqj1k04q40000gn/T//ccdEmvQQ.s:214    .text.HAL_FLASH_OperationErrorCallback:00000000 HAL_FLASH_OperationErrorCallback
/var/folders/lp/x54gwt890xv47sdkqj1k04q40000gn/T//ccdEmvQQ.s:221    .text.HAL_FLASH_IRQHandler:00000000 $t
/var/folders/lp/x54gwt890xv47sdkqj1k04q40000gn/T//ccdEmvQQ.s:228    .text.HAL_FLASH_IRQHandler:00000000 HAL_FLASH_IRQHandler
/var/folders/lp/x54gwt890xv47sdkqj1k04q40000gn/T//ccdEmvQQ.s:322    .text.HAL_FLASH_IRQHandler:000000c0 $d
/var/folders/lp/x54gwt890xv47sdkqj1k04q40000gn/T//ccdEmvQQ.s:326    .text.HAL_FLASH_Unlock:00000000 $t
/var/folders/lp/x54gwt890xv47sdkqj1k04q40000gn/T//ccdEmvQQ.s:333    .text.HAL_FLASH_Unlock:00000000 HAL_FLASH_Unlock
/var/folders/lp/x54gwt890xv47sdkqj1k04q40000gn/T//ccdEmvQQ.s:354    .text.HAL_FLASH_Unlock:0000001c $d
/var/folders/lp/x54gwt890xv47sdkqj1k04q40000gn/T//ccdEmvQQ.s:359    .text.HAL_FLASH_Lock:00000000 $t
/var/folders/lp/x54gwt890xv47sdkqj1k04q40000gn/T//ccdEmvQQ.s:366    .text.HAL_FLASH_Lock:00000000 HAL_FLASH_Lock
/var/folders/lp/x54gwt890xv47sdkqj1k04q40000gn/T//ccdEmvQQ.s:379    .text.HAL_FLASH_Lock:00000010 $d
/var/folders/lp/x54gwt890xv47sdkqj1k04q40000gn/T//ccdEmvQQ.s:382    .text.HAL_FLASH_OB_Unlock:00000000 $t
/var/folders/lp/x54gwt890xv47sdkqj1k04q40000gn/T//ccdEmvQQ.s:389    .text.HAL_FLASH_OB_Unlock:00000000 HAL_FLASH_OB_Unlock
/var/folders/lp/x54gwt890xv47sdkqj1k04q40000gn/T//ccdEmvQQ.s:409    .text.HAL_FLASH_OB_Unlock:00000018 $d
/var/folders/lp/x54gwt890xv47sdkqj1k04q40000gn/T//ccdEmvQQ.s:414    .text.HAL_FLASH_OB_Lock:00000000 $t
/var/folders/lp/x54gwt890xv47sdkqj1k04q40000gn/T//ccdEmvQQ.s:421    .text.HAL_FLASH_OB_Lock:00000000 HAL_FLASH_OB_Lock
/var/folders/lp/x54gwt890xv47sdkqj1k04q40000gn/T//ccdEmvQQ.s:434    .text.HAL_FLASH_OB_Lock:00000010 $d
/var/folders/lp/x54gwt890xv47sdkqj1k04q40000gn/T//ccdEmvQQ.s:437    .text.HAL_FLASH_OB_Launch:00000000 $t
/var/folders/lp/x54gwt890xv47sdkqj1k04q40000gn/T//ccdEmvQQ.s:444    .text.HAL_FLASH_OB_Launch:00000000 HAL_FLASH_OB_Launch
/var/folders/lp/x54gwt890xv47sdkqj1k04q40000gn/T//ccdEmvQQ.s:488    .text.HAL_FLASH_OB_Launch:00000050 $d
/var/folders/lp/x54gwt890xv47sdkqj1k04q40000gn/T//ccdEmvQQ.s:492    .text.HAL_FLASH_GetError:00000000 $t
/var/folders/lp/x54gwt890xv47sdkqj1k04q40000gn/T//ccdEmvQQ.s:499    .text.HAL_FLASH_GetError:00000000 HAL_FLASH_GetError
/var/folders/lp/x54gwt890xv47sdkqj1k04q40000gn/T//ccdEmvQQ.s:509    .text.HAL_FLASH_GetError:00000008 $d
/var/folders/lp/x54gwt890xv47sdkqj1k04q40000gn/T//ccdEmvQQ.s:512    .text.FLASH_WaitForLastOperation:00000000 $t
/var/folders/lp/x54gwt890xv47sdkqj1k04q40000gn/T//ccdEmvQQ.s:519    .text.FLASH_WaitForLastOperation:00000000 FLASH_WaitForLastOperation
/var/folders/lp/x54gwt890xv47sdkqj1k04q40000gn/T//ccdEmvQQ.s:569    .text.FLASH_WaitForLastOperation:00000054 $d
/var/folders/lp/x54gwt890xv47sdkqj1k04q40000gn/T//ccdEmvQQ.s:573    .text.HAL_FLASH_Program:00000000 $t
/var/folders/lp/x54gwt890xv47sdkqj1k04q40000gn/T//ccdEmvQQ.s:580    .text.HAL_FLASH_Program:00000000 HAL_FLASH_Program
/var/folders/lp/x54gwt890xv47sdkqj1k04q40000gn/T//ccdEmvQQ.s:673    .text.HAL_FLASH_Program:000000c8 $d
/var/folders/lp/x54gwt890xv47sdkqj1k04q40000gn/T//ccdEmvQQ.s:678    .bss.pFlash:00000000 $d

UNDEFINED SYMBOLS
FLASH_Erase_Sector
FLASH_FlushCaches
HAL_GetTick
