ARM GAS  /var/folders/lp/x54gwt890xv47sdkqj1k04q40000gn/T//ccov1BFh.s 			page 1


   1              		.cpu cortex-m4
   2              		.arch armv7e-m
   3              		.fpu fpv4-sp-d16
   4              		.eabi_attribute 27, 1
   5              		.eabi_attribute 28, 1
   6              		.eabi_attribute 20, 1
   7              		.eabi_attribute 21, 1
   8              		.eabi_attribute 23, 3
   9              		.eabi_attribute 24, 1
  10              		.eabi_attribute 25, 1
  11              		.eabi_attribute 26, 1
  12              		.eabi_attribute 30, 2
  13              		.eabi_attribute 34, 1
  14              		.eabi_attribute 18, 4
  15              		.file	"stm32f4xx_hal_cortex.c"
  16              		.text
  17              		.section	.text.HAL_NVIC_SetPriorityGrouping,"ax",%progbits
  18              		.align	1
  19              		.p2align 2,,3
  20              		.global	HAL_NVIC_SetPriorityGrouping
  21              		.syntax unified
  22              		.thumb
  23              		.thumb_func
  25              	HAL_NVIC_SetPriorityGrouping:
  26              		@ args = 0, pretend = 0, frame = 0
  27              		@ frame_needed = 0, uses_anonymous_args = 0
  28              		@ link register save eliminated.
  29 0000 0749     		ldr	r1, .L3
  30 0002 CA68     		ldr	r2, [r1, #12]
  31 0004 0302     		lsls	r3, r0, #8
  32 0006 4FF6FF00 		movw	r0, #63743
  33 000a 03F4E063 		and	r3, r3, #1792
  34 000e 0240     		ands	r2, r2, r0
  35 0010 1343     		orrs	r3, r3, r2
  36 0012 43F0BF63 		orr	r3, r3, #100139008
  37 0016 43F40033 		orr	r3, r3, #131072
  38 001a CB60     		str	r3, [r1, #12]
  39 001c 7047     		bx	lr
  40              	.L4:
  41 001e 00BF     		.align	2
  42              	.L3:
  43 0020 00ED00E0 		.word	-536810240
  45              		.section	.text.HAL_NVIC_SetPriority,"ax",%progbits
  46              		.align	1
  47              		.p2align 2,,3
  48              		.global	HAL_NVIC_SetPriority
  49              		.syntax unified
  50              		.thumb
  51              		.thumb_func
  53              	HAL_NVIC_SetPriority:
  54              		@ args = 0, pretend = 0, frame = 0
  55              		@ frame_needed = 0, uses_anonymous_args = 0
  56 0000 1B4B     		ldr	r3, .L11
  57 0002 DB68     		ldr	r3, [r3, #12]
  58 0004 C3F30223 		ubfx	r3, r3, #8, #3
  59 0008 00B5     		push	{lr}
  60 000a C3F1070E 		rsb	lr, r3, #7
ARM GAS  /var/folders/lp/x54gwt890xv47sdkqj1k04q40000gn/T//ccov1BFh.s 			page 2


  61 000e BEF1040F 		cmp	lr, #4
  62 0012 03F1040C 		add	ip, r3, #4
  63 0016 28BF     		it	cs
  64 0018 4FF0040E 		movcs	lr, #4
  65 001c BCF1060F 		cmp	ip, #6
  66 0020 1CD9     		bls	.L9
  67 0022 A3F1030C 		sub	ip, r3, #3
  68 0026 4FF0FF33 		mov	r3, #-1
  69 002a 03FA0CF3 		lsl	r3, r3, ip
  70 002e 22EA0302 		bic	r2, r2, r3
  71              	.L6:
  72 0032 4FF0FF33 		mov	r3, #-1
  73 0036 03FA0EF3 		lsl	r3, r3, lr
  74 003a 21EA0303 		bic	r3, r1, r3
  75 003e 03FA0CF3 		lsl	r3, r3, ip
  76 0042 1343     		orrs	r3, r3, r2
  77 0044 1B01     		lsls	r3, r3, #4
  78 0046 0028     		cmp	r0, #0
  79 0048 DBB2     		uxtb	r3, r3
  80 004a 0ADB     		blt	.L7
  81 004c 00F16040 		add	r0, r0, #-536870912
  82 0050 00F56140 		add	r0, r0, #57600
  83 0054 80F80033 		strb	r3, [r0, #768]
  84 0058 5DF804FB 		ldr	pc, [sp], #4
  85              	.L9:
  86 005c 0022     		movs	r2, #0
  87 005e 9446     		mov	ip, r2
  88 0060 E7E7     		b	.L6
  89              	.L7:
  90 0062 044A     		ldr	r2, .L11+4
  91 0064 00F00F00 		and	r0, r0, #15
  92 0068 0244     		add	r2, r2, r0
  93 006a 1376     		strb	r3, [r2, #24]
  94 006c 5DF804FB 		ldr	pc, [sp], #4
  95              	.L12:
  96              		.align	2
  97              	.L11:
  98 0070 00ED00E0 		.word	-536810240
  99 0074 FCEC00E0 		.word	-536810244
 101              		.section	.text.HAL_NVIC_EnableIRQ,"ax",%progbits
 102              		.align	1
 103              		.p2align 2,,3
 104              		.global	HAL_NVIC_EnableIRQ
 105              		.syntax unified
 106              		.thumb
 107              		.thumb_func
 109              	HAL_NVIC_EnableIRQ:
 110              		@ args = 0, pretend = 0, frame = 0
 111              		@ frame_needed = 0, uses_anonymous_args = 0
 112              		@ link register save eliminated.
 113 0000 0028     		cmp	r0, #0
 114 0002 07DB     		blt	.L13
 115 0004 4109     		lsrs	r1, r0, #5
 116 0006 044A     		ldr	r2, .L15
 117 0008 00F01F00 		and	r0, r0, #31
 118 000c 0123     		movs	r3, #1
 119 000e 8340     		lsls	r3, r3, r0
ARM GAS  /var/folders/lp/x54gwt890xv47sdkqj1k04q40000gn/T//ccov1BFh.s 			page 3


 120 0010 42F82130 		str	r3, [r2, r1, lsl #2]
 121              	.L13:
 122 0014 7047     		bx	lr
 123              	.L16:
 124 0016 00BF     		.align	2
 125              	.L15:
 126 0018 00E100E0 		.word	-536813312
 128              		.section	.text.HAL_NVIC_DisableIRQ,"ax",%progbits
 129              		.align	1
 130              		.p2align 2,,3
 131              		.global	HAL_NVIC_DisableIRQ
 132              		.syntax unified
 133              		.thumb
 134              		.thumb_func
 136              	HAL_NVIC_DisableIRQ:
 137              		@ args = 0, pretend = 0, frame = 0
 138              		@ frame_needed = 0, uses_anonymous_args = 0
 139              		@ link register save eliminated.
 140 0000 0028     		cmp	r0, #0
 141 0002 0CDB     		blt	.L17
 142 0004 4309     		lsrs	r3, r0, #5
 143 0006 0649     		ldr	r1, .L19
 144 0008 00F01F00 		and	r0, r0, #31
 145 000c 2033     		adds	r3, r3, #32
 146 000e 0122     		movs	r2, #1
 147 0010 8240     		lsls	r2, r2, r0
 148 0012 41F82320 		str	r2, [r1, r3, lsl #2]
 149              		.syntax unified
 150              	@ 879 "Drivers/CMSIS/Include/cmsis_gcc.h" 1
 151 0016 BFF34F8F 		dsb 0xF
 152              	@ 0 "" 2
 153              	@ 868 "Drivers/CMSIS/Include/cmsis_gcc.h" 1
 154 001a BFF36F8F 		isb 0xF
 155              	@ 0 "" 2
 156              		.thumb
 157              		.syntax unified
 158              	.L17:
 159 001e 7047     		bx	lr
 160              	.L20:
 161              		.align	2
 162              	.L19:
 163 0020 00E100E0 		.word	-536813312
 165              		.section	.text.HAL_NVIC_SystemReset,"ax",%progbits
 166              		.align	1
 167              		.p2align 2,,3
 168              		.global	HAL_NVIC_SystemReset
 169              		.syntax unified
 170              		.thumb
 171              		.thumb_func
 173              	HAL_NVIC_SystemReset:
 174              		@ Volatile: function does not return.
 175              		@ args = 0, pretend = 0, frame = 0
 176              		@ frame_needed = 0, uses_anonymous_args = 0
 177              		@ link register save eliminated.
 178              		.syntax unified
 179              	@ 879 "Drivers/CMSIS/Include/cmsis_gcc.h" 1
 180 0000 BFF34F8F 		dsb 0xF
ARM GAS  /var/folders/lp/x54gwt890xv47sdkqj1k04q40000gn/T//ccov1BFh.s 			page 4


 181              	@ 0 "" 2
 182              		.thumb
 183              		.syntax unified
 184 0004 0549     		ldr	r1, .L23
 185 0006 064B     		ldr	r3, .L23+4
 186 0008 CA68     		ldr	r2, [r1, #12]
 187 000a 02F4E062 		and	r2, r2, #1792
 188 000e 1343     		orrs	r3, r3, r2
 189 0010 CB60     		str	r3, [r1, #12]
 190              		.syntax unified
 191              	@ 879 "Drivers/CMSIS/Include/cmsis_gcc.h" 1
 192 0012 BFF34F8F 		dsb 0xF
 193              	@ 0 "" 2
 194              		.thumb
 195              		.syntax unified
 196              	.L22:
 197              		.syntax unified
 198              	@ 1950 "Drivers/CMSIS/Include/core_cm4.h" 1
 199 0016 00BF     		nop
 200              	@ 0 "" 2
 201              		.thumb
 202              		.syntax unified
 203 0018 FDE7     		b	.L22
 204              	.L24:
 205 001a 00BF     		.align	2
 206              	.L23:
 207 001c 00ED00E0 		.word	-536810240
 208 0020 0400FA05 		.word	100270084
 210              		.section	.text.HAL_SYSTICK_Config,"ax",%progbits
 211              		.align	1
 212              		.p2align 2,,3
 213              		.global	HAL_SYSTICK_Config
 214              		.syntax unified
 215              		.thumb
 216              		.thumb_func
 218              	HAL_SYSTICK_Config:
 219              		@ args = 0, pretend = 0, frame = 0
 220              		@ frame_needed = 0, uses_anonymous_args = 0
 221              		@ link register save eliminated.
 222 0000 0138     		subs	r0, r0, #1
 223 0002 B0F1807F 		cmp	r0, #16777216
 224 0006 01D3     		bcc	.L32
 225 0008 0120     		movs	r0, #1
 226 000a 7047     		bx	lr
 227              	.L32:
 228 000c 10B4     		push	{r4}
 229 000e 4FF0E023 		mov	r3, #-536813568
 230 0012 074C     		ldr	r4, .L33
 231 0014 5861     		str	r0, [r3, #20]
 232 0016 4FF0F00C 		mov	ip, #240
 233 001a 84F823C0 		strb	ip, [r4, #35]
 234 001e 0022     		movs	r2, #0
 235 0020 0721     		movs	r1, #7
 236 0022 1046     		mov	r0, r2
 237 0024 9A61     		str	r2, [r3, #24]
 238 0026 5DF8044B 		ldr	r4, [sp], #4
 239 002a 1961     		str	r1, [r3, #16]
ARM GAS  /var/folders/lp/x54gwt890xv47sdkqj1k04q40000gn/T//ccov1BFh.s 			page 5


 240 002c 7047     		bx	lr
 241              	.L34:
 242 002e 00BF     		.align	2
 243              	.L33:
 244 0030 00ED00E0 		.word	-536810240
 246              		.section	.text.HAL_MPU_Disable,"ax",%progbits
 247              		.align	1
 248              		.p2align 2,,3
 249              		.global	HAL_MPU_Disable
 250              		.syntax unified
 251              		.thumb
 252              		.thumb_func
 254              	HAL_MPU_Disable:
 255              		@ args = 0, pretend = 0, frame = 0
 256              		@ frame_needed = 0, uses_anonymous_args = 0
 257              		@ link register save eliminated.
 258              		.syntax unified
 259              	@ 890 "Drivers/CMSIS/Include/cmsis_gcc.h" 1
 260 0000 BFF35F8F 		dmb 0xF
 261              	@ 0 "" 2
 262              		.thumb
 263              		.syntax unified
 264 0004 044B     		ldr	r3, .L36
 265 0006 5A6A     		ldr	r2, [r3, #36]
 266 0008 0021     		movs	r1, #0
 267 000a 22F48032 		bic	r2, r2, #65536
 268 000e 5A62     		str	r2, [r3, #36]
 269 0010 C3F89410 		str	r1, [r3, #148]
 270 0014 7047     		bx	lr
 271              	.L37:
 272 0016 00BF     		.align	2
 273              	.L36:
 274 0018 00ED00E0 		.word	-536810240
 276              		.section	.text.HAL_MPU_Enable,"ax",%progbits
 277              		.align	1
 278              		.p2align 2,,3
 279              		.global	HAL_MPU_Enable
 280              		.syntax unified
 281              		.thumb
 282              		.thumb_func
 284              	HAL_MPU_Enable:
 285              		@ args = 0, pretend = 0, frame = 0
 286              		@ frame_needed = 0, uses_anonymous_args = 0
 287              		@ link register save eliminated.
 288 0000 064B     		ldr	r3, .L39
 289 0002 40F00100 		orr	r0, r0, #1
 290 0006 C3F89400 		str	r0, [r3, #148]
 291 000a 5A6A     		ldr	r2, [r3, #36]
 292 000c 42F48032 		orr	r2, r2, #65536
 293 0010 5A62     		str	r2, [r3, #36]
 294              		.syntax unified
 295              	@ 879 "Drivers/CMSIS/Include/cmsis_gcc.h" 1
 296 0012 BFF34F8F 		dsb 0xF
 297              	@ 0 "" 2
 298              	@ 868 "Drivers/CMSIS/Include/cmsis_gcc.h" 1
 299 0016 BFF36F8F 		isb 0xF
 300              	@ 0 "" 2
ARM GAS  /var/folders/lp/x54gwt890xv47sdkqj1k04q40000gn/T//ccov1BFh.s 			page 6


 301              		.thumb
 302              		.syntax unified
 303 001a 7047     		bx	lr
 304              	.L40:
 305              		.align	2
 306              	.L39:
 307 001c 00ED00E0 		.word	-536810240
 309              		.section	.text.HAL_MPU_ConfigRegion,"ax",%progbits
 310              		.align	1
 311              		.p2align 2,,3
 312              		.global	HAL_MPU_ConfigRegion
 313              		.syntax unified
 314              		.thumb
 315              		.thumb_func
 317              	HAL_MPU_ConfigRegion:
 318              		@ args = 0, pretend = 0, frame = 0
 319              		@ frame_needed = 0, uses_anonymous_args = 0
 320 0000 1749     		ldr	r1, .L48
 321 0002 4378     		ldrb	r3, [r0, #1]	@ zero_extendqisi2
 322 0004 C1F89830 		str	r3, [r1, #152]
 323 0008 0278     		ldrb	r2, [r0]	@ zero_extendqisi2
 324 000a 22B3     		cbz	r2, .L42
 325 000c 4368     		ldr	r3, [r0, #4]
 326 000e 00B5     		push	{lr}
 327 0010 C1F89C30 		str	r3, [r1, #156]
 328 0014 C37A     		ldrb	r3, [r0, #11]	@ zero_extendqisi2
 329 0016 90F80CC0 		ldrb	ip, [r0, #12]	@ zero_extendqisi2
 330 001a 90F80FE0 		ldrb	lr, [r0, #15]	@ zero_extendqisi2
 331 001e 1B06     		lsls	r3, r3, #24
 332 0020 43EA0C73 		orr	r3, r3, ip, lsl #28
 333 0024 90F80AC0 		ldrb	ip, [r0, #10]	@ zero_extendqisi2
 334 0028 1343     		orrs	r3, r3, r2
 335 002a 43EACC43 		orr	r3, r3, ip, lsl #19
 336 002e 90F80DC0 		ldrb	ip, [r0, #13]	@ zero_extendqisi2
 337 0032 827B     		ldrb	r2, [r0, #14]	@ zero_extendqisi2
 338 0034 43EA8C43 		orr	r3, r3, ip, lsl #18
 339 0038 43EA4243 		orr	r3, r3, r2, lsl #17
 340 003c 90F809C0 		ldrb	ip, [r0, #9]	@ zero_extendqisi2
 341 0040 027A     		ldrb	r2, [r0, #8]	@ zero_extendqisi2
 342 0042 43EA0E43 		orr	r3, r3, lr, lsl #16
 343 0046 43EA0C23 		orr	r3, r3, ip, lsl #8
 344 004a 43EA4203 		orr	r3, r3, r2, lsl #1
 345 004e C1F8A030 		str	r3, [r1, #160]
 346 0052 5DF804FB 		ldr	pc, [sp], #4
 347              	.L42:
 348 0056 C1F89C20 		str	r2, [r1, #156]
 349 005a C1F8A020 		str	r2, [r1, #160]
 350 005e 7047     		bx	lr
 351              	.L49:
 352              		.align	2
 353              	.L48:
 354 0060 00ED00E0 		.word	-536810240
 356              		.section	.text.HAL_NVIC_GetPriorityGrouping,"ax",%progbits
 357              		.align	1
 358              		.p2align 2,,3
 359              		.global	HAL_NVIC_GetPriorityGrouping
 360              		.syntax unified
ARM GAS  /var/folders/lp/x54gwt890xv47sdkqj1k04q40000gn/T//ccov1BFh.s 			page 7


 361              		.thumb
 362              		.thumb_func
 364              	HAL_NVIC_GetPriorityGrouping:
 365              		@ args = 0, pretend = 0, frame = 0
 366              		@ frame_needed = 0, uses_anonymous_args = 0
 367              		@ link register save eliminated.
 368 0000 024B     		ldr	r3, .L51
 369 0002 D868     		ldr	r0, [r3, #12]
 370 0004 C0F30220 		ubfx	r0, r0, #8, #3
 371 0008 7047     		bx	lr
 372              	.L52:
 373 000a 00BF     		.align	2
 374              	.L51:
 375 000c 00ED00E0 		.word	-536810240
 377              		.section	.text.HAL_NVIC_GetPriority,"ax",%progbits
 378              		.align	1
 379              		.p2align 2,,3
 380              		.global	HAL_NVIC_GetPriority
 381              		.syntax unified
 382              		.thumb
 383              		.thumb_func
 385              	HAL_NVIC_GetPriority:
 386              		@ args = 0, pretend = 0, frame = 0
 387              		@ frame_needed = 0, uses_anonymous_args = 0
 388              		@ link register save eliminated.
 389 0000 0028     		cmp	r0, #0
 390 0002 10B4     		push	{r4}
 391 0004 27DB     		blt	.L54
 392 0006 00F16040 		add	r0, r0, #-536870912
 393 000a 00F56140 		add	r0, r0, #57600
 394 000e 90F80003 		ldrb	r0, [r0, #768]	@ zero_extendqisi2
 395 0012 0009     		lsrs	r0, r0, #4
 396              	.L55:
 397 0014 01F00701 		and	r1, r1, #7
 398 0018 C1F1070C 		rsb	ip, r1, #7
 399 001c BCF1040F 		cmp	ip, #4
 400 0020 01F10404 		add	r4, r1, #4
 401 0024 28BF     		it	cs
 402 0026 4FF0040C 		movcs	ip, #4
 403 002a 062C     		cmp	r4, #6
 404 002c 11D9     		bls	.L57
 405 002e 0339     		subs	r1, r1, #3
 406 0030 4FF0FF34 		mov	r4, #-1
 407 0034 8C40     		lsls	r4, r4, r1
 408 0036 20EA0404 		bic	r4, r0, r4
 409 003a C840     		lsrs	r0, r0, r1
 410              	.L56:
 411 003c 4FF0FF31 		mov	r1, #-1
 412 0040 01FA0CF1 		lsl	r1, r1, ip
 413 0044 20EA0100 		bic	r0, r0, r1
 414 0048 1060     		str	r0, [r2]
 415 004a 1C60     		str	r4, [r3]
 416 004c 5DF8044B 		ldr	r4, [sp], #4
 417 0050 7047     		bx	lr
 418              	.L57:
 419 0052 0024     		movs	r4, #0
 420 0054 F2E7     		b	.L56
ARM GAS  /var/folders/lp/x54gwt890xv47sdkqj1k04q40000gn/T//ccov1BFh.s 			page 8


 421              	.L54:
 422 0056 034C     		ldr	r4, .L59
 423 0058 00F00F00 		and	r0, r0, #15
 424 005c 0444     		add	r4, r4, r0
 425 005e 207E     		ldrb	r0, [r4, #24]	@ zero_extendqisi2
 426 0060 0009     		lsrs	r0, r0, #4
 427 0062 D7E7     		b	.L55
 428              	.L60:
 429              		.align	2
 430              	.L59:
 431 0064 FCEC00E0 		.word	-536810244
 433              		.section	.text.HAL_NVIC_SetPendingIRQ,"ax",%progbits
 434              		.align	1
 435              		.p2align 2,,3
 436              		.global	HAL_NVIC_SetPendingIRQ
 437              		.syntax unified
 438              		.thumb
 439              		.thumb_func
 441              	HAL_NVIC_SetPendingIRQ:
 442              		@ args = 0, pretend = 0, frame = 0
 443              		@ frame_needed = 0, uses_anonymous_args = 0
 444              		@ link register save eliminated.
 445 0000 0028     		cmp	r0, #0
 446 0002 08DB     		blt	.L61
 447 0004 4309     		lsrs	r3, r0, #5
 448 0006 0449     		ldr	r1, .L63
 449 0008 00F01F00 		and	r0, r0, #31
 450 000c 0122     		movs	r2, #1
 451 000e 4033     		adds	r3, r3, #64
 452 0010 8240     		lsls	r2, r2, r0
 453 0012 41F82320 		str	r2, [r1, r3, lsl #2]
 454              	.L61:
 455 0016 7047     		bx	lr
 456              	.L64:
 457              		.align	2
 458              	.L63:
 459 0018 00E100E0 		.word	-536813312
 461              		.section	.text.HAL_NVIC_GetPendingIRQ,"ax",%progbits
 462              		.align	1
 463              		.p2align 2,,3
 464              		.global	HAL_NVIC_GetPendingIRQ
 465              		.syntax unified
 466              		.thumb
 467              		.thumb_func
 469              	HAL_NVIC_GetPendingIRQ:
 470              		@ args = 0, pretend = 0, frame = 0
 471              		@ frame_needed = 0, uses_anonymous_args = 0
 472              		@ link register save eliminated.
 473 0000 0028     		cmp	r0, #0
 474 0002 0BDB     		blt	.L67
 475 0004 4309     		lsrs	r3, r0, #5
 476 0006 064A     		ldr	r2, .L68
 477 0008 4033     		adds	r3, r3, #64
 478 000a 00F01F00 		and	r0, r0, #31
 479 000e 52F82330 		ldr	r3, [r2, r3, lsl #2]
 480 0012 23FA00F0 		lsr	r0, r3, r0
 481 0016 00F00100 		and	r0, r0, #1
ARM GAS  /var/folders/lp/x54gwt890xv47sdkqj1k04q40000gn/T//ccov1BFh.s 			page 9


 482 001a 7047     		bx	lr
 483              	.L67:
 484 001c 0020     		movs	r0, #0
 485 001e 7047     		bx	lr
 486              	.L69:
 487              		.align	2
 488              	.L68:
 489 0020 00E100E0 		.word	-536813312
 491              		.section	.text.HAL_NVIC_ClearPendingIRQ,"ax",%progbits
 492              		.align	1
 493              		.p2align 2,,3
 494              		.global	HAL_NVIC_ClearPendingIRQ
 495              		.syntax unified
 496              		.thumb
 497              		.thumb_func
 499              	HAL_NVIC_ClearPendingIRQ:
 500              		@ args = 0, pretend = 0, frame = 0
 501              		@ frame_needed = 0, uses_anonymous_args = 0
 502              		@ link register save eliminated.
 503 0000 0028     		cmp	r0, #0
 504 0002 08DB     		blt	.L70
 505 0004 4309     		lsrs	r3, r0, #5
 506 0006 0449     		ldr	r1, .L72
 507 0008 00F01F00 		and	r0, r0, #31
 508 000c 0122     		movs	r2, #1
 509 000e 6033     		adds	r3, r3, #96
 510 0010 8240     		lsls	r2, r2, r0
 511 0012 41F82320 		str	r2, [r1, r3, lsl #2]
 512              	.L70:
 513 0016 7047     		bx	lr
 514              	.L73:
 515              		.align	2
 516              	.L72:
 517 0018 00E100E0 		.word	-536813312
 519              		.section	.text.HAL_NVIC_GetActive,"ax",%progbits
 520              		.align	1
 521              		.p2align 2,,3
 522              		.global	HAL_NVIC_GetActive
 523              		.syntax unified
 524              		.thumb
 525              		.thumb_func
 527              	HAL_NVIC_GetActive:
 528              		@ args = 0, pretend = 0, frame = 0
 529              		@ frame_needed = 0, uses_anonymous_args = 0
 530              		@ link register save eliminated.
 531 0000 0028     		cmp	r0, #0
 532 0002 0BDB     		blt	.L76
 533 0004 4309     		lsrs	r3, r0, #5
 534 0006 064A     		ldr	r2, .L77
 535 0008 8033     		adds	r3, r3, #128
 536 000a 00F01F00 		and	r0, r0, #31
 537 000e 52F82330 		ldr	r3, [r2, r3, lsl #2]
 538 0012 23FA00F0 		lsr	r0, r3, r0
 539 0016 00F00100 		and	r0, r0, #1
 540 001a 7047     		bx	lr
 541              	.L76:
 542 001c 0020     		movs	r0, #0
ARM GAS  /var/folders/lp/x54gwt890xv47sdkqj1k04q40000gn/T//ccov1BFh.s 			page 10


 543 001e 7047     		bx	lr
 544              	.L78:
 545              		.align	2
 546              	.L77:
 547 0020 00E100E0 		.word	-536813312
 549              		.section	.text.HAL_SYSTICK_CLKSourceConfig,"ax",%progbits
 550              		.align	1
 551              		.p2align 2,,3
 552              		.global	HAL_SYSTICK_CLKSourceConfig
 553              		.syntax unified
 554              		.thumb
 555              		.thumb_func
 557              	HAL_SYSTICK_CLKSourceConfig:
 558              		@ args = 0, pretend = 0, frame = 0
 559              		@ frame_needed = 0, uses_anonymous_args = 0
 560              		@ link register save eliminated.
 561 0000 4FF0E022 		mov	r2, #-536813568
 562 0004 0428     		cmp	r0, #4
 563 0006 1369     		ldr	r3, [r2, #16]
 564 0008 0CBF     		ite	eq
 565 000a 43F00403 		orreq	r3, r3, #4
 566 000e 23F00403 		bicne	r3, r3, #4
 567 0012 1361     		str	r3, [r2, #16]
 568 0014 7047     		bx	lr
 570 0016 00BF     		.section	.text.HAL_SYSTICK_Callback,"ax",%progbits
 571              		.align	1
 572              		.p2align 2,,3
 573              		.weak	HAL_SYSTICK_Callback
 574              		.syntax unified
 575              		.thumb
 576              		.thumb_func
 578              	HAL_SYSTICK_Callback:
 579              		@ args = 0, pretend = 0, frame = 0
 580              		@ frame_needed = 0, uses_anonymous_args = 0
 581              		@ link register save eliminated.
 582 0000 7047     		bx	lr
 584 0002 00BF     		.section	.text.HAL_SYSTICK_IRQHandler,"ax",%progbits
 585              		.align	1
 586              		.p2align 2,,3
 587              		.global	HAL_SYSTICK_IRQHandler
 588              		.syntax unified
 589              		.thumb
 590              		.thumb_func
 592              	HAL_SYSTICK_IRQHandler:
 593              		@ args = 0, pretend = 0, frame = 0
 594              		@ frame_needed = 0, uses_anonymous_args = 0
 595 0000 08B5     		push	{r3, lr}
 596 0002 FFF7FEFF 		bl	HAL_SYSTICK_Callback
 597 0006 08BD     		pop	{r3, pc}
 599              		.ident	"GCC: (xPack GNU Arm Embedded GCC arm64) 13.3.1 20240614"
ARM GAS  /var/folders/lp/x54gwt890xv47sdkqj1k04q40000gn/T//ccov1BFh.s 			page 11


DEFINED SYMBOLS
                            *ABS*:00000000 stm32f4xx_hal_cortex.c
/var/folders/lp/x54gwt890xv47sdkqj1k04q40000gn/T//ccov1BFh.s:18     .text.HAL_NVIC_SetPriorityGrouping:00000000 $t
/var/folders/lp/x54gwt890xv47sdkqj1k04q40000gn/T//ccov1BFh.s:25     .text.HAL_NVIC_SetPriorityGrouping:00000000 HAL_NVIC_SetPriorityGrouping
/var/folders/lp/x54gwt890xv47sdkqj1k04q40000gn/T//ccov1BFh.s:43     .text.HAL_NVIC_SetPriorityGrouping:00000020 $d
/var/folders/lp/x54gwt890xv47sdkqj1k04q40000gn/T//ccov1BFh.s:46     .text.HAL_NVIC_SetPriority:00000000 $t
/var/folders/lp/x54gwt890xv47sdkqj1k04q40000gn/T//ccov1BFh.s:53     .text.HAL_NVIC_SetPriority:00000000 HAL_NVIC_SetPriority
/var/folders/lp/x54gwt890xv47sdkqj1k04q40000gn/T//ccov1BFh.s:98     .text.HAL_NVIC_SetPriority:00000070 $d
/var/folders/lp/x54gwt890xv47sdkqj1k04q40000gn/T//ccov1BFh.s:102    .text.HAL_NVIC_EnableIRQ:00000000 $t
/var/folders/lp/x54gwt890xv47sdkqj1k04q40000gn/T//ccov1BFh.s:109    .text.HAL_NVIC_EnableIRQ:00000000 HAL_NVIC_EnableIRQ
/var/folders/lp/x54gwt890xv47sdkqj1k04q40000gn/T//ccov1BFh.s:126    .text.HAL_NVIC_EnableIRQ:00000018 $d
/var/folders/lp/x54gwt890xv47sdkqj1k04q40000gn/T//ccov1BFh.s:129    .text.HAL_NVIC_DisableIRQ:00000000 $t
/var/folders/lp/x54gwt890xv47sdkqj1k04q40000gn/T//ccov1BFh.s:136    .text.HAL_NVIC_DisableIRQ:00000000 HAL_NVIC_DisableIRQ
/var/folders/lp/x54gwt890xv47sdkqj1k04q40000gn/T//ccov1BFh.s:163    .text.HAL_NVIC_DisableIRQ:00000020 $d
/var/folders/lp/x54gwt890xv47sdkqj1k04q40000gn/T//ccov1BFh.s:166    .text.HAL_NVIC_SystemReset:00000000 $t
/var/folders/lp/x54gwt890xv47sdkqj1k04q40000gn/T//ccov1BFh.s:173    .text.HAL_NVIC_SystemReset:00000000 HAL_NVIC_SystemReset
/var/folders/lp/x54gwt890xv47sdkqj1k04q40000gn/T//ccov1BFh.s:207    .text.HAL_NVIC_SystemReset:0000001c $d
/var/folders/lp/x54gwt890xv47sdkqj1k04q40000gn/T//ccov1BFh.s:211    .text.HAL_SYSTICK_Config:00000000 $t
/var/folders/lp/x54gwt890xv47sdkqj1k04q40000gn/T//ccov1BFh.s:218    .text.HAL_SYSTICK_Config:00000000 HAL_SYSTICK_Config
/var/folders/lp/x54gwt890xv47sdkqj1k04q40000gn/T//ccov1BFh.s:244    .text.HAL_SYSTICK_Config:00000030 $d
/var/folders/lp/x54gwt890xv47sdkqj1k04q40000gn/T//ccov1BFh.s:247    .text.HAL_MPU_Disable:00000000 $t
/var/folders/lp/x54gwt890xv47sdkqj1k04q40000gn/T//ccov1BFh.s:254    .text.HAL_MPU_Disable:00000000 HAL_MPU_Disable
/var/folders/lp/x54gwt890xv47sdkqj1k04q40000gn/T//ccov1BFh.s:274    .text.HAL_MPU_Disable:00000018 $d
/var/folders/lp/x54gwt890xv47sdkqj1k04q40000gn/T//ccov1BFh.s:277    .text.HAL_MPU_Enable:00000000 $t
/var/folders/lp/x54gwt890xv47sdkqj1k04q40000gn/T//ccov1BFh.s:284    .text.HAL_MPU_Enable:00000000 HAL_MPU_Enable
/var/folders/lp/x54gwt890xv47sdkqj1k04q40000gn/T//ccov1BFh.s:307    .text.HAL_MPU_Enable:0000001c $d
/var/folders/lp/x54gwt890xv47sdkqj1k04q40000gn/T//ccov1BFh.s:310    .text.HAL_MPU_ConfigRegion:00000000 $t
/var/folders/lp/x54gwt890xv47sdkqj1k04q40000gn/T//ccov1BFh.s:317    .text.HAL_MPU_ConfigRegion:00000000 HAL_MPU_ConfigRegion
/var/folders/lp/x54gwt890xv47sdkqj1k04q40000gn/T//ccov1BFh.s:354    .text.HAL_MPU_ConfigRegion:00000060 $d
/var/folders/lp/x54gwt890xv47sdkqj1k04q40000gn/T//ccov1BFh.s:357    .text.HAL_NVIC_GetPriorityGrouping:00000000 $t
/var/folders/lp/x54gwt890xv47sdkqj1k04q40000gn/T//ccov1BFh.s:364    .text.HAL_NVIC_GetPriorityGrouping:00000000 HAL_NVIC_GetPriorityGrouping
/var/folders/lp/x54gwt890xv47sdkqj1k04q40000gn/T//ccov1BFh.s:375    .text.HAL_NVIC_GetPriorityGrouping:0000000c $d
/var/folders/lp/x54gwt890xv47sdkqj1k04q40000gn/T//ccov1BFh.s:378    .text.HAL_NVIC_GetPriority:00000000 $t
/var/folders/lp/x54gwt890xv47sdkqj1k04q40000gn/T//ccov1BFh.s:385    .text.HAL_NVIC_GetPriority:00000000 HAL_NVIC_GetPriority
/var/folders/lp/x54gwt890xv47sdkqj1k04q40000gn/T//ccov1BFh.s:431    .text.HAL_NVIC_GetPriority:00000064 $d
/var/folders/lp/x54gwt890xv47sdkqj1k04q40000gn/T//ccov1BFh.s:434    .text.HAL_NVIC_SetPendingIRQ:00000000 $t
/var/folders/lp/x54gwt890xv47sdkqj1k04q40000gn/T//ccov1BFh.s:441    .text.HAL_NVIC_SetPendingIRQ:00000000 HAL_NVIC_SetPendingIRQ
/var/folders/lp/x54gwt890xv47sdkqj1k04q40000gn/T//ccov1BFh.s:459    .text.HAL_NVIC_SetPendingIRQ:00000018 $d
/var/folders/lp/x54gwt890xv47sdkqj1k04q40000gn/T//ccov1BFh.s:462    .text.HAL_NVIC_GetPendingIRQ:00000000 $t
/var/folders/lp/x54gwt890xv47sdkqj1k04q40000gn/T//ccov1BFh.s:469    .text.HAL_NVIC_GetPendingIRQ:00000000 HAL_NVIC_GetPendingIRQ
/var/folders/lp/x54gwt890xv47sdkqj1k04q40000gn/T//ccov1BFh.s:489    .text.HAL_NVIC_GetPendingIRQ:00000020 $d
/var/folders/lp/x54gwt890xv47sdkqj1k04q40000gn/T//ccov1BFh.s:492    .text.HAL_NVIC_ClearPendingIRQ:00000000 $t
/var/folders/lp/x54gwt890xv47sdkqj1k04q40000gn/T//ccov1BFh.s:499    .text.HAL_NVIC_ClearPendingIRQ:00000000 HAL_NVIC_ClearPendingIRQ
/var/folders/lp/x54gwt890xv47sdkqj1k04q40000gn/T//ccov1BFh.s:517    .text.HAL_NVIC_ClearPendingIRQ:00000018 $d
/var/folders/lp/x54gwt890xv47sdkqj1k04q40000gn/T//ccov1BFh.s:520    .text.HAL_NVIC_GetActive:00000000 $t
/var/folders/lp/x54gwt890xv47sdkqj1k04q40000gn/T//ccov1BFh.s:527    .text.HAL_NVIC_GetActive:00000000 HAL_NVIC_GetActive
/var/folders/lp/x54gwt890xv47sdkqj1k04q40000gn/T//ccov1BFh.s:547    .text.HAL_NVIC_GetActive:00000020 $d
/var/folders/lp/x54gwt890xv47sdkqj1k04q40000gn/T//ccov1BFh.s:550    .text.HAL_SYSTICK_CLKSourceConfig:00000000 $t
/var/folders/lp/x54gwt890xv47sdkqj1k04q40000gn/T//ccov1BFh.s:557    .text.HAL_SYSTICK_CLKSourceConfig:00000000 HAL_SYSTICK_CLKSourceConfig
/var/folders/lp/x54gwt890xv47sdkqj1k04q40000gn/T//ccov1BFh.s:571    .text.HAL_SYSTICK_Callback:00000000 $t
/var/folders/lp/x54gwt890xv47sdkqj1k04q40000gn/T//ccov1BFh.s:578    .text.HAL_SYSTICK_Callback:00000000 HAL_SYSTICK_Callback
/var/folders/lp/x54gwt890xv47sdkqj1k04q40000gn/T//ccov1BFh.s:585    .text.HAL_SYSTICK_IRQHandler:00000000 $t
/var/folders/lp/x54gwt890xv47sdkqj1k04q40000gn/T//ccov1BFh.s:592    .text.HAL_SYSTICK_IRQHandler:00000000 HAL_SYSTICK_IRQHandler

NO UNDEFINED SYMBOLS
