ARM GAS  /var/folders/lp/x54gwt890xv47sdkqj1k04q40000gn/T//ccaaYNNG.s 			page 1


   1              		.cpu cortex-m4
   2              		.arch armv7e-m
   3              		.fpu fpv4-sp-d16
   4              		.eabi_attribute 27, 1
   5              		.eabi_attribute 28, 1
   6              		.eabi_attribute 20, 1
   7              		.eabi_attribute 21, 1
   8              		.eabi_attribute 23, 3
   9              		.eabi_attribute 24, 1
  10              		.eabi_attribute 25, 1
  11              		.eabi_attribute 26, 1
  12              		.eabi_attribute 30, 2
  13              		.eabi_attribute 34, 1
  14              		.eabi_attribute 18, 4
  15              		.file	"stm32f4xx_hal_pwr.c"
  16              		.text
  17              		.section	.text.HAL_PWR_DeInit,"ax",%progbits
  18              		.align	1
  19              		.p2align 2,,3
  20              		.global	HAL_PWR_DeInit
  21              		.syntax unified
  22              		.thumb
  23              		.thumb_func
  25              	HAL_PWR_DeInit:
  26              		@ args = 0, pretend = 0, frame = 0
  27              		@ frame_needed = 0, uses_anonymous_args = 0
  28              		@ link register save eliminated.
  29 0000 044B     		ldr	r3, .L3
  30 0002 1A6A     		ldr	r2, [r3, #32]
  31 0004 42F08052 		orr	r2, r2, #268435456
  32 0008 1A62     		str	r2, [r3, #32]
  33 000a 1A6A     		ldr	r2, [r3, #32]
  34 000c 22F08052 		bic	r2, r2, #268435456
  35 0010 1A62     		str	r2, [r3, #32]
  36 0012 7047     		bx	lr
  37              	.L4:
  38              		.align	2
  39              	.L3:
  40 0014 00380240 		.word	1073887232
  42              		.section	.text.HAL_PWR_EnableBkUpAccess,"ax",%progbits
  43              		.align	1
  44              		.p2align 2,,3
  45              		.global	HAL_PWR_EnableBkUpAccess
  46              		.syntax unified
  47              		.thumb
  48              		.thumb_func
  50              	HAL_PWR_EnableBkUpAccess:
  51              		@ args = 0, pretend = 0, frame = 8
  52              		@ frame_needed = 0, uses_anonymous_args = 0
  53              		@ link register save eliminated.
  54 0000 044A     		ldr	r2, .L7
  55 0002 054B     		ldr	r3, .L7+4
  56 0004 0121     		movs	r1, #1
  57 0006 82B0     		sub	sp, sp, #8
  58 0008 1162     		str	r1, [r2, #32]
  59 000a 1B68     		ldr	r3, [r3]
  60 000c 0193     		str	r3, [sp, #4]
ARM GAS  /var/folders/lp/x54gwt890xv47sdkqj1k04q40000gn/T//ccaaYNNG.s 			page 2


  61 000e 019B     		ldr	r3, [sp, #4]
  62 0010 02B0     		add	sp, sp, #8
  63              		@ sp needed
  64 0012 7047     		bx	lr
  65              	.L8:
  66              		.align	2
  67              	.L7:
  68 0014 00000E42 		.word	1108213760
  69 0018 00700040 		.word	1073770496
  71              		.section	.text.HAL_PWR_DisableBkUpAccess,"ax",%progbits
  72              		.align	1
  73              		.p2align 2,,3
  74              		.global	HAL_PWR_DisableBkUpAccess
  75              		.syntax unified
  76              		.thumb
  77              		.thumb_func
  79              	HAL_PWR_DisableBkUpAccess:
  80              		@ args = 0, pretend = 0, frame = 8
  81              		@ frame_needed = 0, uses_anonymous_args = 0
  82              		@ link register save eliminated.
  83 0000 044A     		ldr	r2, .L11
  84 0002 054B     		ldr	r3, .L11+4
  85 0004 0021     		movs	r1, #0
  86 0006 82B0     		sub	sp, sp, #8
  87 0008 1162     		str	r1, [r2, #32]
  88 000a 1B68     		ldr	r3, [r3]
  89 000c 0193     		str	r3, [sp, #4]
  90 000e 019B     		ldr	r3, [sp, #4]
  91 0010 02B0     		add	sp, sp, #8
  92              		@ sp needed
  93 0012 7047     		bx	lr
  94              	.L12:
  95              		.align	2
  96              	.L11:
  97 0014 00000E42 		.word	1108213760
  98 0018 00700040 		.word	1073770496
 100              		.section	.text.HAL_PWR_ConfigPVD,"ax",%progbits
 101              		.align	1
 102              		.p2align 2,,3
 103              		.global	HAL_PWR_ConfigPVD
 104              		.syntax unified
 105              		.thumb
 106              		.thumb_func
 108              	HAL_PWR_ConfigPVD:
 109              		@ args = 0, pretend = 0, frame = 0
 110              		@ frame_needed = 0, uses_anonymous_args = 0
 111              		@ link register save eliminated.
 112 0000 1B49     		ldr	r1, .L31
 113 0002 1C4B     		ldr	r3, .L31+4
 114 0004 0A68     		ldr	r2, [r1]
 115 0006 10B4     		push	{r4}
 116 0008 0468     		ldr	r4, [r0]
 117 000a 22F0E002 		bic	r2, r2, #224
 118 000e 2243     		orrs	r2, r2, r4
 119 0010 0A60     		str	r2, [r1]
 120 0012 5A68     		ldr	r2, [r3, #4]
 121 0014 22F48032 		bic	r2, r2, #65536
ARM GAS  /var/folders/lp/x54gwt890xv47sdkqj1k04q40000gn/T//ccaaYNNG.s 			page 3


 122 0018 5A60     		str	r2, [r3, #4]
 123 001a 1A68     		ldr	r2, [r3]
 124 001c 22F48032 		bic	r2, r2, #65536
 125 0020 1A60     		str	r2, [r3]
 126 0022 9A68     		ldr	r2, [r3, #8]
 127 0024 22F48032 		bic	r2, r2, #65536
 128 0028 9A60     		str	r2, [r3, #8]
 129 002a DA68     		ldr	r2, [r3, #12]
 130 002c 22F48032 		bic	r2, r2, #65536
 131 0030 DA60     		str	r2, [r3, #12]
 132 0032 4268     		ldr	r2, [r0, #4]
 133 0034 D403     		lsls	r4, r2, #15
 134 0036 03D5     		bpl	.L14
 135 0038 1968     		ldr	r1, [r3]
 136 003a 41F48031 		orr	r1, r1, #65536
 137 003e 1960     		str	r1, [r3]
 138              	.L14:
 139 0040 9003     		lsls	r0, r2, #14
 140 0042 04D5     		bpl	.L15
 141 0044 0B49     		ldr	r1, .L31+4
 142 0046 4B68     		ldr	r3, [r1, #4]
 143 0048 43F48033 		orr	r3, r3, #65536
 144 004c 4B60     		str	r3, [r1, #4]
 145              	.L15:
 146 004e D107     		lsls	r1, r2, #31
 147 0050 04D5     		bpl	.L16
 148 0052 0849     		ldr	r1, .L31+4
 149 0054 8B68     		ldr	r3, [r1, #8]
 150 0056 43F48033 		orr	r3, r3, #65536
 151 005a 8B60     		str	r3, [r1, #8]
 152              	.L16:
 153 005c 9307     		lsls	r3, r2, #30
 154 005e 04D5     		bpl	.L13
 155 0060 044A     		ldr	r2, .L31+4
 156 0062 D368     		ldr	r3, [r2, #12]
 157 0064 43F48033 		orr	r3, r3, #65536
 158 0068 D360     		str	r3, [r2, #12]
 159              	.L13:
 160 006a 5DF8044B 		ldr	r4, [sp], #4
 161 006e 7047     		bx	lr
 162              	.L32:
 163              		.align	2
 164              	.L31:
 165 0070 00700040 		.word	1073770496
 166 0074 003C0140 		.word	1073822720
 168              		.section	.text.HAL_PWR_EnablePVD,"ax",%progbits
 169              		.align	1
 170              		.p2align 2,,3
 171              		.global	HAL_PWR_EnablePVD
 172              		.syntax unified
 173              		.thumb
 174              		.thumb_func
 176              	HAL_PWR_EnablePVD:
 177              		@ args = 0, pretend = 0, frame = 0
 178              		@ frame_needed = 0, uses_anonymous_args = 0
 179              		@ link register save eliminated.
 180 0000 014B     		ldr	r3, .L34
ARM GAS  /var/folders/lp/x54gwt890xv47sdkqj1k04q40000gn/T//ccaaYNNG.s 			page 4


 181 0002 0122     		movs	r2, #1
 182 0004 1A61     		str	r2, [r3, #16]
 183 0006 7047     		bx	lr
 184              	.L35:
 185              		.align	2
 186              	.L34:
 187 0008 00000E42 		.word	1108213760
 189              		.section	.text.HAL_PWR_DisablePVD,"ax",%progbits
 190              		.align	1
 191              		.p2align 2,,3
 192              		.global	HAL_PWR_DisablePVD
 193              		.syntax unified
 194              		.thumb
 195              		.thumb_func
 197              	HAL_PWR_DisablePVD:
 198              		@ args = 0, pretend = 0, frame = 0
 199              		@ frame_needed = 0, uses_anonymous_args = 0
 200              		@ link register save eliminated.
 201 0000 014B     		ldr	r3, .L37
 202 0002 0022     		movs	r2, #0
 203 0004 1A61     		str	r2, [r3, #16]
 204 0006 7047     		bx	lr
 205              	.L38:
 206              		.align	2
 207              	.L37:
 208 0008 00000E42 		.word	1108213760
 210              		.section	.text.HAL_PWR_EnableWakeUpPin,"ax",%progbits
 211              		.align	1
 212              		.p2align 2,,3
 213              		.global	HAL_PWR_EnableWakeUpPin
 214              		.syntax unified
 215              		.thumb
 216              		.thumb_func
 218              	HAL_PWR_EnableWakeUpPin:
 219              		@ args = 0, pretend = 0, frame = 0
 220              		@ frame_needed = 0, uses_anonymous_args = 0
 221              		@ link register save eliminated.
 222 0000 024A     		ldr	r2, .L40
 223 0002 5368     		ldr	r3, [r2, #4]
 224 0004 0343     		orrs	r3, r3, r0
 225 0006 5360     		str	r3, [r2, #4]
 226 0008 7047     		bx	lr
 227              	.L41:
 228 000a 00BF     		.align	2
 229              	.L40:
 230 000c 00700040 		.word	1073770496
 232              		.section	.text.HAL_PWR_DisableWakeUpPin,"ax",%progbits
 233              		.align	1
 234              		.p2align 2,,3
 235              		.global	HAL_PWR_DisableWakeUpPin
 236              		.syntax unified
 237              		.thumb
 238              		.thumb_func
 240              	HAL_PWR_DisableWakeUpPin:
 241              		@ args = 0, pretend = 0, frame = 0
 242              		@ frame_needed = 0, uses_anonymous_args = 0
 243              		@ link register save eliminated.
ARM GAS  /var/folders/lp/x54gwt890xv47sdkqj1k04q40000gn/T//ccaaYNNG.s 			page 5


 244 0000 024A     		ldr	r2, .L43
 245 0002 5368     		ldr	r3, [r2, #4]
 246 0004 23EA0003 		bic	r3, r3, r0
 247 0008 5360     		str	r3, [r2, #4]
 248 000a 7047     		bx	lr
 249              	.L44:
 250              		.align	2
 251              	.L43:
 252 000c 00700040 		.word	1073770496
 254              		.section	.text.HAL_PWR_EnterSLEEPMode,"ax",%progbits
 255              		.align	1
 256              		.p2align 2,,3
 257              		.global	HAL_PWR_EnterSLEEPMode
 258              		.syntax unified
 259              		.thumb
 260              		.thumb_func
 262              	HAL_PWR_EnterSLEEPMode:
 263              		@ args = 0, pretend = 0, frame = 0
 264              		@ frame_needed = 0, uses_anonymous_args = 0
 265              		@ link register save eliminated.
 266 0000 064A     		ldr	r2, .L49
 267 0002 1369     		ldr	r3, [r2, #16]
 268 0004 0129     		cmp	r1, #1
 269 0006 23F00403 		bic	r3, r3, #4
 270 000a 1361     		str	r3, [r2, #16]
 271 000c 03D0     		beq	.L48
 272              		.syntax unified
 273              	@ 397 "Drivers/STM32F4xx_HAL_Driver/Src/stm32f4xx_hal_pwr.c" 1
 274 000e 40BF     		sev
 275              	@ 0 "" 2
 276              	@ 398 "Drivers/STM32F4xx_HAL_Driver/Src/stm32f4xx_hal_pwr.c" 1
 277 0010 20BF     		wfe
 278              	@ 0 "" 2
 279              	@ 399 "Drivers/STM32F4xx_HAL_Driver/Src/stm32f4xx_hal_pwr.c" 1
 280 0012 20BF     		wfe
 281              	@ 0 "" 2
 282              		.thumb
 283              		.syntax unified
 284 0014 7047     		bx	lr
 285              	.L48:
 286              		.syntax unified
 287              	@ 392 "Drivers/STM32F4xx_HAL_Driver/Src/stm32f4xx_hal_pwr.c" 1
 288 0016 30BF     		wfi
 289              	@ 0 "" 2
 290              		.thumb
 291              		.syntax unified
 292 0018 7047     		bx	lr
 293              	.L50:
 294 001a 00BF     		.align	2
 295              	.L49:
 296 001c 00ED00E0 		.word	-536810240
 298              		.section	.text.HAL_PWR_EnterSTOPMode,"ax",%progbits
 299              		.align	1
 300              		.p2align 2,,3
 301              		.global	HAL_PWR_EnterSTOPMode
 302              		.syntax unified
 303              		.thumb
ARM GAS  /var/folders/lp/x54gwt890xv47sdkqj1k04q40000gn/T//ccaaYNNG.s 			page 6


 304              		.thumb_func
 306              	HAL_PWR_EnterSTOPMode:
 307              		@ args = 0, pretend = 0, frame = 0
 308              		@ frame_needed = 0, uses_anonymous_args = 0
 309              		@ link register save eliminated.
 310 0000 10B4     		push	{r4}
 311 0002 0D4C     		ldr	r4, .L56
 312 0004 0D4A     		ldr	r2, .L56+4
 313 0006 2368     		ldr	r3, [r4]
 314 0008 23F00303 		bic	r3, r3, #3
 315 000c 0343     		orrs	r3, r3, r0
 316 000e 2360     		str	r3, [r4]
 317 0010 1369     		ldr	r3, [r2, #16]
 318 0012 0129     		cmp	r1, #1
 319 0014 43F00403 		orr	r3, r3, #4
 320 0018 1361     		str	r3, [r2, #16]
 321 001a 0AD0     		beq	.L55
 322              		.syntax unified
 323              	@ 443 "Drivers/STM32F4xx_HAL_Driver/Src/stm32f4xx_hal_pwr.c" 1
 324 001c 40BF     		sev
 325              	@ 0 "" 2
 326              	@ 444 "Drivers/STM32F4xx_HAL_Driver/Src/stm32f4xx_hal_pwr.c" 1
 327 001e 20BF     		wfe
 328              	@ 0 "" 2
 329              	@ 445 "Drivers/STM32F4xx_HAL_Driver/Src/stm32f4xx_hal_pwr.c" 1
 330 0020 20BF     		wfe
 331              	@ 0 "" 2
 332              		.thumb
 333              		.syntax unified
 334              	.L53:
 335 0022 064A     		ldr	r2, .L56+4
 336 0024 5DF8044B 		ldr	r4, [sp], #4
 337 0028 1369     		ldr	r3, [r2, #16]
 338 002a 23F00403 		bic	r3, r3, #4
 339 002e 1361     		str	r3, [r2, #16]
 340 0030 7047     		bx	lr
 341              	.L55:
 342              		.syntax unified
 343              	@ 438 "Drivers/STM32F4xx_HAL_Driver/Src/stm32f4xx_hal_pwr.c" 1
 344 0032 30BF     		wfi
 345              	@ 0 "" 2
 346              		.thumb
 347              		.syntax unified
 348 0034 F5E7     		b	.L53
 349              	.L57:
 350 0036 00BF     		.align	2
 351              	.L56:
 352 0038 00700040 		.word	1073770496
 353 003c 00ED00E0 		.word	-536810240
 355              		.section	.text.HAL_PWR_EnterSTANDBYMode,"ax",%progbits
 356              		.align	1
 357              		.p2align 2,,3
 358              		.global	HAL_PWR_EnterSTANDBYMode
 359              		.syntax unified
 360              		.thumb
 361              		.thumb_func
 363              	HAL_PWR_EnterSTANDBYMode:
ARM GAS  /var/folders/lp/x54gwt890xv47sdkqj1k04q40000gn/T//ccaaYNNG.s 			page 7


 364              		@ args = 0, pretend = 0, frame = 0
 365              		@ frame_needed = 0, uses_anonymous_args = 0
 366              		@ link register save eliminated.
 367 0000 0549     		ldr	r1, .L59
 368 0002 064A     		ldr	r2, .L59+4
 369 0004 0B68     		ldr	r3, [r1]
 370 0006 43F00203 		orr	r3, r3, #2
 371 000a 0B60     		str	r3, [r1]
 372 000c 1369     		ldr	r3, [r2, #16]
 373 000e 43F00403 		orr	r3, r3, #4
 374 0012 1361     		str	r3, [r2, #16]
 375              		.syntax unified
 376              	@ 474 "Drivers/STM32F4xx_HAL_Driver/Src/stm32f4xx_hal_pwr.c" 1
 377 0014 30BF     		wfi
 378              	@ 0 "" 2
 379              		.thumb
 380              		.syntax unified
 381 0016 7047     		bx	lr
 382              	.L60:
 383              		.align	2
 384              	.L59:
 385 0018 00700040 		.word	1073770496
 386 001c 00ED00E0 		.word	-536810240
 388              		.section	.text.HAL_PWR_PVDCallback,"ax",%progbits
 389              		.align	1
 390              		.p2align 2,,3
 391              		.weak	HAL_PWR_PVDCallback
 392              		.syntax unified
 393              		.thumb
 394              		.thumb_func
 396              	HAL_PWR_PVDCallback:
 397              		@ args = 0, pretend = 0, frame = 0
 398              		@ frame_needed = 0, uses_anonymous_args = 0
 399              		@ link register save eliminated.
 400 0000 7047     		bx	lr
 402 0002 00BF     		.section	.text.HAL_PWR_PVD_IRQHandler,"ax",%progbits
 403              		.align	1
 404              		.p2align 2,,3
 405              		.global	HAL_PWR_PVD_IRQHandler
 406              		.syntax unified
 407              		.thumb
 408              		.thumb_func
 410              	HAL_PWR_PVD_IRQHandler:
 411              		@ args = 0, pretend = 0, frame = 0
 412              		@ frame_needed = 0, uses_anonymous_args = 0
 413 0000 10B5     		push	{r4, lr}
 414 0002 054C     		ldr	r4, .L69
 415 0004 6369     		ldr	r3, [r4, #20]
 416 0006 DB03     		lsls	r3, r3, #15
 417 0008 00D4     		bmi	.L68
 418 000a 10BD     		pop	{r4, pc}
 419              	.L68:
 420 000c FFF7FEFF 		bl	HAL_PWR_PVDCallback
 421 0010 4FF48033 		mov	r3, #65536
 422 0014 6361     		str	r3, [r4, #20]
 423 0016 10BD     		pop	{r4, pc}
 424              	.L70:
ARM GAS  /var/folders/lp/x54gwt890xv47sdkqj1k04q40000gn/T//ccaaYNNG.s 			page 8


 425              		.align	2
 426              	.L69:
 427 0018 003C0140 		.word	1073822720
 429              		.section	.text.HAL_PWR_EnableSleepOnExit,"ax",%progbits
 430              		.align	1
 431              		.p2align 2,,3
 432              		.global	HAL_PWR_EnableSleepOnExit
 433              		.syntax unified
 434              		.thumb
 435              		.thumb_func
 437              	HAL_PWR_EnableSleepOnExit:
 438              		@ args = 0, pretend = 0, frame = 0
 439              		@ frame_needed = 0, uses_anonymous_args = 0
 440              		@ link register save eliminated.
 441 0000 024A     		ldr	r2, .L72
 442 0002 1369     		ldr	r3, [r2, #16]
 443 0004 43F00203 		orr	r3, r3, #2
 444 0008 1361     		str	r3, [r2, #16]
 445 000a 7047     		bx	lr
 446              	.L73:
 447              		.align	2
 448              	.L72:
 449 000c 00ED00E0 		.word	-536810240
 451              		.section	.text.HAL_PWR_DisableSleepOnExit,"ax",%progbits
 452              		.align	1
 453              		.p2align 2,,3
 454              		.global	HAL_PWR_DisableSleepOnExit
 455              		.syntax unified
 456              		.thumb
 457              		.thumb_func
 459              	HAL_PWR_DisableSleepOnExit:
 460              		@ args = 0, pretend = 0, frame = 0
 461              		@ frame_needed = 0, uses_anonymous_args = 0
 462              		@ link register save eliminated.
 463 0000 024A     		ldr	r2, .L75
 464 0002 1369     		ldr	r3, [r2, #16]
 465 0004 23F00203 		bic	r3, r3, #2
 466 0008 1361     		str	r3, [r2, #16]
 467 000a 7047     		bx	lr
 468              	.L76:
 469              		.align	2
 470              	.L75:
 471 000c 00ED00E0 		.word	-536810240
 473              		.section	.text.HAL_PWR_EnableSEVOnPend,"ax",%progbits
 474              		.align	1
 475              		.p2align 2,,3
 476              		.global	HAL_PWR_EnableSEVOnPend
 477              		.syntax unified
 478              		.thumb
 479              		.thumb_func
 481              	HAL_PWR_EnableSEVOnPend:
 482              		@ args = 0, pretend = 0, frame = 0
 483              		@ frame_needed = 0, uses_anonymous_args = 0
 484              		@ link register save eliminated.
 485 0000 024A     		ldr	r2, .L78
 486 0002 1369     		ldr	r3, [r2, #16]
 487 0004 43F01003 		orr	r3, r3, #16
ARM GAS  /var/folders/lp/x54gwt890xv47sdkqj1k04q40000gn/T//ccaaYNNG.s 			page 9


 488 0008 1361     		str	r3, [r2, #16]
 489 000a 7047     		bx	lr
 490              	.L79:
 491              		.align	2
 492              	.L78:
 493 000c 00ED00E0 		.word	-536810240
 495              		.section	.text.HAL_PWR_DisableSEVOnPend,"ax",%progbits
 496              		.align	1
 497              		.p2align 2,,3
 498              		.global	HAL_PWR_DisableSEVOnPend
 499              		.syntax unified
 500              		.thumb
 501              		.thumb_func
 503              	HAL_PWR_DisableSEVOnPend:
 504              		@ args = 0, pretend = 0, frame = 0
 505              		@ frame_needed = 0, uses_anonymous_args = 0
 506              		@ link register save eliminated.
 507 0000 024A     		ldr	r2, .L81
 508 0002 1369     		ldr	r3, [r2, #16]
 509 0004 23F01003 		bic	r3, r3, #16
 510 0008 1361     		str	r3, [r2, #16]
 511 000a 7047     		bx	lr
 512              	.L82:
 513              		.align	2
 514              	.L81:
 515 000c 00ED00E0 		.word	-536810240
 517              		.ident	"GCC: (xPack GNU Arm Embedded GCC arm64) 13.3.1 20240614"
ARM GAS  /var/folders/lp/x54gwt890xv47sdkqj1k04q40000gn/T//ccaaYNNG.s 			page 10


DEFINED SYMBOLS
                            *ABS*:00000000 stm32f4xx_hal_pwr.c
/var/folders/lp/x54gwt890xv47sdkqj1k04q40000gn/T//ccaaYNNG.s:18     .text.HAL_PWR_DeInit:00000000 $t
/var/folders/lp/x54gwt890xv47sdkqj1k04q40000gn/T//ccaaYNNG.s:25     .text.HAL_PWR_DeInit:00000000 HAL_PWR_DeInit
/var/folders/lp/x54gwt890xv47sdkqj1k04q40000gn/T//ccaaYNNG.s:40     .text.HAL_PWR_DeInit:00000014 $d
/var/folders/lp/x54gwt890xv47sdkqj1k04q40000gn/T//ccaaYNNG.s:43     .text.HAL_PWR_EnableBkUpAccess:00000000 $t
/var/folders/lp/x54gwt890xv47sdkqj1k04q40000gn/T//ccaaYNNG.s:50     .text.HAL_PWR_EnableBkUpAccess:00000000 HAL_PWR_EnableBkUpAccess
/var/folders/lp/x54gwt890xv47sdkqj1k04q40000gn/T//ccaaYNNG.s:68     .text.HAL_PWR_EnableBkUpAccess:00000014 $d
/var/folders/lp/x54gwt890xv47sdkqj1k04q40000gn/T//ccaaYNNG.s:72     .text.HAL_PWR_DisableBkUpAccess:00000000 $t
/var/folders/lp/x54gwt890xv47sdkqj1k04q40000gn/T//ccaaYNNG.s:79     .text.HAL_PWR_DisableBkUpAccess:00000000 HAL_PWR_DisableBkUpAccess
/var/folders/lp/x54gwt890xv47sdkqj1k04q40000gn/T//ccaaYNNG.s:97     .text.HAL_PWR_DisableBkUpAccess:00000014 $d
/var/folders/lp/x54gwt890xv47sdkqj1k04q40000gn/T//ccaaYNNG.s:101    .text.HAL_PWR_ConfigPVD:00000000 $t
/var/folders/lp/x54gwt890xv47sdkqj1k04q40000gn/T//ccaaYNNG.s:108    .text.HAL_PWR_ConfigPVD:00000000 HAL_PWR_ConfigPVD
/var/folders/lp/x54gwt890xv47sdkqj1k04q40000gn/T//ccaaYNNG.s:165    .text.HAL_PWR_ConfigPVD:00000070 $d
/var/folders/lp/x54gwt890xv47sdkqj1k04q40000gn/T//ccaaYNNG.s:169    .text.HAL_PWR_EnablePVD:00000000 $t
/var/folders/lp/x54gwt890xv47sdkqj1k04q40000gn/T//ccaaYNNG.s:176    .text.HAL_PWR_EnablePVD:00000000 HAL_PWR_EnablePVD
/var/folders/lp/x54gwt890xv47sdkqj1k04q40000gn/T//ccaaYNNG.s:187    .text.HAL_PWR_EnablePVD:00000008 $d
/var/folders/lp/x54gwt890xv47sdkqj1k04q40000gn/T//ccaaYNNG.s:190    .text.HAL_PWR_DisablePVD:00000000 $t
/var/folders/lp/x54gwt890xv47sdkqj1k04q40000gn/T//ccaaYNNG.s:197    .text.HAL_PWR_DisablePVD:00000000 HAL_PWR_DisablePVD
/var/folders/lp/x54gwt890xv47sdkqj1k04q40000gn/T//ccaaYNNG.s:208    .text.HAL_PWR_DisablePVD:00000008 $d
/var/folders/lp/x54gwt890xv47sdkqj1k04q40000gn/T//ccaaYNNG.s:211    .text.HAL_PWR_EnableWakeUpPin:00000000 $t
/var/folders/lp/x54gwt890xv47sdkqj1k04q40000gn/T//ccaaYNNG.s:218    .text.HAL_PWR_EnableWakeUpPin:00000000 HAL_PWR_EnableWakeUpPin
/var/folders/lp/x54gwt890xv47sdkqj1k04q40000gn/T//ccaaYNNG.s:230    .text.HAL_PWR_EnableWakeUpPin:0000000c $d
/var/folders/lp/x54gwt890xv47sdkqj1k04q40000gn/T//ccaaYNNG.s:233    .text.HAL_PWR_DisableWakeUpPin:00000000 $t
/var/folders/lp/x54gwt890xv47sdkqj1k04q40000gn/T//ccaaYNNG.s:240    .text.HAL_PWR_DisableWakeUpPin:00000000 HAL_PWR_DisableWakeUpPin
/var/folders/lp/x54gwt890xv47sdkqj1k04q40000gn/T//ccaaYNNG.s:252    .text.HAL_PWR_DisableWakeUpPin:0000000c $d
/var/folders/lp/x54gwt890xv47sdkqj1k04q40000gn/T//ccaaYNNG.s:255    .text.HAL_PWR_EnterSLEEPMode:00000000 $t
/var/folders/lp/x54gwt890xv47sdkqj1k04q40000gn/T//ccaaYNNG.s:262    .text.HAL_PWR_EnterSLEEPMode:00000000 HAL_PWR_EnterSLEEPMode
/var/folders/lp/x54gwt890xv47sdkqj1k04q40000gn/T//ccaaYNNG.s:296    .text.HAL_PWR_EnterSLEEPMode:0000001c $d
/var/folders/lp/x54gwt890xv47sdkqj1k04q40000gn/T//ccaaYNNG.s:299    .text.HAL_PWR_EnterSTOPMode:00000000 $t
/var/folders/lp/x54gwt890xv47sdkqj1k04q40000gn/T//ccaaYNNG.s:306    .text.HAL_PWR_EnterSTOPMode:00000000 HAL_PWR_EnterSTOPMode
/var/folders/lp/x54gwt890xv47sdkqj1k04q40000gn/T//ccaaYNNG.s:352    .text.HAL_PWR_EnterSTOPMode:00000038 $d
/var/folders/lp/x54gwt890xv47sdkqj1k04q40000gn/T//ccaaYNNG.s:356    .text.HAL_PWR_EnterSTANDBYMode:00000000 $t
/var/folders/lp/x54gwt890xv47sdkqj1k04q40000gn/T//ccaaYNNG.s:363    .text.HAL_PWR_EnterSTANDBYMode:00000000 HAL_PWR_EnterSTANDBYMode
/var/folders/lp/x54gwt890xv47sdkqj1k04q40000gn/T//ccaaYNNG.s:385    .text.HAL_PWR_EnterSTANDBYMode:00000018 $d
/var/folders/lp/x54gwt890xv47sdkqj1k04q40000gn/T//ccaaYNNG.s:389    .text.HAL_PWR_PVDCallback:00000000 $t
/var/folders/lp/x54gwt890xv47sdkqj1k04q40000gn/T//ccaaYNNG.s:396    .text.HAL_PWR_PVDCallback:00000000 HAL_PWR_PVDCallback
/var/folders/lp/x54gwt890xv47sdkqj1k04q40000gn/T//ccaaYNNG.s:403    .text.HAL_PWR_PVD_IRQHandler:00000000 $t
/var/folders/lp/x54gwt890xv47sdkqj1k04q40000gn/T//ccaaYNNG.s:410    .text.HAL_PWR_PVD_IRQHandler:00000000 HAL_PWR_PVD_IRQHandler
/var/folders/lp/x54gwt890xv47sdkqj1k04q40000gn/T//ccaaYNNG.s:427    .text.HAL_PWR_PVD_IRQHandler:00000018 $d
/var/folders/lp/x54gwt890xv47sdkqj1k04q40000gn/T//ccaaYNNG.s:430    .text.HAL_PWR_EnableSleepOnExit:00000000 $t
/var/folders/lp/x54gwt890xv47sdkqj1k04q40000gn/T//ccaaYNNG.s:437    .text.HAL_PWR_EnableSleepOnExit:00000000 HAL_PWR_EnableSleepOnExit
/var/folders/lp/x54gwt890xv47sdkqj1k04q40000gn/T//ccaaYNNG.s:449    .text.HAL_PWR_EnableSleepOnExit:0000000c $d
/var/folders/lp/x54gwt890xv47sdkqj1k04q40000gn/T//ccaaYNNG.s:452    .text.HAL_PWR_DisableSleepOnExit:00000000 $t
/var/folders/lp/x54gwt890xv47sdkqj1k04q40000gn/T//ccaaYNNG.s:459    .text.HAL_PWR_DisableSleepOnExit:00000000 HAL_PWR_DisableSleepOnExit
/var/folders/lp/x54gwt890xv47sdkqj1k04q40000gn/T//ccaaYNNG.s:471    .text.HAL_PWR_DisableSleepOnExit:0000000c $d
/var/folders/lp/x54gwt890xv47sdkqj1k04q40000gn/T//ccaaYNNG.s:474    .text.HAL_PWR_EnableSEVOnPend:00000000 $t
/var/folders/lp/x54gwt890xv47sdkqj1k04q40000gn/T//ccaaYNNG.s:481    .text.HAL_PWR_EnableSEVOnPend:00000000 HAL_PWR_EnableSEVOnPend
/var/folders/lp/x54gwt890xv47sdkqj1k04q40000gn/T//ccaaYNNG.s:493    .text.HAL_PWR_EnableSEVOnPend:0000000c $d
/var/folders/lp/x54gwt890xv47sdkqj1k04q40000gn/T//ccaaYNNG.s:496    .text.HAL_PWR_DisableSEVOnPend:00000000 $t
/var/folders/lp/x54gwt890xv47sdkqj1k04q40000gn/T//ccaaYNNG.s:503    .text.HAL_PWR_DisableSEVOnPend:00000000 HAL_PWR_DisableSEVOnPend
/var/folders/lp/x54gwt890xv47sdkqj1k04q40000gn/T//ccaaYNNG.s:515    .text.HAL_PWR_DisableSEVOnPend:0000000c $d

NO UNDEFINED SYMBOLS
