ARM GAS  /var/folders/lp/x54gwt890xv47sdkqj1k04q40000gn/T//ccOlsJiJ.s 			page 1


   1              		.cpu cortex-m4
   2              		.arch armv7e-m
   3              		.fpu fpv4-sp-d16
   4              		.eabi_attribute 27, 1
   5              		.eabi_attribute 28, 1
   6              		.eabi_attribute 20, 1
   7              		.eabi_attribute 21, 1
   8              		.eabi_attribute 23, 3
   9              		.eabi_attribute 24, 1
  10              		.eabi_attribute 25, 1
  11              		.eabi_attribute 26, 1
  12              		.eabi_attribute 30, 2
  13              		.eabi_attribute 34, 1
  14              		.eabi_attribute 18, 4
  15              		.file	"system_stm32f4xx.c"
  16              		.text
  17              		.section	.text.SystemInit,"ax",%progbits
  18              		.align	1
  19              		.p2align 2,,3
  20              		.global	SystemInit
  21              		.syntax unified
  22              		.thumb
  23              		.thumb_func
  25              	SystemInit:
  26              		@ args = 0, pretend = 0, frame = 0
  27              		@ frame_needed = 0, uses_anonymous_args = 0
  28              		@ link register save eliminated.
  29 0000 034A     		ldr	r2, .L3
  30 0002 D2F88830 		ldr	r3, [r2, #136]
  31 0006 43F47003 		orr	r3, r3, #15728640
  32 000a C2F88830 		str	r3, [r2, #136]
  33 000e 7047     		bx	lr
  34              	.L4:
  35              		.align	2
  36              	.L3:
  37 0010 00ED00E0 		.word	-536810240
  39              		.section	.text.SystemCoreClockUpdate,"ax",%progbits
  40              		.align	1
  41              		.p2align 2,,3
  42              		.global	SystemCoreClockUpdate
  43              		.syntax unified
  44              		.thumb
  45              		.thumb_func
  47              	SystemCoreClockUpdate:
  48              		@ args = 0, pretend = 0, frame = 0
  49              		@ frame_needed = 0, uses_anonymous_args = 0
  50              		@ link register save eliminated.
  51 0000 164A     		ldr	r2, .L12
  52 0002 9368     		ldr	r3, [r2, #8]
  53 0004 03F00C03 		and	r3, r3, #12
  54 0008 042B     		cmp	r3, #4
  55 000a 25D0     		beq	.L9
  56 000c 082B     		cmp	r3, #8
  57 000e 0AD0     		beq	.L11
  58 0010 134B     		ldr	r3, .L12+4
  59              	.L6:
  60 0012 124A     		ldr	r2, .L12
ARM GAS  /var/folders/lp/x54gwt890xv47sdkqj1k04q40000gn/T//ccOlsJiJ.s 			page 2


  61 0014 1348     		ldr	r0, .L12+8
  62 0016 9268     		ldr	r2, [r2, #8]
  63 0018 1349     		ldr	r1, .L12+12
  64 001a C2F30312 		ubfx	r2, r2, #4, #4
  65 001e 825C     		ldrb	r2, [r0, r2]	@ zero_extendqisi2
  66 0020 D340     		lsrs	r3, r3, r2
  67 0022 0B60     		str	r3, [r1]
  68 0024 7047     		bx	lr
  69              	.L11:
  70 0026 5368     		ldr	r3, [r2, #4]
  71 0028 5168     		ldr	r1, [r2, #4]
  72 002a 13F4800F 		tst	r3, #4194304
  73 002e 5368     		ldr	r3, [r2, #4]
  74 0030 14BF     		ite	ne
  75 0032 0E4A     		ldrne	r2, .L12+16
  76 0034 0A4A     		ldreq	r2, .L12+4
  77 0036 C3F38813 		ubfx	r3, r3, #6, #9
  78 003a 01F03F01 		and	r1, r1, #63
  79 003e B2FBF1F2 		udiv	r2, r2, r1
  80 0042 02FB03F3 		mul	r3, r2, r3
  81 0046 054A     		ldr	r2, .L12
  82 0048 5268     		ldr	r2, [r2, #4]
  83 004a C2F30142 		ubfx	r2, r2, #16, #2
  84 004e 0132     		adds	r2, r2, #1
  85 0050 5200     		lsls	r2, r2, #1
  86 0052 B3FBF2F3 		udiv	r3, r3, r2
  87 0056 DCE7     		b	.L6
  88              	.L9:
  89 0058 044B     		ldr	r3, .L12+16
  90 005a DAE7     		b	.L6
  91              	.L13:
  92              		.align	2
  93              	.L12:
  94 005c 00380240 		.word	1073887232
  95 0060 0024F400 		.word	16000000
  96 0064 00000000 		.word	AHBPrescTable
  97 0068 00000000 		.word	SystemCoreClock
  98 006c 00127A00 		.word	8000000
 100              		.global	APBPrescTable
 101              		.section	.rodata.APBPrescTable,"a"
 102              		.align	2
 105              	APBPrescTable:
 106 0000 00000000 		.ascii	"\000\000\000\000\001\002\003\004"
 106      01020304 
 107              		.global	AHBPrescTable
 108              		.section	.rodata.AHBPrescTable,"a"
 109              		.align	2
 112              	AHBPrescTable:
 113 0000 00000000 		.ascii	"\000\000\000\000\000\000\000\000\001\002\003\004\006"
 113      00000000 
 113      01020304 
 113      06
 114 000d 070809   		.ascii	"\007\010\011"
 115              		.global	SystemCoreClock
 116              		.section	.data.SystemCoreClock,"aw"
 117              		.align	2
 120              	SystemCoreClock:
ARM GAS  /var/folders/lp/x54gwt890xv47sdkqj1k04q40000gn/T//ccOlsJiJ.s 			page 3


 121 0000 0024F400 		.word	16000000
 122              		.ident	"GCC: (xPack GNU Arm Embedded GCC arm64) 13.3.1 20240614"
ARM GAS  /var/folders/lp/x54gwt890xv47sdkqj1k04q40000gn/T//ccOlsJiJ.s 			page 4


DEFINED SYMBOLS
                            *ABS*:00000000 system_stm32f4xx.c
/var/folders/lp/x54gwt890xv47sdkqj1k04q40000gn/T//ccOlsJiJ.s:18     .text.SystemInit:00000000 $t
/var/folders/lp/x54gwt890xv47sdkqj1k04q40000gn/T//ccOlsJiJ.s:25     .text.SystemInit:00000000 SystemInit
/var/folders/lp/x54gwt890xv47sdkqj1k04q40000gn/T//ccOlsJiJ.s:37     .text.SystemInit:00000010 $d
/var/folders/lp/x54gwt890xv47sdkqj1k04q40000gn/T//ccOlsJiJ.s:40     .text.SystemCoreClockUpdate:00000000 $t
/var/folders/lp/x54gwt890xv47sdkqj1k04q40000gn/T//ccOlsJiJ.s:47     .text.SystemCoreClockUpdate:00000000 SystemCoreClockUpdate
/var/folders/lp/x54gwt890xv47sdkqj1k04q40000gn/T//ccOlsJiJ.s:94     .text.SystemCoreClockUpdate:0000005c $d
/var/folders/lp/x54gwt890xv47sdkqj1k04q40000gn/T//ccOlsJiJ.s:112    .rodata.AHBPrescTable:00000000 AHBPrescTable
/var/folders/lp/x54gwt890xv47sdkqj1k04q40000gn/T//ccOlsJiJ.s:120    .data.SystemCoreClock:00000000 SystemCoreClock
/var/folders/lp/x54gwt890xv47sdkqj1k04q40000gn/T//ccOlsJiJ.s:105    .rodata.APBPrescTable:00000000 APBPrescTable
/var/folders/lp/x54gwt890xv47sdkqj1k04q40000gn/T//ccOlsJiJ.s:102    .rodata.APBPrescTable:00000000 $d
/var/folders/lp/x54gwt890xv47sdkqj1k04q40000gn/T//ccOlsJiJ.s:109    .rodata.AHBPrescTable:00000000 $d
/var/folders/lp/x54gwt890xv47sdkqj1k04q40000gn/T//ccOlsJiJ.s:117    .data.SystemCoreClock:00000000 $d

NO UNDEFINED SYMBOLS
