ARM GAS  /var/folders/lp/x54gwt890xv47sdkqj1k04q40000gn/T//ccfOtyOD.s 			page 1


   1              		.cpu cortex-m4
   2              		.arch armv7e-m
   3              		.fpu fpv4-sp-d16
   4              		.eabi_attribute 27, 1
   5              		.eabi_attribute 28, 1
   6              		.eabi_attribute 20, 1
   7              		.eabi_attribute 21, 1
   8              		.eabi_attribute 23, 3
   9              		.eabi_attribute 24, 1
  10              		.eabi_attribute 25, 1
  11              		.eabi_attribute 26, 1
  12              		.eabi_attribute 30, 2
  13              		.eabi_attribute 34, 1
  14              		.eabi_attribute 18, 4
  15              		.file	"tim.c"
  16              		.text
  17              		.section	.text.MX_TIM3_Init,"ax",%progbits
  18              		.align	1
  19              		.p2align 2,,3
  20              		.global	MX_TIM3_Init
  21              		.syntax unified
  22              		.thumb
  23              		.thumb_func
  25              	MX_TIM3_Init:
  26              		@ args = 0, pretend = 0, frame = 48
  27              		@ frame_needed = 0, uses_anonymous_args = 0
  28 0000 10B5     		push	{r4, lr}
  29 0002 8CB0     		sub	sp, sp, #48
  30 0004 2022     		movs	r2, #32
  31 0006 0021     		movs	r1, #0
  32 0008 04A8     		add	r0, sp, #16
  33 000a FFF7FEFF 		bl	memset
  34 000e 1448     		ldr	r0, .L14
  35 0010 144C     		ldr	r4, .L14+4
  36 0012 0460     		str	r4, [r0]
  37 0014 4FF6FF71 		movw	r1, #65535
  38 0018 C160     		str	r1, [r0, #12]
  39 001a 0321     		movs	r1, #3
  40 001c 0023     		movs	r3, #0
  41 001e 0122     		movs	r2, #1
  42 0020 0391     		str	r1, [sp, #12]
  43 0022 03A9     		add	r1, sp, #12
  44 0024 C0E90133 		strd	r3, r3, [r0, #4]
  45 0028 0093     		str	r3, [sp]
  46 002a 0361     		str	r3, [r0, #16]
  47 002c 8361     		str	r3, [r0, #24]
  48 002e 0193     		str	r3, [sp, #4]
  49 0030 0592     		str	r2, [sp, #20]
  50 0032 0992     		str	r2, [sp, #36]
  51 0034 FFF7FEFF 		bl	HAL_TIM_Encoder_Init
  52 0038 50B9     		cbnz	r0, .L12
  53              	.L2:
  54 003a 2022     		movs	r2, #32
  55 003c 0023     		movs	r3, #0
  56 003e 0848     		ldr	r0, .L14
  57 0040 6946     		mov	r1, sp
  58 0042 CDE90023 		strd	r2, [sp]
ARM GAS  /var/folders/lp/x54gwt890xv47sdkqj1k04q40000gn/T//ccfOtyOD.s 			page 2


  59 0046 FFF7FEFF 		bl	HAL_TIMEx_MasterConfigSynchronization
  60 004a 20B9     		cbnz	r0, .L13
  61 004c 0CB0     		add	sp, sp, #48
  62              		@ sp needed
  63 004e 10BD     		pop	{r4, pc}
  64              	.L12:
  65 0050 FFF7FEFF 		bl	Error_Handler
  66 0054 F1E7     		b	.L2
  67              	.L13:
  68 0056 FFF7FEFF 		bl	Error_Handler
  69 005a 0CB0     		add	sp, sp, #48
  70              		@ sp needed
  71 005c 10BD     		pop	{r4, pc}
  72              	.L15:
  73 005e 00BF     		.align	2
  74              	.L14:
  75 0060 00000000 		.word	htim3
  76 0064 00040040 		.word	1073742848
  78              		.section	.text.HAL_TIM_Encoder_MspInit,"ax",%progbits
  79              		.align	1
  80              		.p2align 2,,3
  81              		.global	HAL_TIM_Encoder_MspInit
  82              		.syntax unified
  83              		.thumb
  84              		.thumb_func
  86              	HAL_TIM_Encoder_MspInit:
  87              		@ args = 0, pretend = 0, frame = 32
  88              		@ frame_needed = 0, uses_anonymous_args = 0
  89 0000 30B5     		push	{r4, r5, lr}
  90 0002 1F4B     		ldr	r3, .L20+8
  91 0004 0268     		ldr	r2, [r0]
  92 0006 89B0     		sub	sp, sp, #36
  93 0008 0024     		movs	r4, #0
  94 000a 9A42     		cmp	r2, r3
  95 000c CDE90244 		strd	r4, r4, [sp, #8]
  96 0010 CDE90444 		strd	r4, r4, [sp, #16]
  97 0014 0694     		str	r4, [sp, #24]
  98 0016 01D0     		beq	.L19
  99 0018 09B0     		add	sp, sp, #36
 100              		@ sp needed
 101 001a 30BD     		pop	{r4, r5, pc}
 102              	.L19:
 103 001c 03F50D33 		add	r3, r3, #144384
 104 0020 0094     		str	r4, [sp]
 105 0022 1A6C     		ldr	r2, [r3, #64]
 106 0024 1748     		ldr	r0, .L20+12
 107 0026 42F00202 		orr	r2, r2, #2
 108 002a 1A64     		str	r2, [r3, #64]
 109 002c 1A6C     		ldr	r2, [r3, #64]
 110 002e 02F00202 		and	r2, r2, #2
 111 0032 0092     		str	r2, [sp]
 112 0034 009A     		ldr	r2, [sp]
 113 0036 0194     		str	r4, [sp, #4]
 114 0038 1A6B     		ldr	r2, [r3, #48]
 115 003a 42F00202 		orr	r2, r2, #2
 116 003e 1A63     		str	r2, [r3, #48]
 117 0040 1B6B     		ldr	r3, [r3, #48]
ARM GAS  /var/folders/lp/x54gwt890xv47sdkqj1k04q40000gn/T//ccfOtyOD.s 			page 3


 118 0042 9FED0D7B 		vldr.64	d7, .L20	@ int
 119 0046 03F00203 		and	r3, r3, #2
 120 004a 0193     		str	r3, [sp, #4]
 121 004c 02A9     		add	r1, sp, #8
 122 004e 0223     		movs	r3, #2
 123 0050 0122     		movs	r2, #1
 124 0052 8DED027B 		vstr.64	d7, [sp, #8]	@ int
 125 0056 0693     		str	r3, [sp, #24]
 126 0058 0492     		str	r2, [sp, #16]
 127 005a 019D     		ldr	r5, [sp, #4]
 128 005c FFF7FEFF 		bl	HAL_GPIO_Init
 129 0060 2246     		mov	r2, r4
 130 0062 2146     		mov	r1, r4
 131 0064 1D20     		movs	r0, #29
 132 0066 FFF7FEFF 		bl	HAL_NVIC_SetPriority
 133 006a 1D20     		movs	r0, #29
 134 006c FFF7FEFF 		bl	HAL_NVIC_EnableIRQ
 135 0070 09B0     		add	sp, sp, #36
 136              		@ sp needed
 137 0072 30BD     		pop	{r4, r5, pc}
 138              	.L21:
 139 0074 AFF30080 		.align	3
 140              	.L20:
 141 0078 30000000 		.word	48
 142 007c 02000000 		.word	2
 143 0080 00040040 		.word	1073742848
 144 0084 00040240 		.word	1073873920
 146              		.section	.text.HAL_TIM_Encoder_MspDeInit,"ax",%progbits
 147              		.align	1
 148              		.p2align 2,,3
 149              		.global	HAL_TIM_Encoder_MspDeInit
 150              		.syntax unified
 151              		.thumb
 152              		.thumb_func
 154              	HAL_TIM_Encoder_MspDeInit:
 155              		@ args = 0, pretend = 0, frame = 0
 156              		@ frame_needed = 0, uses_anonymous_args = 0
 157 0000 08B5     		push	{r3, lr}
 158 0002 0268     		ldr	r2, [r0]
 159 0004 084B     		ldr	r3, .L26
 160 0006 9A42     		cmp	r2, r3
 161 0008 00D0     		beq	.L25
 162 000a 08BD     		pop	{r3, pc}
 163              	.L25:
 164 000c 074A     		ldr	r2, .L26+4
 165 000e 0848     		ldr	r0, .L26+8
 166 0010 136C     		ldr	r3, [r2, #64]
 167 0012 23F00203 		bic	r3, r3, #2
 168 0016 1364     		str	r3, [r2, #64]
 169 0018 3021     		movs	r1, #48
 170 001a FFF7FEFF 		bl	HAL_GPIO_DeInit
 171 001e BDE80840 		pop	{r3, lr}
 172 0022 1D20     		movs	r0, #29
 173 0024 FFF7FEBF 		b	HAL_NVIC_DisableIRQ
 174              	.L27:
 175              		.align	2
 176              	.L26:
ARM GAS  /var/folders/lp/x54gwt890xv47sdkqj1k04q40000gn/T//ccfOtyOD.s 			page 4


 177 0028 00040040 		.word	1073742848
 178 002c 00380240 		.word	1073887232
 179 0030 00040240 		.word	1073873920
 181              		.global	htim3
 182              		.section	.bss.htim3,"aw",%nobits
 183              		.align	2
 186              	htim3:
 187 0000 00000000 		.space	72
 187      00000000 
 187      00000000 
 187      00000000 
 187      00000000 
 188              		.ident	"GCC: (xPack GNU Arm Embedded GCC arm64) 13.3.1 20240614"
ARM GAS  /var/folders/lp/x54gwt890xv47sdkqj1k04q40000gn/T//ccfOtyOD.s 			page 5


DEFINED SYMBOLS
                            *ABS*:00000000 tim.c
/var/folders/lp/x54gwt890xv47sdkqj1k04q40000gn/T//ccfOtyOD.s:18     .text.MX_TIM3_Init:00000000 $t
/var/folders/lp/x54gwt890xv47sdkqj1k04q40000gn/T//ccfOtyOD.s:25     .text.MX_TIM3_Init:00000000 MX_TIM3_Init
/var/folders/lp/x54gwt890xv47sdkqj1k04q40000gn/T//ccfOtyOD.s:75     .text.MX_TIM3_Init:00000060 $d
/var/folders/lp/x54gwt890xv47sdkqj1k04q40000gn/T//ccfOtyOD.s:186    .bss.htim3:00000000 htim3
/var/folders/lp/x54gwt890xv47sdkqj1k04q40000gn/T//ccfOtyOD.s:79     .text.HAL_TIM_Encoder_MspInit:00000000 $t
/var/folders/lp/x54gwt890xv47sdkqj1k04q40000gn/T//ccfOtyOD.s:86     .text.HAL_TIM_Encoder_MspInit:00000000 HAL_TIM_Encoder_MspInit
/var/folders/lp/x54gwt890xv47sdkqj1k04q40000gn/T//ccfOtyOD.s:141    .text.HAL_TIM_Encoder_MspInit:00000078 $d
/var/folders/lp/x54gwt890xv47sdkqj1k04q40000gn/T//ccfOtyOD.s:147    .text.HAL_TIM_Encoder_MspDeInit:00000000 $t
/var/folders/lp/x54gwt890xv47sdkqj1k04q40000gn/T//ccfOtyOD.s:154    .text.HAL_TIM_Encoder_MspDeInit:00000000 HAL_TIM_Encoder_MspDeInit
/var/folders/lp/x54gwt890xv47sdkqj1k04q40000gn/T//ccfOtyOD.s:177    .text.HAL_TIM_Encoder_MspDeInit:00000028 $d
/var/folders/lp/x54gwt890xv47sdkqj1k04q40000gn/T//ccfOtyOD.s:183    .bss.htim3:00000000 $d

UNDEFINED SYMBOLS
memset
HAL_TIM_Encoder_Init
HAL_TIMEx_MasterConfigSynchronization
Error_Handler
HAL_GPIO_Init
HAL_NVIC_SetPriority
HAL_NVIC_EnableIRQ
HAL_GPIO_DeInit
HAL_NVIC_DisableIRQ
