ARM GAS  /var/folders/lp/x54gwt890xv47sdkqj1k04q40000gn/T//ccp846qI.s 			page 1


   1              		.cpu cortex-m4
   2              		.arch armv7e-m
   3              		.fpu fpv4-sp-d16
   4              		.eabi_attribute 27, 1
   5              		.eabi_attribute 28, 1
   6              		.eabi_attribute 20, 1
   7              		.eabi_attribute 21, 1
   8              		.eabi_attribute 23, 3
   9              		.eabi_attribute 24, 1
  10              		.eabi_attribute 25, 1
  11              		.eabi_attribute 26, 1
  12              		.eabi_attribute 30, 2
  13              		.eabi_attribute 34, 1
  14              		.eabi_attribute 18, 4
  15              		.file	"i2s.c"
  16              		.text
  17              	.Ltext0:
  18              		.cfi_sections	.debug_frame
  19              		.file 1 "Core/Src/i2s.c"
  20              		.section	.text.MX_I2S3_Init,"ax",%progbits
  21              		.align	1
  22              		.p2align 2,,3
  23              		.global	MX_I2S3_Init
  24              		.syntax unified
  25              		.thumb
  26              		.thumb_func
  28              	MX_I2S3_Init:
  29              	.LFB242:
   1:Core/Src/i2s.c **** /* USER CODE BEGIN Header */
   2:Core/Src/i2s.c **** /**
   3:Core/Src/i2s.c ****   ******************************************************************************
   4:Core/Src/i2s.c ****   * @file    i2s.c
   5:Core/Src/i2s.c ****   * @brief   This file provides code for the configuration
   6:Core/Src/i2s.c ****   *          of the I2S instances.
   7:Core/Src/i2s.c ****   ******************************************************************************
   8:Core/Src/i2s.c ****   * @attention
   9:Core/Src/i2s.c ****   *
  10:Core/Src/i2s.c ****   * Copyright (c) 2023 STMicroelectronics.
  11:Core/Src/i2s.c ****   * All rights reserved.
  12:Core/Src/i2s.c ****   *
  13:Core/Src/i2s.c ****   * This software is licensed under terms that can be found in the LICENSE file
  14:Core/Src/i2s.c ****   * in the root directory of this software component.
  15:Core/Src/i2s.c ****   * If no LICENSE file comes with this software, it is provided AS-IS.
  16:Core/Src/i2s.c ****   *
  17:Core/Src/i2s.c ****   ******************************************************************************
  18:Core/Src/i2s.c ****   */
  19:Core/Src/i2s.c **** /* USER CODE END Header */
  20:Core/Src/i2s.c **** /* Includes ------------------------------------------------------------------*/
  21:Core/Src/i2s.c **** #include "i2s.h"
  22:Core/Src/i2s.c **** 
  23:Core/Src/i2s.c **** /* USER CODE BEGIN 0 */
  24:Core/Src/i2s.c **** 
  25:Core/Src/i2s.c **** /* USER CODE END 0 */
  26:Core/Src/i2s.c **** 
  27:Core/Src/i2s.c **** I2S_HandleTypeDef hi2s3;
  28:Core/Src/i2s.c **** 
  29:Core/Src/i2s.c **** /* I2S3 init function */
ARM GAS  /var/folders/lp/x54gwt890xv47sdkqj1k04q40000gn/T//ccp846qI.s 			page 2


  30:Core/Src/i2s.c **** void MX_I2S3_Init(void)
  31:Core/Src/i2s.c **** {
  30              		.loc 1 31 1 view -0
  31              		.cfi_startproc
  32              		@ args = 0, pretend = 0, frame = 0
  33              		@ frame_needed = 0, uses_anonymous_args = 0
  32:Core/Src/i2s.c **** 
  33:Core/Src/i2s.c ****   /* USER CODE BEGIN I2S3_Init 0 */
  34:Core/Src/i2s.c **** 
  35:Core/Src/i2s.c ****   /* USER CODE END I2S3_Init 0 */
  36:Core/Src/i2s.c **** 
  37:Core/Src/i2s.c ****   /* USER CODE BEGIN I2S3_Init 1 */
  38:Core/Src/i2s.c **** 
  39:Core/Src/i2s.c ****   /* USER CODE END I2S3_Init 1 */
  40:Core/Src/i2s.c ****   hi2s3.Instance = SPI3;
  34              		.loc 1 40 3 view .LVU1
  31:Core/Src/i2s.c **** 
  35              		.loc 1 31 1 is_stmt 0 view .LVU2
  36 0000 10B5     		push	{r4, lr}
  37              		.cfi_def_cfa_offset 8
  38              		.cfi_offset 4, -8
  39              		.cfi_offset 14, -4
  40              		.loc 1 40 18 view .LVU3
  41 0002 0C48     		ldr	r0, .L6
  42 0004 0C4C     		ldr	r4, .L6+4
  41:Core/Src/i2s.c ****   hi2s3.Init.Mode = I2S_MODE_MASTER_TX;
  43              		.loc 1 41 19 view .LVU4
  44 0006 0023     		movs	r3, #0
  45 0008 4FF40072 		mov	r2, #512
  46 000c 4BF68031 		movw	r1, #48000
  47 0010 C0E90042 		strd	r4, r2, [r0]
  48 0014 C0E90233 		strd	r3, r3, [r0, #8]
  49 0018 C0E90421 		strd	r2, r1, [r0, #16]
  50 001c C0E90633 		strd	r3, r3, [r0, #24]
  51 0020 0362     		str	r3, [r0, #32]
  42:Core/Src/i2s.c ****   hi2s3.Init.Standard = I2S_STANDARD_PHILIPS;
  43:Core/Src/i2s.c ****   hi2s3.Init.DataFormat = I2S_DATAFORMAT_16B;
  44:Core/Src/i2s.c ****   hi2s3.Init.MCLKOutput = I2S_MCLKOUTPUT_ENABLE;
  45:Core/Src/i2s.c ****   hi2s3.Init.AudioFreq = I2S_AUDIOFREQ_48K;
  46:Core/Src/i2s.c ****   hi2s3.Init.CPOL = I2S_CPOL_LOW;
  47:Core/Src/i2s.c ****   hi2s3.Init.ClockSource = I2S_CLOCK_PLL;
  48:Core/Src/i2s.c ****   hi2s3.Init.FullDuplexMode = I2S_FULLDUPLEXMODE_DISABLE;
  49:Core/Src/i2s.c ****   if (HAL_I2S_Init(&hi2s3) != HAL_OK)
  52              		.loc 1 49 3 is_stmt 1 view .LVU5
  53              		.loc 1 49 7 is_stmt 0 view .LVU6
  54 0022 FFF7FEFF 		bl	HAL_I2S_Init
  55              	.LVL0:
  56              		.loc 1 49 6 discriminator 1 view .LVU7
  57 0026 00B9     		cbnz	r0, .L5
  50:Core/Src/i2s.c ****   {
  51:Core/Src/i2s.c ****     Error_Handler();
  52:Core/Src/i2s.c ****   }
  53:Core/Src/i2s.c ****   /* USER CODE BEGIN I2S3_Init 2 */
  54:Core/Src/i2s.c **** 
  55:Core/Src/i2s.c ****   /* USER CODE END I2S3_Init 2 */
  56:Core/Src/i2s.c **** 
  57:Core/Src/i2s.c **** }
ARM GAS  /var/folders/lp/x54gwt890xv47sdkqj1k04q40000gn/T//ccp846qI.s 			page 3


  58              		.loc 1 57 1 view .LVU8
  59 0028 10BD     		pop	{r4, pc}
  60              	.L5:
  51:Core/Src/i2s.c ****   }
  61              		.loc 1 51 5 is_stmt 1 view .LVU9
  62              		.loc 1 57 1 is_stmt 0 view .LVU10
  63 002a BDE81040 		pop	{r4, lr}
  64              		.cfi_restore 14
  65              		.cfi_restore 4
  66              		.cfi_def_cfa_offset 0
  51:Core/Src/i2s.c ****   }
  67              		.loc 1 51 5 view .LVU11
  68 002e FFF7FEBF 		b	Error_Handler
  69              	.LVL1:
  70              	.L7:
  71 0032 00BF     		.align	2
  72              	.L6:
  73 0034 00000000 		.word	hi2s3
  74 0038 003C0040 		.word	1073757184
  75              		.cfi_endproc
  76              	.LFE242:
  78              		.section	.text.HAL_I2S_MspInit,"ax",%progbits
  79              		.align	1
  80              		.p2align 2,,3
  81              		.global	HAL_I2S_MspInit
  82              		.syntax unified
  83              		.thumb
  84              		.thumb_func
  86              	HAL_I2S_MspInit:
  87              	.LVL2:
  88              	.LFB243:
  58:Core/Src/i2s.c **** 
  59:Core/Src/i2s.c **** void HAL_I2S_MspInit(I2S_HandleTypeDef* i2sHandle)
  60:Core/Src/i2s.c **** {
  89              		.loc 1 60 1 is_stmt 1 view -0
  90              		.cfi_startproc
  91              		@ args = 0, pretend = 0, frame = 56
  92              		@ frame_needed = 0, uses_anonymous_args = 0
  61:Core/Src/i2s.c **** 
  62:Core/Src/i2s.c ****   GPIO_InitTypeDef GPIO_InitStruct = {0};
  93              		.loc 1 62 3 view .LVU13
  60:Core/Src/i2s.c **** 
  94              		.loc 1 60 1 is_stmt 0 view .LVU14
  95 0000 70B5     		push	{r4, r5, r6, lr}
  96              		.cfi_def_cfa_offset 16
  97              		.cfi_offset 4, -16
  98              		.cfi_offset 5, -12
  99              		.cfi_offset 6, -8
 100              		.cfi_offset 14, -4
  63:Core/Src/i2s.c ****   RCC_PeriphCLKInitTypeDef PeriphClkInitStruct = {0};
  64:Core/Src/i2s.c ****   if(i2sHandle->Instance==SPI3)
 101              		.loc 1 64 5 view .LVU15
 102 0002 2A4A     		ldr	r2, .L17
 103 0004 0168     		ldr	r1, [r0]
  60:Core/Src/i2s.c **** 
 104              		.loc 1 60 1 view .LVU16
 105 0006 8EB0     		sub	sp, sp, #56
ARM GAS  /var/folders/lp/x54gwt890xv47sdkqj1k04q40000gn/T//ccp846qI.s 			page 4


 106              		.cfi_def_cfa_offset 72
  62:Core/Src/i2s.c ****   RCC_PeriphCLKInitTypeDef PeriphClkInitStruct = {0};
 107              		.loc 1 62 20 view .LVU17
 108 0008 0023     		movs	r3, #0
 109              		.loc 1 64 5 view .LVU18
 110 000a 9142     		cmp	r1, r2
  62:Core/Src/i2s.c ****   RCC_PeriphCLKInitTypeDef PeriphClkInitStruct = {0};
 111              		.loc 1 62 20 view .LVU19
 112 000c CDE90933 		strd	r3, r3, [sp, #36]
 113 0010 CDE90B33 		strd	r3, r3, [sp, #44]
 114 0014 0D93     		str	r3, [sp, #52]
  63:Core/Src/i2s.c ****   RCC_PeriphCLKInitTypeDef PeriphClkInitStruct = {0};
 115              		.loc 1 63 3 is_stmt 1 view .LVU20
  63:Core/Src/i2s.c ****   RCC_PeriphCLKInitTypeDef PeriphClkInitStruct = {0};
 116              		.loc 1 63 28 is_stmt 0 view .LVU21
 117 0016 0793     		str	r3, [sp, #28]
 118              		.loc 1 64 3 is_stmt 1 view .LVU22
 119              		.loc 1 64 5 is_stmt 0 view .LVU23
 120 0018 01D0     		beq	.L15
  65:Core/Src/i2s.c ****   {
  66:Core/Src/i2s.c ****   /* USER CODE BEGIN SPI3_MspInit 0 */
  67:Core/Src/i2s.c **** 
  68:Core/Src/i2s.c ****   /* USER CODE END SPI3_MspInit 0 */
  69:Core/Src/i2s.c **** 
  70:Core/Src/i2s.c ****   /** Initializes the peripherals clock
  71:Core/Src/i2s.c ****   */
  72:Core/Src/i2s.c ****     PeriphClkInitStruct.PeriphClockSelection = RCC_PERIPHCLK_I2S;
  73:Core/Src/i2s.c ****     PeriphClkInitStruct.PLLI2S.PLLI2SN = 203;
  74:Core/Src/i2s.c ****     PeriphClkInitStruct.PLLI2S.PLLI2SR = 2;
  75:Core/Src/i2s.c ****     if (HAL_RCCEx_PeriphCLKConfig(&PeriphClkInitStruct) != HAL_OK)
  76:Core/Src/i2s.c ****     {
  77:Core/Src/i2s.c ****       Error_Handler();
  78:Core/Src/i2s.c ****     }
  79:Core/Src/i2s.c **** 
  80:Core/Src/i2s.c ****     /* I2S3 clock enable */
  81:Core/Src/i2s.c ****     __HAL_RCC_SPI3_CLK_ENABLE();
  82:Core/Src/i2s.c **** 
  83:Core/Src/i2s.c ****     __HAL_RCC_GPIOA_CLK_ENABLE();
  84:Core/Src/i2s.c ****     __HAL_RCC_GPIOC_CLK_ENABLE();
  85:Core/Src/i2s.c ****     /**I2S3 GPIO Configuration
  86:Core/Src/i2s.c ****     PA4     ------> I2S3_WS
  87:Core/Src/i2s.c ****     PC7     ------> I2S3_MCK
  88:Core/Src/i2s.c ****     PC10     ------> I2S3_CK
  89:Core/Src/i2s.c ****     PC12     ------> I2S3_SD
  90:Core/Src/i2s.c ****     */
  91:Core/Src/i2s.c ****     GPIO_InitStruct.Pin = I2S3_WS_Pin;
  92:Core/Src/i2s.c ****     GPIO_InitStruct.Mode = GPIO_MODE_AF_PP;
  93:Core/Src/i2s.c ****     GPIO_InitStruct.Pull = GPIO_NOPULL;
  94:Core/Src/i2s.c ****     GPIO_InitStruct.Speed = GPIO_SPEED_FREQ_LOW;
  95:Core/Src/i2s.c ****     GPIO_InitStruct.Alternate = GPIO_AF6_SPI3;
  96:Core/Src/i2s.c ****     HAL_GPIO_Init(I2S3_WS_GPIO_Port, &GPIO_InitStruct);
  97:Core/Src/i2s.c **** 
  98:Core/Src/i2s.c ****     GPIO_InitStruct.Pin = I2S3_MCK_Pin|I2S3_SCK_Pin|I2S3_SD_Pin;
  99:Core/Src/i2s.c ****     GPIO_InitStruct.Mode = GPIO_MODE_AF_PP;
 100:Core/Src/i2s.c ****     GPIO_InitStruct.Pull = GPIO_NOPULL;
 101:Core/Src/i2s.c ****     GPIO_InitStruct.Speed = GPIO_SPEED_FREQ_LOW;
 102:Core/Src/i2s.c ****     GPIO_InitStruct.Alternate = GPIO_AF6_SPI3;
ARM GAS  /var/folders/lp/x54gwt890xv47sdkqj1k04q40000gn/T//ccp846qI.s 			page 5


 103:Core/Src/i2s.c ****     HAL_GPIO_Init(GPIOC, &GPIO_InitStruct);
 104:Core/Src/i2s.c **** 
 105:Core/Src/i2s.c ****   /* USER CODE BEGIN SPI3_MspInit 1 */
 106:Core/Src/i2s.c **** 
 107:Core/Src/i2s.c ****   /* USER CODE END SPI3_MspInit 1 */
 108:Core/Src/i2s.c ****   }
 109:Core/Src/i2s.c **** }
 121              		.loc 1 109 1 view .LVU24
 122 001a 0EB0     		add	sp, sp, #56
 123              		.cfi_remember_state
 124              		.cfi_def_cfa_offset 16
 125              		@ sp needed
 126 001c 70BD     		pop	{r4, r5, r6, pc}
 127              	.L15:
 128              		.cfi_restore_state
  72:Core/Src/i2s.c ****     PeriphClkInitStruct.PLLI2S.PLLI2SN = 203;
 129              		.loc 1 72 5 is_stmt 1 view .LVU25
  73:Core/Src/i2s.c ****     PeriphClkInitStruct.PLLI2S.PLLI2SR = 2;
 130              		.loc 1 73 5 view .LVU26
  72:Core/Src/i2s.c ****     PeriphClkInitStruct.PLLI2S.PLLI2SN = 203;
 131              		.loc 1 72 46 is_stmt 0 view .LVU27
 132 001e 0124     		movs	r4, #1
 133 0020 CB25     		movs	r5, #203
  74:Core/Src/i2s.c ****     if (HAL_RCCEx_PeriphCLKConfig(&PeriphClkInitStruct) != HAL_OK)
 134              		.loc 1 74 40 view .LVU28
 135 0022 0223     		movs	r3, #2
  75:Core/Src/i2s.c ****     {
 136              		.loc 1 75 9 view .LVU29
 137 0024 04A8     		add	r0, sp, #16
 138              	.LVL3:
  72:Core/Src/i2s.c ****     PeriphClkInitStruct.PLLI2S.PLLI2SN = 203;
 139              		.loc 1 72 46 view .LVU30
 140 0026 CDE90445 		strd	r4, [sp, #16]
  74:Core/Src/i2s.c ****     if (HAL_RCCEx_PeriphCLKConfig(&PeriphClkInitStruct) != HAL_OK)
 141              		.loc 1 74 5 is_stmt 1 view .LVU31
  74:Core/Src/i2s.c ****     if (HAL_RCCEx_PeriphCLKConfig(&PeriphClkInitStruct) != HAL_OK)
 142              		.loc 1 74 40 is_stmt 0 view .LVU32
 143 002a 0693     		str	r3, [sp, #24]
  75:Core/Src/i2s.c ****     {
 144              		.loc 1 75 5 is_stmt 1 view .LVU33
  75:Core/Src/i2s.c ****     {
 145              		.loc 1 75 9 is_stmt 0 view .LVU34
 146 002c FFF7FEFF 		bl	HAL_RCCEx_PeriphCLKConfig
 147              	.LVL4:
  75:Core/Src/i2s.c ****     {
 148              		.loc 1 75 8 discriminator 1 view .LVU35
 149 0030 0028     		cmp	r0, #0
 150 0032 38D1     		bne	.L16
 151              	.L10:
  81:Core/Src/i2s.c **** 
 152              		.loc 1 81 5 is_stmt 1 view .LVU36
 153              	.LBB2:
  81:Core/Src/i2s.c **** 
 154              		.loc 1 81 5 view .LVU37
 155 0034 1E4B     		ldr	r3, .L17+4
 156              	.LBE2:
  96:Core/Src/i2s.c **** 
ARM GAS  /var/folders/lp/x54gwt890xv47sdkqj1k04q40000gn/T//ccp846qI.s 			page 6


 157              		.loc 1 96 5 is_stmt 0 view .LVU38
 158 0036 1F48     		ldr	r0, .L17+8
 159              	.LBB3:
  81:Core/Src/i2s.c **** 
 160              		.loc 1 81 5 view .LVU39
 161 0038 0024     		movs	r4, #0
 162 003a 0194     		str	r4, [sp, #4]
  81:Core/Src/i2s.c **** 
 163              		.loc 1 81 5 is_stmt 1 view .LVU40
 164 003c 1A6C     		ldr	r2, [r3, #64]
 165 003e 42F40042 		orr	r2, r2, #32768
 166 0042 1A64     		str	r2, [r3, #64]
  81:Core/Src/i2s.c **** 
 167              		.loc 1 81 5 view .LVU41
 168 0044 1A6C     		ldr	r2, [r3, #64]
 169 0046 02F40042 		and	r2, r2, #32768
 170 004a 0192     		str	r2, [sp, #4]
  81:Core/Src/i2s.c **** 
 171              		.loc 1 81 5 view .LVU42
 172 004c 019A     		ldr	r2, [sp, #4]
 173              	.LBE3:
  81:Core/Src/i2s.c **** 
 174              		.loc 1 81 5 view .LVU43
  83:Core/Src/i2s.c ****     __HAL_RCC_GPIOC_CLK_ENABLE();
 175              		.loc 1 83 5 view .LVU44
 176              	.LBB4:
  83:Core/Src/i2s.c ****     __HAL_RCC_GPIOC_CLK_ENABLE();
 177              		.loc 1 83 5 view .LVU45
 178 004e 0294     		str	r4, [sp, #8]
  83:Core/Src/i2s.c ****     __HAL_RCC_GPIOC_CLK_ENABLE();
 179              		.loc 1 83 5 view .LVU46
 180 0050 1A6B     		ldr	r2, [r3, #48]
 181 0052 42F00102 		orr	r2, r2, #1
 182 0056 1A63     		str	r2, [r3, #48]
  83:Core/Src/i2s.c ****     __HAL_RCC_GPIOC_CLK_ENABLE();
 183              		.loc 1 83 5 view .LVU47
 184 0058 1A6B     		ldr	r2, [r3, #48]
 185 005a 02F00102 		and	r2, r2, #1
 186 005e 0292     		str	r2, [sp, #8]
  83:Core/Src/i2s.c ****     __HAL_RCC_GPIOC_CLK_ENABLE();
 187              		.loc 1 83 5 view .LVU48
 188 0060 029A     		ldr	r2, [sp, #8]
 189              	.LBE4:
  83:Core/Src/i2s.c ****     __HAL_RCC_GPIOC_CLK_ENABLE();
 190              		.loc 1 83 5 view .LVU49
  84:Core/Src/i2s.c ****     /**I2S3 GPIO Configuration
 191              		.loc 1 84 5 view .LVU50
 192              	.LBB5:
  84:Core/Src/i2s.c ****     /**I2S3 GPIO Configuration
 193              		.loc 1 84 5 view .LVU51
 194 0062 0394     		str	r4, [sp, #12]
  84:Core/Src/i2s.c ****     /**I2S3 GPIO Configuration
 195              		.loc 1 84 5 view .LVU52
 196 0064 1A6B     		ldr	r2, [r3, #48]
 197 0066 42F00402 		orr	r2, r2, #4
 198 006a 1A63     		str	r2, [r3, #48]
  84:Core/Src/i2s.c ****     /**I2S3 GPIO Configuration
ARM GAS  /var/folders/lp/x54gwt890xv47sdkqj1k04q40000gn/T//ccp846qI.s 			page 7


 199              		.loc 1 84 5 view .LVU53
 200 006c 1B6B     		ldr	r3, [r3, #48]
 201              	.LBE5:
  91:Core/Src/i2s.c ****     GPIO_InitStruct.Mode = GPIO_MODE_AF_PP;
 202              		.loc 1 91 25 is_stmt 0 view .LVU54
 203 006e 1021     		movs	r1, #16
 204              	.LBB6:
  84:Core/Src/i2s.c ****     /**I2S3 GPIO Configuration
 205              		.loc 1 84 5 view .LVU55
 206 0070 03F00403 		and	r3, r3, #4
 207              	.LBE6:
  91:Core/Src/i2s.c ****     GPIO_InitStruct.Mode = GPIO_MODE_AF_PP;
 208              		.loc 1 91 25 view .LVU56
 209 0074 0991     		str	r1, [sp, #36]
 210              	.LBB7:
  84:Core/Src/i2s.c ****     /**I2S3 GPIO Configuration
 211              		.loc 1 84 5 view .LVU57
 212 0076 0393     		str	r3, [sp, #12]
  84:Core/Src/i2s.c ****     /**I2S3 GPIO Configuration
 213              		.loc 1 84 5 is_stmt 1 view .LVU58
 214              	.LBE7:
  92:Core/Src/i2s.c ****     GPIO_InitStruct.Pull = GPIO_NOPULL;
 215              		.loc 1 92 26 is_stmt 0 view .LVU59
 216 0078 0226     		movs	r6, #2
  95:Core/Src/i2s.c ****     HAL_GPIO_Init(I2S3_WS_GPIO_Port, &GPIO_InitStruct);
 217              		.loc 1 95 31 view .LVU60
 218 007a 0625     		movs	r5, #6
  96:Core/Src/i2s.c **** 
 219              		.loc 1 96 5 view .LVU61
 220 007c 09A9     		add	r1, sp, #36
 221              	.LBB8:
  84:Core/Src/i2s.c ****     /**I2S3 GPIO Configuration
 222              		.loc 1 84 5 view .LVU62
 223 007e 039B     		ldr	r3, [sp, #12]
 224              	.LBE8:
  84:Core/Src/i2s.c ****     /**I2S3 GPIO Configuration
 225              		.loc 1 84 5 is_stmt 1 view .LVU63
  91:Core/Src/i2s.c ****     GPIO_InitStruct.Mode = GPIO_MODE_AF_PP;
 226              		.loc 1 91 5 view .LVU64
  92:Core/Src/i2s.c ****     GPIO_InitStruct.Pull = GPIO_NOPULL;
 227              		.loc 1 92 5 view .LVU65
  93:Core/Src/i2s.c ****     GPIO_InitStruct.Speed = GPIO_SPEED_FREQ_LOW;
 228              		.loc 1 93 26 is_stmt 0 view .LVU66
 229 0080 CDE90A64 		strd	r6, r4, [sp, #40]
  94:Core/Src/i2s.c ****     GPIO_InitStruct.Alternate = GPIO_AF6_SPI3;
 230              		.loc 1 94 5 is_stmt 1 view .LVU67
  95:Core/Src/i2s.c ****     HAL_GPIO_Init(I2S3_WS_GPIO_Port, &GPIO_InitStruct);
 231              		.loc 1 95 31 is_stmt 0 view .LVU68
 232 0084 CDE90C45 		strd	r4, r5, [sp, #48]
  96:Core/Src/i2s.c **** 
 233              		.loc 1 96 5 is_stmt 1 view .LVU69
 234 0088 FFF7FEFF 		bl	HAL_GPIO_Init
 235              	.LVL5:
  98:Core/Src/i2s.c ****     GPIO_InitStruct.Mode = GPIO_MODE_AF_PP;
 236              		.loc 1 98 5 view .LVU70
  98:Core/Src/i2s.c ****     GPIO_InitStruct.Mode = GPIO_MODE_AF_PP;
 237              		.loc 1 98 25 is_stmt 0 view .LVU71
ARM GAS  /var/folders/lp/x54gwt890xv47sdkqj1k04q40000gn/T//ccp846qI.s 			page 8


 238 008c 4FF4A453 		mov	r3, #5248
 103:Core/Src/i2s.c **** 
 239              		.loc 1 103 5 view .LVU72
 240 0090 0948     		ldr	r0, .L17+12
  98:Core/Src/i2s.c ****     GPIO_InitStruct.Mode = GPIO_MODE_AF_PP;
 241              		.loc 1 98 25 view .LVU73
 242 0092 0993     		str	r3, [sp, #36]
  99:Core/Src/i2s.c ****     GPIO_InitStruct.Pull = GPIO_NOPULL;
 243              		.loc 1 99 5 is_stmt 1 view .LVU74
 103:Core/Src/i2s.c **** 
 244              		.loc 1 103 5 is_stmt 0 view .LVU75
 245 0094 09A9     		add	r1, sp, #36
 100:Core/Src/i2s.c ****     GPIO_InitStruct.Speed = GPIO_SPEED_FREQ_LOW;
 246              		.loc 1 100 26 view .LVU76
 247 0096 CDE90A64 		strd	r6, r4, [sp, #40]
 101:Core/Src/i2s.c ****     GPIO_InitStruct.Alternate = GPIO_AF6_SPI3;
 248              		.loc 1 101 5 is_stmt 1 view .LVU77
 102:Core/Src/i2s.c ****     HAL_GPIO_Init(GPIOC, &GPIO_InitStruct);
 249              		.loc 1 102 31 is_stmt 0 view .LVU78
 250 009a CDE90C45 		strd	r4, r5, [sp, #48]
 103:Core/Src/i2s.c **** 
 251              		.loc 1 103 5 is_stmt 1 view .LVU79
 252 009e FFF7FEFF 		bl	HAL_GPIO_Init
 253              	.LVL6:
 254              		.loc 1 109 1 is_stmt 0 view .LVU80
 255 00a2 0EB0     		add	sp, sp, #56
 256              		.cfi_remember_state
 257              		.cfi_def_cfa_offset 16
 258              		@ sp needed
 259 00a4 70BD     		pop	{r4, r5, r6, pc}
 260              	.L16:
 261              		.cfi_restore_state
  77:Core/Src/i2s.c ****     }
 262              		.loc 1 77 7 is_stmt 1 view .LVU81
 263 00a6 FFF7FEFF 		bl	Error_Handler
 264              	.LVL7:
 265 00aa C3E7     		b	.L10
 266              	.L18:
 267              		.align	2
 268              	.L17:
 269 00ac 003C0040 		.word	1073757184
 270 00b0 00380240 		.word	1073887232
 271 00b4 00000240 		.word	1073872896
 272 00b8 00080240 		.word	1073874944
 273              		.cfi_endproc
 274              	.LFE243:
 276              		.section	.text.HAL_I2S_MspDeInit,"ax",%progbits
 277              		.align	1
 278              		.p2align 2,,3
 279              		.global	HAL_I2S_MspDeInit
 280              		.syntax unified
 281              		.thumb
 282              		.thumb_func
 284              	HAL_I2S_MspDeInit:
 285              	.LVL8:
 286              	.LFB244:
 110:Core/Src/i2s.c **** 
ARM GAS  /var/folders/lp/x54gwt890xv47sdkqj1k04q40000gn/T//ccp846qI.s 			page 9


 111:Core/Src/i2s.c **** void HAL_I2S_MspDeInit(I2S_HandleTypeDef* i2sHandle)
 112:Core/Src/i2s.c **** {
 287              		.loc 1 112 1 view -0
 288              		.cfi_startproc
 289              		@ args = 0, pretend = 0, frame = 0
 290              		@ frame_needed = 0, uses_anonymous_args = 0
 113:Core/Src/i2s.c **** 
 114:Core/Src/i2s.c ****   if(i2sHandle->Instance==SPI3)
 291              		.loc 1 114 3 view .LVU83
 112:Core/Src/i2s.c **** 
 292              		.loc 1 112 1 is_stmt 0 view .LVU84
 293 0000 08B5     		push	{r3, lr}
 294              		.cfi_def_cfa_offset 8
 295              		.cfi_offset 3, -8
 296              		.cfi_offset 14, -4
 297              		.loc 1 114 5 view .LVU85
 298 0002 0268     		ldr	r2, [r0]
 299 0004 094B     		ldr	r3, .L23
 300 0006 9A42     		cmp	r2, r3
 301 0008 00D0     		beq	.L22
 115:Core/Src/i2s.c ****   {
 116:Core/Src/i2s.c ****   /* USER CODE BEGIN SPI3_MspDeInit 0 */
 117:Core/Src/i2s.c **** 
 118:Core/Src/i2s.c ****   /* USER CODE END SPI3_MspDeInit 0 */
 119:Core/Src/i2s.c ****     /* Peripheral clock disable */
 120:Core/Src/i2s.c ****     __HAL_RCC_SPI3_CLK_DISABLE();
 121:Core/Src/i2s.c **** 
 122:Core/Src/i2s.c ****     /**I2S3 GPIO Configuration
 123:Core/Src/i2s.c ****     PA4     ------> I2S3_WS
 124:Core/Src/i2s.c ****     PC7     ------> I2S3_MCK
 125:Core/Src/i2s.c ****     PC10     ------> I2S3_CK
 126:Core/Src/i2s.c ****     PC12     ------> I2S3_SD
 127:Core/Src/i2s.c ****     */
 128:Core/Src/i2s.c ****     HAL_GPIO_DeInit(I2S3_WS_GPIO_Port, I2S3_WS_Pin);
 129:Core/Src/i2s.c **** 
 130:Core/Src/i2s.c ****     HAL_GPIO_DeInit(GPIOC, I2S3_MCK_Pin|I2S3_SCK_Pin|I2S3_SD_Pin);
 131:Core/Src/i2s.c **** 
 132:Core/Src/i2s.c ****   /* USER CODE BEGIN SPI3_MspDeInit 1 */
 133:Core/Src/i2s.c **** 
 134:Core/Src/i2s.c ****   /* USER CODE END SPI3_MspDeInit 1 */
 135:Core/Src/i2s.c ****   }
 136:Core/Src/i2s.c **** }
 302              		.loc 1 136 1 view .LVU86
 303 000a 08BD     		pop	{r3, pc}
 304              	.L22:
 120:Core/Src/i2s.c **** 
 305              		.loc 1 120 5 is_stmt 1 view .LVU87
 306 000c 084A     		ldr	r2, .L23+4
 128:Core/Src/i2s.c **** 
 307              		.loc 1 128 5 is_stmt 0 view .LVU88
 308 000e 0948     		ldr	r0, .L23+8
 309              	.LVL9:
 120:Core/Src/i2s.c **** 
 310              		.loc 1 120 5 view .LVU89
 311 0010 136C     		ldr	r3, [r2, #64]
 312 0012 23F40043 		bic	r3, r3, #32768
 128:Core/Src/i2s.c **** 
ARM GAS  /var/folders/lp/x54gwt890xv47sdkqj1k04q40000gn/T//ccp846qI.s 			page 10


 313              		.loc 1 128 5 view .LVU90
 314 0016 1021     		movs	r1, #16
 120:Core/Src/i2s.c **** 
 315              		.loc 1 120 5 view .LVU91
 316 0018 1364     		str	r3, [r2, #64]
 128:Core/Src/i2s.c **** 
 317              		.loc 1 128 5 is_stmt 1 view .LVU92
 318 001a FFF7FEFF 		bl	HAL_GPIO_DeInit
 319              	.LVL10:
 130:Core/Src/i2s.c **** 
 320              		.loc 1 130 5 view .LVU93
 321              		.loc 1 136 1 is_stmt 0 view .LVU94
 322 001e BDE80840 		pop	{r3, lr}
 323              		.cfi_restore 14
 324              		.cfi_restore 3
 325              		.cfi_def_cfa_offset 0
 130:Core/Src/i2s.c **** 
 326              		.loc 1 130 5 view .LVU95
 327 0022 0548     		ldr	r0, .L23+12
 328 0024 4FF4A451 		mov	r1, #5248
 329 0028 FFF7FEBF 		b	HAL_GPIO_DeInit
 330              	.LVL11:
 331              	.L24:
 332              		.align	2
 333              	.L23:
 334 002c 003C0040 		.word	1073757184
 335 0030 00380240 		.word	1073887232
 336 0034 00000240 		.word	1073872896
 337 0038 00080240 		.word	1073874944
 338              		.cfi_endproc
 339              	.LFE244:
 341              		.global	hi2s3
 342              		.section	.bss.hi2s3,"aw",%nobits
 343              		.align	3
 346              	hi2s3:
 347 0000 00000000 		.space	72
 347      00000000 
 347      00000000 
 347      00000000 
 347      00000000 
 348              		.text
 349              	.Letext0:
 350              		.file 2 "/Users/jr/Library/Application Support/Code/User/globalStorage/bmd.stm32-for-vscode/@xpack
 351              		.file 3 "/Users/jr/Library/Application Support/Code/User/globalStorage/bmd.stm32-for-vscode/@xpack
 352              		.file 4 "Drivers/CMSIS/Device/ST/STM32F4xx/Include/stm32f407xx.h"
 353              		.file 5 "Drivers/STM32F4xx_HAL_Driver/Inc/stm32f4xx_hal_def.h"
 354              		.file 6 "Drivers/STM32F4xx_HAL_Driver/Inc/stm32f4xx_hal_rcc_ex.h"
 355              		.file 7 "Drivers/STM32F4xx_HAL_Driver/Inc/stm32f4xx_hal_gpio.h"
 356              		.file 8 "Drivers/STM32F4xx_HAL_Driver/Inc/stm32f4xx_hal_dma.h"
 357              		.file 9 "Drivers/STM32F4xx_HAL_Driver/Inc/stm32f4xx_hal_i2s.h"
 358              		.file 10 "Core/Inc/i2s.h"
 359              		.file 11 "Core/Inc/main.h"
ARM GAS  /var/folders/lp/x54gwt890xv47sdkqj1k04q40000gn/T//ccp846qI.s 			page 11


DEFINED SYMBOLS
                            *ABS*:00000000 i2s.c
/var/folders/lp/x54gwt890xv47sdkqj1k04q40000gn/T//ccp846qI.s:21     .text.MX_I2S3_Init:00000000 $t
/var/folders/lp/x54gwt890xv47sdkqj1k04q40000gn/T//ccp846qI.s:28     .text.MX_I2S3_Init:00000000 MX_I2S3_Init
/var/folders/lp/x54gwt890xv47sdkqj1k04q40000gn/T//ccp846qI.s:73     .text.MX_I2S3_Init:00000034 $d
/var/folders/lp/x54gwt890xv47sdkqj1k04q40000gn/T//ccp846qI.s:346    .bss.hi2s3:00000000 hi2s3
/var/folders/lp/x54gwt890xv47sdkqj1k04q40000gn/T//ccp846qI.s:79     .text.HAL_I2S_MspInit:00000000 $t
/var/folders/lp/x54gwt890xv47sdkqj1k04q40000gn/T//ccp846qI.s:86     .text.HAL_I2S_MspInit:00000000 HAL_I2S_MspInit
/var/folders/lp/x54gwt890xv47sdkqj1k04q40000gn/T//ccp846qI.s:269    .text.HAL_I2S_MspInit:000000ac $d
/var/folders/lp/x54gwt890xv47sdkqj1k04q40000gn/T//ccp846qI.s:277    .text.HAL_I2S_MspDeInit:00000000 $t
/var/folders/lp/x54gwt890xv47sdkqj1k04q40000gn/T//ccp846qI.s:284    .text.HAL_I2S_MspDeInit:00000000 HAL_I2S_MspDeInit
/var/folders/lp/x54gwt890xv47sdkqj1k04q40000gn/T//ccp846qI.s:334    .text.HAL_I2S_MspDeInit:0000002c $d
/var/folders/lp/x54gwt890xv47sdkqj1k04q40000gn/T//ccp846qI.s:343    .bss.hi2s3:00000000 $d

UNDEFINED SYMBOLS
HAL_I2S_Init
Error_Handler
HAL_RCCEx_PeriphCLKConfig
HAL_GPIO_Init
HAL_GPIO_DeInit
