ARM GAS  /var/folders/0z/tsy30v1j4xl4_7kw94k978ww0000gn/T//ccJA258U.s 			page 1


   1              		.cpu cortex-m4
   2              		.arch armv7e-m
   3              		.fpu fpv4-sp-d16
   4              		.eabi_attribute 27, 1
   5              		.eabi_attribute 28, 1
   6              		.eabi_attribute 20, 1
   7              		.eabi_attribute 21, 1
   8              		.eabi_attribute 23, 3
   9              		.eabi_attribute 24, 1
  10              		.eabi_attribute 25, 1
  11              		.eabi_attribute 26, 1
  12              		.eabi_attribute 30, 1
  13              		.eabi_attribute 34, 1
  14              		.eabi_attribute 18, 4
  15              		.file	"i3g4250d.c"
  16              		.text
  17              	.Ltext0:
  18              		.cfi_sections	.debug_frame
  19              		.section	.text.I3G4250D_DeInit,"ax",%progbits
  20              		.align	1
  21              		.global	I3G4250D_DeInit
  22              		.syntax unified
  23              		.thumb
  24              		.thumb_func
  26              	I3G4250D_DeInit:
  27              	.LFB1:
  28              		.file 1 "Drivers/BSP/Components/i3g4250d/i3g4250d.c"
   1:Drivers/BSP/Components/i3g4250d/i3g4250d.c **** /**
   2:Drivers/BSP/Components/i3g4250d/i3g4250d.c ****   ******************************************************************************
   3:Drivers/BSP/Components/i3g4250d/i3g4250d.c ****   * @file    i3g4250d.c
   4:Drivers/BSP/Components/i3g4250d/i3g4250d.c ****   * @author  MCD Application Team
   5:Drivers/BSP/Components/i3g4250d/i3g4250d.c ****   * @brief   This file provides a set of functions needed to manage the I3G4250D,
   6:Drivers/BSP/Components/i3g4250d/i3g4250d.c ****   *          ST MEMS motion sensor, 3-axis digital output gyroscope.
   7:Drivers/BSP/Components/i3g4250d/i3g4250d.c ****   ******************************************************************************
   8:Drivers/BSP/Components/i3g4250d/i3g4250d.c ****   * @attention
   9:Drivers/BSP/Components/i3g4250d/i3g4250d.c ****   *
  10:Drivers/BSP/Components/i3g4250d/i3g4250d.c ****   * <h2><center>&copy; Copyright (c) 2020 STMicroelectronics.
  11:Drivers/BSP/Components/i3g4250d/i3g4250d.c ****   * All rights reserved.</center></h2>
  12:Drivers/BSP/Components/i3g4250d/i3g4250d.c ****   *
  13:Drivers/BSP/Components/i3g4250d/i3g4250d.c ****   * This software component is licensed by ST under BSD 3-Clause license,
  14:Drivers/BSP/Components/i3g4250d/i3g4250d.c ****   * the "License"; You may not use this file except in compliance with the
  15:Drivers/BSP/Components/i3g4250d/i3g4250d.c ****   * License. You may obtain a copy of the License at:
  16:Drivers/BSP/Components/i3g4250d/i3g4250d.c ****   *                        opensource.org/licenses/BSD-3-Clause
  17:Drivers/BSP/Components/i3g4250d/i3g4250d.c ****   *
  18:Drivers/BSP/Components/i3g4250d/i3g4250d.c ****   ******************************************************************************
  19:Drivers/BSP/Components/i3g4250d/i3g4250d.c ****   */
  20:Drivers/BSP/Components/i3g4250d/i3g4250d.c **** /* Includes ------------------------------------------------------------------*/
  21:Drivers/BSP/Components/i3g4250d/i3g4250d.c **** #include "i3g4250d.h"
  22:Drivers/BSP/Components/i3g4250d/i3g4250d.c **** 
  23:Drivers/BSP/Components/i3g4250d/i3g4250d.c **** /** @addtogroup BSP
  24:Drivers/BSP/Components/i3g4250d/i3g4250d.c ****   * @{
  25:Drivers/BSP/Components/i3g4250d/i3g4250d.c ****   */
  26:Drivers/BSP/Components/i3g4250d/i3g4250d.c **** 
  27:Drivers/BSP/Components/i3g4250d/i3g4250d.c **** /** @addtogroup Components
  28:Drivers/BSP/Components/i3g4250d/i3g4250d.c ****   * @{
  29:Drivers/BSP/Components/i3g4250d/i3g4250d.c ****   */
  30:Drivers/BSP/Components/i3g4250d/i3g4250d.c **** 
ARM GAS  /var/folders/0z/tsy30v1j4xl4_7kw94k978ww0000gn/T//ccJA258U.s 			page 2


  31:Drivers/BSP/Components/i3g4250d/i3g4250d.c **** /** @addtogroup I3G4250D
  32:Drivers/BSP/Components/i3g4250d/i3g4250d.c ****   * @{
  33:Drivers/BSP/Components/i3g4250d/i3g4250d.c ****   */
  34:Drivers/BSP/Components/i3g4250d/i3g4250d.c **** 
  35:Drivers/BSP/Components/i3g4250d/i3g4250d.c **** /** @defgroup I3G4250D_Private_TypesDefinitions Private Types Definitions
  36:Drivers/BSP/Components/i3g4250d/i3g4250d.c ****   * @{
  37:Drivers/BSP/Components/i3g4250d/i3g4250d.c ****   */
  38:Drivers/BSP/Components/i3g4250d/i3g4250d.c **** 
  39:Drivers/BSP/Components/i3g4250d/i3g4250d.c **** /**
  40:Drivers/BSP/Components/i3g4250d/i3g4250d.c ****   * @}
  41:Drivers/BSP/Components/i3g4250d/i3g4250d.c ****   */
  42:Drivers/BSP/Components/i3g4250d/i3g4250d.c **** 
  43:Drivers/BSP/Components/i3g4250d/i3g4250d.c **** /** @defgroup I3G4250D_Private_Defines Private Defines
  44:Drivers/BSP/Components/i3g4250d/i3g4250d.c ****   * @{
  45:Drivers/BSP/Components/i3g4250d/i3g4250d.c ****   */
  46:Drivers/BSP/Components/i3g4250d/i3g4250d.c **** 
  47:Drivers/BSP/Components/i3g4250d/i3g4250d.c **** /**
  48:Drivers/BSP/Components/i3g4250d/i3g4250d.c ****   * @}
  49:Drivers/BSP/Components/i3g4250d/i3g4250d.c ****   */
  50:Drivers/BSP/Components/i3g4250d/i3g4250d.c **** 
  51:Drivers/BSP/Components/i3g4250d/i3g4250d.c **** /** @defgroup I3G4250D_Private_Macros Private Macros
  52:Drivers/BSP/Components/i3g4250d/i3g4250d.c ****   * @{
  53:Drivers/BSP/Components/i3g4250d/i3g4250d.c ****   */
  54:Drivers/BSP/Components/i3g4250d/i3g4250d.c **** 
  55:Drivers/BSP/Components/i3g4250d/i3g4250d.c **** /**
  56:Drivers/BSP/Components/i3g4250d/i3g4250d.c ****   * @}
  57:Drivers/BSP/Components/i3g4250d/i3g4250d.c ****   */
  58:Drivers/BSP/Components/i3g4250d/i3g4250d.c **** 
  59:Drivers/BSP/Components/i3g4250d/i3g4250d.c **** /** @defgroup I3G4250D_Private_Variables Private Variables
  60:Drivers/BSP/Components/i3g4250d/i3g4250d.c ****   * @{
  61:Drivers/BSP/Components/i3g4250d/i3g4250d.c ****   */
  62:Drivers/BSP/Components/i3g4250d/i3g4250d.c **** GYRO_DrvTypeDef I3g4250Drv =
  63:Drivers/BSP/Components/i3g4250d/i3g4250d.c **** {
  64:Drivers/BSP/Components/i3g4250d/i3g4250d.c ****   I3G4250D_Init,
  65:Drivers/BSP/Components/i3g4250d/i3g4250d.c ****   I3G4250D_DeInit,
  66:Drivers/BSP/Components/i3g4250d/i3g4250d.c ****   I3G4250D_ReadID,
  67:Drivers/BSP/Components/i3g4250d/i3g4250d.c ****   I3G4250D_RebootCmd,
  68:Drivers/BSP/Components/i3g4250d/i3g4250d.c ****   I3G4250D_LowPower,
  69:Drivers/BSP/Components/i3g4250d/i3g4250d.c ****   I3G4250D_INT1InterruptConfig,
  70:Drivers/BSP/Components/i3g4250d/i3g4250d.c ****   I3G4250D_EnableIT,
  71:Drivers/BSP/Components/i3g4250d/i3g4250d.c ****   I3G4250D_DisableIT,
  72:Drivers/BSP/Components/i3g4250d/i3g4250d.c ****   0,
  73:Drivers/BSP/Components/i3g4250d/i3g4250d.c ****   0,
  74:Drivers/BSP/Components/i3g4250d/i3g4250d.c ****   I3G4250D_FilterConfig,
  75:Drivers/BSP/Components/i3g4250d/i3g4250d.c ****   I3G4250D_FilterCmd,
  76:Drivers/BSP/Components/i3g4250d/i3g4250d.c ****   I3G4250D_ReadXYZAngRate
  77:Drivers/BSP/Components/i3g4250d/i3g4250d.c **** };
  78:Drivers/BSP/Components/i3g4250d/i3g4250d.c **** 
  79:Drivers/BSP/Components/i3g4250d/i3g4250d.c **** /**
  80:Drivers/BSP/Components/i3g4250d/i3g4250d.c ****   * @}
  81:Drivers/BSP/Components/i3g4250d/i3g4250d.c ****   */
  82:Drivers/BSP/Components/i3g4250d/i3g4250d.c **** 
  83:Drivers/BSP/Components/i3g4250d/i3g4250d.c **** /** @defgroup I3G4250D_Private_FunctionPrototypes Private Function Prototypes
  84:Drivers/BSP/Components/i3g4250d/i3g4250d.c ****   * @{
  85:Drivers/BSP/Components/i3g4250d/i3g4250d.c ****   */
  86:Drivers/BSP/Components/i3g4250d/i3g4250d.c **** 
  87:Drivers/BSP/Components/i3g4250d/i3g4250d.c **** /**
ARM GAS  /var/folders/0z/tsy30v1j4xl4_7kw94k978ww0000gn/T//ccJA258U.s 			page 3


  88:Drivers/BSP/Components/i3g4250d/i3g4250d.c ****   * @}
  89:Drivers/BSP/Components/i3g4250d/i3g4250d.c ****   */
  90:Drivers/BSP/Components/i3g4250d/i3g4250d.c **** 
  91:Drivers/BSP/Components/i3g4250d/i3g4250d.c **** /** @defgroup I3G4250D_Private_Functions Private Functions
  92:Drivers/BSP/Components/i3g4250d/i3g4250d.c ****   * @{
  93:Drivers/BSP/Components/i3g4250d/i3g4250d.c ****   */
  94:Drivers/BSP/Components/i3g4250d/i3g4250d.c **** 
  95:Drivers/BSP/Components/i3g4250d/i3g4250d.c **** /**
  96:Drivers/BSP/Components/i3g4250d/i3g4250d.c ****   * @brief  Set I3G4250D Initialization.
  97:Drivers/BSP/Components/i3g4250d/i3g4250d.c ****   * @param  I3G4250D_InitStruct: pointer to a I3G4250D_InitTypeDef structure
  98:Drivers/BSP/Components/i3g4250d/i3g4250d.c ****   *         that contains the configuration setting for the I3G4250D.
  99:Drivers/BSP/Components/i3g4250d/i3g4250d.c ****   * @retval None
 100:Drivers/BSP/Components/i3g4250d/i3g4250d.c ****   */
 101:Drivers/BSP/Components/i3g4250d/i3g4250d.c **** void I3G4250D_Init(uint16_t InitStruct)
 102:Drivers/BSP/Components/i3g4250d/i3g4250d.c **** {
 103:Drivers/BSP/Components/i3g4250d/i3g4250d.c ****   uint8_t ctrl = 0x00;
 104:Drivers/BSP/Components/i3g4250d/i3g4250d.c **** 
 105:Drivers/BSP/Components/i3g4250d/i3g4250d.c ****   /* Configure the low level interface */
 106:Drivers/BSP/Components/i3g4250d/i3g4250d.c ****   GYRO_IO_Init();
 107:Drivers/BSP/Components/i3g4250d/i3g4250d.c **** 
 108:Drivers/BSP/Components/i3g4250d/i3g4250d.c ****   /* Write value to MEMS CTRL_REG1 register */
 109:Drivers/BSP/Components/i3g4250d/i3g4250d.c ****   ctrl = (uint8_t) InitStruct;
 110:Drivers/BSP/Components/i3g4250d/i3g4250d.c ****   GYRO_IO_Write(&ctrl, I3G4250D_CTRL_REG1_ADDR, 1);
 111:Drivers/BSP/Components/i3g4250d/i3g4250d.c **** 
 112:Drivers/BSP/Components/i3g4250d/i3g4250d.c ****   /* Write value to MEMS CTRL_REG4 register */
 113:Drivers/BSP/Components/i3g4250d/i3g4250d.c ****   ctrl = (uint8_t)(InitStruct >> 8);
 114:Drivers/BSP/Components/i3g4250d/i3g4250d.c ****   GYRO_IO_Write(&ctrl, I3G4250D_CTRL_REG4_ADDR, 1);
 115:Drivers/BSP/Components/i3g4250d/i3g4250d.c **** }
 116:Drivers/BSP/Components/i3g4250d/i3g4250d.c **** 
 117:Drivers/BSP/Components/i3g4250d/i3g4250d.c **** 
 118:Drivers/BSP/Components/i3g4250d/i3g4250d.c **** 
 119:Drivers/BSP/Components/i3g4250d/i3g4250d.c **** /**
 120:Drivers/BSP/Components/i3g4250d/i3g4250d.c ****   * @brief I3G4250D De-initialization
 121:Drivers/BSP/Components/i3g4250d/i3g4250d.c ****   * @param  None
 122:Drivers/BSP/Components/i3g4250d/i3g4250d.c ****   * @retval None
 123:Drivers/BSP/Components/i3g4250d/i3g4250d.c ****   */
 124:Drivers/BSP/Components/i3g4250d/i3g4250d.c **** void I3G4250D_DeInit(void)
 125:Drivers/BSP/Components/i3g4250d/i3g4250d.c **** {
  29              		.loc 1 125 1 view -0
  30              		.cfi_startproc
  31              		@ args = 0, pretend = 0, frame = 0
  32              		@ frame_needed = 0, uses_anonymous_args = 0
  33              		@ link register save eliminated.
 126:Drivers/BSP/Components/i3g4250d/i3g4250d.c **** }
  34              		.loc 1 126 1 view .LVU1
  35 0000 7047     		bx	lr
  36              		.cfi_endproc
  37              	.LFE1:
  39              		.section	.text.I3G4250D_Init,"ax",%progbits
  40              		.align	1
  41              		.global	I3G4250D_Init
  42              		.syntax unified
  43              		.thumb
  44              		.thumb_func
  46              	I3G4250D_Init:
  47              	.LVL0:
  48              	.LFB0:
ARM GAS  /var/folders/0z/tsy30v1j4xl4_7kw94k978ww0000gn/T//ccJA258U.s 			page 4


 102:Drivers/BSP/Components/i3g4250d/i3g4250d.c ****   uint8_t ctrl = 0x00;
  49              		.loc 1 102 1 view -0
  50              		.cfi_startproc
  51              		@ args = 0, pretend = 0, frame = 8
  52              		@ frame_needed = 0, uses_anonymous_args = 0
 102:Drivers/BSP/Components/i3g4250d/i3g4250d.c ****   uint8_t ctrl = 0x00;
  53              		.loc 1 102 1 is_stmt 0 view .LVU3
  54 0000 10B5     		push	{r4, lr}
  55              		.cfi_def_cfa_offset 8
  56              		.cfi_offset 4, -8
  57              		.cfi_offset 14, -4
  58 0002 82B0     		sub	sp, sp, #8
  59              		.cfi_def_cfa_offset 16
  60 0004 0446     		mov	r4, r0
 103:Drivers/BSP/Components/i3g4250d/i3g4250d.c **** 
  61              		.loc 1 103 3 is_stmt 1 view .LVU4
 103:Drivers/BSP/Components/i3g4250d/i3g4250d.c **** 
  62              		.loc 1 103 11 is_stmt 0 view .LVU5
  63 0006 0023     		movs	r3, #0
  64 0008 8DF80730 		strb	r3, [sp, #7]
 106:Drivers/BSP/Components/i3g4250d/i3g4250d.c **** 
  65              		.loc 1 106 3 is_stmt 1 view .LVU6
  66 000c FFF7FEFF 		bl	GYRO_IO_Init
  67              	.LVL1:
 109:Drivers/BSP/Components/i3g4250d/i3g4250d.c ****   GYRO_IO_Write(&ctrl, I3G4250D_CTRL_REG1_ADDR, 1);
  68              		.loc 1 109 3 view .LVU7
 109:Drivers/BSP/Components/i3g4250d/i3g4250d.c ****   GYRO_IO_Write(&ctrl, I3G4250D_CTRL_REG1_ADDR, 1);
  69              		.loc 1 109 8 is_stmt 0 view .LVU8
  70 0010 8DF80740 		strb	r4, [sp, #7]
 110:Drivers/BSP/Components/i3g4250d/i3g4250d.c **** 
  71              		.loc 1 110 3 is_stmt 1 view .LVU9
  72 0014 0122     		movs	r2, #1
  73 0016 2021     		movs	r1, #32
  74 0018 0DF10700 		add	r0, sp, #7
  75 001c FFF7FEFF 		bl	GYRO_IO_Write
  76              	.LVL2:
 113:Drivers/BSP/Components/i3g4250d/i3g4250d.c ****   GYRO_IO_Write(&ctrl, I3G4250D_CTRL_REG4_ADDR, 1);
  77              		.loc 1 113 3 view .LVU10
 113:Drivers/BSP/Components/i3g4250d/i3g4250d.c ****   GYRO_IO_Write(&ctrl, I3G4250D_CTRL_REG4_ADDR, 1);
  78              		.loc 1 113 10 is_stmt 0 view .LVU11
  79 0020 240A     		lsrs	r4, r4, #8
 113:Drivers/BSP/Components/i3g4250d/i3g4250d.c ****   GYRO_IO_Write(&ctrl, I3G4250D_CTRL_REG4_ADDR, 1);
  80              		.loc 1 113 8 view .LVU12
  81 0022 8DF80740 		strb	r4, [sp, #7]
 114:Drivers/BSP/Components/i3g4250d/i3g4250d.c **** }
  82              		.loc 1 114 3 is_stmt 1 view .LVU13
  83 0026 0122     		movs	r2, #1
  84 0028 2321     		movs	r1, #35
  85 002a 0DF10700 		add	r0, sp, #7
  86 002e FFF7FEFF 		bl	GYRO_IO_Write
  87              	.LVL3:
 115:Drivers/BSP/Components/i3g4250d/i3g4250d.c **** 
  88              		.loc 1 115 1 is_stmt 0 view .LVU14
  89 0032 02B0     		add	sp, sp, #8
  90              		.cfi_def_cfa_offset 8
  91              		@ sp needed
  92 0034 10BD     		pop	{r4, pc}
ARM GAS  /var/folders/0z/tsy30v1j4xl4_7kw94k978ww0000gn/T//ccJA258U.s 			page 5


  93              		.cfi_endproc
  94              	.LFE0:
  96              		.section	.text.I3G4250D_LowPower,"ax",%progbits
  97              		.align	1
  98              		.global	I3G4250D_LowPower
  99              		.syntax unified
 100              		.thumb
 101              		.thumb_func
 103              	I3G4250D_LowPower:
 104              	.LVL4:
 105              	.LFB4:
 127:Drivers/BSP/Components/i3g4250d/i3g4250d.c **** 
 128:Drivers/BSP/Components/i3g4250d/i3g4250d.c **** /**
 129:Drivers/BSP/Components/i3g4250d/i3g4250d.c ****   * @brief  Read ID address of I3G4250D
 130:Drivers/BSP/Components/i3g4250d/i3g4250d.c ****   * @param  None
 131:Drivers/BSP/Components/i3g4250d/i3g4250d.c ****   * @retval ID name
 132:Drivers/BSP/Components/i3g4250d/i3g4250d.c ****   */
 133:Drivers/BSP/Components/i3g4250d/i3g4250d.c **** uint8_t I3G4250D_ReadID(void)
 134:Drivers/BSP/Components/i3g4250d/i3g4250d.c **** {
 135:Drivers/BSP/Components/i3g4250d/i3g4250d.c ****   uint8_t tmp;
 136:Drivers/BSP/Components/i3g4250d/i3g4250d.c **** 
 137:Drivers/BSP/Components/i3g4250d/i3g4250d.c ****   /* Configure the low level interface */
 138:Drivers/BSP/Components/i3g4250d/i3g4250d.c ****   GYRO_IO_Init();
 139:Drivers/BSP/Components/i3g4250d/i3g4250d.c **** 
 140:Drivers/BSP/Components/i3g4250d/i3g4250d.c ****   /* Read WHO I AM register */
 141:Drivers/BSP/Components/i3g4250d/i3g4250d.c ****   GYRO_IO_Read(&tmp, I3G4250D_WHO_AM_I_ADDR, 1);
 142:Drivers/BSP/Components/i3g4250d/i3g4250d.c **** 
 143:Drivers/BSP/Components/i3g4250d/i3g4250d.c ****   /* Return the ID */
 144:Drivers/BSP/Components/i3g4250d/i3g4250d.c ****   return (uint8_t)tmp;
 145:Drivers/BSP/Components/i3g4250d/i3g4250d.c **** }
 146:Drivers/BSP/Components/i3g4250d/i3g4250d.c **** 
 147:Drivers/BSP/Components/i3g4250d/i3g4250d.c **** /**
 148:Drivers/BSP/Components/i3g4250d/i3g4250d.c ****   * @brief  Reboot memory content of I3G4250D
 149:Drivers/BSP/Components/i3g4250d/i3g4250d.c ****   * @param  None
 150:Drivers/BSP/Components/i3g4250d/i3g4250d.c ****   * @retval None
 151:Drivers/BSP/Components/i3g4250d/i3g4250d.c ****   */
 152:Drivers/BSP/Components/i3g4250d/i3g4250d.c **** void I3G4250D_RebootCmd(void)
 153:Drivers/BSP/Components/i3g4250d/i3g4250d.c **** {
 154:Drivers/BSP/Components/i3g4250d/i3g4250d.c ****   uint8_t tmpreg;
 155:Drivers/BSP/Components/i3g4250d/i3g4250d.c **** 
 156:Drivers/BSP/Components/i3g4250d/i3g4250d.c ****   /* Read CTRL_REG5 register */
 157:Drivers/BSP/Components/i3g4250d/i3g4250d.c ****   GYRO_IO_Read(&tmpreg, I3G4250D_CTRL_REG5_ADDR, 1);
 158:Drivers/BSP/Components/i3g4250d/i3g4250d.c **** 
 159:Drivers/BSP/Components/i3g4250d/i3g4250d.c ****   /* Enable or Disable the reboot memory */
 160:Drivers/BSP/Components/i3g4250d/i3g4250d.c ****   tmpreg |= I3G4250D_BOOT_REBOOTMEMORY;
 161:Drivers/BSP/Components/i3g4250d/i3g4250d.c **** 
 162:Drivers/BSP/Components/i3g4250d/i3g4250d.c ****   /* Write value to MEMS CTRL_REG5 register */
 163:Drivers/BSP/Components/i3g4250d/i3g4250d.c ****   GYRO_IO_Write(&tmpreg, I3G4250D_CTRL_REG5_ADDR, 1);
 164:Drivers/BSP/Components/i3g4250d/i3g4250d.c **** }
 165:Drivers/BSP/Components/i3g4250d/i3g4250d.c **** 
 166:Drivers/BSP/Components/i3g4250d/i3g4250d.c **** /**
 167:Drivers/BSP/Components/i3g4250d/i3g4250d.c ****   * @brief  Set I3G4250D in low-power mode
 168:Drivers/BSP/Components/i3g4250d/i3g4250d.c ****   * @param  I3G4250D_InitStruct: pointer to a I3G4250D_InitTypeDef structure
 169:Drivers/BSP/Components/i3g4250d/i3g4250d.c ****   *         that contains the configuration setting for the I3G4250D.
 170:Drivers/BSP/Components/i3g4250d/i3g4250d.c ****   * @retval None
 171:Drivers/BSP/Components/i3g4250d/i3g4250d.c ****   */
 172:Drivers/BSP/Components/i3g4250d/i3g4250d.c **** void I3G4250D_LowPower(uint16_t InitStruct)
ARM GAS  /var/folders/0z/tsy30v1j4xl4_7kw94k978ww0000gn/T//ccJA258U.s 			page 6


 173:Drivers/BSP/Components/i3g4250d/i3g4250d.c **** {
 106              		.loc 1 173 1 is_stmt 1 view -0
 107              		.cfi_startproc
 108              		@ args = 0, pretend = 0, frame = 8
 109              		@ frame_needed = 0, uses_anonymous_args = 0
 110              		.loc 1 173 1 is_stmt 0 view .LVU16
 111 0000 00B5     		push	{lr}
 112              		.cfi_def_cfa_offset 4
 113              		.cfi_offset 14, -4
 114 0002 83B0     		sub	sp, sp, #12
 115              		.cfi_def_cfa_offset 16
 174:Drivers/BSP/Components/i3g4250d/i3g4250d.c ****   uint8_t ctrl = 0x00;
 116              		.loc 1 174 3 is_stmt 1 view .LVU17
 117              		.loc 1 174 11 is_stmt 0 view .LVU18
 118 0004 0023     		movs	r3, #0
 119 0006 8DF80730 		strb	r3, [sp, #7]
 175:Drivers/BSP/Components/i3g4250d/i3g4250d.c **** 
 176:Drivers/BSP/Components/i3g4250d/i3g4250d.c ****   /* Write value to MEMS CTRL_REG1 register */
 177:Drivers/BSP/Components/i3g4250d/i3g4250d.c ****   ctrl = (uint8_t) InitStruct;
 120              		.loc 1 177 3 is_stmt 1 view .LVU19
 121              		.loc 1 177 8 is_stmt 0 view .LVU20
 122 000a 8DF80700 		strb	r0, [sp, #7]
 178:Drivers/BSP/Components/i3g4250d/i3g4250d.c ****   GYRO_IO_Write(&ctrl, I3G4250D_CTRL_REG1_ADDR, 1);
 123              		.loc 1 178 3 is_stmt 1 view .LVU21
 124 000e 0122     		movs	r2, #1
 125 0010 2021     		movs	r1, #32
 126 0012 0DF10700 		add	r0, sp, #7
 127              	.LVL5:
 128              		.loc 1 178 3 is_stmt 0 view .LVU22
 129 0016 FFF7FEFF 		bl	GYRO_IO_Write
 130              	.LVL6:
 179:Drivers/BSP/Components/i3g4250d/i3g4250d.c **** }
 131              		.loc 1 179 1 view .LVU23
 132 001a 03B0     		add	sp, sp, #12
 133              		.cfi_def_cfa_offset 4
 134              		@ sp needed
 135 001c 5DF804FB 		ldr	pc, [sp], #4
 136              		.cfi_endproc
 137              	.LFE4:
 139              		.section	.text.I3G4250D_ReadID,"ax",%progbits
 140              		.align	1
 141              		.global	I3G4250D_ReadID
 142              		.syntax unified
 143              		.thumb
 144              		.thumb_func
 146              	I3G4250D_ReadID:
 147              	.LFB2:
 134:Drivers/BSP/Components/i3g4250d/i3g4250d.c ****   uint8_t tmp;
 148              		.loc 1 134 1 is_stmt 1 view -0
 149              		.cfi_startproc
 150              		@ args = 0, pretend = 0, frame = 8
 151              		@ frame_needed = 0, uses_anonymous_args = 0
 152 0000 00B5     		push	{lr}
 153              		.cfi_def_cfa_offset 4
 154              		.cfi_offset 14, -4
 155 0002 83B0     		sub	sp, sp, #12
 156              		.cfi_def_cfa_offset 16
ARM GAS  /var/folders/0z/tsy30v1j4xl4_7kw94k978ww0000gn/T//ccJA258U.s 			page 7


 135:Drivers/BSP/Components/i3g4250d/i3g4250d.c **** 
 157              		.loc 1 135 3 view .LVU25
 138:Drivers/BSP/Components/i3g4250d/i3g4250d.c **** 
 158              		.loc 1 138 3 view .LVU26
 159 0004 FFF7FEFF 		bl	GYRO_IO_Init
 160              	.LVL7:
 141:Drivers/BSP/Components/i3g4250d/i3g4250d.c **** 
 161              		.loc 1 141 3 view .LVU27
 162 0008 0122     		movs	r2, #1
 163 000a 0F21     		movs	r1, #15
 164 000c 0DF10700 		add	r0, sp, #7
 165 0010 FFF7FEFF 		bl	GYRO_IO_Read
 166              	.LVL8:
 144:Drivers/BSP/Components/i3g4250d/i3g4250d.c **** }
 167              		.loc 1 144 3 view .LVU28
 145:Drivers/BSP/Components/i3g4250d/i3g4250d.c **** 
 168              		.loc 1 145 1 is_stmt 0 view .LVU29
 169 0014 9DF80700 		ldrb	r0, [sp, #7]	@ zero_extendqisi2
 170 0018 03B0     		add	sp, sp, #12
 171              		.cfi_def_cfa_offset 4
 172              		@ sp needed
 173 001a 5DF804FB 		ldr	pc, [sp], #4
 174              		.cfi_endproc
 175              	.LFE2:
 177              		.section	.text.I3G4250D_RebootCmd,"ax",%progbits
 178              		.align	1
 179              		.global	I3G4250D_RebootCmd
 180              		.syntax unified
 181              		.thumb
 182              		.thumb_func
 184              	I3G4250D_RebootCmd:
 185              	.LFB3:
 153:Drivers/BSP/Components/i3g4250d/i3g4250d.c ****   uint8_t tmpreg;
 186              		.loc 1 153 1 is_stmt 1 view -0
 187              		.cfi_startproc
 188              		@ args = 0, pretend = 0, frame = 8
 189              		@ frame_needed = 0, uses_anonymous_args = 0
 190 0000 00B5     		push	{lr}
 191              		.cfi_def_cfa_offset 4
 192              		.cfi_offset 14, -4
 193 0002 83B0     		sub	sp, sp, #12
 194              		.cfi_def_cfa_offset 16
 154:Drivers/BSP/Components/i3g4250d/i3g4250d.c **** 
 195              		.loc 1 154 3 view .LVU31
 157:Drivers/BSP/Components/i3g4250d/i3g4250d.c **** 
 196              		.loc 1 157 3 view .LVU32
 197 0004 0122     		movs	r2, #1
 198 0006 2421     		movs	r1, #36
 199 0008 0DF10700 		add	r0, sp, #7
 200 000c FFF7FEFF 		bl	GYRO_IO_Read
 201              	.LVL9:
 160:Drivers/BSP/Components/i3g4250d/i3g4250d.c **** 
 202              		.loc 1 160 3 view .LVU33
 160:Drivers/BSP/Components/i3g4250d/i3g4250d.c **** 
 203              		.loc 1 160 10 is_stmt 0 view .LVU34
 204 0010 9DF80730 		ldrb	r3, [sp, #7]	@ zero_extendqisi2
 205 0014 63F07F03 		orn	r3, r3, #127
ARM GAS  /var/folders/0z/tsy30v1j4xl4_7kw94k978ww0000gn/T//ccJA258U.s 			page 8


 206 0018 8DF80730 		strb	r3, [sp, #7]
 163:Drivers/BSP/Components/i3g4250d/i3g4250d.c **** }
 207              		.loc 1 163 3 is_stmt 1 view .LVU35
 208 001c 0122     		movs	r2, #1
 209 001e 2421     		movs	r1, #36
 210 0020 0DF10700 		add	r0, sp, #7
 211 0024 FFF7FEFF 		bl	GYRO_IO_Write
 212              	.LVL10:
 164:Drivers/BSP/Components/i3g4250d/i3g4250d.c **** 
 213              		.loc 1 164 1 is_stmt 0 view .LVU36
 214 0028 03B0     		add	sp, sp, #12
 215              		.cfi_def_cfa_offset 4
 216              		@ sp needed
 217 002a 5DF804FB 		ldr	pc, [sp], #4
 218              		.cfi_endproc
 219              	.LFE3:
 221              		.section	.text.I3G4250D_INT1InterruptConfig,"ax",%progbits
 222              		.align	1
 223              		.global	I3G4250D_INT1InterruptConfig
 224              		.syntax unified
 225              		.thumb
 226              		.thumb_func
 228              	I3G4250D_INT1InterruptConfig:
 229              	.LVL11:
 230              	.LFB5:
 180:Drivers/BSP/Components/i3g4250d/i3g4250d.c **** 
 181:Drivers/BSP/Components/i3g4250d/i3g4250d.c **** /**
 182:Drivers/BSP/Components/i3g4250d/i3g4250d.c ****   * @brief  Set I3G4250D Interrupt INT1 configuration
 183:Drivers/BSP/Components/i3g4250d/i3g4250d.c ****   * @param  Int1Config: the configuration setting for the I3G4250D Interrupt.
 184:Drivers/BSP/Components/i3g4250d/i3g4250d.c ****   * @retval None
 185:Drivers/BSP/Components/i3g4250d/i3g4250d.c ****   */
 186:Drivers/BSP/Components/i3g4250d/i3g4250d.c **** void I3G4250D_INT1InterruptConfig(uint16_t Int1Config)
 187:Drivers/BSP/Components/i3g4250d/i3g4250d.c **** {
 231              		.loc 1 187 1 is_stmt 1 view -0
 232              		.cfi_startproc
 233              		@ args = 0, pretend = 0, frame = 8
 234              		@ frame_needed = 0, uses_anonymous_args = 0
 235              		.loc 1 187 1 is_stmt 0 view .LVU38
 236 0000 10B5     		push	{r4, lr}
 237              		.cfi_def_cfa_offset 8
 238              		.cfi_offset 4, -8
 239              		.cfi_offset 14, -4
 240 0002 82B0     		sub	sp, sp, #8
 241              		.cfi_def_cfa_offset 16
 242 0004 0446     		mov	r4, r0
 188:Drivers/BSP/Components/i3g4250d/i3g4250d.c ****   uint8_t ctrl_cfr = 0x00, ctrl3 = 0x00;
 243              		.loc 1 188 3 is_stmt 1 view .LVU39
 244              		.loc 1 188 11 is_stmt 0 view .LVU40
 245 0006 0023     		movs	r3, #0
 246 0008 8DF80730 		strb	r3, [sp, #7]
 247              		.loc 1 188 28 view .LVU41
 248 000c 8DF80630 		strb	r3, [sp, #6]
 189:Drivers/BSP/Components/i3g4250d/i3g4250d.c **** 
 190:Drivers/BSP/Components/i3g4250d/i3g4250d.c ****   /* Read INT1_CFG register */
 191:Drivers/BSP/Components/i3g4250d/i3g4250d.c ****   GYRO_IO_Read(&ctrl_cfr, I3G4250D_INT1_CFG_ADDR, 1);
 249              		.loc 1 191 3 is_stmt 1 view .LVU42
 250 0010 0122     		movs	r2, #1
ARM GAS  /var/folders/0z/tsy30v1j4xl4_7kw94k978ww0000gn/T//ccJA258U.s 			page 9


 251 0012 3021     		movs	r1, #48
 252 0014 0DF10700 		add	r0, sp, #7
 253              	.LVL12:
 254              		.loc 1 191 3 is_stmt 0 view .LVU43
 255 0018 FFF7FEFF 		bl	GYRO_IO_Read
 256              	.LVL13:
 192:Drivers/BSP/Components/i3g4250d/i3g4250d.c **** 
 193:Drivers/BSP/Components/i3g4250d/i3g4250d.c ****   /* Read CTRL_REG3 register */
 194:Drivers/BSP/Components/i3g4250d/i3g4250d.c ****   GYRO_IO_Read(&ctrl3, I3G4250D_CTRL_REG3_ADDR, 1);
 257              		.loc 1 194 3 is_stmt 1 view .LVU44
 258 001c 0122     		movs	r2, #1
 259 001e 2221     		movs	r1, #34
 260 0020 0DF10600 		add	r0, sp, #6
 261 0024 FFF7FEFF 		bl	GYRO_IO_Read
 262              	.LVL14:
 195:Drivers/BSP/Components/i3g4250d/i3g4250d.c **** 
 196:Drivers/BSP/Components/i3g4250d/i3g4250d.c ****   ctrl_cfr &= 0x80;
 263              		.loc 1 196 3 view .LVU45
 264              		.loc 1 196 12 is_stmt 0 view .LVU46
 265 0028 9DF80730 		ldrb	r3, [sp, #7]	@ zero_extendqisi2
 266 002c 03F08003 		and	r3, r3, #128
 267 0030 8DF80730 		strb	r3, [sp, #7]
 197:Drivers/BSP/Components/i3g4250d/i3g4250d.c ****   ctrl_cfr |= ((uint8_t) Int1Config >> 8);
 268              		.loc 1 197 3 is_stmt 1 view .LVU47
 269              		.loc 1 197 16 is_stmt 0 view .LVU48
 270 0034 E4B2     		uxtb	r4, r4
 198:Drivers/BSP/Components/i3g4250d/i3g4250d.c **** 
 199:Drivers/BSP/Components/i3g4250d/i3g4250d.c ****   ctrl3 &= 0xDF;
 271              		.loc 1 199 3 is_stmt 1 view .LVU49
 272              		.loc 1 199 9 is_stmt 0 view .LVU50
 273 0036 9DF80630 		ldrb	r3, [sp, #6]	@ zero_extendqisi2
 274 003a 03F0DF03 		and	r3, r3, #223
 275 003e 8DF80630 		strb	r3, [sp, #6]
 200:Drivers/BSP/Components/i3g4250d/i3g4250d.c ****   ctrl3 |= ((uint8_t) Int1Config);
 276              		.loc 1 200 3 is_stmt 1 view .LVU51
 277              		.loc 1 200 9 is_stmt 0 view .LVU52
 278 0042 1C43     		orrs	r4, r4, r3
 279 0044 8DF80640 		strb	r4, [sp, #6]
 201:Drivers/BSP/Components/i3g4250d/i3g4250d.c **** 
 202:Drivers/BSP/Components/i3g4250d/i3g4250d.c ****   /* Write value to MEMS INT1_CFG register */
 203:Drivers/BSP/Components/i3g4250d/i3g4250d.c ****   GYRO_IO_Write(&ctrl_cfr, I3G4250D_INT1_CFG_ADDR, 1);
 280              		.loc 1 203 3 is_stmt 1 view .LVU53
 281 0048 0122     		movs	r2, #1
 282 004a 3021     		movs	r1, #48
 283 004c 0DF10700 		add	r0, sp, #7
 284 0050 FFF7FEFF 		bl	GYRO_IO_Write
 285              	.LVL15:
 204:Drivers/BSP/Components/i3g4250d/i3g4250d.c **** 
 205:Drivers/BSP/Components/i3g4250d/i3g4250d.c ****   /* Write value to MEMS CTRL_REG3 register */
 206:Drivers/BSP/Components/i3g4250d/i3g4250d.c ****   GYRO_IO_Write(&ctrl3, I3G4250D_CTRL_REG3_ADDR, 1);
 286              		.loc 1 206 3 view .LVU54
 287 0054 0122     		movs	r2, #1
 288 0056 2221     		movs	r1, #34
 289 0058 0DF10600 		add	r0, sp, #6
 290 005c FFF7FEFF 		bl	GYRO_IO_Write
 291              	.LVL16:
 207:Drivers/BSP/Components/i3g4250d/i3g4250d.c **** }
ARM GAS  /var/folders/0z/tsy30v1j4xl4_7kw94k978ww0000gn/T//ccJA258U.s 			page 10


 292              		.loc 1 207 1 is_stmt 0 view .LVU55
 293 0060 02B0     		add	sp, sp, #8
 294              		.cfi_def_cfa_offset 8
 295              		@ sp needed
 296 0062 10BD     		pop	{r4, pc}
 297              		.cfi_endproc
 298              	.LFE5:
 300              		.section	.text.I3G4250D_EnableIT,"ax",%progbits
 301              		.align	1
 302              		.global	I3G4250D_EnableIT
 303              		.syntax unified
 304              		.thumb
 305              		.thumb_func
 307              	I3G4250D_EnableIT:
 308              	.LVL17:
 309              	.LFB6:
 208:Drivers/BSP/Components/i3g4250d/i3g4250d.c **** 
 209:Drivers/BSP/Components/i3g4250d/i3g4250d.c **** /**
 210:Drivers/BSP/Components/i3g4250d/i3g4250d.c ****   * @brief  Enable INT1 or INT2 interrupt
 211:Drivers/BSP/Components/i3g4250d/i3g4250d.c ****   * @param  IntSel: choice of INT1 or INT2
 212:Drivers/BSP/Components/i3g4250d/i3g4250d.c ****   *      This parameter can be:
 213:Drivers/BSP/Components/i3g4250d/i3g4250d.c ****   *        @arg I3G4250D_INT1
 214:Drivers/BSP/Components/i3g4250d/i3g4250d.c ****   *        @arg I3G4250D_INT2
 215:Drivers/BSP/Components/i3g4250d/i3g4250d.c ****   * @retval None
 216:Drivers/BSP/Components/i3g4250d/i3g4250d.c ****   */
 217:Drivers/BSP/Components/i3g4250d/i3g4250d.c **** void I3G4250D_EnableIT(uint8_t IntSel)
 218:Drivers/BSP/Components/i3g4250d/i3g4250d.c **** {
 310              		.loc 1 218 1 is_stmt 1 view -0
 311              		.cfi_startproc
 312              		@ args = 0, pretend = 0, frame = 8
 313              		@ frame_needed = 0, uses_anonymous_args = 0
 314              		.loc 1 218 1 is_stmt 0 view .LVU57
 315 0000 10B5     		push	{r4, lr}
 316              		.cfi_def_cfa_offset 8
 317              		.cfi_offset 4, -8
 318              		.cfi_offset 14, -4
 319 0002 82B0     		sub	sp, sp, #8
 320              		.cfi_def_cfa_offset 16
 321 0004 0446     		mov	r4, r0
 219:Drivers/BSP/Components/i3g4250d/i3g4250d.c ****   uint8_t tmpreg;
 322              		.loc 1 219 3 is_stmt 1 view .LVU58
 220:Drivers/BSP/Components/i3g4250d/i3g4250d.c **** 
 221:Drivers/BSP/Components/i3g4250d/i3g4250d.c ****   /* Read CTRL_REG3 register */
 222:Drivers/BSP/Components/i3g4250d/i3g4250d.c ****   GYRO_IO_Read(&tmpreg, I3G4250D_CTRL_REG3_ADDR, 1);
 323              		.loc 1 222 3 view .LVU59
 324 0006 0122     		movs	r2, #1
 325 0008 2221     		movs	r1, #34
 326 000a 0DF10700 		add	r0, sp, #7
 327              	.LVL18:
 328              		.loc 1 222 3 is_stmt 0 view .LVU60
 329 000e FFF7FEFF 		bl	GYRO_IO_Read
 330              	.LVL19:
 223:Drivers/BSP/Components/i3g4250d/i3g4250d.c **** 
 224:Drivers/BSP/Components/i3g4250d/i3g4250d.c ****   if (IntSel == I3G4250D_INT1)
 331              		.loc 1 224 3 is_stmt 1 view .LVU61
 332              		.loc 1 224 6 is_stmt 0 view .LVU62
 333 0012 8CB9     		cbnz	r4, .L13
ARM GAS  /var/folders/0z/tsy30v1j4xl4_7kw94k978ww0000gn/T//ccJA258U.s 			page 11


 225:Drivers/BSP/Components/i3g4250d/i3g4250d.c ****   {
 226:Drivers/BSP/Components/i3g4250d/i3g4250d.c ****     tmpreg &= 0x7F;
 334              		.loc 1 226 5 is_stmt 1 view .LVU63
 335              		.loc 1 226 12 is_stmt 0 view .LVU64
 336 0014 9DF80730 		ldrb	r3, [sp, #7]	@ zero_extendqisi2
 337 0018 03F07F03 		and	r3, r3, #127
 338 001c 8DF80730 		strb	r3, [sp, #7]
 227:Drivers/BSP/Components/i3g4250d/i3g4250d.c ****     tmpreg |= I3G4250D_INT1INTERRUPT_ENABLE;
 339              		.loc 1 227 5 is_stmt 1 view .LVU65
 340              		.loc 1 227 12 is_stmt 0 view .LVU66
 341 0020 63F07F03 		orn	r3, r3, #127
 342 0024 8DF80730 		strb	r3, [sp, #7]
 343              	.L14:
 228:Drivers/BSP/Components/i3g4250d/i3g4250d.c ****   }
 229:Drivers/BSP/Components/i3g4250d/i3g4250d.c ****   else if (IntSel == I3G4250D_INT2)
 230:Drivers/BSP/Components/i3g4250d/i3g4250d.c ****   {
 231:Drivers/BSP/Components/i3g4250d/i3g4250d.c ****     tmpreg &= 0xF7;
 232:Drivers/BSP/Components/i3g4250d/i3g4250d.c ****     tmpreg |= I3G4250D_INT2INTERRUPT_ENABLE;
 233:Drivers/BSP/Components/i3g4250d/i3g4250d.c ****   }
 234:Drivers/BSP/Components/i3g4250d/i3g4250d.c **** 
 235:Drivers/BSP/Components/i3g4250d/i3g4250d.c ****   /* Write value to MEMS CTRL_REG3 register */
 236:Drivers/BSP/Components/i3g4250d/i3g4250d.c ****   GYRO_IO_Write(&tmpreg, I3G4250D_CTRL_REG3_ADDR, 1);
 344              		.loc 1 236 3 is_stmt 1 view .LVU67
 345 0028 0122     		movs	r2, #1
 346 002a 2221     		movs	r1, #34
 347 002c 0DF10700 		add	r0, sp, #7
 348 0030 FFF7FEFF 		bl	GYRO_IO_Write
 349              	.LVL20:
 237:Drivers/BSP/Components/i3g4250d/i3g4250d.c **** }
 350              		.loc 1 237 1 is_stmt 0 view .LVU68
 351 0034 02B0     		add	sp, sp, #8
 352              		.cfi_remember_state
 353              		.cfi_def_cfa_offset 8
 354              		@ sp needed
 355 0036 10BD     		pop	{r4, pc}
 356              	.L13:
 357              		.cfi_restore_state
 229:Drivers/BSP/Components/i3g4250d/i3g4250d.c ****   {
 358              		.loc 1 229 8 is_stmt 1 view .LVU69
 229:Drivers/BSP/Components/i3g4250d/i3g4250d.c ****   {
 359              		.loc 1 229 11 is_stmt 0 view .LVU70
 360 0038 012C     		cmp	r4, #1
 361 003a F5D1     		bne	.L14
 231:Drivers/BSP/Components/i3g4250d/i3g4250d.c ****     tmpreg |= I3G4250D_INT2INTERRUPT_ENABLE;
 362              		.loc 1 231 5 is_stmt 1 view .LVU71
 231:Drivers/BSP/Components/i3g4250d/i3g4250d.c ****     tmpreg |= I3G4250D_INT2INTERRUPT_ENABLE;
 363              		.loc 1 231 12 is_stmt 0 view .LVU72
 364 003c 9DF80730 		ldrb	r3, [sp, #7]	@ zero_extendqisi2
 365 0040 03F0F703 		and	r3, r3, #247
 366 0044 8DF80730 		strb	r3, [sp, #7]
 232:Drivers/BSP/Components/i3g4250d/i3g4250d.c ****   }
 367              		.loc 1 232 5 is_stmt 1 view .LVU73
 232:Drivers/BSP/Components/i3g4250d/i3g4250d.c ****   }
 368              		.loc 1 232 12 is_stmt 0 view .LVU74
 369 0048 43F00803 		orr	r3, r3, #8
 370 004c 8DF80730 		strb	r3, [sp, #7]
 371 0050 EAE7     		b	.L14
ARM GAS  /var/folders/0z/tsy30v1j4xl4_7kw94k978ww0000gn/T//ccJA258U.s 			page 12


 372              		.cfi_endproc
 373              	.LFE6:
 375              		.section	.text.I3G4250D_DisableIT,"ax",%progbits
 376              		.align	1
 377              		.global	I3G4250D_DisableIT
 378              		.syntax unified
 379              		.thumb
 380              		.thumb_func
 382              	I3G4250D_DisableIT:
 383              	.LVL21:
 384              	.LFB7:
 238:Drivers/BSP/Components/i3g4250d/i3g4250d.c **** 
 239:Drivers/BSP/Components/i3g4250d/i3g4250d.c **** /**
 240:Drivers/BSP/Components/i3g4250d/i3g4250d.c ****   * @brief  Disable  INT1 or INT2 interrupt
 241:Drivers/BSP/Components/i3g4250d/i3g4250d.c ****   * @param  IntSel: choice of INT1 or INT2
 242:Drivers/BSP/Components/i3g4250d/i3g4250d.c ****   *      This parameter can be:
 243:Drivers/BSP/Components/i3g4250d/i3g4250d.c ****   *        @arg I3G4250D_INT1
 244:Drivers/BSP/Components/i3g4250d/i3g4250d.c ****   *        @arg I3G4250D_INT2
 245:Drivers/BSP/Components/i3g4250d/i3g4250d.c ****   * @retval None
 246:Drivers/BSP/Components/i3g4250d/i3g4250d.c ****   */
 247:Drivers/BSP/Components/i3g4250d/i3g4250d.c **** void I3G4250D_DisableIT(uint8_t IntSel)
 248:Drivers/BSP/Components/i3g4250d/i3g4250d.c **** {
 385              		.loc 1 248 1 is_stmt 1 view -0
 386              		.cfi_startproc
 387              		@ args = 0, pretend = 0, frame = 8
 388              		@ frame_needed = 0, uses_anonymous_args = 0
 389              		.loc 1 248 1 is_stmt 0 view .LVU76
 390 0000 10B5     		push	{r4, lr}
 391              		.cfi_def_cfa_offset 8
 392              		.cfi_offset 4, -8
 393              		.cfi_offset 14, -4
 394 0002 82B0     		sub	sp, sp, #8
 395              		.cfi_def_cfa_offset 16
 396 0004 0446     		mov	r4, r0
 249:Drivers/BSP/Components/i3g4250d/i3g4250d.c ****   uint8_t tmpreg;
 397              		.loc 1 249 3 is_stmt 1 view .LVU77
 250:Drivers/BSP/Components/i3g4250d/i3g4250d.c **** 
 251:Drivers/BSP/Components/i3g4250d/i3g4250d.c ****   /* Read CTRL_REG3 register */
 252:Drivers/BSP/Components/i3g4250d/i3g4250d.c ****   GYRO_IO_Read(&tmpreg, I3G4250D_CTRL_REG3_ADDR, 1);
 398              		.loc 1 252 3 view .LVU78
 399 0006 0122     		movs	r2, #1
 400 0008 2221     		movs	r1, #34
 401 000a 0DF10700 		add	r0, sp, #7
 402              	.LVL22:
 403              		.loc 1 252 3 is_stmt 0 view .LVU79
 404 000e FFF7FEFF 		bl	GYRO_IO_Read
 405              	.LVL23:
 253:Drivers/BSP/Components/i3g4250d/i3g4250d.c **** 
 254:Drivers/BSP/Components/i3g4250d/i3g4250d.c ****   if (IntSel == I3G4250D_INT1)
 406              		.loc 1 254 3 is_stmt 1 view .LVU80
 407              		.loc 1 254 6 is_stmt 0 view .LVU81
 408 0012 6CB9     		cbnz	r4, .L17
 255:Drivers/BSP/Components/i3g4250d/i3g4250d.c ****   {
 256:Drivers/BSP/Components/i3g4250d/i3g4250d.c ****     tmpreg &= 0x7F;
 409              		.loc 1 256 5 is_stmt 1 view .LVU82
 410              		.loc 1 256 12 is_stmt 0 view .LVU83
 411 0014 9DF80730 		ldrb	r3, [sp, #7]	@ zero_extendqisi2
ARM GAS  /var/folders/0z/tsy30v1j4xl4_7kw94k978ww0000gn/T//ccJA258U.s 			page 13


 412 0018 03F07F03 		and	r3, r3, #127
 413 001c 8DF80730 		strb	r3, [sp, #7]
 257:Drivers/BSP/Components/i3g4250d/i3g4250d.c ****     tmpreg |= I3G4250D_INT1INTERRUPT_DISABLE;
 414              		.loc 1 257 5 is_stmt 1 view .LVU84
 415              	.L18:
 258:Drivers/BSP/Components/i3g4250d/i3g4250d.c ****   }
 259:Drivers/BSP/Components/i3g4250d/i3g4250d.c ****   else if (IntSel == I3G4250D_INT2)
 260:Drivers/BSP/Components/i3g4250d/i3g4250d.c ****   {
 261:Drivers/BSP/Components/i3g4250d/i3g4250d.c ****     tmpreg &= 0xF7;
 262:Drivers/BSP/Components/i3g4250d/i3g4250d.c ****     tmpreg |= I3G4250D_INT2INTERRUPT_DISABLE;
 263:Drivers/BSP/Components/i3g4250d/i3g4250d.c ****   }
 264:Drivers/BSP/Components/i3g4250d/i3g4250d.c **** 
 265:Drivers/BSP/Components/i3g4250d/i3g4250d.c ****   /* Write value to MEMS CTRL_REG3 register */
 266:Drivers/BSP/Components/i3g4250d/i3g4250d.c ****   GYRO_IO_Write(&tmpreg, I3G4250D_CTRL_REG3_ADDR, 1);
 416              		.loc 1 266 3 view .LVU85
 417 0020 0122     		movs	r2, #1
 418 0022 2221     		movs	r1, #34
 419 0024 0DF10700 		add	r0, sp, #7
 420 0028 FFF7FEFF 		bl	GYRO_IO_Write
 421              	.LVL24:
 267:Drivers/BSP/Components/i3g4250d/i3g4250d.c **** }
 422              		.loc 1 267 1 is_stmt 0 view .LVU86
 423 002c 02B0     		add	sp, sp, #8
 424              		.cfi_remember_state
 425              		.cfi_def_cfa_offset 8
 426              		@ sp needed
 427 002e 10BD     		pop	{r4, pc}
 428              	.L17:
 429              		.cfi_restore_state
 259:Drivers/BSP/Components/i3g4250d/i3g4250d.c ****   {
 430              		.loc 1 259 8 is_stmt 1 view .LVU87
 259:Drivers/BSP/Components/i3g4250d/i3g4250d.c ****   {
 431              		.loc 1 259 11 is_stmt 0 view .LVU88
 432 0030 012C     		cmp	r4, #1
 433 0032 F5D1     		bne	.L18
 261:Drivers/BSP/Components/i3g4250d/i3g4250d.c ****     tmpreg |= I3G4250D_INT2INTERRUPT_DISABLE;
 434              		.loc 1 261 5 is_stmt 1 view .LVU89
 261:Drivers/BSP/Components/i3g4250d/i3g4250d.c ****     tmpreg |= I3G4250D_INT2INTERRUPT_DISABLE;
 435              		.loc 1 261 12 is_stmt 0 view .LVU90
 436 0034 9DF80730 		ldrb	r3, [sp, #7]	@ zero_extendqisi2
 437 0038 23F00803 		bic	r3, r3, #8
 438 003c 8DF80730 		strb	r3, [sp, #7]
 262:Drivers/BSP/Components/i3g4250d/i3g4250d.c ****   }
 439              		.loc 1 262 5 is_stmt 1 view .LVU91
 440 0040 EEE7     		b	.L18
 441              		.cfi_endproc
 442              	.LFE7:
 444              		.section	.text.I3G4250D_FilterConfig,"ax",%progbits
 445              		.align	1
 446              		.global	I3G4250D_FilterConfig
 447              		.syntax unified
 448              		.thumb
 449              		.thumb_func
 451              	I3G4250D_FilterConfig:
 452              	.LVL25:
 453              	.LFB8:
 268:Drivers/BSP/Components/i3g4250d/i3g4250d.c **** 
ARM GAS  /var/folders/0z/tsy30v1j4xl4_7kw94k978ww0000gn/T//ccJA258U.s 			page 14


 269:Drivers/BSP/Components/i3g4250d/i3g4250d.c **** /**
 270:Drivers/BSP/Components/i3g4250d/i3g4250d.c ****   * @brief  Set High Pass Filter Modality
 271:Drivers/BSP/Components/i3g4250d/i3g4250d.c ****   * @param  FilterStruct: contains the configuration setting for the L3GD20.
 272:Drivers/BSP/Components/i3g4250d/i3g4250d.c ****   * @retval None
 273:Drivers/BSP/Components/i3g4250d/i3g4250d.c ****   */
 274:Drivers/BSP/Components/i3g4250d/i3g4250d.c **** void I3G4250D_FilterConfig(uint8_t FilterStruct)
 275:Drivers/BSP/Components/i3g4250d/i3g4250d.c **** {
 454              		.loc 1 275 1 view -0
 455              		.cfi_startproc
 456              		@ args = 0, pretend = 0, frame = 8
 457              		@ frame_needed = 0, uses_anonymous_args = 0
 458              		.loc 1 275 1 is_stmt 0 view .LVU93
 459 0000 10B5     		push	{r4, lr}
 460              		.cfi_def_cfa_offset 8
 461              		.cfi_offset 4, -8
 462              		.cfi_offset 14, -4
 463 0002 82B0     		sub	sp, sp, #8
 464              		.cfi_def_cfa_offset 16
 465 0004 0446     		mov	r4, r0
 276:Drivers/BSP/Components/i3g4250d/i3g4250d.c ****   uint8_t tmpreg;
 466              		.loc 1 276 3 is_stmt 1 view .LVU94
 277:Drivers/BSP/Components/i3g4250d/i3g4250d.c **** 
 278:Drivers/BSP/Components/i3g4250d/i3g4250d.c ****   /* Read CTRL_REG2 register */
 279:Drivers/BSP/Components/i3g4250d/i3g4250d.c ****   GYRO_IO_Read(&tmpreg, I3G4250D_CTRL_REG2_ADDR, 1);
 467              		.loc 1 279 3 view .LVU95
 468 0006 0122     		movs	r2, #1
 469 0008 2121     		movs	r1, #33
 470 000a 0DF10700 		add	r0, sp, #7
 471              	.LVL26:
 472              		.loc 1 279 3 is_stmt 0 view .LVU96
 473 000e FFF7FEFF 		bl	GYRO_IO_Read
 474              	.LVL27:
 280:Drivers/BSP/Components/i3g4250d/i3g4250d.c **** 
 281:Drivers/BSP/Components/i3g4250d/i3g4250d.c ****   tmpreg &= 0xC0;
 475              		.loc 1 281 3 is_stmt 1 view .LVU97
 476              		.loc 1 281 10 is_stmt 0 view .LVU98
 477 0012 9DF80730 		ldrb	r3, [sp, #7]	@ zero_extendqisi2
 478 0016 03F0C003 		and	r3, r3, #192
 479 001a 8DF80730 		strb	r3, [sp, #7]
 282:Drivers/BSP/Components/i3g4250d/i3g4250d.c **** 
 283:Drivers/BSP/Components/i3g4250d/i3g4250d.c ****   /* Configure MEMS: mode and cutoff frequency */
 284:Drivers/BSP/Components/i3g4250d/i3g4250d.c ****   tmpreg |= FilterStruct;
 480              		.loc 1 284 3 is_stmt 1 view .LVU99
 481              		.loc 1 284 10 is_stmt 0 view .LVU100
 482 001e 2343     		orrs	r3, r3, r4
 483 0020 8DF80730 		strb	r3, [sp, #7]
 285:Drivers/BSP/Components/i3g4250d/i3g4250d.c **** 
 286:Drivers/BSP/Components/i3g4250d/i3g4250d.c ****   /* Write value to MEMS CTRL_REG2 register */
 287:Drivers/BSP/Components/i3g4250d/i3g4250d.c ****   GYRO_IO_Write(&tmpreg, I3G4250D_CTRL_REG2_ADDR, 1);
 484              		.loc 1 287 3 is_stmt 1 view .LVU101
 485 0024 0122     		movs	r2, #1
 486 0026 2121     		movs	r1, #33
 487 0028 0DF10700 		add	r0, sp, #7
 488 002c FFF7FEFF 		bl	GYRO_IO_Write
 489              	.LVL28:
 288:Drivers/BSP/Components/i3g4250d/i3g4250d.c **** }
 490              		.loc 1 288 1 is_stmt 0 view .LVU102
ARM GAS  /var/folders/0z/tsy30v1j4xl4_7kw94k978ww0000gn/T//ccJA258U.s 			page 15


 491 0030 02B0     		add	sp, sp, #8
 492              		.cfi_def_cfa_offset 8
 493              		@ sp needed
 494 0032 10BD     		pop	{r4, pc}
 495              		.cfi_endproc
 496              	.LFE8:
 498              		.section	.text.I3G4250D_FilterCmd,"ax",%progbits
 499              		.align	1
 500              		.global	I3G4250D_FilterCmd
 501              		.syntax unified
 502              		.thumb
 503              		.thumb_func
 505              	I3G4250D_FilterCmd:
 506              	.LVL29:
 507              	.LFB9:
 289:Drivers/BSP/Components/i3g4250d/i3g4250d.c **** 
 290:Drivers/BSP/Components/i3g4250d/i3g4250d.c **** /**
 291:Drivers/BSP/Components/i3g4250d/i3g4250d.c ****   * @brief  Enable or Disable High Pass Filter
 292:Drivers/BSP/Components/i3g4250d/i3g4250d.c ****   * @param  HighPassFilterState: new state of the High Pass Filter feature.
 293:Drivers/BSP/Components/i3g4250d/i3g4250d.c ****   *      This parameter can be:
 294:Drivers/BSP/Components/i3g4250d/i3g4250d.c ****   *         @arg: I3G4250D_HIGHPASSFILTER_DISABLE
 295:Drivers/BSP/Components/i3g4250d/i3g4250d.c ****   *         @arg: I3G4250D_HIGHPASSFILTER_ENABLE
 296:Drivers/BSP/Components/i3g4250d/i3g4250d.c ****   * @retval None
 297:Drivers/BSP/Components/i3g4250d/i3g4250d.c ****   */
 298:Drivers/BSP/Components/i3g4250d/i3g4250d.c **** void I3G4250D_FilterCmd(uint8_t HighPassFilterState)
 299:Drivers/BSP/Components/i3g4250d/i3g4250d.c **** {
 508              		.loc 1 299 1 is_stmt 1 view -0
 509              		.cfi_startproc
 510              		@ args = 0, pretend = 0, frame = 8
 511              		@ frame_needed = 0, uses_anonymous_args = 0
 512              		.loc 1 299 1 is_stmt 0 view .LVU104
 513 0000 10B5     		push	{r4, lr}
 514              		.cfi_def_cfa_offset 8
 515              		.cfi_offset 4, -8
 516              		.cfi_offset 14, -4
 517 0002 82B0     		sub	sp, sp, #8
 518              		.cfi_def_cfa_offset 16
 519 0004 0446     		mov	r4, r0
 300:Drivers/BSP/Components/i3g4250d/i3g4250d.c ****   uint8_t tmpreg;
 520              		.loc 1 300 3 is_stmt 1 view .LVU105
 301:Drivers/BSP/Components/i3g4250d/i3g4250d.c **** 
 302:Drivers/BSP/Components/i3g4250d/i3g4250d.c ****   /* Read CTRL_REG5 register */
 303:Drivers/BSP/Components/i3g4250d/i3g4250d.c ****   GYRO_IO_Read(&tmpreg, I3G4250D_CTRL_REG5_ADDR, 1);
 521              		.loc 1 303 3 view .LVU106
 522 0006 0122     		movs	r2, #1
 523 0008 2421     		movs	r1, #36
 524 000a 0DF10700 		add	r0, sp, #7
 525              	.LVL30:
 526              		.loc 1 303 3 is_stmt 0 view .LVU107
 527 000e FFF7FEFF 		bl	GYRO_IO_Read
 528              	.LVL31:
 304:Drivers/BSP/Components/i3g4250d/i3g4250d.c **** 
 305:Drivers/BSP/Components/i3g4250d/i3g4250d.c ****   tmpreg &= 0xEF;
 529              		.loc 1 305 3 is_stmt 1 view .LVU108
 530              		.loc 1 305 10 is_stmt 0 view .LVU109
 531 0012 9DF80730 		ldrb	r3, [sp, #7]	@ zero_extendqisi2
 532 0016 03F0EF03 		and	r3, r3, #239
ARM GAS  /var/folders/0z/tsy30v1j4xl4_7kw94k978ww0000gn/T//ccJA258U.s 			page 16


 533 001a 8DF80730 		strb	r3, [sp, #7]
 306:Drivers/BSP/Components/i3g4250d/i3g4250d.c **** 
 307:Drivers/BSP/Components/i3g4250d/i3g4250d.c ****   tmpreg |= HighPassFilterState;
 534              		.loc 1 307 3 is_stmt 1 view .LVU110
 535              		.loc 1 307 10 is_stmt 0 view .LVU111
 536 001e 2343     		orrs	r3, r3, r4
 537 0020 8DF80730 		strb	r3, [sp, #7]
 308:Drivers/BSP/Components/i3g4250d/i3g4250d.c **** 
 309:Drivers/BSP/Components/i3g4250d/i3g4250d.c ****   /* Write value to MEMS CTRL_REG5 register */
 310:Drivers/BSP/Components/i3g4250d/i3g4250d.c ****   GYRO_IO_Write(&tmpreg, I3G4250D_CTRL_REG5_ADDR, 1);
 538              		.loc 1 310 3 is_stmt 1 view .LVU112
 539 0024 0122     		movs	r2, #1
 540 0026 2421     		movs	r1, #36
 541 0028 0DF10700 		add	r0, sp, #7
 542 002c FFF7FEFF 		bl	GYRO_IO_Write
 543              	.LVL32:
 311:Drivers/BSP/Components/i3g4250d/i3g4250d.c **** }
 544              		.loc 1 311 1 is_stmt 0 view .LVU113
 545 0030 02B0     		add	sp, sp, #8
 546              		.cfi_def_cfa_offset 8
 547              		@ sp needed
 548 0032 10BD     		pop	{r4, pc}
 549              		.cfi_endproc
 550              	.LFE9:
 552              		.section	.text.I3G4250D_ReadXYZAngRate,"ax",%progbits
 553              		.align	1
 554              		.global	I3G4250D_ReadXYZAngRate
 555              		.syntax unified
 556              		.thumb
 557              		.thumb_func
 559              	I3G4250D_ReadXYZAngRate:
 560              	.LVL33:
 561              	.LFB11:
 312:Drivers/BSP/Components/i3g4250d/i3g4250d.c **** 
 313:Drivers/BSP/Components/i3g4250d/i3g4250d.c **** /**
 314:Drivers/BSP/Components/i3g4250d/i3g4250d.c ****   * @brief  Get status for I3G4250D data
 315:Drivers/BSP/Components/i3g4250d/i3g4250d.c ****   * @param  None
 316:Drivers/BSP/Components/i3g4250d/i3g4250d.c ****   * @retval Data status in a I3G4250D Data
 317:Drivers/BSP/Components/i3g4250d/i3g4250d.c ****   */
 318:Drivers/BSP/Components/i3g4250d/i3g4250d.c **** uint8_t I3G4250D_GetDataStatus(void)
 319:Drivers/BSP/Components/i3g4250d/i3g4250d.c **** {
 320:Drivers/BSP/Components/i3g4250d/i3g4250d.c ****   uint8_t tmpreg;
 321:Drivers/BSP/Components/i3g4250d/i3g4250d.c **** 
 322:Drivers/BSP/Components/i3g4250d/i3g4250d.c ****   /* Read STATUS_REG register */
 323:Drivers/BSP/Components/i3g4250d/i3g4250d.c ****   GYRO_IO_Read(&tmpreg, I3G4250D_STATUS_REG_ADDR, 1);
 324:Drivers/BSP/Components/i3g4250d/i3g4250d.c **** 
 325:Drivers/BSP/Components/i3g4250d/i3g4250d.c ****   return tmpreg;
 326:Drivers/BSP/Components/i3g4250d/i3g4250d.c **** }
 327:Drivers/BSP/Components/i3g4250d/i3g4250d.c **** 
 328:Drivers/BSP/Components/i3g4250d/i3g4250d.c **** /**
 329:Drivers/BSP/Components/i3g4250d/i3g4250d.c **** * @brief  Calculate the I3G4250D angular data.
 330:Drivers/BSP/Components/i3g4250d/i3g4250d.c **** * @param  pfData: Data out pointer
 331:Drivers/BSP/Components/i3g4250d/i3g4250d.c **** * @retval None
 332:Drivers/BSP/Components/i3g4250d/i3g4250d.c **** */
 333:Drivers/BSP/Components/i3g4250d/i3g4250d.c **** void I3G4250D_ReadXYZAngRate(float *pfData)
 334:Drivers/BSP/Components/i3g4250d/i3g4250d.c **** {
 562              		.loc 1 334 1 is_stmt 1 view -0
ARM GAS  /var/folders/0z/tsy30v1j4xl4_7kw94k978ww0000gn/T//ccJA258U.s 			page 17


 563              		.cfi_startproc
 564              		@ args = 0, pretend = 0, frame = 24
 565              		@ frame_needed = 0, uses_anonymous_args = 0
 566              		.loc 1 334 1 is_stmt 0 view .LVU115
 567 0000 10B5     		push	{r4, lr}
 568              		.cfi_def_cfa_offset 8
 569              		.cfi_offset 4, -8
 570              		.cfi_offset 14, -4
 571 0002 86B0     		sub	sp, sp, #24
 572              		.cfi_def_cfa_offset 32
 573 0004 0446     		mov	r4, r0
 335:Drivers/BSP/Components/i3g4250d/i3g4250d.c ****   uint8_t tmpbuffer[6] = {0};
 574              		.loc 1 335 3 is_stmt 1 view .LVU116
 575              		.loc 1 335 11 is_stmt 0 view .LVU117
 576 0006 0023     		movs	r3, #0
 577 0008 0493     		str	r3, [sp, #16]
 578 000a ADF81430 		strh	r3, [sp, #20]	@ movhi
 336:Drivers/BSP/Components/i3g4250d/i3g4250d.c ****   int16_t RawData[3] = {0};
 579              		.loc 1 336 3 is_stmt 1 view .LVU118
 580              		.loc 1 336 11 is_stmt 0 view .LVU119
 581 000e 0293     		str	r3, [sp, #8]
 582 0010 ADF80C30 		strh	r3, [sp, #12]	@ movhi
 337:Drivers/BSP/Components/i3g4250d/i3g4250d.c ****   uint8_t tmpreg = 0;
 583              		.loc 1 337 3 is_stmt 1 view .LVU120
 584              		.loc 1 337 11 is_stmt 0 view .LVU121
 585 0014 8DF80730 		strb	r3, [sp, #7]
 338:Drivers/BSP/Components/i3g4250d/i3g4250d.c ****   float sensitivity = 0;
 586              		.loc 1 338 3 is_stmt 1 view .LVU122
 587              	.LVL34:
 339:Drivers/BSP/Components/i3g4250d/i3g4250d.c ****   int i = 0;
 588              		.loc 1 339 3 view .LVU123
 340:Drivers/BSP/Components/i3g4250d/i3g4250d.c **** 
 341:Drivers/BSP/Components/i3g4250d/i3g4250d.c ****   GYRO_IO_Read(&tmpreg, I3G4250D_CTRL_REG4_ADDR, 1);
 589              		.loc 1 341 3 view .LVU124
 590 0018 0122     		movs	r2, #1
 591 001a 2321     		movs	r1, #35
 592 001c 0DF10700 		add	r0, sp, #7
 593              	.LVL35:
 594              		.loc 1 341 3 is_stmt 0 view .LVU125
 595 0020 FFF7FEFF 		bl	GYRO_IO_Read
 596              	.LVL36:
 342:Drivers/BSP/Components/i3g4250d/i3g4250d.c **** 
 343:Drivers/BSP/Components/i3g4250d/i3g4250d.c ****   GYRO_IO_Read(tmpbuffer, I3G4250D_OUT_X_L_ADDR, 6);
 597              		.loc 1 343 3 is_stmt 1 view .LVU126
 598 0024 0622     		movs	r2, #6
 599 0026 2821     		movs	r1, #40
 600 0028 04A8     		add	r0, sp, #16
 601 002a FFF7FEFF 		bl	GYRO_IO_Read
 602              	.LVL37:
 344:Drivers/BSP/Components/i3g4250d/i3g4250d.c **** 
 345:Drivers/BSP/Components/i3g4250d/i3g4250d.c ****   /* check in the control register 4 the data alignment (Big Endian or Little Endian)*/
 346:Drivers/BSP/Components/i3g4250d/i3g4250d.c ****   if (!(tmpreg & I3G4250D_BLE_MSB))
 603              		.loc 1 346 3 view .LVU127
 604              		.loc 1 346 16 is_stmt 0 view .LVU128
 605 002e 9DF80710 		ldrb	r1, [sp, #7]	@ zero_extendqisi2
 606              		.loc 1 346 6 view .LVU129
 607 0032 11F0400F 		tst	r1, #64
ARM GAS  /var/folders/0z/tsy30v1j4xl4_7kw94k978ww0000gn/T//ccJA258U.s 			page 18


 608 0036 12D0     		beq	.L33
 347:Drivers/BSP/Components/i3g4250d/i3g4250d.c ****   {
 348:Drivers/BSP/Components/i3g4250d/i3g4250d.c ****     for (i = 0; i < 3; i++)
 349:Drivers/BSP/Components/i3g4250d/i3g4250d.c ****     {
 350:Drivers/BSP/Components/i3g4250d/i3g4250d.c ****       RawData[i] = (int16_t)(((uint16_t)tmpbuffer[2 * i + 1] << 8) + tmpbuffer[2 * i]);
 351:Drivers/BSP/Components/i3g4250d/i3g4250d.c ****     }
 352:Drivers/BSP/Components/i3g4250d/i3g4250d.c ****   }
 353:Drivers/BSP/Components/i3g4250d/i3g4250d.c ****   else
 354:Drivers/BSP/Components/i3g4250d/i3g4250d.c ****   {
 355:Drivers/BSP/Components/i3g4250d/i3g4250d.c ****     for (i = 0; i < 3; i++)
 609              		.loc 1 355 12 view .LVU130
 610 0038 0022     		movs	r2, #0
 611              	.LVL38:
 612              	.L26:
 613              		.loc 1 355 19 is_stmt 1 discriminator 1 view .LVU131
 614 003a 022A     		cmp	r2, #2
 615 003c 22DC     		bgt	.L28
 356:Drivers/BSP/Components/i3g4250d/i3g4250d.c ****     {
 357:Drivers/BSP/Components/i3g4250d/i3g4250d.c ****       RawData[i] = (int16_t)(((uint16_t)tmpbuffer[2 * i] << 8) + tmpbuffer[2 * i + 1]);
 616              		.loc 1 357 7 discriminator 3 view .LVU132
 617              		.loc 1 357 53 is_stmt 0 discriminator 3 view .LVU133
 618 003e 5300     		lsls	r3, r2, #1
 619              		.loc 1 357 50 discriminator 3 view .LVU134
 620 0040 06A8     		add	r0, sp, #24
 621 0042 00EB4200 		add	r0, r0, r2, lsl #1
 622 0046 10F808CC 		ldrb	ip, [r0, #-8]	@ zero_extendqisi2
 623              		.loc 1 357 75 discriminator 3 view .LVU135
 624 004a 1933     		adds	r3, r3, #25
 625 004c 6B44     		add	r3, sp, r3
 626 004e 13F8083C 		ldrb	r3, [r3, #-8]	@ zero_extendqisi2
 627              		.loc 1 357 64 discriminator 3 view .LVU136
 628 0052 03EB0C23 		add	r3, r3, ip, lsl #8
 629              		.loc 1 357 18 discriminator 3 view .LVU137
 630 0056 20F8103C 		strh	r3, [r0, #-16]	@ movhi
 355:Drivers/BSP/Components/i3g4250d/i3g4250d.c ****     {
 631              		.loc 1 355 25 is_stmt 1 discriminator 3 view .LVU138
 632 005a 0132     		adds	r2, r2, #1
 633              	.LVL39:
 355:Drivers/BSP/Components/i3g4250d/i3g4250d.c ****     {
 634              		.loc 1 355 25 is_stmt 0 discriminator 3 view .LVU139
 635 005c EDE7     		b	.L26
 636              	.LVL40:
 637              	.L33:
 348:Drivers/BSP/Components/i3g4250d/i3g4250d.c ****     {
 638              		.loc 1 348 12 view .LVU140
 639 005e 0022     		movs	r2, #0
 640              	.LVL41:
 641              	.L25:
 348:Drivers/BSP/Components/i3g4250d/i3g4250d.c ****     {
 642              		.loc 1 348 19 is_stmt 1 discriminator 1 view .LVU141
 643 0060 022A     		cmp	r2, #2
 644 0062 0FDC     		bgt	.L28
 350:Drivers/BSP/Components/i3g4250d/i3g4250d.c ****     }
 645              		.loc 1 350 7 discriminator 3 view .LVU142
 350:Drivers/BSP/Components/i3g4250d/i3g4250d.c ****     }
 646              		.loc 1 350 53 is_stmt 0 discriminator 3 view .LVU143
 647 0064 5300     		lsls	r3, r2, #1
ARM GAS  /var/folders/0z/tsy30v1j4xl4_7kw94k978ww0000gn/T//ccJA258U.s 			page 19


 350:Drivers/BSP/Components/i3g4250d/i3g4250d.c ****     }
 648              		.loc 1 350 50 discriminator 3 view .LVU144
 649 0066 03F11900 		add	r0, r3, #25
 650 006a 6844     		add	r0, sp, r0
 651 006c 10F808CC 		ldrb	ip, [r0, #-8]	@ zero_extendqisi2
 350:Drivers/BSP/Components/i3g4250d/i3g4250d.c ****     }
 652              		.loc 1 350 79 discriminator 3 view .LVU145
 653 0070 1833     		adds	r3, r3, #24
 654 0072 6B44     		add	r3, sp, r3
 655 0074 13F8080C 		ldrb	r0, [r3, #-8]	@ zero_extendqisi2
 350:Drivers/BSP/Components/i3g4250d/i3g4250d.c ****     }
 656              		.loc 1 350 68 discriminator 3 view .LVU146
 657 0078 00EB0C20 		add	r0, r0, ip, lsl #8
 350:Drivers/BSP/Components/i3g4250d/i3g4250d.c ****     }
 658              		.loc 1 350 18 discriminator 3 view .LVU147
 659 007c 23F8100C 		strh	r0, [r3, #-16]	@ movhi
 348:Drivers/BSP/Components/i3g4250d/i3g4250d.c ****     {
 660              		.loc 1 348 25 is_stmt 1 discriminator 3 view .LVU148
 661 0080 0132     		adds	r2, r2, #1
 662              	.LVL42:
 348:Drivers/BSP/Components/i3g4250d/i3g4250d.c ****     {
 663              		.loc 1 348 25 is_stmt 0 discriminator 3 view .LVU149
 664 0082 EDE7     		b	.L25
 665              	.L28:
 358:Drivers/BSP/Components/i3g4250d/i3g4250d.c ****     }
 359:Drivers/BSP/Components/i3g4250d/i3g4250d.c ****   }
 360:Drivers/BSP/Components/i3g4250d/i3g4250d.c **** 
 361:Drivers/BSP/Components/i3g4250d/i3g4250d.c ****   /* Switch the sensitivity value set in the CRTL4 */
 362:Drivers/BSP/Components/i3g4250d/i3g4250d.c ****   switch (tmpreg & I3G4250D_FULLSCALE_SELECTION)
 666              		.loc 1 362 3 is_stmt 1 view .LVU150
 667 0084 01F03001 		and	r1, r1, #48
 668 0088 1029     		cmp	r1, #16
 669 008a 09D0     		beq	.L34
 670 008c 2029     		cmp	r1, #32
 671 008e 0AD0     		beq	.L35
 672 0090 19B1     		cbz	r1, .L38
 673 0092 9FED107A 		vldr.32	s14, .L39
 674              	.L30:
 675              	.LVL43:
 363:Drivers/BSP/Components/i3g4250d/i3g4250d.c ****   {
 364:Drivers/BSP/Components/i3g4250d/i3g4250d.c ****     case I3G4250D_FULLSCALE_245:
 365:Drivers/BSP/Components/i3g4250d/i3g4250d.c ****       sensitivity = I3G4250D_SENSITIVITY_245DPS;
 366:Drivers/BSP/Components/i3g4250d/i3g4250d.c ****       break;
 367:Drivers/BSP/Components/i3g4250d/i3g4250d.c **** 
 368:Drivers/BSP/Components/i3g4250d/i3g4250d.c ****     case I3G4250D_FULLSCALE_500:
 369:Drivers/BSP/Components/i3g4250d/i3g4250d.c ****       sensitivity = I3G4250D_SENSITIVITY_500DPS;
 370:Drivers/BSP/Components/i3g4250d/i3g4250d.c ****       break;
 371:Drivers/BSP/Components/i3g4250d/i3g4250d.c **** 
 372:Drivers/BSP/Components/i3g4250d/i3g4250d.c ****     case I3G4250D_FULLSCALE_2000:
 373:Drivers/BSP/Components/i3g4250d/i3g4250d.c ****       sensitivity = I3G4250D_SENSITIVITY_2000DPS;
 374:Drivers/BSP/Components/i3g4250d/i3g4250d.c ****       break;
 375:Drivers/BSP/Components/i3g4250d/i3g4250d.c ****   }
 376:Drivers/BSP/Components/i3g4250d/i3g4250d.c ****   /* Multiplied by sensitivity */
 377:Drivers/BSP/Components/i3g4250d/i3g4250d.c ****   for (i = 0; i < 3; i++)
 676              		.loc 1 377 3 view .LVU151
 677              		.loc 1 377 10 is_stmt 0 view .LVU152
 678 0096 0023     		movs	r3, #0
ARM GAS  /var/folders/0z/tsy30v1j4xl4_7kw94k978ww0000gn/T//ccJA258U.s 			page 20


 679              		.loc 1 377 3 view .LVU153
 680 0098 18E0     		b	.L31
 681              	.LVL44:
 682              	.L38:
 365:Drivers/BSP/Components/i3g4250d/i3g4250d.c ****       break;
 683              		.loc 1 365 19 view .LVU154
 684 009a 9FED0F7A 		vldr.32	s14, .L39+4
 685 009e FAE7     		b	.L30
 686              	.L34:
 369:Drivers/BSP/Components/i3g4250d/i3g4250d.c ****       break;
 687              		.loc 1 369 19 view .LVU155
 688 00a0 9FED0E7A 		vldr.32	s14, .L39+8
 689 00a4 F7E7     		b	.L30
 690              	.L35:
 373:Drivers/BSP/Components/i3g4250d/i3g4250d.c ****       break;
 691              		.loc 1 373 19 view .LVU156
 692 00a6 9FED0E7A 		vldr.32	s14, .L39+12
 693 00aa F4E7     		b	.L30
 694              	.LVL45:
 695              	.L32:
 378:Drivers/BSP/Components/i3g4250d/i3g4250d.c ****   {
 379:Drivers/BSP/Components/i3g4250d/i3g4250d.c ****     pfData[i] = (float)(RawData[i] * sensitivity);
 696              		.loc 1 379 5 is_stmt 1 discriminator 3 view .LVU157
 697              		.loc 1 379 32 is_stmt 0 discriminator 3 view .LVU158
 698 00ac 06AA     		add	r2, sp, #24
 699 00ae 02EB4302 		add	r2, r2, r3, lsl #1
 700 00b2 32F9102C 		ldrsh	r2, [r2, #-16]
 701 00b6 07EE902A 		vmov	s15, r2	@ int
 702              		.loc 1 379 11 discriminator 3 view .LVU159
 703 00ba 04EB8302 		add	r2, r4, r3, lsl #2
 704              		.loc 1 379 17 discriminator 3 view .LVU160
 705 00be F8EEE77A 		vcvt.f32.s32	s15, s15
 706 00c2 67EE877A 		vmul.f32	s15, s15, s14
 707              		.loc 1 379 15 discriminator 3 view .LVU161
 708 00c6 C2ED007A 		vstr.32	s15, [r2]
 377:Drivers/BSP/Components/i3g4250d/i3g4250d.c ****   {
 709              		.loc 1 377 23 is_stmt 1 discriminator 3 view .LVU162
 710 00ca 0133     		adds	r3, r3, #1
 711              	.LVL46:
 712              	.L31:
 377:Drivers/BSP/Components/i3g4250d/i3g4250d.c ****   {
 713              		.loc 1 377 17 discriminator 1 view .LVU163
 714 00cc 022B     		cmp	r3, #2
 715 00ce EDDD     		ble	.L32
 380:Drivers/BSP/Components/i3g4250d/i3g4250d.c ****   }
 381:Drivers/BSP/Components/i3g4250d/i3g4250d.c **** }
 716              		.loc 1 381 1 is_stmt 0 view .LVU164
 717 00d0 06B0     		add	sp, sp, #24
 718              		.cfi_def_cfa_offset 8
 719              		@ sp needed
 720 00d2 10BD     		pop	{r4, pc}
 721              	.LVL47:
 722              	.L40:
 723              		.loc 1 381 1 view .LVU165
 724              		.align	2
 725              	.L39:
 726 00d4 00000000 		.word	0
ARM GAS  /var/folders/0z/tsy30v1j4xl4_7kw94k978ww0000gn/T//ccJA258U.s 			page 21


 727 00d8 00000C41 		.word	1091305472
 728 00dc 00008C41 		.word	1099694080
 729 00e0 00008C42 		.word	1116471296
 730              		.cfi_endproc
 731              	.LFE11:
 733              		.section	.text.I3G4250D_GetDataStatus,"ax",%progbits
 734              		.align	1
 735              		.global	I3G4250D_GetDataStatus
 736              		.syntax unified
 737              		.thumb
 738              		.thumb_func
 740              	I3G4250D_GetDataStatus:
 741              	.LFB10:
 319:Drivers/BSP/Components/i3g4250d/i3g4250d.c ****   uint8_t tmpreg;
 742              		.loc 1 319 1 is_stmt 1 view -0
 743              		.cfi_startproc
 744              		@ args = 0, pretend = 0, frame = 8
 745              		@ frame_needed = 0, uses_anonymous_args = 0
 746 0000 00B5     		push	{lr}
 747              		.cfi_def_cfa_offset 4
 748              		.cfi_offset 14, -4
 749 0002 83B0     		sub	sp, sp, #12
 750              		.cfi_def_cfa_offset 16
 320:Drivers/BSP/Components/i3g4250d/i3g4250d.c **** 
 751              		.loc 1 320 3 view .LVU167
 323:Drivers/BSP/Components/i3g4250d/i3g4250d.c **** 
 752              		.loc 1 323 3 view .LVU168
 753 0004 0122     		movs	r2, #1
 754 0006 2721     		movs	r1, #39
 755 0008 0DF10700 		add	r0, sp, #7
 756 000c FFF7FEFF 		bl	GYRO_IO_Read
 757              	.LVL48:
 325:Drivers/BSP/Components/i3g4250d/i3g4250d.c **** }
 758              		.loc 1 325 3 view .LVU169
 326:Drivers/BSP/Components/i3g4250d/i3g4250d.c **** 
 759              		.loc 1 326 1 is_stmt 0 view .LVU170
 760 0010 9DF80700 		ldrb	r0, [sp, #7]	@ zero_extendqisi2
 761 0014 03B0     		add	sp, sp, #12
 762              		.cfi_def_cfa_offset 4
 763              		@ sp needed
 764 0016 5DF804FB 		ldr	pc, [sp], #4
 765              		.cfi_endproc
 766              	.LFE10:
 768              		.global	I3g4250Drv
 769              		.section	.data.I3g4250Drv,"aw"
 770              		.align	2
 773              	I3g4250Drv:
 774 0000 00000000 		.word	I3G4250D_Init
 775 0004 00000000 		.word	I3G4250D_DeInit
 776 0008 00000000 		.word	I3G4250D_ReadID
 777 000c 00000000 		.word	I3G4250D_RebootCmd
 778 0010 00000000 		.word	I3G4250D_LowPower
 779 0014 00000000 		.word	I3G4250D_INT1InterruptConfig
 780 0018 00000000 		.word	I3G4250D_EnableIT
 781 001c 00000000 		.word	I3G4250D_DisableIT
 782 0020 00000000 		.word	0
 783 0024 00000000 		.word	0
ARM GAS  /var/folders/0z/tsy30v1j4xl4_7kw94k978ww0000gn/T//ccJA258U.s 			page 22


 784 0028 00000000 		.word	I3G4250D_FilterConfig
 785 002c 00000000 		.word	I3G4250D_FilterCmd
 786 0030 00000000 		.word	I3G4250D_ReadXYZAngRate
 787              		.text
 788              	.Letext0:
 789              		.file 2 "/Users/johannes/Library/Application Support/Code/User/globalStorage/bmd.stm32-for-vscode/
 790              		.file 3 "/Users/johannes/Library/Application Support/Code/User/globalStorage/bmd.stm32-for-vscode/
 791              		.file 4 "Drivers/BSP/Components/i3g4250d/../Common/gyro.h"
 792              		.file 5 "Drivers/BSP/Components/i3g4250d/i3g4250d.h"
ARM GAS  /var/folders/0z/tsy30v1j4xl4_7kw94k978ww0000gn/T//ccJA258U.s 			page 23


DEFINED SYMBOLS
                            *ABS*:0000000000000000 i3g4250d.c
/var/folders/0z/tsy30v1j4xl4_7kw94k978ww0000gn/T//ccJA258U.s:20     .text.I3G4250D_DeInit:0000000000000000 $t
/var/folders/0z/tsy30v1j4xl4_7kw94k978ww0000gn/T//ccJA258U.s:26     .text.I3G4250D_DeInit:0000000000000000 I3G4250D_DeInit
/var/folders/0z/tsy30v1j4xl4_7kw94k978ww0000gn/T//ccJA258U.s:40     .text.I3G4250D_Init:0000000000000000 $t
/var/folders/0z/tsy30v1j4xl4_7kw94k978ww0000gn/T//ccJA258U.s:46     .text.I3G4250D_Init:0000000000000000 I3G4250D_Init
/var/folders/0z/tsy30v1j4xl4_7kw94k978ww0000gn/T//ccJA258U.s:97     .text.I3G4250D_LowPower:0000000000000000 $t
/var/folders/0z/tsy30v1j4xl4_7kw94k978ww0000gn/T//ccJA258U.s:103    .text.I3G4250D_LowPower:0000000000000000 I3G4250D_LowPower
/var/folders/0z/tsy30v1j4xl4_7kw94k978ww0000gn/T//ccJA258U.s:140    .text.I3G4250D_ReadID:0000000000000000 $t
/var/folders/0z/tsy30v1j4xl4_7kw94k978ww0000gn/T//ccJA258U.s:146    .text.I3G4250D_ReadID:0000000000000000 I3G4250D_ReadID
/var/folders/0z/tsy30v1j4xl4_7kw94k978ww0000gn/T//ccJA258U.s:178    .text.I3G4250D_RebootCmd:0000000000000000 $t
/var/folders/0z/tsy30v1j4xl4_7kw94k978ww0000gn/T//ccJA258U.s:184    .text.I3G4250D_RebootCmd:0000000000000000 I3G4250D_RebootCmd
/var/folders/0z/tsy30v1j4xl4_7kw94k978ww0000gn/T//ccJA258U.s:222    .text.I3G4250D_INT1InterruptConfig:0000000000000000 $t
/var/folders/0z/tsy30v1j4xl4_7kw94k978ww0000gn/T//ccJA258U.s:228    .text.I3G4250D_INT1InterruptConfig:0000000000000000 I3G4250D_INT1InterruptConfig
/var/folders/0z/tsy30v1j4xl4_7kw94k978ww0000gn/T//ccJA258U.s:301    .text.I3G4250D_EnableIT:0000000000000000 $t
/var/folders/0z/tsy30v1j4xl4_7kw94k978ww0000gn/T//ccJA258U.s:307    .text.I3G4250D_EnableIT:0000000000000000 I3G4250D_EnableIT
/var/folders/0z/tsy30v1j4xl4_7kw94k978ww0000gn/T//ccJA258U.s:376    .text.I3G4250D_DisableIT:0000000000000000 $t
/var/folders/0z/tsy30v1j4xl4_7kw94k978ww0000gn/T//ccJA258U.s:382    .text.I3G4250D_DisableIT:0000000000000000 I3G4250D_DisableIT
/var/folders/0z/tsy30v1j4xl4_7kw94k978ww0000gn/T//ccJA258U.s:445    .text.I3G4250D_FilterConfig:0000000000000000 $t
/var/folders/0z/tsy30v1j4xl4_7kw94k978ww0000gn/T//ccJA258U.s:451    .text.I3G4250D_FilterConfig:0000000000000000 I3G4250D_FilterConfig
/var/folders/0z/tsy30v1j4xl4_7kw94k978ww0000gn/T//ccJA258U.s:499    .text.I3G4250D_FilterCmd:0000000000000000 $t
/var/folders/0z/tsy30v1j4xl4_7kw94k978ww0000gn/T//ccJA258U.s:505    .text.I3G4250D_FilterCmd:0000000000000000 I3G4250D_FilterCmd
/var/folders/0z/tsy30v1j4xl4_7kw94k978ww0000gn/T//ccJA258U.s:553    .text.I3G4250D_ReadXYZAngRate:0000000000000000 $t
/var/folders/0z/tsy30v1j4xl4_7kw94k978ww0000gn/T//ccJA258U.s:559    .text.I3G4250D_ReadXYZAngRate:0000000000000000 I3G4250D_ReadXYZAngRate
/var/folders/0z/tsy30v1j4xl4_7kw94k978ww0000gn/T//ccJA258U.s:726    .text.I3G4250D_ReadXYZAngRate:00000000000000d4 $d
/var/folders/0z/tsy30v1j4xl4_7kw94k978ww0000gn/T//ccJA258U.s:734    .text.I3G4250D_GetDataStatus:0000000000000000 $t
/var/folders/0z/tsy30v1j4xl4_7kw94k978ww0000gn/T//ccJA258U.s:740    .text.I3G4250D_GetDataStatus:0000000000000000 I3G4250D_GetDataStatus
/var/folders/0z/tsy30v1j4xl4_7kw94k978ww0000gn/T//ccJA258U.s:773    .data.I3g4250Drv:0000000000000000 I3g4250Drv
/var/folders/0z/tsy30v1j4xl4_7kw94k978ww0000gn/T//ccJA258U.s:770    .data.I3g4250Drv:0000000000000000 $d

UNDEFINED SYMBOLS
GYRO_IO_Init
GYRO_IO_Write
GYRO_IO_Read
