ARM GAS  /var/folders/0z/tsy30v1j4xl4_7kw94k978ww0000gn/T//ccGhmAQF.s 			page 1


   1              		.cpu cortex-m4
   2              		.arch armv7e-m
   3              		.fpu fpv4-sp-d16
   4              		.eabi_attribute 27, 1
   5              		.eabi_attribute 28, 1
   6              		.eabi_attribute 23, 1
   7              		.eabi_attribute 24, 1
   8              		.eabi_attribute 25, 1
   9              		.eabi_attribute 26, 1
  10              		.eabi_attribute 30, 2
  11              		.eabi_attribute 34, 1
  12              		.eabi_attribute 18, 4
  13              		.file	"lv_async.c"
  14              		.text
  15              	.Ltext0:
  16              		.cfi_sections	.debug_frame
  17              		.section	.text.lv_async_timer_cb,"ax",%progbits
  18              		.align	1
  19              		.p2align 2,,3
  20              		.syntax unified
  21              		.thumb
  22              		.thumb_func
  24              	lv_async_timer_cb:
  25              	.LVL0:
  26              	.LFB4:
  27              		.file 1 "Drivers/lvgl/src/misc/lv_async.c"
   1:Drivers/lvgl/src/misc/lv_async.c **** /**
   2:Drivers/lvgl/src/misc/lv_async.c ****  * @file lv_async.c
   3:Drivers/lvgl/src/misc/lv_async.c ****  *
   4:Drivers/lvgl/src/misc/lv_async.c ****  */
   5:Drivers/lvgl/src/misc/lv_async.c **** 
   6:Drivers/lvgl/src/misc/lv_async.c **** /*********************
   7:Drivers/lvgl/src/misc/lv_async.c ****  *      INCLUDES
   8:Drivers/lvgl/src/misc/lv_async.c ****  *********************/
   9:Drivers/lvgl/src/misc/lv_async.c **** 
  10:Drivers/lvgl/src/misc/lv_async.c **** #include "lv_async.h"
  11:Drivers/lvgl/src/misc/lv_async.c **** #include "lv_mem.h"
  12:Drivers/lvgl/src/misc/lv_async.c **** #include "lv_timer.h"
  13:Drivers/lvgl/src/misc/lv_async.c **** 
  14:Drivers/lvgl/src/misc/lv_async.c **** /*********************
  15:Drivers/lvgl/src/misc/lv_async.c ****  *      DEFINES
  16:Drivers/lvgl/src/misc/lv_async.c ****  *********************/
  17:Drivers/lvgl/src/misc/lv_async.c **** 
  18:Drivers/lvgl/src/misc/lv_async.c **** /**********************
  19:Drivers/lvgl/src/misc/lv_async.c ****  *      TYPEDEFS
  20:Drivers/lvgl/src/misc/lv_async.c ****  **********************/
  21:Drivers/lvgl/src/misc/lv_async.c **** 
  22:Drivers/lvgl/src/misc/lv_async.c **** typedef struct _lv_async_info_t {
  23:Drivers/lvgl/src/misc/lv_async.c ****     lv_async_cb_t cb;
  24:Drivers/lvgl/src/misc/lv_async.c ****     void * user_data;
  25:Drivers/lvgl/src/misc/lv_async.c **** } lv_async_info_t;
  26:Drivers/lvgl/src/misc/lv_async.c **** 
  27:Drivers/lvgl/src/misc/lv_async.c **** /**********************
  28:Drivers/lvgl/src/misc/lv_async.c ****  *  STATIC PROTOTYPES
  29:Drivers/lvgl/src/misc/lv_async.c ****  **********************/
  30:Drivers/lvgl/src/misc/lv_async.c **** 
  31:Drivers/lvgl/src/misc/lv_async.c **** static void lv_async_timer_cb(lv_timer_t * timer);
ARM GAS  /var/folders/0z/tsy30v1j4xl4_7kw94k978ww0000gn/T//ccGhmAQF.s 			page 2


  32:Drivers/lvgl/src/misc/lv_async.c **** 
  33:Drivers/lvgl/src/misc/lv_async.c **** /**********************
  34:Drivers/lvgl/src/misc/lv_async.c ****  *  STATIC VARIABLES
  35:Drivers/lvgl/src/misc/lv_async.c ****  **********************/
  36:Drivers/lvgl/src/misc/lv_async.c **** 
  37:Drivers/lvgl/src/misc/lv_async.c **** /**********************
  38:Drivers/lvgl/src/misc/lv_async.c ****  *      MACROS
  39:Drivers/lvgl/src/misc/lv_async.c ****  **********************/
  40:Drivers/lvgl/src/misc/lv_async.c **** 
  41:Drivers/lvgl/src/misc/lv_async.c **** /**********************
  42:Drivers/lvgl/src/misc/lv_async.c ****  *   GLOBAL FUNCTIONS
  43:Drivers/lvgl/src/misc/lv_async.c ****  **********************/
  44:Drivers/lvgl/src/misc/lv_async.c **** 
  45:Drivers/lvgl/src/misc/lv_async.c **** lv_res_t lv_async_call(lv_async_cb_t async_xcb, void * user_data)
  46:Drivers/lvgl/src/misc/lv_async.c **** {
  47:Drivers/lvgl/src/misc/lv_async.c ****     /*Allocate an info structure*/
  48:Drivers/lvgl/src/misc/lv_async.c ****     lv_async_info_t * info = lv_mem_alloc(sizeof(lv_async_info_t));
  49:Drivers/lvgl/src/misc/lv_async.c **** 
  50:Drivers/lvgl/src/misc/lv_async.c ****     if(info == NULL)
  51:Drivers/lvgl/src/misc/lv_async.c ****         return LV_RES_INV;
  52:Drivers/lvgl/src/misc/lv_async.c **** 
  53:Drivers/lvgl/src/misc/lv_async.c ****     /*Create a new timer*/
  54:Drivers/lvgl/src/misc/lv_async.c ****     lv_timer_t * timer = lv_timer_create(lv_async_timer_cb, 0, info);
  55:Drivers/lvgl/src/misc/lv_async.c **** 
  56:Drivers/lvgl/src/misc/lv_async.c ****     if(timer == NULL) {
  57:Drivers/lvgl/src/misc/lv_async.c ****         lv_mem_free(info);
  58:Drivers/lvgl/src/misc/lv_async.c ****         return LV_RES_INV;
  59:Drivers/lvgl/src/misc/lv_async.c ****     }
  60:Drivers/lvgl/src/misc/lv_async.c **** 
  61:Drivers/lvgl/src/misc/lv_async.c ****     info->cb = async_xcb;
  62:Drivers/lvgl/src/misc/lv_async.c ****     info->user_data = user_data;
  63:Drivers/lvgl/src/misc/lv_async.c **** 
  64:Drivers/lvgl/src/misc/lv_async.c ****     lv_timer_set_repeat_count(timer, 1);
  65:Drivers/lvgl/src/misc/lv_async.c ****     return LV_RES_OK;
  66:Drivers/lvgl/src/misc/lv_async.c **** }
  67:Drivers/lvgl/src/misc/lv_async.c **** 
  68:Drivers/lvgl/src/misc/lv_async.c **** lv_res_t lv_async_call_cancel(lv_async_cb_t async_xcb, void * user_data)
  69:Drivers/lvgl/src/misc/lv_async.c **** {
  70:Drivers/lvgl/src/misc/lv_async.c ****     lv_timer_t * timer = lv_timer_get_next(NULL);
  71:Drivers/lvgl/src/misc/lv_async.c ****     lv_res_t res = LV_RES_INV;
  72:Drivers/lvgl/src/misc/lv_async.c **** 
  73:Drivers/lvgl/src/misc/lv_async.c ****     while(timer != NULL) {
  74:Drivers/lvgl/src/misc/lv_async.c ****         /*Find the next timer node*/
  75:Drivers/lvgl/src/misc/lv_async.c ****         lv_timer_t * timer_next = lv_timer_get_next(timer);
  76:Drivers/lvgl/src/misc/lv_async.c **** 
  77:Drivers/lvgl/src/misc/lv_async.c ****         /*Find async timer callback*/
  78:Drivers/lvgl/src/misc/lv_async.c ****         if(timer->timer_cb == lv_async_timer_cb) {
  79:Drivers/lvgl/src/misc/lv_async.c ****             lv_async_info_t * info = (lv_async_info_t *)timer->user_data;
  80:Drivers/lvgl/src/misc/lv_async.c **** 
  81:Drivers/lvgl/src/misc/lv_async.c ****             /*Match user function callback and user data*/
  82:Drivers/lvgl/src/misc/lv_async.c ****             if(info->cb == async_xcb && info->user_data == user_data) {
  83:Drivers/lvgl/src/misc/lv_async.c ****                 lv_timer_del(timer);
  84:Drivers/lvgl/src/misc/lv_async.c ****                 lv_mem_free(info);
  85:Drivers/lvgl/src/misc/lv_async.c ****                 res = LV_RES_OK;
  86:Drivers/lvgl/src/misc/lv_async.c ****             }
  87:Drivers/lvgl/src/misc/lv_async.c ****         }
  88:Drivers/lvgl/src/misc/lv_async.c **** 
ARM GAS  /var/folders/0z/tsy30v1j4xl4_7kw94k978ww0000gn/T//ccGhmAQF.s 			page 3


  89:Drivers/lvgl/src/misc/lv_async.c ****         timer = timer_next;
  90:Drivers/lvgl/src/misc/lv_async.c ****     }
  91:Drivers/lvgl/src/misc/lv_async.c **** 
  92:Drivers/lvgl/src/misc/lv_async.c ****     return res;
  93:Drivers/lvgl/src/misc/lv_async.c **** }
  94:Drivers/lvgl/src/misc/lv_async.c **** 
  95:Drivers/lvgl/src/misc/lv_async.c **** /**********************
  96:Drivers/lvgl/src/misc/lv_async.c ****  *   STATIC FUNCTIONS
  97:Drivers/lvgl/src/misc/lv_async.c ****  **********************/
  98:Drivers/lvgl/src/misc/lv_async.c **** 
  99:Drivers/lvgl/src/misc/lv_async.c **** static void lv_async_timer_cb(lv_timer_t * timer)
 100:Drivers/lvgl/src/misc/lv_async.c **** {
  28              		.loc 1 100 1 view -0
  29              		.cfi_startproc
  30              		@ args = 0, pretend = 0, frame = 0
  31              		@ frame_needed = 0, uses_anonymous_args = 0
 101:Drivers/lvgl/src/misc/lv_async.c ****     lv_async_info_t * info = (lv_async_info_t *)timer->user_data;
  32              		.loc 1 101 5 view .LVU1
 100:Drivers/lvgl/src/misc/lv_async.c ****     lv_async_info_t * info = (lv_async_info_t *)timer->user_data;
  33              		.loc 1 100 1 is_stmt 0 view .LVU2
  34 0000 10B5     		push	{r4, lr}
  35              		.cfi_def_cfa_offset 8
  36              		.cfi_offset 4, -8
  37              		.cfi_offset 14, -4
  38              		.loc 1 101 23 view .LVU3
  39 0002 C468     		ldr	r4, [r0, #12]
  40              	.LVL1:
 102:Drivers/lvgl/src/misc/lv_async.c **** 
 103:Drivers/lvgl/src/misc/lv_async.c ****     info->cb(info->user_data);
  41              		.loc 1 103 5 is_stmt 1 view .LVU4
  42 0004 D4E90030 		ldrd	r3, r0, [r4]
  43              	.LVL2:
  44              		.loc 1 103 5 is_stmt 0 view .LVU5
  45 0008 9847     		blx	r3
  46              	.LVL3:
 104:Drivers/lvgl/src/misc/lv_async.c ****     lv_mem_free(info);
  47              		.loc 1 104 5 is_stmt 1 view .LVU6
  48 000a 2046     		mov	r0, r4
 105:Drivers/lvgl/src/misc/lv_async.c **** }
  49              		.loc 1 105 1 is_stmt 0 view .LVU7
  50 000c BDE81040 		pop	{r4, lr}
  51              		.cfi_restore 14
  52              		.cfi_restore 4
  53              		.cfi_def_cfa_offset 0
  54              	.LVL4:
 104:Drivers/lvgl/src/misc/lv_async.c ****     lv_mem_free(info);
  55              		.loc 1 104 5 view .LVU8
  56 0010 FFF7FEBF 		b	lv_mem_free
  57              	.LVL5:
 104:Drivers/lvgl/src/misc/lv_async.c ****     lv_mem_free(info);
  58              		.loc 1 104 5 view .LVU9
  59              		.cfi_endproc
  60              	.LFE4:
  62              		.section	.text.lv_async_call,"ax",%progbits
  63              		.align	1
  64              		.p2align 2,,3
  65              		.global	lv_async_call
ARM GAS  /var/folders/0z/tsy30v1j4xl4_7kw94k978ww0000gn/T//ccGhmAQF.s 			page 4


  66              		.syntax unified
  67              		.thumb
  68              		.thumb_func
  70              	lv_async_call:
  71              	.LVL6:
  72              	.LFB2:
  46:Drivers/lvgl/src/misc/lv_async.c ****     /*Allocate an info structure*/
  73              		.loc 1 46 1 is_stmt 1 view -0
  74              		.cfi_startproc
  75              		@ args = 0, pretend = 0, frame = 0
  76              		@ frame_needed = 0, uses_anonymous_args = 0
  48:Drivers/lvgl/src/misc/lv_async.c **** 
  77              		.loc 1 48 5 view .LVU11
  46:Drivers/lvgl/src/misc/lv_async.c ****     /*Allocate an info structure*/
  78              		.loc 1 46 1 is_stmt 0 view .LVU12
  79 0000 F8B5     		push	{r3, r4, r5, r6, r7, lr}
  80              		.cfi_def_cfa_offset 24
  81              		.cfi_offset 3, -24
  82              		.cfi_offset 4, -20
  83              		.cfi_offset 5, -16
  84              		.cfi_offset 6, -12
  85              		.cfi_offset 7, -8
  86              		.cfi_offset 14, -4
  46:Drivers/lvgl/src/misc/lv_async.c ****     /*Allocate an info structure*/
  87              		.loc 1 46 1 view .LVU13
  88 0002 0646     		mov	r6, r0
  48:Drivers/lvgl/src/misc/lv_async.c **** 
  89              		.loc 1 48 30 view .LVU14
  90 0004 0820     		movs	r0, #8
  91              	.LVL7:
  46:Drivers/lvgl/src/misc/lv_async.c ****     /*Allocate an info structure*/
  92              		.loc 1 46 1 view .LVU15
  93 0006 0D46     		mov	r5, r1
  48:Drivers/lvgl/src/misc/lv_async.c **** 
  94              		.loc 1 48 30 view .LVU16
  95 0008 FFF7FEFF 		bl	lv_mem_alloc
  96              	.LVL8:
  50:Drivers/lvgl/src/misc/lv_async.c ****         return LV_RES_INV;
  97              		.loc 1 50 5 is_stmt 1 view .LVU17
  50:Drivers/lvgl/src/misc/lv_async.c ****         return LV_RES_INV;
  98              		.loc 1 50 7 is_stmt 0 view .LVU18
  99 000c 0446     		mov	r4, r0
 100 000e 60B1     		cbz	r0, .L5
  54:Drivers/lvgl/src/misc/lv_async.c **** 
 101              		.loc 1 54 5 is_stmt 1 view .LVU19
  54:Drivers/lvgl/src/misc/lv_async.c **** 
 102              		.loc 1 54 26 is_stmt 0 view .LVU20
 103 0010 0246     		mov	r2, r0
 104 0012 0021     		movs	r1, #0
 105 0014 0848     		ldr	r0, .L10
 106              	.LVL9:
  54:Drivers/lvgl/src/misc/lv_async.c **** 
 107              		.loc 1 54 26 view .LVU21
 108 0016 FFF7FEFF 		bl	lv_timer_create
 109              	.LVL10:
  56:Drivers/lvgl/src/misc/lv_async.c ****         lv_mem_free(info);
 110              		.loc 1 56 5 is_stmt 1 view .LVU22
ARM GAS  /var/folders/0z/tsy30v1j4xl4_7kw94k978ww0000gn/T//ccGhmAQF.s 			page 5


  56:Drivers/lvgl/src/misc/lv_async.c ****         lv_mem_free(info);
 111              		.loc 1 56 7 is_stmt 0 view .LVU23
 112 001a 0746     		mov	r7, r0
 113 001c 30B1     		cbz	r0, .L9
  61:Drivers/lvgl/src/misc/lv_async.c ****     info->user_data = user_data;
 114              		.loc 1 61 5 is_stmt 1 view .LVU24
  62:Drivers/lvgl/src/misc/lv_async.c **** 
 115              		.loc 1 62 21 is_stmt 0 view .LVU25
 116 001e C4E90065 		strd	r6, r5, [r4]
  64:Drivers/lvgl/src/misc/lv_async.c ****     return LV_RES_OK;
 117              		.loc 1 64 5 is_stmt 1 view .LVU26
 118 0022 0121     		movs	r1, #1
 119 0024 FFF7FEFF 		bl	lv_timer_set_repeat_count
 120              	.LVL11:
  65:Drivers/lvgl/src/misc/lv_async.c **** }
 121              		.loc 1 65 5 view .LVU27
  65:Drivers/lvgl/src/misc/lv_async.c **** }
 122              		.loc 1 65 12 is_stmt 0 view .LVU28
 123 0028 0120     		movs	r0, #1
 124              	.LVL12:
 125              	.L5:
  66:Drivers/lvgl/src/misc/lv_async.c **** 
 126              		.loc 1 66 1 view .LVU29
 127 002a F8BD     		pop	{r3, r4, r5, r6, r7, pc}
 128              	.LVL13:
 129              	.L9:
  57:Drivers/lvgl/src/misc/lv_async.c ****         return LV_RES_INV;
 130              		.loc 1 57 9 is_stmt 1 view .LVU30
 131 002c 2046     		mov	r0, r4
 132              	.LVL14:
  57:Drivers/lvgl/src/misc/lv_async.c ****         return LV_RES_INV;
 133              		.loc 1 57 9 is_stmt 0 view .LVU31
 134 002e FFF7FEFF 		bl	lv_mem_free
 135              	.LVL15:
  58:Drivers/lvgl/src/misc/lv_async.c ****     }
 136              		.loc 1 58 9 is_stmt 1 view .LVU32
  58:Drivers/lvgl/src/misc/lv_async.c ****     }
 137              		.loc 1 58 16 is_stmt 0 view .LVU33
 138 0032 3846     		mov	r0, r7
  66:Drivers/lvgl/src/misc/lv_async.c **** 
 139              		.loc 1 66 1 view .LVU34
 140 0034 F8BD     		pop	{r3, r4, r5, r6, r7, pc}
 141              	.LVL16:
 142              	.L11:
  66:Drivers/lvgl/src/misc/lv_async.c **** 
 143              		.loc 1 66 1 view .LVU35
 144 0036 00BF     		.align	2
 145              	.L10:
 146 0038 00000000 		.word	lv_async_timer_cb
 147              		.cfi_endproc
 148              	.LFE2:
 150              		.section	.text.lv_async_call_cancel,"ax",%progbits
 151              		.align	1
 152              		.p2align 2,,3
 153              		.global	lv_async_call_cancel
 154              		.syntax unified
 155              		.thumb
ARM GAS  /var/folders/0z/tsy30v1j4xl4_7kw94k978ww0000gn/T//ccGhmAQF.s 			page 6


 156              		.thumb_func
 158              	lv_async_call_cancel:
 159              	.LVL17:
 160              	.LFB3:
  69:Drivers/lvgl/src/misc/lv_async.c ****     lv_timer_t * timer = lv_timer_get_next(NULL);
 161              		.loc 1 69 1 is_stmt 1 view -0
 162              		.cfi_startproc
 163              		@ args = 0, pretend = 0, frame = 8
 164              		@ frame_needed = 0, uses_anonymous_args = 0
  70:Drivers/lvgl/src/misc/lv_async.c ****     lv_res_t res = LV_RES_INV;
 165              		.loc 1 70 5 view .LVU37
  69:Drivers/lvgl/src/misc/lv_async.c ****     lv_timer_t * timer = lv_timer_get_next(NULL);
 166              		.loc 1 69 1 is_stmt 0 view .LVU38
 167 0000 2DE9F043 		push	{r4, r5, r6, r7, r8, r9, lr}
 168              		.cfi_def_cfa_offset 28
 169              		.cfi_offset 4, -28
 170              		.cfi_offset 5, -24
 171              		.cfi_offset 6, -20
 172              		.cfi_offset 7, -16
 173              		.cfi_offset 8, -12
 174              		.cfi_offset 9, -8
 175              		.cfi_offset 14, -4
 176 0004 0746     		mov	r7, r0
 177 0006 83B0     		sub	sp, sp, #12
 178              		.cfi_def_cfa_offset 40
  70:Drivers/lvgl/src/misc/lv_async.c ****     lv_res_t res = LV_RES_INV;
 179              		.loc 1 70 26 view .LVU39
 180 0008 0020     		movs	r0, #0
 181              	.LVL18:
  69:Drivers/lvgl/src/misc/lv_async.c ****     lv_timer_t * timer = lv_timer_get_next(NULL);
 182              		.loc 1 69 1 view .LVU40
 183 000a 8846     		mov	r8, r1
  70:Drivers/lvgl/src/misc/lv_async.c ****     lv_res_t res = LV_RES_INV;
 184              		.loc 1 70 26 view .LVU41
 185 000c FFF7FEFF 		bl	lv_timer_get_next
 186              	.LVL19:
  71:Drivers/lvgl/src/misc/lv_async.c **** 
 187              		.loc 1 71 5 is_stmt 1 view .LVU42
  73:Drivers/lvgl/src/misc/lv_async.c ****         /*Find the next timer node*/
 188              		.loc 1 73 5 view .LVU43
  73:Drivers/lvgl/src/misc/lv_async.c ****         /*Find the next timer node*/
 189              		.loc 1 73 17 view .LVU44
 190 0010 0446     		mov	r4, r0
 191 0012 20B3     		cbz	r0, .L16
 192 0014 144E     		ldr	r6, .L20
  71:Drivers/lvgl/src/misc/lv_async.c **** 
 193              		.loc 1 71 14 is_stmt 0 view .LVU45
 194 0016 4FF00009 		mov	r9, #0
 195              	.LVL20:
 196              	.L15:
 197              	.LBB2:
  75:Drivers/lvgl/src/misc/lv_async.c **** 
 198              		.loc 1 75 9 is_stmt 1 view .LVU46
  75:Drivers/lvgl/src/misc/lv_async.c **** 
 199              		.loc 1 75 35 is_stmt 0 view .LVU47
 200 001a 2046     		mov	r0, r4
 201 001c FFF7FEFF 		bl	lv_timer_get_next
ARM GAS  /var/folders/0z/tsy30v1j4xl4_7kw94k978ww0000gn/T//ccGhmAQF.s 			page 7


 202              	.LVL21:
  78:Drivers/lvgl/src/misc/lv_async.c ****             lv_async_info_t * info = (lv_async_info_t *)timer->user_data;
 203              		.loc 1 78 11 view .LVU48
 204 0020 A368     		ldr	r3, [r4, #8]
 205 0022 B342     		cmp	r3, r6
 206 0024 2546     		mov	r5, r4
  75:Drivers/lvgl/src/misc/lv_async.c **** 
 207              		.loc 1 75 35 view .LVU49
 208 0026 0446     		mov	r4, r0
 209              	.LVL22:
  78:Drivers/lvgl/src/misc/lv_async.c ****             lv_async_info_t * info = (lv_async_info_t *)timer->user_data;
 210              		.loc 1 78 9 is_stmt 1 view .LVU50
  78:Drivers/lvgl/src/misc/lv_async.c ****             lv_async_info_t * info = (lv_async_info_t *)timer->user_data;
 211              		.loc 1 78 11 is_stmt 0 view .LVU51
 212 0028 05D0     		beq	.L19
 213              	.L14:
 214              	.LVL23:
  78:Drivers/lvgl/src/misc/lv_async.c ****             lv_async_info_t * info = (lv_async_info_t *)timer->user_data;
 215              		.loc 1 78 11 view .LVU52
 216              	.LBE2:
  73:Drivers/lvgl/src/misc/lv_async.c ****         /*Find the next timer node*/
 217              		.loc 1 73 17 is_stmt 1 view .LVU53
 218 002a 002C     		cmp	r4, #0
 219 002c F5D1     		bne	.L15
 220              	.LVL24:
 221              	.L13:
  92:Drivers/lvgl/src/misc/lv_async.c **** }
 222              		.loc 1 92 5 view .LVU54
  93:Drivers/lvgl/src/misc/lv_async.c **** 
 223              		.loc 1 93 1 is_stmt 0 view .LVU55
 224 002e 4846     		mov	r0, r9
 225 0030 03B0     		add	sp, sp, #12
 226              		.cfi_remember_state
 227              		.cfi_def_cfa_offset 28
 228              		@ sp needed
 229 0032 BDE8F083 		pop	{r4, r5, r6, r7, r8, r9, pc}
 230              	.LVL25:
 231              	.L19:
 232              		.cfi_restore_state
 233              	.LBB4:
 234              	.LBB3:
  79:Drivers/lvgl/src/misc/lv_async.c **** 
 235              		.loc 1 79 13 is_stmt 1 view .LVU56
  79:Drivers/lvgl/src/misc/lv_async.c **** 
 236              		.loc 1 79 31 is_stmt 0 view .LVU57
 237 0036 EB68     		ldr	r3, [r5, #12]
 238              	.LVL26:
  82:Drivers/lvgl/src/misc/lv_async.c ****                 lv_timer_del(timer);
 239              		.loc 1 82 13 is_stmt 1 view .LVU58
  82:Drivers/lvgl/src/misc/lv_async.c ****                 lv_timer_del(timer);
 240              		.loc 1 82 15 is_stmt 0 view .LVU59
 241 0038 1A68     		ldr	r2, [r3]
 242 003a BA42     		cmp	r2, r7
 243 003c F5D1     		bne	.L14
  82:Drivers/lvgl/src/misc/lv_async.c ****                 lv_timer_del(timer);
 244              		.loc 1 82 38 discriminator 1 view .LVU60
 245 003e 5A68     		ldr	r2, [r3, #4]
ARM GAS  /var/folders/0z/tsy30v1j4xl4_7kw94k978ww0000gn/T//ccGhmAQF.s 			page 8


 246 0040 4245     		cmp	r2, r8
 247 0042 F2D1     		bne	.L14
  83:Drivers/lvgl/src/misc/lv_async.c ****                 lv_mem_free(info);
 248              		.loc 1 83 17 view .LVU61
 249 0044 2846     		mov	r0, r5
 250              	.LVL27:
  83:Drivers/lvgl/src/misc/lv_async.c ****                 lv_mem_free(info);
 251              		.loc 1 83 17 view .LVU62
 252 0046 0193     		str	r3, [sp, #4]
  83:Drivers/lvgl/src/misc/lv_async.c ****                 lv_mem_free(info);
 253              		.loc 1 83 17 is_stmt 1 view .LVU63
 254 0048 FFF7FEFF 		bl	lv_timer_del
 255              	.LVL28:
  84:Drivers/lvgl/src/misc/lv_async.c ****                 res = LV_RES_OK;
 256              		.loc 1 84 17 view .LVU64
 257 004c 019B     		ldr	r3, [sp, #4]
 258 004e 1846     		mov	r0, r3
 259 0050 FFF7FEFF 		bl	lv_mem_free
 260              	.LVL29:
  85:Drivers/lvgl/src/misc/lv_async.c ****             }
 261              		.loc 1 85 17 view .LVU65
  85:Drivers/lvgl/src/misc/lv_async.c ****             }
 262              		.loc 1 85 21 is_stmt 0 view .LVU66
 263 0054 4FF00109 		mov	r9, #1
 264              	.LVL30:
  85:Drivers/lvgl/src/misc/lv_async.c ****             }
 265              		.loc 1 85 21 view .LVU67
 266              	.LBE3:
 267              	.LBE4:
  73:Drivers/lvgl/src/misc/lv_async.c ****         /*Find the next timer node*/
 268              		.loc 1 73 17 is_stmt 1 view .LVU68
 269 0058 002C     		cmp	r4, #0
 270 005a DED1     		bne	.L15
 271 005c E7E7     		b	.L13
 272              	.LVL31:
 273              	.L16:
  71:Drivers/lvgl/src/misc/lv_async.c **** 
 274              		.loc 1 71 14 is_stmt 0 view .LVU69
 275 005e 8146     		mov	r9, r0
  92:Drivers/lvgl/src/misc/lv_async.c **** }
 276              		.loc 1 92 5 is_stmt 1 view .LVU70
  93:Drivers/lvgl/src/misc/lv_async.c **** 
 277              		.loc 1 93 1 is_stmt 0 view .LVU71
 278 0060 4846     		mov	r0, r9
 279              	.LVL32:
  93:Drivers/lvgl/src/misc/lv_async.c **** 
 280              		.loc 1 93 1 view .LVU72
 281 0062 03B0     		add	sp, sp, #12
 282              		.cfi_def_cfa_offset 28
 283              		@ sp needed
 284 0064 BDE8F083 		pop	{r4, r5, r6, r7, r8, r9, pc}
 285              	.LVL33:
 286              	.L21:
  93:Drivers/lvgl/src/misc/lv_async.c **** 
 287              		.loc 1 93 1 view .LVU73
 288              		.align	2
 289              	.L20:
ARM GAS  /var/folders/0z/tsy30v1j4xl4_7kw94k978ww0000gn/T//ccGhmAQF.s 			page 9


 290 0068 00000000 		.word	lv_async_timer_cb
 291              		.cfi_endproc
 292              	.LFE3:
 294              		.text
 295              	.Letext0:
 296              		.file 2 "/Users/johannes/Library/Application Support/Code/User/globalStorage/bmd.stm32-for-vscode/
 297              		.file 3 "/Users/johannes/Library/Application Support/Code/User/globalStorage/bmd.stm32-for-vscode/
 298              		.file 4 "Drivers/lvgl/src/misc/lv_types.h"
 299              		.file 5 "Drivers/lvgl/src/misc/lv_async.h"
 300              		.file 6 "/Users/johannes/Library/Application Support/Code/User/globalStorage/bmd.stm32-for-vscode/
 301              		.file 7 "Drivers/lvgl/src/misc/lv_timer.h"
 302              		.file 8 "Drivers/lvgl/src/misc/lv_mem.h"
ARM GAS  /var/folders/0z/tsy30v1j4xl4_7kw94k978ww0000gn/T//ccGhmAQF.s 			page 10


DEFINED SYMBOLS
                            *ABS*:0000000000000000 lv_async.c
/var/folders/0z/tsy30v1j4xl4_7kw94k978ww0000gn/T//ccGhmAQF.s:18     .text.lv_async_timer_cb:0000000000000000 $t
/var/folders/0z/tsy30v1j4xl4_7kw94k978ww0000gn/T//ccGhmAQF.s:24     .text.lv_async_timer_cb:0000000000000000 lv_async_timer_cb
/var/folders/0z/tsy30v1j4xl4_7kw94k978ww0000gn/T//ccGhmAQF.s:63     .text.lv_async_call:0000000000000000 $t
/var/folders/0z/tsy30v1j4xl4_7kw94k978ww0000gn/T//ccGhmAQF.s:70     .text.lv_async_call:0000000000000000 lv_async_call
/var/folders/0z/tsy30v1j4xl4_7kw94k978ww0000gn/T//ccGhmAQF.s:146    .text.lv_async_call:0000000000000038 $d
/var/folders/0z/tsy30v1j4xl4_7kw94k978ww0000gn/T//ccGhmAQF.s:151    .text.lv_async_call_cancel:0000000000000000 $t
/var/folders/0z/tsy30v1j4xl4_7kw94k978ww0000gn/T//ccGhmAQF.s:158    .text.lv_async_call_cancel:0000000000000000 lv_async_call_cancel
/var/folders/0z/tsy30v1j4xl4_7kw94k978ww0000gn/T//ccGhmAQF.s:290    .text.lv_async_call_cancel:0000000000000068 $d

UNDEFINED SYMBOLS
lv_mem_free
lv_mem_alloc
lv_timer_create
lv_timer_set_repeat_count
lv_timer_get_next
lv_timer_del
