ARM GAS  /var/folders/lp/x54gwt890xv47sdkqj1k04q40000gn/T//ccmW4nDX.s 			page 1


   1              		.cpu cortex-m4
   2              		.arch armv7e-m
   3              		.fpu fpv4-sp-d16
   4              		.eabi_attribute 27, 1
   5              		.eabi_attribute 28, 1
   6              		.eabi_attribute 20, 1
   7              		.eabi_attribute 21, 1
   8              		.eabi_attribute 23, 3
   9              		.eabi_attribute 24, 1
  10              		.eabi_attribute 25, 1
  11              		.eabi_attribute 26, 1
  12              		.eabi_attribute 30, 2
  13              		.eabi_attribute 34, 1
  14              		.eabi_attribute 18, 4
  15              		.file	"lv_calendar_header_arrow.c"
  16              		.text
  17              	.Ltext0:
  18              		.cfi_sections	.debug_frame
  19              		.file 1 "Drivers/lvgl/src/extra/widgets/calendar/lv_calendar_header_arrow.c"
  20              		.section	.rodata.my_constructor.str1.4,"aMS",%progbits,1
  21              		.align	2
  22              	.LC0:
  23 0000 EF819300 		.ascii	"\357\201\223\000"
  24              		.align	2
  25              	.LC1:
  26 0004 EF819400 		.ascii	"\357\201\224\000"
  27              		.section	.text.my_constructor,"ax",%progbits
  28              		.align	1
  29              		.p2align 2,,3
  30              		.syntax unified
  31              		.thumb
  32              		.thumb_func
  34              	my_constructor:
  35              	.LVL0:
  36              	.LFB167:
   1:Drivers/lvgl/src/extra/widgets/calendar/lv_calendar_header_arrow.c **** /**
   2:Drivers/lvgl/src/extra/widgets/calendar/lv_calendar_header_arrow.c ****  * @file lv_calendar_header_arrow.c
   3:Drivers/lvgl/src/extra/widgets/calendar/lv_calendar_header_arrow.c ****  *
   4:Drivers/lvgl/src/extra/widgets/calendar/lv_calendar_header_arrow.c ****  */
   5:Drivers/lvgl/src/extra/widgets/calendar/lv_calendar_header_arrow.c **** 
   6:Drivers/lvgl/src/extra/widgets/calendar/lv_calendar_header_arrow.c **** /*********************
   7:Drivers/lvgl/src/extra/widgets/calendar/lv_calendar_header_arrow.c ****  *      INCLUDES
   8:Drivers/lvgl/src/extra/widgets/calendar/lv_calendar_header_arrow.c ****  *********************/
   9:Drivers/lvgl/src/extra/widgets/calendar/lv_calendar_header_arrow.c **** #include "lv_calendar_header_arrow.h"
  10:Drivers/lvgl/src/extra/widgets/calendar/lv_calendar_header_arrow.c **** #if LV_USE_CALENDAR_HEADER_ARROW
  11:Drivers/lvgl/src/extra/widgets/calendar/lv_calendar_header_arrow.c **** 
  12:Drivers/lvgl/src/extra/widgets/calendar/lv_calendar_header_arrow.c **** #include "lv_calendar.h"
  13:Drivers/lvgl/src/extra/widgets/calendar/lv_calendar_header_arrow.c **** #include "../../../widgets/lv_btn.h"
  14:Drivers/lvgl/src/extra/widgets/calendar/lv_calendar_header_arrow.c **** #include "../../../widgets/lv_label.h"
  15:Drivers/lvgl/src/extra/widgets/calendar/lv_calendar_header_arrow.c **** #include "../../layouts/flex/lv_flex.h"
  16:Drivers/lvgl/src/extra/widgets/calendar/lv_calendar_header_arrow.c **** 
  17:Drivers/lvgl/src/extra/widgets/calendar/lv_calendar_header_arrow.c **** /*********************
  18:Drivers/lvgl/src/extra/widgets/calendar/lv_calendar_header_arrow.c ****  *      DEFINES
  19:Drivers/lvgl/src/extra/widgets/calendar/lv_calendar_header_arrow.c ****  *********************/
  20:Drivers/lvgl/src/extra/widgets/calendar/lv_calendar_header_arrow.c **** 
  21:Drivers/lvgl/src/extra/widgets/calendar/lv_calendar_header_arrow.c **** /**********************
  22:Drivers/lvgl/src/extra/widgets/calendar/lv_calendar_header_arrow.c ****  *      TYPEDEFS
ARM GAS  /var/folders/lp/x54gwt890xv47sdkqj1k04q40000gn/T//ccmW4nDX.s 			page 2


  23:Drivers/lvgl/src/extra/widgets/calendar/lv_calendar_header_arrow.c ****  **********************/
  24:Drivers/lvgl/src/extra/widgets/calendar/lv_calendar_header_arrow.c **** 
  25:Drivers/lvgl/src/extra/widgets/calendar/lv_calendar_header_arrow.c **** /**********************
  26:Drivers/lvgl/src/extra/widgets/calendar/lv_calendar_header_arrow.c ****  *  STATIC PROTOTYPES
  27:Drivers/lvgl/src/extra/widgets/calendar/lv_calendar_header_arrow.c ****  **********************/
  28:Drivers/lvgl/src/extra/widgets/calendar/lv_calendar_header_arrow.c **** static void my_constructor(const lv_obj_class_t * class_p, lv_obj_t * obj);
  29:Drivers/lvgl/src/extra/widgets/calendar/lv_calendar_header_arrow.c **** static void month_event_cb(lv_event_t * e);
  30:Drivers/lvgl/src/extra/widgets/calendar/lv_calendar_header_arrow.c **** static void value_changed_event_cb(lv_event_t * e);
  31:Drivers/lvgl/src/extra/widgets/calendar/lv_calendar_header_arrow.c **** 
  32:Drivers/lvgl/src/extra/widgets/calendar/lv_calendar_header_arrow.c **** /**********************
  33:Drivers/lvgl/src/extra/widgets/calendar/lv_calendar_header_arrow.c ****  *  STATIC VARIABLES
  34:Drivers/lvgl/src/extra/widgets/calendar/lv_calendar_header_arrow.c ****  **********************/
  35:Drivers/lvgl/src/extra/widgets/calendar/lv_calendar_header_arrow.c **** const lv_obj_class_t lv_calendar_header_arrow_class = {
  36:Drivers/lvgl/src/extra/widgets/calendar/lv_calendar_header_arrow.c ****     .base_class = &lv_obj_class,
  37:Drivers/lvgl/src/extra/widgets/calendar/lv_calendar_header_arrow.c ****     .constructor_cb = my_constructor,
  38:Drivers/lvgl/src/extra/widgets/calendar/lv_calendar_header_arrow.c ****     .width_def = LV_PCT(100),
  39:Drivers/lvgl/src/extra/widgets/calendar/lv_calendar_header_arrow.c ****     .height_def = LV_DPI_DEF / 3
  40:Drivers/lvgl/src/extra/widgets/calendar/lv_calendar_header_arrow.c **** };
  41:Drivers/lvgl/src/extra/widgets/calendar/lv_calendar_header_arrow.c **** 
  42:Drivers/lvgl/src/extra/widgets/calendar/lv_calendar_header_arrow.c **** static const char * month_names_def[12] = LV_CALENDAR_DEFAULT_MONTH_NAMES;
  43:Drivers/lvgl/src/extra/widgets/calendar/lv_calendar_header_arrow.c **** 
  44:Drivers/lvgl/src/extra/widgets/calendar/lv_calendar_header_arrow.c **** /**********************
  45:Drivers/lvgl/src/extra/widgets/calendar/lv_calendar_header_arrow.c ****  *      MACROS
  46:Drivers/lvgl/src/extra/widgets/calendar/lv_calendar_header_arrow.c ****  **********************/
  47:Drivers/lvgl/src/extra/widgets/calendar/lv_calendar_header_arrow.c **** 
  48:Drivers/lvgl/src/extra/widgets/calendar/lv_calendar_header_arrow.c **** /**********************
  49:Drivers/lvgl/src/extra/widgets/calendar/lv_calendar_header_arrow.c ****  *   GLOBAL FUNCTIONS
  50:Drivers/lvgl/src/extra/widgets/calendar/lv_calendar_header_arrow.c ****  **********************/
  51:Drivers/lvgl/src/extra/widgets/calendar/lv_calendar_header_arrow.c **** 
  52:Drivers/lvgl/src/extra/widgets/calendar/lv_calendar_header_arrow.c **** lv_obj_t * lv_calendar_header_arrow_create(lv_obj_t * parent)
  53:Drivers/lvgl/src/extra/widgets/calendar/lv_calendar_header_arrow.c **** {
  54:Drivers/lvgl/src/extra/widgets/calendar/lv_calendar_header_arrow.c ****     lv_obj_t * obj = lv_obj_class_create_obj(&lv_calendar_header_arrow_class, parent);
  55:Drivers/lvgl/src/extra/widgets/calendar/lv_calendar_header_arrow.c ****     lv_obj_class_init_obj(obj);
  56:Drivers/lvgl/src/extra/widgets/calendar/lv_calendar_header_arrow.c ****     return obj;
  57:Drivers/lvgl/src/extra/widgets/calendar/lv_calendar_header_arrow.c **** }
  58:Drivers/lvgl/src/extra/widgets/calendar/lv_calendar_header_arrow.c **** 
  59:Drivers/lvgl/src/extra/widgets/calendar/lv_calendar_header_arrow.c **** /**********************
  60:Drivers/lvgl/src/extra/widgets/calendar/lv_calendar_header_arrow.c ****  *  STATIC FUNCTIONS
  61:Drivers/lvgl/src/extra/widgets/calendar/lv_calendar_header_arrow.c ****  **********************/
  62:Drivers/lvgl/src/extra/widgets/calendar/lv_calendar_header_arrow.c **** 
  63:Drivers/lvgl/src/extra/widgets/calendar/lv_calendar_header_arrow.c **** static void my_constructor(const lv_obj_class_t * class_p, lv_obj_t * obj)
  64:Drivers/lvgl/src/extra/widgets/calendar/lv_calendar_header_arrow.c **** {
  37              		.loc 1 64 1 view -0
  38              		.cfi_startproc
  39              		@ args = 0, pretend = 0, frame = 0
  40              		@ frame_needed = 0, uses_anonymous_args = 0
  65:Drivers/lvgl/src/extra/widgets/calendar/lv_calendar_header_arrow.c ****     LV_TRACE_OBJ_CREATE("begin");
  41              		.loc 1 65 33 view .LVU1
  66:Drivers/lvgl/src/extra/widgets/calendar/lv_calendar_header_arrow.c **** 
  67:Drivers/lvgl/src/extra/widgets/calendar/lv_calendar_header_arrow.c ****     LV_UNUSED(class_p);
  42              		.loc 1 67 5 view .LVU2
  68:Drivers/lvgl/src/extra/widgets/calendar/lv_calendar_header_arrow.c **** 
  69:Drivers/lvgl/src/extra/widgets/calendar/lv_calendar_header_arrow.c ****     lv_obj_move_to_index(obj, 0);
  43              		.loc 1 69 5 view .LVU3
  64:Drivers/lvgl/src/extra/widgets/calendar/lv_calendar_header_arrow.c ****     LV_TRACE_OBJ_CREATE("begin");
  44              		.loc 1 64 1 is_stmt 0 view .LVU4
  45 0000 F8B5     		push	{r3, r4, r5, r6, r7, lr}
ARM GAS  /var/folders/lp/x54gwt890xv47sdkqj1k04q40000gn/T//ccmW4nDX.s 			page 3


  46              		.cfi_def_cfa_offset 24
  47              		.cfi_offset 3, -24
  48              		.cfi_offset 4, -20
  49              		.cfi_offset 5, -16
  50              		.cfi_offset 6, -12
  51              		.cfi_offset 7, -8
  52              		.cfi_offset 14, -4
  64:Drivers/lvgl/src/extra/widgets/calendar/lv_calendar_header_arrow.c ****     LV_TRACE_OBJ_CREATE("begin");
  53              		.loc 1 64 1 view .LVU5
  54 0002 0C46     		mov	r4, r1
  55              		.loc 1 69 5 view .LVU6
  56 0004 2046     		mov	r0, r4
  57              	.LVL1:
  58              		.loc 1 69 5 view .LVU7
  59 0006 0021     		movs	r1, #0
  60              	.LVL2:
  61              		.loc 1 69 5 view .LVU8
  62 0008 FFF7FEFF 		bl	lv_obj_move_to_index
  63              	.LVL3:
  70:Drivers/lvgl/src/extra/widgets/calendar/lv_calendar_header_arrow.c **** 
  71:Drivers/lvgl/src/extra/widgets/calendar/lv_calendar_header_arrow.c ****     lv_obj_set_flex_flow(obj, LV_FLEX_FLOW_ROW);
  64              		.loc 1 71 5 is_stmt 1 view .LVU9
  65 000c 2046     		mov	r0, r4
  66 000e 0021     		movs	r1, #0
  67 0010 FFF7FEFF 		bl	lv_obj_set_flex_flow
  68              	.LVL4:
  72:Drivers/lvgl/src/extra/widgets/calendar/lv_calendar_header_arrow.c ****     lv_obj_set_flex_align(obj, LV_FLEX_ALIGN_START, LV_FLEX_ALIGN_CENTER, LV_FLEX_ALIGN_START);
  69              		.loc 1 72 5 view .LVU10
  70 0014 0023     		movs	r3, #0
  71 0016 1946     		mov	r1, r3
  72 0018 0222     		movs	r2, #2
  73 001a 2046     		mov	r0, r4
  74 001c FFF7FEFF 		bl	lv_obj_set_flex_align
  75              	.LVL5:
  73:Drivers/lvgl/src/extra/widgets/calendar/lv_calendar_header_arrow.c **** 
  74:Drivers/lvgl/src/extra/widgets/calendar/lv_calendar_header_arrow.c ****     lv_obj_t * mo_prev = lv_btn_create(obj);
  76              		.loc 1 74 5 view .LVU11
  77              		.loc 1 74 26 is_stmt 0 view .LVU12
  78 0020 2046     		mov	r0, r4
  79 0022 FFF7FEFF 		bl	lv_btn_create
  80              	.LVL6:
  75:Drivers/lvgl/src/extra/widgets/calendar/lv_calendar_header_arrow.c ****     lv_obj_set_style_bg_img_src(mo_prev, LV_SYMBOL_LEFT, 0);
  81              		.loc 1 75 5 view .LVU13
  82 0026 0022     		movs	r2, #0
  74:Drivers/lvgl/src/extra/widgets/calendar/lv_calendar_header_arrow.c ****     lv_obj_set_style_bg_img_src(mo_prev, LV_SYMBOL_LEFT, 0);
  83              		.loc 1 74 26 view .LVU14
  84 0028 0546     		mov	r5, r0
  85              	.LVL7:
  86              		.loc 1 75 5 is_stmt 1 view .LVU15
  87 002a 2949     		ldr	r1, .L4
  76:Drivers/lvgl/src/extra/widgets/calendar/lv_calendar_header_arrow.c ****     lv_obj_set_height(mo_prev, lv_pct(100));
  77:Drivers/lvgl/src/extra/widgets/calendar/lv_calendar_header_arrow.c ****     lv_obj_update_layout(mo_prev);
  78:Drivers/lvgl/src/extra/widgets/calendar/lv_calendar_header_arrow.c ****     lv_coord_t btn_size = lv_obj_get_height(mo_prev);
  79:Drivers/lvgl/src/extra/widgets/calendar/lv_calendar_header_arrow.c ****     lv_obj_set_width(mo_prev, btn_size);
  80:Drivers/lvgl/src/extra/widgets/calendar/lv_calendar_header_arrow.c **** 
  81:Drivers/lvgl/src/extra/widgets/calendar/lv_calendar_header_arrow.c ****     lv_obj_add_event_cb(mo_prev, month_event_cb, LV_EVENT_CLICKED, NULL);
  88              		.loc 1 81 5 is_stmt 0 view .LVU16
ARM GAS  /var/folders/lp/x54gwt890xv47sdkqj1k04q40000gn/T//ccmW4nDX.s 			page 4


  89 002c 294F     		ldr	r7, .L4+4
  75:Drivers/lvgl/src/extra/widgets/calendar/lv_calendar_header_arrow.c ****     lv_obj_set_height(mo_prev, lv_pct(100));
  90              		.loc 1 75 5 view .LVU17
  91 002e FFF7FEFF 		bl	lv_obj_set_style_bg_img_src
  92              	.LVL8:
  76:Drivers/lvgl/src/extra/widgets/calendar/lv_calendar_header_arrow.c ****     lv_obj_set_height(mo_prev, lv_pct(100));
  93              		.loc 1 76 5 is_stmt 1 view .LVU18
  76:Drivers/lvgl/src/extra/widgets/calendar/lv_calendar_header_arrow.c ****     lv_obj_set_height(mo_prev, lv_pct(100));
  94              		.loc 1 76 5 is_stmt 0 discriminator 1 view .LVU19
  95 0032 42F26401 		movw	r1, #8292
  96 0036 2846     		mov	r0, r5
  97 0038 FFF7FEFF 		bl	lv_obj_set_height
  98              	.LVL9:
  77:Drivers/lvgl/src/extra/widgets/calendar/lv_calendar_header_arrow.c ****     lv_coord_t btn_size = lv_obj_get_height(mo_prev);
  99              		.loc 1 77 5 is_stmt 1 view .LVU20
 100 003c 2846     		mov	r0, r5
 101 003e FFF7FEFF 		bl	lv_obj_update_layout
 102              	.LVL10:
  78:Drivers/lvgl/src/extra/widgets/calendar/lv_calendar_header_arrow.c ****     lv_obj_set_width(mo_prev, btn_size);
 103              		.loc 1 78 5 view .LVU21
  78:Drivers/lvgl/src/extra/widgets/calendar/lv_calendar_header_arrow.c ****     lv_obj_set_width(mo_prev, btn_size);
 104              		.loc 1 78 27 is_stmt 0 view .LVU22
 105 0042 2846     		mov	r0, r5
 106 0044 FFF7FEFF 		bl	lv_obj_get_height
 107              	.LVL11:
 108 0048 0646     		mov	r6, r0
 109              	.LVL12:
  79:Drivers/lvgl/src/extra/widgets/calendar/lv_calendar_header_arrow.c **** 
 110              		.loc 1 79 5 is_stmt 1 view .LVU23
 111 004a 0146     		mov	r1, r0
 112 004c 2846     		mov	r0, r5
 113              	.LVL13:
  79:Drivers/lvgl/src/extra/widgets/calendar/lv_calendar_header_arrow.c **** 
 114              		.loc 1 79 5 is_stmt 0 view .LVU24
 115 004e FFF7FEFF 		bl	lv_obj_set_width
 116              	.LVL14:
 117              		.loc 1 81 5 is_stmt 1 view .LVU25
 118 0052 0023     		movs	r3, #0
 119 0054 0722     		movs	r2, #7
 120 0056 3946     		mov	r1, r7
 121 0058 2846     		mov	r0, r5
 122 005a FFF7FEFF 		bl	lv_obj_add_event_cb
 123              	.LVL15:
  82:Drivers/lvgl/src/extra/widgets/calendar/lv_calendar_header_arrow.c ****     lv_obj_clear_flag(mo_prev, LV_OBJ_FLAG_CLICK_FOCUSABLE);
 124              		.loc 1 82 5 view .LVU26
 125 005e 0421     		movs	r1, #4
 126 0060 2846     		mov	r0, r5
 127 0062 FFF7FEFF 		bl	lv_obj_clear_flag
 128              	.LVL16:
  83:Drivers/lvgl/src/extra/widgets/calendar/lv_calendar_header_arrow.c **** 
  84:Drivers/lvgl/src/extra/widgets/calendar/lv_calendar_header_arrow.c ****     lv_obj_t * label = lv_label_create(obj);
 129              		.loc 1 84 5 view .LVU27
 130              		.loc 1 84 24 is_stmt 0 view .LVU28
 131 0066 2046     		mov	r0, r4
 132 0068 FFF7FEFF 		bl	lv_label_create
 133              	.LVL17:
  85:Drivers/lvgl/src/extra/widgets/calendar/lv_calendar_header_arrow.c ****     lv_label_set_long_mode(label, LV_LABEL_LONG_SCROLL_CIRCULAR);
ARM GAS  /var/folders/lp/x54gwt890xv47sdkqj1k04q40000gn/T//ccmW4nDX.s 			page 5


 134              		.loc 1 85 5 view .LVU29
 135 006c 0321     		movs	r1, #3
  84:Drivers/lvgl/src/extra/widgets/calendar/lv_calendar_header_arrow.c ****     lv_label_set_long_mode(label, LV_LABEL_LONG_SCROLL_CIRCULAR);
 136              		.loc 1 84 24 view .LVU30
 137 006e 0546     		mov	r5, r0
 138              	.LVL18:
 139              		.loc 1 85 5 is_stmt 1 view .LVU31
 140 0070 FFF7FEFF 		bl	lv_label_set_long_mode
 141              	.LVL19:
  86:Drivers/lvgl/src/extra/widgets/calendar/lv_calendar_header_arrow.c ****     lv_obj_set_style_text_align(label, LV_TEXT_ALIGN_CENTER, 0);
 142              		.loc 1 86 5 view .LVU32
 143 0074 0022     		movs	r2, #0
 144 0076 2846     		mov	r0, r5
 145 0078 0221     		movs	r1, #2
 146 007a FFF7FEFF 		bl	lv_obj_set_style_text_align
 147              	.LVL20:
  87:Drivers/lvgl/src/extra/widgets/calendar/lv_calendar_header_arrow.c ****     lv_obj_set_flex_grow(label, 1);
 148              		.loc 1 87 5 view .LVU33
 149 007e 0121     		movs	r1, #1
 150 0080 2846     		mov	r0, r5
 151 0082 FFF7FEFF 		bl	lv_obj_set_flex_grow
 152              	.LVL21:
  88:Drivers/lvgl/src/extra/widgets/calendar/lv_calendar_header_arrow.c **** 
  89:Drivers/lvgl/src/extra/widgets/calendar/lv_calendar_header_arrow.c ****     lv_obj_t * mo_next = lv_btn_create(obj);
 153              		.loc 1 89 5 view .LVU34
 154              		.loc 1 89 26 is_stmt 0 view .LVU35
 155 0086 2046     		mov	r0, r4
 156 0088 FFF7FEFF 		bl	lv_btn_create
 157              	.LVL22:
  90:Drivers/lvgl/src/extra/widgets/calendar/lv_calendar_header_arrow.c ****     lv_obj_set_style_bg_img_src(mo_next, LV_SYMBOL_RIGHT, 0);
 158              		.loc 1 90 5 view .LVU36
 159 008c 1249     		ldr	r1, .L4+8
  89:Drivers/lvgl/src/extra/widgets/calendar/lv_calendar_header_arrow.c ****     lv_obj_set_style_bg_img_src(mo_next, LV_SYMBOL_RIGHT, 0);
 160              		.loc 1 89 26 view .LVU37
 161 008e 0546     		mov	r5, r0
 162              	.LVL23:
 163              		.loc 1 90 5 is_stmt 1 view .LVU38
 164 0090 0022     		movs	r2, #0
 165 0092 FFF7FEFF 		bl	lv_obj_set_style_bg_img_src
 166              	.LVL24:
  91:Drivers/lvgl/src/extra/widgets/calendar/lv_calendar_header_arrow.c ****     lv_obj_set_size(mo_next, btn_size, btn_size);
 167              		.loc 1 91 5 view .LVU39
 168 0096 3246     		mov	r2, r6
 169 0098 3146     		mov	r1, r6
 170 009a 2846     		mov	r0, r5
 171 009c FFF7FEFF 		bl	lv_obj_set_size
 172              	.LVL25:
  92:Drivers/lvgl/src/extra/widgets/calendar/lv_calendar_header_arrow.c **** 
  93:Drivers/lvgl/src/extra/widgets/calendar/lv_calendar_header_arrow.c ****     lv_obj_add_event_cb(mo_next, month_event_cb, LV_EVENT_CLICKED, NULL);
 173              		.loc 1 93 5 view .LVU40
 174 00a0 0023     		movs	r3, #0
 175 00a2 0722     		movs	r2, #7
 176 00a4 3946     		mov	r1, r7
 177 00a6 2846     		mov	r0, r5
 178 00a8 FFF7FEFF 		bl	lv_obj_add_event_cb
 179              	.LVL26:
  94:Drivers/lvgl/src/extra/widgets/calendar/lv_calendar_header_arrow.c ****     lv_obj_clear_flag(mo_next, LV_OBJ_FLAG_CLICK_FOCUSABLE);
ARM GAS  /var/folders/lp/x54gwt890xv47sdkqj1k04q40000gn/T//ccmW4nDX.s 			page 6


 180              		.loc 1 94 5 view .LVU41
 181 00ac 2846     		mov	r0, r5
 182 00ae 0421     		movs	r1, #4
 183 00b0 FFF7FEFF 		bl	lv_obj_clear_flag
 184              	.LVL27:
  95:Drivers/lvgl/src/extra/widgets/calendar/lv_calendar_header_arrow.c **** 
  96:Drivers/lvgl/src/extra/widgets/calendar/lv_calendar_header_arrow.c ****     lv_obj_add_event_cb(obj, value_changed_event_cb, LV_EVENT_VALUE_CHANGED, NULL);
 185              		.loc 1 96 5 view .LVU42
 186 00b4 0949     		ldr	r1, .L4+12
 187 00b6 0023     		movs	r3, #0
 188 00b8 1C22     		movs	r2, #28
 189 00ba 2046     		mov	r0, r4
 190 00bc FFF7FEFF 		bl	lv_obj_add_event_cb
 191              	.LVL28:
  97:Drivers/lvgl/src/extra/widgets/calendar/lv_calendar_header_arrow.c ****     /*Refresh the drop downs*/
  98:Drivers/lvgl/src/extra/widgets/calendar/lv_calendar_header_arrow.c ****     lv_event_send(obj, LV_EVENT_VALUE_CHANGED, NULL);
 192              		.loc 1 98 5 view .LVU43
 193 00c0 2046     		mov	r0, r4
 194 00c2 0022     		movs	r2, #0
  99:Drivers/lvgl/src/extra/widgets/calendar/lv_calendar_header_arrow.c **** }
 195              		.loc 1 99 1 is_stmt 0 view .LVU44
 196 00c4 BDE8F840 		pop	{r3, r4, r5, r6, r7, lr}
 197              		.cfi_restore 14
 198              		.cfi_restore 7
 199              		.cfi_restore 6
 200              		.cfi_restore 5
 201              		.cfi_restore 4
 202              		.cfi_restore 3
 203              		.cfi_def_cfa_offset 0
 204              	.LVL29:
  98:Drivers/lvgl/src/extra/widgets/calendar/lv_calendar_header_arrow.c **** }
 205              		.loc 1 98 5 view .LVU45
 206 00c8 1C21     		movs	r1, #28
 207 00ca FFF7FEBF 		b	lv_event_send
 208              	.LVL30:
 209              	.L5:
  98:Drivers/lvgl/src/extra/widgets/calendar/lv_calendar_header_arrow.c **** }
 210              		.loc 1 98 5 view .LVU46
 211 00ce 00BF     		.align	2
 212              	.L4:
 213 00d0 00000000 		.word	.LC0
 214 00d4 00000000 		.word	month_event_cb
 215 00d8 04000000 		.word	.LC1
 216 00dc 00000000 		.word	value_changed_event_cb
 217              		.cfi_endproc
 218              	.LFE167:
 220              		.section	.rodata.value_changed_event_cb.str1.4,"aMS",%progbits,1
 221              		.align	2
 222              	.LC2:
 223 0000 25642025 		.ascii	"%d %s\000"
 223      7300
 224              		.section	.text.value_changed_event_cb,"ax",%progbits
 225              		.align	1
 226              		.p2align 2,,3
 227              		.syntax unified
 228              		.thumb
 229              		.thumb_func
ARM GAS  /var/folders/lp/x54gwt890xv47sdkqj1k04q40000gn/T//ccmW4nDX.s 			page 7


 231              	value_changed_event_cb:
 232              	.LVL31:
 233              	.LFB169:
 100:Drivers/lvgl/src/extra/widgets/calendar/lv_calendar_header_arrow.c **** 
 101:Drivers/lvgl/src/extra/widgets/calendar/lv_calendar_header_arrow.c **** static void month_event_cb(lv_event_t * e)
 102:Drivers/lvgl/src/extra/widgets/calendar/lv_calendar_header_arrow.c **** {
 103:Drivers/lvgl/src/extra/widgets/calendar/lv_calendar_header_arrow.c ****     lv_obj_t * btn = lv_event_get_target(e);
 104:Drivers/lvgl/src/extra/widgets/calendar/lv_calendar_header_arrow.c **** 
 105:Drivers/lvgl/src/extra/widgets/calendar/lv_calendar_header_arrow.c ****     lv_obj_t * header = lv_obj_get_parent(btn);
 106:Drivers/lvgl/src/extra/widgets/calendar/lv_calendar_header_arrow.c ****     lv_obj_t * calendar = lv_obj_get_parent(header);
 107:Drivers/lvgl/src/extra/widgets/calendar/lv_calendar_header_arrow.c **** 
 108:Drivers/lvgl/src/extra/widgets/calendar/lv_calendar_header_arrow.c ****     const lv_calendar_date_t * d;
 109:Drivers/lvgl/src/extra/widgets/calendar/lv_calendar_header_arrow.c ****     d = lv_calendar_get_showed_date(calendar);
 110:Drivers/lvgl/src/extra/widgets/calendar/lv_calendar_header_arrow.c ****     lv_calendar_date_t newd = *d;
 111:Drivers/lvgl/src/extra/widgets/calendar/lv_calendar_header_arrow.c **** 
 112:Drivers/lvgl/src/extra/widgets/calendar/lv_calendar_header_arrow.c ****     /*The last child is the right button*/
 113:Drivers/lvgl/src/extra/widgets/calendar/lv_calendar_header_arrow.c ****     if(lv_obj_get_child(header, 0) == btn) {
 114:Drivers/lvgl/src/extra/widgets/calendar/lv_calendar_header_arrow.c ****         if(newd.month == 1) {
 115:Drivers/lvgl/src/extra/widgets/calendar/lv_calendar_header_arrow.c ****             newd.month = 12;
 116:Drivers/lvgl/src/extra/widgets/calendar/lv_calendar_header_arrow.c ****             newd.year --;
 117:Drivers/lvgl/src/extra/widgets/calendar/lv_calendar_header_arrow.c ****         }
 118:Drivers/lvgl/src/extra/widgets/calendar/lv_calendar_header_arrow.c ****         else {
 119:Drivers/lvgl/src/extra/widgets/calendar/lv_calendar_header_arrow.c ****             newd.month --;
 120:Drivers/lvgl/src/extra/widgets/calendar/lv_calendar_header_arrow.c ****         }
 121:Drivers/lvgl/src/extra/widgets/calendar/lv_calendar_header_arrow.c ****     }
 122:Drivers/lvgl/src/extra/widgets/calendar/lv_calendar_header_arrow.c ****     else {
 123:Drivers/lvgl/src/extra/widgets/calendar/lv_calendar_header_arrow.c ****         if(newd.month == 12) {
 124:Drivers/lvgl/src/extra/widgets/calendar/lv_calendar_header_arrow.c ****             newd.month = 1;
 125:Drivers/lvgl/src/extra/widgets/calendar/lv_calendar_header_arrow.c ****             newd.year ++;
 126:Drivers/lvgl/src/extra/widgets/calendar/lv_calendar_header_arrow.c ****         }
 127:Drivers/lvgl/src/extra/widgets/calendar/lv_calendar_header_arrow.c ****         else {
 128:Drivers/lvgl/src/extra/widgets/calendar/lv_calendar_header_arrow.c ****             newd.month ++;
 129:Drivers/lvgl/src/extra/widgets/calendar/lv_calendar_header_arrow.c ****         }
 130:Drivers/lvgl/src/extra/widgets/calendar/lv_calendar_header_arrow.c ****     }
 131:Drivers/lvgl/src/extra/widgets/calendar/lv_calendar_header_arrow.c **** 
 132:Drivers/lvgl/src/extra/widgets/calendar/lv_calendar_header_arrow.c ****     lv_calendar_set_showed_date(calendar, newd.year, newd.month);
 133:Drivers/lvgl/src/extra/widgets/calendar/lv_calendar_header_arrow.c **** 
 134:Drivers/lvgl/src/extra/widgets/calendar/lv_calendar_header_arrow.c ****     lv_obj_t * label = lv_obj_get_child(header, 1);
 135:Drivers/lvgl/src/extra/widgets/calendar/lv_calendar_header_arrow.c ****     lv_label_set_text_fmt(label, "%d %s", newd.year, month_names_def[newd.month - 1]);
 136:Drivers/lvgl/src/extra/widgets/calendar/lv_calendar_header_arrow.c **** }
 137:Drivers/lvgl/src/extra/widgets/calendar/lv_calendar_header_arrow.c **** 
 138:Drivers/lvgl/src/extra/widgets/calendar/lv_calendar_header_arrow.c **** static void value_changed_event_cb(lv_event_t * e)
 139:Drivers/lvgl/src/extra/widgets/calendar/lv_calendar_header_arrow.c **** {
 234              		.loc 1 139 1 is_stmt 1 view -0
 235              		.cfi_startproc
 236              		@ args = 0, pretend = 0, frame = 0
 237              		@ frame_needed = 0, uses_anonymous_args = 0
 140:Drivers/lvgl/src/extra/widgets/calendar/lv_calendar_header_arrow.c ****     lv_obj_t * header = lv_event_get_target(e);
 238              		.loc 1 140 5 view .LVU48
 139:Drivers/lvgl/src/extra/widgets/calendar/lv_calendar_header_arrow.c ****     lv_obj_t * header = lv_event_get_target(e);
 239              		.loc 1 139 1 is_stmt 0 view .LVU49
 240 0000 70B5     		push	{r4, r5, r6, lr}
 241              		.cfi_def_cfa_offset 16
 242              		.cfi_offset 4, -16
 243              		.cfi_offset 5, -12
 244              		.cfi_offset 6, -8
 245              		.cfi_offset 14, -4
ARM GAS  /var/folders/lp/x54gwt890xv47sdkqj1k04q40000gn/T//ccmW4nDX.s 			page 8


 246              		.loc 1 140 25 view .LVU50
 247 0002 FFF7FEFF 		bl	lv_event_get_target
 248              	.LVL32:
 249              		.loc 1 140 25 view .LVU51
 250 0006 0546     		mov	r5, r0
 251              	.LVL33:
 141:Drivers/lvgl/src/extra/widgets/calendar/lv_calendar_header_arrow.c ****     lv_obj_t * calendar = lv_obj_get_parent(header);
 252              		.loc 1 141 5 is_stmt 1 view .LVU52
 253              		.loc 1 141 27 is_stmt 0 view .LVU53
 254 0008 FFF7FEFF 		bl	lv_obj_get_parent
 255              	.LVL34:
 142:Drivers/lvgl/src/extra/widgets/calendar/lv_calendar_header_arrow.c **** 
 143:Drivers/lvgl/src/extra/widgets/calendar/lv_calendar_header_arrow.c ****     const lv_calendar_date_t * cur_date = lv_calendar_get_showed_date(calendar);
 256              		.loc 1 143 5 is_stmt 1 view .LVU54
 257              		.loc 1 143 43 is_stmt 0 view .LVU55
 258 000c FFF7FEFF 		bl	lv_calendar_get_showed_date
 259              	.LVL35:
 260              		.loc 1 143 43 view .LVU56
 261 0010 0446     		mov	r4, r0
 144:Drivers/lvgl/src/extra/widgets/calendar/lv_calendar_header_arrow.c ****     lv_obj_t * label = lv_obj_get_child(header, 1);
 262              		.loc 1 144 24 view .LVU57
 263 0012 0121     		movs	r1, #1
 264 0014 2846     		mov	r0, r5
 265              	.LVL36:
 266              		.loc 1 144 5 is_stmt 1 view .LVU58
 267              		.loc 1 144 24 is_stmt 0 view .LVU59
 268 0016 FFF7FEFF 		bl	lv_obj_get_child
 269              	.LVL37:
 145:Drivers/lvgl/src/extra/widgets/calendar/lv_calendar_header_arrow.c ****     lv_label_set_text_fmt(label, "%d %s", cur_date->year, month_names_def[cur_date->month - 1]);
 270              		.loc 1 145 5 is_stmt 1 view .LVU60
 271              		.loc 1 145 83 is_stmt 0 view .LVU61
 272 001a 94F90230 		ldrsb	r3, [r4, #2]
 273              		.loc 1 145 5 view .LVU62
 274 001e 054D     		ldr	r5, .L8
 275              	.LVL38:
 276              		.loc 1 145 5 view .LVU63
 277 0020 2288     		ldrh	r2, [r4]
 278 0022 0549     		ldr	r1, .L8+4
 279 0024 013B     		subs	r3, r3, #1
 280 0026 55F82330 		ldr	r3, [r5, r3, lsl #2]
 146:Drivers/lvgl/src/extra/widgets/calendar/lv_calendar_header_arrow.c **** }
 281              		.loc 1 146 1 view .LVU64
 282 002a BDE87040 		pop	{r4, r5, r6, lr}
 283              		.cfi_restore 14
 284              		.cfi_restore 6
 285              		.cfi_restore 5
 286              		.cfi_restore 4
 287              		.cfi_def_cfa_offset 0
 288              	.LVL39:
 145:Drivers/lvgl/src/extra/widgets/calendar/lv_calendar_header_arrow.c ****     lv_label_set_text_fmt(label, "%d %s", cur_date->year, month_names_def[cur_date->month - 1]);
 289              		.loc 1 145 5 view .LVU65
 290 002e FFF7FEBF 		b	lv_label_set_text_fmt
 291              	.LVL40:
 292              	.L9:
 145:Drivers/lvgl/src/extra/widgets/calendar/lv_calendar_header_arrow.c ****     lv_label_set_text_fmt(label, "%d %s", cur_date->year, month_names_def[cur_date->month - 1]);
 293              		.loc 1 145 5 view .LVU66
 294 0032 00BF     		.align	2
ARM GAS  /var/folders/lp/x54gwt890xv47sdkqj1k04q40000gn/T//ccmW4nDX.s 			page 9


 295              	.L8:
 296 0034 00000000 		.word	month_names_def
 297 0038 00000000 		.word	.LC2
 298              		.cfi_endproc
 299              	.LFE169:
 301              		.section	.text.month_event_cb,"ax",%progbits
 302              		.align	1
 303              		.p2align 2,,3
 304              		.syntax unified
 305              		.thumb
 306              		.thumb_func
 308              	month_event_cb:
 309              	.LVL41:
 310              	.LFB168:
 102:Drivers/lvgl/src/extra/widgets/calendar/lv_calendar_header_arrow.c ****     lv_obj_t * btn = lv_event_get_target(e);
 311              		.loc 1 102 1 is_stmt 1 view -0
 312              		.cfi_startproc
 313              		@ args = 0, pretend = 0, frame = 0
 314              		@ frame_needed = 0, uses_anonymous_args = 0
 103:Drivers/lvgl/src/extra/widgets/calendar/lv_calendar_header_arrow.c **** 
 315              		.loc 1 103 5 view .LVU68
 102:Drivers/lvgl/src/extra/widgets/calendar/lv_calendar_header_arrow.c ****     lv_obj_t * btn = lv_event_get_target(e);
 316              		.loc 1 102 1 is_stmt 0 view .LVU69
 317 0000 2DE9F041 		push	{r4, r5, r6, r7, r8, lr}
 318              		.cfi_def_cfa_offset 24
 319              		.cfi_offset 4, -24
 320              		.cfi_offset 5, -20
 321              		.cfi_offset 6, -16
 322              		.cfi_offset 7, -12
 323              		.cfi_offset 8, -8
 324              		.cfi_offset 14, -4
 103:Drivers/lvgl/src/extra/widgets/calendar/lv_calendar_header_arrow.c **** 
 325              		.loc 1 103 22 view .LVU70
 326 0004 FFF7FEFF 		bl	lv_event_get_target
 327              	.LVL42:
 103:Drivers/lvgl/src/extra/widgets/calendar/lv_calendar_header_arrow.c **** 
 328              		.loc 1 103 22 view .LVU71
 329 0008 8046     		mov	r8, r0
 330              	.LVL43:
 105:Drivers/lvgl/src/extra/widgets/calendar/lv_calendar_header_arrow.c ****     lv_obj_t * calendar = lv_obj_get_parent(header);
 331              		.loc 1 105 5 is_stmt 1 view .LVU72
 105:Drivers/lvgl/src/extra/widgets/calendar/lv_calendar_header_arrow.c ****     lv_obj_t * calendar = lv_obj_get_parent(header);
 332              		.loc 1 105 25 is_stmt 0 view .LVU73
 333 000a FFF7FEFF 		bl	lv_obj_get_parent
 334              	.LVL44:
 105:Drivers/lvgl/src/extra/widgets/calendar/lv_calendar_header_arrow.c ****     lv_obj_t * calendar = lv_obj_get_parent(header);
 335              		.loc 1 105 25 view .LVU74
 336 000e 0546     		mov	r5, r0
 337              	.LVL45:
 106:Drivers/lvgl/src/extra/widgets/calendar/lv_calendar_header_arrow.c **** 
 338              		.loc 1 106 5 is_stmt 1 view .LVU75
 106:Drivers/lvgl/src/extra/widgets/calendar/lv_calendar_header_arrow.c **** 
 339              		.loc 1 106 27 is_stmt 0 view .LVU76
 340 0010 FFF7FEFF 		bl	lv_obj_get_parent
 341              	.LVL46:
 106:Drivers/lvgl/src/extra/widgets/calendar/lv_calendar_header_arrow.c **** 
 342              		.loc 1 106 27 view .LVU77
ARM GAS  /var/folders/lp/x54gwt890xv47sdkqj1k04q40000gn/T//ccmW4nDX.s 			page 10


 343 0014 0646     		mov	r6, r0
 344              	.LVL47:
 108:Drivers/lvgl/src/extra/widgets/calendar/lv_calendar_header_arrow.c ****     d = lv_calendar_get_showed_date(calendar);
 345              		.loc 1 108 5 is_stmt 1 view .LVU78
 109:Drivers/lvgl/src/extra/widgets/calendar/lv_calendar_header_arrow.c ****     lv_calendar_date_t newd = *d;
 346              		.loc 1 109 5 view .LVU79
 109:Drivers/lvgl/src/extra/widgets/calendar/lv_calendar_header_arrow.c ****     lv_calendar_date_t newd = *d;
 347              		.loc 1 109 9 is_stmt 0 view .LVU80
 348 0016 FFF7FEFF 		bl	lv_calendar_get_showed_date
 349              	.LVL48:
 110:Drivers/lvgl/src/extra/widgets/calendar/lv_calendar_header_arrow.c **** 
 350              		.loc 1 110 5 is_stmt 1 view .LVU81
 113:Drivers/lvgl/src/extra/widgets/calendar/lv_calendar_header_arrow.c ****         if(newd.month == 1) {
 351              		.loc 1 113 8 is_stmt 0 view .LVU82
 352 001a 0021     		movs	r1, #0
 110:Drivers/lvgl/src/extra/widgets/calendar/lv_calendar_header_arrow.c **** 
 353              		.loc 1 110 24 view .LVU83
 354 001c 0788     		ldrh	r7, [r0]
 355              	.LVL49:
 110:Drivers/lvgl/src/extra/widgets/calendar/lv_calendar_header_arrow.c **** 
 356              		.loc 1 110 24 view .LVU84
 357 001e 90F90240 		ldrsb	r4, [r0, #2]
 358              	.LVL50:
 113:Drivers/lvgl/src/extra/widgets/calendar/lv_calendar_header_arrow.c ****         if(newd.month == 1) {
 359              		.loc 1 113 5 is_stmt 1 view .LVU85
 113:Drivers/lvgl/src/extra/widgets/calendar/lv_calendar_header_arrow.c ****         if(newd.month == 1) {
 360              		.loc 1 113 8 is_stmt 0 view .LVU86
 361 0022 2846     		mov	r0, r5
 362              	.LVL51:
 113:Drivers/lvgl/src/extra/widgets/calendar/lv_calendar_header_arrow.c ****         if(newd.month == 1) {
 363              		.loc 1 113 8 view .LVU87
 364 0024 FFF7FEFF 		bl	lv_obj_get_child
 365              	.LVL52:
 113:Drivers/lvgl/src/extra/widgets/calendar/lv_calendar_header_arrow.c ****         if(newd.month == 1) {
 366              		.loc 1 113 7 discriminator 1 view .LVU88
 367 0028 8045     		cmp	r8, r0
 368 002a 1AD0     		beq	.L16
 123:Drivers/lvgl/src/extra/widgets/calendar/lv_calendar_header_arrow.c ****             newd.month = 1;
 369              		.loc 1 123 9 is_stmt 1 view .LVU89
 123:Drivers/lvgl/src/extra/widgets/calendar/lv_calendar_header_arrow.c ****             newd.month = 1;
 370              		.loc 1 123 11 is_stmt 0 view .LVU90
 371 002c 0C2C     		cmp	r4, #12
 372 002e 13D0     		beq	.L17
 128:Drivers/lvgl/src/extra/widgets/calendar/lv_calendar_header_arrow.c ****         }
 373              		.loc 1 128 13 is_stmt 1 view .LVU91
 128:Drivers/lvgl/src/extra/widgets/calendar/lv_calendar_header_arrow.c ****         }
 374              		.loc 1 128 24 is_stmt 0 view .LVU92
 375 0030 0134     		adds	r4, r4, #1
 376              	.LVL53:
 128:Drivers/lvgl/src/extra/widgets/calendar/lv_calendar_header_arrow.c ****         }
 377              		.loc 1 128 24 view .LVU93
 378 0032 62B2     		sxtb	r2, r4
 379              	.LVL54:
 135:Drivers/lvgl/src/extra/widgets/calendar/lv_calendar_header_arrow.c **** }
 380              		.loc 1 135 81 view .LVU94
 381 0034 541E     		subs	r4, r2, #1
 382              	.LVL55:
ARM GAS  /var/folders/lp/x54gwt890xv47sdkqj1k04q40000gn/T//ccmW4nDX.s 			page 11


 383              	.L13:
 132:Drivers/lvgl/src/extra/widgets/calendar/lv_calendar_header_arrow.c **** 
 384              		.loc 1 132 5 is_stmt 1 view .LVU95
 385 0036 3046     		mov	r0, r6
 386 0038 3946     		mov	r1, r7
 387 003a FFF7FEFF 		bl	lv_calendar_set_showed_date
 388              	.LVL56:
 134:Drivers/lvgl/src/extra/widgets/calendar/lv_calendar_header_arrow.c ****     lv_label_set_text_fmt(label, "%d %s", newd.year, month_names_def[newd.month - 1]);
 389              		.loc 1 134 5 view .LVU96
 134:Drivers/lvgl/src/extra/widgets/calendar/lv_calendar_header_arrow.c ****     lv_label_set_text_fmt(label, "%d %s", newd.year, month_names_def[newd.month - 1]);
 390              		.loc 1 134 24 is_stmt 0 view .LVU97
 391 003e 0121     		movs	r1, #1
 392 0040 2846     		mov	r0, r5
 393 0042 FFF7FEFF 		bl	lv_obj_get_child
 394              	.LVL57:
 135:Drivers/lvgl/src/extra/widgets/calendar/lv_calendar_header_arrow.c **** }
 395              		.loc 1 135 5 is_stmt 1 view .LVU98
 396 0046 0C4B     		ldr	r3, .L19
 397 0048 0C49     		ldr	r1, .L19+4
 398 004a 53F82430 		ldr	r3, [r3, r4, lsl #2]
 399 004e 3A46     		mov	r2, r7
 136:Drivers/lvgl/src/extra/widgets/calendar/lv_calendar_header_arrow.c **** 
 400              		.loc 1 136 1 is_stmt 0 view .LVU99
 401 0050 BDE8F041 		pop	{r4, r5, r6, r7, r8, lr}
 402              		.cfi_remember_state
 403              		.cfi_restore 14
 404              		.cfi_restore 8
 405              		.cfi_restore 7
 406              		.cfi_restore 6
 407              		.cfi_restore 5
 408              		.cfi_restore 4
 409              		.cfi_def_cfa_offset 0
 410              	.LVL58:
 135:Drivers/lvgl/src/extra/widgets/calendar/lv_calendar_header_arrow.c **** }
 411              		.loc 1 135 5 view .LVU100
 412 0054 FFF7FEBF 		b	lv_label_set_text_fmt
 413              	.LVL59:
 414              	.L17:
 415              		.cfi_restore_state
 124:Drivers/lvgl/src/extra/widgets/calendar/lv_calendar_header_arrow.c ****             newd.year ++;
 416              		.loc 1 124 13 is_stmt 1 view .LVU101
 125:Drivers/lvgl/src/extra/widgets/calendar/lv_calendar_header_arrow.c ****         }
 417              		.loc 1 125 13 view .LVU102
 125:Drivers/lvgl/src/extra/widgets/calendar/lv_calendar_header_arrow.c ****         }
 418              		.loc 1 125 23 is_stmt 0 view .LVU103
 419 0058 0137     		adds	r7, r7, #1
 420              	.LVL60:
 125:Drivers/lvgl/src/extra/widgets/calendar/lv_calendar_header_arrow.c ****         }
 421              		.loc 1 125 23 view .LVU104
 422 005a BFB2     		uxth	r7, r7
 423              	.LVL61:
 125:Drivers/lvgl/src/extra/widgets/calendar/lv_calendar_header_arrow.c ****         }
 424              		.loc 1 125 23 view .LVU105
 425 005c 0024     		movs	r4, #0
 426 005e 0122     		movs	r2, #1
 427 0060 E9E7     		b	.L13
 428              	.LVL62:
ARM GAS  /var/folders/lp/x54gwt890xv47sdkqj1k04q40000gn/T//ccmW4nDX.s 			page 12


 429              	.L16:
 114:Drivers/lvgl/src/extra/widgets/calendar/lv_calendar_header_arrow.c ****             newd.month = 12;
 430              		.loc 1 114 9 is_stmt 1 view .LVU106
 114:Drivers/lvgl/src/extra/widgets/calendar/lv_calendar_header_arrow.c ****             newd.month = 12;
 431              		.loc 1 114 11 is_stmt 0 view .LVU107
 432 0062 012C     		cmp	r4, #1
 433 0064 03D0     		beq	.L18
 119:Drivers/lvgl/src/extra/widgets/calendar/lv_calendar_header_arrow.c ****         }
 434              		.loc 1 119 13 is_stmt 1 view .LVU108
 119:Drivers/lvgl/src/extra/widgets/calendar/lv_calendar_header_arrow.c ****         }
 435              		.loc 1 119 24 is_stmt 0 view .LVU109
 436 0066 013C     		subs	r4, r4, #1
 437              	.LVL63:
 119:Drivers/lvgl/src/extra/widgets/calendar/lv_calendar_header_arrow.c ****         }
 438              		.loc 1 119 24 view .LVU110
 439 0068 62B2     		sxtb	r2, r4
 440              	.LVL64:
 135:Drivers/lvgl/src/extra/widgets/calendar/lv_calendar_header_arrow.c **** }
 441              		.loc 1 135 81 view .LVU111
 442 006a 541E     		subs	r4, r2, #1
 443 006c E3E7     		b	.L13
 444              	.LVL65:
 445              	.L18:
 115:Drivers/lvgl/src/extra/widgets/calendar/lv_calendar_header_arrow.c ****             newd.year --;
 446              		.loc 1 115 13 is_stmt 1 view .LVU112
 116:Drivers/lvgl/src/extra/widgets/calendar/lv_calendar_header_arrow.c ****         }
 447              		.loc 1 116 13 view .LVU113
 116:Drivers/lvgl/src/extra/widgets/calendar/lv_calendar_header_arrow.c ****         }
 448              		.loc 1 116 23 is_stmt 0 view .LVU114
 449 006e 013F     		subs	r7, r7, #1
 450              	.LVL66:
 116:Drivers/lvgl/src/extra/widgets/calendar/lv_calendar_header_arrow.c ****         }
 451              		.loc 1 116 23 view .LVU115
 452 0070 BFB2     		uxth	r7, r7
 453              	.LVL67:
 116:Drivers/lvgl/src/extra/widgets/calendar/lv_calendar_header_arrow.c ****         }
 454              		.loc 1 116 23 view .LVU116
 455 0072 0B24     		movs	r4, #11
 456 0074 0C22     		movs	r2, #12
 457 0076 DEE7     		b	.L13
 458              	.L20:
 459              		.align	2
 460              	.L19:
 461 0078 00000000 		.word	month_names_def
 462 007c 00000000 		.word	.LC2
 463              		.cfi_endproc
 464              	.LFE168:
 466              		.section	.text.lv_calendar_header_arrow_create,"ax",%progbits
 467              		.align	1
 468              		.p2align 2,,3
 469              		.global	lv_calendar_header_arrow_create
 470              		.syntax unified
 471              		.thumb
 472              		.thumb_func
 474              	lv_calendar_header_arrow_create:
 475              	.LVL68:
 476              	.LFB166:
ARM GAS  /var/folders/lp/x54gwt890xv47sdkqj1k04q40000gn/T//ccmW4nDX.s 			page 13


  53:Drivers/lvgl/src/extra/widgets/calendar/lv_calendar_header_arrow.c ****     lv_obj_t * obj = lv_obj_class_create_obj(&lv_calendar_header_arrow_class, parent);
 477              		.loc 1 53 1 is_stmt 1 view -0
 478              		.cfi_startproc
 479              		@ args = 0, pretend = 0, frame = 0
 480              		@ frame_needed = 0, uses_anonymous_args = 0
  54:Drivers/lvgl/src/extra/widgets/calendar/lv_calendar_header_arrow.c ****     lv_obj_class_init_obj(obj);
 481              		.loc 1 54 5 view .LVU118
  53:Drivers/lvgl/src/extra/widgets/calendar/lv_calendar_header_arrow.c ****     lv_obj_t * obj = lv_obj_class_create_obj(&lv_calendar_header_arrow_class, parent);
 482              		.loc 1 53 1 is_stmt 0 view .LVU119
 483 0000 10B5     		push	{r4, lr}
 484              		.cfi_def_cfa_offset 8
 485              		.cfi_offset 4, -8
 486              		.cfi_offset 14, -4
  53:Drivers/lvgl/src/extra/widgets/calendar/lv_calendar_header_arrow.c ****     lv_obj_t * obj = lv_obj_class_create_obj(&lv_calendar_header_arrow_class, parent);
 487              		.loc 1 53 1 view .LVU120
 488 0002 0146     		mov	r1, r0
  54:Drivers/lvgl/src/extra/widgets/calendar/lv_calendar_header_arrow.c ****     lv_obj_class_init_obj(obj);
 489              		.loc 1 54 22 view .LVU121
 490 0004 0348     		ldr	r0, .L23
 491              	.LVL69:
  54:Drivers/lvgl/src/extra/widgets/calendar/lv_calendar_header_arrow.c ****     lv_obj_class_init_obj(obj);
 492              		.loc 1 54 22 view .LVU122
 493 0006 FFF7FEFF 		bl	lv_obj_class_create_obj
 494              	.LVL70:
  54:Drivers/lvgl/src/extra/widgets/calendar/lv_calendar_header_arrow.c ****     lv_obj_class_init_obj(obj);
 495              		.loc 1 54 22 view .LVU123
 496 000a 0446     		mov	r4, r0
 497              	.LVL71:
  55:Drivers/lvgl/src/extra/widgets/calendar/lv_calendar_header_arrow.c ****     return obj;
 498              		.loc 1 55 5 is_stmt 1 view .LVU124
 499 000c FFF7FEFF 		bl	lv_obj_class_init_obj
 500              	.LVL72:
  56:Drivers/lvgl/src/extra/widgets/calendar/lv_calendar_header_arrow.c **** }
 501              		.loc 1 56 5 view .LVU125
  57:Drivers/lvgl/src/extra/widgets/calendar/lv_calendar_header_arrow.c **** 
 502              		.loc 1 57 1 is_stmt 0 view .LVU126
 503 0010 2046     		mov	r0, r4
 504 0012 10BD     		pop	{r4, pc}
 505              	.LVL73:
 506              	.L24:
  57:Drivers/lvgl/src/extra/widgets/calendar/lv_calendar_header_arrow.c **** 
 507              		.loc 1 57 1 view .LVU127
 508              		.align	2
 509              	.L23:
 510 0014 00000000 		.word	lv_calendar_header_arrow_class
 511              		.cfi_endproc
 512              	.LFE166:
 514              		.section	.rodata.str1.4,"aMS",%progbits,1
 515              		.align	2
 516              	.LC3:
 517 0000 4A616E75 		.ascii	"January\000"
 517      61727900 
 518              		.align	2
 519              	.LC4:
 520 0008 46656272 		.ascii	"February\000"
 520      75617279 
 520      00
ARM GAS  /var/folders/lp/x54gwt890xv47sdkqj1k04q40000gn/T//ccmW4nDX.s 			page 14


 521 0011 000000   		.align	2
 522              	.LC5:
 523 0014 4D617263 		.ascii	"March\000"
 523      6800
 524 001a 0000     		.align	2
 525              	.LC6:
 526 001c 41707269 		.ascii	"April\000"
 526      6C00
 527 0022 0000     		.align	2
 528              	.LC7:
 529 0024 4D617900 		.ascii	"May\000"
 530              		.align	2
 531              	.LC8:
 532 0028 4A756E65 		.ascii	"June\000"
 532      00
 533 002d 000000   		.align	2
 534              	.LC9:
 535 0030 4A756C79 		.ascii	"July\000"
 535      00
 536 0035 000000   		.align	2
 537              	.LC10:
 538 0038 41756775 		.ascii	"August\000"
 538      737400
 539 003f 00       		.align	2
 540              	.LC11:
 541 0040 53657074 		.ascii	"September\000"
 541      656D6265 
 541      7200
 542 004a 0000     		.align	2
 543              	.LC12:
 544 004c 4F63746F 		.ascii	"October\000"
 544      62657200 
 545              		.align	2
 546              	.LC13:
 547 0054 4E6F7665 		.ascii	"November\000"
 547      6D626572 
 547      00
 548 005d 000000   		.align	2
 549              	.LC14:
 550 0060 44656365 		.ascii	"December\000"
 550      6D626572 
 550      00
 551              		.section	.rodata.month_names_def,"a"
 552              		.align	2
 555              	month_names_def:
 556 0000 00000000 		.word	.LC3
 557 0004 08000000 		.word	.LC4
 558 0008 14000000 		.word	.LC5
 559 000c 1C000000 		.word	.LC6
 560 0010 24000000 		.word	.LC7
 561 0014 28000000 		.word	.LC8
 562 0018 30000000 		.word	.LC9
 563 001c 38000000 		.word	.LC10
 564 0020 40000000 		.word	.LC11
 565 0024 4C000000 		.word	.LC12
 566 0028 54000000 		.word	.LC13
 567 002c 60000000 		.word	.LC14
ARM GAS  /var/folders/lp/x54gwt890xv47sdkqj1k04q40000gn/T//ccmW4nDX.s 			page 15


 568              		.global	lv_calendar_header_arrow_class
 569              		.section	.rodata.lv_calendar_header_arrow_class,"a"
 570              		.align	2
 573              	lv_calendar_header_arrow_class:
 574 0000 00000000 		.word	lv_obj_class
 575 0004 00000000 		.word	my_constructor
 576 0008 00000000 		.space	12
 576      00000000 
 576      00000000 
 577 0014 6420     		.short	8292
 578 0016 2B00     		.short	43
 579 0018 00000000 		.space	4
 580              		.text
 581              	.Letext0:
 582              		.file 2 "/Users/jr/Library/Application Support/Code/User/globalStorage/bmd.stm32-for-vscode/@xpack
 583              		.file 3 "/Users/jr/Library/Application Support/Code/User/globalStorage/bmd.stm32-for-vscode/@xpack
 584              		.file 4 "Drivers/lvgl/src/extra/widgets/calendar/../../../core/../misc/../font/../misc/lv_area.h"
 585              		.file 5 "Drivers/lvgl/src/extra/widgets/calendar/../../../core/../misc/lv_types.h"
 586              		.file 6 "Drivers/lvgl/src/extra/widgets/calendar/../../../core/../misc/lv_color.h"
 587              		.file 7 "Drivers/lvgl/src/extra/widgets/calendar/../../../core/../misc/lv_txt.h"
 588              		.file 8 "Drivers/lvgl/src/extra/widgets/calendar/../../../core/../misc/lv_style.h"
 589              		.file 9 "Drivers/lvgl/src/extra/widgets/calendar/../../../core/lv_obj.h"
 590              		.file 10 "Drivers/lvgl/src/extra/widgets/calendar/../../../core/../hal/../misc/lv_ll.h"
 591              		.file 11 "Drivers/lvgl/src/extra/widgets/calendar/../../../core/lv_group.h"
 592              		.file 12 "Drivers/lvgl/src/extra/widgets/calendar/../../../core/lv_obj_scroll.h"
 593              		.file 13 "Drivers/lvgl/src/extra/widgets/calendar/../../../core/lv_obj_style.h"
 594              		.file 14 "Drivers/lvgl/src/extra/widgets/calendar/../../../core/lv_obj_class.h"
 595              		.file 15 "Drivers/lvgl/src/extra/widgets/calendar/../../../core/lv_event.h"
 596              		.file 16 "Drivers/lvgl/src/extra/widgets/calendar/lv_calendar_header_arrow.h"
 597              		.file 17 "Drivers/lvgl/src/extra/widgets/calendar/lv_calendar.h"
 598              		.file 18 "Drivers/lvgl/src/extra/widgets/calendar/../../../widgets/lv_label.h"
 599              		.file 19 "Drivers/lvgl/src/extra/widgets/calendar/../../layouts/flex/lv_flex.h"
 600              		.file 20 "Drivers/lvgl/src/extra/widgets/calendar/../../../core/lv_obj_tree.h"
 601              		.file 21 "Drivers/lvgl/src/extra/widgets/calendar/../../../core/../hal/../draw/sw/../../core/lv_ob
 602              		.file 22 "Drivers/lvgl/src/extra/widgets/calendar/../../../core/lv_obj_style_gen.h"
 603              		.file 23 "Drivers/lvgl/src/extra/widgets/calendar/../../../widgets/lv_btn.h"
ARM GAS  /var/folders/lp/x54gwt890xv47sdkqj1k04q40000gn/T//ccmW4nDX.s 			page 16


DEFINED SYMBOLS
                            *ABS*:00000000 lv_calendar_header_arrow.c
/var/folders/lp/x54gwt890xv47sdkqj1k04q40000gn/T//ccmW4nDX.s:21     .rodata.my_constructor.str1.4:00000000 $d
/var/folders/lp/x54gwt890xv47sdkqj1k04q40000gn/T//ccmW4nDX.s:28     .text.my_constructor:00000000 $t
/var/folders/lp/x54gwt890xv47sdkqj1k04q40000gn/T//ccmW4nDX.s:34     .text.my_constructor:00000000 my_constructor
/var/folders/lp/x54gwt890xv47sdkqj1k04q40000gn/T//ccmW4nDX.s:213    .text.my_constructor:000000d0 $d
/var/folders/lp/x54gwt890xv47sdkqj1k04q40000gn/T//ccmW4nDX.s:308    .text.month_event_cb:00000000 month_event_cb
/var/folders/lp/x54gwt890xv47sdkqj1k04q40000gn/T//ccmW4nDX.s:231    .text.value_changed_event_cb:00000000 value_changed_event_cb
/var/folders/lp/x54gwt890xv47sdkqj1k04q40000gn/T//ccmW4nDX.s:221    .rodata.value_changed_event_cb.str1.4:00000000 $d
/var/folders/lp/x54gwt890xv47sdkqj1k04q40000gn/T//ccmW4nDX.s:225    .text.value_changed_event_cb:00000000 $t
/var/folders/lp/x54gwt890xv47sdkqj1k04q40000gn/T//ccmW4nDX.s:296    .text.value_changed_event_cb:00000034 $d
/var/folders/lp/x54gwt890xv47sdkqj1k04q40000gn/T//ccmW4nDX.s:555    .rodata.month_names_def:00000000 month_names_def
/var/folders/lp/x54gwt890xv47sdkqj1k04q40000gn/T//ccmW4nDX.s:302    .text.month_event_cb:00000000 $t
/var/folders/lp/x54gwt890xv47sdkqj1k04q40000gn/T//ccmW4nDX.s:461    .text.month_event_cb:00000078 $d
/var/folders/lp/x54gwt890xv47sdkqj1k04q40000gn/T//ccmW4nDX.s:467    .text.lv_calendar_header_arrow_create:00000000 $t
/var/folders/lp/x54gwt890xv47sdkqj1k04q40000gn/T//ccmW4nDX.s:474    .text.lv_calendar_header_arrow_create:00000000 lv_calendar_header_arrow_create
/var/folders/lp/x54gwt890xv47sdkqj1k04q40000gn/T//ccmW4nDX.s:510    .text.lv_calendar_header_arrow_create:00000014 $d
/var/folders/lp/x54gwt890xv47sdkqj1k04q40000gn/T//ccmW4nDX.s:573    .rodata.lv_calendar_header_arrow_class:00000000 lv_calendar_header_arrow_class
/var/folders/lp/x54gwt890xv47sdkqj1k04q40000gn/T//ccmW4nDX.s:515    .rodata.str1.4:00000000 $d
/var/folders/lp/x54gwt890xv47sdkqj1k04q40000gn/T//ccmW4nDX.s:552    .rodata.month_names_def:00000000 $d
/var/folders/lp/x54gwt890xv47sdkqj1k04q40000gn/T//ccmW4nDX.s:570    .rodata.lv_calendar_header_arrow_class:00000000 $d

UNDEFINED SYMBOLS
lv_obj_move_to_index
lv_obj_set_flex_flow
lv_obj_set_flex_align
lv_btn_create
lv_obj_set_style_bg_img_src
lv_obj_set_height
lv_obj_update_layout
lv_obj_get_height
lv_obj_set_width
lv_obj_add_event_cb
lv_obj_clear_flag
lv_label_create
lv_label_set_long_mode
lv_obj_set_style_text_align
lv_obj_set_flex_grow
lv_obj_set_size
lv_event_send
lv_event_get_target
lv_obj_get_parent
lv_calendar_get_showed_date
lv_obj_get_child
lv_label_set_text_fmt
lv_calendar_set_showed_date
lv_obj_class_create_obj
lv_obj_class_init_obj
lv_obj_class
