ARM GAS  /var/folders/0z/tsy30v1j4xl4_7kw94k978ww0000gn/T//cchxbup0.s 			page 1


   1              		.cpu cortex-m4
   2              		.arch armv7e-m
   3              		.fpu fpv4-sp-d16
   4              		.eabi_attribute 27, 1
   5              		.eabi_attribute 28, 1
   6              		.eabi_attribute 23, 1
   7              		.eabi_attribute 24, 1
   8              		.eabi_attribute 25, 1
   9              		.eabi_attribute 26, 1
  10              		.eabi_attribute 30, 2
  11              		.eabi_attribute 34, 1
  12              		.eabi_attribute 18, 4
  13              		.file	"lv_draw_rect.c"
  14              		.text
  15              	.Ltext0:
  16              		.cfi_sections	.debug_frame
  17              		.section	.text.lv_draw_rect_dsc_init,"ax",%progbits
  18              		.align	1
  19              		.p2align 2,,3
  20              		.global	lv_draw_rect_dsc_init
  21              		.syntax unified
  22              		.thumb
  23              		.thumb_func
  25              	lv_draw_rect_dsc_init:
  26              	.LVL0:
  27              	.LFB55:
  28              		.file 1 "Drivers/lvgl/src/draw/lv_draw_rect.c"
   1:Drivers/lvgl/src/draw/lv_draw_rect.c **** /**
   2:Drivers/lvgl/src/draw/lv_draw_rect.c ****  * @file lv_draw_rect.c
   3:Drivers/lvgl/src/draw/lv_draw_rect.c ****  *
   4:Drivers/lvgl/src/draw/lv_draw_rect.c ****  */
   5:Drivers/lvgl/src/draw/lv_draw_rect.c **** 
   6:Drivers/lvgl/src/draw/lv_draw_rect.c **** /*********************
   7:Drivers/lvgl/src/draw/lv_draw_rect.c ****  *      INCLUDES
   8:Drivers/lvgl/src/draw/lv_draw_rect.c ****  *********************/
   9:Drivers/lvgl/src/draw/lv_draw_rect.c **** #include "lv_draw.h"
  10:Drivers/lvgl/src/draw/lv_draw_rect.c **** #include "lv_draw_rect.h"
  11:Drivers/lvgl/src/draw/lv_draw_rect.c **** #include "../misc/lv_assert.h"
  12:Drivers/lvgl/src/draw/lv_draw_rect.c **** 
  13:Drivers/lvgl/src/draw/lv_draw_rect.c **** /*********************
  14:Drivers/lvgl/src/draw/lv_draw_rect.c ****  *      DEFINES
  15:Drivers/lvgl/src/draw/lv_draw_rect.c ****  *********************/
  16:Drivers/lvgl/src/draw/lv_draw_rect.c **** 
  17:Drivers/lvgl/src/draw/lv_draw_rect.c **** /**********************
  18:Drivers/lvgl/src/draw/lv_draw_rect.c ****  *      TYPEDEFS
  19:Drivers/lvgl/src/draw/lv_draw_rect.c ****  **********************/
  20:Drivers/lvgl/src/draw/lv_draw_rect.c **** 
  21:Drivers/lvgl/src/draw/lv_draw_rect.c **** /**********************
  22:Drivers/lvgl/src/draw/lv_draw_rect.c ****  *  STATIC PROTOTYPES
  23:Drivers/lvgl/src/draw/lv_draw_rect.c ****  **********************/
  24:Drivers/lvgl/src/draw/lv_draw_rect.c **** 
  25:Drivers/lvgl/src/draw/lv_draw_rect.c **** /**********************
  26:Drivers/lvgl/src/draw/lv_draw_rect.c ****  *  STATIC VARIABLES
  27:Drivers/lvgl/src/draw/lv_draw_rect.c ****  **********************/
  28:Drivers/lvgl/src/draw/lv_draw_rect.c **** 
  29:Drivers/lvgl/src/draw/lv_draw_rect.c **** /**********************
  30:Drivers/lvgl/src/draw/lv_draw_rect.c ****  *      MACROS
ARM GAS  /var/folders/0z/tsy30v1j4xl4_7kw94k978ww0000gn/T//cchxbup0.s 			page 2


  31:Drivers/lvgl/src/draw/lv_draw_rect.c ****  **********************/
  32:Drivers/lvgl/src/draw/lv_draw_rect.c **** 
  33:Drivers/lvgl/src/draw/lv_draw_rect.c **** /**********************
  34:Drivers/lvgl/src/draw/lv_draw_rect.c ****  *   GLOBAL FUNCTIONS
  35:Drivers/lvgl/src/draw/lv_draw_rect.c ****  **********************/
  36:Drivers/lvgl/src/draw/lv_draw_rect.c **** 
  37:Drivers/lvgl/src/draw/lv_draw_rect.c **** void LV_ATTRIBUTE_FAST_MEM lv_draw_rect_dsc_init(lv_draw_rect_dsc_t * dsc)
  38:Drivers/lvgl/src/draw/lv_draw_rect.c **** {
  29              		.loc 1 38 1 view -0
  30              		.cfi_startproc
  31              		@ args = 0, pretend = 0, frame = 0
  32              		@ frame_needed = 0, uses_anonymous_args = 0
  39:Drivers/lvgl/src/draw/lv_draw_rect.c ****     lv_memset_00(dsc, sizeof(lv_draw_rect_dsc_t));
  33              		.loc 1 39 5 view .LVU1
  38:Drivers/lvgl/src/draw/lv_draw_rect.c ****     lv_memset_00(dsc, sizeof(lv_draw_rect_dsc_t));
  34              		.loc 1 38 1 is_stmt 0 view .LVU2
  35 0000 10B5     		push	{r4, lr}
  36              		.cfi_def_cfa_offset 8
  37              		.cfi_offset 4, -8
  38              		.cfi_offset 14, -4
  38:Drivers/lvgl/src/draw/lv_draw_rect.c ****     lv_memset_00(dsc, sizeof(lv_draw_rect_dsc_t));
  39              		.loc 1 38 1 view .LVU3
  40 0002 0446     		mov	r4, r0
  41              		.loc 1 39 5 view .LVU4
  42 0004 3821     		movs	r1, #56
  43 0006 FFF7FEFF 		bl	lv_memset_00
  44              	.LVL1:
  40:Drivers/lvgl/src/draw/lv_draw_rect.c ****     dsc->bg_color = lv_color_white();
  45              		.loc 1 40 5 is_stmt 1 view .LVU5
  41:Drivers/lvgl/src/draw/lv_draw_rect.c ****     dsc->bg_grad.stops[0].color = lv_color_white();
  46              		.loc 1 41 5 view .LVU6
  42:Drivers/lvgl/src/draw/lv_draw_rect.c ****     dsc->bg_grad.stops[1].color = lv_color_black();
  47              		.loc 1 42 5 view .LVU7
  43:Drivers/lvgl/src/draw/lv_draw_rect.c ****     dsc->bg_grad.stops[1].frac = 0xFF;
  48              		.loc 1 43 5 view .LVU8
  44:Drivers/lvgl/src/draw/lv_draw_rect.c ****     dsc->bg_grad.stops_count = 2;
  45:Drivers/lvgl/src/draw/lv_draw_rect.c ****     dsc->border_color = lv_color_black();
  46:Drivers/lvgl/src/draw/lv_draw_rect.c ****     dsc->shadow_color = lv_color_black();
  47:Drivers/lvgl/src/draw/lv_draw_rect.c ****     dsc->bg_img_symbol_font = LV_FONT_DEFAULT;
  48:Drivers/lvgl/src/draw/lv_draw_rect.c ****     dsc->bg_opa = LV_OPA_COVER;
  49:Drivers/lvgl/src/draw/lv_draw_rect.c ****     dsc->bg_img_opa = LV_OPA_COVER;
  50:Drivers/lvgl/src/draw/lv_draw_rect.c ****     dsc->outline_opa = LV_OPA_COVER;
  51:Drivers/lvgl/src/draw/lv_draw_rect.c ****     dsc->border_opa = LV_OPA_COVER;
  49              		.loc 1 51 21 is_stmt 0 view .LVU9
  50 000a 638C     		ldrh	r3, [r4, #34]
  51 000c 23F47B53 		bic	r3, r3, #16064
  52 0010 23F03F03 		bic	r3, r3, #63
  53 0014 43F4F753 		orr	r3, r3, #7904
  54 0018 43F01F03 		orr	r3, r3, #31
  43:Drivers/lvgl/src/draw/lv_draw_rect.c ****     dsc->bg_grad.stops[1].frac = 0xFF;
  55              		.loc 1 43 32 view .LVU10
  56 001c FF22     		movs	r2, #255
  44:Drivers/lvgl/src/draw/lv_draw_rect.c ****     dsc->bg_grad.stops_count = 2;
  57              		.loc 1 44 30 view .LVU11
  58 001e 0220     		movs	r0, #2
  59              		.loc 1 51 21 view .LVU12
  60 0020 6384     		strh	r3, [r4, #34]	@ movhi
ARM GAS  /var/folders/0z/tsy30v1j4xl4_7kw94k978ww0000gn/T//cchxbup0.s 			page 3


  40:Drivers/lvgl/src/draw/lv_draw_rect.c ****     dsc->bg_grad.stops[0].color = lv_color_white();
  61              		.loc 1 40 21 view .LVU13
  62 0022 4FF0FF33 		mov	r3, #-1
  42:Drivers/lvgl/src/draw/lv_draw_rect.c ****     dsc->bg_grad.stops[1].frac = 0xFF;
  63              		.loc 1 42 35 view .LVU14
  64 0026 0021     		movs	r1, #0
  44:Drivers/lvgl/src/draw/lv_draw_rect.c ****     dsc->bg_grad.stops_count = 2;
  65              		.loc 1 44 30 view .LVU15
  66 0028 A073     		strb	r0, [r4, #14]
  43:Drivers/lvgl/src/draw/lv_draw_rect.c ****     dsc->bg_grad.stops_count = 2;
  67              		.loc 1 43 32 view .LVU16
  68 002a 2273     		strb	r2, [r4, #12]
  44:Drivers/lvgl/src/draw/lv_draw_rect.c ****     dsc->border_color = lv_color_black();
  69              		.loc 1 44 5 is_stmt 1 view .LVU17
  45:Drivers/lvgl/src/draw/lv_draw_rect.c ****     dsc->shadow_color = lv_color_black();
  70              		.loc 1 45 5 view .LVU18
  47:Drivers/lvgl/src/draw/lv_draw_rect.c ****     dsc->bg_opa = LV_OPA_COVER;
  71              		.loc 1 47 29 is_stmt 0 view .LVU19
  72 002c 0648     		ldr	r0, .L4
  48:Drivers/lvgl/src/draw/lv_draw_rect.c ****     dsc->bg_img_opa = LV_OPA_COVER;
  73              		.loc 1 48 17 view .LVU20
  74 002e E270     		strb	r2, [r4, #3]
  49:Drivers/lvgl/src/draw/lv_draw_rect.c ****     dsc->outline_opa = LV_OPA_COVER;
  75              		.loc 1 49 21 view .LVU21
  76 0030 A376     		strb	r3, [r4, #26]
  50:Drivers/lvgl/src/draw/lv_draw_rect.c ****     dsc->border_opa = LV_OPA_COVER;
  77              		.loc 1 50 22 view .LVU22
  78 0032 84F82A20 		strb	r2, [r4, #42]
  52:Drivers/lvgl/src/draw/lv_draw_rect.c ****     dsc->shadow_opa = LV_OPA_COVER;
  79              		.loc 1 52 21 view .LVU23
  80 0036 84F83620 		strb	r2, [r4, #54]
  42:Drivers/lvgl/src/draw/lv_draw_rect.c ****     dsc->bg_grad.stops[1].frac = 0xFF;
  81              		.loc 1 42 35 view .LVU24
  82 003a 6181     		strh	r1, [r4, #10]	@ movhi
  45:Drivers/lvgl/src/draw/lv_draw_rect.c ****     dsc->shadow_color = lv_color_black();
  83              		.loc 1 45 25 view .LVU25
  84 003c E183     		strh	r1, [r4, #30]	@ movhi
  46:Drivers/lvgl/src/draw/lv_draw_rect.c ****     dsc->bg_img_symbol_font = LV_FONT_DEFAULT;
  85              		.loc 1 46 5 is_stmt 1 view .LVU26
  46:Drivers/lvgl/src/draw/lv_draw_rect.c ****     dsc->bg_img_symbol_font = LV_FONT_DEFAULT;
  86              		.loc 1 46 25 is_stmt 0 view .LVU27
  87 003e A185     		strh	r1, [r4, #44]	@ movhi
  47:Drivers/lvgl/src/draw/lv_draw_rect.c ****     dsc->bg_opa = LV_OPA_COVER;
  88              		.loc 1 47 5 is_stmt 1 view .LVU28
  47:Drivers/lvgl/src/draw/lv_draw_rect.c ****     dsc->bg_opa = LV_OPA_COVER;
  89              		.loc 1 47 29 is_stmt 0 view .LVU29
  90 0040 6061     		str	r0, [r4, #20]
  48:Drivers/lvgl/src/draw/lv_draw_rect.c ****     dsc->bg_img_opa = LV_OPA_COVER;
  91              		.loc 1 48 5 is_stmt 1 view .LVU30
  40:Drivers/lvgl/src/draw/lv_draw_rect.c ****     dsc->bg_grad.stops[0].color = lv_color_white();
  92              		.loc 1 40 21 is_stmt 0 view .LVU31
  93 0042 6360     		str	r3, [r4, #4]
  49:Drivers/lvgl/src/draw/lv_draw_rect.c ****     dsc->outline_opa = LV_OPA_COVER;
  94              		.loc 1 49 5 is_stmt 1 view .LVU32
  50:Drivers/lvgl/src/draw/lv_draw_rect.c ****     dsc->border_opa = LV_OPA_COVER;
  95              		.loc 1 50 5 view .LVU33
  51:Drivers/lvgl/src/draw/lv_draw_rect.c ****     dsc->shadow_opa = LV_OPA_COVER;
ARM GAS  /var/folders/0z/tsy30v1j4xl4_7kw94k978ww0000gn/T//cchxbup0.s 			page 4


  96              		.loc 1 51 5 view .LVU34
  97              		.loc 1 52 5 view .LVU35
  53:Drivers/lvgl/src/draw/lv_draw_rect.c ****     dsc->border_side = LV_BORDER_SIDE_FULL;
  98              		.loc 1 53 5 view .LVU36
  54:Drivers/lvgl/src/draw/lv_draw_rect.c **** }
  99              		.loc 1 54 1 is_stmt 0 view .LVU37
 100 0044 10BD     		pop	{r4, pc}
 101              	.LVL2:
 102              	.L5:
 103              		.loc 1 54 1 view .LVU38
 104 0046 00BF     		.align	2
 105              	.L4:
 106 0048 00000000 		.word	lv_font_montserrat_14
 107              		.cfi_endproc
 108              	.LFE55:
 110              		.section	.text.lv_draw_rect,"ax",%progbits
 111              		.align	1
 112              		.p2align 2,,3
 113              		.global	lv_draw_rect
 114              		.syntax unified
 115              		.thumb
 116              		.thumb_func
 118              	lv_draw_rect:
 119              	.LVL3:
 120              	.LFB56:
  55:Drivers/lvgl/src/draw/lv_draw_rect.c **** 
  56:Drivers/lvgl/src/draw/lv_draw_rect.c **** /**
  57:Drivers/lvgl/src/draw/lv_draw_rect.c ****  * Draw a rectangle
  58:Drivers/lvgl/src/draw/lv_draw_rect.c ****  * @param coords the coordinates of the rectangle
  59:Drivers/lvgl/src/draw/lv_draw_rect.c ****  * @param mask the rectangle will be drawn only in this mask
  60:Drivers/lvgl/src/draw/lv_draw_rect.c ****  * @param dsc pointer to an initialized `lv_draw_rect_dsc_t` variable
  61:Drivers/lvgl/src/draw/lv_draw_rect.c ****  */
  62:Drivers/lvgl/src/draw/lv_draw_rect.c **** void lv_draw_rect(lv_draw_ctx_t * draw_ctx, const lv_draw_rect_dsc_t * dsc, const lv_area_t * coord
  63:Drivers/lvgl/src/draw/lv_draw_rect.c **** {
 121              		.loc 1 63 1 is_stmt 1 view -0
 122              		.cfi_startproc
 123              		@ args = 0, pretend = 0, frame = 0
 124              		@ frame_needed = 0, uses_anonymous_args = 0
  64:Drivers/lvgl/src/draw/lv_draw_rect.c ****     if(lv_area_get_height(coords) < 1 || lv_area_get_width(coords) < 1) return;
 125              		.loc 1 64 5 view .LVU40
 126              	.LBB20:
 127              	.LBI20:
 128              		.file 2 "Drivers/lvgl/src/draw/../misc/../font/../misc/lv_area.h"
   1:Drivers/lvgl/src/draw/../misc/../font/../misc/lv_area.h **** /**
   2:Drivers/lvgl/src/draw/../misc/../font/../misc/lv_area.h ****  * @file lv_area.h
   3:Drivers/lvgl/src/draw/../misc/../font/../misc/lv_area.h ****  *
   4:Drivers/lvgl/src/draw/../misc/../font/../misc/lv_area.h ****  */
   5:Drivers/lvgl/src/draw/../misc/../font/../misc/lv_area.h **** 
   6:Drivers/lvgl/src/draw/../misc/../font/../misc/lv_area.h **** #ifndef LV_AREA_H
   7:Drivers/lvgl/src/draw/../misc/../font/../misc/lv_area.h **** #define LV_AREA_H
   8:Drivers/lvgl/src/draw/../misc/../font/../misc/lv_area.h **** 
   9:Drivers/lvgl/src/draw/../misc/../font/../misc/lv_area.h **** #ifdef __cplusplus
  10:Drivers/lvgl/src/draw/../misc/../font/../misc/lv_area.h **** extern "C" {
  11:Drivers/lvgl/src/draw/../misc/../font/../misc/lv_area.h **** #endif
  12:Drivers/lvgl/src/draw/../misc/../font/../misc/lv_area.h **** 
  13:Drivers/lvgl/src/draw/../misc/../font/../misc/lv_area.h **** /*********************
  14:Drivers/lvgl/src/draw/../misc/../font/../misc/lv_area.h ****  *      INCLUDES
ARM GAS  /var/folders/0z/tsy30v1j4xl4_7kw94k978ww0000gn/T//cchxbup0.s 			page 5


  15:Drivers/lvgl/src/draw/../misc/../font/../misc/lv_area.h ****  *********************/
  16:Drivers/lvgl/src/draw/../misc/../font/../misc/lv_area.h **** #include "../lv_conf_internal.h"
  17:Drivers/lvgl/src/draw/../misc/../font/../misc/lv_area.h **** #include <stdbool.h>
  18:Drivers/lvgl/src/draw/../misc/../font/../misc/lv_area.h **** #include <stdint.h>
  19:Drivers/lvgl/src/draw/../misc/../font/../misc/lv_area.h **** 
  20:Drivers/lvgl/src/draw/../misc/../font/../misc/lv_area.h **** /*********************
  21:Drivers/lvgl/src/draw/../misc/../font/../misc/lv_area.h ****  *      DEFINES
  22:Drivers/lvgl/src/draw/../misc/../font/../misc/lv_area.h ****  *********************/
  23:Drivers/lvgl/src/draw/../misc/../font/../misc/lv_area.h **** 
  24:Drivers/lvgl/src/draw/../misc/../font/../misc/lv_area.h **** #if LV_USE_LARGE_COORD
  25:Drivers/lvgl/src/draw/../misc/../font/../misc/lv_area.h **** typedef int32_t lv_coord_t;
  26:Drivers/lvgl/src/draw/../misc/../font/../misc/lv_area.h **** #else
  27:Drivers/lvgl/src/draw/../misc/../font/../misc/lv_area.h **** typedef int16_t lv_coord_t;
  28:Drivers/lvgl/src/draw/../misc/../font/../misc/lv_area.h **** #endif
  29:Drivers/lvgl/src/draw/../misc/../font/../misc/lv_area.h **** 
  30:Drivers/lvgl/src/draw/../misc/../font/../misc/lv_area.h **** /**********************
  31:Drivers/lvgl/src/draw/../misc/../font/../misc/lv_area.h ****  *      TYPEDEFS
  32:Drivers/lvgl/src/draw/../misc/../font/../misc/lv_area.h ****  **********************/
  33:Drivers/lvgl/src/draw/../misc/../font/../misc/lv_area.h **** 
  34:Drivers/lvgl/src/draw/../misc/../font/../misc/lv_area.h **** /**
  35:Drivers/lvgl/src/draw/../misc/../font/../misc/lv_area.h ****  * Represents a point on the screen.
  36:Drivers/lvgl/src/draw/../misc/../font/../misc/lv_area.h ****  */
  37:Drivers/lvgl/src/draw/../misc/../font/../misc/lv_area.h **** typedef struct {
  38:Drivers/lvgl/src/draw/../misc/../font/../misc/lv_area.h ****     lv_coord_t x;
  39:Drivers/lvgl/src/draw/../misc/../font/../misc/lv_area.h ****     lv_coord_t y;
  40:Drivers/lvgl/src/draw/../misc/../font/../misc/lv_area.h **** } lv_point_t;
  41:Drivers/lvgl/src/draw/../misc/../font/../misc/lv_area.h **** 
  42:Drivers/lvgl/src/draw/../misc/../font/../misc/lv_area.h **** /** Represents an area of the screen.*/
  43:Drivers/lvgl/src/draw/../misc/../font/../misc/lv_area.h **** typedef struct {
  44:Drivers/lvgl/src/draw/../misc/../font/../misc/lv_area.h ****     lv_coord_t x1;
  45:Drivers/lvgl/src/draw/../misc/../font/../misc/lv_area.h ****     lv_coord_t y1;
  46:Drivers/lvgl/src/draw/../misc/../font/../misc/lv_area.h ****     lv_coord_t x2;
  47:Drivers/lvgl/src/draw/../misc/../font/../misc/lv_area.h ****     lv_coord_t y2;
  48:Drivers/lvgl/src/draw/../misc/../font/../misc/lv_area.h **** } lv_area_t;
  49:Drivers/lvgl/src/draw/../misc/../font/../misc/lv_area.h **** 
  50:Drivers/lvgl/src/draw/../misc/../font/../misc/lv_area.h **** /** Alignments*/
  51:Drivers/lvgl/src/draw/../misc/../font/../misc/lv_area.h **** enum {
  52:Drivers/lvgl/src/draw/../misc/../font/../misc/lv_area.h ****     LV_ALIGN_DEFAULT = 0,
  53:Drivers/lvgl/src/draw/../misc/../font/../misc/lv_area.h ****     LV_ALIGN_TOP_LEFT,
  54:Drivers/lvgl/src/draw/../misc/../font/../misc/lv_area.h ****     LV_ALIGN_TOP_MID,
  55:Drivers/lvgl/src/draw/../misc/../font/../misc/lv_area.h ****     LV_ALIGN_TOP_RIGHT,
  56:Drivers/lvgl/src/draw/../misc/../font/../misc/lv_area.h ****     LV_ALIGN_BOTTOM_LEFT,
  57:Drivers/lvgl/src/draw/../misc/../font/../misc/lv_area.h ****     LV_ALIGN_BOTTOM_MID,
  58:Drivers/lvgl/src/draw/../misc/../font/../misc/lv_area.h ****     LV_ALIGN_BOTTOM_RIGHT,
  59:Drivers/lvgl/src/draw/../misc/../font/../misc/lv_area.h ****     LV_ALIGN_LEFT_MID,
  60:Drivers/lvgl/src/draw/../misc/../font/../misc/lv_area.h ****     LV_ALIGN_RIGHT_MID,
  61:Drivers/lvgl/src/draw/../misc/../font/../misc/lv_area.h ****     LV_ALIGN_CENTER,
  62:Drivers/lvgl/src/draw/../misc/../font/../misc/lv_area.h **** 
  63:Drivers/lvgl/src/draw/../misc/../font/../misc/lv_area.h ****     LV_ALIGN_OUT_TOP_LEFT,
  64:Drivers/lvgl/src/draw/../misc/../font/../misc/lv_area.h ****     LV_ALIGN_OUT_TOP_MID,
  65:Drivers/lvgl/src/draw/../misc/../font/../misc/lv_area.h ****     LV_ALIGN_OUT_TOP_RIGHT,
  66:Drivers/lvgl/src/draw/../misc/../font/../misc/lv_area.h ****     LV_ALIGN_OUT_BOTTOM_LEFT,
  67:Drivers/lvgl/src/draw/../misc/../font/../misc/lv_area.h ****     LV_ALIGN_OUT_BOTTOM_MID,
  68:Drivers/lvgl/src/draw/../misc/../font/../misc/lv_area.h ****     LV_ALIGN_OUT_BOTTOM_RIGHT,
  69:Drivers/lvgl/src/draw/../misc/../font/../misc/lv_area.h ****     LV_ALIGN_OUT_LEFT_TOP,
  70:Drivers/lvgl/src/draw/../misc/../font/../misc/lv_area.h ****     LV_ALIGN_OUT_LEFT_MID,
  71:Drivers/lvgl/src/draw/../misc/../font/../misc/lv_area.h ****     LV_ALIGN_OUT_LEFT_BOTTOM,
ARM GAS  /var/folders/0z/tsy30v1j4xl4_7kw94k978ww0000gn/T//cchxbup0.s 			page 6


  72:Drivers/lvgl/src/draw/../misc/../font/../misc/lv_area.h ****     LV_ALIGN_OUT_RIGHT_TOP,
  73:Drivers/lvgl/src/draw/../misc/../font/../misc/lv_area.h ****     LV_ALIGN_OUT_RIGHT_MID,
  74:Drivers/lvgl/src/draw/../misc/../font/../misc/lv_area.h ****     LV_ALIGN_OUT_RIGHT_BOTTOM,
  75:Drivers/lvgl/src/draw/../misc/../font/../misc/lv_area.h **** };
  76:Drivers/lvgl/src/draw/../misc/../font/../misc/lv_area.h **** typedef uint8_t lv_align_t;
  77:Drivers/lvgl/src/draw/../misc/../font/../misc/lv_area.h **** 
  78:Drivers/lvgl/src/draw/../misc/../font/../misc/lv_area.h **** enum {
  79:Drivers/lvgl/src/draw/../misc/../font/../misc/lv_area.h ****     LV_DIR_NONE     = 0x00,
  80:Drivers/lvgl/src/draw/../misc/../font/../misc/lv_area.h ****     LV_DIR_LEFT     = (1 << 0),
  81:Drivers/lvgl/src/draw/../misc/../font/../misc/lv_area.h ****     LV_DIR_RIGHT    = (1 << 1),
  82:Drivers/lvgl/src/draw/../misc/../font/../misc/lv_area.h ****     LV_DIR_TOP      = (1 << 2),
  83:Drivers/lvgl/src/draw/../misc/../font/../misc/lv_area.h ****     LV_DIR_BOTTOM   = (1 << 3),
  84:Drivers/lvgl/src/draw/../misc/../font/../misc/lv_area.h ****     LV_DIR_HOR      = LV_DIR_LEFT | LV_DIR_RIGHT,
  85:Drivers/lvgl/src/draw/../misc/../font/../misc/lv_area.h ****     LV_DIR_VER      = LV_DIR_TOP | LV_DIR_BOTTOM,
  86:Drivers/lvgl/src/draw/../misc/../font/../misc/lv_area.h ****     LV_DIR_ALL      = LV_DIR_HOR | LV_DIR_VER,
  87:Drivers/lvgl/src/draw/../misc/../font/../misc/lv_area.h **** };
  88:Drivers/lvgl/src/draw/../misc/../font/../misc/lv_area.h **** 
  89:Drivers/lvgl/src/draw/../misc/../font/../misc/lv_area.h **** typedef uint8_t lv_dir_t;
  90:Drivers/lvgl/src/draw/../misc/../font/../misc/lv_area.h **** 
  91:Drivers/lvgl/src/draw/../misc/../font/../misc/lv_area.h **** /**********************
  92:Drivers/lvgl/src/draw/../misc/../font/../misc/lv_area.h ****  * GLOBAL PROTOTYPES
  93:Drivers/lvgl/src/draw/../misc/../font/../misc/lv_area.h ****  **********************/
  94:Drivers/lvgl/src/draw/../misc/../font/../misc/lv_area.h **** 
  95:Drivers/lvgl/src/draw/../misc/../font/../misc/lv_area.h **** /**
  96:Drivers/lvgl/src/draw/../misc/../font/../misc/lv_area.h ****  * Initialize an area
  97:Drivers/lvgl/src/draw/../misc/../font/../misc/lv_area.h ****  * @param area_p pointer to an area
  98:Drivers/lvgl/src/draw/../misc/../font/../misc/lv_area.h ****  * @param x1 left coordinate of the area
  99:Drivers/lvgl/src/draw/../misc/../font/../misc/lv_area.h ****  * @param y1 top coordinate of the area
 100:Drivers/lvgl/src/draw/../misc/../font/../misc/lv_area.h ****  * @param x2 right coordinate of the area
 101:Drivers/lvgl/src/draw/../misc/../font/../misc/lv_area.h ****  * @param y2 bottom coordinate of the area
 102:Drivers/lvgl/src/draw/../misc/../font/../misc/lv_area.h ****  */
 103:Drivers/lvgl/src/draw/../misc/../font/../misc/lv_area.h **** void lv_area_set(lv_area_t * area_p, lv_coord_t x1, lv_coord_t y1, lv_coord_t x2, lv_coord_t y2);
 104:Drivers/lvgl/src/draw/../misc/../font/../misc/lv_area.h **** 
 105:Drivers/lvgl/src/draw/../misc/../font/../misc/lv_area.h **** /**
 106:Drivers/lvgl/src/draw/../misc/../font/../misc/lv_area.h ****  * Copy an area
 107:Drivers/lvgl/src/draw/../misc/../font/../misc/lv_area.h ****  * @param dest pointer to the destination area
 108:Drivers/lvgl/src/draw/../misc/../font/../misc/lv_area.h ****  * @param src pointer to the source area
 109:Drivers/lvgl/src/draw/../misc/../font/../misc/lv_area.h ****  */
 110:Drivers/lvgl/src/draw/../misc/../font/../misc/lv_area.h **** inline static void lv_area_copy(lv_area_t * dest, const lv_area_t * src)
 111:Drivers/lvgl/src/draw/../misc/../font/../misc/lv_area.h **** {
 112:Drivers/lvgl/src/draw/../misc/../font/../misc/lv_area.h ****     dest->x1 = src->x1;
 113:Drivers/lvgl/src/draw/../misc/../font/../misc/lv_area.h ****     dest->y1 = src->y1;
 114:Drivers/lvgl/src/draw/../misc/../font/../misc/lv_area.h ****     dest->x2 = src->x2;
 115:Drivers/lvgl/src/draw/../misc/../font/../misc/lv_area.h ****     dest->y2 = src->y2;
 116:Drivers/lvgl/src/draw/../misc/../font/../misc/lv_area.h **** }
 117:Drivers/lvgl/src/draw/../misc/../font/../misc/lv_area.h **** 
 118:Drivers/lvgl/src/draw/../misc/../font/../misc/lv_area.h **** /**
 119:Drivers/lvgl/src/draw/../misc/../font/../misc/lv_area.h ****  * Get the width of an area
 120:Drivers/lvgl/src/draw/../misc/../font/../misc/lv_area.h ****  * @param area_p pointer to an area
 121:Drivers/lvgl/src/draw/../misc/../font/../misc/lv_area.h ****  * @return the width of the area (if x1 == x2 -> width = 1)
 122:Drivers/lvgl/src/draw/../misc/../font/../misc/lv_area.h ****  */
 123:Drivers/lvgl/src/draw/../misc/../font/../misc/lv_area.h **** static inline lv_coord_t lv_area_get_width(const lv_area_t * area_p)
 124:Drivers/lvgl/src/draw/../misc/../font/../misc/lv_area.h **** {
 125:Drivers/lvgl/src/draw/../misc/../font/../misc/lv_area.h ****     return (lv_coord_t)(area_p->x2 - area_p->x1 + 1);
 126:Drivers/lvgl/src/draw/../misc/../font/../misc/lv_area.h **** }
 127:Drivers/lvgl/src/draw/../misc/../font/../misc/lv_area.h **** 
 128:Drivers/lvgl/src/draw/../misc/../font/../misc/lv_area.h **** /**
ARM GAS  /var/folders/0z/tsy30v1j4xl4_7kw94k978ww0000gn/T//cchxbup0.s 			page 7


 129:Drivers/lvgl/src/draw/../misc/../font/../misc/lv_area.h ****  * Get the height of an area
 130:Drivers/lvgl/src/draw/../misc/../font/../misc/lv_area.h ****  * @param area_p pointer to an area
 131:Drivers/lvgl/src/draw/../misc/../font/../misc/lv_area.h ****  * @return the height of the area (if y1 == y2 -> height = 1)
 132:Drivers/lvgl/src/draw/../misc/../font/../misc/lv_area.h ****  */
 133:Drivers/lvgl/src/draw/../misc/../font/../misc/lv_area.h **** static inline lv_coord_t lv_area_get_height(const lv_area_t * area_p)
 129              		.loc 2 133 26 view .LVU41
 130              	.LBB21:
 134:Drivers/lvgl/src/draw/../misc/../font/../misc/lv_area.h **** {
 135:Drivers/lvgl/src/draw/../misc/../font/../misc/lv_area.h ****     return (lv_coord_t)(area_p->y2 - area_p->y1 + 1);
 131              		.loc 2 135 5 view .LVU42
 132              		.loc 2 135 49 is_stmt 0 view .LVU43
 133 0000 D388     		ldrh	r3, [r2, #6]
 134              	.LBE21:
 135              	.LBE20:
  63:Drivers/lvgl/src/draw/lv_draw_rect.c ****     if(lv_area_get_height(coords) < 1 || lv_area_get_width(coords) < 1) return;
 136              		.loc 1 63 1 view .LVU44
 137 0002 10B5     		push	{r4, lr}
 138              		.cfi_def_cfa_offset 8
 139              		.cfi_offset 4, -8
 140              		.cfi_offset 14, -4
 141              	.LBB23:
 142              	.LBB22:
 143              		.loc 2 135 49 view .LVU45
 144 0004 B2F802E0 		ldrh	lr, [r2, #2]
 145 0008 0133     		adds	r3, r3, #1
 146 000a A3EB0E03 		sub	r3, r3, lr
 147              	.LBE22:
 148              	.LBE23:
 149              		.loc 1 64 7 view .LVU46
 150 000e 1BB2     		sxth	r3, r3
 151 0010 002B     		cmp	r3, #0
 152 0012 0CDD     		ble	.L6
 153              	.LVL4:
 154              	.LBB24:
 155              	.LBI24:
 123:Drivers/lvgl/src/draw/../misc/../font/../misc/lv_area.h **** {
 156              		.loc 2 123 26 is_stmt 1 view .LVU47
 157              	.LBB25:
 125:Drivers/lvgl/src/draw/../misc/../font/../misc/lv_area.h **** }
 158              		.loc 2 125 5 view .LVU48
 125:Drivers/lvgl/src/draw/../misc/../font/../misc/lv_area.h **** }
 159              		.loc 2 125 49 is_stmt 0 view .LVU49
 160 0014 9388     		ldrh	r3, [r2, #4]
 161 0016 B2F800C0 		ldrh	ip, [r2]
 162 001a 0133     		adds	r3, r3, #1
 163 001c A3EB0C03 		sub	r3, r3, ip
 164              	.LBE25:
 165              	.LBE24:
 166              		.loc 1 64 39 view .LVU50
 167 0020 1BB2     		sxth	r3, r3
 168 0022 002B     		cmp	r3, #0
 169 0024 03DD     		ble	.L6
  65:Drivers/lvgl/src/draw/lv_draw_rect.c **** 
  66:Drivers/lvgl/src/draw/lv_draw_rect.c ****     draw_ctx->draw_rect(draw_ctx, dsc, coords);
 170              		.loc 1 66 5 is_stmt 1 view .LVU51
  67:Drivers/lvgl/src/draw/lv_draw_rect.c **** 
  68:Drivers/lvgl/src/draw/lv_draw_rect.c ****     LV_ASSERT_MEM_INTEGRITY();
ARM GAS  /var/folders/0z/tsy30v1j4xl4_7kw94k978ww0000gn/T//cchxbup0.s 			page 8


  69:Drivers/lvgl/src/draw/lv_draw_rect.c **** }
 171              		.loc 1 69 1 is_stmt 0 view .LVU52
 172 0026 BDE81040 		pop	{r4, lr}
 173              		.cfi_remember_state
 174              		.cfi_restore 14
 175              		.cfi_restore 4
 176              		.cfi_def_cfa_offset 0
  66:Drivers/lvgl/src/draw/lv_draw_rect.c **** 
 177              		.loc 1 66 5 view .LVU53
 178 002a 0369     		ldr	r3, [r0, #16]
 179 002c 1847     		bx	r3	@ indirect register sibling call
 180              	.LVL5:
 181              	.L6:
 182              		.cfi_restore_state
 183              		.loc 1 69 1 view .LVU54
 184 002e 10BD     		pop	{r4, pc}
 185              		.cfi_endproc
 186              	.LFE56:
 188              		.text
 189              	.Letext0:
 190              		.file 3 "/Users/johannes/Library/Application Support/Code/User/globalStorage/bmd.stm32-for-vscode/
 191              		.file 4 "/Users/johannes/Library/Application Support/Code/User/globalStorage/bmd.stm32-for-vscode/
 192              		.file 5 "/Users/johannes/Library/Application Support/Code/User/globalStorage/bmd.stm32-for-vscode/
 193              		.file 6 "Drivers/lvgl/src/draw/../misc/../font/lv_font.h"
 194              		.file 7 "Drivers/lvgl/src/draw/../misc/lv_types.h"
 195              		.file 8 "Drivers/lvgl/src/draw/../misc/lv_color.h"
 196              		.file 9 "Drivers/lvgl/src/draw/../misc/lv_txt.h"
 197              		.file 10 "Drivers/lvgl/src/draw/../misc/lv_bidi.h"
 198              		.file 11 "Drivers/lvgl/src/draw/../misc/lv_style.h"
 199              		.file 12 "Drivers/lvgl/src/draw/lv_img_buf.h"
 200              		.file 13 "Drivers/lvgl/src/draw/lv_draw_rect.h"
 201              		.file 14 "Drivers/lvgl/src/draw/lv_draw_label.h"
 202              		.file 15 "Drivers/lvgl/src/draw/lv_draw_img.h"
 203              		.file 16 "Drivers/lvgl/src/draw/lv_draw_line.h"
 204              		.file 17 "Drivers/lvgl/src/draw/lv_draw_arc.h"
 205              		.file 18 "Drivers/lvgl/src/draw/lv_draw_layer.h"
 206              		.file 19 "Drivers/lvgl/src/draw/lv_draw.h"
 207              		.file 20 "Drivers/lvgl/src/draw/../misc/lv_mem.h"
ARM GAS  /var/folders/0z/tsy30v1j4xl4_7kw94k978ww0000gn/T//cchxbup0.s 			page 9


DEFINED SYMBOLS
                            *ABS*:0000000000000000 lv_draw_rect.c
/var/folders/0z/tsy30v1j4xl4_7kw94k978ww0000gn/T//cchxbup0.s:18     .text.lv_draw_rect_dsc_init:0000000000000000 $t
/var/folders/0z/tsy30v1j4xl4_7kw94k978ww0000gn/T//cchxbup0.s:25     .text.lv_draw_rect_dsc_init:0000000000000000 lv_draw_rect_dsc_init
/var/folders/0z/tsy30v1j4xl4_7kw94k978ww0000gn/T//cchxbup0.s:106    .text.lv_draw_rect_dsc_init:0000000000000048 $d
/var/folders/0z/tsy30v1j4xl4_7kw94k978ww0000gn/T//cchxbup0.s:111    .text.lv_draw_rect:0000000000000000 $t
/var/folders/0z/tsy30v1j4xl4_7kw94k978ww0000gn/T//cchxbup0.s:118    .text.lv_draw_rect:0000000000000000 lv_draw_rect

UNDEFINED SYMBOLS
lv_memset_00
lv_font_montserrat_14
