ARM GAS  /var/folders/lp/x54gwt890xv47sdkqj1k04q40000gn/T//ccmMB8Uo.s 			page 1


   1              		.cpu cortex-m4
   2              		.arch armv7e-m
   3              		.fpu fpv4-sp-d16
   4              		.eabi_attribute 27, 1
   5              		.eabi_attribute 28, 1
   6              		.eabi_attribute 20, 1
   7              		.eabi_attribute 21, 1
   8              		.eabi_attribute 23, 3
   9              		.eabi_attribute 24, 1
  10              		.eabi_attribute 25, 1
  11              		.eabi_attribute 26, 1
  12              		.eabi_attribute 30, 2
  13              		.eabi_attribute 34, 1
  14              		.eabi_attribute 18, 4
  15              		.file	"lv_draw_layer.c"
  16              		.text
  17              	.Ltext0:
  18              		.cfi_sections	.debug_frame
  19              		.file 1 "Drivers/lvgl/src/draw/lv_draw_layer.c"
  20              		.section	.text.lv_draw_layer_create,"ax",%progbits
  21              		.align	1
  22              		.p2align 2,,3
  23              		.global	lv_draw_layer_create
  24              		.syntax unified
  25              		.thumb
  26              		.thumb_func
  28              	lv_draw_layer_create:
  29              	.LVL0:
  30              	.LFB161:
   1:Drivers/lvgl/src/draw/lv_draw_layer.c **** /**
   2:Drivers/lvgl/src/draw/lv_draw_layer.c ****  * @file lv_draw_layer.c
   3:Drivers/lvgl/src/draw/lv_draw_layer.c ****  *
   4:Drivers/lvgl/src/draw/lv_draw_layer.c ****  */
   5:Drivers/lvgl/src/draw/lv_draw_layer.c **** 
   6:Drivers/lvgl/src/draw/lv_draw_layer.c **** /*********************
   7:Drivers/lvgl/src/draw/lv_draw_layer.c ****  *      INCLUDES
   8:Drivers/lvgl/src/draw/lv_draw_layer.c ****  *********************/
   9:Drivers/lvgl/src/draw/lv_draw_layer.c **** #include "lv_draw.h"
  10:Drivers/lvgl/src/draw/lv_draw_layer.c **** #include "lv_draw_arc.h"
  11:Drivers/lvgl/src/draw/lv_draw_layer.c **** #include "../core/lv_refr.h"
  12:Drivers/lvgl/src/draw/lv_draw_layer.c **** 
  13:Drivers/lvgl/src/draw/lv_draw_layer.c **** /*********************
  14:Drivers/lvgl/src/draw/lv_draw_layer.c ****  *      DEFINES
  15:Drivers/lvgl/src/draw/lv_draw_layer.c ****  *********************/
  16:Drivers/lvgl/src/draw/lv_draw_layer.c **** 
  17:Drivers/lvgl/src/draw/lv_draw_layer.c **** /**********************
  18:Drivers/lvgl/src/draw/lv_draw_layer.c ****  *      TYPEDEFS
  19:Drivers/lvgl/src/draw/lv_draw_layer.c ****  **********************/
  20:Drivers/lvgl/src/draw/lv_draw_layer.c **** 
  21:Drivers/lvgl/src/draw/lv_draw_layer.c **** /**********************
  22:Drivers/lvgl/src/draw/lv_draw_layer.c ****  *  STATIC PROTOTYPES
  23:Drivers/lvgl/src/draw/lv_draw_layer.c ****  **********************/
  24:Drivers/lvgl/src/draw/lv_draw_layer.c **** 
  25:Drivers/lvgl/src/draw/lv_draw_layer.c **** /**********************
  26:Drivers/lvgl/src/draw/lv_draw_layer.c ****  *  STATIC VARIABLES
  27:Drivers/lvgl/src/draw/lv_draw_layer.c ****  **********************/
  28:Drivers/lvgl/src/draw/lv_draw_layer.c **** 
ARM GAS  /var/folders/lp/x54gwt890xv47sdkqj1k04q40000gn/T//ccmMB8Uo.s 			page 2


  29:Drivers/lvgl/src/draw/lv_draw_layer.c **** /**********************
  30:Drivers/lvgl/src/draw/lv_draw_layer.c ****  *      MACROS
  31:Drivers/lvgl/src/draw/lv_draw_layer.c ****  **********************/
  32:Drivers/lvgl/src/draw/lv_draw_layer.c **** 
  33:Drivers/lvgl/src/draw/lv_draw_layer.c **** /**********************
  34:Drivers/lvgl/src/draw/lv_draw_layer.c ****  *   GLOBAL FUNCTIONS
  35:Drivers/lvgl/src/draw/lv_draw_layer.c ****  **********************/
  36:Drivers/lvgl/src/draw/lv_draw_layer.c **** 
  37:Drivers/lvgl/src/draw/lv_draw_layer.c **** lv_draw_layer_ctx_t * lv_draw_layer_create(lv_draw_ctx_t * draw_ctx, const lv_area_t * layer_area,
  38:Drivers/lvgl/src/draw/lv_draw_layer.c ****                                            lv_draw_layer_flags_t flags)
  39:Drivers/lvgl/src/draw/lv_draw_layer.c **** {
  31              		.loc 1 39 1 view -0
  32              		.cfi_startproc
  33              		@ args = 0, pretend = 0, frame = 0
  34              		@ frame_needed = 0, uses_anonymous_args = 0
  40:Drivers/lvgl/src/draw/lv_draw_layer.c ****     if(draw_ctx->layer_init == NULL) return NULL;
  35              		.loc 1 40 5 view .LVU1
  39:Drivers/lvgl/src/draw/lv_draw_layer.c ****     if(draw_ctx->layer_init == NULL) return NULL;
  36              		.loc 1 39 1 is_stmt 0 view .LVU2
  37 0000 F8B5     		push	{r3, r4, r5, r6, r7, lr}
  38              		.cfi_def_cfa_offset 24
  39              		.cfi_offset 3, -24
  40              		.cfi_offset 4, -20
  41              		.cfi_offset 5, -16
  42              		.cfi_offset 6, -12
  43              		.cfi_offset 7, -8
  44              		.cfi_offset 14, -4
  39:Drivers/lvgl/src/draw/lv_draw_layer.c ****     if(draw_ctx->layer_init == NULL) return NULL;
  45              		.loc 1 39 1 view .LVU3
  46 0002 0446     		mov	r4, r0
  47              		.loc 1 40 7 view .LVU4
  48 0004 C06B     		ldr	r0, [r0, #60]
  49              	.LVL1:
  50              		.loc 1 40 7 view .LVU5
  51 0006 28B3     		cbz	r0, .L7
  41:Drivers/lvgl/src/draw/lv_draw_layer.c **** 
  42:Drivers/lvgl/src/draw/lv_draw_layer.c ****     lv_draw_layer_ctx_t * layer_ctx = lv_mem_alloc(draw_ctx->layer_instance_size);
  52              		.loc 1 42 5 is_stmt 1 view .LVU6
  53              		.loc 1 42 39 is_stmt 0 view .LVU7
  54 0008 E06C     		ldr	r0, [r4, #76]
  55 000a 0F46     		mov	r7, r1
  56 000c 1646     		mov	r6, r2
  57 000e FFF7FEFF 		bl	lv_mem_alloc
  58              	.LVL2:
  43:Drivers/lvgl/src/draw/lv_draw_layer.c ****     LV_ASSERT_MALLOC(layer_ctx);
  59              		.loc 1 43 5 is_stmt 1 view .LVU8
  60              		.loc 1 43 5 view .LVU9
  61 0012 0546     		mov	r5, r0
  62 0014 E8B1     		cbz	r0, .L4
  63              		.loc 1 43 5 discriminator 2 view .LVU10
  64              		.loc 1 43 32 discriminator 2 view .LVU11
  44:Drivers/lvgl/src/draw/lv_draw_layer.c ****     if(layer_ctx == NULL) {
  65              		.loc 1 44 5 view .LVU12
  45:Drivers/lvgl/src/draw/lv_draw_layer.c ****         LV_LOG_WARN("Couldn't allocate a new layer context");
  46:Drivers/lvgl/src/draw/lv_draw_layer.c ****         return NULL;
  47:Drivers/lvgl/src/draw/lv_draw_layer.c ****     }
  48:Drivers/lvgl/src/draw/lv_draw_layer.c **** 
ARM GAS  /var/folders/lp/x54gwt890xv47sdkqj1k04q40000gn/T//ccmMB8Uo.s 			page 3


  49:Drivers/lvgl/src/draw/lv_draw_layer.c ****     lv_memset_00(layer_ctx, draw_ctx->layer_instance_size);
  66              		.loc 1 49 5 view .LVU13
  67 0016 E16C     		ldr	r1, [r4, #76]
  68 0018 FFF7FEFF 		bl	lv_memset_00
  69              	.LVL3:
  50:Drivers/lvgl/src/draw/lv_draw_layer.c **** 
  51:Drivers/lvgl/src/draw/lv_draw_layer.c ****     lv_disp_t * disp_refr = _lv_refr_get_disp_refreshing();
  70              		.loc 1 51 5 view .LVU14
  71              		.loc 1 51 29 is_stmt 0 view .LVU15
  72 001c FFF7FEFF 		bl	_lv_refr_get_disp_refreshing
  73              	.LVL4:
  52:Drivers/lvgl/src/draw/lv_draw_layer.c ****     layer_ctx->original.buf = draw_ctx->buf;
  74              		.loc 1 52 5 is_stmt 1 view .LVU16
  53:Drivers/lvgl/src/draw/lv_draw_layer.c ****     layer_ctx->original.buf_area = draw_ctx->buf_area;
  54:Drivers/lvgl/src/draw/lv_draw_layer.c ****     layer_ctx->original.clip_area = draw_ctx->clip_area;
  75              		.loc 1 54 45 is_stmt 0 view .LVU17
  76 0020 D4E90031 		ldrd	r3, r1, [r4]
  55:Drivers/lvgl/src/draw/lv_draw_layer.c ****     layer_ctx->original.screen_transp = disp_refr->driver->screen_transp;
  56:Drivers/lvgl/src/draw/lv_draw_layer.c ****     layer_ctx->area_full = *layer_area;
  57:Drivers/lvgl/src/draw/lv_draw_layer.c **** 
  58:Drivers/lvgl/src/draw/lv_draw_layer.c ****     lv_draw_layer_ctx_t * init_layer_ctx =  draw_ctx->layer_init(draw_ctx, layer_ctx, flags);
  77              		.loc 1 58 45 view .LVU18
  78 0024 3246     		mov	r2, r6
  54:Drivers/lvgl/src/draw/lv_draw_layer.c ****     layer_ctx->original.screen_transp = disp_refr->driver->screen_transp;
  79              		.loc 1 54 45 view .LVU19
  80 0026 A668     		ldr	r6, [r4, #8]
  81              	.LVL5:
  53:Drivers/lvgl/src/draw/lv_draw_layer.c ****     layer_ctx->original.buf_area = draw_ctx->buf_area;
  82              		.loc 1 53 5 is_stmt 1 view .LVU20
  54:Drivers/lvgl/src/draw/lv_draw_layer.c ****     layer_ctx->original.screen_transp = disp_refr->driver->screen_transp;
  83              		.loc 1 54 5 view .LVU21
  54:Drivers/lvgl/src/draw/lv_draw_layer.c ****     layer_ctx->original.screen_transp = disp_refr->driver->screen_transp;
  84              		.loc 1 54 35 is_stmt 0 view .LVU22
  85 0028 2B62     		str	r3, [r5, #32]
  55:Drivers/lvgl/src/draw/lv_draw_layer.c ****     layer_ctx->original.screen_transp = disp_refr->driver->screen_transp;
  86              		.loc 1 55 5 is_stmt 1 view .LVU23
  54:Drivers/lvgl/src/draw/lv_draw_layer.c ****     layer_ctx->original.screen_transp = disp_refr->driver->screen_transp;
  87              		.loc 1 54 35 is_stmt 0 view .LVU24
  88 002a C5E90661 		strd	r6, r1, [r5, #24]
  55:Drivers/lvgl/src/draw/lv_draw_layer.c ****     layer_ctx->original.screen_transp = disp_refr->driver->screen_transp;
  89              		.loc 1 55 58 view .LVU25
  90 002e 0368     		ldr	r3, [r0]
  56:Drivers/lvgl/src/draw/lv_draw_layer.c **** 
  91              		.loc 1 56 26 view .LVU26
  92 0030 7968     		ldr	r1, [r7, #4]	@ unaligned
  55:Drivers/lvgl/src/draw/lv_draw_layer.c ****     layer_ctx->original.screen_transp = disp_refr->driver->screen_transp;
  93              		.loc 1 55 58 view .LVU27
  94 0032 1B7C     		ldrb	r3, [r3, #16]	@ zero_extendqisi2
  56:Drivers/lvgl/src/draw/lv_draw_layer.c **** 
  95              		.loc 1 56 26 view .LVU28
  96 0034 3868     		ldr	r0, [r7]	@ unaligned
  97              	.LVL6:
  55:Drivers/lvgl/src/draw/lv_draw_layer.c ****     layer_ctx->original.screen_transp = disp_refr->driver->screen_transp;
  98              		.loc 1 55 58 view .LVU29
  99 0036 C3F38013 		ubfx	r3, r3, #6, #1
  55:Drivers/lvgl/src/draw/lv_draw_layer.c ****     layer_ctx->original.screen_transp = disp_refr->driver->screen_transp;
 100              		.loc 1 55 39 view .LVU30
ARM GAS  /var/folders/lp/x54gwt890xv47sdkqj1k04q40000gn/T//ccmMB8Uo.s 			page 4


 101 003a 85F82430 		strb	r3, [r5, #36]
  56:Drivers/lvgl/src/draw/lv_draw_layer.c **** 
 102              		.loc 1 56 5 is_stmt 1 view .LVU31
  56:Drivers/lvgl/src/draw/lv_draw_layer.c **** 
 103              		.loc 1 56 26 is_stmt 0 view .LVU32
 104 003e 2B46     		mov	r3, r5
 105 0040 03C3     		stmia	r3!, {r0, r1}
 106              		.loc 1 58 5 is_stmt 1 view .LVU33
 107              		.loc 1 58 45 is_stmt 0 view .LVU34
 108 0042 E36B     		ldr	r3, [r4, #60]
 109 0044 2046     		mov	r0, r4
 110 0046 2946     		mov	r1, r5
 111 0048 9847     		blx	r3
 112              	.LVL7:
  59:Drivers/lvgl/src/draw/lv_draw_layer.c ****     if(NULL == init_layer_ctx) {
 113              		.loc 1 59 5 is_stmt 1 view .LVU35
 114              		.loc 1 59 7 is_stmt 0 view .LVU36
 115 004a 0446     		mov	r4, r0
 116              	.LVL8:
 117              		.loc 1 59 7 view .LVU37
 118 004c 28B1     		cbz	r0, .L10
 119              	.LVL9:
 120              	.L1:
  60:Drivers/lvgl/src/draw/lv_draw_layer.c ****         lv_mem_free(layer_ctx);
  61:Drivers/lvgl/src/draw/lv_draw_layer.c ****     }
  62:Drivers/lvgl/src/draw/lv_draw_layer.c ****     return init_layer_ctx;
  63:Drivers/lvgl/src/draw/lv_draw_layer.c **** }
 121              		.loc 1 63 1 view .LVU38
 122 004e 2046     		mov	r0, r4
 123 0050 F8BD     		pop	{r3, r4, r5, r6, r7, pc}
 124              	.LVL10:
 125              	.L4:
  43:Drivers/lvgl/src/draw/lv_draw_layer.c ****     if(layer_ctx == NULL) {
 126              		.loc 1 43 5 is_stmt 1 discriminator 1 view .LVU39
  43:Drivers/lvgl/src/draw/lv_draw_layer.c ****     if(layer_ctx == NULL) {
 127              		.loc 1 43 5 discriminator 1 view .LVU40
  43:Drivers/lvgl/src/draw/lv_draw_layer.c ****     if(layer_ctx == NULL) {
 128              		.loc 1 43 5 discriminator 1 view .LVU41
  43:Drivers/lvgl/src/draw/lv_draw_layer.c ****     if(layer_ctx == NULL) {
 129              		.loc 1 43 5 discriminator 1 view .LVU42
  43:Drivers/lvgl/src/draw/lv_draw_layer.c ****     if(layer_ctx == NULL) {
 130              		.loc 1 43 5 discriminator 1 view .LVU43
  43:Drivers/lvgl/src/draw/lv_draw_layer.c ****     if(layer_ctx == NULL) {
 131              		.loc 1 43 5 discriminator 1 view .LVU44
  43:Drivers/lvgl/src/draw/lv_draw_layer.c ****     if(layer_ctx == NULL) {
 132              		.loc 1 43 5 discriminator 1 view .LVU45
  43:Drivers/lvgl/src/draw/lv_draw_layer.c ****     if(layer_ctx == NULL) {
 133              		.loc 1 43 5 discriminator 1 view .LVU46
  43:Drivers/lvgl/src/draw/lv_draw_layer.c ****     if(layer_ctx == NULL) {
 134              		.loc 1 43 5 discriminator 1 view .LVU47
  43:Drivers/lvgl/src/draw/lv_draw_layer.c ****     if(layer_ctx == NULL) {
 135              		.loc 1 43 5 discriminator 1 view .LVU48
 136 0052 FEE7     		b	.L4
 137              	.LVL11:
 138              	.L7:
  40:Drivers/lvgl/src/draw/lv_draw_layer.c **** 
 139              		.loc 1 40 45 is_stmt 0 discriminator 1 view .LVU49
ARM GAS  /var/folders/lp/x54gwt890xv47sdkqj1k04q40000gn/T//ccmMB8Uo.s 			page 5


 140 0054 0446     		mov	r4, r0
 141              	.LVL12:
 142              		.loc 1 63 1 view .LVU50
 143 0056 2046     		mov	r0, r4
 144 0058 F8BD     		pop	{r3, r4, r5, r6, r7, pc}
 145              	.LVL13:
 146              	.L10:
  60:Drivers/lvgl/src/draw/lv_draw_layer.c ****         lv_mem_free(layer_ctx);
 147              		.loc 1 60 9 is_stmt 1 view .LVU51
 148 005a 2846     		mov	r0, r5
 149              	.LVL14:
  60:Drivers/lvgl/src/draw/lv_draw_layer.c ****         lv_mem_free(layer_ctx);
 150              		.loc 1 60 9 is_stmt 0 view .LVU52
 151 005c FFF7FEFF 		bl	lv_mem_free
 152              	.LVL15:
 153 0060 F5E7     		b	.L1
 154              		.cfi_endproc
 155              	.LFE161:
 157 0062 00BF     		.section	.text.lv_draw_layer_adjust,"ax",%progbits
 158              		.align	1
 159              		.p2align 2,,3
 160              		.global	lv_draw_layer_adjust
 161              		.syntax unified
 162              		.thumb
 163              		.thumb_func
 165              	lv_draw_layer_adjust:
 166              	.LVL16:
 167              	.LFB162:
  64:Drivers/lvgl/src/draw/lv_draw_layer.c **** 
  65:Drivers/lvgl/src/draw/lv_draw_layer.c **** void lv_draw_layer_adjust(struct _lv_draw_ctx_t * draw_ctx, struct _lv_draw_layer_ctx_t * layer_ctx
  66:Drivers/lvgl/src/draw/lv_draw_layer.c ****                           lv_draw_layer_flags_t flags)
  67:Drivers/lvgl/src/draw/lv_draw_layer.c **** {
 168              		.loc 1 67 1 is_stmt 1 view -0
 169              		.cfi_startproc
 170              		@ args = 0, pretend = 0, frame = 0
 171              		@ frame_needed = 0, uses_anonymous_args = 0
 172              		@ link register save eliminated.
  68:Drivers/lvgl/src/draw/lv_draw_layer.c ****     if(draw_ctx->layer_adjust) draw_ctx->layer_adjust(draw_ctx, layer_ctx, flags);
 173              		.loc 1 68 5 view .LVU54
 174              		.loc 1 68 16 is_stmt 0 view .LVU55
 175 0000 036C     		ldr	r3, [r0, #64]
 176              		.loc 1 68 7 view .LVU56
 177 0002 03B1     		cbz	r3, .L11
 178              		.loc 1 68 32 is_stmt 1 discriminator 1 view .LVU57
 179 0004 1847     		bx	r3	@ indirect register sibling call
 180              	.LVL17:
 181              	.L11:
  69:Drivers/lvgl/src/draw/lv_draw_layer.c **** }
 182              		.loc 1 69 1 is_stmt 0 view .LVU58
 183 0006 7047     		bx	lr
 184              		.cfi_endproc
 185              	.LFE162:
 187              		.section	.text.lv_draw_layer_blend,"ax",%progbits
 188              		.align	1
 189              		.p2align 2,,3
 190              		.global	lv_draw_layer_blend
 191              		.syntax unified
ARM GAS  /var/folders/lp/x54gwt890xv47sdkqj1k04q40000gn/T//ccmMB8Uo.s 			page 6


 192              		.thumb
 193              		.thumb_func
 195              	lv_draw_layer_blend:
 196              	.LVL18:
 197              	.LFB163:
  70:Drivers/lvgl/src/draw/lv_draw_layer.c **** 
  71:Drivers/lvgl/src/draw/lv_draw_layer.c **** void lv_draw_layer_blend(struct _lv_draw_ctx_t * draw_ctx, struct _lv_draw_layer_ctx_t * layer_ctx,
  72:Drivers/lvgl/src/draw/lv_draw_layer.c ****                          lv_draw_img_dsc_t * draw_dsc)
  73:Drivers/lvgl/src/draw/lv_draw_layer.c **** {
 198              		.loc 1 73 1 is_stmt 1 view -0
 199              		.cfi_startproc
 200              		@ args = 0, pretend = 0, frame = 0
 201              		@ frame_needed = 0, uses_anonymous_args = 0
 202              		@ link register save eliminated.
  74:Drivers/lvgl/src/draw/lv_draw_layer.c ****     if(draw_ctx->layer_blend) draw_ctx->layer_blend(draw_ctx, layer_ctx, draw_dsc);
 203              		.loc 1 74 5 view .LVU60
 204              		.loc 1 74 16 is_stmt 0 view .LVU61
 205 0000 436C     		ldr	r3, [r0, #68]
 206              		.loc 1 74 7 view .LVU62
 207 0002 03B1     		cbz	r3, .L13
 208              		.loc 1 74 31 is_stmt 1 discriminator 1 view .LVU63
 209 0004 1847     		bx	r3	@ indirect register sibling call
 210              	.LVL19:
 211              	.L13:
  75:Drivers/lvgl/src/draw/lv_draw_layer.c **** }
 212              		.loc 1 75 1 is_stmt 0 view .LVU64
 213 0006 7047     		bx	lr
 214              		.cfi_endproc
 215              	.LFE163:
 217              		.section	.text.lv_draw_layer_destroy,"ax",%progbits
 218              		.align	1
 219              		.p2align 2,,3
 220              		.global	lv_draw_layer_destroy
 221              		.syntax unified
 222              		.thumb
 223              		.thumb_func
 225              	lv_draw_layer_destroy:
 226              	.LVL20:
 227              	.LFB164:
  76:Drivers/lvgl/src/draw/lv_draw_layer.c **** 
  77:Drivers/lvgl/src/draw/lv_draw_layer.c **** void lv_draw_layer_destroy(lv_draw_ctx_t * draw_ctx, lv_draw_layer_ctx_t * layer_ctx)
  78:Drivers/lvgl/src/draw/lv_draw_layer.c **** {
 228              		.loc 1 78 1 is_stmt 1 view -0
 229              		.cfi_startproc
 230              		@ args = 0, pretend = 0, frame = 0
 231              		@ frame_needed = 0, uses_anonymous_args = 0
  79:Drivers/lvgl/src/draw/lv_draw_layer.c **** 
  80:Drivers/lvgl/src/draw/lv_draw_layer.c ****     lv_draw_wait_for_finish(draw_ctx);
 232              		.loc 1 80 5 view .LVU66
  78:Drivers/lvgl/src/draw/lv_draw_layer.c **** 
 233              		.loc 1 78 1 is_stmt 0 view .LVU67
 234 0000 38B5     		push	{r3, r4, r5, lr}
 235              		.cfi_def_cfa_offset 16
 236              		.cfi_offset 3, -16
 237              		.cfi_offset 4, -12
 238              		.cfi_offset 5, -8
 239              		.cfi_offset 14, -4
ARM GAS  /var/folders/lp/x54gwt890xv47sdkqj1k04q40000gn/T//ccmMB8Uo.s 			page 7


  78:Drivers/lvgl/src/draw/lv_draw_layer.c **** 
 240              		.loc 1 78 1 view .LVU68
 241 0002 0C46     		mov	r4, r1
 242 0004 0546     		mov	r5, r0
 243              		.loc 1 80 5 view .LVU69
 244 0006 FFF7FEFF 		bl	lv_draw_wait_for_finish
 245              	.LVL21:
  81:Drivers/lvgl/src/draw/lv_draw_layer.c ****     draw_ctx->buf = layer_ctx->original.buf;
 246              		.loc 1 81 5 is_stmt 1 view .LVU70
 247              		.loc 1 81 40 is_stmt 0 view .LVU71
 248 000a D4E90632 		ldrd	r3, r2, [r4, #24]
 249 000e 216A     		ldr	r1, [r4, #32]
  82:Drivers/lvgl/src/draw/lv_draw_layer.c ****     draw_ctx->buf_area = layer_ctx->original.buf_area;
 250              		.loc 1 82 5 is_stmt 1 view .LVU72
  83:Drivers/lvgl/src/draw/lv_draw_layer.c ****     draw_ctx->clip_area = layer_ctx->original.clip_area;
 251              		.loc 1 83 5 view .LVU73
  81:Drivers/lvgl/src/draw/lv_draw_layer.c ****     draw_ctx->buf = layer_ctx->original.buf;
 252              		.loc 1 81 19 is_stmt 0 view .LVU74
 253 0010 AB60     		str	r3, [r5, #8]
  84:Drivers/lvgl/src/draw/lv_draw_layer.c ****     lv_disp_t * disp_refr = _lv_refr_get_disp_refreshing();
 254              		.loc 1 84 5 is_stmt 1 view .LVU75
  81:Drivers/lvgl/src/draw/lv_draw_layer.c ****     draw_ctx->buf_area = layer_ctx->original.buf_area;
 255              		.loc 1 81 19 is_stmt 0 view .LVU76
 256 0012 C5E90012 		strd	r1, r2, [r5]
 257              		.loc 1 84 29 view .LVU77
 258 0016 FFF7FEFF 		bl	_lv_refr_get_disp_refreshing
 259              	.LVL22:
  85:Drivers/lvgl/src/draw/lv_draw_layer.c ****     disp_refr->driver->screen_transp = layer_ctx->original.screen_transp;
 260              		.loc 1 85 5 is_stmt 1 view .LVU78
 261              		.loc 1 85 38 is_stmt 0 view .LVU79
 262 001a 0368     		ldr	r3, [r0]
 263 001c 94F82410 		ldrb	r1, [r4, #36]	@ zero_extendqisi2
 264 0020 1A7C     		ldrb	r2, [r3, #16]	@ zero_extendqisi2
 265 0022 61F38612 		bfi	r2, r1, #6, #1
 266 0026 1A74     		strb	r2, [r3, #16]
  86:Drivers/lvgl/src/draw/lv_draw_layer.c **** 
  87:Drivers/lvgl/src/draw/lv_draw_layer.c ****     if(draw_ctx->layer_destroy) draw_ctx->layer_destroy(draw_ctx, layer_ctx);
 267              		.loc 1 87 5 is_stmt 1 view .LVU80
 268              		.loc 1 87 16 is_stmt 0 view .LVU81
 269 0028 AB6C     		ldr	r3, [r5, #72]
 270              		.loc 1 87 7 view .LVU82
 271 002a 13B1     		cbz	r3, .L16
 272              		.loc 1 87 33 is_stmt 1 discriminator 1 view .LVU83
 273 002c 2146     		mov	r1, r4
 274 002e 2846     		mov	r0, r5
 275              	.LVL23:
 276              		.loc 1 87 33 is_stmt 0 discriminator 1 view .LVU84
 277 0030 9847     		blx	r3
 278              	.LVL24:
 279              	.L16:
  88:Drivers/lvgl/src/draw/lv_draw_layer.c ****     lv_mem_free(layer_ctx);
 280              		.loc 1 88 5 is_stmt 1 view .LVU85
 281 0032 2046     		mov	r0, r4
  89:Drivers/lvgl/src/draw/lv_draw_layer.c **** }
 282              		.loc 1 89 1 is_stmt 0 view .LVU86
 283 0034 BDE83840 		pop	{r3, r4, r5, lr}
 284              		.cfi_restore 14
ARM GAS  /var/folders/lp/x54gwt890xv47sdkqj1k04q40000gn/T//ccmMB8Uo.s 			page 8


 285              		.cfi_restore 5
 286              		.cfi_restore 4
 287              		.cfi_restore 3
 288              		.cfi_def_cfa_offset 0
 289              	.LVL25:
  88:Drivers/lvgl/src/draw/lv_draw_layer.c ****     lv_mem_free(layer_ctx);
 290              		.loc 1 88 5 view .LVU87
 291 0038 FFF7FEBF 		b	lv_mem_free
 292              	.LVL26:
  88:Drivers/lvgl/src/draw/lv_draw_layer.c ****     lv_mem_free(layer_ctx);
 293              		.loc 1 88 5 view .LVU88
 294              		.cfi_endproc
 295              	.LFE164:
 297              		.text
 298              	.Letext0:
 299              		.file 2 "/Users/jr/Library/Application Support/Code/User/globalStorage/bmd.stm32-for-vscode/@xpack
 300              		.file 3 "/Users/jr/Library/Application Support/Code/User/globalStorage/bmd.stm32-for-vscode/@xpack
 301              		.file 4 "/Users/jr/Library/Application Support/Code/User/globalStorage/bmd.stm32-for-vscode/@xpack
 302              		.file 5 "Drivers/lvgl/src/draw/../misc/../font/../misc/lv_area.h"
 303              		.file 6 "Drivers/lvgl/src/draw/../misc/../font/lv_font.h"
 304              		.file 7 "Drivers/lvgl/src/draw/../misc/lv_types.h"
 305              		.file 8 "Drivers/lvgl/src/draw/../misc/lv_color.h"
 306              		.file 9 "Drivers/lvgl/src/draw/../misc/lv_txt.h"
 307              		.file 10 "Drivers/lvgl/src/draw/../misc/lv_bidi.h"
 308              		.file 11 "Drivers/lvgl/src/draw/../misc/lv_style.h"
 309              		.file 12 "Drivers/lvgl/src/draw/lv_img_buf.h"
 310              		.file 13 "Drivers/lvgl/src/draw/../core/lv_obj.h"
 311              		.file 14 "Drivers/lvgl/src/draw/lv_draw_rect.h"
 312              		.file 15 "Drivers/lvgl/src/draw/lv_draw_label.h"
 313              		.file 16 "Drivers/lvgl/src/draw/lv_draw_img.h"
 314              		.file 17 "Drivers/lvgl/src/draw/lv_draw_line.h"
 315              		.file 18 "Drivers/lvgl/src/draw/lv_draw_arc.h"
 316              		.file 19 "Drivers/lvgl/src/draw/lv_draw_layer.h"
 317              		.file 20 "Drivers/lvgl/src/draw/lv_draw.h"
 318              		.file 21 "Drivers/lvgl/src/draw/../core/../hal/../misc/lv_ll.h"
 319              		.file 22 "Drivers/lvgl/src/draw/../core/../hal/../misc/lv_timer.h"
 320              		.file 23 "Drivers/lvgl/src/draw/../core/../hal/lv_hal_disp.h"
 321              		.file 24 "Drivers/lvgl/src/draw/../core/lv_group.h"
 322              		.file 25 "Drivers/lvgl/src/draw/../core/lv_obj_scroll.h"
 323              		.file 26 "Drivers/lvgl/src/draw/../core/lv_obj_style.h"
 324              		.file 27 "Drivers/lvgl/src/draw/../core/lv_obj_class.h"
 325              		.file 28 "Drivers/lvgl/src/draw/../core/lv_event.h"
 326              		.file 29 "Drivers/lvgl/src/draw/../misc/lv_mem.h"
 327              		.file 30 "Drivers/lvgl/src/draw/../core/lv_refr.h"
ARM GAS  /var/folders/lp/x54gwt890xv47sdkqj1k04q40000gn/T//ccmMB8Uo.s 			page 9


DEFINED SYMBOLS
                            *ABS*:00000000 lv_draw_layer.c
/var/folders/lp/x54gwt890xv47sdkqj1k04q40000gn/T//ccmMB8Uo.s:21     .text.lv_draw_layer_create:00000000 $t
/var/folders/lp/x54gwt890xv47sdkqj1k04q40000gn/T//ccmMB8Uo.s:28     .text.lv_draw_layer_create:00000000 lv_draw_layer_create
/var/folders/lp/x54gwt890xv47sdkqj1k04q40000gn/T//ccmMB8Uo.s:158    .text.lv_draw_layer_adjust:00000000 $t
/var/folders/lp/x54gwt890xv47sdkqj1k04q40000gn/T//ccmMB8Uo.s:165    .text.lv_draw_layer_adjust:00000000 lv_draw_layer_adjust
/var/folders/lp/x54gwt890xv47sdkqj1k04q40000gn/T//ccmMB8Uo.s:188    .text.lv_draw_layer_blend:00000000 $t
/var/folders/lp/x54gwt890xv47sdkqj1k04q40000gn/T//ccmMB8Uo.s:195    .text.lv_draw_layer_blend:00000000 lv_draw_layer_blend
/var/folders/lp/x54gwt890xv47sdkqj1k04q40000gn/T//ccmMB8Uo.s:218    .text.lv_draw_layer_destroy:00000000 $t
/var/folders/lp/x54gwt890xv47sdkqj1k04q40000gn/T//ccmMB8Uo.s:225    .text.lv_draw_layer_destroy:00000000 lv_draw_layer_destroy

UNDEFINED SYMBOLS
lv_mem_alloc
lv_memset_00
_lv_refr_get_disp_refreshing
lv_mem_free
lv_draw_wait_for_finish
