ARM GAS  /var/folders/0z/tsy30v1j4xl4_7kw94k978ww0000gn/T//ccdsSYQA.s 			page 1


   1              		.cpu cortex-m4
   2              		.arch armv7e-m
   3              		.fpu fpv4-sp-d16
   4              		.eabi_attribute 27, 1
   5              		.eabi_attribute 28, 1
   6              		.eabi_attribute 23, 1
   7              		.eabi_attribute 24, 1
   8              		.eabi_attribute 25, 1
   9              		.eabi_attribute 26, 1
  10              		.eabi_attribute 30, 2
  11              		.eabi_attribute 34, 1
  12              		.eabi_attribute 18, 4
  13              		.file	"lv_draw_sw_layer.c"
  14              		.text
  15              	.Ltext0:
  16              		.cfi_sections	.debug_frame
  17              		.section	.text.lv_draw_sw_layer_create,"ax",%progbits
  18              		.align	1
  19              		.p2align 2,,3
  20              		.global	lv_draw_sw_layer_create
  21              		.syntax unified
  22              		.thumb
  23              		.thumb_func
  25              	lv_draw_sw_layer_create:
  26              	.LVL0:
  27              	.LFB161:
  28              		.file 1 "Drivers/lvgl/src/draw/sw/lv_draw_sw_layer.c"
   1:Drivers/lvgl/src/draw/sw/lv_draw_sw_layer.c **** /**
   2:Drivers/lvgl/src/draw/sw/lv_draw_sw_layer.c ****  * @file lv_draw_sw_layer.h
   3:Drivers/lvgl/src/draw/sw/lv_draw_sw_layer.c ****  *
   4:Drivers/lvgl/src/draw/sw/lv_draw_sw_layer.c ****  */
   5:Drivers/lvgl/src/draw/sw/lv_draw_sw_layer.c **** 
   6:Drivers/lvgl/src/draw/sw/lv_draw_sw_layer.c **** /*********************
   7:Drivers/lvgl/src/draw/sw/lv_draw_sw_layer.c ****  *      INCLUDES
   8:Drivers/lvgl/src/draw/sw/lv_draw_sw_layer.c ****  *********************/
   9:Drivers/lvgl/src/draw/sw/lv_draw_sw_layer.c **** #include "lv_draw_sw.h"
  10:Drivers/lvgl/src/draw/sw/lv_draw_sw_layer.c **** #include "../../hal/lv_hal_disp.h"
  11:Drivers/lvgl/src/draw/sw/lv_draw_sw_layer.c **** #include "../../misc/lv_area.h"
  12:Drivers/lvgl/src/draw/sw/lv_draw_sw_layer.c **** #include "../../core/lv_refr.h"
  13:Drivers/lvgl/src/draw/sw/lv_draw_sw_layer.c **** 
  14:Drivers/lvgl/src/draw/sw/lv_draw_sw_layer.c **** /*********************
  15:Drivers/lvgl/src/draw/sw/lv_draw_sw_layer.c ****  *      DEFINES
  16:Drivers/lvgl/src/draw/sw/lv_draw_sw_layer.c ****  *********************/
  17:Drivers/lvgl/src/draw/sw/lv_draw_sw_layer.c **** 
  18:Drivers/lvgl/src/draw/sw/lv_draw_sw_layer.c **** /**********************
  19:Drivers/lvgl/src/draw/sw/lv_draw_sw_layer.c ****  *      TYPEDEFS
  20:Drivers/lvgl/src/draw/sw/lv_draw_sw_layer.c ****  **********************/
  21:Drivers/lvgl/src/draw/sw/lv_draw_sw_layer.c **** 
  22:Drivers/lvgl/src/draw/sw/lv_draw_sw_layer.c **** /**********************
  23:Drivers/lvgl/src/draw/sw/lv_draw_sw_layer.c ****  *  STATIC PROTOTYPES
  24:Drivers/lvgl/src/draw/sw/lv_draw_sw_layer.c ****  **********************/
  25:Drivers/lvgl/src/draw/sw/lv_draw_sw_layer.c **** 
  26:Drivers/lvgl/src/draw/sw/lv_draw_sw_layer.c **** /**********************
  27:Drivers/lvgl/src/draw/sw/lv_draw_sw_layer.c ****  *  STATIC VARIABLES
  28:Drivers/lvgl/src/draw/sw/lv_draw_sw_layer.c ****  **********************/
  29:Drivers/lvgl/src/draw/sw/lv_draw_sw_layer.c **** 
  30:Drivers/lvgl/src/draw/sw/lv_draw_sw_layer.c **** /**********************
ARM GAS  /var/folders/0z/tsy30v1j4xl4_7kw94k978ww0000gn/T//ccdsSYQA.s 			page 2


  31:Drivers/lvgl/src/draw/sw/lv_draw_sw_layer.c ****  *  GLOBAL VARIABLES
  32:Drivers/lvgl/src/draw/sw/lv_draw_sw_layer.c ****  **********************/
  33:Drivers/lvgl/src/draw/sw/lv_draw_sw_layer.c **** 
  34:Drivers/lvgl/src/draw/sw/lv_draw_sw_layer.c **** /**********************
  35:Drivers/lvgl/src/draw/sw/lv_draw_sw_layer.c ****  *      MACROS
  36:Drivers/lvgl/src/draw/sw/lv_draw_sw_layer.c ****  **********************/
  37:Drivers/lvgl/src/draw/sw/lv_draw_sw_layer.c **** 
  38:Drivers/lvgl/src/draw/sw/lv_draw_sw_layer.c **** /**********************
  39:Drivers/lvgl/src/draw/sw/lv_draw_sw_layer.c ****  *   GLOBAL FUNCTIONS
  40:Drivers/lvgl/src/draw/sw/lv_draw_sw_layer.c ****  **********************/
  41:Drivers/lvgl/src/draw/sw/lv_draw_sw_layer.c **** 
  42:Drivers/lvgl/src/draw/sw/lv_draw_sw_layer.c **** 
  43:Drivers/lvgl/src/draw/sw/lv_draw_sw_layer.c **** struct _lv_draw_layer_ctx_t * lv_draw_sw_layer_create(struct _lv_draw_ctx_t * draw_ctx, lv_draw_lay
  44:Drivers/lvgl/src/draw/sw/lv_draw_sw_layer.c ****                                                       lv_draw_layer_flags_t flags)
  45:Drivers/lvgl/src/draw/sw/lv_draw_sw_layer.c **** {
  29              		.loc 1 45 1 view -0
  30              		.cfi_startproc
  31              		@ args = 0, pretend = 0, frame = 0
  32              		@ frame_needed = 0, uses_anonymous_args = 0
  46:Drivers/lvgl/src/draw/sw/lv_draw_sw_layer.c ****     if(LV_COLOR_SCREEN_TRANSP == 0 && (flags & LV_DRAW_LAYER_FLAG_HAS_ALPHA)) {
  33              		.loc 1 46 5 view .LVU1
  34              		.loc 1 46 7 is_stmt 0 view .LVU2
  35 0000 12F0010F 		tst	r2, #1
  36 0004 77D1     		bne	.L19
  47:Drivers/lvgl/src/draw/sw/lv_draw_sw_layer.c ****         LV_LOG_WARN("Rendering this widget needs LV_COLOR_SCREEN_TRANSP 1");
  48:Drivers/lvgl/src/draw/sw/lv_draw_sw_layer.c ****         return NULL;
  49:Drivers/lvgl/src/draw/sw/lv_draw_sw_layer.c ****     }
  50:Drivers/lvgl/src/draw/sw/lv_draw_sw_layer.c **** 
  51:Drivers/lvgl/src/draw/sw/lv_draw_sw_layer.c ****     lv_draw_sw_layer_ctx_t * layer_sw_ctx = (lv_draw_sw_layer_ctx_t *) layer_ctx;
  37              		.loc 1 51 5 is_stmt 1 discriminator 4 view .LVU3
  38              	.LVL1:
  52:Drivers/lvgl/src/draw/sw/lv_draw_sw_layer.c ****     uint32_t px_size = flags & LV_DRAW_LAYER_FLAG_HAS_ALPHA ? LV_IMG_PX_SIZE_ALPHA_BYTE : sizeof(lv
  39              		.loc 1 52 5 discriminator 4 view .LVU4
  53:Drivers/lvgl/src/draw/sw/lv_draw_sw_layer.c ****     if(flags & LV_DRAW_LAYER_FLAG_CAN_SUBDIVIDE) {
  40              		.loc 1 53 5 discriminator 4 view .LVU5
  45:Drivers/lvgl/src/draw/sw/lv_draw_sw_layer.c ****     if(LV_COLOR_SCREEN_TRANSP == 0 && (flags & LV_DRAW_LAYER_FLAG_HAS_ALPHA)) {
  41              		.loc 1 45 1 is_stmt 0 discriminator 4 view .LVU6
  42 0006 F8B5     		push	{r3, r4, r5, r6, r7, lr}
  43              		.cfi_def_cfa_offset 24
  44              		.cfi_offset 3, -24
  45              		.cfi_offset 4, -20
  46              		.cfi_offset 5, -16
  47              		.cfi_offset 6, -12
  48              		.cfi_offset 7, -8
  49              		.cfi_offset 14, -4
  50              		.loc 1 53 7 discriminator 4 view .LVU7
  51 0008 12F00205 		ands	r5, r2, #2
  52 000c 0C46     		mov	r4, r1
  53 000e 37D0     		beq	.L4
  54              	.LBB10:
  54:Drivers/lvgl/src/draw/sw/lv_draw_sw_layer.c ****         layer_sw_ctx->buf_size_bytes = LV_LAYER_SIMPLE_BUF_SIZE;
  55              		.loc 1 54 9 is_stmt 1 view .LVU8
  56              		.loc 1 54 38 is_stmt 0 view .LVU9
  57 0010 8B6A     		ldr	r3, [r1, #40]
  58 0012 4FF4C042 		mov	r2, #24576
  59              	.LVL2:
  60              		.loc 1 54 38 view .LVU10
ARM GAS  /var/folders/0z/tsy30v1j4xl4_7kw94k978ww0000gn/T//ccdsSYQA.s 			page 3


  61 0016 62F31E03 		bfi	r3, r2, #0, #31
  62 001a 8B62     		str	r3, [r1, #40]
  55:Drivers/lvgl/src/draw/sw/lv_draw_sw_layer.c ****         uint32_t full_size = lv_area_get_size(&layer_sw_ctx->base_draw.area_full) * px_size;
  63              		.loc 1 55 9 is_stmt 1 view .LVU11
  64              		.loc 1 55 30 is_stmt 0 view .LVU12
  65 001c 0846     		mov	r0, r1
  66              	.LVL3:
  67              		.loc 1 55 30 view .LVU13
  68 001e FFF7FEFF 		bl	lv_area_get_size
  69              	.LVL4:
  56:Drivers/lvgl/src/draw/sw/lv_draw_sw_layer.c ****         if(layer_sw_ctx->buf_size_bytes > full_size) layer_sw_ctx->buf_size_bytes = full_size;
  70              		.loc 1 56 24 view .LVU14
  71 0022 A36A     		ldr	r3, [r4, #40]
  72 0024 C3F31E02 		ubfx	r2, r3, #0, #31
  73              		.loc 1 56 11 view .LVU15
  74 0028 B2EB400F 		cmp	r2, r0, lsl #1
  55:Drivers/lvgl/src/draw/sw/lv_draw_sw_layer.c ****         uint32_t full_size = lv_area_get_size(&layer_sw_ctx->base_draw.area_full) * px_size;
  75              		.loc 1 55 18 view .LVU16
  76 002c 4FEA4001 		lsl	r1, r0, #1
  77              	.LVL5:
  78              		.loc 1 56 9 is_stmt 1 view .LVU17
  79              		.loc 1 56 11 is_stmt 0 view .LVU18
  80 0030 04D9     		bls	.L5
  81              		.loc 1 56 54 is_stmt 1 discriminator 1 view .LVU19
  82              		.loc 1 56 83 is_stmt 0 discriminator 1 view .LVU20
  83 0032 61F31E03 		bfi	r3, r1, #0, #31
  84 0036 A362     		str	r3, [r4, #40]
  85 0038 21F00042 		bic	r2, r1, #-2147483648
  86              	.L5:
  57:Drivers/lvgl/src/draw/sw/lv_draw_sw_layer.c ****         layer_sw_ctx->base_draw.buf = lv_mem_alloc(layer_sw_ctx->buf_size_bytes);
  87              		.loc 1 57 9 is_stmt 1 view .LVU21
  88              		.loc 1 57 39 is_stmt 0 view .LVU22
  89 003c 1046     		mov	r0, r2
  90 003e FFF7FEFF 		bl	lv_mem_alloc
  91              	.LVL6:
  92              		.loc 1 57 37 view .LVU23
  93 0042 6061     		str	r0, [r4, #20]
  58:Drivers/lvgl/src/draw/sw/lv_draw_sw_layer.c ****         if(layer_sw_ctx->base_draw.buf == NULL) {
  94              		.loc 1 58 9 is_stmt 1 view .LVU24
  95              		.loc 1 58 11 is_stmt 0 view .LVU25
  96 0044 0028     		cmp	r0, #0
  97 0046 49D0     		beq	.L6
  98              	.L8:
  59:Drivers/lvgl/src/draw/sw/lv_draw_sw_layer.c ****             LV_LOG_WARN("Cannot allocate %"LV_PRIu32" bytes for layer buffer. Allocating %"LV_PRIu3
  60:Drivers/lvgl/src/draw/sw/lv_draw_sw_layer.c ****                         (uint32_t)layer_sw_ctx->buf_size_bytes, (uint32_t)LV_LAYER_SIMPLE_FALLBACK_
  61:Drivers/lvgl/src/draw/sw/lv_draw_sw_layer.c ****             layer_sw_ctx->buf_size_bytes = LV_LAYER_SIMPLE_FALLBACK_BUF_SIZE;
  62:Drivers/lvgl/src/draw/sw/lv_draw_sw_layer.c ****             layer_sw_ctx->base_draw.buf = lv_mem_alloc(layer_sw_ctx->buf_size_bytes);
  63:Drivers/lvgl/src/draw/sw/lv_draw_sw_layer.c ****             if(layer_sw_ctx->base_draw.buf == NULL) {
  64:Drivers/lvgl/src/draw/sw/lv_draw_sw_layer.c ****                 return NULL;
  65:Drivers/lvgl/src/draw/sw/lv_draw_sw_layer.c ****             }
  66:Drivers/lvgl/src/draw/sw/lv_draw_sw_layer.c ****         }
  67:Drivers/lvgl/src/draw/sw/lv_draw_sw_layer.c ****         layer_sw_ctx->base_draw.area_act = layer_sw_ctx->base_draw.area_full;
  99              		.loc 1 67 9 is_stmt 1 view .LVU26
 100              		.loc 1 67 42 is_stmt 0 view .LVU27
 101 0048 94E80300 		ldm	r4, {r0, r1}
 102 004c 04F10802 		add	r2, r4, #8
  68:Drivers/lvgl/src/draw/sw/lv_draw_sw_layer.c ****         layer_sw_ctx->base_draw.area_act.y2 = layer_sw_ctx->base_draw.area_full.y1;
ARM GAS  /var/folders/0z/tsy30v1j4xl4_7kw94k978ww0000gn/T//ccdsSYQA.s 			page 4


  69:Drivers/lvgl/src/draw/sw/lv_draw_sw_layer.c ****         lv_coord_t w = lv_area_get_width(&layer_sw_ctx->base_draw.area_act);
  70:Drivers/lvgl/src/draw/sw/lv_draw_sw_layer.c ****         layer_sw_ctx->base_draw.max_row_with_alpha = layer_sw_ctx->buf_size_bytes / w / LV_IMG_PX_S
 103              		.loc 1 70 66 view .LVU28
 104 0050 A36A     		ldr	r3, [r4, #40]
  67:Drivers/lvgl/src/draw/sw/lv_draw_sw_layer.c ****         layer_sw_ctx->base_draw.area_act.y2 = layer_sw_ctx->base_draw.area_full.y1;
 105              		.loc 1 67 42 view .LVU29
 106 0052 82E80300 		stm	r2, {r0, r1}
  68:Drivers/lvgl/src/draw/sw/lv_draw_sw_layer.c ****         layer_sw_ctx->base_draw.area_act.y2 = layer_sw_ctx->base_draw.area_full.y1;
 107              		.loc 1 68 9 is_stmt 1 view .LVU30
 108              	.LBB11:
 109              	.LBB12:
 110              		.file 2 "Drivers/lvgl/src/draw/sw/../../misc/lv_area.h"
   1:Drivers/lvgl/src/draw/sw/../../misc/lv_area.h **** /**
   2:Drivers/lvgl/src/draw/sw/../../misc/lv_area.h ****  * @file lv_area.h
   3:Drivers/lvgl/src/draw/sw/../../misc/lv_area.h ****  *
   4:Drivers/lvgl/src/draw/sw/../../misc/lv_area.h ****  */
   5:Drivers/lvgl/src/draw/sw/../../misc/lv_area.h **** 
   6:Drivers/lvgl/src/draw/sw/../../misc/lv_area.h **** #ifndef LV_AREA_H
   7:Drivers/lvgl/src/draw/sw/../../misc/lv_area.h **** #define LV_AREA_H
   8:Drivers/lvgl/src/draw/sw/../../misc/lv_area.h **** 
   9:Drivers/lvgl/src/draw/sw/../../misc/lv_area.h **** #ifdef __cplusplus
  10:Drivers/lvgl/src/draw/sw/../../misc/lv_area.h **** extern "C" {
  11:Drivers/lvgl/src/draw/sw/../../misc/lv_area.h **** #endif
  12:Drivers/lvgl/src/draw/sw/../../misc/lv_area.h **** 
  13:Drivers/lvgl/src/draw/sw/../../misc/lv_area.h **** /*********************
  14:Drivers/lvgl/src/draw/sw/../../misc/lv_area.h ****  *      INCLUDES
  15:Drivers/lvgl/src/draw/sw/../../misc/lv_area.h ****  *********************/
  16:Drivers/lvgl/src/draw/sw/../../misc/lv_area.h **** #include "../lv_conf_internal.h"
  17:Drivers/lvgl/src/draw/sw/../../misc/lv_area.h **** #include <stdbool.h>
  18:Drivers/lvgl/src/draw/sw/../../misc/lv_area.h **** #include <stdint.h>
  19:Drivers/lvgl/src/draw/sw/../../misc/lv_area.h **** 
  20:Drivers/lvgl/src/draw/sw/../../misc/lv_area.h **** /*********************
  21:Drivers/lvgl/src/draw/sw/../../misc/lv_area.h ****  *      DEFINES
  22:Drivers/lvgl/src/draw/sw/../../misc/lv_area.h ****  *********************/
  23:Drivers/lvgl/src/draw/sw/../../misc/lv_area.h **** 
  24:Drivers/lvgl/src/draw/sw/../../misc/lv_area.h **** #if LV_USE_LARGE_COORD
  25:Drivers/lvgl/src/draw/sw/../../misc/lv_area.h **** typedef int32_t lv_coord_t;
  26:Drivers/lvgl/src/draw/sw/../../misc/lv_area.h **** #else
  27:Drivers/lvgl/src/draw/sw/../../misc/lv_area.h **** typedef int16_t lv_coord_t;
  28:Drivers/lvgl/src/draw/sw/../../misc/lv_area.h **** #endif
  29:Drivers/lvgl/src/draw/sw/../../misc/lv_area.h **** 
  30:Drivers/lvgl/src/draw/sw/../../misc/lv_area.h **** /**********************
  31:Drivers/lvgl/src/draw/sw/../../misc/lv_area.h ****  *      TYPEDEFS
  32:Drivers/lvgl/src/draw/sw/../../misc/lv_area.h ****  **********************/
  33:Drivers/lvgl/src/draw/sw/../../misc/lv_area.h **** 
  34:Drivers/lvgl/src/draw/sw/../../misc/lv_area.h **** /**
  35:Drivers/lvgl/src/draw/sw/../../misc/lv_area.h ****  * Represents a point on the screen.
  36:Drivers/lvgl/src/draw/sw/../../misc/lv_area.h ****  */
  37:Drivers/lvgl/src/draw/sw/../../misc/lv_area.h **** typedef struct {
  38:Drivers/lvgl/src/draw/sw/../../misc/lv_area.h ****     lv_coord_t x;
  39:Drivers/lvgl/src/draw/sw/../../misc/lv_area.h ****     lv_coord_t y;
  40:Drivers/lvgl/src/draw/sw/../../misc/lv_area.h **** } lv_point_t;
  41:Drivers/lvgl/src/draw/sw/../../misc/lv_area.h **** 
  42:Drivers/lvgl/src/draw/sw/../../misc/lv_area.h **** /** Represents an area of the screen.*/
  43:Drivers/lvgl/src/draw/sw/../../misc/lv_area.h **** typedef struct {
  44:Drivers/lvgl/src/draw/sw/../../misc/lv_area.h ****     lv_coord_t x1;
  45:Drivers/lvgl/src/draw/sw/../../misc/lv_area.h ****     lv_coord_t y1;
ARM GAS  /var/folders/0z/tsy30v1j4xl4_7kw94k978ww0000gn/T//ccdsSYQA.s 			page 5


  46:Drivers/lvgl/src/draw/sw/../../misc/lv_area.h ****     lv_coord_t x2;
  47:Drivers/lvgl/src/draw/sw/../../misc/lv_area.h ****     lv_coord_t y2;
  48:Drivers/lvgl/src/draw/sw/../../misc/lv_area.h **** } lv_area_t;
  49:Drivers/lvgl/src/draw/sw/../../misc/lv_area.h **** 
  50:Drivers/lvgl/src/draw/sw/../../misc/lv_area.h **** /** Alignments*/
  51:Drivers/lvgl/src/draw/sw/../../misc/lv_area.h **** enum {
  52:Drivers/lvgl/src/draw/sw/../../misc/lv_area.h ****     LV_ALIGN_DEFAULT = 0,
  53:Drivers/lvgl/src/draw/sw/../../misc/lv_area.h ****     LV_ALIGN_TOP_LEFT,
  54:Drivers/lvgl/src/draw/sw/../../misc/lv_area.h ****     LV_ALIGN_TOP_MID,
  55:Drivers/lvgl/src/draw/sw/../../misc/lv_area.h ****     LV_ALIGN_TOP_RIGHT,
  56:Drivers/lvgl/src/draw/sw/../../misc/lv_area.h ****     LV_ALIGN_BOTTOM_LEFT,
  57:Drivers/lvgl/src/draw/sw/../../misc/lv_area.h ****     LV_ALIGN_BOTTOM_MID,
  58:Drivers/lvgl/src/draw/sw/../../misc/lv_area.h ****     LV_ALIGN_BOTTOM_RIGHT,
  59:Drivers/lvgl/src/draw/sw/../../misc/lv_area.h ****     LV_ALIGN_LEFT_MID,
  60:Drivers/lvgl/src/draw/sw/../../misc/lv_area.h ****     LV_ALIGN_RIGHT_MID,
  61:Drivers/lvgl/src/draw/sw/../../misc/lv_area.h ****     LV_ALIGN_CENTER,
  62:Drivers/lvgl/src/draw/sw/../../misc/lv_area.h **** 
  63:Drivers/lvgl/src/draw/sw/../../misc/lv_area.h ****     LV_ALIGN_OUT_TOP_LEFT,
  64:Drivers/lvgl/src/draw/sw/../../misc/lv_area.h ****     LV_ALIGN_OUT_TOP_MID,
  65:Drivers/lvgl/src/draw/sw/../../misc/lv_area.h ****     LV_ALIGN_OUT_TOP_RIGHT,
  66:Drivers/lvgl/src/draw/sw/../../misc/lv_area.h ****     LV_ALIGN_OUT_BOTTOM_LEFT,
  67:Drivers/lvgl/src/draw/sw/../../misc/lv_area.h ****     LV_ALIGN_OUT_BOTTOM_MID,
  68:Drivers/lvgl/src/draw/sw/../../misc/lv_area.h ****     LV_ALIGN_OUT_BOTTOM_RIGHT,
  69:Drivers/lvgl/src/draw/sw/../../misc/lv_area.h ****     LV_ALIGN_OUT_LEFT_TOP,
  70:Drivers/lvgl/src/draw/sw/../../misc/lv_area.h ****     LV_ALIGN_OUT_LEFT_MID,
  71:Drivers/lvgl/src/draw/sw/../../misc/lv_area.h ****     LV_ALIGN_OUT_LEFT_BOTTOM,
  72:Drivers/lvgl/src/draw/sw/../../misc/lv_area.h ****     LV_ALIGN_OUT_RIGHT_TOP,
  73:Drivers/lvgl/src/draw/sw/../../misc/lv_area.h ****     LV_ALIGN_OUT_RIGHT_MID,
  74:Drivers/lvgl/src/draw/sw/../../misc/lv_area.h ****     LV_ALIGN_OUT_RIGHT_BOTTOM,
  75:Drivers/lvgl/src/draw/sw/../../misc/lv_area.h **** };
  76:Drivers/lvgl/src/draw/sw/../../misc/lv_area.h **** typedef uint8_t lv_align_t;
  77:Drivers/lvgl/src/draw/sw/../../misc/lv_area.h **** 
  78:Drivers/lvgl/src/draw/sw/../../misc/lv_area.h **** enum {
  79:Drivers/lvgl/src/draw/sw/../../misc/lv_area.h ****     LV_DIR_NONE     = 0x00,
  80:Drivers/lvgl/src/draw/sw/../../misc/lv_area.h ****     LV_DIR_LEFT     = (1 << 0),
  81:Drivers/lvgl/src/draw/sw/../../misc/lv_area.h ****     LV_DIR_RIGHT    = (1 << 1),
  82:Drivers/lvgl/src/draw/sw/../../misc/lv_area.h ****     LV_DIR_TOP      = (1 << 2),
  83:Drivers/lvgl/src/draw/sw/../../misc/lv_area.h ****     LV_DIR_BOTTOM   = (1 << 3),
  84:Drivers/lvgl/src/draw/sw/../../misc/lv_area.h ****     LV_DIR_HOR      = LV_DIR_LEFT | LV_DIR_RIGHT,
  85:Drivers/lvgl/src/draw/sw/../../misc/lv_area.h ****     LV_DIR_VER      = LV_DIR_TOP | LV_DIR_BOTTOM,
  86:Drivers/lvgl/src/draw/sw/../../misc/lv_area.h ****     LV_DIR_ALL      = LV_DIR_HOR | LV_DIR_VER,
  87:Drivers/lvgl/src/draw/sw/../../misc/lv_area.h **** };
  88:Drivers/lvgl/src/draw/sw/../../misc/lv_area.h **** 
  89:Drivers/lvgl/src/draw/sw/../../misc/lv_area.h **** typedef uint8_t lv_dir_t;
  90:Drivers/lvgl/src/draw/sw/../../misc/lv_area.h **** 
  91:Drivers/lvgl/src/draw/sw/../../misc/lv_area.h **** /**********************
  92:Drivers/lvgl/src/draw/sw/../../misc/lv_area.h ****  * GLOBAL PROTOTYPES
  93:Drivers/lvgl/src/draw/sw/../../misc/lv_area.h ****  **********************/
  94:Drivers/lvgl/src/draw/sw/../../misc/lv_area.h **** 
  95:Drivers/lvgl/src/draw/sw/../../misc/lv_area.h **** /**
  96:Drivers/lvgl/src/draw/sw/../../misc/lv_area.h ****  * Initialize an area
  97:Drivers/lvgl/src/draw/sw/../../misc/lv_area.h ****  * @param area_p pointer to an area
  98:Drivers/lvgl/src/draw/sw/../../misc/lv_area.h ****  * @param x1 left coordinate of the area
  99:Drivers/lvgl/src/draw/sw/../../misc/lv_area.h ****  * @param y1 top coordinate of the area
 100:Drivers/lvgl/src/draw/sw/../../misc/lv_area.h ****  * @param x2 right coordinate of the area
 101:Drivers/lvgl/src/draw/sw/../../misc/lv_area.h ****  * @param y2 bottom coordinate of the area
 102:Drivers/lvgl/src/draw/sw/../../misc/lv_area.h ****  */
ARM GAS  /var/folders/0z/tsy30v1j4xl4_7kw94k978ww0000gn/T//ccdsSYQA.s 			page 6


 103:Drivers/lvgl/src/draw/sw/../../misc/lv_area.h **** void lv_area_set(lv_area_t * area_p, lv_coord_t x1, lv_coord_t y1, lv_coord_t x2, lv_coord_t y2);
 104:Drivers/lvgl/src/draw/sw/../../misc/lv_area.h **** 
 105:Drivers/lvgl/src/draw/sw/../../misc/lv_area.h **** /**
 106:Drivers/lvgl/src/draw/sw/../../misc/lv_area.h ****  * Copy an area
 107:Drivers/lvgl/src/draw/sw/../../misc/lv_area.h ****  * @param dest pointer to the destination area
 108:Drivers/lvgl/src/draw/sw/../../misc/lv_area.h ****  * @param src pointer to the source area
 109:Drivers/lvgl/src/draw/sw/../../misc/lv_area.h ****  */
 110:Drivers/lvgl/src/draw/sw/../../misc/lv_area.h **** inline static void lv_area_copy(lv_area_t * dest, const lv_area_t * src)
 111:Drivers/lvgl/src/draw/sw/../../misc/lv_area.h **** {
 112:Drivers/lvgl/src/draw/sw/../../misc/lv_area.h ****     dest->x1 = src->x1;
 113:Drivers/lvgl/src/draw/sw/../../misc/lv_area.h ****     dest->y1 = src->y1;
 114:Drivers/lvgl/src/draw/sw/../../misc/lv_area.h ****     dest->x2 = src->x2;
 115:Drivers/lvgl/src/draw/sw/../../misc/lv_area.h ****     dest->y2 = src->y2;
 116:Drivers/lvgl/src/draw/sw/../../misc/lv_area.h **** }
 117:Drivers/lvgl/src/draw/sw/../../misc/lv_area.h **** 
 118:Drivers/lvgl/src/draw/sw/../../misc/lv_area.h **** /**
 119:Drivers/lvgl/src/draw/sw/../../misc/lv_area.h ****  * Get the width of an area
 120:Drivers/lvgl/src/draw/sw/../../misc/lv_area.h ****  * @param area_p pointer to an area
 121:Drivers/lvgl/src/draw/sw/../../misc/lv_area.h ****  * @return the width of the area (if x1 == x2 -> width = 1)
 122:Drivers/lvgl/src/draw/sw/../../misc/lv_area.h ****  */
 123:Drivers/lvgl/src/draw/sw/../../misc/lv_area.h **** static inline lv_coord_t lv_area_get_width(const lv_area_t * area_p)
 124:Drivers/lvgl/src/draw/sw/../../misc/lv_area.h **** {
 125:Drivers/lvgl/src/draw/sw/../../misc/lv_area.h ****     return (lv_coord_t)(area_p->x2 - area_p->x1 + 1);
 111              		.loc 2 125 49 is_stmt 0 view .LVU31
 112 0056 A289     		ldrh	r2, [r4, #12]
 113 0058 2089     		ldrh	r0, [r4, #8]
 114              	.LBE12:
 115              	.LBE11:
 116              		.loc 1 70 87 view .LVU32
 117 005a 2849     		ldr	r1, .L20
 118              	.LBB15:
 119              	.LBB13:
 120              		.loc 2 125 49 view .LVU33
 121 005c 0132     		adds	r2, r2, #1
 122 005e 121A     		subs	r2, r2, r0
 123              	.LBE13:
 124              	.LBE15:
 125              		.loc 1 70 83 view .LVU34
 126 0060 12B2     		sxth	r2, r2
 127              		.loc 1 70 66 view .LVU35
 128 0062 C3F31E03 		ubfx	r3, r3, #0, #31
 129              		.loc 1 70 83 view .LVU36
 130 0066 93FBF2F3 		sdiv	r3, r3, r2
 131              		.loc 1 70 87 view .LVU37
 132 006a 81FB0312 		smull	r1, r2, r1, r3
 133 006e A2EBE372 		sub	r2, r2, r3, asr #31
  68:Drivers/lvgl/src/draw/sw/lv_draw_sw_layer.c ****         lv_coord_t w = lv_area_get_width(&layer_sw_ctx->base_draw.area_act);
 134              		.loc 1 68 45 view .LVU38
 135 0072 6188     		ldrh	r1, [r4, #2]
 136              		.loc 1 70 52 view .LVU39
 137 0074 2282     		strh	r2, [r4, #16]	@ movhi
  71:Drivers/lvgl/src/draw/sw/lv_draw_sw_layer.c ****         layer_sw_ctx->base_draw.max_row_with_no_alpha = layer_sw_ctx->buf_size_bytes / w / sizeof(l
 138              		.loc 1 71 90 view .LVU40
 139 0076 5B08     		lsrs	r3, r3, #1
  68:Drivers/lvgl/src/draw/sw/lv_draw_sw_layer.c ****         lv_coord_t w = lv_area_get_width(&layer_sw_ctx->base_draw.area_act);
 140              		.loc 1 68 45 view .LVU41
 141 0078 E181     		strh	r1, [r4, #14]	@ movhi
ARM GAS  /var/folders/0z/tsy30v1j4xl4_7kw94k978ww0000gn/T//ccdsSYQA.s 			page 7


  69:Drivers/lvgl/src/draw/sw/lv_draw_sw_layer.c ****         layer_sw_ctx->base_draw.max_row_with_alpha = layer_sw_ctx->buf_size_bytes / w / LV_IMG_PX_S
 142              		.loc 1 69 9 is_stmt 1 view .LVU42
 143              	.LVL7:
 144              	.LBB16:
 145              	.LBI11:
 123:Drivers/lvgl/src/draw/sw/../../misc/lv_area.h **** {
 146              		.loc 2 123 26 view .LVU43
 147              	.LBB14:
 148              		.loc 2 125 5 view .LVU44
 149              		.loc 2 125 5 is_stmt 0 view .LVU45
 150              	.LBE14:
 151              	.LBE16:
  70:Drivers/lvgl/src/draw/sw/lv_draw_sw_layer.c ****         layer_sw_ctx->base_draw.max_row_with_no_alpha = layer_sw_ctx->buf_size_bytes / w / sizeof(l
 152              		.loc 1 70 9 is_stmt 1 view .LVU46
 153              		.loc 1 71 9 view .LVU47
 154              		.loc 1 71 55 is_stmt 0 view .LVU48
 155 007a 6382     		strh	r3, [r4, #18]	@ movhi
 156              	.LBE10:
 157 007c 2046     		mov	r0, r4
  72:Drivers/lvgl/src/draw/sw/lv_draw_sw_layer.c ****     }
  73:Drivers/lvgl/src/draw/sw/lv_draw_sw_layer.c ****     else {
  74:Drivers/lvgl/src/draw/sw/lv_draw_sw_layer.c ****         layer_sw_ctx->base_draw.area_act = layer_sw_ctx->base_draw.area_full;
  75:Drivers/lvgl/src/draw/sw/lv_draw_sw_layer.c ****         layer_sw_ctx->buf_size_bytes = lv_area_get_size(&layer_sw_ctx->base_draw.area_full) * px_si
  76:Drivers/lvgl/src/draw/sw/lv_draw_sw_layer.c ****         layer_sw_ctx->base_draw.buf = lv_mem_alloc(layer_sw_ctx->buf_size_bytes);
  77:Drivers/lvgl/src/draw/sw/lv_draw_sw_layer.c ****         lv_memset_00(layer_sw_ctx->base_draw.buf, layer_sw_ctx->buf_size_bytes);
  78:Drivers/lvgl/src/draw/sw/lv_draw_sw_layer.c ****         layer_sw_ctx->has_alpha = flags & LV_DRAW_LAYER_FLAG_HAS_ALPHA ? 1 : 0;
  79:Drivers/lvgl/src/draw/sw/lv_draw_sw_layer.c ****         if(layer_sw_ctx->base_draw.buf == NULL) {
  80:Drivers/lvgl/src/draw/sw/lv_draw_sw_layer.c ****             return NULL;
  81:Drivers/lvgl/src/draw/sw/lv_draw_sw_layer.c ****         }
  82:Drivers/lvgl/src/draw/sw/lv_draw_sw_layer.c **** 
  83:Drivers/lvgl/src/draw/sw/lv_draw_sw_layer.c ****         draw_ctx->buf = layer_sw_ctx->base_draw.buf;
  84:Drivers/lvgl/src/draw/sw/lv_draw_sw_layer.c ****         draw_ctx->buf_area = &layer_sw_ctx->base_draw.area_act;
  85:Drivers/lvgl/src/draw/sw/lv_draw_sw_layer.c ****         draw_ctx->clip_area = &layer_sw_ctx->base_draw.area_act;
  86:Drivers/lvgl/src/draw/sw/lv_draw_sw_layer.c **** 
  87:Drivers/lvgl/src/draw/sw/lv_draw_sw_layer.c ****         lv_disp_t * disp_refr = _lv_refr_get_disp_refreshing();
  88:Drivers/lvgl/src/draw/sw/lv_draw_sw_layer.c ****         disp_refr->driver->screen_transp = flags & LV_DRAW_LAYER_FLAG_HAS_ALPHA ? 1 : 0;
  89:Drivers/lvgl/src/draw/sw/lv_draw_sw_layer.c ****     }
  90:Drivers/lvgl/src/draw/sw/lv_draw_sw_layer.c **** 
  91:Drivers/lvgl/src/draw/sw/lv_draw_sw_layer.c ****     return layer_ctx;
  92:Drivers/lvgl/src/draw/sw/lv_draw_sw_layer.c **** }
 158              		.loc 1 92 1 view .LVU49
 159 007e F8BD     		pop	{r3, r4, r5, r6, r7, pc}
 160              	.LVL8:
 161              	.L4:
 162              	.LBB17:
  74:Drivers/lvgl/src/draw/sw/lv_draw_sw_layer.c ****         layer_sw_ctx->buf_size_bytes = lv_area_get_size(&layer_sw_ctx->base_draw.area_full) * px_si
 163              		.loc 1 74 9 is_stmt 1 view .LVU50
  74:Drivers/lvgl/src/draw/sw/lv_draw_sw_layer.c ****         layer_sw_ctx->buf_size_bytes = lv_area_get_size(&layer_sw_ctx->base_draw.area_full) * px_si
 164              		.loc 1 74 42 is_stmt 0 view .LVU51
 165 0080 01F10807 		add	r7, r1, #8
 166 0084 0646     		mov	r6, r0
 167 0086 D1E90001 		ldrd	r0, r1, [r1]
 168              	.LVL9:
  74:Drivers/lvgl/src/draw/sw/lv_draw_sw_layer.c ****         layer_sw_ctx->buf_size_bytes = lv_area_get_size(&layer_sw_ctx->base_draw.area_full) * px_si
 169              		.loc 1 74 42 view .LVU52
 170 008a 87E80300 		stm	r7, {r0, r1}
  75:Drivers/lvgl/src/draw/sw/lv_draw_sw_layer.c ****         layer_sw_ctx->base_draw.buf = lv_mem_alloc(layer_sw_ctx->buf_size_bytes);
ARM GAS  /var/folders/0z/tsy30v1j4xl4_7kw94k978ww0000gn/T//ccdsSYQA.s 			page 8


 171              		.loc 1 75 9 is_stmt 1 view .LVU53
  75:Drivers/lvgl/src/draw/sw/lv_draw_sw_layer.c ****         layer_sw_ctx->base_draw.buf = lv_mem_alloc(layer_sw_ctx->buf_size_bytes);
 172              		.loc 1 75 40 is_stmt 0 view .LVU54
 173 008e 2046     		mov	r0, r4
 174 0090 FFF7FEFF 		bl	lv_area_get_size
 175              	.LVL10:
  75:Drivers/lvgl/src/draw/sw/lv_draw_sw_layer.c ****         layer_sw_ctx->base_draw.buf = lv_mem_alloc(layer_sw_ctx->buf_size_bytes);
 176              		.loc 1 75 38 view .LVU55
 177 0094 A36A     		ldr	r3, [r4, #40]
  75:Drivers/lvgl/src/draw/sw/lv_draw_sw_layer.c ****         layer_sw_ctx->base_draw.buf = lv_mem_alloc(layer_sw_ctx->buf_size_bytes);
 178              		.loc 1 75 93 view .LVU56
 179 0096 4000     		lsls	r0, r0, #1
 180 0098 20F00040 		bic	r0, r0, #-2147483648
  75:Drivers/lvgl/src/draw/sw/lv_draw_sw_layer.c ****         layer_sw_ctx->base_draw.buf = lv_mem_alloc(layer_sw_ctx->buf_size_bytes);
 181              		.loc 1 75 38 view .LVU57
 182 009c 60F31E03 		bfi	r3, r0, #0, #31
 183 00a0 A362     		str	r3, [r4, #40]
  76:Drivers/lvgl/src/draw/sw/lv_draw_sw_layer.c ****         lv_memset_00(layer_sw_ctx->base_draw.buf, layer_sw_ctx->buf_size_bytes);
 184              		.loc 1 76 9 is_stmt 1 view .LVU58
  76:Drivers/lvgl/src/draw/sw/lv_draw_sw_layer.c ****         lv_memset_00(layer_sw_ctx->base_draw.buf, layer_sw_ctx->buf_size_bytes);
 185              		.loc 1 76 39 is_stmt 0 view .LVU59
 186 00a2 FFF7FEFF 		bl	lv_mem_alloc
 187              	.LVL11:
  77:Drivers/lvgl/src/draw/sw/lv_draw_sw_layer.c ****         layer_sw_ctx->has_alpha = flags & LV_DRAW_LAYER_FLAG_HAS_ALPHA ? 1 : 0;
 188              		.loc 1 77 63 view .LVU60
 189 00a6 A16A     		ldr	r1, [r4, #40]
  76:Drivers/lvgl/src/draw/sw/lv_draw_sw_layer.c ****         lv_memset_00(layer_sw_ctx->base_draw.buf, layer_sw_ctx->buf_size_bytes);
 190              		.loc 1 76 37 view .LVU61
 191 00a8 6061     		str	r0, [r4, #20]
  77:Drivers/lvgl/src/draw/sw/lv_draw_sw_layer.c ****         layer_sw_ctx->has_alpha = flags & LV_DRAW_LAYER_FLAG_HAS_ALPHA ? 1 : 0;
 192              		.loc 1 77 9 is_stmt 1 view .LVU62
 193 00aa 21F00041 		bic	r1, r1, #-2147483648
 194 00ae FFF7FEFF 		bl	lv_memset_00
 195              	.LVL12:
  78:Drivers/lvgl/src/draw/sw/lv_draw_sw_layer.c ****         if(layer_sw_ctx->base_draw.buf == NULL) {
 196              		.loc 1 78 9 view .LVU63
  78:Drivers/lvgl/src/draw/sw/lv_draw_sw_layer.c ****         if(layer_sw_ctx->base_draw.buf == NULL) {
 197              		.loc 1 78 33 is_stmt 0 view .LVU64
 198 00b2 94F82B30 		ldrb	r3, [r4, #43]	@ zero_extendqisi2
 199 00b6 65F3C713 		bfi	r3, r5, #7, #1
 200 00ba 84F82B30 		strb	r3, [r4, #43]
  79:Drivers/lvgl/src/draw/sw/lv_draw_sw_layer.c ****             return NULL;
 201              		.loc 1 79 9 is_stmt 1 view .LVU65
  79:Drivers/lvgl/src/draw/sw/lv_draw_sw_layer.c ****             return NULL;
 202              		.loc 1 79 35 is_stmt 0 view .LVU66
 203 00be 6369     		ldr	r3, [r4, #20]
  79:Drivers/lvgl/src/draw/sw/lv_draw_sw_layer.c ****             return NULL;
 204              		.loc 1 79 11 view .LVU67
 205 00c0 BBB1     		cbz	r3, .L7
  83:Drivers/lvgl/src/draw/sw/lv_draw_sw_layer.c ****         draw_ctx->buf_area = &layer_sw_ctx->base_draw.area_act;
 206              		.loc 1 83 9 is_stmt 1 view .LVU68
  84:Drivers/lvgl/src/draw/sw/lv_draw_sw_layer.c ****         draw_ctx->clip_area = &layer_sw_ctx->base_draw.area_act;
 207              		.loc 1 84 28 is_stmt 0 view .LVU69
 208 00c2 C6E90037 		strd	r3, r7, [r6]
  85:Drivers/lvgl/src/draw/sw/lv_draw_sw_layer.c **** 
 209              		.loc 1 85 9 is_stmt 1 view .LVU70
  85:Drivers/lvgl/src/draw/sw/lv_draw_sw_layer.c **** 
ARM GAS  /var/folders/0z/tsy30v1j4xl4_7kw94k978ww0000gn/T//ccdsSYQA.s 			page 9


 210              		.loc 1 85 29 is_stmt 0 view .LVU71
 211 00c6 B760     		str	r7, [r6, #8]
  87:Drivers/lvgl/src/draw/sw/lv_draw_sw_layer.c ****         disp_refr->driver->screen_transp = flags & LV_DRAW_LAYER_FLAG_HAS_ALPHA ? 1 : 0;
 212              		.loc 1 87 9 is_stmt 1 view .LVU72
  87:Drivers/lvgl/src/draw/sw/lv_draw_sw_layer.c ****         disp_refr->driver->screen_transp = flags & LV_DRAW_LAYER_FLAG_HAS_ALPHA ? 1 : 0;
 213              		.loc 1 87 33 is_stmt 0 view .LVU73
 214 00c8 FFF7FEFF 		bl	_lv_refr_get_disp_refreshing
 215              	.LVL13:
 216 00cc 0346     		mov	r3, r0
 217              	.LVL14:
  88:Drivers/lvgl/src/draw/sw/lv_draw_sw_layer.c ****     }
 218              		.loc 1 88 9 is_stmt 1 view .LVU74
  88:Drivers/lvgl/src/draw/sw/lv_draw_sw_layer.c ****     }
 219              		.loc 1 88 42 is_stmt 0 view .LVU75
 220 00ce 2046     		mov	r0, r4
 221              	.LVL15:
  88:Drivers/lvgl/src/draw/sw/lv_draw_sw_layer.c ****     }
 222              		.loc 1 88 42 view .LVU76
 223 00d0 1B68     		ldr	r3, [r3]
 224              	.LVL16:
  88:Drivers/lvgl/src/draw/sw/lv_draw_sw_layer.c ****     }
 225              		.loc 1 88 42 view .LVU77
 226 00d2 1A7C     		ldrb	r2, [r3, #16]	@ zero_extendqisi2
 227 00d4 65F38612 		bfi	r2, r5, #6, #1
 228 00d8 1A74     		strb	r2, [r3, #16]
 229              	.LBE17:
 230              		.loc 1 92 1 view .LVU78
 231 00da F8BD     		pop	{r3, r4, r5, r6, r7, pc}
 232              	.LVL17:
 233              	.L6:
 234              	.LBB18:
  59:Drivers/lvgl/src/draw/sw/lv_draw_sw_layer.c ****                         (uint32_t)layer_sw_ctx->buf_size_bytes, (uint32_t)LV_LAYER_SIMPLE_FALLBACK_
 235              		.loc 1 59 13 is_stmt 1 view .LVU79
  59:Drivers/lvgl/src/draw/sw/lv_draw_sw_layer.c ****                         (uint32_t)layer_sw_ctx->buf_size_bytes, (uint32_t)LV_LAYER_SIMPLE_FALLBACK_
 236              		.loc 1 59 13 view .LVU80
  59:Drivers/lvgl/src/draw/sw/lv_draw_sw_layer.c ****                         (uint32_t)layer_sw_ctx->buf_size_bytes, (uint32_t)LV_LAYER_SIMPLE_FALLBACK_
 237              		.loc 1 59 13 view .LVU81
  61:Drivers/lvgl/src/draw/sw/lv_draw_sw_layer.c ****             layer_sw_ctx->base_draw.buf = lv_mem_alloc(layer_sw_ctx->buf_size_bytes);
 238              		.loc 1 61 13 view .LVU82
  61:Drivers/lvgl/src/draw/sw/lv_draw_sw_layer.c ****             layer_sw_ctx->base_draw.buf = lv_mem_alloc(layer_sw_ctx->buf_size_bytes);
 239              		.loc 1 61 42 is_stmt 0 view .LVU83
 240 00dc A36A     		ldr	r3, [r4, #40]
 241 00de 4FF44060 		mov	r0, #3072
 242 00e2 60F31E03 		bfi	r3, r0, #0, #31
 243 00e6 A362     		str	r3, [r4, #40]
  62:Drivers/lvgl/src/draw/sw/lv_draw_sw_layer.c ****             if(layer_sw_ctx->base_draw.buf == NULL) {
 244              		.loc 1 62 13 is_stmt 1 view .LVU84
  62:Drivers/lvgl/src/draw/sw/lv_draw_sw_layer.c ****             if(layer_sw_ctx->base_draw.buf == NULL) {
 245              		.loc 1 62 43 is_stmt 0 view .LVU85
 246 00e8 FFF7FEFF 		bl	lv_mem_alloc
 247              	.LVL18:
  62:Drivers/lvgl/src/draw/sw/lv_draw_sw_layer.c ****             if(layer_sw_ctx->base_draw.buf == NULL) {
 248              		.loc 1 62 41 view .LVU86
 249 00ec 6061     		str	r0, [r4, #20]
  63:Drivers/lvgl/src/draw/sw/lv_draw_sw_layer.c ****                 return NULL;
 250              		.loc 1 63 13 is_stmt 1 view .LVU87
  63:Drivers/lvgl/src/draw/sw/lv_draw_sw_layer.c ****                 return NULL;
ARM GAS  /var/folders/0z/tsy30v1j4xl4_7kw94k978ww0000gn/T//ccdsSYQA.s 			page 10


 251              		.loc 1 63 15 is_stmt 0 view .LVU88
 252 00ee 0028     		cmp	r0, #0
 253 00f0 AAD1     		bne	.L8
 254              	.L7:
  63:Drivers/lvgl/src/draw/sw/lv_draw_sw_layer.c ****                 return NULL;
 255              		.loc 1 63 15 view .LVU89
 256              	.LBE18:
  48:Drivers/lvgl/src/draw/sw/lv_draw_sw_layer.c ****     }
 257              		.loc 1 48 16 view .LVU90
 258 00f2 0020     		movs	r0, #0
 259              		.loc 1 92 1 view .LVU91
 260 00f4 F8BD     		pop	{r3, r4, r5, r6, r7, pc}
 261              	.LVL19:
 262              	.L19:
 263              		.cfi_def_cfa_offset 0
 264              		.cfi_restore 3
 265              		.cfi_restore 4
 266              		.cfi_restore 5
 267              		.cfi_restore 6
 268              		.cfi_restore 7
 269              		.cfi_restore 14
  48:Drivers/lvgl/src/draw/sw/lv_draw_sw_layer.c ****     }
 270              		.loc 1 48 16 view .LVU92
 271 00f6 0020     		movs	r0, #0
 272              	.LVL20:
 273              		.loc 1 92 1 view .LVU93
 274 00f8 7047     		bx	lr
 275              	.L21:
 276 00fa 00BF     		.align	2
 277              	.L20:
 278 00fc 56555555 		.word	1431655766
 279              		.cfi_endproc
 280              	.LFE161:
 282              		.section	.text.lv_draw_sw_layer_adjust,"ax",%progbits
 283              		.align	1
 284              		.p2align 2,,3
 285              		.global	lv_draw_sw_layer_adjust
 286              		.syntax unified
 287              		.thumb
 288              		.thumb_func
 290              	lv_draw_sw_layer_adjust:
 291              	.LVL21:
 292              	.LFB162:
  93:Drivers/lvgl/src/draw/sw/lv_draw_sw_layer.c **** 
  94:Drivers/lvgl/src/draw/sw/lv_draw_sw_layer.c **** void lv_draw_sw_layer_adjust(struct _lv_draw_ctx_t * draw_ctx, struct _lv_draw_layer_ctx_t * layer_
  95:Drivers/lvgl/src/draw/sw/lv_draw_sw_layer.c ****                              lv_draw_layer_flags_t flags)
  96:Drivers/lvgl/src/draw/sw/lv_draw_sw_layer.c **** {
 293              		.loc 1 96 1 is_stmt 1 view -0
 294              		.cfi_startproc
 295              		@ args = 0, pretend = 0, frame = 0
 296              		@ frame_needed = 0, uses_anonymous_args = 0
  97:Drivers/lvgl/src/draw/sw/lv_draw_sw_layer.c **** 
  98:Drivers/lvgl/src/draw/sw/lv_draw_sw_layer.c ****     lv_draw_sw_layer_ctx_t * layer_sw_ctx = (lv_draw_sw_layer_ctx_t *) layer_ctx;
 297              		.loc 1 98 5 view .LVU95
  96:Drivers/lvgl/src/draw/sw/lv_draw_sw_layer.c **** 
 298              		.loc 1 96 1 is_stmt 0 view .LVU96
 299 0000 F8B5     		push	{r3, r4, r5, r6, r7, lr}
ARM GAS  /var/folders/0z/tsy30v1j4xl4_7kw94k978ww0000gn/T//ccdsSYQA.s 			page 11


 300              		.cfi_def_cfa_offset 24
 301              		.cfi_offset 3, -24
 302              		.cfi_offset 4, -20
 303              		.cfi_offset 5, -16
 304              		.cfi_offset 6, -12
 305              		.cfi_offset 7, -8
 306              		.cfi_offset 14, -4
  96:Drivers/lvgl/src/draw/sw/lv_draw_sw_layer.c **** 
 307              		.loc 1 96 1 view .LVU97
 308 0002 1546     		mov	r5, r2
 309 0004 0646     		mov	r6, r0
 310 0006 0C46     		mov	r4, r1
 311              	.LVL22:
  99:Drivers/lvgl/src/draw/sw/lv_draw_sw_layer.c ****     lv_disp_t * disp_refr = _lv_refr_get_disp_refreshing();
 312              		.loc 1 99 5 is_stmt 1 view .LVU98
 313              		.loc 1 99 29 is_stmt 0 view .LVU99
 314 0008 FFF7FEFF 		bl	_lv_refr_get_disp_refreshing
 315              	.LVL23:
 100:Drivers/lvgl/src/draw/sw/lv_draw_sw_layer.c ****     if(flags & LV_DRAW_LAYER_FLAG_HAS_ALPHA) {
 316              		.loc 1 100 7 view .LVU100
 317 000c 15F00105 		ands	r5, r5, #1
  99:Drivers/lvgl/src/draw/sw/lv_draw_sw_layer.c ****     lv_disp_t * disp_refr = _lv_refr_get_disp_refreshing();
 318              		.loc 1 99 29 view .LVU101
 319 0010 0746     		mov	r7, r0
 320              	.LVL24:
 321              		.loc 1 100 5 is_stmt 1 view .LVU102
 322              		.loc 1 100 7 is_stmt 0 view .LVU103
 323 0012 10D1     		bne	.L26
 101:Drivers/lvgl/src/draw/sw/lv_draw_sw_layer.c ****         lv_memset_00(layer_ctx->buf, layer_sw_ctx->buf_size_bytes);
 102:Drivers/lvgl/src/draw/sw/lv_draw_sw_layer.c ****         layer_sw_ctx->has_alpha = 1;
 103:Drivers/lvgl/src/draw/sw/lv_draw_sw_layer.c ****         disp_refr->driver->screen_transp = 1;
 104:Drivers/lvgl/src/draw/sw/lv_draw_sw_layer.c ****     }
 105:Drivers/lvgl/src/draw/sw/lv_draw_sw_layer.c ****     else {
 106:Drivers/lvgl/src/draw/sw/lv_draw_sw_layer.c ****         layer_sw_ctx->has_alpha = 0;
 324              		.loc 1 106 9 is_stmt 1 view .LVU104
 325              		.loc 1 106 33 is_stmt 0 view .LVU105
 326 0014 94F82B30 		ldrb	r3, [r4, #43]	@ zero_extendqisi2
 327 0018 65F3C713 		bfi	r3, r5, #7, #1
 328 001c 84F82B30 		strb	r3, [r4, #43]
 107:Drivers/lvgl/src/draw/sw/lv_draw_sw_layer.c ****         disp_refr->driver->screen_transp = 0;
 329              		.loc 1 107 9 is_stmt 1 view .LVU106
 330              		.loc 1 107 42 is_stmt 0 view .LVU107
 331 0020 0368     		ldr	r3, [r0]
 332 0022 1A7C     		ldrb	r2, [r3, #16]	@ zero_extendqisi2
 333 0024 65F38612 		bfi	r2, r5, #6, #1
 334 0028 1A74     		strb	r2, [r3, #16]
 335              	.LVL25:
 336              	.L24:
 108:Drivers/lvgl/src/draw/sw/lv_draw_sw_layer.c ****     }
 109:Drivers/lvgl/src/draw/sw/lv_draw_sw_layer.c **** 
 110:Drivers/lvgl/src/draw/sw/lv_draw_sw_layer.c ****     draw_ctx->buf = layer_ctx->buf;
 337              		.loc 1 110 5 is_stmt 1 view .LVU108
 338              		.loc 1 110 19 is_stmt 0 view .LVU109
 339 002a 6369     		ldr	r3, [r4, #20]
 111:Drivers/lvgl/src/draw/sw/lv_draw_sw_layer.c ****     draw_ctx->buf_area = &layer_ctx->area_act;
 340              		.loc 1 111 26 view .LVU110
 341 002c 0834     		adds	r4, r4, #8
ARM GAS  /var/folders/0z/tsy30v1j4xl4_7kw94k978ww0000gn/T//ccdsSYQA.s 			page 12


 342              	.LVL26:
 343              		.loc 1 111 24 view .LVU111
 344 002e C6E90034 		strd	r3, r4, [r6]
 112:Drivers/lvgl/src/draw/sw/lv_draw_sw_layer.c ****     draw_ctx->clip_area = &layer_ctx->area_act;
 345              		.loc 1 112 5 is_stmt 1 view .LVU112
 346              		.loc 1 112 25 is_stmt 0 view .LVU113
 347 0032 B460     		str	r4, [r6, #8]
 113:Drivers/lvgl/src/draw/sw/lv_draw_sw_layer.c **** }
 348              		.loc 1 113 1 view .LVU114
 349 0034 F8BD     		pop	{r3, r4, r5, r6, r7, pc}
 350              	.LVL27:
 351              	.L26:
 101:Drivers/lvgl/src/draw/sw/lv_draw_sw_layer.c ****         layer_sw_ctx->has_alpha = 1;
 352              		.loc 1 101 9 is_stmt 1 view .LVU115
 101:Drivers/lvgl/src/draw/sw/lv_draw_sw_layer.c ****         layer_sw_ctx->has_alpha = 1;
 353              		.loc 1 101 50 is_stmt 0 view .LVU116
 354 0036 A16A     		ldr	r1, [r4, #40]
 101:Drivers/lvgl/src/draw/sw/lv_draw_sw_layer.c ****         layer_sw_ctx->has_alpha = 1;
 355              		.loc 1 101 9 view .LVU117
 356 0038 6069     		ldr	r0, [r4, #20]
 357              	.LVL28:
 101:Drivers/lvgl/src/draw/sw/lv_draw_sw_layer.c ****         layer_sw_ctx->has_alpha = 1;
 358              		.loc 1 101 9 view .LVU118
 359 003a 21F00041 		bic	r1, r1, #-2147483648
 360 003e FFF7FEFF 		bl	lv_memset_00
 361              	.LVL29:
 102:Drivers/lvgl/src/draw/sw/lv_draw_sw_layer.c ****         disp_refr->driver->screen_transp = 1;
 362              		.loc 1 102 9 is_stmt 1 view .LVU119
 102:Drivers/lvgl/src/draw/sw/lv_draw_sw_layer.c ****         disp_refr->driver->screen_transp = 1;
 363              		.loc 1 102 33 is_stmt 0 view .LVU120
 364 0042 94F82B30 		ldrb	r3, [r4, #43]	@ zero_extendqisi2
 365 0046 43F08003 		orr	r3, r3, #128
 366 004a 84F82B30 		strb	r3, [r4, #43]
 103:Drivers/lvgl/src/draw/sw/lv_draw_sw_layer.c ****     }
 367              		.loc 1 103 9 is_stmt 1 view .LVU121
 103:Drivers/lvgl/src/draw/sw/lv_draw_sw_layer.c ****     }
 368              		.loc 1 103 42 is_stmt 0 view .LVU122
 369 004e 3A68     		ldr	r2, [r7]
 370 0050 137C     		ldrb	r3, [r2, #16]	@ zero_extendqisi2
 371 0052 43F04003 		orr	r3, r3, #64
 372 0056 1374     		strb	r3, [r2, #16]
 373 0058 E7E7     		b	.L24
 374              		.cfi_endproc
 375              	.LFE162:
 377 005a 00BF     		.section	.text.lv_draw_sw_layer_blend,"ax",%progbits
 378              		.align	1
 379              		.p2align 2,,3
 380              		.global	lv_draw_sw_layer_blend
 381              		.syntax unified
 382              		.thumb
 383              		.thumb_func
 385              	lv_draw_sw_layer_blend:
 386              	.LVL30:
 387              	.LFB163:
 114:Drivers/lvgl/src/draw/sw/lv_draw_sw_layer.c **** 
 115:Drivers/lvgl/src/draw/sw/lv_draw_sw_layer.c **** void lv_draw_sw_layer_blend(struct _lv_draw_ctx_t * draw_ctx, struct _lv_draw_layer_ctx_t * layer_c
 116:Drivers/lvgl/src/draw/sw/lv_draw_sw_layer.c ****                             const lv_draw_img_dsc_t * draw_dsc)
ARM GAS  /var/folders/0z/tsy30v1j4xl4_7kw94k978ww0000gn/T//ccdsSYQA.s 			page 13


 117:Drivers/lvgl/src/draw/sw/lv_draw_sw_layer.c **** {
 388              		.loc 1 117 1 is_stmt 1 view -0
 389              		.cfi_startproc
 390              		@ args = 0, pretend = 0, frame = 24
 391              		@ frame_needed = 0, uses_anonymous_args = 0
 118:Drivers/lvgl/src/draw/sw/lv_draw_sw_layer.c ****     lv_draw_sw_layer_ctx_t * layer_sw_ctx = (lv_draw_sw_layer_ctx_t *) layer_ctx;
 392              		.loc 1 118 5 view .LVU124
 117:Drivers/lvgl/src/draw/sw/lv_draw_sw_layer.c ****     lv_draw_sw_layer_ctx_t * layer_sw_ctx = (lv_draw_sw_layer_ctx_t *) layer_ctx;
 393              		.loc 1 117 1 is_stmt 0 view .LVU125
 394 0000 70B5     		push	{r4, r5, r6, lr}
 395              		.cfi_def_cfa_offset 16
 396              		.cfi_offset 4, -16
 397              		.cfi_offset 5, -12
 398              		.cfi_offset 6, -8
 399              		.cfi_offset 14, -4
 119:Drivers/lvgl/src/draw/sw/lv_draw_sw_layer.c **** 
 120:Drivers/lvgl/src/draw/sw/lv_draw_sw_layer.c ****     lv_img_dsc_t img;
 121:Drivers/lvgl/src/draw/sw/lv_draw_sw_layer.c ****     img.data = draw_ctx->buf;
 122:Drivers/lvgl/src/draw/sw/lv_draw_sw_layer.c ****     img.header.always_zero = 0;
 123:Drivers/lvgl/src/draw/sw/lv_draw_sw_layer.c ****     img.header.w = lv_area_get_width(draw_ctx->buf_area);
 400              		.loc 1 123 46 view .LVU126
 401 0002 4668     		ldr	r6, [r0, #4]
 117:Drivers/lvgl/src/draw/sw/lv_draw_sw_layer.c ****     lv_draw_sw_layer_ctx_t * layer_sw_ctx = (lv_draw_sw_layer_ctx_t *) layer_ctx;
 402              		.loc 1 117 1 view .LVU127
 403 0004 86B0     		sub	sp, sp, #24
 404              		.cfi_def_cfa_offset 40
 117:Drivers/lvgl/src/draw/sw/lv_draw_sw_layer.c ****     lv_draw_sw_layer_ctx_t * layer_sw_ctx = (lv_draw_sw_layer_ctx_t *) layer_ctx;
 405              		.loc 1 117 1 view .LVU128
 406 0006 0446     		mov	r4, r0
 407              	.LBB19:
 408              	.LBB20:
 409              		.loc 2 125 49 view .LVU129
 410 0008 B088     		ldrh	r0, [r6, #4]
 411              	.LVL31:
 412              		.loc 2 125 49 view .LVU130
 413              	.LBE20:
 414              	.LBE19:
 121:Drivers/lvgl/src/draw/sw/lv_draw_sw_layer.c ****     img.header.always_zero = 0;
 415              		.loc 1 121 14 view .LVU131
 416 000a 2368     		ldr	r3, [r4]
 117:Drivers/lvgl/src/draw/sw/lv_draw_sw_layer.c ****     lv_draw_sw_layer_ctx_t * layer_sw_ctx = (lv_draw_sw_layer_ctx_t *) layer_ctx;
 417              		.loc 1 117 1 view .LVU132
 418 000c 0192     		str	r2, [sp, #4]
 419              	.LBB25:
 420              	.LBB21:
 421              		.loc 2 125 49 view .LVU133
 422 000e 3288     		ldrh	r2, [r6]
 423              	.LVL32:
 424              		.loc 2 125 49 view .LVU134
 425              	.LBE21:
 426              	.LBE25:
 121:Drivers/lvgl/src/draw/sw/lv_draw_sw_layer.c ****     img.header.always_zero = 0;
 427              		.loc 1 121 14 view .LVU135
 428 0010 0593     		str	r3, [sp, #20]
 429              	.LBB26:
 430              	.LBB22:
 431              		.loc 2 125 49 view .LVU136
ARM GAS  /var/folders/0z/tsy30v1j4xl4_7kw94k978ww0000gn/T//ccdsSYQA.s 			page 14


 432 0012 0130     		adds	r0, r0, #1
 433              	.LBE22:
 434              	.LBE26:
 435              	.LBB27:
 436              	.LBB28:
 126:Drivers/lvgl/src/draw/sw/../../misc/lv_area.h **** }
 127:Drivers/lvgl/src/draw/sw/../../misc/lv_area.h **** 
 128:Drivers/lvgl/src/draw/sw/../../misc/lv_area.h **** /**
 129:Drivers/lvgl/src/draw/sw/../../misc/lv_area.h ****  * Get the height of an area
 130:Drivers/lvgl/src/draw/sw/../../misc/lv_area.h ****  * @param area_p pointer to an area
 131:Drivers/lvgl/src/draw/sw/../../misc/lv_area.h ****  * @return the height of the area (if y1 == y2 -> height = 1)
 132:Drivers/lvgl/src/draw/sw/../../misc/lv_area.h ****  */
 133:Drivers/lvgl/src/draw/sw/../../misc/lv_area.h **** static inline lv_coord_t lv_area_get_height(const lv_area_t * area_p)
 134:Drivers/lvgl/src/draw/sw/../../misc/lv_area.h **** {
 135:Drivers/lvgl/src/draw/sw/../../misc/lv_area.h ****     return (lv_coord_t)(area_p->y2 - area_p->y1 + 1);
 437              		.loc 2 135 49 view .LVU137
 438 0014 F388     		ldrh	r3, [r6, #6]
 439              	.LBE28:
 440              	.LBE27:
 441              	.LBB31:
 442              	.LBB23:
 125:Drivers/lvgl/src/draw/sw/../../misc/lv_area.h **** }
 443              		.loc 2 125 49 view .LVU138
 444 0016 801A     		subs	r0, r0, r2
 445              	.LBE23:
 446              	.LBE31:
 447              	.LBB32:
 448              	.LBB29:
 449              		.loc 2 135 49 view .LVU139
 450 0018 7288     		ldrh	r2, [r6, #2]
 451 001a 0133     		adds	r3, r3, #1
 452 001c 9B1A     		subs	r3, r3, r2
 453              	.LBE29:
 454              	.LBE32:
 122:Drivers/lvgl/src/draw/sw/lv_draw_sw_layer.c ****     img.header.w = lv_area_get_width(draw_ctx->buf_area);
 455              		.loc 1 122 28 view .LVU140
 456 001e C0F30A00 		ubfx	r0, r0, #0, #11
 457 0022 5B05     		lsls	r3, r3, #21
 458 0024 43EA8023 		orr	r3, r3, r0, lsl #10
 124:Drivers/lvgl/src/draw/sw/lv_draw_sw_layer.c ****     img.header.h = lv_area_get_height(draw_ctx->buf_area);
 125:Drivers/lvgl/src/draw/sw/lv_draw_sw_layer.c ****     img.header.cf = layer_sw_ctx->has_alpha ? LV_IMG_CF_TRUE_COLOR_ALPHA : LV_IMG_CF_TRUE_COLOR;
 459              		.loc 1 125 74 view .LVU141
 460 0028 91F92B00 		ldrsb	r0, [r1, #43]
 461 002c 0028     		cmp	r0, #0
 122:Drivers/lvgl/src/draw/sw/lv_draw_sw_layer.c ****     img.header.w = lv_area_get_width(draw_ctx->buf_area);
 462              		.loc 1 122 28 view .LVU142
 463 002e 0398     		ldr	r0, [sp, #12]
 464 0030 40F21F32 		movw	r2, #799
 465 0034 02EA0002 		and	r2, r2, r0
 466 0038 43EA0203 		orr	r3, r3, r2
 467              		.loc 1 125 74 view .LVU143
 468 003c B4BF     		ite	lt
 469 003e 0520     		movlt	r0, #5
 470 0040 0420     		movge	r0, #4
 122:Drivers/lvgl/src/draw/sw/lv_draw_sw_layer.c ****     img.header.w = lv_area_get_width(draw_ctx->buf_area);
 471              		.loc 1 122 28 view .LVU144
 472 0042 0393     		str	r3, [sp, #12]
ARM GAS  /var/folders/0z/tsy30v1j4xl4_7kw94k978ww0000gn/T//ccdsSYQA.s 			page 15


 473              		.loc 1 125 19 view .LVU145
 474 0044 8DF80C00 		strb	r0, [sp, #12]
 126:Drivers/lvgl/src/draw/sw/lv_draw_sw_layer.c **** 
 127:Drivers/lvgl/src/draw/sw/lv_draw_sw_layer.c ****     /*Restore the original draw_ctx*/
 128:Drivers/lvgl/src/draw/sw/lv_draw_sw_layer.c ****     draw_ctx->buf = layer_ctx->original.buf;
 475              		.loc 1 128 40 view .LVU146
 476 0048 D1E90730 		ldrd	r3, r0, [r1, #28]
 477 004c 8A69     		ldr	r2, [r1, #24]
 478              		.loc 1 128 19 view .LVU147
 479 004e A260     		str	r2, [r4, #8]
 480 0050 C4E90003 		strd	r0, r3, [r4]
 117:Drivers/lvgl/src/draw/sw/lv_draw_sw_layer.c ****     lv_draw_sw_layer_ctx_t * layer_sw_ctx = (lv_draw_sw_layer_ctx_t *) layer_ctx;
 481              		.loc 1 117 1 view .LVU148
 482 0054 0D46     		mov	r5, r1
 483              	.LVL33:
 120:Drivers/lvgl/src/draw/sw/lv_draw_sw_layer.c ****     img.data = draw_ctx->buf;
 484              		.loc 1 120 5 is_stmt 1 view .LVU149
 121:Drivers/lvgl/src/draw/sw/lv_draw_sw_layer.c ****     img.header.always_zero = 0;
 485              		.loc 1 121 5 view .LVU150
 122:Drivers/lvgl/src/draw/sw/lv_draw_sw_layer.c ****     img.header.w = lv_area_get_width(draw_ctx->buf_area);
 486              		.loc 1 122 5 view .LVU151
 123:Drivers/lvgl/src/draw/sw/lv_draw_sw_layer.c ****     img.header.h = lv_area_get_height(draw_ctx->buf_area);
 487              		.loc 1 123 5 view .LVU152
 488              	.LBB33:
 489              	.LBI19:
 123:Drivers/lvgl/src/draw/sw/../../misc/lv_area.h **** {
 490              		.loc 2 123 26 view .LVU153
 491              	.LBB24:
 125:Drivers/lvgl/src/draw/sw/../../misc/lv_area.h **** }
 492              		.loc 2 125 5 view .LVU154
 125:Drivers/lvgl/src/draw/sw/../../misc/lv_area.h **** }
 493              		.loc 2 125 5 is_stmt 0 view .LVU155
 494              	.LBE24:
 495              	.LBE33:
 124:Drivers/lvgl/src/draw/sw/lv_draw_sw_layer.c ****     img.header.cf = layer_sw_ctx->has_alpha ? LV_IMG_CF_TRUE_COLOR_ALPHA : LV_IMG_CF_TRUE_COLOR;
 496              		.loc 1 124 5 is_stmt 1 view .LVU156
 497              	.LBB34:
 498              	.LBI27:
 133:Drivers/lvgl/src/draw/sw/../../misc/lv_area.h **** {
 499              		.loc 2 133 26 view .LVU157
 500              	.LBB30:
 501              		.loc 2 135 5 view .LVU158
 502              		.loc 2 135 5 is_stmt 0 view .LVU159
 503              	.LBE30:
 504              	.LBE34:
 125:Drivers/lvgl/src/draw/sw/lv_draw_sw_layer.c **** 
 505              		.loc 1 125 5 is_stmt 1 view .LVU160
 506              		.loc 1 128 5 view .LVU161
 129:Drivers/lvgl/src/draw/sw/lv_draw_sw_layer.c ****     draw_ctx->buf_area = layer_ctx->original.buf_area;
 507              		.loc 1 129 5 view .LVU162
 130:Drivers/lvgl/src/draw/sw/lv_draw_sw_layer.c ****     draw_ctx->clip_area = layer_ctx->original.clip_area;
 508              		.loc 1 130 5 view .LVU163
 131:Drivers/lvgl/src/draw/sw/lv_draw_sw_layer.c ****     lv_disp_t * disp_refr = _lv_refr_get_disp_refreshing();
 509              		.loc 1 131 5 view .LVU164
 510              		.loc 1 131 29 is_stmt 0 view .LVU165
 511 0056 FFF7FEFF 		bl	_lv_refr_get_disp_refreshing
 512              	.LVL34:
ARM GAS  /var/folders/0z/tsy30v1j4xl4_7kw94k978ww0000gn/T//ccdsSYQA.s 			page 16


 132:Drivers/lvgl/src/draw/sw/lv_draw_sw_layer.c ****     disp_refr->driver->screen_transp = layer_ctx->original.screen_transp;
 513              		.loc 1 132 5 is_stmt 1 view .LVU166
 514              		.loc 1 132 38 is_stmt 0 view .LVU167
 515 005a 0368     		ldr	r3, [r0]
 516 005c 95F82420 		ldrb	r2, [r5, #36]	@ zero_extendqisi2
 517 0060 187C     		ldrb	r0, [r3, #16]	@ zero_extendqisi2
 518              	.LVL35:
 133:Drivers/lvgl/src/draw/sw/lv_draw_sw_layer.c **** 
 134:Drivers/lvgl/src/draw/sw/lv_draw_sw_layer.c ****     /*Blend the layer*/
 135:Drivers/lvgl/src/draw/sw/lv_draw_sw_layer.c ****     lv_draw_img(draw_ctx, draw_dsc, &layer_ctx->area_act, &img);
 519              		.loc 1 135 5 view .LVU168
 520 0062 0199     		ldr	r1, [sp, #4]
 132:Drivers/lvgl/src/draw/sw/lv_draw_sw_layer.c ****     disp_refr->driver->screen_transp = layer_ctx->original.screen_transp;
 521              		.loc 1 132 38 view .LVU169
 522 0064 62F38610 		bfi	r0, r2, #6, #1
 523 0068 1874     		strb	r0, [r3, #16]
 524              		.loc 1 135 5 is_stmt 1 view .LVU170
 525 006a 05F10802 		add	r2, r5, #8
 526 006e 03AB     		add	r3, sp, #12
 527 0070 2046     		mov	r0, r4
 528 0072 FFF7FEFF 		bl	lv_draw_img
 529              	.LVL36:
 136:Drivers/lvgl/src/draw/sw/lv_draw_sw_layer.c ****     lv_draw_wait_for_finish(draw_ctx);
 530              		.loc 1 136 5 view .LVU171
 531 0076 2046     		mov	r0, r4
 532 0078 FFF7FEFF 		bl	lv_draw_wait_for_finish
 533              	.LVL37:
 137:Drivers/lvgl/src/draw/sw/lv_draw_sw_layer.c ****     lv_img_cache_invalidate_src(&img);
 534              		.loc 1 137 5 view .LVU172
 535 007c 03A8     		add	r0, sp, #12
 536 007e FFF7FEFF 		bl	lv_img_cache_invalidate_src
 537              	.LVL38:
 138:Drivers/lvgl/src/draw/sw/lv_draw_sw_layer.c **** }
 538              		.loc 1 138 1 is_stmt 0 view .LVU173
 539 0082 06B0     		add	sp, sp, #24
 540              		.cfi_def_cfa_offset 16
 541              		@ sp needed
 542 0084 70BD     		pop	{r4, r5, r6, pc}
 543              		.loc 1 138 1 view .LVU174
 544              		.cfi_endproc
 545              	.LFE163:
 547 0086 00BF     		.section	.text.lv_draw_sw_layer_destroy,"ax",%progbits
 548              		.align	1
 549              		.p2align 2,,3
 550              		.global	lv_draw_sw_layer_destroy
 551              		.syntax unified
 552              		.thumb
 553              		.thumb_func
 555              	lv_draw_sw_layer_destroy:
 556              	.LVL39:
 557              	.LFB164:
 139:Drivers/lvgl/src/draw/sw/lv_draw_sw_layer.c **** 
 140:Drivers/lvgl/src/draw/sw/lv_draw_sw_layer.c **** void lv_draw_sw_layer_destroy(lv_draw_ctx_t * draw_ctx, lv_draw_layer_ctx_t * layer_ctx)
 141:Drivers/lvgl/src/draw/sw/lv_draw_sw_layer.c **** {
 558              		.loc 1 141 1 is_stmt 1 view -0
 559              		.cfi_startproc
 560              		@ args = 0, pretend = 0, frame = 0
ARM GAS  /var/folders/0z/tsy30v1j4xl4_7kw94k978ww0000gn/T//ccdsSYQA.s 			page 17


 561              		@ frame_needed = 0, uses_anonymous_args = 0
 562              		@ link register save eliminated.
 142:Drivers/lvgl/src/draw/sw/lv_draw_sw_layer.c ****     LV_UNUSED(draw_ctx);
 563              		.loc 1 142 5 view .LVU176
 143:Drivers/lvgl/src/draw/sw/lv_draw_sw_layer.c **** 
 144:Drivers/lvgl/src/draw/sw/lv_draw_sw_layer.c ****     lv_mem_free(layer_ctx->buf);
 564              		.loc 1 144 5 view .LVU177
 565 0000 4869     		ldr	r0, [r1, #20]
 566              	.LVL40:
 567              		.loc 1 144 5 is_stmt 0 view .LVU178
 568 0002 FFF7FEBF 		b	lv_mem_free
 569              	.LVL41:
 570              		.loc 1 144 5 view .LVU179
 571              		.cfi_endproc
 572              	.LFE164:
 574 0006 00BF     		.text
 575              	.Letext0:
 576              		.file 3 "/Users/johannes/Library/Application Support/Code/User/globalStorage/bmd.stm32-for-vscode/
 577              		.file 4 "/Users/johannes/Library/Application Support/Code/User/globalStorage/bmd.stm32-for-vscode/
 578              		.file 5 "Drivers/lvgl/src/draw/sw/../../misc/lv_types.h"
 579              		.file 6 "/Users/johannes/Library/Application Support/Code/User/globalStorage/bmd.stm32-for-vscode/
 580              		.file 7 "Drivers/lvgl/src/draw/sw/../../misc/lv_color.h"
 581              		.file 8 "Drivers/lvgl/src/draw/sw/../../misc/../font/lv_font.h"
 582              		.file 9 "Drivers/lvgl/src/draw/sw/../../misc/lv_txt.h"
 583              		.file 10 "Drivers/lvgl/src/draw/sw/../../misc/lv_bidi.h"
 584              		.file 11 "Drivers/lvgl/src/draw/sw/../../misc/lv_style.h"
 585              		.file 12 "Drivers/lvgl/src/draw/sw/../lv_img_buf.h"
 586              		.file 13 "Drivers/lvgl/src/draw/sw/../../core/lv_obj.h"
 587              		.file 14 "Drivers/lvgl/src/draw/sw/../lv_draw_rect.h"
 588              		.file 15 "Drivers/lvgl/src/draw/sw/../lv_draw_label.h"
 589              		.file 16 "Drivers/lvgl/src/draw/sw/../lv_draw_img.h"
 590              		.file 17 "Drivers/lvgl/src/draw/sw/../lv_draw_line.h"
 591              		.file 18 "Drivers/lvgl/src/draw/sw/../lv_draw_arc.h"
 592              		.file 19 "Drivers/lvgl/src/draw/sw/../lv_draw_layer.h"
 593              		.file 20 "Drivers/lvgl/src/draw/sw/../lv_draw.h"
 594              		.file 21 "Drivers/lvgl/src/draw/sw/../../hal/../misc/lv_timer.h"
 595              		.file 22 "Drivers/lvgl/src/draw/sw/../../hal/lv_hal_disp.h"
 596              		.file 23 "Drivers/lvgl/src/draw/sw/../../core/lv_group.h"
 597              		.file 24 "Drivers/lvgl/src/draw/sw/../../hal/../misc/lv_ll.h"
 598              		.file 25 "Drivers/lvgl/src/draw/sw/lv_draw_sw.h"
 599              		.file 26 "Drivers/lvgl/src/draw/sw/../../core/lv_obj_scroll.h"
 600              		.file 27 "Drivers/lvgl/src/draw/sw/../../core/lv_obj_style.h"
 601              		.file 28 "Drivers/lvgl/src/draw/sw/../../core/lv_obj_class.h"
 602              		.file 29 "Drivers/lvgl/src/draw/sw/../../core/lv_event.h"
 603              		.file 30 "Drivers/lvgl/src/draw/sw/../../misc/lv_mem.h"
 604              		.file 31 "Drivers/lvgl/src/draw/sw/../lv_img_cache.h"
 605              		.file 32 "Drivers/lvgl/src/draw/sw/../../core/lv_refr.h"
ARM GAS  /var/folders/0z/tsy30v1j4xl4_7kw94k978ww0000gn/T//ccdsSYQA.s 			page 18


DEFINED SYMBOLS
                            *ABS*:0000000000000000 lv_draw_sw_layer.c
/var/folders/0z/tsy30v1j4xl4_7kw94k978ww0000gn/T//ccdsSYQA.s:18     .text.lv_draw_sw_layer_create:0000000000000000 $t
/var/folders/0z/tsy30v1j4xl4_7kw94k978ww0000gn/T//ccdsSYQA.s:25     .text.lv_draw_sw_layer_create:0000000000000000 lv_draw_sw_layer_create
/var/folders/0z/tsy30v1j4xl4_7kw94k978ww0000gn/T//ccdsSYQA.s:278    .text.lv_draw_sw_layer_create:00000000000000fc $d
/var/folders/0z/tsy30v1j4xl4_7kw94k978ww0000gn/T//ccdsSYQA.s:283    .text.lv_draw_sw_layer_adjust:0000000000000000 $t
/var/folders/0z/tsy30v1j4xl4_7kw94k978ww0000gn/T//ccdsSYQA.s:290    .text.lv_draw_sw_layer_adjust:0000000000000000 lv_draw_sw_layer_adjust
/var/folders/0z/tsy30v1j4xl4_7kw94k978ww0000gn/T//ccdsSYQA.s:378    .text.lv_draw_sw_layer_blend:0000000000000000 $t
/var/folders/0z/tsy30v1j4xl4_7kw94k978ww0000gn/T//ccdsSYQA.s:385    .text.lv_draw_sw_layer_blend:0000000000000000 lv_draw_sw_layer_blend
/var/folders/0z/tsy30v1j4xl4_7kw94k978ww0000gn/T//ccdsSYQA.s:548    .text.lv_draw_sw_layer_destroy:0000000000000000 $t
/var/folders/0z/tsy30v1j4xl4_7kw94k978ww0000gn/T//ccdsSYQA.s:555    .text.lv_draw_sw_layer_destroy:0000000000000000 lv_draw_sw_layer_destroy

UNDEFINED SYMBOLS
lv_area_get_size
lv_mem_alloc
lv_memset_00
_lv_refr_get_disp_refreshing
lv_draw_img
lv_draw_wait_for_finish
lv_img_cache_invalidate_src
lv_mem_free
