ARM GAS  /var/folders/0z/tsy30v1j4xl4_7kw94k978ww0000gn/T//ccBCUBQI.s 			page 1


   1              		.cpu cortex-m4
   2              		.arch armv7e-m
   3              		.fpu fpv4-sp-d16
   4              		.eabi_attribute 27, 1
   5              		.eabi_attribute 28, 1
   6              		.eabi_attribute 23, 1
   7              		.eabi_attribute 24, 1
   8              		.eabi_attribute 25, 1
   9              		.eabi_attribute 26, 1
  10              		.eabi_attribute 30, 2
  11              		.eabi_attribute 34, 1
  12              		.eabi_attribute 18, 4
  13              		.file	"lv_font.c"
  14              		.text
  15              	.Ltext0:
  16              		.cfi_sections	.debug_frame
  17              		.section	.text.lv_font_get_glyph_dsc.part.0,"ax",%progbits
  18              		.align	1
  19              		.p2align 2,,3
  20              		.syntax unified
  21              		.thumb
  22              		.thumb_func
  24              	lv_font_get_glyph_dsc.part.0:
  25              	.LVL0:
  26              	.LFB10:
  27              		.file 1 "Drivers/lvgl/src/font/lv_font.c"
   1:Drivers/lvgl/src/font/lv_font.c **** /**
   2:Drivers/lvgl/src/font/lv_font.c ****  * @file lv_font.c
   3:Drivers/lvgl/src/font/lv_font.c ****  *
   4:Drivers/lvgl/src/font/lv_font.c ****  */
   5:Drivers/lvgl/src/font/lv_font.c **** 
   6:Drivers/lvgl/src/font/lv_font.c **** /*********************
   7:Drivers/lvgl/src/font/lv_font.c ****  *      INCLUDES
   8:Drivers/lvgl/src/font/lv_font.c ****  *********************/
   9:Drivers/lvgl/src/font/lv_font.c **** 
  10:Drivers/lvgl/src/font/lv_font.c **** #include "lv_font.h"
  11:Drivers/lvgl/src/font/lv_font.c **** #include "../misc/lv_utils.h"
  12:Drivers/lvgl/src/font/lv_font.c **** #include "../misc/lv_log.h"
  13:Drivers/lvgl/src/font/lv_font.c **** #include "../misc/lv_assert.h"
  14:Drivers/lvgl/src/font/lv_font.c **** 
  15:Drivers/lvgl/src/font/lv_font.c **** /*********************
  16:Drivers/lvgl/src/font/lv_font.c ****  *      DEFINES
  17:Drivers/lvgl/src/font/lv_font.c ****  *********************/
  18:Drivers/lvgl/src/font/lv_font.c **** 
  19:Drivers/lvgl/src/font/lv_font.c **** /**********************
  20:Drivers/lvgl/src/font/lv_font.c ****  *      TYPEDEFS
  21:Drivers/lvgl/src/font/lv_font.c ****  **********************/
  22:Drivers/lvgl/src/font/lv_font.c **** 
  23:Drivers/lvgl/src/font/lv_font.c **** /**********************
  24:Drivers/lvgl/src/font/lv_font.c ****  *  STATIC PROTOTYPES
  25:Drivers/lvgl/src/font/lv_font.c ****  **********************/
  26:Drivers/lvgl/src/font/lv_font.c **** 
  27:Drivers/lvgl/src/font/lv_font.c **** /**********************
  28:Drivers/lvgl/src/font/lv_font.c ****  *  STATIC VARIABLES
  29:Drivers/lvgl/src/font/lv_font.c ****  **********************/
  30:Drivers/lvgl/src/font/lv_font.c **** 
  31:Drivers/lvgl/src/font/lv_font.c **** /**********************
ARM GAS  /var/folders/0z/tsy30v1j4xl4_7kw94k978ww0000gn/T//ccBCUBQI.s 			page 2


  32:Drivers/lvgl/src/font/lv_font.c ****  * GLOBAL PROTOTYPES
  33:Drivers/lvgl/src/font/lv_font.c ****  **********************/
  34:Drivers/lvgl/src/font/lv_font.c **** 
  35:Drivers/lvgl/src/font/lv_font.c **** /**********************
  36:Drivers/lvgl/src/font/lv_font.c ****  *      MACROS
  37:Drivers/lvgl/src/font/lv_font.c ****  **********************/
  38:Drivers/lvgl/src/font/lv_font.c **** 
  39:Drivers/lvgl/src/font/lv_font.c **** /**********************
  40:Drivers/lvgl/src/font/lv_font.c ****  *   GLOBAL FUNCTIONS
  41:Drivers/lvgl/src/font/lv_font.c ****  **********************/
  42:Drivers/lvgl/src/font/lv_font.c **** 
  43:Drivers/lvgl/src/font/lv_font.c **** /**
  44:Drivers/lvgl/src/font/lv_font.c ****  * Return with the bitmap of a font.
  45:Drivers/lvgl/src/font/lv_font.c ****  * @param font_p pointer to a font
  46:Drivers/lvgl/src/font/lv_font.c ****  * @param letter a UNICODE character code
  47:Drivers/lvgl/src/font/lv_font.c ****  * @return pointer to the bitmap of the letter
  48:Drivers/lvgl/src/font/lv_font.c ****  */
  49:Drivers/lvgl/src/font/lv_font.c **** const uint8_t * lv_font_get_glyph_bitmap(const lv_font_t * font_p, uint32_t letter)
  50:Drivers/lvgl/src/font/lv_font.c **** {
  51:Drivers/lvgl/src/font/lv_font.c ****     LV_ASSERT_NULL(font_p);
  52:Drivers/lvgl/src/font/lv_font.c ****     return font_p->get_glyph_bitmap(font_p, letter);
  53:Drivers/lvgl/src/font/lv_font.c **** }
  54:Drivers/lvgl/src/font/lv_font.c **** 
  55:Drivers/lvgl/src/font/lv_font.c **** /**
  56:Drivers/lvgl/src/font/lv_font.c ****  * Get the descriptor of a glyph
  57:Drivers/lvgl/src/font/lv_font.c ****  * @param font_p pointer to font
  58:Drivers/lvgl/src/font/lv_font.c ****  * @param dsc_out store the result descriptor here
  59:Drivers/lvgl/src/font/lv_font.c ****  * @param letter a UNICODE letter code
  60:Drivers/lvgl/src/font/lv_font.c ****  * @param letter_next the next letter after `letter`. Used for kerning
  61:Drivers/lvgl/src/font/lv_font.c ****  * @return true: descriptor is successfully loaded into `dsc_out`.
  62:Drivers/lvgl/src/font/lv_font.c ****  *         false: the letter was not found, no data is loaded to `dsc_out`
  63:Drivers/lvgl/src/font/lv_font.c ****  */
  64:Drivers/lvgl/src/font/lv_font.c **** bool lv_font_get_glyph_dsc(const lv_font_t * font_p, lv_font_glyph_dsc_t * dsc_out, uint32_t letter
  28              		.loc 1 64 6 view -0
  29              		.cfi_startproc
  30              		@ args = 0, pretend = 0, frame = 0
  31              		@ frame_needed = 0, uses_anonymous_args = 0
  65:Drivers/lvgl/src/font/lv_font.c ****                            uint32_t letter_next)
  66:Drivers/lvgl/src/font/lv_font.c **** {
  67:Drivers/lvgl/src/font/lv_font.c **** 
  68:Drivers/lvgl/src/font/lv_font.c ****     LV_ASSERT_NULL(font_p);
  69:Drivers/lvgl/src/font/lv_font.c ****     LV_ASSERT_NULL(dsc_out);
  32              		.loc 1 69 5 view .LVU1
  33              		.loc 1 69 28 view .LVU2
  70:Drivers/lvgl/src/font/lv_font.c **** 
  71:Drivers/lvgl/src/font/lv_font.c **** #if LV_USE_FONT_PLACEHOLDER
  72:Drivers/lvgl/src/font/lv_font.c ****     const lv_font_t * placeholder_font = NULL;
  34              		.loc 1 72 5 view .LVU3
  73:Drivers/lvgl/src/font/lv_font.c **** #endif
  74:Drivers/lvgl/src/font/lv_font.c **** 
  75:Drivers/lvgl/src/font/lv_font.c ****     const lv_font_t * f = font_p;
  35              		.loc 1 75 5 view .LVU4
  64:Drivers/lvgl/src/font/lv_font.c ****                            uint32_t letter_next)
  36              		.loc 1 64 6 is_stmt 0 view .LVU5
  37 0000 2DE9F047 		push	{r4, r5, r6, r7, r8, r9, r10, lr}
  38              		.cfi_def_cfa_offset 32
  39              		.cfi_offset 4, -32
ARM GAS  /var/folders/0z/tsy30v1j4xl4_7kw94k978ww0000gn/T//ccBCUBQI.s 			page 3


  40              		.cfi_offset 5, -28
  41              		.cfi_offset 6, -24
  42              		.cfi_offset 7, -20
  43              		.cfi_offset 8, -16
  44              		.cfi_offset 9, -12
  45              		.cfi_offset 10, -8
  46              		.cfi_offset 14, -4
  76:Drivers/lvgl/src/font/lv_font.c **** 
  77:Drivers/lvgl/src/font/lv_font.c ****     dsc_out->resolved_font = NULL;
  47              		.loc 1 77 28 view .LVU6
  48 0004 0026     		movs	r6, #0
  64:Drivers/lvgl/src/font/lv_font.c ****                            uint32_t letter_next)
  49              		.loc 1 64 6 view .LVU7
  50 0006 0D46     		mov	r5, r1
  51              	.LVL1:
  52              		.loc 1 77 5 is_stmt 1 view .LVU8
  64:Drivers/lvgl/src/font/lv_font.c ****                            uint32_t letter_next)
  53              		.loc 1 64 6 is_stmt 0 view .LVU9
  54 0008 1746     		mov	r7, r2
  55              		.loc 1 77 28 view .LVU10
  56 000a 0E60     		str	r6, [r1]
  78:Drivers/lvgl/src/font/lv_font.c **** 
  79:Drivers/lvgl/src/font/lv_font.c ****     while(f) {
  57              		.loc 1 79 5 is_stmt 1 view .LVU11
  58              		.loc 1 79 11 view .LVU12
  59 000c 8146     		mov	r9, r0
  60 000e 10B3     		cbz	r0, .L2
  61 0010 9846     		mov	r8, r3
  72:Drivers/lvgl/src/font/lv_font.c **** #endif
  62              		.loc 1 72 23 is_stmt 0 view .LVU13
  63 0012 B246     		mov	r10, r6
  64              		.loc 1 79 11 view .LVU14
  65 0014 0446     		mov	r4, r0
  66              	.LVL2:
  67              	.L6:
  68              	.LBB5:
  80:Drivers/lvgl/src/font/lv_font.c ****         bool found = f->get_glyph_dsc(f, dsc_out, letter, letter_next);
  69              		.loc 1 80 9 is_stmt 1 view .LVU15
  70              		.loc 1 80 22 is_stmt 0 view .LVU16
  71 0016 2668     		ldr	r6, [r4]
  72 0018 2046     		mov	r0, r4
  73 001a 4346     		mov	r3, r8
  74 001c 3A46     		mov	r2, r7
  75 001e 2946     		mov	r1, r5
  76 0020 B047     		blx	r6
  77              	.LVL3:
  81:Drivers/lvgl/src/font/lv_font.c ****         if(found) {
  82:Drivers/lvgl/src/font/lv_font.c ****             if(!dsc_out->is_placeholder) {
  78              		.loc 1 82 13 is_stmt 1 view .LVU17
  83:Drivers/lvgl/src/font/lv_font.c ****                 dsc_out->resolved_font = f;
  84:Drivers/lvgl/src/font/lv_font.c ****                 return true;
  85:Drivers/lvgl/src/font/lv_font.c ****             }
  86:Drivers/lvgl/src/font/lv_font.c **** #if LV_USE_FONT_PLACEHOLDER
  87:Drivers/lvgl/src/font/lv_font.c ****             else if(placeholder_font == NULL) {
  79              		.loc 1 87 18 view .LVU18
  81:Drivers/lvgl/src/font/lv_font.c ****         if(found) {
  80              		.loc 1 81 9 view .LVU19
ARM GAS  /var/folders/0z/tsy30v1j4xl4_7kw94k978ww0000gn/T//ccBCUBQI.s 			page 4


  81:Drivers/lvgl/src/font/lv_font.c ****         if(found) {
  81              		.loc 1 81 11 is_stmt 0 view .LVU20
  82 0022 30B1     		cbz	r0, .L3
  82:Drivers/lvgl/src/font/lv_font.c ****                 dsc_out->resolved_font = f;
  83              		.loc 1 82 16 view .LVU21
  84 0024 AB7B     		ldrb	r3, [r5, #14]	@ zero_extendqisi2
  82:Drivers/lvgl/src/font/lv_font.c ****                 dsc_out->resolved_font = f;
  85              		.loc 1 82 15 view .LVU22
  86 0026 DB06     		lsls	r3, r3, #27
  87 0028 3BD5     		bpl	.L22
  88              		.loc 1 87 20 view .LVU23
  89 002a BAF1000F 		cmp	r10, #0
  90 002e 08BF     		it	eq
  91 0030 A246     		moveq	r10, r4
  92              	.LVL4:
  93              	.L3:
  88:Drivers/lvgl/src/font/lv_font.c ****                 placeholder_font = f;
  89:Drivers/lvgl/src/font/lv_font.c ****             }
  90:Drivers/lvgl/src/font/lv_font.c **** #endif
  91:Drivers/lvgl/src/font/lv_font.c ****         }
  92:Drivers/lvgl/src/font/lv_font.c ****         f = f->fallback;
  94              		.loc 1 92 9 is_stmt 1 view .LVU24
  95              		.loc 1 92 11 is_stmt 0 view .LVU25
  96 0032 6469     		ldr	r4, [r4, #20]
  97              	.LVL5:
  98              		.loc 1 92 11 view .LVU26
  99              	.LBE5:
  79:Drivers/lvgl/src/font/lv_font.c ****         bool found = f->get_glyph_dsc(f, dsc_out, letter, letter_next);
 100              		.loc 1 79 11 is_stmt 1 view .LVU27
 101 0034 002C     		cmp	r4, #0
 102 0036 EED1     		bne	.L6
  93:Drivers/lvgl/src/font/lv_font.c ****     }
  94:Drivers/lvgl/src/font/lv_font.c **** 
  95:Drivers/lvgl/src/font/lv_font.c **** #if LV_USE_FONT_PLACEHOLDER
  96:Drivers/lvgl/src/font/lv_font.c ****     if(placeholder_font != NULL) {
 103              		.loc 1 96 5 view .LVU28
 104              		.loc 1 96 7 is_stmt 0 view .LVU29
 105 0038 BAF1000F 		cmp	r10, #0
 106 003c 0BD0     		beq	.L2
  97:Drivers/lvgl/src/font/lv_font.c ****         placeholder_font->get_glyph_dsc(placeholder_font, dsc_out, letter, letter_next);
 107              		.loc 1 97 9 is_stmt 1 view .LVU30
 108 003e DAF80040 		ldr	r4, [r10]
 109              	.LVL6:
 110              		.loc 1 97 9 is_stmt 0 view .LVU31
 111 0042 4346     		mov	r3, r8
 112 0044 3A46     		mov	r2, r7
 113 0046 2946     		mov	r1, r5
 114 0048 5046     		mov	r0, r10
 115              	.LVL7:
 116              		.loc 1 97 9 view .LVU32
 117 004a A047     		blx	r4
 118              	.LVL8:
  98:Drivers/lvgl/src/font/lv_font.c ****         dsc_out->resolved_font = placeholder_font;
 119              		.loc 1 98 9 is_stmt 1 view .LVU33
 120              		.loc 1 98 32 is_stmt 0 view .LVU34
 121 004c C5F800A0 		str	r10, [r5]
  99:Drivers/lvgl/src/font/lv_font.c ****         return true;
ARM GAS  /var/folders/0z/tsy30v1j4xl4_7kw94k978ww0000gn/T//ccBCUBQI.s 			page 5


 122              		.loc 1 99 9 is_stmt 1 view .LVU35
 123              		.loc 1 99 16 is_stmt 0 view .LVU36
 124 0050 0120     		movs	r0, #1
 100:Drivers/lvgl/src/font/lv_font.c ****     }
 101:Drivers/lvgl/src/font/lv_font.c **** #endif
 102:Drivers/lvgl/src/font/lv_font.c **** 
 103:Drivers/lvgl/src/font/lv_font.c ****     if(letter < 0x20 ||
 104:Drivers/lvgl/src/font/lv_font.c ****        letter == 0xf8ff || /*LV_SYMBOL_DUMMY*/
 105:Drivers/lvgl/src/font/lv_font.c ****        letter == 0x200c) { /*ZERO WIDTH NON-JOINER*/
 106:Drivers/lvgl/src/font/lv_font.c ****         dsc_out->box_w = 0;
 107:Drivers/lvgl/src/font/lv_font.c ****         dsc_out->adv_w = 0;
 108:Drivers/lvgl/src/font/lv_font.c ****     }
 109:Drivers/lvgl/src/font/lv_font.c ****     else {
 110:Drivers/lvgl/src/font/lv_font.c **** #if LV_USE_FONT_PLACEHOLDER
 111:Drivers/lvgl/src/font/lv_font.c ****         dsc_out->box_w = font_p->line_height / 2;
 112:Drivers/lvgl/src/font/lv_font.c ****         dsc_out->adv_w = dsc_out->box_w + 2;
 113:Drivers/lvgl/src/font/lv_font.c **** #else
 114:Drivers/lvgl/src/font/lv_font.c ****         dsc_out->box_w = 0;
 115:Drivers/lvgl/src/font/lv_font.c ****         dsc_out->adv_w = 0;
 116:Drivers/lvgl/src/font/lv_font.c **** #endif
 117:Drivers/lvgl/src/font/lv_font.c ****     }
 118:Drivers/lvgl/src/font/lv_font.c **** 
 119:Drivers/lvgl/src/font/lv_font.c ****     dsc_out->resolved_font = NULL;
 120:Drivers/lvgl/src/font/lv_font.c ****     dsc_out->box_h = font_p->line_height;
 121:Drivers/lvgl/src/font/lv_font.c ****     dsc_out->ofs_x = 0;
 122:Drivers/lvgl/src/font/lv_font.c ****     dsc_out->ofs_y = 0;
 123:Drivers/lvgl/src/font/lv_font.c ****     dsc_out->bpp   = 1;
 124:Drivers/lvgl/src/font/lv_font.c ****     dsc_out->is_placeholder = true;
 125:Drivers/lvgl/src/font/lv_font.c **** 
 126:Drivers/lvgl/src/font/lv_font.c ****     return false;
 127:Drivers/lvgl/src/font/lv_font.c **** }
 125              		.loc 1 127 1 view .LVU37
 126 0052 BDE8F087 		pop	{r4, r5, r6, r7, r8, r9, r10, pc}
 127              	.LVL9:
 128              	.L2:
 103:Drivers/lvgl/src/font/lv_font.c ****        letter == 0xf8ff || /*LV_SYMBOL_DUMMY*/
 129              		.loc 1 103 5 is_stmt 1 view .LVU38
 103:Drivers/lvgl/src/font/lv_font.c ****        letter == 0xf8ff || /*LV_SYMBOL_DUMMY*/
 130              		.loc 1 103 7 is_stmt 0 view .LVU39
 131 0056 1F2F     		cmp	r7, #31
 132 0058 10D9     		bls	.L9
 103:Drivers/lvgl/src/font/lv_font.c ****        letter == 0xf8ff || /*LV_SYMBOL_DUMMY*/
 133              		.loc 1 103 22 view .LVU40
 134 005a 4FF6FF03 		movw	r3, #63743
 135 005e 9F42     		cmp	r7, r3
 136 0060 0CD0     		beq	.L9
 104:Drivers/lvgl/src/font/lv_font.c ****        letter == 0x200c) { /*ZERO WIDTH NON-JOINER*/
 137              		.loc 1 104 25 view .LVU41
 138 0062 42F20C03 		movw	r3, #8204
 139 0066 9F42     		cmp	r7, r3
 140 0068 08D0     		beq	.L9
 111:Drivers/lvgl/src/font/lv_font.c ****         dsc_out->adv_w = dsc_out->box_w + 2;
 141              		.loc 1 111 9 is_stmt 1 view .LVU42
 111:Drivers/lvgl/src/font/lv_font.c ****         dsc_out->adv_w = dsc_out->box_w + 2;
 142              		.loc 1 111 32 is_stmt 0 view .LVU43
 143 006a B9F90840 		ldrsh	r4, [r9, #8]
 111:Drivers/lvgl/src/font/lv_font.c ****         dsc_out->adv_w = dsc_out->box_w + 2;
ARM GAS  /var/folders/0z/tsy30v1j4xl4_7kw94k978ww0000gn/T//ccBCUBQI.s 			page 6


 144              		.loc 1 111 24 view .LVU44
 145 006e 04EBD471 		add	r1, r4, r4, lsr #31
 146 0072 C1F34F01 		ubfx	r1, r1, #1, #16
 112:Drivers/lvgl/src/font/lv_font.c **** #else
 147              		.loc 1 112 9 is_stmt 1 view .LVU45
 112:Drivers/lvgl/src/font/lv_font.c **** #else
 148              		.loc 1 112 41 is_stmt 0 view .LVU46
 149 0076 8A1C     		adds	r2, r1, #2
 150 0078 92B2     		uxth	r2, r2
 151 007a 03E0     		b	.L8
 152              	.L9:
 107:Drivers/lvgl/src/font/lv_font.c ****     }
 153              		.loc 1 107 24 view .LVU47
 154 007c 0022     		movs	r2, #0
 111:Drivers/lvgl/src/font/lv_font.c ****         dsc_out->adv_w = dsc_out->box_w + 2;
 155              		.loc 1 111 32 view .LVU48
 156 007e B9F90840 		ldrsh	r4, [r9, #8]
 106:Drivers/lvgl/src/font/lv_font.c ****         dsc_out->adv_w = 0;
 157              		.loc 1 106 24 view .LVU49
 158 0082 1146     		mov	r1, r2
 159              	.L8:
 123:Drivers/lvgl/src/font/lv_font.c ****     dsc_out->is_placeholder = true;
 160              		.loc 1 123 20 view .LVU50
 161 0084 AB7B     		ldrb	r3, [r5, #14]	@ zero_extendqisi2
 120:Drivers/lvgl/src/font/lv_font.c ****     dsc_out->ofs_x = 0;
 162              		.loc 1 120 20 view .LVU51
 163 0086 2C81     		strh	r4, [r5, #8]	@ movhi
 123:Drivers/lvgl/src/font/lv_font.c ****     dsc_out->is_placeholder = true;
 164              		.loc 1 123 20 view .LVU52
 165 0088 23F01F03 		bic	r3, r3, #31
 119:Drivers/lvgl/src/font/lv_font.c ****     dsc_out->box_h = font_p->line_height;
 166              		.loc 1 119 28 view .LVU53
 167 008c 0020     		movs	r0, #0
 123:Drivers/lvgl/src/font/lv_font.c ****     dsc_out->is_placeholder = true;
 168              		.loc 1 123 20 view .LVU54
 169 008e 43F01103 		orr	r3, r3, #17
 170 0092 AA80     		strh	r2, [r5, #4]	@ movhi
 171 0094 E980     		strh	r1, [r5, #6]	@ movhi
 119:Drivers/lvgl/src/font/lv_font.c ****     dsc_out->box_h = font_p->line_height;
 172              		.loc 1 119 5 is_stmt 1 view .LVU55
 119:Drivers/lvgl/src/font/lv_font.c ****     dsc_out->box_h = font_p->line_height;
 173              		.loc 1 119 28 is_stmt 0 view .LVU56
 174 0096 2860     		str	r0, [r5]
 120:Drivers/lvgl/src/font/lv_font.c ****     dsc_out->ofs_x = 0;
 175              		.loc 1 120 5 is_stmt 1 view .LVU57
 121:Drivers/lvgl/src/font/lv_font.c ****     dsc_out->ofs_y = 0;
 176              		.loc 1 121 5 view .LVU58
 122:Drivers/lvgl/src/font/lv_font.c ****     dsc_out->bpp   = 1;
 177              		.loc 1 122 5 view .LVU59
 123:Drivers/lvgl/src/font/lv_font.c ****     dsc_out->is_placeholder = true;
 178              		.loc 1 123 5 view .LVU60
 124:Drivers/lvgl/src/font/lv_font.c **** 
 179              		.loc 1 124 5 view .LVU61
 121:Drivers/lvgl/src/font/lv_font.c ****     dsc_out->ofs_y = 0;
 180              		.loc 1 121 20 is_stmt 0 view .LVU62
 181 0098 C5F80A00 		str	r0, [r5, #10]	@ unaligned
 123:Drivers/lvgl/src/font/lv_font.c ****     dsc_out->is_placeholder = true;
ARM GAS  /var/folders/0z/tsy30v1j4xl4_7kw94k978ww0000gn/T//ccBCUBQI.s 			page 7


 182              		.loc 1 123 20 view .LVU63
 183 009c AB73     		strb	r3, [r5, #14]
 126:Drivers/lvgl/src/font/lv_font.c **** }
 184              		.loc 1 126 5 is_stmt 1 view .LVU64
 185              		.loc 1 127 1 is_stmt 0 view .LVU65
 186 009e BDE8F087 		pop	{r4, r5, r6, r7, r8, r9, r10, pc}
 187              	.LVL10:
 188              	.L22:
 189              	.LBB6:
  83:Drivers/lvgl/src/font/lv_font.c ****                 return true;
 190              		.loc 1 83 17 is_stmt 1 view .LVU66
  83:Drivers/lvgl/src/font/lv_font.c ****                 return true;
 191              		.loc 1 83 40 is_stmt 0 view .LVU67
 192 00a2 2C60     		str	r4, [r5]
  84:Drivers/lvgl/src/font/lv_font.c ****             }
 193              		.loc 1 84 17 is_stmt 1 view .LVU68
 194              	.LBE6:
 195              		.loc 1 127 1 is_stmt 0 view .LVU69
 196 00a4 BDE8F087 		pop	{r4, r5, r6, r7, r8, r9, r10, pc}
 197              		.loc 1 127 1 view .LVU70
 198              		.cfi_endproc
 199              	.LFE10:
 201              		.section	.text.lv_font_get_glyph_bitmap,"ax",%progbits
 202              		.align	1
 203              		.p2align 2,,3
 204              		.global	lv_font_get_glyph_bitmap
 205              		.syntax unified
 206              		.thumb
 207              		.thumb_func
 209              	lv_font_get_glyph_bitmap:
 210              	.LVL11:
 211              	.LFB7:
  50:Drivers/lvgl/src/font/lv_font.c ****     LV_ASSERT_NULL(font_p);
 212              		.loc 1 50 1 is_stmt 1 view -0
 213              		.cfi_startproc
 214              		@ args = 0, pretend = 0, frame = 0
 215              		@ frame_needed = 0, uses_anonymous_args = 0
 216              		@ link register save eliminated.
  51:Drivers/lvgl/src/font/lv_font.c ****     return font_p->get_glyph_bitmap(font_p, letter);
 217              		.loc 1 51 5 view .LVU72
  51:Drivers/lvgl/src/font/lv_font.c ****     return font_p->get_glyph_bitmap(font_p, letter);
 218              		.loc 1 51 5 view .LVU73
 219 0000 08B1     		cbz	r0, .L25
  51:Drivers/lvgl/src/font/lv_font.c ****     return font_p->get_glyph_bitmap(font_p, letter);
 220              		.loc 1 51 5 discriminator 2 view .LVU74
  51:Drivers/lvgl/src/font/lv_font.c ****     return font_p->get_glyph_bitmap(font_p, letter);
 221              		.loc 1 51 27 discriminator 2 view .LVU75
  52:Drivers/lvgl/src/font/lv_font.c **** }
 222              		.loc 1 52 5 discriminator 2 view .LVU76
  52:Drivers/lvgl/src/font/lv_font.c **** }
 223              		.loc 1 52 12 is_stmt 0 discriminator 2 view .LVU77
 224 0002 4368     		ldr	r3, [r0, #4]
 225 0004 1847     		bx	r3
 226              	.LVL12:
 227              	.L25:
  51:Drivers/lvgl/src/font/lv_font.c ****     return font_p->get_glyph_bitmap(font_p, letter);
 228              		.loc 1 51 5 is_stmt 1 discriminator 1 view .LVU78
ARM GAS  /var/folders/0z/tsy30v1j4xl4_7kw94k978ww0000gn/T//ccBCUBQI.s 			page 8


  51:Drivers/lvgl/src/font/lv_font.c ****     return font_p->get_glyph_bitmap(font_p, letter);
 229              		.loc 1 51 5 discriminator 1 view .LVU79
  51:Drivers/lvgl/src/font/lv_font.c ****     return font_p->get_glyph_bitmap(font_p, letter);
 230              		.loc 1 51 5 discriminator 1 view .LVU80
  51:Drivers/lvgl/src/font/lv_font.c ****     return font_p->get_glyph_bitmap(font_p, letter);
 231              		.loc 1 51 5 discriminator 1 view .LVU81
  51:Drivers/lvgl/src/font/lv_font.c ****     return font_p->get_glyph_bitmap(font_p, letter);
 232              		.loc 1 51 5 discriminator 1 view .LVU82
  51:Drivers/lvgl/src/font/lv_font.c ****     return font_p->get_glyph_bitmap(font_p, letter);
 233              		.loc 1 51 5 discriminator 1 view .LVU83
  51:Drivers/lvgl/src/font/lv_font.c ****     return font_p->get_glyph_bitmap(font_p, letter);
 234              		.loc 1 51 5 discriminator 1 view .LVU84
  51:Drivers/lvgl/src/font/lv_font.c ****     return font_p->get_glyph_bitmap(font_p, letter);
 235              		.loc 1 51 5 discriminator 1 view .LVU85
  51:Drivers/lvgl/src/font/lv_font.c ****     return font_p->get_glyph_bitmap(font_p, letter);
 236              		.loc 1 51 5 discriminator 1 view .LVU86
  51:Drivers/lvgl/src/font/lv_font.c ****     return font_p->get_glyph_bitmap(font_p, letter);
 237              		.loc 1 51 5 discriminator 1 view .LVU87
 238 0006 FEE7     		b	.L25
 239              		.cfi_endproc
 240              	.LFE7:
 242              		.section	.text.lv_font_get_glyph_dsc,"ax",%progbits
 243              		.align	1
 244              		.p2align 2,,3
 245              		.global	lv_font_get_glyph_dsc
 246              		.syntax unified
 247              		.thumb
 248              		.thumb_func
 250              	lv_font_get_glyph_dsc:
 251              	.LVL13:
 252              	.LFB8:
  66:Drivers/lvgl/src/font/lv_font.c **** 
 253              		.loc 1 66 1 view -0
 254              		.cfi_startproc
 255              		@ args = 0, pretend = 0, frame = 0
 256              		@ frame_needed = 0, uses_anonymous_args = 0
 257              		@ link register save eliminated.
  68:Drivers/lvgl/src/font/lv_font.c ****     LV_ASSERT_NULL(dsc_out);
 258              		.loc 1 68 5 view .LVU89
  68:Drivers/lvgl/src/font/lv_font.c ****     LV_ASSERT_NULL(dsc_out);
 259              		.loc 1 68 5 view .LVU90
 260 0000 28B1     		cbz	r0, .L28
  68:Drivers/lvgl/src/font/lv_font.c ****     LV_ASSERT_NULL(dsc_out);
 261              		.loc 1 68 5 discriminator 2 view .LVU91
  68:Drivers/lvgl/src/font/lv_font.c ****     LV_ASSERT_NULL(dsc_out);
 262              		.loc 1 68 27 discriminator 2 view .LVU92
  69:Drivers/lvgl/src/font/lv_font.c **** 
 263              		.loc 1 69 5 discriminator 2 view .LVU93
  69:Drivers/lvgl/src/font/lv_font.c **** 
 264              		.loc 1 69 5 discriminator 2 view .LVU94
  66:Drivers/lvgl/src/font/lv_font.c **** 
 265              		.loc 1 66 1 is_stmt 0 discriminator 2 view .LVU95
 266 0002 10B4     		push	{r4}
 267              		.cfi_def_cfa_offset 4
 268              		.cfi_offset 4, -4
  69:Drivers/lvgl/src/font/lv_font.c **** 
 269              		.loc 1 69 5 discriminator 2 view .LVU96
ARM GAS  /var/folders/0z/tsy30v1j4xl4_7kw94k978ww0000gn/T//ccBCUBQI.s 			page 9


 270 0004 21B1     		cbz	r1, .L30
 271              		.loc 1 127 1 discriminator 2 view .LVU97
 272 0006 5DF8044B 		ldr	r4, [sp], #4
 273              		.cfi_restore 4
 274              		.cfi_def_cfa_offset 0
 275 000a FFF7FEBF 		b	lv_font_get_glyph_dsc.part.0
 276              	.LVL14:
 277              	.L28:
  68:Drivers/lvgl/src/font/lv_font.c ****     LV_ASSERT_NULL(dsc_out);
 278              		.loc 1 68 5 is_stmt 1 discriminator 1 view .LVU98
  68:Drivers/lvgl/src/font/lv_font.c ****     LV_ASSERT_NULL(dsc_out);
 279              		.loc 1 68 5 discriminator 1 view .LVU99
  68:Drivers/lvgl/src/font/lv_font.c ****     LV_ASSERT_NULL(dsc_out);
 280              		.loc 1 68 5 discriminator 1 view .LVU100
  68:Drivers/lvgl/src/font/lv_font.c ****     LV_ASSERT_NULL(dsc_out);
 281              		.loc 1 68 5 discriminator 1 view .LVU101
  68:Drivers/lvgl/src/font/lv_font.c ****     LV_ASSERT_NULL(dsc_out);
 282              		.loc 1 68 5 discriminator 1 view .LVU102
  68:Drivers/lvgl/src/font/lv_font.c ****     LV_ASSERT_NULL(dsc_out);
 283              		.loc 1 68 5 discriminator 1 view .LVU103
  68:Drivers/lvgl/src/font/lv_font.c ****     LV_ASSERT_NULL(dsc_out);
 284              		.loc 1 68 5 discriminator 1 view .LVU104
  68:Drivers/lvgl/src/font/lv_font.c ****     LV_ASSERT_NULL(dsc_out);
 285              		.loc 1 68 5 discriminator 1 view .LVU105
  68:Drivers/lvgl/src/font/lv_font.c ****     LV_ASSERT_NULL(dsc_out);
 286              		.loc 1 68 5 discriminator 1 view .LVU106
  68:Drivers/lvgl/src/font/lv_font.c ****     LV_ASSERT_NULL(dsc_out);
 287              		.loc 1 68 5 discriminator 1 view .LVU107
 288 000e FEE7     		b	.L28
 289              	.L30:
 290              		.cfi_def_cfa_offset 4
 291              		.cfi_offset 4, -4
  69:Drivers/lvgl/src/font/lv_font.c **** 
 292              		.loc 1 69 5 discriminator 2 view .LVU108
  69:Drivers/lvgl/src/font/lv_font.c **** 
 293              		.loc 1 69 5 discriminator 2 view .LVU109
  69:Drivers/lvgl/src/font/lv_font.c **** 
 294              		.loc 1 69 5 discriminator 2 view .LVU110
  69:Drivers/lvgl/src/font/lv_font.c **** 
 295              		.loc 1 69 5 discriminator 2 view .LVU111
  69:Drivers/lvgl/src/font/lv_font.c **** 
 296              		.loc 1 69 5 discriminator 2 view .LVU112
  69:Drivers/lvgl/src/font/lv_font.c **** 
 297              		.loc 1 69 5 discriminator 2 view .LVU113
  69:Drivers/lvgl/src/font/lv_font.c **** 
 298              		.loc 1 69 5 discriminator 2 view .LVU114
  69:Drivers/lvgl/src/font/lv_font.c **** 
 299              		.loc 1 69 5 discriminator 2 view .LVU115
  69:Drivers/lvgl/src/font/lv_font.c **** 
 300              		.loc 1 69 5 discriminator 2 view .LVU116
  69:Drivers/lvgl/src/font/lv_font.c **** 
 301              		.loc 1 69 5 discriminator 2 view .LVU117
 302 0010 FEE7     		b	.L30
 303              		.cfi_endproc
 304              	.LFE8:
 306 0012 00BF     		.section	.text.lv_font_get_glyph_width,"ax",%progbits
 307              		.align	1
ARM GAS  /var/folders/0z/tsy30v1j4xl4_7kw94k978ww0000gn/T//ccBCUBQI.s 			page 10


 308              		.p2align 2,,3
 309              		.global	lv_font_get_glyph_width
 310              		.syntax unified
 311              		.thumb
 312              		.thumb_func
 314              	lv_font_get_glyph_width:
 315              	.LVL15:
 316              	.LFB9:
 128:Drivers/lvgl/src/font/lv_font.c **** 
 129:Drivers/lvgl/src/font/lv_font.c **** /**
 130:Drivers/lvgl/src/font/lv_font.c ****  * Get the width of a glyph with kerning
 131:Drivers/lvgl/src/font/lv_font.c ****  * @param font pointer to a font
 132:Drivers/lvgl/src/font/lv_font.c ****  * @param letter a UNICODE letter
 133:Drivers/lvgl/src/font/lv_font.c ****  * @param letter_next the next letter after `letter`. Used for kerning
 134:Drivers/lvgl/src/font/lv_font.c ****  * @return the width of the glyph
 135:Drivers/lvgl/src/font/lv_font.c ****  */
 136:Drivers/lvgl/src/font/lv_font.c **** uint16_t lv_font_get_glyph_width(const lv_font_t * font, uint32_t letter, uint32_t letter_next)
 137:Drivers/lvgl/src/font/lv_font.c **** {
 317              		.loc 1 137 1 view -0
 318              		.cfi_startproc
 319              		@ args = 0, pretend = 0, frame = 16
 320              		@ frame_needed = 0, uses_anonymous_args = 0
 138:Drivers/lvgl/src/font/lv_font.c ****     LV_ASSERT_NULL(font);
 321              		.loc 1 138 5 view .LVU119
 322              		.loc 1 138 5 view .LVU120
 323 0000 58B1     		cbz	r0, .L35
 324              		.loc 1 138 5 view .LVU121
 325              		.loc 1 138 25 view .LVU122
 139:Drivers/lvgl/src/font/lv_font.c ****     lv_font_glyph_dsc_t g;
 326              		.loc 1 139 5 view .LVU123
 140:Drivers/lvgl/src/font/lv_font.c ****     lv_font_get_glyph_dsc(font, &g, letter, letter_next);
 327              		.loc 1 140 5 view .LVU124
 328              	.LVL16:
 137:Drivers/lvgl/src/font/lv_font.c ****     LV_ASSERT_NULL(font);
 329              		.loc 1 137 1 is_stmt 0 view .LVU125
 330 0002 00B5     		push	{lr}
 331              		.cfi_def_cfa_offset 4
 332              		.cfi_offset 14, -4
 333 0004 85B0     		sub	sp, sp, #20
 334              		.cfi_def_cfa_offset 24
 335              	.LVL17:
 137:Drivers/lvgl/src/font/lv_font.c ****     LV_ASSERT_NULL(font);
 336              		.loc 1 137 1 view .LVU126
 337 0006 1346     		mov	r3, r2
 338              	.LVL18:
 339              	.LBB7:
 340              	.LBI7:
  64:Drivers/lvgl/src/font/lv_font.c ****                            uint32_t letter_next)
 341              		.loc 1 64 6 is_stmt 1 view .LVU127
 342              	.LBB8:
  68:Drivers/lvgl/src/font/lv_font.c ****     LV_ASSERT_NULL(dsc_out);
 343              		.loc 1 68 5 view .LVU128
  68:Drivers/lvgl/src/font/lv_font.c ****     LV_ASSERT_NULL(dsc_out);
 344              		.loc 1 68 5 view .LVU129
  68:Drivers/lvgl/src/font/lv_font.c ****     LV_ASSERT_NULL(dsc_out);
 345              		.loc 1 68 5 view .LVU130
  68:Drivers/lvgl/src/font/lv_font.c ****     LV_ASSERT_NULL(dsc_out);
ARM GAS  /var/folders/0z/tsy30v1j4xl4_7kw94k978ww0000gn/T//ccBCUBQI.s 			page 11


 346              		.loc 1 68 27 view .LVU131
  69:Drivers/lvgl/src/font/lv_font.c **** 
 347              		.loc 1 69 5 view .LVU132
  69:Drivers/lvgl/src/font/lv_font.c **** 
 348              		.loc 1 69 5 view .LVU133
 349 0008 0A46     		mov	r2, r1
 350              	.LVL19:
  69:Drivers/lvgl/src/font/lv_font.c **** 
 351              		.loc 1 69 5 is_stmt 0 view .LVU134
 352 000a 6946     		mov	r1, sp
 353              	.LVL20:
  69:Drivers/lvgl/src/font/lv_font.c **** 
 354              		.loc 1 69 5 view .LVU135
 355 000c FFF7FEFF 		bl	lv_font_get_glyph_dsc.part.0
 356              	.LVL21:
  69:Drivers/lvgl/src/font/lv_font.c **** 
 357              		.loc 1 69 5 view .LVU136
 358              	.LBE8:
 359              	.LBE7:
 141:Drivers/lvgl/src/font/lv_font.c ****     return g.adv_w;
 360              		.loc 1 141 5 is_stmt 1 view .LVU137
 142:Drivers/lvgl/src/font/lv_font.c **** }
 361              		.loc 1 142 1 is_stmt 0 view .LVU138
 362 0010 BDF80400 		ldrh	r0, [sp, #4]
 363 0014 05B0     		add	sp, sp, #20
 364              		.cfi_def_cfa_offset 4
 365              		@ sp needed
 366 0016 5DF804FB 		ldr	pc, [sp], #4
 367              	.LVL22:
 368              	.L35:
 369              		.cfi_def_cfa_offset 0
 370              		.cfi_restore 14
 138:Drivers/lvgl/src/font/lv_font.c ****     lv_font_glyph_dsc_t g;
 371              		.loc 1 138 5 is_stmt 1 discriminator 1 view .LVU139
 138:Drivers/lvgl/src/font/lv_font.c ****     lv_font_glyph_dsc_t g;
 372              		.loc 1 138 5 discriminator 1 view .LVU140
 138:Drivers/lvgl/src/font/lv_font.c ****     lv_font_glyph_dsc_t g;
 373              		.loc 1 138 5 discriminator 1 view .LVU141
 138:Drivers/lvgl/src/font/lv_font.c ****     lv_font_glyph_dsc_t g;
 374              		.loc 1 138 5 discriminator 1 view .LVU142
 138:Drivers/lvgl/src/font/lv_font.c ****     lv_font_glyph_dsc_t g;
 375              		.loc 1 138 5 discriminator 1 view .LVU143
 138:Drivers/lvgl/src/font/lv_font.c ****     lv_font_glyph_dsc_t g;
 376              		.loc 1 138 5 discriminator 1 view .LVU144
 138:Drivers/lvgl/src/font/lv_font.c ****     lv_font_glyph_dsc_t g;
 377              		.loc 1 138 5 discriminator 1 view .LVU145
 138:Drivers/lvgl/src/font/lv_font.c ****     lv_font_glyph_dsc_t g;
 378              		.loc 1 138 5 discriminator 1 view .LVU146
 138:Drivers/lvgl/src/font/lv_font.c ****     lv_font_glyph_dsc_t g;
 379              		.loc 1 138 5 discriminator 1 view .LVU147
 138:Drivers/lvgl/src/font/lv_font.c ****     lv_font_glyph_dsc_t g;
 380              		.loc 1 138 5 discriminator 1 view .LVU148
 381 001a FEE7     		b	.L35
 382              		.cfi_endproc
 383              	.LFE9:
 385              		.text
 386              	.Letext0:
ARM GAS  /var/folders/0z/tsy30v1j4xl4_7kw94k978ww0000gn/T//ccBCUBQI.s 			page 12


 387              		.file 2 "/Users/johannes/Library/Application Support/Code/User/globalStorage/bmd.stm32-for-vscode/
 388              		.file 3 "/Users/johannes/Library/Application Support/Code/User/globalStorage/bmd.stm32-for-vscode/
 389              		.file 4 "Drivers/lvgl/src/font/../misc/lv_area.h"
 390              		.file 5 "Drivers/lvgl/src/font/lv_font.h"
ARM GAS  /var/folders/0z/tsy30v1j4xl4_7kw94k978ww0000gn/T//ccBCUBQI.s 			page 13


DEFINED SYMBOLS
                            *ABS*:0000000000000000 lv_font.c
/var/folders/0z/tsy30v1j4xl4_7kw94k978ww0000gn/T//ccBCUBQI.s:18     .text.lv_font_get_glyph_dsc.part.0:0000000000000000 $t
/var/folders/0z/tsy30v1j4xl4_7kw94k978ww0000gn/T//ccBCUBQI.s:24     .text.lv_font_get_glyph_dsc.part.0:0000000000000000 lv_font_get_glyph_dsc.part.0
/var/folders/0z/tsy30v1j4xl4_7kw94k978ww0000gn/T//ccBCUBQI.s:202    .text.lv_font_get_glyph_bitmap:0000000000000000 $t
/var/folders/0z/tsy30v1j4xl4_7kw94k978ww0000gn/T//ccBCUBQI.s:209    .text.lv_font_get_glyph_bitmap:0000000000000000 lv_font_get_glyph_bitmap
/var/folders/0z/tsy30v1j4xl4_7kw94k978ww0000gn/T//ccBCUBQI.s:243    .text.lv_font_get_glyph_dsc:0000000000000000 $t
/var/folders/0z/tsy30v1j4xl4_7kw94k978ww0000gn/T//ccBCUBQI.s:250    .text.lv_font_get_glyph_dsc:0000000000000000 lv_font_get_glyph_dsc
/var/folders/0z/tsy30v1j4xl4_7kw94k978ww0000gn/T//ccBCUBQI.s:307    .text.lv_font_get_glyph_width:0000000000000000 $t
/var/folders/0z/tsy30v1j4xl4_7kw94k978ww0000gn/T//ccBCUBQI.s:314    .text.lv_font_get_glyph_width:0000000000000000 lv_font_get_glyph_width

NO UNDEFINED SYMBOLS
