ARM GAS  /var/folders/lp/x54gwt890xv47sdkqj1k04q40000gn/T//ccIQfIAl.s 			page 1


   1              		.cpu cortex-m4
   2              		.arch armv7e-m
   3              		.fpu fpv4-sp-d16
   4              		.eabi_attribute 27, 1
   5              		.eabi_attribute 28, 1
   6              		.eabi_attribute 20, 1
   7              		.eabi_attribute 21, 1
   8              		.eabi_attribute 23, 3
   9              		.eabi_attribute 24, 1
  10              		.eabi_attribute 25, 1
  11              		.eabi_attribute 26, 1
  12              		.eabi_attribute 30, 2
  13              		.eabi_attribute 34, 1
  14              		.eabi_attribute 18, 4
  15              		.file	"lv_hal_tick.c"
  16              		.text
  17              	.Ltext0:
  18              		.cfi_sections	.debug_frame
  19              		.file 1 "Drivers/lvgl/src/hal/lv_hal_tick.c"
  20              		.section	.text.lv_tick_inc,"ax",%progbits
  21              		.align	1
  22              		.p2align 2,,3
  23              		.global	lv_tick_inc
  24              		.syntax unified
  25              		.thumb
  26              		.thumb_func
  28              	lv_tick_inc:
  29              	.LVL0:
  30              	.LFB0:
   1:Drivers/lvgl/src/hal/lv_hal_tick.c **** /**
   2:Drivers/lvgl/src/hal/lv_hal_tick.c ****  * @file lv_hal_tick.c
   3:Drivers/lvgl/src/hal/lv_hal_tick.c ****  * Provide access to the system tick with 1 millisecond resolution
   4:Drivers/lvgl/src/hal/lv_hal_tick.c ****  */
   5:Drivers/lvgl/src/hal/lv_hal_tick.c **** 
   6:Drivers/lvgl/src/hal/lv_hal_tick.c **** /*********************
   7:Drivers/lvgl/src/hal/lv_hal_tick.c ****  *      INCLUDES
   8:Drivers/lvgl/src/hal/lv_hal_tick.c ****  *********************/
   9:Drivers/lvgl/src/hal/lv_hal_tick.c **** #include "lv_hal_tick.h"
  10:Drivers/lvgl/src/hal/lv_hal_tick.c **** #include <stddef.h>
  11:Drivers/lvgl/src/hal/lv_hal_tick.c **** 
  12:Drivers/lvgl/src/hal/lv_hal_tick.c **** #if LV_TICK_CUSTOM == 1
  13:Drivers/lvgl/src/hal/lv_hal_tick.c ****     #include LV_TICK_CUSTOM_INCLUDE
  14:Drivers/lvgl/src/hal/lv_hal_tick.c **** #endif
  15:Drivers/lvgl/src/hal/lv_hal_tick.c **** 
  16:Drivers/lvgl/src/hal/lv_hal_tick.c **** /*********************
  17:Drivers/lvgl/src/hal/lv_hal_tick.c ****  *      DEFINES
  18:Drivers/lvgl/src/hal/lv_hal_tick.c ****  *********************/
  19:Drivers/lvgl/src/hal/lv_hal_tick.c **** 
  20:Drivers/lvgl/src/hal/lv_hal_tick.c **** /**********************
  21:Drivers/lvgl/src/hal/lv_hal_tick.c ****  *      TYPEDEFS
  22:Drivers/lvgl/src/hal/lv_hal_tick.c ****  **********************/
  23:Drivers/lvgl/src/hal/lv_hal_tick.c **** 
  24:Drivers/lvgl/src/hal/lv_hal_tick.c **** /**********************
  25:Drivers/lvgl/src/hal/lv_hal_tick.c ****  *  STATIC PROTOTYPES
  26:Drivers/lvgl/src/hal/lv_hal_tick.c ****  **********************/
  27:Drivers/lvgl/src/hal/lv_hal_tick.c **** 
  28:Drivers/lvgl/src/hal/lv_hal_tick.c **** /**********************
ARM GAS  /var/folders/lp/x54gwt890xv47sdkqj1k04q40000gn/T//ccIQfIAl.s 			page 2


  29:Drivers/lvgl/src/hal/lv_hal_tick.c ****  *  STATIC VARIABLES
  30:Drivers/lvgl/src/hal/lv_hal_tick.c ****  **********************/
  31:Drivers/lvgl/src/hal/lv_hal_tick.c **** #if !LV_TICK_CUSTOM
  32:Drivers/lvgl/src/hal/lv_hal_tick.c ****     static uint32_t sys_time = 0;
  33:Drivers/lvgl/src/hal/lv_hal_tick.c ****     static volatile uint8_t tick_irq_flag;
  34:Drivers/lvgl/src/hal/lv_hal_tick.c **** #endif
  35:Drivers/lvgl/src/hal/lv_hal_tick.c **** 
  36:Drivers/lvgl/src/hal/lv_hal_tick.c **** /**********************
  37:Drivers/lvgl/src/hal/lv_hal_tick.c ****  *      MACROS
  38:Drivers/lvgl/src/hal/lv_hal_tick.c ****  **********************/
  39:Drivers/lvgl/src/hal/lv_hal_tick.c **** 
  40:Drivers/lvgl/src/hal/lv_hal_tick.c **** /**********************
  41:Drivers/lvgl/src/hal/lv_hal_tick.c ****  *   GLOBAL FUNCTIONS
  42:Drivers/lvgl/src/hal/lv_hal_tick.c ****  **********************/
  43:Drivers/lvgl/src/hal/lv_hal_tick.c **** 
  44:Drivers/lvgl/src/hal/lv_hal_tick.c **** #if !LV_TICK_CUSTOM
  45:Drivers/lvgl/src/hal/lv_hal_tick.c **** /**
  46:Drivers/lvgl/src/hal/lv_hal_tick.c ****  * You have to call this function periodically
  47:Drivers/lvgl/src/hal/lv_hal_tick.c ****  * @param tick_period the call period of this function in milliseconds
  48:Drivers/lvgl/src/hal/lv_hal_tick.c ****  */
  49:Drivers/lvgl/src/hal/lv_hal_tick.c **** void LV_ATTRIBUTE_TICK_INC lv_tick_inc(uint32_t tick_period)
  50:Drivers/lvgl/src/hal/lv_hal_tick.c **** {
  31              		.loc 1 50 1 view -0
  32              		.cfi_startproc
  33              		@ args = 0, pretend = 0, frame = 0
  34              		@ frame_needed = 0, uses_anonymous_args = 0
  35              		@ link register save eliminated.
  51:Drivers/lvgl/src/hal/lv_hal_tick.c ****     tick_irq_flag = 0;
  36              		.loc 1 51 5 view .LVU1
  52:Drivers/lvgl/src/hal/lv_hal_tick.c ****     sys_time += tick_period;
  37              		.loc 1 52 14 is_stmt 0 view .LVU2
  38 0000 044A     		ldr	r2, .L3
  51:Drivers/lvgl/src/hal/lv_hal_tick.c ****     tick_irq_flag = 0;
  39              		.loc 1 51 19 view .LVU3
  40 0002 0549     		ldr	r1, .L3+4
  41              		.loc 1 52 14 view .LVU4
  42 0004 1368     		ldr	r3, [r2]
  51:Drivers/lvgl/src/hal/lv_hal_tick.c ****     tick_irq_flag = 0;
  43              		.loc 1 51 19 view .LVU5
  44 0006 4FF0000C 		mov	ip, #0
  45              		.loc 1 52 14 view .LVU6
  46 000a 0344     		add	r3, r3, r0
  51:Drivers/lvgl/src/hal/lv_hal_tick.c ****     tick_irq_flag = 0;
  47              		.loc 1 51 19 view .LVU7
  48 000c 81F800C0 		strb	ip, [r1]
  49              		.loc 1 52 5 is_stmt 1 view .LVU8
  50              		.loc 1 52 14 is_stmt 0 view .LVU9
  51 0010 1360     		str	r3, [r2]
  53:Drivers/lvgl/src/hal/lv_hal_tick.c **** }
  52              		.loc 1 53 1 view .LVU10
  53 0012 7047     		bx	lr
  54              	.L4:
  55              		.align	2
  56              	.L3:
  57 0014 00000000 		.word	sys_time
  58 0018 00000000 		.word	tick_irq_flag
  59              		.cfi_endproc
ARM GAS  /var/folders/lp/x54gwt890xv47sdkqj1k04q40000gn/T//ccIQfIAl.s 			page 3


  60              	.LFE0:
  62              		.section	.text.lv_tick_get,"ax",%progbits
  63              		.align	1
  64              		.p2align 2,,3
  65              		.global	lv_tick_get
  66              		.syntax unified
  67              		.thumb
  68              		.thumb_func
  70              	lv_tick_get:
  71              	.LFB1:
  54:Drivers/lvgl/src/hal/lv_hal_tick.c **** #endif
  55:Drivers/lvgl/src/hal/lv_hal_tick.c **** 
  56:Drivers/lvgl/src/hal/lv_hal_tick.c **** /**
  57:Drivers/lvgl/src/hal/lv_hal_tick.c ****  * Get the elapsed milliseconds since start up
  58:Drivers/lvgl/src/hal/lv_hal_tick.c ****  * @return the elapsed milliseconds
  59:Drivers/lvgl/src/hal/lv_hal_tick.c ****  */
  60:Drivers/lvgl/src/hal/lv_hal_tick.c **** uint32_t lv_tick_get(void)
  61:Drivers/lvgl/src/hal/lv_hal_tick.c **** {
  72              		.loc 1 61 1 is_stmt 1 view -0
  73              		.cfi_startproc
  74              		@ args = 0, pretend = 0, frame = 0
  75              		@ frame_needed = 0, uses_anonymous_args = 0
  76              		@ link register save eliminated.
  62:Drivers/lvgl/src/hal/lv_hal_tick.c **** #if LV_TICK_CUSTOM == 0
  63:Drivers/lvgl/src/hal/lv_hal_tick.c **** 
  64:Drivers/lvgl/src/hal/lv_hal_tick.c ****     /*If `lv_tick_inc` is called from an interrupt while `sys_time` is read
  65:Drivers/lvgl/src/hal/lv_hal_tick.c ****      *the result might be corrupted.
  66:Drivers/lvgl/src/hal/lv_hal_tick.c ****      *This loop detects if `lv_tick_inc` was called while reading `sys_time`.
  67:Drivers/lvgl/src/hal/lv_hal_tick.c ****      *If `tick_irq_flag` was cleared in `lv_tick_inc` try to read again
  68:Drivers/lvgl/src/hal/lv_hal_tick.c ****      *until `tick_irq_flag` remains `1`.*/
  69:Drivers/lvgl/src/hal/lv_hal_tick.c ****     uint32_t result;
  70:Drivers/lvgl/src/hal/lv_hal_tick.c ****     do {
  71:Drivers/lvgl/src/hal/lv_hal_tick.c ****         tick_irq_flag = 1;
  72:Drivers/lvgl/src/hal/lv_hal_tick.c ****         result        = sys_time;
  77              		.loc 1 72 23 is_stmt 0 view .LVU12
  78 0000 044A     		ldr	r2, .L9
  79 0002 054B     		ldr	r3, .L9+4
  80 0004 1068     		ldr	r0, [r2]
  71:Drivers/lvgl/src/hal/lv_hal_tick.c ****         result        = sys_time;
  81              		.loc 1 71 23 view .LVU13
  82 0006 0121     		movs	r1, #1
  83              	.L6:
  69:Drivers/lvgl/src/hal/lv_hal_tick.c ****     do {
  84              		.loc 1 69 5 is_stmt 1 view .LVU14
  70:Drivers/lvgl/src/hal/lv_hal_tick.c ****         tick_irq_flag = 1;
  85              		.loc 1 70 5 view .LVU15
  71:Drivers/lvgl/src/hal/lv_hal_tick.c ****         result        = sys_time;
  86              		.loc 1 71 9 view .LVU16
  71:Drivers/lvgl/src/hal/lv_hal_tick.c ****         result        = sys_time;
  87              		.loc 1 71 23 is_stmt 0 view .LVU17
  88 0008 1970     		strb	r1, [r3]
  89              		.loc 1 72 9 is_stmt 1 view .LVU18
  90              	.LVL1:
  73:Drivers/lvgl/src/hal/lv_hal_tick.c ****     } while(!tick_irq_flag); /*Continue until see a non interrupted cycle*/
  91              		.loc 1 73 13 discriminator 1 view .LVU19
  92 000a 1A78     		ldrb	r2, [r3]	@ zero_extendqisi2
  93 000c 002A     		cmp	r2, #0
ARM GAS  /var/folders/lp/x54gwt890xv47sdkqj1k04q40000gn/T//ccIQfIAl.s 			page 4


  94 000e FBD0     		beq	.L6
  74:Drivers/lvgl/src/hal/lv_hal_tick.c **** 
  75:Drivers/lvgl/src/hal/lv_hal_tick.c ****     return result;
  95              		.loc 1 75 5 view .LVU20
  76:Drivers/lvgl/src/hal/lv_hal_tick.c **** #else
  77:Drivers/lvgl/src/hal/lv_hal_tick.c ****     return LV_TICK_CUSTOM_SYS_TIME_EXPR;
  78:Drivers/lvgl/src/hal/lv_hal_tick.c **** #endif
  79:Drivers/lvgl/src/hal/lv_hal_tick.c **** }
  96              		.loc 1 79 1 is_stmt 0 view .LVU21
  97 0010 7047     		bx	lr
  98              	.L10:
  99 0012 00BF     		.align	2
 100              	.L9:
 101 0014 00000000 		.word	sys_time
 102 0018 00000000 		.word	tick_irq_flag
 103              		.cfi_endproc
 104              	.LFE1:
 106              		.section	.text.lv_tick_elaps,"ax",%progbits
 107              		.align	1
 108              		.p2align 2,,3
 109              		.global	lv_tick_elaps
 110              		.syntax unified
 111              		.thumb
 112              		.thumb_func
 114              	lv_tick_elaps:
 115              	.LVL2:
 116              	.LFB2:
  80:Drivers/lvgl/src/hal/lv_hal_tick.c **** 
  81:Drivers/lvgl/src/hal/lv_hal_tick.c **** /**
  82:Drivers/lvgl/src/hal/lv_hal_tick.c ****  * Get the elapsed milliseconds since a previous time stamp
  83:Drivers/lvgl/src/hal/lv_hal_tick.c ****  * @param prev_tick a previous time stamp (return value of lv_tick_get() )
  84:Drivers/lvgl/src/hal/lv_hal_tick.c ****  * @return the elapsed milliseconds since 'prev_tick'
  85:Drivers/lvgl/src/hal/lv_hal_tick.c ****  */
  86:Drivers/lvgl/src/hal/lv_hal_tick.c **** uint32_t lv_tick_elaps(uint32_t prev_tick)
  87:Drivers/lvgl/src/hal/lv_hal_tick.c **** {
 117              		.loc 1 87 1 is_stmt 1 view -0
 118              		.cfi_startproc
 119              		@ args = 0, pretend = 0, frame = 0
 120              		@ frame_needed = 0, uses_anonymous_args = 0
 121              		@ link register save eliminated.
  88:Drivers/lvgl/src/hal/lv_hal_tick.c ****     uint32_t act_time = lv_tick_get();
 122              		.loc 1 88 5 view .LVU23
 123              	.LBB4:
 124              	.LBI4:
  60:Drivers/lvgl/src/hal/lv_hal_tick.c **** {
 125              		.loc 1 60 10 view .LVU24
 126              	.LBB5:
  72:Drivers/lvgl/src/hal/lv_hal_tick.c ****     } while(!tick_irq_flag); /*Continue until see a non interrupted cycle*/
 127              		.loc 1 72 23 is_stmt 0 view .LVU25
 128 0000 064B     		ldr	r3, .L16
 129              	.LBE5:
 130              	.LBE4:
  87:Drivers/lvgl/src/hal/lv_hal_tick.c ****     uint32_t act_time = lv_tick_get();
 131              		.loc 1 87 1 view .LVU26
 132 0002 10B4     		push	{r4}
 133              		.cfi_def_cfa_offset 4
 134              		.cfi_offset 4, -4
ARM GAS  /var/folders/lp/x54gwt890xv47sdkqj1k04q40000gn/T//ccIQfIAl.s 			page 5


 135              	.LBB7:
 136              	.LBB6:
  72:Drivers/lvgl/src/hal/lv_hal_tick.c ****     } while(!tick_irq_flag); /*Continue until see a non interrupted cycle*/
 137              		.loc 1 72 23 view .LVU27
 138 0004 1C68     		ldr	r4, [r3]
 139 0006 064B     		ldr	r3, .L16+4
  71:Drivers/lvgl/src/hal/lv_hal_tick.c ****         result        = sys_time;
 140              		.loc 1 71 23 view .LVU28
 141 0008 0121     		movs	r1, #1
 142              	.L12:
  69:Drivers/lvgl/src/hal/lv_hal_tick.c ****     do {
 143              		.loc 1 69 5 is_stmt 1 view .LVU29
  70:Drivers/lvgl/src/hal/lv_hal_tick.c ****         tick_irq_flag = 1;
 144              		.loc 1 70 5 view .LVU30
  71:Drivers/lvgl/src/hal/lv_hal_tick.c ****         result        = sys_time;
 145              		.loc 1 71 9 view .LVU31
  71:Drivers/lvgl/src/hal/lv_hal_tick.c ****         result        = sys_time;
 146              		.loc 1 71 23 is_stmt 0 view .LVU32
 147 000a 1970     		strb	r1, [r3]
  72:Drivers/lvgl/src/hal/lv_hal_tick.c ****     } while(!tick_irq_flag); /*Continue until see a non interrupted cycle*/
 148              		.loc 1 72 9 is_stmt 1 view .LVU33
 149              	.LVL3:
  73:Drivers/lvgl/src/hal/lv_hal_tick.c **** 
 150              		.loc 1 73 13 discriminator 1 view .LVU34
 151 000c 1A78     		ldrb	r2, [r3]	@ zero_extendqisi2
 152 000e 002A     		cmp	r2, #0
 153 0010 FBD0     		beq	.L12
  75:Drivers/lvgl/src/hal/lv_hal_tick.c **** #else
 154              		.loc 1 75 5 view .LVU35
 155              	.LVL4:
  75:Drivers/lvgl/src/hal/lv_hal_tick.c **** #else
 156              		.loc 1 75 5 is_stmt 0 view .LVU36
 157              	.LBE6:
 158              	.LBE7:
  89:Drivers/lvgl/src/hal/lv_hal_tick.c **** 
  90:Drivers/lvgl/src/hal/lv_hal_tick.c ****     /*If there is no overflow in sys_time simple subtract*/
  91:Drivers/lvgl/src/hal/lv_hal_tick.c ****     if(act_time >= prev_tick) {
 159              		.loc 1 91 5 is_stmt 1 view .LVU37
  92:Drivers/lvgl/src/hal/lv_hal_tick.c ****         prev_tick = act_time - prev_tick;
  93:Drivers/lvgl/src/hal/lv_hal_tick.c ****     }
  94:Drivers/lvgl/src/hal/lv_hal_tick.c ****     else {
  95:Drivers/lvgl/src/hal/lv_hal_tick.c ****         prev_tick = UINT32_MAX - prev_tick + 1;
 160              		.loc 1 95 9 view .LVU38
  96:Drivers/lvgl/src/hal/lv_hal_tick.c ****         prev_tick += act_time;
 161              		.loc 1 96 9 view .LVU39
  97:Drivers/lvgl/src/hal/lv_hal_tick.c ****     }
  98:Drivers/lvgl/src/hal/lv_hal_tick.c **** 
  99:Drivers/lvgl/src/hal/lv_hal_tick.c ****     return prev_tick;
 162              		.loc 1 99 5 view .LVU40
 100:Drivers/lvgl/src/hal/lv_hal_tick.c **** }
 163              		.loc 1 100 1 is_stmt 0 view .LVU41
 164 0012 201A     		subs	r0, r4, r0
 165              	.LVL5:
 166              		.loc 1 100 1 view .LVU42
 167 0014 5DF8044B 		ldr	r4, [sp], #4
 168              		.cfi_restore 4
 169              		.cfi_def_cfa_offset 0
ARM GAS  /var/folders/lp/x54gwt890xv47sdkqj1k04q40000gn/T//ccIQfIAl.s 			page 6


 170 0018 7047     		bx	lr
 171              	.L17:
 172 001a 00BF     		.align	2
 173              	.L16:
 174 001c 00000000 		.word	sys_time
 175 0020 00000000 		.word	tick_irq_flag
 176              		.cfi_endproc
 177              	.LFE2:
 179              		.section	.bss.tick_irq_flag,"aw",%nobits
 182              	tick_irq_flag:
 183 0000 00       		.space	1
 184              		.section	.bss.sys_time,"aw",%nobits
 185              		.align	2
 188              	sys_time:
 189 0000 00000000 		.space	4
 190              		.text
 191              	.Letext0:
 192              		.file 2 "/Users/jr/Library/Application Support/Code/User/globalStorage/bmd.stm32-for-vscode/@xpack
 193              		.file 3 "/Users/jr/Library/Application Support/Code/User/globalStorage/bmd.stm32-for-vscode/@xpack
ARM GAS  /var/folders/lp/x54gwt890xv47sdkqj1k04q40000gn/T//ccIQfIAl.s 			page 7


DEFINED SYMBOLS
                            *ABS*:00000000 lv_hal_tick.c
/var/folders/lp/x54gwt890xv47sdkqj1k04q40000gn/T//ccIQfIAl.s:21     .text.lv_tick_inc:00000000 $t
/var/folders/lp/x54gwt890xv47sdkqj1k04q40000gn/T//ccIQfIAl.s:28     .text.lv_tick_inc:00000000 lv_tick_inc
/var/folders/lp/x54gwt890xv47sdkqj1k04q40000gn/T//ccIQfIAl.s:57     .text.lv_tick_inc:00000014 $d
/var/folders/lp/x54gwt890xv47sdkqj1k04q40000gn/T//ccIQfIAl.s:188    .bss.sys_time:00000000 sys_time
/var/folders/lp/x54gwt890xv47sdkqj1k04q40000gn/T//ccIQfIAl.s:182    .bss.tick_irq_flag:00000000 tick_irq_flag
/var/folders/lp/x54gwt890xv47sdkqj1k04q40000gn/T//ccIQfIAl.s:63     .text.lv_tick_get:00000000 $t
/var/folders/lp/x54gwt890xv47sdkqj1k04q40000gn/T//ccIQfIAl.s:70     .text.lv_tick_get:00000000 lv_tick_get
/var/folders/lp/x54gwt890xv47sdkqj1k04q40000gn/T//ccIQfIAl.s:101    .text.lv_tick_get:00000014 $d
/var/folders/lp/x54gwt890xv47sdkqj1k04q40000gn/T//ccIQfIAl.s:107    .text.lv_tick_elaps:00000000 $t
/var/folders/lp/x54gwt890xv47sdkqj1k04q40000gn/T//ccIQfIAl.s:114    .text.lv_tick_elaps:00000000 lv_tick_elaps
/var/folders/lp/x54gwt890xv47sdkqj1k04q40000gn/T//ccIQfIAl.s:174    .text.lv_tick_elaps:0000001c $d
/var/folders/lp/x54gwt890xv47sdkqj1k04q40000gn/T//ccIQfIAl.s:183    .bss.tick_irq_flag:00000000 $d
/var/folders/lp/x54gwt890xv47sdkqj1k04q40000gn/T//ccIQfIAl.s:185    .bss.sys_time:00000000 $d

NO UNDEFINED SYMBOLS
