ARM GAS  /var/folders/lp/x54gwt890xv47sdkqj1k04q40000gn/T//ccJkVEn4.s 			page 1


   1              		.cpu cortex-m4
   2              		.arch armv7e-m
   3              		.fpu fpv4-sp-d16
   4              		.eabi_attribute 27, 1
   5              		.eabi_attribute 28, 1
   6              		.eabi_attribute 20, 1
   7              		.eabi_attribute 21, 1
   8              		.eabi_attribute 23, 3
   9              		.eabi_attribute 24, 1
  10              		.eabi_attribute 25, 1
  11              		.eabi_attribute 26, 1
  12              		.eabi_attribute 30, 2
  13              		.eabi_attribute 34, 1
  14              		.eabi_attribute 18, 4
  15              		.file	"lv_obj_class.c"
  16              		.text
  17              	.Ltext0:
  18              		.cfi_sections	.debug_frame
  19              		.file 1 "Drivers/lvgl/src/core/lv_obj_class.c"
  20              		.section	.text.lv_obj_construct,"ax",%progbits
  21              		.align	1
  22              		.p2align 2,,3
  23              		.syntax unified
  24              		.thumb
  25              		.thumb_func
  27              	lv_obj_construct:
  28              	.LVL0:
  29              	.LFB166:
   1:Drivers/lvgl/src/core/lv_obj_class.c **** /**
   2:Drivers/lvgl/src/core/lv_obj_class.c ****  * @file lv_obj_class.c
   3:Drivers/lvgl/src/core/lv_obj_class.c ****  *
   4:Drivers/lvgl/src/core/lv_obj_class.c ****  */
   5:Drivers/lvgl/src/core/lv_obj_class.c **** 
   6:Drivers/lvgl/src/core/lv_obj_class.c **** /*********************
   7:Drivers/lvgl/src/core/lv_obj_class.c ****  *      INCLUDES
   8:Drivers/lvgl/src/core/lv_obj_class.c ****  *********************/
   9:Drivers/lvgl/src/core/lv_obj_class.c **** #include "lv_obj.h"
  10:Drivers/lvgl/src/core/lv_obj_class.c **** #include "lv_theme.h"
  11:Drivers/lvgl/src/core/lv_obj_class.c **** 
  12:Drivers/lvgl/src/core/lv_obj_class.c **** /*********************
  13:Drivers/lvgl/src/core/lv_obj_class.c ****  *      DEFINES
  14:Drivers/lvgl/src/core/lv_obj_class.c ****  *********************/
  15:Drivers/lvgl/src/core/lv_obj_class.c **** #define MY_CLASS &lv_obj_class
  16:Drivers/lvgl/src/core/lv_obj_class.c **** 
  17:Drivers/lvgl/src/core/lv_obj_class.c **** /**********************
  18:Drivers/lvgl/src/core/lv_obj_class.c ****  *      TYPEDEFS
  19:Drivers/lvgl/src/core/lv_obj_class.c ****  **********************/
  20:Drivers/lvgl/src/core/lv_obj_class.c **** 
  21:Drivers/lvgl/src/core/lv_obj_class.c **** /**********************
  22:Drivers/lvgl/src/core/lv_obj_class.c ****  *  GLOBAL PROTOTYPES
  23:Drivers/lvgl/src/core/lv_obj_class.c ****  **********************/
  24:Drivers/lvgl/src/core/lv_obj_class.c **** 
  25:Drivers/lvgl/src/core/lv_obj_class.c **** /**********************
  26:Drivers/lvgl/src/core/lv_obj_class.c ****  *  STATIC PROTOTYPES
  27:Drivers/lvgl/src/core/lv_obj_class.c ****  **********************/
  28:Drivers/lvgl/src/core/lv_obj_class.c **** static void lv_obj_construct(lv_obj_t * obj);
  29:Drivers/lvgl/src/core/lv_obj_class.c **** static uint32_t get_instance_size(const lv_obj_class_t * class_p);
ARM GAS  /var/folders/lp/x54gwt890xv47sdkqj1k04q40000gn/T//ccJkVEn4.s 			page 2


  30:Drivers/lvgl/src/core/lv_obj_class.c **** 
  31:Drivers/lvgl/src/core/lv_obj_class.c **** /**********************
  32:Drivers/lvgl/src/core/lv_obj_class.c ****  *  STATIC VARIABLES
  33:Drivers/lvgl/src/core/lv_obj_class.c ****  **********************/
  34:Drivers/lvgl/src/core/lv_obj_class.c **** 
  35:Drivers/lvgl/src/core/lv_obj_class.c **** /**********************
  36:Drivers/lvgl/src/core/lv_obj_class.c ****  *      MACROS
  37:Drivers/lvgl/src/core/lv_obj_class.c ****  **********************/
  38:Drivers/lvgl/src/core/lv_obj_class.c **** 
  39:Drivers/lvgl/src/core/lv_obj_class.c **** /**********************
  40:Drivers/lvgl/src/core/lv_obj_class.c ****  *   GLOBAL FUNCTIONS
  41:Drivers/lvgl/src/core/lv_obj_class.c ****  **********************/
  42:Drivers/lvgl/src/core/lv_obj_class.c **** 
  43:Drivers/lvgl/src/core/lv_obj_class.c **** lv_obj_t * lv_obj_class_create_obj(const lv_obj_class_t * class_p, lv_obj_t * parent)
  44:Drivers/lvgl/src/core/lv_obj_class.c **** {
  45:Drivers/lvgl/src/core/lv_obj_class.c ****     LV_TRACE_OBJ_CREATE("Creating object with %p class on %p parent", (void *)class_p, (void *)pare
  46:Drivers/lvgl/src/core/lv_obj_class.c ****     uint32_t s = get_instance_size(class_p);
  47:Drivers/lvgl/src/core/lv_obj_class.c ****     lv_obj_t * obj = lv_mem_alloc(s);
  48:Drivers/lvgl/src/core/lv_obj_class.c ****     if(obj == NULL) return NULL;
  49:Drivers/lvgl/src/core/lv_obj_class.c ****     lv_memset_00(obj, s);
  50:Drivers/lvgl/src/core/lv_obj_class.c ****     obj->class_p = class_p;
  51:Drivers/lvgl/src/core/lv_obj_class.c ****     obj->parent = parent;
  52:Drivers/lvgl/src/core/lv_obj_class.c **** 
  53:Drivers/lvgl/src/core/lv_obj_class.c ****     /*Create a screen*/
  54:Drivers/lvgl/src/core/lv_obj_class.c ****     if(parent == NULL) {
  55:Drivers/lvgl/src/core/lv_obj_class.c ****         LV_TRACE_OBJ_CREATE("creating a screen");
  56:Drivers/lvgl/src/core/lv_obj_class.c ****         lv_disp_t * disp = lv_disp_get_default();
  57:Drivers/lvgl/src/core/lv_obj_class.c ****         if(!disp) {
  58:Drivers/lvgl/src/core/lv_obj_class.c ****             LV_LOG_WARN("No display created yet. No place to assign the new screen");
  59:Drivers/lvgl/src/core/lv_obj_class.c ****             lv_mem_free(obj);
  60:Drivers/lvgl/src/core/lv_obj_class.c ****             return NULL;
  61:Drivers/lvgl/src/core/lv_obj_class.c ****         }
  62:Drivers/lvgl/src/core/lv_obj_class.c **** 
  63:Drivers/lvgl/src/core/lv_obj_class.c ****         if(disp->screens == NULL) {
  64:Drivers/lvgl/src/core/lv_obj_class.c ****             disp->screens = lv_mem_alloc(sizeof(lv_obj_t *));
  65:Drivers/lvgl/src/core/lv_obj_class.c ****             disp->screens[0] = obj;
  66:Drivers/lvgl/src/core/lv_obj_class.c ****             disp->screen_cnt = 1;
  67:Drivers/lvgl/src/core/lv_obj_class.c ****         }
  68:Drivers/lvgl/src/core/lv_obj_class.c ****         else {
  69:Drivers/lvgl/src/core/lv_obj_class.c ****             disp->screen_cnt++;
  70:Drivers/lvgl/src/core/lv_obj_class.c ****             disp->screens = lv_mem_realloc(disp->screens, sizeof(lv_obj_t *) * disp->screen_cnt);
  71:Drivers/lvgl/src/core/lv_obj_class.c ****             disp->screens[disp->screen_cnt - 1] = obj;
  72:Drivers/lvgl/src/core/lv_obj_class.c ****         }
  73:Drivers/lvgl/src/core/lv_obj_class.c **** 
  74:Drivers/lvgl/src/core/lv_obj_class.c ****         /*Set coordinates to full screen size*/
  75:Drivers/lvgl/src/core/lv_obj_class.c ****         obj->coords.x1 = 0;
  76:Drivers/lvgl/src/core/lv_obj_class.c ****         obj->coords.y1 = 0;
  77:Drivers/lvgl/src/core/lv_obj_class.c ****         obj->coords.x2 = lv_disp_get_hor_res(NULL) - 1;
  78:Drivers/lvgl/src/core/lv_obj_class.c ****         obj->coords.y2 = lv_disp_get_ver_res(NULL) - 1;
  79:Drivers/lvgl/src/core/lv_obj_class.c ****     }
  80:Drivers/lvgl/src/core/lv_obj_class.c ****     /*Create a normal object*/
  81:Drivers/lvgl/src/core/lv_obj_class.c ****     else {
  82:Drivers/lvgl/src/core/lv_obj_class.c ****         LV_TRACE_OBJ_CREATE("creating normal object");
  83:Drivers/lvgl/src/core/lv_obj_class.c ****         LV_ASSERT_OBJ(parent, MY_CLASS);
  84:Drivers/lvgl/src/core/lv_obj_class.c ****         if(parent->spec_attr == NULL) {
  85:Drivers/lvgl/src/core/lv_obj_class.c ****             lv_obj_allocate_spec_attr(parent);
  86:Drivers/lvgl/src/core/lv_obj_class.c ****         }
ARM GAS  /var/folders/lp/x54gwt890xv47sdkqj1k04q40000gn/T//ccJkVEn4.s 			page 3


  87:Drivers/lvgl/src/core/lv_obj_class.c **** 
  88:Drivers/lvgl/src/core/lv_obj_class.c ****         if(parent->spec_attr->children == NULL) {
  89:Drivers/lvgl/src/core/lv_obj_class.c ****             parent->spec_attr->children = lv_mem_alloc(sizeof(lv_obj_t *));
  90:Drivers/lvgl/src/core/lv_obj_class.c ****             parent->spec_attr->children[0] = obj;
  91:Drivers/lvgl/src/core/lv_obj_class.c ****             parent->spec_attr->child_cnt = 1;
  92:Drivers/lvgl/src/core/lv_obj_class.c ****         }
  93:Drivers/lvgl/src/core/lv_obj_class.c ****         else {
  94:Drivers/lvgl/src/core/lv_obj_class.c ****             parent->spec_attr->child_cnt++;
  95:Drivers/lvgl/src/core/lv_obj_class.c ****             parent->spec_attr->children = lv_mem_realloc(parent->spec_attr->children,
  96:Drivers/lvgl/src/core/lv_obj_class.c ****                                                          sizeof(lv_obj_t *) * parent->spec_attr->ch
  97:Drivers/lvgl/src/core/lv_obj_class.c ****             parent->spec_attr->children[parent->spec_attr->child_cnt - 1] = obj;
  98:Drivers/lvgl/src/core/lv_obj_class.c ****         }
  99:Drivers/lvgl/src/core/lv_obj_class.c ****     }
 100:Drivers/lvgl/src/core/lv_obj_class.c **** 
 101:Drivers/lvgl/src/core/lv_obj_class.c ****     return obj;
 102:Drivers/lvgl/src/core/lv_obj_class.c **** }
 103:Drivers/lvgl/src/core/lv_obj_class.c **** 
 104:Drivers/lvgl/src/core/lv_obj_class.c **** void lv_obj_class_init_obj(lv_obj_t * obj)
 105:Drivers/lvgl/src/core/lv_obj_class.c **** {
 106:Drivers/lvgl/src/core/lv_obj_class.c ****     lv_obj_mark_layout_as_dirty(obj);
 107:Drivers/lvgl/src/core/lv_obj_class.c ****     lv_obj_enable_style_refresh(false);
 108:Drivers/lvgl/src/core/lv_obj_class.c **** 
 109:Drivers/lvgl/src/core/lv_obj_class.c ****     lv_theme_apply(obj);
 110:Drivers/lvgl/src/core/lv_obj_class.c ****     lv_obj_construct(obj);
 111:Drivers/lvgl/src/core/lv_obj_class.c **** 
 112:Drivers/lvgl/src/core/lv_obj_class.c ****     lv_obj_enable_style_refresh(true);
 113:Drivers/lvgl/src/core/lv_obj_class.c ****     lv_obj_refresh_style(obj, LV_PART_ANY, LV_STYLE_PROP_ANY);
 114:Drivers/lvgl/src/core/lv_obj_class.c **** 
 115:Drivers/lvgl/src/core/lv_obj_class.c ****     lv_obj_refresh_self_size(obj);
 116:Drivers/lvgl/src/core/lv_obj_class.c **** 
 117:Drivers/lvgl/src/core/lv_obj_class.c ****     lv_group_t * def_group = lv_group_get_default();
 118:Drivers/lvgl/src/core/lv_obj_class.c ****     if(def_group && lv_obj_is_group_def(obj)) {
 119:Drivers/lvgl/src/core/lv_obj_class.c ****         lv_group_add_obj(def_group, obj);
 120:Drivers/lvgl/src/core/lv_obj_class.c ****     }
 121:Drivers/lvgl/src/core/lv_obj_class.c **** 
 122:Drivers/lvgl/src/core/lv_obj_class.c ****     lv_obj_t * parent = lv_obj_get_parent(obj);
 123:Drivers/lvgl/src/core/lv_obj_class.c ****     if(parent) {
 124:Drivers/lvgl/src/core/lv_obj_class.c ****         /*Call the ancestor's event handler to the parent to notify it about the new child.
 125:Drivers/lvgl/src/core/lv_obj_class.c ****          *Also triggers layout update*/
 126:Drivers/lvgl/src/core/lv_obj_class.c ****         lv_event_send(parent, LV_EVENT_CHILD_CHANGED, obj);
 127:Drivers/lvgl/src/core/lv_obj_class.c ****         lv_event_send(parent, LV_EVENT_CHILD_CREATED, obj);
 128:Drivers/lvgl/src/core/lv_obj_class.c **** 
 129:Drivers/lvgl/src/core/lv_obj_class.c ****         /*Invalidate the area if not screen created*/
 130:Drivers/lvgl/src/core/lv_obj_class.c ****         lv_obj_invalidate(obj);
 131:Drivers/lvgl/src/core/lv_obj_class.c ****     }
 132:Drivers/lvgl/src/core/lv_obj_class.c **** }
 133:Drivers/lvgl/src/core/lv_obj_class.c **** 
 134:Drivers/lvgl/src/core/lv_obj_class.c **** void _lv_obj_destruct(lv_obj_t * obj)
 135:Drivers/lvgl/src/core/lv_obj_class.c **** {
 136:Drivers/lvgl/src/core/lv_obj_class.c ****     if(obj->class_p->destructor_cb) obj->class_p->destructor_cb(obj->class_p, obj);
 137:Drivers/lvgl/src/core/lv_obj_class.c **** 
 138:Drivers/lvgl/src/core/lv_obj_class.c ****     if(obj->class_p->base_class) {
 139:Drivers/lvgl/src/core/lv_obj_class.c ****         /*Don't let the descendant methods run during destructing the ancestor type*/
 140:Drivers/lvgl/src/core/lv_obj_class.c ****         obj->class_p = obj->class_p->base_class;
 141:Drivers/lvgl/src/core/lv_obj_class.c **** 
 142:Drivers/lvgl/src/core/lv_obj_class.c ****         /*Call the base class's destructor too*/
 143:Drivers/lvgl/src/core/lv_obj_class.c ****         _lv_obj_destruct(obj);
ARM GAS  /var/folders/lp/x54gwt890xv47sdkqj1k04q40000gn/T//ccJkVEn4.s 			page 4


 144:Drivers/lvgl/src/core/lv_obj_class.c ****     }
 145:Drivers/lvgl/src/core/lv_obj_class.c **** }
 146:Drivers/lvgl/src/core/lv_obj_class.c **** 
 147:Drivers/lvgl/src/core/lv_obj_class.c **** bool lv_obj_is_editable(lv_obj_t * obj)
 148:Drivers/lvgl/src/core/lv_obj_class.c **** {
 149:Drivers/lvgl/src/core/lv_obj_class.c ****     const lv_obj_class_t * class_p = obj->class_p;
 150:Drivers/lvgl/src/core/lv_obj_class.c **** 
 151:Drivers/lvgl/src/core/lv_obj_class.c ****     /*Find a base in which editable is set*/
 152:Drivers/lvgl/src/core/lv_obj_class.c ****     while(class_p && class_p->editable == LV_OBJ_CLASS_EDITABLE_INHERIT) class_p = class_p->base_cl
 153:Drivers/lvgl/src/core/lv_obj_class.c **** 
 154:Drivers/lvgl/src/core/lv_obj_class.c ****     if(class_p == NULL) return false;
 155:Drivers/lvgl/src/core/lv_obj_class.c **** 
 156:Drivers/lvgl/src/core/lv_obj_class.c ****     return class_p->editable == LV_OBJ_CLASS_EDITABLE_TRUE ? true : false;
 157:Drivers/lvgl/src/core/lv_obj_class.c **** }
 158:Drivers/lvgl/src/core/lv_obj_class.c **** 
 159:Drivers/lvgl/src/core/lv_obj_class.c **** bool lv_obj_is_group_def(lv_obj_t * obj)
 160:Drivers/lvgl/src/core/lv_obj_class.c **** {
 161:Drivers/lvgl/src/core/lv_obj_class.c ****     const lv_obj_class_t * class_p = obj->class_p;
 162:Drivers/lvgl/src/core/lv_obj_class.c **** 
 163:Drivers/lvgl/src/core/lv_obj_class.c ****     /*Find a base in which group_def is set*/
 164:Drivers/lvgl/src/core/lv_obj_class.c ****     while(class_p && class_p->group_def == LV_OBJ_CLASS_GROUP_DEF_INHERIT) class_p = class_p->base_
 165:Drivers/lvgl/src/core/lv_obj_class.c **** 
 166:Drivers/lvgl/src/core/lv_obj_class.c ****     if(class_p == NULL) return false;
 167:Drivers/lvgl/src/core/lv_obj_class.c **** 
 168:Drivers/lvgl/src/core/lv_obj_class.c ****     return class_p->group_def == LV_OBJ_CLASS_GROUP_DEF_TRUE ? true : false;
 169:Drivers/lvgl/src/core/lv_obj_class.c **** }
 170:Drivers/lvgl/src/core/lv_obj_class.c **** 
 171:Drivers/lvgl/src/core/lv_obj_class.c **** /**********************
 172:Drivers/lvgl/src/core/lv_obj_class.c ****  *   STATIC FUNCTIONS
 173:Drivers/lvgl/src/core/lv_obj_class.c ****  **********************/
 174:Drivers/lvgl/src/core/lv_obj_class.c **** 
 175:Drivers/lvgl/src/core/lv_obj_class.c **** static void lv_obj_construct(lv_obj_t * obj)
 176:Drivers/lvgl/src/core/lv_obj_class.c **** {
  30              		.loc 1 176 1 view -0
  31              		.cfi_startproc
  32              		@ args = 0, pretend = 0, frame = 0
  33              		@ frame_needed = 0, uses_anonymous_args = 0
 177:Drivers/lvgl/src/core/lv_obj_class.c ****     const lv_obj_class_t * original_class_p = obj->class_p;
  34              		.loc 1 177 5 view .LVU1
 176:Drivers/lvgl/src/core/lv_obj_class.c ****     const lv_obj_class_t * original_class_p = obj->class_p;
  35              		.loc 1 176 1 is_stmt 0 view .LVU2
  36 0000 2DE9F041 		push	{r4, r5, r6, r7, r8, lr}
  37              		.cfi_def_cfa_offset 24
  38              		.cfi_offset 4, -24
  39              		.cfi_offset 5, -20
  40              		.cfi_offset 6, -16
  41              		.cfi_offset 7, -12
  42              		.cfi_offset 8, -8
  43              		.cfi_offset 14, -4
  44              		.loc 1 177 28 view .LVU3
  45 0004 0568     		ldr	r5, [r0]
  46              	.LVL1:
 178:Drivers/lvgl/src/core/lv_obj_class.c **** 
 179:Drivers/lvgl/src/core/lv_obj_class.c ****     if(obj->class_p->base_class) {
  47              		.loc 1 179 5 is_stmt 1 view .LVU4
  48              		.loc 1 179 20 is_stmt 0 view .LVU5
  49 0006 2E68     		ldr	r6, [r5]
ARM GAS  /var/folders/lp/x54gwt890xv47sdkqj1k04q40000gn/T//ccJkVEn4.s 			page 5


 176:Drivers/lvgl/src/core/lv_obj_class.c ****     const lv_obj_class_t * original_class_p = obj->class_p;
  50              		.loc 1 176 1 view .LVU6
  51 0008 0446     		mov	r4, r0
  52              		.loc 1 179 7 view .LVU7
  53 000a 0EB3     		cbz	r6, .L3
 180:Drivers/lvgl/src/core/lv_obj_class.c ****         /*Don't let the descendant methods run during constructing the ancestor type*/
 181:Drivers/lvgl/src/core/lv_obj_class.c ****         obj->class_p = obj->class_p->base_class;
  54              		.loc 1 181 9 is_stmt 1 view .LVU8
 182:Drivers/lvgl/src/core/lv_obj_class.c **** 
 183:Drivers/lvgl/src/core/lv_obj_class.c ****         /*Construct the base first*/
 184:Drivers/lvgl/src/core/lv_obj_class.c ****         lv_obj_construct(obj);
  55              		.loc 1 184 9 view .LVU9
  56              	.LVL2:
  57              	.LBB8:
  58              	.LBI8:
 175:Drivers/lvgl/src/core/lv_obj_class.c **** {
  59              		.loc 1 175 13 view .LVU10
  60              	.LBB9:
 177:Drivers/lvgl/src/core/lv_obj_class.c **** 
  61              		.loc 1 177 5 view .LVU11
 179:Drivers/lvgl/src/core/lv_obj_class.c ****         /*Don't let the descendant methods run during constructing the ancestor type*/
  62              		.loc 1 179 5 view .LVU12
 179:Drivers/lvgl/src/core/lv_obj_class.c ****         /*Don't let the descendant methods run during constructing the ancestor type*/
  63              		.loc 1 179 20 is_stmt 0 view .LVU13
  64 000c 3768     		ldr	r7, [r6]
 179:Drivers/lvgl/src/core/lv_obj_class.c ****         /*Don't let the descendant methods run during constructing the ancestor type*/
  65              		.loc 1 179 7 view .LVU14
  66 000e CFB1     		cbz	r7, .L5
 181:Drivers/lvgl/src/core/lv_obj_class.c **** 
  67              		.loc 1 181 9 is_stmt 1 view .LVU15
  68              	.LBB10:
  69              	.LBB11:
 179:Drivers/lvgl/src/core/lv_obj_class.c ****         /*Don't let the descendant methods run during constructing the ancestor type*/
  70              		.loc 1 179 20 is_stmt 0 view .LVU16
  71 0010 D7F80080 		ldr	r8, [r7]
  72              	.LBE11:
  73              	.LBE10:
 181:Drivers/lvgl/src/core/lv_obj_class.c **** 
  74              		.loc 1 181 22 view .LVU17
  75 0014 0760     		str	r7, [r0]
  76              		.loc 1 184 9 is_stmt 1 view .LVU18
  77              	.LVL3:
  78              	.LBB15:
  79              	.LBI10:
 175:Drivers/lvgl/src/core/lv_obj_class.c **** {
  80              		.loc 1 175 13 view .LVU19
  81              	.LBB14:
 177:Drivers/lvgl/src/core/lv_obj_class.c **** 
  82              		.loc 1 177 5 view .LVU20
 179:Drivers/lvgl/src/core/lv_obj_class.c ****         /*Don't let the descendant methods run during constructing the ancestor type*/
  83              		.loc 1 179 5 view .LVU21
 179:Drivers/lvgl/src/core/lv_obj_class.c ****         /*Don't let the descendant methods run during constructing the ancestor type*/
  84              		.loc 1 179 7 is_stmt 0 view .LVU22
  85 0016 B8F1000F 		cmp	r8, #0
  86 001a 0DD0     		beq	.L7
 181:Drivers/lvgl/src/core/lv_obj_class.c **** 
  87              		.loc 1 181 9 is_stmt 1 view .LVU23
ARM GAS  /var/folders/lp/x54gwt890xv47sdkqj1k04q40000gn/T//ccJkVEn4.s 			page 6


  88              		.loc 1 184 9 view .LVU24
  89              	.LVL4:
  90              	.LBB12:
  91              	.LBI12:
 175:Drivers/lvgl/src/core/lv_obj_class.c **** {
  92              		.loc 1 175 13 view .LVU25
  93              	.LBB13:
 177:Drivers/lvgl/src/core/lv_obj_class.c **** 
  94              		.loc 1 177 5 view .LVU26
 179:Drivers/lvgl/src/core/lv_obj_class.c ****         /*Don't let the descendant methods run during constructing the ancestor type*/
  95              		.loc 1 179 5 view .LVU27
 179:Drivers/lvgl/src/core/lv_obj_class.c ****         /*Don't let the descendant methods run during constructing the ancestor type*/
  96              		.loc 1 179 20 is_stmt 0 view .LVU28
  97 001c D8F80030 		ldr	r3, [r8]
 179:Drivers/lvgl/src/core/lv_obj_class.c ****         /*Don't let the descendant methods run during constructing the ancestor type*/
  98              		.loc 1 179 7 view .LVU29
  99 0020 13B1     		cbz	r3, .L8
 181:Drivers/lvgl/src/core/lv_obj_class.c **** 
 100              		.loc 1 181 9 is_stmt 1 view .LVU30
 181:Drivers/lvgl/src/core/lv_obj_class.c **** 
 101              		.loc 1 181 22 is_stmt 0 view .LVU31
 102 0022 0360     		str	r3, [r0]
 103              		.loc 1 184 9 is_stmt 1 view .LVU32
 104 0024 FFF7ECFF 		bl	lv_obj_construct
 105              	.LVL5:
 106              	.L8:
 185:Drivers/lvgl/src/core/lv_obj_class.c ****     }
 186:Drivers/lvgl/src/core/lv_obj_class.c **** 
 187:Drivers/lvgl/src/core/lv_obj_class.c ****     /*Restore the original class*/
 188:Drivers/lvgl/src/core/lv_obj_class.c ****     obj->class_p = original_class_p;
 107              		.loc 1 188 5 view .LVU33
 189:Drivers/lvgl/src/core/lv_obj_class.c **** 
 190:Drivers/lvgl/src/core/lv_obj_class.c ****     if(obj->class_p->constructor_cb) obj->class_p->constructor_cb(obj->class_p, obj);
 108              		.loc 1 190 20 is_stmt 0 view .LVU34
 109 0028 D8F80430 		ldr	r3, [r8, #4]
 188:Drivers/lvgl/src/core/lv_obj_class.c **** 
 110              		.loc 1 188 18 view .LVU35
 111 002c C4F80080 		str	r8, [r4]
 112              		.loc 1 190 5 is_stmt 1 view .LVU36
 113              		.loc 1 190 7 is_stmt 0 view .LVU37
 114 0030 13B1     		cbz	r3, .L7
 115              		.loc 1 190 38 is_stmt 1 discriminator 1 view .LVU38
 116 0032 4046     		mov	r0, r8
 117 0034 2146     		mov	r1, r4
 118 0036 9847     		blx	r3
 119              	.LVL6:
 120              	.L7:
 121              		.loc 1 190 38 is_stmt 0 discriminator 1 view .LVU39
 122              	.LBE13:
 123              	.LBE12:
 188:Drivers/lvgl/src/core/lv_obj_class.c **** 
 124              		.loc 1 188 5 is_stmt 1 view .LVU40
 125              		.loc 1 190 20 is_stmt 0 view .LVU41
 126 0038 7B68     		ldr	r3, [r7, #4]
 188:Drivers/lvgl/src/core/lv_obj_class.c **** 
 127              		.loc 1 188 18 view .LVU42
 128 003a 2760     		str	r7, [r4]
ARM GAS  /var/folders/lp/x54gwt890xv47sdkqj1k04q40000gn/T//ccJkVEn4.s 			page 7


 129              		.loc 1 190 5 is_stmt 1 view .LVU43
 130              		.loc 1 190 7 is_stmt 0 view .LVU44
 131 003c 13B1     		cbz	r3, .L5
 132              		.loc 1 190 38 is_stmt 1 discriminator 1 view .LVU45
 133 003e 3846     		mov	r0, r7
 134 0040 2146     		mov	r1, r4
 135 0042 9847     		blx	r3
 136              	.LVL7:
 137              	.L5:
 138              		.loc 1 190 38 is_stmt 0 discriminator 1 view .LVU46
 139              	.LBE14:
 140              	.LBE15:
 188:Drivers/lvgl/src/core/lv_obj_class.c **** 
 141              		.loc 1 188 5 is_stmt 1 view .LVU47
 142              		.loc 1 190 20 is_stmt 0 view .LVU48
 143 0044 7368     		ldr	r3, [r6, #4]
 188:Drivers/lvgl/src/core/lv_obj_class.c **** 
 144              		.loc 1 188 18 view .LVU49
 145 0046 2660     		str	r6, [r4]
 146              		.loc 1 190 5 is_stmt 1 view .LVU50
 147              		.loc 1 190 7 is_stmt 0 view .LVU51
 148 0048 13B1     		cbz	r3, .L3
 149              		.loc 1 190 38 is_stmt 1 discriminator 1 view .LVU52
 150 004a 2146     		mov	r1, r4
 151 004c 3046     		mov	r0, r6
 152 004e 9847     		blx	r3
 153              	.LVL8:
 154              	.L3:
 155              		.loc 1 190 38 is_stmt 0 discriminator 1 view .LVU53
 156              	.LBE9:
 157              	.LBE8:
 188:Drivers/lvgl/src/core/lv_obj_class.c **** 
 158              		.loc 1 188 5 is_stmt 1 view .LVU54
 159              		.loc 1 190 20 is_stmt 0 view .LVU55
 160 0050 6B68     		ldr	r3, [r5, #4]
 188:Drivers/lvgl/src/core/lv_obj_class.c **** 
 161              		.loc 1 188 18 view .LVU56
 162 0052 2560     		str	r5, [r4]
 163              		.loc 1 190 5 is_stmt 1 view .LVU57
 164              		.loc 1 190 7 is_stmt 0 view .LVU58
 165 0054 23B1     		cbz	r3, .L1
 166              		.loc 1 190 38 is_stmt 1 discriminator 1 view .LVU59
 167 0056 2146     		mov	r1, r4
 168 0058 2846     		mov	r0, r5
 191:Drivers/lvgl/src/core/lv_obj_class.c **** }
 169              		.loc 1 191 1 is_stmt 0 view .LVU60
 170 005a BDE8F041 		pop	{r4, r5, r6, r7, r8, lr}
 171              		.cfi_remember_state
 172              		.cfi_restore 14
 173              		.cfi_restore 8
 174              		.cfi_restore 7
 175              		.cfi_restore 6
 176              		.cfi_restore 5
 177              		.cfi_restore 4
 178              		.cfi_def_cfa_offset 0
 179              	.LVL9:
 190:Drivers/lvgl/src/core/lv_obj_class.c **** }
ARM GAS  /var/folders/lp/x54gwt890xv47sdkqj1k04q40000gn/T//ccJkVEn4.s 			page 8


 180              		.loc 1 190 38 discriminator 1 view .LVU61
 181 005e 1847     		bx	r3	@ indirect register sibling call
 182              	.LVL10:
 183              	.L1:
 184              		.cfi_restore_state
 185              		.loc 1 191 1 view .LVU62
 186 0060 BDE8F081 		pop	{r4, r5, r6, r7, r8, pc}
 187              		.loc 1 191 1 view .LVU63
 188              		.cfi_endproc
 189              	.LFE166:
 191              		.section	.text.lv_obj_class_create_obj,"ax",%progbits
 192              		.align	1
 193              		.p2align 2,,3
 194              		.global	lv_obj_class_create_obj
 195              		.syntax unified
 196              		.thumb
 197              		.thumb_func
 199              	lv_obj_class_create_obj:
 200              	.LVL11:
 201              	.LFB161:
  44:Drivers/lvgl/src/core/lv_obj_class.c ****     LV_TRACE_OBJ_CREATE("Creating object with %p class on %p parent", (void *)class_p, (void *)pare
 202              		.loc 1 44 1 is_stmt 1 view -0
 203              		.cfi_startproc
 204              		@ args = 0, pretend = 0, frame = 0
 205              		@ frame_needed = 0, uses_anonymous_args = 0
  45:Drivers/lvgl/src/core/lv_obj_class.c ****     uint32_t s = get_instance_size(class_p);
 206              		.loc 1 45 103 view .LVU65
  46:Drivers/lvgl/src/core/lv_obj_class.c ****     lv_obj_t * obj = lv_mem_alloc(s);
 207              		.loc 1 46 5 view .LVU66
 208              	.LBB19:
 209              	.LBI19:
 192:Drivers/lvgl/src/core/lv_obj_class.c **** 
 193:Drivers/lvgl/src/core/lv_obj_class.c **** static uint32_t get_instance_size(const lv_obj_class_t * class_p)
 210              		.loc 1 193 17 view .LVU67
 211              	.LBB20:
 194:Drivers/lvgl/src/core/lv_obj_class.c **** {
 195:Drivers/lvgl/src/core/lv_obj_class.c ****     /*Find a base in which instance size is set*/
 196:Drivers/lvgl/src/core/lv_obj_class.c ****     const lv_obj_class_t * base = class_p;
 212              		.loc 1 196 5 view .LVU68
 197:Drivers/lvgl/src/core/lv_obj_class.c ****     while(base && base->instance_size == 0) base = base->base_class;
 213              		.loc 1 197 5 view .LVU69
 214              		.loc 1 197 16 discriminator 1 view .LVU70
 215              	.LBE20:
 216              	.LBE19:
  44:Drivers/lvgl/src/core/lv_obj_class.c ****     LV_TRACE_OBJ_CREATE("Creating object with %p class on %p parent", (void *)class_p, (void *)pare
 217              		.loc 1 44 1 is_stmt 0 view .LVU71
 218 0000 F8B5     		push	{r3, r4, r5, r6, r7, lr}
 219              		.cfi_def_cfa_offset 24
 220              		.cfi_offset 3, -24
 221              		.cfi_offset 4, -20
 222              		.cfi_offset 5, -16
 223              		.cfi_offset 6, -12
 224              		.cfi_offset 7, -8
 225              		.cfi_offset 14, -4
  44:Drivers/lvgl/src/core/lv_obj_class.c ****     LV_TRACE_OBJ_CREATE("Creating object with %p class on %p parent", (void *)class_p, (void *)pare
 226              		.loc 1 44 1 view .LVU72
 227 0002 0E46     		mov	r6, r1
ARM GAS  /var/folders/lp/x54gwt890xv47sdkqj1k04q40000gn/T//ccJkVEn4.s 			page 9


 228              	.LBB22:
 229              	.LBB21:
 230              		.loc 1 197 16 discriminator 1 view .LVU73
 231 0004 0746     		mov	r7, r0
 198:Drivers/lvgl/src/core/lv_obj_class.c **** 
 199:Drivers/lvgl/src/core/lv_obj_class.c ****     if(base == NULL) return 0;  /*Never happens: set at least in `lv_obj` class*/
 232              		.loc 1 199 29 discriminator 1 view .LVU74
 233 0006 0546     		mov	r5, r0
 197:Drivers/lvgl/src/core/lv_obj_class.c **** 
 234              		.loc 1 197 16 discriminator 1 view .LVU75
 235 0008 50B1     		cbz	r0, .L29
 197:Drivers/lvgl/src/core/lv_obj_class.c **** 
 236              		.loc 1 197 39 discriminator 2 view .LVU76
 237 000a 354C     		ldr	r4, .L55
 196:Drivers/lvgl/src/core/lv_obj_class.c ****     while(base && base->instance_size == 0) base = base->base_class;
 238              		.loc 1 196 28 view .LVU77
 239 000c 0346     		mov	r3, r0
 240 000e 01E0     		b	.L28
 241              	.LVL12:
 242              	.L30:
 197:Drivers/lvgl/src/core/lv_obj_class.c **** 
 243              		.loc 1 197 50 discriminator 3 view .LVU78
 244 0010 1B68     		ldr	r3, [r3]
 245              	.LVL13:
 197:Drivers/lvgl/src/core/lv_obj_class.c **** 
 246              		.loc 1 197 16 is_stmt 1 discriminator 1 view .LVU79
 247 0012 2BB1     		cbz	r3, .L29
 248              	.L28:
 197:Drivers/lvgl/src/core/lv_obj_class.c **** 
 249              		.loc 1 197 45 discriminator 3 view .LVU80
 197:Drivers/lvgl/src/core/lv_obj_class.c **** 
 250              		.loc 1 197 39 is_stmt 0 discriminator 2 view .LVU81
 251 0014 9A69     		ldr	r2, [r3, #24]
 197:Drivers/lvgl/src/core/lv_obj_class.c **** 
 252              		.loc 1 197 16 discriminator 2 view .LVU82
 253 0016 14EA0205 		ands	r5, r4, r2
 254 001a F9D0     		beq	.L30
 255              		.loc 1 199 5 is_stmt 1 view .LVU83
 200:Drivers/lvgl/src/core/lv_obj_class.c **** 
 201:Drivers/lvgl/src/core/lv_obj_class.c ****     return base->instance_size;
 256              		.loc 1 201 5 view .LVU84
 257              		.loc 1 201 16 is_stmt 0 view .LVU85
 258 001c C2F30F15 		ubfx	r5, r2, #4, #16
 259              	.LVL14:
 260              	.L29:
 261              		.loc 1 201 16 view .LVU86
 262              	.LBE21:
 263              	.LBE22:
  47:Drivers/lvgl/src/core/lv_obj_class.c ****     if(obj == NULL) return NULL;
 264              		.loc 1 47 5 is_stmt 1 view .LVU87
  47:Drivers/lvgl/src/core/lv_obj_class.c ****     if(obj == NULL) return NULL;
 265              		.loc 1 47 22 is_stmt 0 view .LVU88
 266 0020 2846     		mov	r0, r5
 267              	.LVL15:
  47:Drivers/lvgl/src/core/lv_obj_class.c ****     if(obj == NULL) return NULL;
 268              		.loc 1 47 22 view .LVU89
 269 0022 FFF7FEFF 		bl	lv_mem_alloc
ARM GAS  /var/folders/lp/x54gwt890xv47sdkqj1k04q40000gn/T//ccJkVEn4.s 			page 10


 270              	.LVL16:
  48:Drivers/lvgl/src/core/lv_obj_class.c ****     lv_memset_00(obj, s);
 271              		.loc 1 48 5 is_stmt 1 view .LVU90
  48:Drivers/lvgl/src/core/lv_obj_class.c ****     lv_memset_00(obj, s);
 272              		.loc 1 48 7 is_stmt 0 view .LVU91
 273 0026 0446     		mov	r4, r0
 274 0028 0028     		cmp	r0, #0
 275 002a 57D0     		beq	.L32
  49:Drivers/lvgl/src/core/lv_obj_class.c ****     obj->class_p = class_p;
 276              		.loc 1 49 5 is_stmt 1 view .LVU92
 277 002c 2946     		mov	r1, r5
 278 002e FFF7FEFF 		bl	lv_memset_00
 279              	.LVL17:
  50:Drivers/lvgl/src/core/lv_obj_class.c ****     obj->parent = parent;
 280              		.loc 1 50 5 view .LVU93
  51:Drivers/lvgl/src/core/lv_obj_class.c **** 
 281              		.loc 1 51 17 is_stmt 0 view .LVU94
 282 0032 C4E90076 		strd	r7, r6, [r4]
  54:Drivers/lvgl/src/core/lv_obj_class.c ****         LV_TRACE_OBJ_CREATE("creating a screen");
 283              		.loc 1 54 5 is_stmt 1 view .LVU95
  54:Drivers/lvgl/src/core/lv_obj_class.c ****         LV_TRACE_OBJ_CREATE("creating a screen");
 284              		.loc 1 54 7 is_stmt 0 view .LVU96
 285 0036 06B3     		cbz	r6, .L50
  82:Drivers/lvgl/src/core/lv_obj_class.c ****         LV_ASSERT_OBJ(parent, MY_CLASS);
 286              		.loc 1 82 54 is_stmt 1 view .LVU97
  83:Drivers/lvgl/src/core/lv_obj_class.c ****         if(parent->spec_attr == NULL) {
 287              		.loc 1 83 9 view .LVU98
  83:Drivers/lvgl/src/core/lv_obj_class.c ****         if(parent->spec_attr == NULL) {
 288              		.loc 1 83 9 view .LVU99
  83:Drivers/lvgl/src/core/lv_obj_class.c ****         if(parent->spec_attr == NULL) {
 289              		.loc 1 83 9 view .LVU100
  84:Drivers/lvgl/src/core/lv_obj_class.c ****             lv_obj_allocate_spec_attr(parent);
 290              		.loc 1 84 9 view .LVU101
  84:Drivers/lvgl/src/core/lv_obj_class.c ****             lv_obj_allocate_spec_attr(parent);
 291              		.loc 1 84 18 is_stmt 0 view .LVU102
 292 0038 B568     		ldr	r5, [r6, #8]
 293              	.LVL18:
  84:Drivers/lvgl/src/core/lv_obj_class.c ****             lv_obj_allocate_spec_attr(parent);
 294              		.loc 1 84 11 view .LVU103
 295 003a 002D     		cmp	r5, #0
 296 003c 3ED0     		beq	.L51
 297              	.L38:
  88:Drivers/lvgl/src/core/lv_obj_class.c ****             parent->spec_attr->children = lv_mem_alloc(sizeof(lv_obj_t *));
 298              		.loc 1 88 9 is_stmt 1 view .LVU104
  88:Drivers/lvgl/src/core/lv_obj_class.c ****             parent->spec_attr->children = lv_mem_alloc(sizeof(lv_obj_t *));
 299              		.loc 1 88 29 is_stmt 0 view .LVU105
 300 003e 2868     		ldr	r0, [r5]
  88:Drivers/lvgl/src/core/lv_obj_class.c ****             parent->spec_attr->children = lv_mem_alloc(sizeof(lv_obj_t *));
 301              		.loc 1 88 11 view .LVU106
 302 0040 80B1     		cbz	r0, .L52
  94:Drivers/lvgl/src/core/lv_obj_class.c ****             parent->spec_attr->children = lv_mem_realloc(parent->spec_attr->children,
 303              		.loc 1 94 13 is_stmt 1 view .LVU107
  94:Drivers/lvgl/src/core/lv_obj_class.c ****             parent->spec_attr->children = lv_mem_realloc(parent->spec_attr->children,
 304              		.loc 1 94 41 is_stmt 0 view .LVU108
 305 0042 6968     		ldr	r1, [r5, #4]
 306 0044 0131     		adds	r1, r1, #1
 307 0046 6960     		str	r1, [r5, #4]
ARM GAS  /var/folders/lp/x54gwt890xv47sdkqj1k04q40000gn/T//ccJkVEn4.s 			page 11


  95:Drivers/lvgl/src/core/lv_obj_class.c ****                                                          sizeof(lv_obj_t *) * parent->spec_attr->ch
 308              		.loc 1 95 13 is_stmt 1 view .LVU109
  95:Drivers/lvgl/src/core/lv_obj_class.c ****                                                          sizeof(lv_obj_t *) * parent->spec_attr->ch
 309              		.loc 1 95 43 is_stmt 0 view .LVU110
 310 0048 8900     		lsls	r1, r1, #2
 311 004a FFF7FEFF 		bl	lv_mem_realloc
 312              	.LVL19:
  97:Drivers/lvgl/src/core/lv_obj_class.c ****         }
 313              		.loc 1 97 19 view .LVU111
 314 004e B268     		ldr	r2, [r6, #8]
  95:Drivers/lvgl/src/core/lv_obj_class.c ****                                                          sizeof(lv_obj_t *) * parent->spec_attr->ch
 315              		.loc 1 95 41 discriminator 1 view .LVU112
 316 0050 2860     		str	r0, [r5]
  97:Drivers/lvgl/src/core/lv_obj_class.c ****         }
 317              		.loc 1 97 13 is_stmt 1 view .LVU113
  97:Drivers/lvgl/src/core/lv_obj_class.c ****         }
 318              		.loc 1 97 75 is_stmt 0 view .LVU114
 319 0052 D2E90023 		ldrd	r2, r3, [r2]
  97:Drivers/lvgl/src/core/lv_obj_class.c ****         }
 320              		.loc 1 97 40 view .LVU115
 321 0056 03F18043 		add	r3, r3, #1073741824
 322 005a 013B     		subs	r3, r3, #1
  97:Drivers/lvgl/src/core/lv_obj_class.c ****         }
 323              		.loc 1 97 75 view .LVU116
 324 005c 42F82340 		str	r4, [r2, r3, lsl #2]
 325              	.LVL20:
 326              	.L27:
 102:Drivers/lvgl/src/core/lv_obj_class.c **** 
 327              		.loc 1 102 1 view .LVU117
 328 0060 2046     		mov	r0, r4
 329 0062 F8BD     		pop	{r3, r4, r5, r6, r7, pc}
 330              	.LVL21:
 331              	.L52:
  89:Drivers/lvgl/src/core/lv_obj_class.c ****             parent->spec_attr->children[0] = obj;
 332              		.loc 1 89 13 is_stmt 1 view .LVU118
  89:Drivers/lvgl/src/core/lv_obj_class.c ****             parent->spec_attr->children[0] = obj;
 333              		.loc 1 89 43 is_stmt 0 view .LVU119
 334 0064 0420     		movs	r0, #4
 335 0066 FFF7FEFF 		bl	lv_mem_alloc
 336              	.LVL22:
  90:Drivers/lvgl/src/core/lv_obj_class.c ****             parent->spec_attr->child_cnt = 1;
 337              		.loc 1 90 19 view .LVU120
 338 006a B368     		ldr	r3, [r6, #8]
  89:Drivers/lvgl/src/core/lv_obj_class.c ****             parent->spec_attr->children[0] = obj;
 339              		.loc 1 89 41 discriminator 1 view .LVU121
 340 006c 2860     		str	r0, [r5]
  90:Drivers/lvgl/src/core/lv_obj_class.c ****             parent->spec_attr->child_cnt = 1;
 341              		.loc 1 90 13 is_stmt 1 view .LVU122
  90:Drivers/lvgl/src/core/lv_obj_class.c ****             parent->spec_attr->child_cnt = 1;
 342              		.loc 1 90 44 is_stmt 0 view .LVU123
 343 006e 1968     		ldr	r1, [r3]
  91:Drivers/lvgl/src/core/lv_obj_class.c ****         }
 344              		.loc 1 91 42 view .LVU124
 345 0070 0122     		movs	r2, #1
  90:Drivers/lvgl/src/core/lv_obj_class.c ****             parent->spec_attr->child_cnt = 1;
 346              		.loc 1 90 44 view .LVU125
 347 0072 0C60     		str	r4, [r1]
ARM GAS  /var/folders/lp/x54gwt890xv47sdkqj1k04q40000gn/T//ccJkVEn4.s 			page 12


  91:Drivers/lvgl/src/core/lv_obj_class.c ****         }
 348              		.loc 1 91 13 is_stmt 1 view .LVU126
 102:Drivers/lvgl/src/core/lv_obj_class.c **** 
 349              		.loc 1 102 1 is_stmt 0 view .LVU127
 350 0074 2046     		mov	r0, r4
  91:Drivers/lvgl/src/core/lv_obj_class.c ****         }
 351              		.loc 1 91 42 view .LVU128
 352 0076 5A60     		str	r2, [r3, #4]
 102:Drivers/lvgl/src/core/lv_obj_class.c **** 
 353              		.loc 1 102 1 view .LVU129
 354 0078 F8BD     		pop	{r3, r4, r5, r6, r7, pc}
 355              	.LVL23:
 356              	.L50:
 357              	.LBB23:
  55:Drivers/lvgl/src/core/lv_obj_class.c ****         lv_disp_t * disp = lv_disp_get_default();
 358              		.loc 1 55 49 is_stmt 1 view .LVU130
  56:Drivers/lvgl/src/core/lv_obj_class.c ****         if(!disp) {
 359              		.loc 1 56 9 view .LVU131
  56:Drivers/lvgl/src/core/lv_obj_class.c ****         if(!disp) {
 360              		.loc 1 56 28 is_stmt 0 view .LVU132
 361 007a FFF7FEFF 		bl	lv_disp_get_default
 362              	.LVL24:
  57:Drivers/lvgl/src/core/lv_obj_class.c ****             LV_LOG_WARN("No display created yet. No place to assign the new screen");
 363              		.loc 1 57 9 is_stmt 1 view .LVU133
  57:Drivers/lvgl/src/core/lv_obj_class.c ****             LV_LOG_WARN("No display created yet. No place to assign the new screen");
 364              		.loc 1 57 11 is_stmt 0 view .LVU134
 365 007e 0546     		mov	r5, r0
 366              	.LVL25:
  57:Drivers/lvgl/src/core/lv_obj_class.c ****             LV_LOG_WARN("No display created yet. No place to assign the new screen");
 367              		.loc 1 57 11 view .LVU135
 368 0080 48B3     		cbz	r0, .L53
  63:Drivers/lvgl/src/core/lv_obj_class.c ****             disp->screens = lv_mem_alloc(sizeof(lv_obj_t *));
 369              		.loc 1 63 9 is_stmt 1 view .LVU136
  63:Drivers/lvgl/src/core/lv_obj_class.c ****             disp->screens = lv_mem_alloc(sizeof(lv_obj_t *));
 370              		.loc 1 63 16 is_stmt 0 view .LVU137
 371 0082 C068     		ldr	r0, [r0, #12]
 372              	.LVL26:
  63:Drivers/lvgl/src/core/lv_obj_class.c ****             disp->screens = lv_mem_alloc(sizeof(lv_obj_t *));
 373              		.loc 1 63 11 view .LVU138
 374 0084 F8B1     		cbz	r0, .L54
  69:Drivers/lvgl/src/core/lv_obj_class.c ****             disp->screens = lv_mem_realloc(disp->screens, sizeof(lv_obj_t *) * disp->screen_cnt);
 375              		.loc 1 69 13 is_stmt 1 view .LVU139
  69:Drivers/lvgl/src/core/lv_obj_class.c ****             disp->screens = lv_mem_realloc(disp->screens, sizeof(lv_obj_t *) * disp->screen_cnt);
 376              		.loc 1 69 29 is_stmt 0 view .LVU140
 377 0086 696A     		ldr	r1, [r5, #36]
 378 0088 0131     		adds	r1, r1, #1
 379 008a 6962     		str	r1, [r5, #36]
  70:Drivers/lvgl/src/core/lv_obj_class.c ****             disp->screens[disp->screen_cnt - 1] = obj;
 380              		.loc 1 70 13 is_stmt 1 view .LVU141
  70:Drivers/lvgl/src/core/lv_obj_class.c ****             disp->screens[disp->screen_cnt - 1] = obj;
 381              		.loc 1 70 29 is_stmt 0 view .LVU142
 382 008c 8900     		lsls	r1, r1, #2
 383 008e FFF7FEFF 		bl	lv_mem_realloc
 384              	.LVL27:
  71:Drivers/lvgl/src/core/lv_obj_class.c ****         }
 385              		.loc 1 71 26 view .LVU143
 386 0092 6B6A     		ldr	r3, [r5, #36]
ARM GAS  /var/folders/lp/x54gwt890xv47sdkqj1k04q40000gn/T//ccJkVEn4.s 			page 13


  70:Drivers/lvgl/src/core/lv_obj_class.c ****             disp->screens[disp->screen_cnt - 1] = obj;
 387              		.loc 1 70 27 discriminator 1 view .LVU144
 388 0094 E860     		str	r0, [r5, #12]
  71:Drivers/lvgl/src/core/lv_obj_class.c ****         }
 389              		.loc 1 71 13 is_stmt 1 view .LVU145
  71:Drivers/lvgl/src/core/lv_obj_class.c ****         }
 390              		.loc 1 71 26 is_stmt 0 view .LVU146
 391 0096 03F18043 		add	r3, r3, #1073741824
 392 009a 013B     		subs	r3, r3, #1
  71:Drivers/lvgl/src/core/lv_obj_class.c ****         }
 393              		.loc 1 71 49 view .LVU147
 394 009c 40F82340 		str	r4, [r0, r3, lsl #2]
 395              	.L37:
  75:Drivers/lvgl/src/core/lv_obj_class.c ****         obj->coords.y1 = 0;
 396              		.loc 1 75 9 is_stmt 1 view .LVU148
  76:Drivers/lvgl/src/core/lv_obj_class.c ****         obj->coords.x2 = lv_disp_get_hor_res(NULL) - 1;
 397              		.loc 1 76 9 view .LVU149
  75:Drivers/lvgl/src/core/lv_obj_class.c ****         obj->coords.y1 = 0;
 398              		.loc 1 75 24 is_stmt 0 view .LVU150
 399 00a0 0025     		movs	r5, #0
 400              	.LVL28:
  75:Drivers/lvgl/src/core/lv_obj_class.c ****         obj->coords.y1 = 0;
 401              		.loc 1 75 24 view .LVU151
 402 00a2 6561     		str	r5, [r4, #20]
  77:Drivers/lvgl/src/core/lv_obj_class.c ****         obj->coords.y2 = lv_disp_get_ver_res(NULL) - 1;
 403              		.loc 1 77 9 is_stmt 1 view .LVU152
  77:Drivers/lvgl/src/core/lv_obj_class.c ****         obj->coords.y2 = lv_disp_get_ver_res(NULL) - 1;
 404              		.loc 1 77 26 is_stmt 0 view .LVU153
 405 00a4 2846     		mov	r0, r5
 406 00a6 FFF7FEFF 		bl	lv_disp_get_hor_res
 407              	.LVL29:
  77:Drivers/lvgl/src/core/lv_obj_class.c ****         obj->coords.y2 = lv_disp_get_ver_res(NULL) - 1;
 408              		.loc 1 77 52 discriminator 1 view .LVU154
 409 00aa 431E     		subs	r3, r0, #1
  77:Drivers/lvgl/src/core/lv_obj_class.c ****         obj->coords.y2 = lv_disp_get_ver_res(NULL) - 1;
 410              		.loc 1 77 24 discriminator 1 view .LVU155
 411 00ac 2383     		strh	r3, [r4, #24]	@ movhi
  78:Drivers/lvgl/src/core/lv_obj_class.c ****     }
 412              		.loc 1 78 9 is_stmt 1 view .LVU156
  78:Drivers/lvgl/src/core/lv_obj_class.c ****     }
 413              		.loc 1 78 26 is_stmt 0 view .LVU157
 414 00ae 2846     		mov	r0, r5
 415 00b0 FFF7FEFF 		bl	lv_disp_get_ver_res
 416              	.LVL30:
  78:Drivers/lvgl/src/core/lv_obj_class.c ****     }
 417              		.loc 1 78 52 discriminator 1 view .LVU158
 418 00b4 431E     		subs	r3, r0, #1
  78:Drivers/lvgl/src/core/lv_obj_class.c ****     }
 419              		.loc 1 78 24 discriminator 1 view .LVU159
 420 00b6 6383     		strh	r3, [r4, #26]	@ movhi
 421              	.LBE23:
 102:Drivers/lvgl/src/core/lv_obj_class.c **** 
 422              		.loc 1 102 1 view .LVU160
 423 00b8 2046     		mov	r0, r4
 424 00ba F8BD     		pop	{r3, r4, r5, r6, r7, pc}
 425              	.LVL31:
 426              	.L51:
ARM GAS  /var/folders/lp/x54gwt890xv47sdkqj1k04q40000gn/T//ccJkVEn4.s 			page 14


  85:Drivers/lvgl/src/core/lv_obj_class.c ****         }
 427              		.loc 1 85 13 is_stmt 1 view .LVU161
 428 00bc 3046     		mov	r0, r6
 429 00be FFF7FEFF 		bl	lv_obj_allocate_spec_attr
 430              	.LVL32:
  88:Drivers/lvgl/src/core/lv_obj_class.c ****             parent->spec_attr->children = lv_mem_alloc(sizeof(lv_obj_t *));
 431              		.loc 1 88 18 is_stmt 0 view .LVU162
 432 00c2 B568     		ldr	r5, [r6, #8]
 433 00c4 BBE7     		b	.L38
 434              	.LVL33:
 435              	.L54:
 436              	.LBB24:
  64:Drivers/lvgl/src/core/lv_obj_class.c ****             disp->screens[0] = obj;
 437              		.loc 1 64 13 is_stmt 1 view .LVU163
  64:Drivers/lvgl/src/core/lv_obj_class.c ****             disp->screens[0] = obj;
 438              		.loc 1 64 29 is_stmt 0 view .LVU164
 439 00c6 0420     		movs	r0, #4
 440 00c8 FFF7FEFF 		bl	lv_mem_alloc
 441              	.LVL34:
  66:Drivers/lvgl/src/core/lv_obj_class.c ****         }
 442              		.loc 1 66 30 view .LVU165
 443 00cc 0123     		movs	r3, #1
  64:Drivers/lvgl/src/core/lv_obj_class.c ****             disp->screens[0] = obj;
 444              		.loc 1 64 27 discriminator 1 view .LVU166
 445 00ce E860     		str	r0, [r5, #12]
  65:Drivers/lvgl/src/core/lv_obj_class.c ****             disp->screen_cnt = 1;
 446              		.loc 1 65 13 is_stmt 1 view .LVU167
  65:Drivers/lvgl/src/core/lv_obj_class.c ****             disp->screen_cnt = 1;
 447              		.loc 1 65 30 is_stmt 0 view .LVU168
 448 00d0 0460     		str	r4, [r0]
  66:Drivers/lvgl/src/core/lv_obj_class.c ****         }
 449              		.loc 1 66 13 is_stmt 1 view .LVU169
  66:Drivers/lvgl/src/core/lv_obj_class.c ****         }
 450              		.loc 1 66 30 is_stmt 0 view .LVU170
 451 00d2 6B62     		str	r3, [r5, #36]
 452 00d4 E4E7     		b	.L37
 453              	.LVL35:
 454              	.L53:
  58:Drivers/lvgl/src/core/lv_obj_class.c ****             lv_mem_free(obj);
 455              		.loc 1 58 13 is_stmt 1 view .LVU171
  58:Drivers/lvgl/src/core/lv_obj_class.c ****             lv_mem_free(obj);
 456              		.loc 1 58 13 view .LVU172
  58:Drivers/lvgl/src/core/lv_obj_class.c ****             lv_mem_free(obj);
 457              		.loc 1 58 13 view .LVU173
  59:Drivers/lvgl/src/core/lv_obj_class.c ****             return NULL;
 458              		.loc 1 59 13 view .LVU174
 459 00d6 2046     		mov	r0, r4
 460              	.LVL36:
  59:Drivers/lvgl/src/core/lv_obj_class.c ****             return NULL;
 461              		.loc 1 59 13 is_stmt 0 view .LVU175
 462 00d8 FFF7FEFF 		bl	lv_mem_free
 463              	.LVL37:
  60:Drivers/lvgl/src/core/lv_obj_class.c ****         }
 464              		.loc 1 60 13 is_stmt 1 view .LVU176
 465              	.L32:
  60:Drivers/lvgl/src/core/lv_obj_class.c ****         }
 466              		.loc 1 60 13 is_stmt 0 view .LVU177
ARM GAS  /var/folders/lp/x54gwt890xv47sdkqj1k04q40000gn/T//ccJkVEn4.s 			page 15


 467              	.LBE24:
  48:Drivers/lvgl/src/core/lv_obj_class.c ****     lv_memset_00(obj, s);
 468              		.loc 1 48 28 discriminator 1 view .LVU178
 469 00dc 0024     		movs	r4, #0
 470              	.LVL38:
  48:Drivers/lvgl/src/core/lv_obj_class.c ****     lv_memset_00(obj, s);
 471              		.loc 1 48 28 discriminator 1 view .LVU179
 472 00de BFE7     		b	.L27
 473              	.L56:
 474              		.align	2
 475              	.L55:
 476 00e0 F0FF0F00 		.word	1048560
 477              		.cfi_endproc
 478              	.LFE161:
 480              		.section	.text.lv_obj_class_init_obj,"ax",%progbits
 481              		.align	1
 482              		.p2align 2,,3
 483              		.global	lv_obj_class_init_obj
 484              		.syntax unified
 485              		.thumb
 486              		.thumb_func
 488              	lv_obj_class_init_obj:
 489              	.LVL39:
 490              	.LFB162:
 105:Drivers/lvgl/src/core/lv_obj_class.c ****     lv_obj_mark_layout_as_dirty(obj);
 491              		.loc 1 105 1 is_stmt 1 view -0
 492              		.cfi_startproc
 493              		@ args = 0, pretend = 0, frame = 0
 494              		@ frame_needed = 0, uses_anonymous_args = 0
 106:Drivers/lvgl/src/core/lv_obj_class.c ****     lv_obj_enable_style_refresh(false);
 495              		.loc 1 106 5 view .LVU181
 105:Drivers/lvgl/src/core/lv_obj_class.c ****     lv_obj_mark_layout_as_dirty(obj);
 496              		.loc 1 105 1 is_stmt 0 view .LVU182
 497 0000 2DE9F041 		push	{r4, r5, r6, r7, r8, lr}
 498              		.cfi_def_cfa_offset 24
 499              		.cfi_offset 4, -24
 500              		.cfi_offset 5, -20
 501              		.cfi_offset 6, -16
 502              		.cfi_offset 7, -12
 503              		.cfi_offset 8, -8
 504              		.cfi_offset 14, -4
 105:Drivers/lvgl/src/core/lv_obj_class.c ****     lv_obj_mark_layout_as_dirty(obj);
 505              		.loc 1 105 1 view .LVU183
 506 0004 0446     		mov	r4, r0
 106:Drivers/lvgl/src/core/lv_obj_class.c ****     lv_obj_enable_style_refresh(false);
 507              		.loc 1 106 5 view .LVU184
 508 0006 FFF7FEFF 		bl	lv_obj_mark_layout_as_dirty
 509              	.LVL40:
 107:Drivers/lvgl/src/core/lv_obj_class.c **** 
 510              		.loc 1 107 5 is_stmt 1 view .LVU185
 511 000a 0020     		movs	r0, #0
 512 000c FFF7FEFF 		bl	lv_obj_enable_style_refresh
 513              	.LVL41:
 109:Drivers/lvgl/src/core/lv_obj_class.c ****     lv_obj_construct(obj);
 514              		.loc 1 109 5 view .LVU186
 515 0010 2046     		mov	r0, r4
 516 0012 FFF7FEFF 		bl	lv_theme_apply
ARM GAS  /var/folders/lp/x54gwt890xv47sdkqj1k04q40000gn/T//ccJkVEn4.s 			page 16


 517              	.LVL42:
 110:Drivers/lvgl/src/core/lv_obj_class.c **** 
 518              		.loc 1 110 5 view .LVU187
 519              	.LBB35:
 520              	.LBI35:
 175:Drivers/lvgl/src/core/lv_obj_class.c **** {
 521              		.loc 1 175 13 view .LVU188
 522              	.LBB36:
 177:Drivers/lvgl/src/core/lv_obj_class.c **** 
 523              		.loc 1 177 5 view .LVU189
 177:Drivers/lvgl/src/core/lv_obj_class.c **** 
 524              		.loc 1 177 28 is_stmt 0 view .LVU190
 525 0016 2568     		ldr	r5, [r4]
 526              	.LVL43:
 179:Drivers/lvgl/src/core/lv_obj_class.c ****         /*Don't let the descendant methods run during constructing the ancestor type*/
 527              		.loc 1 179 5 is_stmt 1 view .LVU191
 179:Drivers/lvgl/src/core/lv_obj_class.c ****         /*Don't let the descendant methods run during constructing the ancestor type*/
 528              		.loc 1 179 20 is_stmt 0 view .LVU192
 529 0018 2E68     		ldr	r6, [r5]
 179:Drivers/lvgl/src/core/lv_obj_class.c ****         /*Don't let the descendant methods run during constructing the ancestor type*/
 530              		.loc 1 179 7 view .LVU193
 531 001a 16B3     		cbz	r6, .L59
 181:Drivers/lvgl/src/core/lv_obj_class.c **** 
 532              		.loc 1 181 9 is_stmt 1 view .LVU194
 184:Drivers/lvgl/src/core/lv_obj_class.c ****     }
 533              		.loc 1 184 9 view .LVU195
 534              	.LVL44:
 535              	.LBB37:
 536              	.LBI37:
 175:Drivers/lvgl/src/core/lv_obj_class.c **** {
 537              		.loc 1 175 13 view .LVU196
 538              	.LBB38:
 177:Drivers/lvgl/src/core/lv_obj_class.c **** 
 539              		.loc 1 177 5 view .LVU197
 179:Drivers/lvgl/src/core/lv_obj_class.c ****         /*Don't let the descendant methods run during constructing the ancestor type*/
 540              		.loc 1 179 5 view .LVU198
 179:Drivers/lvgl/src/core/lv_obj_class.c ****         /*Don't let the descendant methods run during constructing the ancestor type*/
 541              		.loc 1 179 20 is_stmt 0 view .LVU199
 542 001c 3768     		ldr	r7, [r6]
 179:Drivers/lvgl/src/core/lv_obj_class.c ****         /*Don't let the descendant methods run during constructing the ancestor type*/
 543              		.loc 1 179 7 view .LVU200
 544 001e D7B1     		cbz	r7, .L61
 181:Drivers/lvgl/src/core/lv_obj_class.c **** 
 545              		.loc 1 181 9 is_stmt 1 view .LVU201
 546              	.LBB39:
 547              	.LBB40:
 179:Drivers/lvgl/src/core/lv_obj_class.c ****         /*Don't let the descendant methods run during constructing the ancestor type*/
 548              		.loc 1 179 20 is_stmt 0 view .LVU202
 549 0020 D7F80080 		ldr	r8, [r7]
 550              	.LBE40:
 551              	.LBE39:
 181:Drivers/lvgl/src/core/lv_obj_class.c **** 
 552              		.loc 1 181 22 view .LVU203
 553 0024 2760     		str	r7, [r4]
 184:Drivers/lvgl/src/core/lv_obj_class.c ****     }
 554              		.loc 1 184 9 is_stmt 1 view .LVU204
 555              	.LVL45:
ARM GAS  /var/folders/lp/x54gwt890xv47sdkqj1k04q40000gn/T//ccJkVEn4.s 			page 17


 556              	.LBB44:
 557              	.LBI39:
 175:Drivers/lvgl/src/core/lv_obj_class.c **** {
 558              		.loc 1 175 13 view .LVU205
 559              	.LBB43:
 177:Drivers/lvgl/src/core/lv_obj_class.c **** 
 560              		.loc 1 177 5 view .LVU206
 179:Drivers/lvgl/src/core/lv_obj_class.c ****         /*Don't let the descendant methods run during constructing the ancestor type*/
 561              		.loc 1 179 5 view .LVU207
 179:Drivers/lvgl/src/core/lv_obj_class.c ****         /*Don't let the descendant methods run during constructing the ancestor type*/
 562              		.loc 1 179 7 is_stmt 0 view .LVU208
 563 0026 B8F1000F 		cmp	r8, #0
 564 002a 0ED0     		beq	.L63
 181:Drivers/lvgl/src/core/lv_obj_class.c **** 
 565              		.loc 1 181 9 is_stmt 1 view .LVU209
 184:Drivers/lvgl/src/core/lv_obj_class.c ****     }
 566              		.loc 1 184 9 view .LVU210
 567              	.LVL46:
 568              	.LBB41:
 569              	.LBI41:
 175:Drivers/lvgl/src/core/lv_obj_class.c **** {
 570              		.loc 1 175 13 view .LVU211
 571              	.LBB42:
 177:Drivers/lvgl/src/core/lv_obj_class.c **** 
 572              		.loc 1 177 5 view .LVU212
 179:Drivers/lvgl/src/core/lv_obj_class.c ****         /*Don't let the descendant methods run during constructing the ancestor type*/
 573              		.loc 1 179 5 view .LVU213
 179:Drivers/lvgl/src/core/lv_obj_class.c ****         /*Don't let the descendant methods run during constructing the ancestor type*/
 574              		.loc 1 179 20 is_stmt 0 view .LVU214
 575 002c D8F80030 		ldr	r3, [r8]
 179:Drivers/lvgl/src/core/lv_obj_class.c ****         /*Don't let the descendant methods run during constructing the ancestor type*/
 576              		.loc 1 179 7 view .LVU215
 577 0030 1BB1     		cbz	r3, .L64
 181:Drivers/lvgl/src/core/lv_obj_class.c **** 
 578              		.loc 1 181 9 is_stmt 1 view .LVU216
 181:Drivers/lvgl/src/core/lv_obj_class.c **** 
 579              		.loc 1 181 22 is_stmt 0 view .LVU217
 580 0032 2360     		str	r3, [r4]
 184:Drivers/lvgl/src/core/lv_obj_class.c ****     }
 581              		.loc 1 184 9 is_stmt 1 view .LVU218
 582 0034 2046     		mov	r0, r4
 583 0036 FFF7FEFF 		bl	lv_obj_construct
 584              	.LVL47:
 585              	.L64:
 188:Drivers/lvgl/src/core/lv_obj_class.c **** 
 586              		.loc 1 188 5 view .LVU219
 190:Drivers/lvgl/src/core/lv_obj_class.c **** }
 587              		.loc 1 190 20 is_stmt 0 view .LVU220
 588 003a D8F80430 		ldr	r3, [r8, #4]
 188:Drivers/lvgl/src/core/lv_obj_class.c **** 
 589              		.loc 1 188 18 view .LVU221
 590 003e C4F80080 		str	r8, [r4]
 190:Drivers/lvgl/src/core/lv_obj_class.c **** }
 591              		.loc 1 190 5 is_stmt 1 view .LVU222
 190:Drivers/lvgl/src/core/lv_obj_class.c **** }
 592              		.loc 1 190 7 is_stmt 0 view .LVU223
 593 0042 13B1     		cbz	r3, .L63
ARM GAS  /var/folders/lp/x54gwt890xv47sdkqj1k04q40000gn/T//ccJkVEn4.s 			page 18


 190:Drivers/lvgl/src/core/lv_obj_class.c **** }
 594              		.loc 1 190 38 is_stmt 1 discriminator 1 view .LVU224
 595 0044 4046     		mov	r0, r8
 596 0046 2146     		mov	r1, r4
 597 0048 9847     		blx	r3
 598              	.LVL48:
 599              	.L63:
 190:Drivers/lvgl/src/core/lv_obj_class.c **** }
 600              		.loc 1 190 38 is_stmt 0 discriminator 1 view .LVU225
 601              	.LBE42:
 602              	.LBE41:
 188:Drivers/lvgl/src/core/lv_obj_class.c **** 
 603              		.loc 1 188 5 is_stmt 1 view .LVU226
 190:Drivers/lvgl/src/core/lv_obj_class.c **** }
 604              		.loc 1 190 20 is_stmt 0 view .LVU227
 605 004a 7B68     		ldr	r3, [r7, #4]
 188:Drivers/lvgl/src/core/lv_obj_class.c **** 
 606              		.loc 1 188 18 view .LVU228
 607 004c 2760     		str	r7, [r4]
 190:Drivers/lvgl/src/core/lv_obj_class.c **** }
 608              		.loc 1 190 5 is_stmt 1 view .LVU229
 190:Drivers/lvgl/src/core/lv_obj_class.c **** }
 609              		.loc 1 190 7 is_stmt 0 view .LVU230
 610 004e 13B1     		cbz	r3, .L61
 190:Drivers/lvgl/src/core/lv_obj_class.c **** }
 611              		.loc 1 190 38 is_stmt 1 discriminator 1 view .LVU231
 612 0050 3846     		mov	r0, r7
 613 0052 2146     		mov	r1, r4
 614 0054 9847     		blx	r3
 615              	.LVL49:
 616              	.L61:
 190:Drivers/lvgl/src/core/lv_obj_class.c **** }
 617              		.loc 1 190 38 is_stmt 0 discriminator 1 view .LVU232
 618              	.LBE43:
 619              	.LBE44:
 188:Drivers/lvgl/src/core/lv_obj_class.c **** 
 620              		.loc 1 188 5 is_stmt 1 view .LVU233
 190:Drivers/lvgl/src/core/lv_obj_class.c **** }
 621              		.loc 1 190 20 is_stmt 0 view .LVU234
 622 0056 7368     		ldr	r3, [r6, #4]
 188:Drivers/lvgl/src/core/lv_obj_class.c **** 
 623              		.loc 1 188 18 view .LVU235
 624 0058 2660     		str	r6, [r4]
 190:Drivers/lvgl/src/core/lv_obj_class.c **** }
 625              		.loc 1 190 5 is_stmt 1 view .LVU236
 190:Drivers/lvgl/src/core/lv_obj_class.c **** }
 626              		.loc 1 190 7 is_stmt 0 view .LVU237
 627 005a 13B1     		cbz	r3, .L59
 190:Drivers/lvgl/src/core/lv_obj_class.c **** }
 628              		.loc 1 190 38 is_stmt 1 discriminator 1 view .LVU238
 629 005c 2146     		mov	r1, r4
 630 005e 3046     		mov	r0, r6
 631 0060 9847     		blx	r3
 632              	.LVL50:
 633              	.L59:
 190:Drivers/lvgl/src/core/lv_obj_class.c **** }
 634              		.loc 1 190 38 is_stmt 0 discriminator 1 view .LVU239
ARM GAS  /var/folders/lp/x54gwt890xv47sdkqj1k04q40000gn/T//ccJkVEn4.s 			page 19


 635              	.LBE38:
 636              	.LBE37:
 188:Drivers/lvgl/src/core/lv_obj_class.c **** 
 637              		.loc 1 188 5 is_stmt 1 view .LVU240
 190:Drivers/lvgl/src/core/lv_obj_class.c **** }
 638              		.loc 1 190 20 is_stmt 0 view .LVU241
 639 0062 6B68     		ldr	r3, [r5, #4]
 188:Drivers/lvgl/src/core/lv_obj_class.c **** 
 640              		.loc 1 188 18 view .LVU242
 641 0064 2560     		str	r5, [r4]
 190:Drivers/lvgl/src/core/lv_obj_class.c **** }
 642              		.loc 1 190 5 is_stmt 1 view .LVU243
 190:Drivers/lvgl/src/core/lv_obj_class.c **** }
 643              		.loc 1 190 7 is_stmt 0 view .LVU244
 644 0066 13B1     		cbz	r3, .L68
 190:Drivers/lvgl/src/core/lv_obj_class.c **** }
 645              		.loc 1 190 38 is_stmt 1 discriminator 1 view .LVU245
 646 0068 2146     		mov	r1, r4
 647 006a 2846     		mov	r0, r5
 648 006c 9847     		blx	r3
 649              	.LVL51:
 650              	.L68:
 190:Drivers/lvgl/src/core/lv_obj_class.c **** }
 651              		.loc 1 190 38 is_stmt 0 discriminator 1 view .LVU246
 652              	.LBE36:
 653              	.LBE35:
 112:Drivers/lvgl/src/core/lv_obj_class.c ****     lv_obj_refresh_style(obj, LV_PART_ANY, LV_STYLE_PROP_ANY);
 654              		.loc 1 112 5 is_stmt 1 view .LVU247
 655 006e 0120     		movs	r0, #1
 656 0070 FFF7FEFF 		bl	lv_obj_enable_style_refresh
 657              	.LVL52:
 113:Drivers/lvgl/src/core/lv_obj_class.c **** 
 658              		.loc 1 113 5 view .LVU248
 659 0074 4FF6FF72 		movw	r2, #65535
 660 0078 4FF47021 		mov	r1, #983040
 661 007c 2046     		mov	r0, r4
 662 007e FFF7FEFF 		bl	lv_obj_refresh_style
 663              	.LVL53:
 115:Drivers/lvgl/src/core/lv_obj_class.c **** 
 664              		.loc 1 115 5 view .LVU249
 665 0082 2046     		mov	r0, r4
 666 0084 FFF7FEFF 		bl	lv_obj_refresh_self_size
 667              	.LVL54:
 117:Drivers/lvgl/src/core/lv_obj_class.c ****     if(def_group && lv_obj_is_group_def(obj)) {
 668              		.loc 1 117 5 view .LVU250
 117:Drivers/lvgl/src/core/lv_obj_class.c ****     if(def_group && lv_obj_is_group_def(obj)) {
 669              		.loc 1 117 30 is_stmt 0 view .LVU251
 670 0088 FFF7FEFF 		bl	lv_group_get_default
 671              	.LVL55:
 118:Drivers/lvgl/src/core/lv_obj_class.c ****         lv_group_add_obj(def_group, obj);
 672              		.loc 1 118 5 is_stmt 1 view .LVU252
 118:Drivers/lvgl/src/core/lv_obj_class.c ****         lv_group_add_obj(def_group, obj);
 673              		.loc 1 118 7 is_stmt 0 view .LVU253
 674 008c 50B1     		cbz	r0, .L69
 675              	.LVL56:
 676              	.LBB45:
 677              	.LBI45:
ARM GAS  /var/folders/lp/x54gwt890xv47sdkqj1k04q40000gn/T//ccJkVEn4.s 			page 20


 159:Drivers/lvgl/src/core/lv_obj_class.c **** {
 678              		.loc 1 159 6 is_stmt 1 view .LVU254
 679              	.LBB46:
 161:Drivers/lvgl/src/core/lv_obj_class.c **** 
 680              		.loc 1 161 5 view .LVU255
 161:Drivers/lvgl/src/core/lv_obj_class.c **** 
 681              		.loc 1 161 28 is_stmt 0 view .LVU256
 682 008e 2268     		ldr	r2, [r4]
 683              	.LVL57:
 164:Drivers/lvgl/src/core/lv_obj_class.c **** 
 684              		.loc 1 164 5 is_stmt 1 view .LVU257
 164:Drivers/lvgl/src/core/lv_obj_class.c **** 
 685              		.loc 1 164 19 discriminator 1 view .LVU258
 686 0090 12B9     		cbnz	r2, .L70
 687 0092 07E0     		b	.L69
 688              	.L71:
 164:Drivers/lvgl/src/core/lv_obj_class.c **** 
 689              		.loc 1 164 84 is_stmt 0 discriminator 3 view .LVU259
 690 0094 1268     		ldr	r2, [r2]
 691              	.LVL58:
 164:Drivers/lvgl/src/core/lv_obj_class.c **** 
 692              		.loc 1 164 19 is_stmt 1 discriminator 1 view .LVU260
 693 0096 2AB1     		cbz	r2, .L69
 694              	.L70:
 164:Drivers/lvgl/src/core/lv_obj_class.c **** 
 695              		.loc 1 164 76 discriminator 3 view .LVU261
 164:Drivers/lvgl/src/core/lv_obj_class.c **** 
 696              		.loc 1 164 41 is_stmt 0 discriminator 2 view .LVU262
 697 0098 137E     		ldrb	r3, [r2, #24]	@ zero_extendqisi2
 164:Drivers/lvgl/src/core/lv_obj_class.c **** 
 698              		.loc 1 164 19 discriminator 2 view .LVU263
 699 009a 13F00C03 		ands	r3, r3, #12
 700 009e F9D0     		beq	.L71
 166:Drivers/lvgl/src/core/lv_obj_class.c **** 
 701              		.loc 1 166 5 is_stmt 1 view .LVU264
 168:Drivers/lvgl/src/core/lv_obj_class.c **** }
 702              		.loc 1 168 5 view .LVU265
 703              	.LVL59:
 168:Drivers/lvgl/src/core/lv_obj_class.c **** }
 704              		.loc 1 168 5 is_stmt 0 view .LVU266
 705              	.LBE46:
 706              	.LBE45:
 118:Drivers/lvgl/src/core/lv_obj_class.c ****         lv_group_add_obj(def_group, obj);
 707              		.loc 1 118 18 discriminator 1 view .LVU267
 708 00a0 042B     		cmp	r3, #4
 709 00a2 14D0     		beq	.L99
 710              	.LVL60:
 711              	.L69:
 122:Drivers/lvgl/src/core/lv_obj_class.c ****     if(parent) {
 712              		.loc 1 122 5 is_stmt 1 view .LVU268
 122:Drivers/lvgl/src/core/lv_obj_class.c ****     if(parent) {
 713              		.loc 1 122 25 is_stmt 0 view .LVU269
 714 00a4 2046     		mov	r0, r4
 715 00a6 FFF7FEFF 		bl	lv_obj_get_parent
 716              	.LVL61:
 123:Drivers/lvgl/src/core/lv_obj_class.c ****         /*Call the ancestor's event handler to the parent to notify it about the new child.
 717              		.loc 1 123 5 is_stmt 1 view .LVU270
ARM GAS  /var/folders/lp/x54gwt890xv47sdkqj1k04q40000gn/T//ccJkVEn4.s 			page 21


 123:Drivers/lvgl/src/core/lv_obj_class.c ****         /*Call the ancestor's event handler to the parent to notify it about the new child.
 718              		.loc 1 123 7 is_stmt 0 view .LVU271
 719 00aa 0546     		mov	r5, r0
 720 00ac 68B1     		cbz	r0, .L57
 126:Drivers/lvgl/src/core/lv_obj_class.c ****         lv_event_send(parent, LV_EVENT_CHILD_CREATED, obj);
 721              		.loc 1 126 9 is_stmt 1 view .LVU272
 722 00ae 2246     		mov	r2, r4
 723 00b0 2221     		movs	r1, #34
 724 00b2 FFF7FEFF 		bl	lv_event_send
 725              	.LVL62:
 127:Drivers/lvgl/src/core/lv_obj_class.c **** 
 726              		.loc 1 127 9 view .LVU273
 727 00b6 2246     		mov	r2, r4
 728 00b8 2846     		mov	r0, r5
 729 00ba 2321     		movs	r1, #35
 730 00bc FFF7FEFF 		bl	lv_event_send
 731              	.LVL63:
 130:Drivers/lvgl/src/core/lv_obj_class.c ****     }
 732              		.loc 1 130 9 view .LVU274
 733 00c0 2046     		mov	r0, r4
 132:Drivers/lvgl/src/core/lv_obj_class.c **** 
 734              		.loc 1 132 1 is_stmt 0 view .LVU275
 735 00c2 BDE8F041 		pop	{r4, r5, r6, r7, r8, lr}
 736              		.cfi_remember_state
 737              		.cfi_restore 14
 738              		.cfi_restore 8
 739              		.cfi_restore 7
 740              		.cfi_restore 6
 741              		.cfi_restore 5
 742              		.cfi_restore 4
 743              		.cfi_def_cfa_offset 0
 744              	.LVL64:
 130:Drivers/lvgl/src/core/lv_obj_class.c ****     }
 745              		.loc 1 130 9 view .LVU276
 746 00c6 FFF7FEBF 		b	lv_obj_invalidate
 747              	.LVL65:
 748              	.L57:
 749              		.cfi_restore_state
 132:Drivers/lvgl/src/core/lv_obj_class.c **** 
 750              		.loc 1 132 1 view .LVU277
 751 00ca BDE8F081 		pop	{r4, r5, r6, r7, r8, pc}
 752              	.LVL66:
 753              	.L99:
 119:Drivers/lvgl/src/core/lv_obj_class.c ****     }
 754              		.loc 1 119 9 is_stmt 1 view .LVU278
 755 00ce 2146     		mov	r1, r4
 756 00d0 FFF7FEFF 		bl	lv_group_add_obj
 757              	.LVL67:
 119:Drivers/lvgl/src/core/lv_obj_class.c ****     }
 758              		.loc 1 119 9 is_stmt 0 view .LVU279
 759 00d4 E6E7     		b	.L69
 760              		.cfi_endproc
 761              	.LFE162:
 763 00d6 00BF     		.section	.text._lv_obj_destruct,"ax",%progbits
 764              		.align	1
 765              		.p2align 2,,3
 766              		.global	_lv_obj_destruct
ARM GAS  /var/folders/lp/x54gwt890xv47sdkqj1k04q40000gn/T//ccJkVEn4.s 			page 22


 767              		.syntax unified
 768              		.thumb
 769              		.thumb_func
 771              	_lv_obj_destruct:
 772              	.LVL68:
 773              	.LFB163:
 135:Drivers/lvgl/src/core/lv_obj_class.c ****     if(obj->class_p->destructor_cb) obj->class_p->destructor_cb(obj->class_p, obj);
 774              		.loc 1 135 1 is_stmt 1 view -0
 775              		.cfi_startproc
 776              		@ args = 0, pretend = 0, frame = 0
 777              		@ frame_needed = 0, uses_anonymous_args = 0
 135:Drivers/lvgl/src/core/lv_obj_class.c ****     if(obj->class_p->destructor_cb) obj->class_p->destructor_cb(obj->class_p, obj);
 778              		.loc 1 135 1 is_stmt 0 view .LVU281
 779 0000 10B5     		push	{r4, lr}
 780              		.cfi_def_cfa_offset 8
 781              		.cfi_offset 4, -8
 782              		.cfi_offset 14, -4
 135:Drivers/lvgl/src/core/lv_obj_class.c ****     if(obj->class_p->destructor_cb) obj->class_p->destructor_cb(obj->class_p, obj);
 783              		.loc 1 135 1 view .LVU282
 784 0002 0446     		mov	r4, r0
 136:Drivers/lvgl/src/core/lv_obj_class.c **** 
 785              		.loc 1 136 11 view .LVU283
 786 0004 0068     		ldr	r0, [r0]
 787              	.LVL69:
 136:Drivers/lvgl/src/core/lv_obj_class.c **** 
 788              		.loc 1 136 11 view .LVU284
 789 0006 00E0     		b	.L103
 790              	.L108:
 140:Drivers/lvgl/src/core/lv_obj_class.c **** 
 791              		.loc 1 140 22 view .LVU285
 792 0008 2060     		str	r0, [r4]
 143:Drivers/lvgl/src/core/lv_obj_class.c ****     }
 793              		.loc 1 143 9 is_stmt 1 view .LVU286
 794              	.L103:
 136:Drivers/lvgl/src/core/lv_obj_class.c **** 
 795              		.loc 1 136 5 view .LVU287
 136:Drivers/lvgl/src/core/lv_obj_class.c **** 
 796              		.loc 1 136 37 discriminator 1 view .LVU288
 136:Drivers/lvgl/src/core/lv_obj_class.c **** 
 797              		.loc 1 136 20 is_stmt 0 view .LVU289
 798 000a 8368     		ldr	r3, [r0, #8]
 136:Drivers/lvgl/src/core/lv_obj_class.c **** 
 799              		.loc 1 136 37 discriminator 1 view .LVU290
 800 000c 2146     		mov	r1, r4
 136:Drivers/lvgl/src/core/lv_obj_class.c **** 
 801              		.loc 1 136 7 view .LVU291
 802 000e 0BB1     		cbz	r3, .L101
 803              	.LVL70:
 136:Drivers/lvgl/src/core/lv_obj_class.c **** 
 804              		.loc 1 136 37 discriminator 1 view .LVU292
 805 0010 9847     		blx	r3
 806              	.LVL71:
 138:Drivers/lvgl/src/core/lv_obj_class.c ****         /*Don't let the descendant methods run during destructing the ancestor type*/
 807              		.loc 1 138 11 view .LVU293
 808 0012 2068     		ldr	r0, [r4]
 809              	.L101:
 138:Drivers/lvgl/src/core/lv_obj_class.c ****         /*Don't let the descendant methods run during destructing the ancestor type*/
ARM GAS  /var/folders/lp/x54gwt890xv47sdkqj1k04q40000gn/T//ccJkVEn4.s 			page 23


 810              		.loc 1 138 5 is_stmt 1 view .LVU294
 140:Drivers/lvgl/src/core/lv_obj_class.c **** 
 811              		.loc 1 140 9 view .LVU295
 138:Drivers/lvgl/src/core/lv_obj_class.c ****         /*Don't let the descendant methods run during destructing the ancestor type*/
 812              		.loc 1 138 20 is_stmt 0 view .LVU296
 813 0014 0068     		ldr	r0, [r0]
 138:Drivers/lvgl/src/core/lv_obj_class.c ****         /*Don't let the descendant methods run during destructing the ancestor type*/
 814              		.loc 1 138 7 view .LVU297
 815 0016 0028     		cmp	r0, #0
 816 0018 F6D1     		bne	.L108
 145:Drivers/lvgl/src/core/lv_obj_class.c **** 
 817              		.loc 1 145 1 view .LVU298
 818 001a 10BD     		pop	{r4, pc}
 145:Drivers/lvgl/src/core/lv_obj_class.c **** 
 819              		.loc 1 145 1 view .LVU299
 820              		.cfi_endproc
 821              	.LFE163:
 823              		.section	.text.lv_obj_is_editable,"ax",%progbits
 824              		.align	1
 825              		.p2align 2,,3
 826              		.global	lv_obj_is_editable
 827              		.syntax unified
 828              		.thumb
 829              		.thumb_func
 831              	lv_obj_is_editable:
 832              	.LVL72:
 833              	.LFB164:
 148:Drivers/lvgl/src/core/lv_obj_class.c ****     const lv_obj_class_t * class_p = obj->class_p;
 834              		.loc 1 148 1 is_stmt 1 view -0
 835              		.cfi_startproc
 836              		@ args = 0, pretend = 0, frame = 0
 837              		@ frame_needed = 0, uses_anonymous_args = 0
 838              		@ link register save eliminated.
 149:Drivers/lvgl/src/core/lv_obj_class.c **** 
 839              		.loc 1 149 5 view .LVU301
 149:Drivers/lvgl/src/core/lv_obj_class.c **** 
 840              		.loc 1 149 28 is_stmt 0 view .LVU302
 841 0000 0068     		ldr	r0, [r0]
 842              	.LVL73:
 152:Drivers/lvgl/src/core/lv_obj_class.c **** 
 843              		.loc 1 152 5 is_stmt 1 view .LVU303
 152:Drivers/lvgl/src/core/lv_obj_class.c **** 
 844              		.loc 1 152 19 discriminator 1 view .LVU304
 845 0002 10B9     		cbnz	r0, .L110
 846 0004 0BE0     		b	.L118
 847              	.L112:
 152:Drivers/lvgl/src/core/lv_obj_class.c **** 
 848              		.loc 1 152 82 is_stmt 0 discriminator 3 view .LVU305
 849 0006 0068     		ldr	r0, [r0]
 850              	.LVL74:
 152:Drivers/lvgl/src/core/lv_obj_class.c **** 
 851              		.loc 1 152 19 is_stmt 1 discriminator 1 view .LVU306
 852 0008 40B1     		cbz	r0, .L116
 853              	.L110:
 152:Drivers/lvgl/src/core/lv_obj_class.c **** 
 854              		.loc 1 152 74 discriminator 3 view .LVU307
 152:Drivers/lvgl/src/core/lv_obj_class.c **** 
ARM GAS  /var/folders/lp/x54gwt890xv47sdkqj1k04q40000gn/T//ccJkVEn4.s 			page 24


 855              		.loc 1 152 40 is_stmt 0 discriminator 2 view .LVU308
 856 000a 037E     		ldrb	r3, [r0, #24]	@ zero_extendqisi2
 152:Drivers/lvgl/src/core/lv_obj_class.c **** 
 857              		.loc 1 152 19 discriminator 2 view .LVU309
 858 000c 13F00303 		ands	r3, r3, #3
 859 0010 F9D0     		beq	.L112
 154:Drivers/lvgl/src/core/lv_obj_class.c **** 
 860              		.loc 1 154 5 is_stmt 1 view .LVU310
 156:Drivers/lvgl/src/core/lv_obj_class.c **** }
 861              		.loc 1 156 5 view .LVU311
 156:Drivers/lvgl/src/core/lv_obj_class.c **** }
 862              		.loc 1 156 67 is_stmt 0 view .LVU312
 863 0012 A3F10100 		sub	r0, r3, #1
 864              	.LVL75:
 156:Drivers/lvgl/src/core/lv_obj_class.c **** }
 865              		.loc 1 156 67 view .LVU313
 866 0016 B0FA80F0 		clz	r0, r0
 867 001a 4009     		lsrs	r0, r0, #5
 868              	.LVL76:
 869              	.L116:
 157:Drivers/lvgl/src/core/lv_obj_class.c **** 
 870              		.loc 1 157 1 view .LVU314
 871 001c 7047     		bx	lr
 872              	.LVL77:
 873              	.L118:
 157:Drivers/lvgl/src/core/lv_obj_class.c **** 
 874              		.loc 1 157 1 view .LVU315
 875 001e 7047     		bx	lr
 876              		.cfi_endproc
 877              	.LFE164:
 879              		.section	.text.lv_obj_is_group_def,"ax",%progbits
 880              		.align	1
 881              		.p2align 2,,3
 882              		.global	lv_obj_is_group_def
 883              		.syntax unified
 884              		.thumb
 885              		.thumb_func
 887              	lv_obj_is_group_def:
 888              	.LVL78:
 889              	.LFB165:
 160:Drivers/lvgl/src/core/lv_obj_class.c ****     const lv_obj_class_t * class_p = obj->class_p;
 890              		.loc 1 160 1 is_stmt 1 view -0
 891              		.cfi_startproc
 892              		@ args = 0, pretend = 0, frame = 0
 893              		@ frame_needed = 0, uses_anonymous_args = 0
 894              		@ link register save eliminated.
 161:Drivers/lvgl/src/core/lv_obj_class.c **** 
 895              		.loc 1 161 5 view .LVU317
 161:Drivers/lvgl/src/core/lv_obj_class.c **** 
 896              		.loc 1 161 28 is_stmt 0 view .LVU318
 897 0000 0068     		ldr	r0, [r0]
 898              	.LVL79:
 164:Drivers/lvgl/src/core/lv_obj_class.c **** 
 899              		.loc 1 164 5 is_stmt 1 view .LVU319
 164:Drivers/lvgl/src/core/lv_obj_class.c **** 
 900              		.loc 1 164 19 discriminator 1 view .LVU320
 901 0002 10B9     		cbnz	r0, .L120
ARM GAS  /var/folders/lp/x54gwt890xv47sdkqj1k04q40000gn/T//ccJkVEn4.s 			page 25


 902 0004 0BE0     		b	.L128
 903              	.L122:
 164:Drivers/lvgl/src/core/lv_obj_class.c **** 
 904              		.loc 1 164 84 is_stmt 0 discriminator 3 view .LVU321
 905 0006 0068     		ldr	r0, [r0]
 906              	.LVL80:
 164:Drivers/lvgl/src/core/lv_obj_class.c **** 
 907              		.loc 1 164 19 is_stmt 1 discriminator 1 view .LVU322
 908 0008 40B1     		cbz	r0, .L126
 909              	.L120:
 164:Drivers/lvgl/src/core/lv_obj_class.c **** 
 910              		.loc 1 164 76 discriminator 3 view .LVU323
 164:Drivers/lvgl/src/core/lv_obj_class.c **** 
 911              		.loc 1 164 41 is_stmt 0 discriminator 2 view .LVU324
 912 000a 037E     		ldrb	r3, [r0, #24]	@ zero_extendqisi2
 164:Drivers/lvgl/src/core/lv_obj_class.c **** 
 913              		.loc 1 164 19 discriminator 2 view .LVU325
 914 000c 13F00C03 		ands	r3, r3, #12
 915 0010 F9D0     		beq	.L122
 166:Drivers/lvgl/src/core/lv_obj_class.c **** 
 916              		.loc 1 166 5 is_stmt 1 view .LVU326
 168:Drivers/lvgl/src/core/lv_obj_class.c **** }
 917              		.loc 1 168 5 view .LVU327
 168:Drivers/lvgl/src/core/lv_obj_class.c **** }
 918              		.loc 1 168 69 is_stmt 0 view .LVU328
 919 0012 A3F10400 		sub	r0, r3, #4
 920              	.LVL81:
 168:Drivers/lvgl/src/core/lv_obj_class.c **** }
 921              		.loc 1 168 69 view .LVU329
 922 0016 B0FA80F0 		clz	r0, r0
 923 001a 4009     		lsrs	r0, r0, #5
 924              	.LVL82:
 925              	.L126:
 169:Drivers/lvgl/src/core/lv_obj_class.c **** 
 926              		.loc 1 169 1 view .LVU330
 927 001c 7047     		bx	lr
 928              	.LVL83:
 929              	.L128:
 169:Drivers/lvgl/src/core/lv_obj_class.c **** 
 930              		.loc 1 169 1 view .LVU331
 931 001e 7047     		bx	lr
 932              		.cfi_endproc
 933              	.LFE165:
 935              		.text
 936              	.Letext0:
 937              		.file 2 "/Users/jr/Library/Application Support/Code/User/globalStorage/bmd.stm32-for-vscode/@xpack
 938              		.file 3 "/Users/jr/Library/Application Support/Code/User/globalStorage/bmd.stm32-for-vscode/@xpack
 939              		.file 4 "/Users/jr/Library/Application Support/Code/User/globalStorage/bmd.stm32-for-vscode/@xpack
 940              		.file 5 "Drivers/lvgl/src/core/../misc/../font/../misc/lv_area.h"
 941              		.file 6 "Drivers/lvgl/src/core/../misc/../font/lv_font.h"
 942              		.file 7 "Drivers/lvgl/src/core/../misc/lv_types.h"
 943              		.file 8 "Drivers/lvgl/src/core/../misc/lv_color.h"
 944              		.file 9 "Drivers/lvgl/src/core/../misc/lv_txt.h"
 945              		.file 10 "Drivers/lvgl/src/core/../misc/lv_bidi.h"
 946              		.file 11 "Drivers/lvgl/src/core/../misc/lv_style.h"
 947              		.file 12 "Drivers/lvgl/src/core/../hal/../draw/lv_img_buf.h"
 948              		.file 13 "Drivers/lvgl/src/core/lv_obj.h"
ARM GAS  /var/folders/lp/x54gwt890xv47sdkqj1k04q40000gn/T//ccJkVEn4.s 			page 26


 949              		.file 14 "Drivers/lvgl/src/core/../hal/../draw/lv_draw_rect.h"
 950              		.file 15 "Drivers/lvgl/src/core/../hal/../draw/lv_draw_label.h"
 951              		.file 16 "Drivers/lvgl/src/core/../hal/../draw/lv_draw_img.h"
 952              		.file 17 "Drivers/lvgl/src/core/../hal/../draw/lv_draw_line.h"
 953              		.file 18 "Drivers/lvgl/src/core/../hal/../draw/lv_draw_arc.h"
 954              		.file 19 "Drivers/lvgl/src/core/../hal/../draw/lv_draw_layer.h"
 955              		.file 20 "Drivers/lvgl/src/core/../hal/../draw/lv_draw.h"
 956              		.file 21 "Drivers/lvgl/src/core/../hal/../misc/lv_ll.h"
 957              		.file 22 "Drivers/lvgl/src/core/../hal/../misc/lv_timer.h"
 958              		.file 23 "Drivers/lvgl/src/core/../hal/lv_hal_disp.h"
 959              		.file 24 "Drivers/lvgl/src/core/lv_theme.h"
 960              		.file 25 "Drivers/lvgl/src/core/lv_group.h"
 961              		.file 26 "Drivers/lvgl/src/core/lv_obj_scroll.h"
 962              		.file 27 "Drivers/lvgl/src/core/lv_obj_style.h"
 963              		.file 28 "Drivers/lvgl/src/core/lv_obj_class.h"
 964              		.file 29 "Drivers/lvgl/src/core/lv_event.h"
 965              		.file 30 "Drivers/lvgl/src/core/lv_obj_tree.h"
 966              		.file 31 "Drivers/lvgl/src/core/../hal/../draw/sw/../../core/lv_obj_pos.h"
 967              		.file 32 "Drivers/lvgl/src/core/../misc/lv_mem.h"
ARM GAS  /var/folders/lp/x54gwt890xv47sdkqj1k04q40000gn/T//ccJkVEn4.s 			page 27


DEFINED SYMBOLS
                            *ABS*:00000000 lv_obj_class.c
/var/folders/lp/x54gwt890xv47sdkqj1k04q40000gn/T//ccJkVEn4.s:21     .text.lv_obj_construct:00000000 $t
/var/folders/lp/x54gwt890xv47sdkqj1k04q40000gn/T//ccJkVEn4.s:27     .text.lv_obj_construct:00000000 lv_obj_construct
/var/folders/lp/x54gwt890xv47sdkqj1k04q40000gn/T//ccJkVEn4.s:192    .text.lv_obj_class_create_obj:00000000 $t
/var/folders/lp/x54gwt890xv47sdkqj1k04q40000gn/T//ccJkVEn4.s:199    .text.lv_obj_class_create_obj:00000000 lv_obj_class_create_obj
/var/folders/lp/x54gwt890xv47sdkqj1k04q40000gn/T//ccJkVEn4.s:476    .text.lv_obj_class_create_obj:000000e0 $d
/var/folders/lp/x54gwt890xv47sdkqj1k04q40000gn/T//ccJkVEn4.s:481    .text.lv_obj_class_init_obj:00000000 $t
/var/folders/lp/x54gwt890xv47sdkqj1k04q40000gn/T//ccJkVEn4.s:488    .text.lv_obj_class_init_obj:00000000 lv_obj_class_init_obj
/var/folders/lp/x54gwt890xv47sdkqj1k04q40000gn/T//ccJkVEn4.s:764    .text._lv_obj_destruct:00000000 $t
/var/folders/lp/x54gwt890xv47sdkqj1k04q40000gn/T//ccJkVEn4.s:771    .text._lv_obj_destruct:00000000 _lv_obj_destruct
/var/folders/lp/x54gwt890xv47sdkqj1k04q40000gn/T//ccJkVEn4.s:824    .text.lv_obj_is_editable:00000000 $t
/var/folders/lp/x54gwt890xv47sdkqj1k04q40000gn/T//ccJkVEn4.s:831    .text.lv_obj_is_editable:00000000 lv_obj_is_editable
/var/folders/lp/x54gwt890xv47sdkqj1k04q40000gn/T//ccJkVEn4.s:880    .text.lv_obj_is_group_def:00000000 $t
/var/folders/lp/x54gwt890xv47sdkqj1k04q40000gn/T//ccJkVEn4.s:887    .text.lv_obj_is_group_def:00000000 lv_obj_is_group_def

UNDEFINED SYMBOLS
lv_mem_alloc
lv_memset_00
lv_mem_realloc
lv_disp_get_default
lv_disp_get_hor_res
lv_disp_get_ver_res
lv_obj_allocate_spec_attr
lv_mem_free
lv_obj_mark_layout_as_dirty
lv_obj_enable_style_refresh
lv_theme_apply
lv_obj_refresh_style
lv_obj_refresh_self_size
lv_group_get_default
lv_obj_get_parent
lv_event_send
lv_obj_invalidate
lv_group_add_obj
