ARM GAS  /var/folders/0z/tsy30v1j4xl4_7kw94k978ww0000gn/T//cchiOzBE.s 			page 1


   1              		.cpu cortex-m4
   2              		.arch armv7e-m
   3              		.fpu fpv4-sp-d16
   4              		.eabi_attribute 27, 1
   5              		.eabi_attribute 28, 1
   6              		.eabi_attribute 23, 1
   7              		.eabi_attribute 24, 1
   8              		.eabi_attribute 25, 1
   9              		.eabi_attribute 26, 1
  10              		.eabi_attribute 30, 2
  11              		.eabi_attribute 34, 1
  12              		.eabi_attribute 18, 4
  13              		.file	"lv_utils.c"
  14              		.text
  15              	.Ltext0:
  16              		.cfi_sections	.debug_frame
  17              		.section	.text._lv_utils_bsearch,"ax",%progbits
  18              		.align	1
  19              		.p2align 2,,3
  20              		.global	_lv_utils_bsearch
  21              		.syntax unified
  22              		.thumb
  23              		.thumb_func
  25              	_lv_utils_bsearch:
  26              	.LVL0:
  27              	.LFB0:
  28              		.file 1 "Drivers/lvgl/src/misc/lv_utils.c"
   1:Drivers/lvgl/src/misc/lv_utils.c **** /**
   2:Drivers/lvgl/src/misc/lv_utils.c ****  * @file lv_utils.c
   3:Drivers/lvgl/src/misc/lv_utils.c ****  *
   4:Drivers/lvgl/src/misc/lv_utils.c ****  */
   5:Drivers/lvgl/src/misc/lv_utils.c **** 
   6:Drivers/lvgl/src/misc/lv_utils.c **** /*********************
   7:Drivers/lvgl/src/misc/lv_utils.c ****  *      INCLUDES
   8:Drivers/lvgl/src/misc/lv_utils.c ****  *********************/
   9:Drivers/lvgl/src/misc/lv_utils.c **** #include <stddef.h>
  10:Drivers/lvgl/src/misc/lv_utils.c **** 
  11:Drivers/lvgl/src/misc/lv_utils.c **** #include "lv_utils.h"
  12:Drivers/lvgl/src/misc/lv_utils.c **** 
  13:Drivers/lvgl/src/misc/lv_utils.c **** /*********************
  14:Drivers/lvgl/src/misc/lv_utils.c ****  *      DEFINES
  15:Drivers/lvgl/src/misc/lv_utils.c ****  *********************/
  16:Drivers/lvgl/src/misc/lv_utils.c **** 
  17:Drivers/lvgl/src/misc/lv_utils.c **** /**********************
  18:Drivers/lvgl/src/misc/lv_utils.c ****  *      TYPEDEFS
  19:Drivers/lvgl/src/misc/lv_utils.c ****  **********************/
  20:Drivers/lvgl/src/misc/lv_utils.c **** 
  21:Drivers/lvgl/src/misc/lv_utils.c **** /**********************
  22:Drivers/lvgl/src/misc/lv_utils.c ****  *  STATIC PROTOTYPES
  23:Drivers/lvgl/src/misc/lv_utils.c ****  **********************/
  24:Drivers/lvgl/src/misc/lv_utils.c **** 
  25:Drivers/lvgl/src/misc/lv_utils.c **** /**********************
  26:Drivers/lvgl/src/misc/lv_utils.c ****  *  STATIC VARIABLES
  27:Drivers/lvgl/src/misc/lv_utils.c ****  **********************/
  28:Drivers/lvgl/src/misc/lv_utils.c **** 
  29:Drivers/lvgl/src/misc/lv_utils.c **** /**********************
  30:Drivers/lvgl/src/misc/lv_utils.c ****  *      MACROS
ARM GAS  /var/folders/0z/tsy30v1j4xl4_7kw94k978ww0000gn/T//cchiOzBE.s 			page 2


  31:Drivers/lvgl/src/misc/lv_utils.c ****  **********************/
  32:Drivers/lvgl/src/misc/lv_utils.c **** 
  33:Drivers/lvgl/src/misc/lv_utils.c **** /**********************
  34:Drivers/lvgl/src/misc/lv_utils.c ****  *   GLOBAL FUNCTIONS
  35:Drivers/lvgl/src/misc/lv_utils.c ****  **********************/
  36:Drivers/lvgl/src/misc/lv_utils.c **** 
  37:Drivers/lvgl/src/misc/lv_utils.c **** /** Searches base[0] to base[n - 1] for an item that matches *key.
  38:Drivers/lvgl/src/misc/lv_utils.c ****  *
  39:Drivers/lvgl/src/misc/lv_utils.c ****  * @note The function cmp must return negative if its first
  40:Drivers/lvgl/src/misc/lv_utils.c ****  *  argument (the search key) is less than its second (a table entry),
  41:Drivers/lvgl/src/misc/lv_utils.c ****  *  zero if equal, and positive if greater.
  42:Drivers/lvgl/src/misc/lv_utils.c ****  *
  43:Drivers/lvgl/src/misc/lv_utils.c ****  *  @note Items in the array must be in ascending order.
  44:Drivers/lvgl/src/misc/lv_utils.c ****  *
  45:Drivers/lvgl/src/misc/lv_utils.c ****  * @param key    Pointer to item being searched for
  46:Drivers/lvgl/src/misc/lv_utils.c ****  * @param base   Pointer to first element to search
  47:Drivers/lvgl/src/misc/lv_utils.c ****  * @param n      Number of elements
  48:Drivers/lvgl/src/misc/lv_utils.c ****  * @param size   Size of each element
  49:Drivers/lvgl/src/misc/lv_utils.c ****  * @param cmp    Pointer to comparison function (see #unicode_list_compare as a comparison function
  50:Drivers/lvgl/src/misc/lv_utils.c ****  * example)
  51:Drivers/lvgl/src/misc/lv_utils.c ****  *
  52:Drivers/lvgl/src/misc/lv_utils.c ****  * @return a pointer to a matching item, or NULL if none exists.
  53:Drivers/lvgl/src/misc/lv_utils.c ****  */
  54:Drivers/lvgl/src/misc/lv_utils.c **** void * _lv_utils_bsearch(const void * key, const void * base, uint32_t n, uint32_t size,
  55:Drivers/lvgl/src/misc/lv_utils.c ****                          int32_t (*cmp)(const void * pRef, const void * pElement))
  56:Drivers/lvgl/src/misc/lv_utils.c **** {
  29              		.loc 1 56 1 view -0
  30              		.cfi_startproc
  31              		@ args = 4, pretend = 0, frame = 0
  32              		@ frame_needed = 0, uses_anonymous_args = 0
  57:Drivers/lvgl/src/misc/lv_utils.c ****     const char * middle;
  33              		.loc 1 57 5 view .LVU1
  58:Drivers/lvgl/src/misc/lv_utils.c ****     int32_t c;
  34              		.loc 1 58 5 view .LVU2
  59:Drivers/lvgl/src/misc/lv_utils.c **** 
  60:Drivers/lvgl/src/misc/lv_utils.c ****     for(middle = base; n != 0;) {
  35              		.loc 1 60 5 view .LVU3
  56:Drivers/lvgl/src/misc/lv_utils.c ****     const char * middle;
  36              		.loc 1 56 1 is_stmt 0 view .LVU4
  37 0000 2DE9F047 		push	{r4, r5, r6, r7, r8, r9, r10, lr}
  38              		.cfi_def_cfa_offset 32
  39              		.cfi_offset 4, -32
  40              		.cfi_offset 5, -28
  41              		.cfi_offset 6, -24
  42              		.cfi_offset 7, -20
  43              		.cfi_offset 8, -16
  44              		.cfi_offset 9, -12
  45              		.cfi_offset 10, -8
  46              		.cfi_offset 14, -4
  56:Drivers/lvgl/src/misc/lv_utils.c ****     const char * middle;
  47              		.loc 1 56 1 view .LVU5
  48 0004 DDF82080 		ldr	r8, [sp, #32]
  49              	.LVL1:
  50              		.loc 1 60 26 is_stmt 1 view .LVU6
  51 0008 AAB1     		cbz	r2, .L2
  52 000a 0746     		mov	r7, r0
  53 000c 0E46     		mov	r6, r1
ARM GAS  /var/folders/0z/tsy30v1j4xl4_7kw94k978ww0000gn/T//cchiOzBE.s 			page 3


  54 000e 1D46     		mov	r5, r3
  55 0010 1446     		mov	r4, r2
  56              	.LVL2:
  57              	.L6:
  61:Drivers/lvgl/src/misc/lv_utils.c ****         middle += (n / 2) * size;
  58              		.loc 1 61 9 view .LVU7
  59              		.loc 1 61 22 is_stmt 0 view .LVU8
  60 0012 4FEA5409 		lsr	r9, r4, #1
  61              		.loc 1 61 16 view .LVU9
  62 0016 05FB096A 		mla	r10, r5, r9, r6
  63              	.LVL3:
  62:Drivers/lvgl/src/misc/lv_utils.c ****         if((c = (*cmp)(key, middle)) > 0) {
  64              		.loc 1 62 9 is_stmt 1 view .LVU10
  65              		.loc 1 62 18 is_stmt 0 view .LVU11
  66 001a 5146     		mov	r1, r10
  67 001c 3846     		mov	r0, r7
  68 001e C047     		blx	r8
  69              	.LVL4:
  63:Drivers/lvgl/src/misc/lv_utils.c ****             n    = (n / 2) - ((n & 1) == 0);
  70              		.loc 1 63 13 is_stmt 1 view .LVU12
  64:Drivers/lvgl/src/misc/lv_utils.c ****             base = (middle += size);
  65:Drivers/lvgl/src/misc/lv_utils.c ****         }
  66:Drivers/lvgl/src/misc/lv_utils.c ****         else if(c < 0) {
  71              		.loc 1 66 14 view .LVU13
  72              		.loc 1 66 14 is_stmt 0 view .LVU14
  73 0020 E443     		mvns	r4, r4
  74              	.LVL5:
  62:Drivers/lvgl/src/misc/lv_utils.c ****             n    = (n / 2) - ((n & 1) == 0);
  75              		.loc 1 62 11 view .LVU15
  76 0022 0028     		cmp	r0, #0
  77 0024 04F00104 		and	r4, r4, #1
  78              	.LVL6:
  62:Drivers/lvgl/src/misc/lv_utils.c ****             n    = (n / 2) - ((n & 1) == 0);
  79              		.loc 1 62 11 view .LVU16
  80 0028 0ADD     		ble	.L3
  63:Drivers/lvgl/src/misc/lv_utils.c ****             n    = (n / 2) - ((n & 1) == 0);
  81              		.loc 1 63 18 view .LVU17
  82 002a A9EB0404 		sub	r4, r9, r4
  83              	.LVL7:
  64:Drivers/lvgl/src/misc/lv_utils.c ****             base = (middle += size);
  84              		.loc 1 64 13 is_stmt 1 view .LVU18
  64:Drivers/lvgl/src/misc/lv_utils.c ****             base = (middle += size);
  85              		.loc 1 64 28 is_stmt 0 view .LVU19
  86 002e 0AEB0506 		add	r6, r10, r5
  87              	.LVL8:
  60:Drivers/lvgl/src/misc/lv_utils.c ****         middle += (n / 2) * size;
  88              		.loc 1 60 26 is_stmt 1 view .LVU20
  89 0032 002C     		cmp	r4, #0
  90 0034 EDD1     		bne	.L6
  91              	.LVL9:
  92              	.L2:
  67:Drivers/lvgl/src/misc/lv_utils.c ****             n /= 2;
  68:Drivers/lvgl/src/misc/lv_utils.c ****             middle = base;
  69:Drivers/lvgl/src/misc/lv_utils.c ****         }
  70:Drivers/lvgl/src/misc/lv_utils.c ****         else {
  71:Drivers/lvgl/src/misc/lv_utils.c ****             return (char *)middle;
  72:Drivers/lvgl/src/misc/lv_utils.c ****         }
ARM GAS  /var/folders/0z/tsy30v1j4xl4_7kw94k978ww0000gn/T//cchiOzBE.s 			page 4


  73:Drivers/lvgl/src/misc/lv_utils.c ****     }
  74:Drivers/lvgl/src/misc/lv_utils.c ****     return NULL;
  93              		.loc 1 74 12 is_stmt 0 view .LVU21
  94 0036 4FF0000A 		mov	r10, #0
  95              	.L1:
  75:Drivers/lvgl/src/misc/lv_utils.c **** }
  96              		.loc 1 75 1 view .LVU22
  97 003a 5046     		mov	r0, r10
  98 003c BDE8F087 		pop	{r4, r5, r6, r7, r8, r9, r10, pc}
  99              	.LVL10:
 100              	.L3:
  66:Drivers/lvgl/src/misc/lv_utils.c ****             n /= 2;
 101              		.loc 1 66 16 view .LVU23
 102 0040 FBD0     		beq	.L1
  67:Drivers/lvgl/src/misc/lv_utils.c ****             n /= 2;
 103              		.loc 1 67 15 view .LVU24
 104 0042 4C46     		mov	r4, r9
 105              	.LVL11:
  60:Drivers/lvgl/src/misc/lv_utils.c ****         middle += (n / 2) * size;
 106              		.loc 1 60 26 is_stmt 1 view .LVU25
 107 0044 002C     		cmp	r4, #0
 108 0046 E4D1     		bne	.L6
  60:Drivers/lvgl/src/misc/lv_utils.c ****         middle += (n / 2) * size;
 109              		.loc 1 60 26 is_stmt 0 view .LVU26
 110 0048 F5E7     		b	.L2
 111              		.cfi_endproc
 112              	.LFE0:
 114 004a 00BF     		.text
 115              	.Letext0:
 116              		.file 2 "/Users/johannes/Library/Application Support/Code/User/globalStorage/bmd.stm32-for-vscode/
 117              		.file 3 "/Users/johannes/Library/Application Support/Code/User/globalStorage/bmd.stm32-for-vscode/
ARM GAS  /var/folders/0z/tsy30v1j4xl4_7kw94k978ww0000gn/T//cchiOzBE.s 			page 5


DEFINED SYMBOLS
                            *ABS*:0000000000000000 lv_utils.c
/var/folders/0z/tsy30v1j4xl4_7kw94k978ww0000gn/T//cchiOzBE.s:18     .text._lv_utils_bsearch:0000000000000000 $t
/var/folders/0z/tsy30v1j4xl4_7kw94k978ww0000gn/T//cchiOzBE.s:25     .text._lv_utils_bsearch:0000000000000000 _lv_utils_bsearch

NO UNDEFINED SYMBOLS
