ARM GAS  /var/folders/lp/x54gwt890xv47sdkqj1k04q40000gn/T//ccGrmI84.s 			page 1


   1              		.cpu cortex-m4
   2              		.arch armv7e-m
   3              		.fpu fpv4-sp-d16
   4              		.eabi_attribute 27, 1
   5              		.eabi_attribute 28, 1
   6              		.eabi_attribute 20, 1
   7              		.eabi_attribute 21, 1
   8              		.eabi_attribute 23, 3
   9              		.eabi_attribute 24, 1
  10              		.eabi_attribute 25, 1
  11              		.eabi_attribute 26, 1
  12              		.eabi_attribute 30, 2
  13              		.eabi_attribute 34, 1
  14              		.eabi_attribute 18, 4
  15              		.file	"main.c"
  16              		.text
  17              	.Ltext0:
  18              		.cfi_sections	.debug_frame
  19              		.file 1 "Core/Src/main.c"
  20              		.section	.text.SystemClock_Config,"ax",%progbits
  21              		.align	1
  22              		.p2align 2,,3
  23              		.global	SystemClock_Config
  24              		.syntax unified
  25              		.thumb
  26              		.thumb_func
  28              	SystemClock_Config:
  29              	.LFB447:
   1:Core/Src/main.c **** /* USER CODE BEGIN Header */
   2:Core/Src/main.c **** /**
   3:Core/Src/main.c ****  * @file main.c
   4:Core/Src/main.c ****  * @author johannes regnier
   5:Core/Src/main.c ****  * @brief MES MiniSynth - Main program body
   6:Core/Src/main.c ****  * @version 0.1
   7:Core/Src/main.c ****  * @date 2023-12-30
   8:Core/Src/main.c ****  *
   9:Core/Src/main.c ****  * @copyright Copyright (c) 2023
  10:Core/Src/main.c ****  *
  11:Core/Src/main.c ****  */
  12:Core/Src/main.c **** /* USER CODE END Header */
  13:Core/Src/main.c **** 
  14:Core/Src/main.c **** /* Includes ------------------------------------------------------------------*/
  15:Core/Src/main.c **** #include "main.h"
  16:Core/Src/main.c **** #include "dma.h"
  17:Core/Src/main.c **** #include "i2c.h"
  18:Core/Src/main.c **** #include "i2s.h"
  19:Core/Src/main.c **** #include "spi.h"
  20:Core/Src/main.c **** #include "tim.h"
  21:Core/Src/main.c **** #include "gpio.h"
  22:Core/Src/main.c **** #include "adc.h"
  23:Core/Src/main.c **** 
  24:Core/Src/main.c **** /* Private includes ----------------------------------------------------------*/
  25:Core/Src/main.c **** /* USER CODE BEGIN Includes */
  26:Core/Src/main.c **** #include "MIDI_event.h"
  27:Core/Src/main.c **** #include "LCDController.h"
  28:Core/Src/main.c **** #include "st7789v.h"
  29:Core/Src/main.c **** #include "UI_LCD.h"
ARM GAS  /var/folders/lp/x54gwt890xv47sdkqj1k04q40000gn/T//ccGrmI84.s 			page 2


  30:Core/Src/main.c **** 
  31:Core/Src/main.c **** 
  32:Core/Src/main.c **** /* USER CODE END Includes */
  33:Core/Src/main.c **** 
  34:Core/Src/main.c **** /* Private typedef -----------------------------------------------------------*/
  35:Core/Src/main.c **** /* USER CODE BEGIN PTD */
  36:Core/Src/main.c **** extern USBH_HandleTypeDef hUSBHost; /* USB Host handle */
  37:Core/Src/main.c **** /* USER CODE END PTD */
  38:Core/Src/main.c **** 
  39:Core/Src/main.c **** /* Private define ------------------------------------------------------------*/
  40:Core/Src/main.c **** /* USER CODE BEGIN PD */
  41:Core/Src/main.c **** 
  42:Core/Src/main.c **** /* USER CODE END PD */
  43:Core/Src/main.c **** 
  44:Core/Src/main.c **** /* Private macro -------------------------------------------------------------*/
  45:Core/Src/main.c **** /* USER CODE BEGIN PM */
  46:Core/Src/main.c **** 
  47:Core/Src/main.c **** /* USER CODE END PM */
  48:Core/Src/main.c **** 
  49:Core/Src/main.c **** /* Private variables ---------------------------------------------------------*/
  50:Core/Src/main.c **** 
  51:Core/Src/main.c **** /* USER CODE BEGIN PV */
  52:Core/Src/main.c **** // volatile uint16_t current_count;
  53:Core/Src/main.c **** // volatile uint16_t former_count;
  54:Core/Src/main.c **** 
  55:Core/Src/main.c **** /* USER CODE END PV */
  56:Core/Src/main.c **** 
  57:Core/Src/main.c **** /* Private function prototypes -----------------------------------------------*/
  58:Core/Src/main.c **** void SystemClock_Config(void);
  59:Core/Src/main.c **** // void MX_USB_HOST_Process(void);
  60:Core/Src/main.c **** 
  61:Core/Src/main.c **** /* USER CODE BEGIN PFP */
  62:Core/Src/main.c **** 
  63:Core/Src/main.c **** /* USER CODE END PFP */
  64:Core/Src/main.c **** 
  65:Core/Src/main.c **** /* Private user code ---------------------------------------------------------*/
  66:Core/Src/main.c **** /* USER CODE BEGIN 0 */
  67:Core/Src/main.c **** 
  68:Core/Src/main.c **** /* USER CODE END 0 */
  69:Core/Src/main.c **** 
  70:Core/Src/main.c **** /**
  71:Core/Src/main.c ****  * @brief  The application entry point.
  72:Core/Src/main.c ****  * @retval int
  73:Core/Src/main.c ****  */
  74:Core/Src/main.c **** int main(void)
  75:Core/Src/main.c **** {
  76:Core/Src/main.c **** 	/* USER CODE BEGIN 1 */
  77:Core/Src/main.c **** 	/* USER CODE END 1 */
  78:Core/Src/main.c **** 
  79:Core/Src/main.c **** 	/* MCU Configuration--------------------------------------------------------*/
  80:Core/Src/main.c **** 
  81:Core/Src/main.c **** 	/* Reset of all peripherals, Initializes the Flash interface and the Systick. */
  82:Core/Src/main.c **** 	HAL_Init();
  83:Core/Src/main.c **** 
  84:Core/Src/main.c **** 	/* USER CODE BEGIN Init */
  85:Core/Src/main.c **** 	// current_count = 0;
  86:Core/Src/main.c ****   	// former_count = 0;
ARM GAS  /var/folders/lp/x54gwt890xv47sdkqj1k04q40000gn/T//ccGrmI84.s 			page 3


  87:Core/Src/main.c **** 	/* USER CODE END Init */
  88:Core/Src/main.c **** 
  89:Core/Src/main.c **** 	/* Configure the system clock */
  90:Core/Src/main.c **** 	SystemClock_Config();
  91:Core/Src/main.c **** 
  92:Core/Src/main.c **** 	/* USER CODE BEGIN SysInit */
  93:Core/Src/main.c **** 
  94:Core/Src/main.c **** 	/* USER CODE END SysInit */
  95:Core/Src/main.c **** 
  96:Core/Src/main.c **** 	/* Initialize all configured peripherals */
  97:Core/Src/main.c **** 	MX_GPIO_Init();
  98:Core/Src/main.c **** 	MX_ADC1_Init();
  99:Core/Src/main.c **** 	MX_ADC2_Init();
 100:Core/Src/main.c **** 	MX_ADC3_Init();
 101:Core/Src/main.c **** 	MX_DMA_Init();
 102:Core/Src/main.c **** 	MX_I2C1_Init();
 103:Core/Src/main.c **** 	MX_I2S3_Init();
 104:Core/Src/main.c **** 	MX_SPI1_Init();
 105:Core/Src/main.c **** 	MX_TIM3_Init();
 106:Core/Src/main.c **** 	// MX_USB_HOST_Init();
 107:Core/Src/main.c **** 
 108:Core/Src/main.c **** 	/* USER CODE BEGIN 2 */
 109:Core/Src/main.c **** 	SEGGER_RTT_WriteString(0, "SEGGER Real-Time-Terminal Sample\r\n");
 110:Core/Src/main.c **** 	SEGGER_RTT_ConfigUpBuffer(0, NULL, NULL, 0, SEGGER_RTT_MODE_NO_BLOCK_SKIP);
 111:Core/Src/main.c **** 
 112:Core/Src/main.c **** 	// Encoder timer Polling mode
 113:Core/Src/main.c ****   	HAL_TIM_Encoder_Start(&htim3, TIM_CHANNEL_ALL);
 114:Core/Src/main.c **** 
 115:Core/Src/main.c ****   	// Interrupt mode
 116:Core/Src/main.c **** 	// HAL_TIM_Encoder_Start_IT(&htim3,htim3.Channel);
 117:Core/Src/main.c **** 
 118:Core/Src/main.c **** 	/* Init LVGL Library and UI */
 119:Core/Src/main.c **** 	lv_init();
 120:Core/Src/main.c **** 	lv_port_disp_init();
 121:Core/Src/main.c **** 	UI_LCD_init();
 122:Core/Src/main.c **** 
 123:Core/Src/main.c **** 	/* Init Host Library */
 124:Core/Src/main.c **** 	USBH_Init(&hUSBHost, USBH_UserProcess_callback, 0);
 125:Core/Src/main.c **** 
 126:Core/Src/main.c **** 	/* Add Supported Class */
 127:Core/Src/main.c **** 	USBH_RegisterClass(&hUSBHost, USBH_MIDI_CLASS);
 128:Core/Src/main.c **** 
 129:Core/Src/main.c **** 	/* Start Host Process */
 130:Core/Src/main.c **** 	USBH_Start(&hUSBHost);
 131:Core/Src/main.c **** 	
 132:Core/Src/main.c **** 	/* Initialize audio */
 133:Core/Src/main.c **** 	AUDIO_Init();
 134:Core/Src/main.c **** 
 135:Core/Src/main.c **** 	// ConsoleInit();
 136:Core/Src/main.c **** 
 137:Core/Src/main.c **** 	/* USER CODE END 2 */
 138:Core/Src/main.c **** 
 139:Core/Src/main.c **** 	/* Infinite loop */
 140:Core/Src/main.c **** 	/* USER CODE BEGIN WHILE */
 141:Core/Src/main.c **** 	while (1)
 142:Core/Src/main.c **** 	{
 143:Core/Src/main.c **** 		/* USER CODE END WHILE */
ARM GAS  /var/folders/lp/x54gwt890xv47sdkqj1k04q40000gn/T//ccGrmI84.s 			page 4


 144:Core/Src/main.c **** 
 145:Core/Src/main.c **** 		/* USER CODE BEGIN 3 */
 146:Core/Src/main.c **** 		lv_timer_handler(); // to be added
 147:Core/Src/main.c **** 		UI_LCD_process();
 148:Core/Src/main.c **** 		MIDI_Application();
 149:Core/Src/main.c **** 		// ConsoleProcess();
 150:Core/Src/main.c **** 		/* USBH_Background Process */
 151:Core/Src/main.c **** 		USBH_Process(&hUSBHost);
 152:Core/Src/main.c **** 	}
 153:Core/Src/main.c **** 	/* USER CODE END 3 */
 154:Core/Src/main.c **** }
 155:Core/Src/main.c **** 
 156:Core/Src/main.c **** /**
 157:Core/Src/main.c ****  * @brief System Clock Configuration
 158:Core/Src/main.c ****  * @retval None
 159:Core/Src/main.c ****  */
 160:Core/Src/main.c **** void SystemClock_Config(void)
 161:Core/Src/main.c **** {
  30              		.loc 1 161 1 view -0
  31              		.cfi_startproc
  32              		@ args = 0, pretend = 0, frame = 80
  33              		@ frame_needed = 0, uses_anonymous_args = 0
 162:Core/Src/main.c **** 	RCC_OscInitTypeDef RCC_OscInitStruct = {0};
  34              		.loc 1 162 2 view .LVU1
 161:Core/Src/main.c **** 	RCC_OscInitTypeDef RCC_OscInitStruct = {0};
  35              		.loc 1 161 1 is_stmt 0 view .LVU2
  36 0000 30B5     		push	{r4, r5, lr}
  37              		.cfi_def_cfa_offset 12
  38              		.cfi_offset 4, -12
  39              		.cfi_offset 5, -8
  40              		.cfi_offset 14, -4
  41              		.loc 1 162 21 view .LVU3
  42 0002 0023     		movs	r3, #0
 161:Core/Src/main.c **** 	RCC_OscInitTypeDef RCC_OscInitStruct = {0};
  43              		.loc 1 161 1 view .LVU4
  44 0004 95B0     		sub	sp, sp, #84
  45              		.cfi_def_cfa_offset 96
  46              		.loc 1 162 21 view .LVU5
  47 0006 CDE90A33 		strd	r3, r3, [sp, #40]
  48 000a CDE90C33 		strd	r3, r3, [sp, #48]
 163:Core/Src/main.c **** 	RCC_ClkInitTypeDef RCC_ClkInitStruct = {0};
  49              		.loc 1 163 2 is_stmt 1 view .LVU6
  50              		.loc 1 163 21 is_stmt 0 view .LVU7
  51 000e CDE90333 		strd	r3, r3, [sp, #12]
  52 0012 CDE90533 		strd	r3, r3, [sp, #20]
  53              	.LBB14:
 164:Core/Src/main.c **** 
 165:Core/Src/main.c **** 	/** Configure the main internal regulator output voltage
 166:Core/Src/main.c **** 	 */
 167:Core/Src/main.c **** 	__HAL_RCC_PWR_CLK_ENABLE();
  54              		.loc 1 167 2 view .LVU8
  55 0016 2249     		ldr	r1, .L8
  56 0018 0193     		str	r3, [sp, #4]
  57              	.LBE14:
 163:Core/Src/main.c **** 	RCC_ClkInitTypeDef RCC_ClkInitStruct = {0};
  58              		.loc 1 163 21 view .LVU9
  59 001a 0793     		str	r3, [sp, #28]
ARM GAS  /var/folders/lp/x54gwt890xv47sdkqj1k04q40000gn/T//ccGrmI84.s 			page 5


  60              		.loc 1 167 2 is_stmt 1 view .LVU10
  61              	.LBB15:
  62              		.loc 1 167 2 view .LVU11
  63              		.loc 1 167 2 view .LVU12
  64 001c 086C     		ldr	r0, [r1, #64]
  65              	.LBE15:
  66              	.LBB16:
 168:Core/Src/main.c **** 	__HAL_PWR_VOLTAGESCALING_CONFIG(PWR_REGULATOR_VOLTAGE_SCALE1);
  67              		.loc 1 168 2 is_stmt 0 view .LVU13
  68 001e 214A     		ldr	r2, .L8+4
  69              	.LBE16:
  70              	.LBB17:
 167:Core/Src/main.c **** 	__HAL_PWR_VOLTAGESCALING_CONFIG(PWR_REGULATOR_VOLTAGE_SCALE1);
  71              		.loc 1 167 2 view .LVU14
  72 0020 40F08050 		orr	r0, r0, #268435456
  73 0024 0864     		str	r0, [r1, #64]
 167:Core/Src/main.c **** 	__HAL_PWR_VOLTAGESCALING_CONFIG(PWR_REGULATOR_VOLTAGE_SCALE1);
  74              		.loc 1 167 2 is_stmt 1 view .LVU15
  75 0026 096C     		ldr	r1, [r1, #64]
  76 0028 01F08051 		and	r1, r1, #268435456
  77 002c 0191     		str	r1, [sp, #4]
 167:Core/Src/main.c **** 	__HAL_PWR_VOLTAGESCALING_CONFIG(PWR_REGULATOR_VOLTAGE_SCALE1);
  78              		.loc 1 167 2 view .LVU16
  79 002e 0199     		ldr	r1, [sp, #4]
  80              	.LBE17:
 167:Core/Src/main.c **** 	__HAL_PWR_VOLTAGESCALING_CONFIG(PWR_REGULATOR_VOLTAGE_SCALE1);
  81              		.loc 1 167 2 view .LVU17
  82              		.loc 1 168 2 view .LVU18
  83              	.LBB18:
  84              		.loc 1 168 2 view .LVU19
  85 0030 0293     		str	r3, [sp, #8]
  86              		.loc 1 168 2 view .LVU20
  87 0032 1368     		ldr	r3, [r2]
  88 0034 43F48043 		orr	r3, r3, #16384
  89 0038 1360     		str	r3, [r2]
  90              		.loc 1 168 2 view .LVU21
  91 003a 1368     		ldr	r3, [r2]
  92              	.LBE18:
 169:Core/Src/main.c **** 
 170:Core/Src/main.c **** 	/** Initializes the RCC Oscillators according to the specified parameters
 171:Core/Src/main.c **** 	 * in the RCC_OscInitTypeDef structure.
 172:Core/Src/main.c **** 	 */
 173:Core/Src/main.c **** 	RCC_OscInitStruct.OscillatorType = RCC_OSCILLATORTYPE_HSE;
  93              		.loc 1 173 35 is_stmt 0 view .LVU22
  94 003c 0120     		movs	r0, #1
  95 003e 4FF48031 		mov	r1, #65536
  96              	.LBB19:
 168:Core/Src/main.c **** 
  97              		.loc 1 168 2 view .LVU23
  98 0042 03F48043 		and	r3, r3, #16384
  99              	.LBE19:
 100              		.loc 1 173 35 view .LVU24
 101 0046 CDE90801 		strd	r0, [sp, #32]
 102              	.LBB20:
 168:Core/Src/main.c **** 
 103              		.loc 1 168 2 view .LVU25
 104 004a 0293     		str	r3, [sp, #8]
ARM GAS  /var/folders/lp/x54gwt890xv47sdkqj1k04q40000gn/T//ccGrmI84.s 			page 6


 168:Core/Src/main.c **** 
 105              		.loc 1 168 2 is_stmt 1 view .LVU26
 106              	.LBE20:
 174:Core/Src/main.c **** 	RCC_OscInitStruct.HSEState = RCC_HSE_ON;
 175:Core/Src/main.c **** 	RCC_OscInitStruct.PLL.PLLState = RCC_PLL_ON;
 176:Core/Src/main.c **** 	RCC_OscInitStruct.PLL.PLLSource = RCC_PLLSOURCE_HSE;
 107              		.loc 1 176 34 is_stmt 0 view .LVU27
 108 004c 4FF48001 		mov	r1, #4194304
 175:Core/Src/main.c **** 	RCC_OscInitStruct.PLL.PLLSource = RCC_PLLSOURCE_HSE;
 109              		.loc 1 175 33 view .LVU28
 110 0050 0224     		movs	r4, #2
 111              		.loc 1 176 34 view .LVU29
 112 0052 CDE90E41 		strd	r4, r1, [sp, #56]
 113              	.LBB21:
 168:Core/Src/main.c **** 
 114              		.loc 1 168 2 view .LVU30
 115 0056 0298     		ldr	r0, [sp, #8]
 116              	.LBE21:
 168:Core/Src/main.c **** 
 117              		.loc 1 168 2 is_stmt 1 view .LVU31
 173:Core/Src/main.c **** 	RCC_OscInitStruct.HSEState = RCC_HSE_ON;
 118              		.loc 1 173 2 view .LVU32
 174:Core/Src/main.c **** 	RCC_OscInitStruct.HSEState = RCC_HSE_ON;
 119              		.loc 1 174 2 view .LVU33
 175:Core/Src/main.c **** 	RCC_OscInitStruct.PLL.PLLSource = RCC_PLLSOURCE_HSE;
 120              		.loc 1 175 2 view .LVU34
 177:Core/Src/main.c **** 	RCC_OscInitStruct.PLL.PLLM = 8;
 121              		.loc 1 177 2 view .LVU35
 178:Core/Src/main.c **** 	RCC_OscInitStruct.PLL.PLLN = 336;
 179:Core/Src/main.c **** 	RCC_OscInitStruct.PLL.PLLP = RCC_PLLP_DIV2;
 122              		.loc 1 179 29 is_stmt 0 view .LVU36
 123 0058 0721     		movs	r1, #7
 124 005a 0220     		movs	r0, #2
 125 005c CDE91201 		strd	r0, [sp, #72]
 177:Core/Src/main.c **** 	RCC_OscInitStruct.PLL.PLLM = 8;
 126              		.loc 1 177 29 view .LVU37
 127 0060 0822     		movs	r2, #8
 178:Core/Src/main.c **** 	RCC_OscInitStruct.PLL.PLLN = 336;
 128              		.loc 1 178 29 view .LVU38
 129 0062 4FF4A873 		mov	r3, #336
 180:Core/Src/main.c **** 	RCC_OscInitStruct.PLL.PLLQ = 7;
 181:Core/Src/main.c **** 	if (HAL_RCC_OscConfig(&RCC_OscInitStruct) != HAL_OK)
 130              		.loc 1 181 6 view .LVU39
 131 0066 08A8     		add	r0, sp, #32
 177:Core/Src/main.c **** 	RCC_OscInitStruct.PLL.PLLN = 336;
 132              		.loc 1 177 29 view .LVU40
 133 0068 1092     		str	r2, [sp, #64]
 178:Core/Src/main.c **** 	RCC_OscInitStruct.PLL.PLLN = 336;
 134              		.loc 1 178 2 is_stmt 1 view .LVU41
 178:Core/Src/main.c **** 	RCC_OscInitStruct.PLL.PLLN = 336;
 135              		.loc 1 178 29 is_stmt 0 view .LVU42
 136 006a 1193     		str	r3, [sp, #68]
 179:Core/Src/main.c **** 	RCC_OscInitStruct.PLL.PLLQ = 7;
 137              		.loc 1 179 2 is_stmt 1 view .LVU43
 180:Core/Src/main.c **** 	RCC_OscInitStruct.PLL.PLLQ = 7;
 138              		.loc 1 180 2 view .LVU44
 139              		.loc 1 181 2 view .LVU45
ARM GAS  /var/folders/lp/x54gwt890xv47sdkqj1k04q40000gn/T//ccGrmI84.s 			page 7


 140              		.loc 1 181 6 is_stmt 0 view .LVU46
 141 006c FFF7FEFF 		bl	HAL_RCC_OscConfig
 142              	.LVL0:
 143              		.loc 1 181 5 discriminator 1 view .LVU47
 144 0070 08B1     		cbz	r0, .L2
 182:Core/Src/main.c **** 	{
 183:Core/Src/main.c **** 		Error_Handler();
 145              		.loc 1 183 3 is_stmt 1 view .LVU48
 146              	.LBB22:
 147              	.LBI22:
 184:Core/Src/main.c **** 	}
 185:Core/Src/main.c **** 
 186:Core/Src/main.c **** 	/** Initializes the CPU, AHB and APB buses clocks
 187:Core/Src/main.c **** 	 */
 188:Core/Src/main.c **** 	RCC_ClkInitStruct.ClockType = RCC_CLOCKTYPE_HCLK | RCC_CLOCKTYPE_SYSCLK | RCC_CLOCKTYPE_PCLK1 | RC
 189:Core/Src/main.c **** 	RCC_ClkInitStruct.SYSCLKSource = RCC_SYSCLKSOURCE_PLLCLK;
 190:Core/Src/main.c **** 	RCC_ClkInitStruct.AHBCLKDivider = RCC_SYSCLK_DIV1;
 191:Core/Src/main.c **** 	RCC_ClkInitStruct.APB1CLKDivider = RCC_HCLK_DIV4;
 192:Core/Src/main.c **** 	RCC_ClkInitStruct.APB2CLKDivider = RCC_HCLK_DIV2;
 193:Core/Src/main.c **** 
 194:Core/Src/main.c **** 	if (HAL_RCC_ClockConfig(&RCC_ClkInitStruct, FLASH_LATENCY_5) != HAL_OK)
 195:Core/Src/main.c **** 	{
 196:Core/Src/main.c **** 		Error_Handler();
 197:Core/Src/main.c **** 	}
 198:Core/Src/main.c **** }
 199:Core/Src/main.c **** 
 200:Core/Src/main.c **** /* USER CODE BEGIN 4 */
 201:Core/Src/main.c **** 
 202:Core/Src/main.c **** /* USER CODE END 4 */
 203:Core/Src/main.c **** 
 204:Core/Src/main.c **** /**
 205:Core/Src/main.c ****  * @brief  This function is executed in case of error occurrence.
 206:Core/Src/main.c ****  * @retval None
 207:Core/Src/main.c ****  */
 208:Core/Src/main.c **** void Error_Handler(void)
 148              		.loc 1 208 6 view .LVU49
 209:Core/Src/main.c **** {
 210:Core/Src/main.c **** 	/* USER CODE BEGIN Error_Handler_Debug */
 211:Core/Src/main.c **** 	/* User can add his own implementation to report the HAL error return state */
 212:Core/Src/main.c **** 	__disable_irq();
 149              		.loc 1 212 2 view .LVU50
 150              	.LBB23:
 151              	.LBI23:
 152              		.file 2 "Drivers/CMSIS/Include/cmsis_gcc.h"
   1:Drivers/CMSIS/Include/cmsis_gcc.h **** /**************************************************************************//**
   2:Drivers/CMSIS/Include/cmsis_gcc.h ****  * @file     cmsis_gcc.h
   3:Drivers/CMSIS/Include/cmsis_gcc.h ****  * @brief    CMSIS compiler GCC header file
   4:Drivers/CMSIS/Include/cmsis_gcc.h ****  * @version  V5.0.4
   5:Drivers/CMSIS/Include/cmsis_gcc.h ****  * @date     09. April 2018
   6:Drivers/CMSIS/Include/cmsis_gcc.h ****  ******************************************************************************/
   7:Drivers/CMSIS/Include/cmsis_gcc.h **** /*
   8:Drivers/CMSIS/Include/cmsis_gcc.h ****  * Copyright (c) 2009-2018 Arm Limited. All rights reserved.
   9:Drivers/CMSIS/Include/cmsis_gcc.h ****  *
  10:Drivers/CMSIS/Include/cmsis_gcc.h ****  * SPDX-License-Identifier: Apache-2.0
  11:Drivers/CMSIS/Include/cmsis_gcc.h ****  *
  12:Drivers/CMSIS/Include/cmsis_gcc.h ****  * Licensed under the Apache License, Version 2.0 (the License); you may
  13:Drivers/CMSIS/Include/cmsis_gcc.h ****  * not use this file except in compliance with the License.
ARM GAS  /var/folders/lp/x54gwt890xv47sdkqj1k04q40000gn/T//ccGrmI84.s 			page 8


  14:Drivers/CMSIS/Include/cmsis_gcc.h ****  * You may obtain a copy of the License at
  15:Drivers/CMSIS/Include/cmsis_gcc.h ****  *
  16:Drivers/CMSIS/Include/cmsis_gcc.h ****  * www.apache.org/licenses/LICENSE-2.0
  17:Drivers/CMSIS/Include/cmsis_gcc.h ****  *
  18:Drivers/CMSIS/Include/cmsis_gcc.h ****  * Unless required by applicable law or agreed to in writing, software
  19:Drivers/CMSIS/Include/cmsis_gcc.h ****  * distributed under the License is distributed on an AS IS BASIS, WITHOUT
  20:Drivers/CMSIS/Include/cmsis_gcc.h ****  * WARRANTIES OR CONDITIONS OF ANY KIND, either express or implied.
  21:Drivers/CMSIS/Include/cmsis_gcc.h ****  * See the License for the specific language governing permissions and
  22:Drivers/CMSIS/Include/cmsis_gcc.h ****  * limitations under the License.
  23:Drivers/CMSIS/Include/cmsis_gcc.h ****  */
  24:Drivers/CMSIS/Include/cmsis_gcc.h **** 
  25:Drivers/CMSIS/Include/cmsis_gcc.h **** #ifndef __CMSIS_GCC_H
  26:Drivers/CMSIS/Include/cmsis_gcc.h **** #define __CMSIS_GCC_H
  27:Drivers/CMSIS/Include/cmsis_gcc.h **** 
  28:Drivers/CMSIS/Include/cmsis_gcc.h **** /* ignore some GCC warnings */
  29:Drivers/CMSIS/Include/cmsis_gcc.h **** #pragma GCC diagnostic push
  30:Drivers/CMSIS/Include/cmsis_gcc.h **** #pragma GCC diagnostic ignored "-Wsign-conversion"
  31:Drivers/CMSIS/Include/cmsis_gcc.h **** #pragma GCC diagnostic ignored "-Wconversion"
  32:Drivers/CMSIS/Include/cmsis_gcc.h **** #pragma GCC diagnostic ignored "-Wunused-parameter"
  33:Drivers/CMSIS/Include/cmsis_gcc.h **** 
  34:Drivers/CMSIS/Include/cmsis_gcc.h **** /* Fallback for __has_builtin */
  35:Drivers/CMSIS/Include/cmsis_gcc.h **** #ifndef __has_builtin
  36:Drivers/CMSIS/Include/cmsis_gcc.h ****   #define __has_builtin(x) (0)
  37:Drivers/CMSIS/Include/cmsis_gcc.h **** #endif
  38:Drivers/CMSIS/Include/cmsis_gcc.h **** 
  39:Drivers/CMSIS/Include/cmsis_gcc.h **** /* CMSIS compiler specific defines */
  40:Drivers/CMSIS/Include/cmsis_gcc.h **** #ifndef   __ASM
  41:Drivers/CMSIS/Include/cmsis_gcc.h ****   #define __ASM                                  __asm
  42:Drivers/CMSIS/Include/cmsis_gcc.h **** #endif
  43:Drivers/CMSIS/Include/cmsis_gcc.h **** #ifndef   __INLINE
  44:Drivers/CMSIS/Include/cmsis_gcc.h ****   #define __INLINE                               inline
  45:Drivers/CMSIS/Include/cmsis_gcc.h **** #endif
  46:Drivers/CMSIS/Include/cmsis_gcc.h **** #ifndef   __STATIC_INLINE
  47:Drivers/CMSIS/Include/cmsis_gcc.h ****   #define __STATIC_INLINE                        static inline
  48:Drivers/CMSIS/Include/cmsis_gcc.h **** #endif
  49:Drivers/CMSIS/Include/cmsis_gcc.h **** #ifndef   __STATIC_FORCEINLINE                 
  50:Drivers/CMSIS/Include/cmsis_gcc.h ****   #define __STATIC_FORCEINLINE                   __attribute__((always_inline)) static inline
  51:Drivers/CMSIS/Include/cmsis_gcc.h **** #endif                                           
  52:Drivers/CMSIS/Include/cmsis_gcc.h **** #ifndef   __NO_RETURN
  53:Drivers/CMSIS/Include/cmsis_gcc.h ****   #define __NO_RETURN                            __attribute__((__noreturn__))
  54:Drivers/CMSIS/Include/cmsis_gcc.h **** #endif
  55:Drivers/CMSIS/Include/cmsis_gcc.h **** #ifndef   __USED
  56:Drivers/CMSIS/Include/cmsis_gcc.h ****   #define __USED                                 __attribute__((used))
  57:Drivers/CMSIS/Include/cmsis_gcc.h **** #endif
  58:Drivers/CMSIS/Include/cmsis_gcc.h **** #ifndef   __WEAK
  59:Drivers/CMSIS/Include/cmsis_gcc.h ****   #define __WEAK                                 __attribute__((weak))
  60:Drivers/CMSIS/Include/cmsis_gcc.h **** #endif
  61:Drivers/CMSIS/Include/cmsis_gcc.h **** #ifndef   __PACKED
  62:Drivers/CMSIS/Include/cmsis_gcc.h ****   #define __PACKED                               __attribute__((packed, aligned(1)))
  63:Drivers/CMSIS/Include/cmsis_gcc.h **** #endif
  64:Drivers/CMSIS/Include/cmsis_gcc.h **** #ifndef   __PACKED_STRUCT
  65:Drivers/CMSIS/Include/cmsis_gcc.h ****   #define __PACKED_STRUCT                        struct __attribute__((packed, aligned(1)))
  66:Drivers/CMSIS/Include/cmsis_gcc.h **** #endif
  67:Drivers/CMSIS/Include/cmsis_gcc.h **** #ifndef   __PACKED_UNION
  68:Drivers/CMSIS/Include/cmsis_gcc.h ****   #define __PACKED_UNION                         union __attribute__((packed, aligned(1)))
  69:Drivers/CMSIS/Include/cmsis_gcc.h **** #endif
  70:Drivers/CMSIS/Include/cmsis_gcc.h **** #ifndef   __UNALIGNED_UINT32        /* deprecated */
ARM GAS  /var/folders/lp/x54gwt890xv47sdkqj1k04q40000gn/T//ccGrmI84.s 			page 9


  71:Drivers/CMSIS/Include/cmsis_gcc.h ****   #pragma GCC diagnostic push
  72:Drivers/CMSIS/Include/cmsis_gcc.h ****   #pragma GCC diagnostic ignored "-Wpacked"
  73:Drivers/CMSIS/Include/cmsis_gcc.h ****   #pragma GCC diagnostic ignored "-Wattributes"
  74:Drivers/CMSIS/Include/cmsis_gcc.h ****   struct __attribute__((packed)) T_UINT32 { uint32_t v; };
  75:Drivers/CMSIS/Include/cmsis_gcc.h ****   #pragma GCC diagnostic pop
  76:Drivers/CMSIS/Include/cmsis_gcc.h ****   #define __UNALIGNED_UINT32(x)                  (((struct T_UINT32 *)(x))->v)
  77:Drivers/CMSIS/Include/cmsis_gcc.h **** #endif
  78:Drivers/CMSIS/Include/cmsis_gcc.h **** #ifndef   __UNALIGNED_UINT16_WRITE
  79:Drivers/CMSIS/Include/cmsis_gcc.h ****   #pragma GCC diagnostic push
  80:Drivers/CMSIS/Include/cmsis_gcc.h ****   #pragma GCC diagnostic ignored "-Wpacked"
  81:Drivers/CMSIS/Include/cmsis_gcc.h ****   #pragma GCC diagnostic ignored "-Wattributes"
  82:Drivers/CMSIS/Include/cmsis_gcc.h ****   __PACKED_STRUCT T_UINT16_WRITE { uint16_t v; };
  83:Drivers/CMSIS/Include/cmsis_gcc.h ****   #pragma GCC diagnostic pop
  84:Drivers/CMSIS/Include/cmsis_gcc.h ****   #define __UNALIGNED_UINT16_WRITE(addr, val)    (void)((((struct T_UINT16_WRITE *)(void *)(addr))-
  85:Drivers/CMSIS/Include/cmsis_gcc.h **** #endif
  86:Drivers/CMSIS/Include/cmsis_gcc.h **** #ifndef   __UNALIGNED_UINT16_READ
  87:Drivers/CMSIS/Include/cmsis_gcc.h ****   #pragma GCC diagnostic push
  88:Drivers/CMSIS/Include/cmsis_gcc.h ****   #pragma GCC diagnostic ignored "-Wpacked"
  89:Drivers/CMSIS/Include/cmsis_gcc.h ****   #pragma GCC diagnostic ignored "-Wattributes"
  90:Drivers/CMSIS/Include/cmsis_gcc.h ****   __PACKED_STRUCT T_UINT16_READ { uint16_t v; };
  91:Drivers/CMSIS/Include/cmsis_gcc.h ****   #pragma GCC diagnostic pop
  92:Drivers/CMSIS/Include/cmsis_gcc.h ****   #define __UNALIGNED_UINT16_READ(addr)          (((const struct T_UINT16_READ *)(const void *)(add
  93:Drivers/CMSIS/Include/cmsis_gcc.h **** #endif
  94:Drivers/CMSIS/Include/cmsis_gcc.h **** #ifndef   __UNALIGNED_UINT32_WRITE
  95:Drivers/CMSIS/Include/cmsis_gcc.h ****   #pragma GCC diagnostic push
  96:Drivers/CMSIS/Include/cmsis_gcc.h ****   #pragma GCC diagnostic ignored "-Wpacked"
  97:Drivers/CMSIS/Include/cmsis_gcc.h ****   #pragma GCC diagnostic ignored "-Wattributes"
  98:Drivers/CMSIS/Include/cmsis_gcc.h ****   __PACKED_STRUCT T_UINT32_WRITE { uint32_t v; };
  99:Drivers/CMSIS/Include/cmsis_gcc.h ****   #pragma GCC diagnostic pop
 100:Drivers/CMSIS/Include/cmsis_gcc.h ****   #define __UNALIGNED_UINT32_WRITE(addr, val)    (void)((((struct T_UINT32_WRITE *)(void *)(addr))-
 101:Drivers/CMSIS/Include/cmsis_gcc.h **** #endif
 102:Drivers/CMSIS/Include/cmsis_gcc.h **** #ifndef   __UNALIGNED_UINT32_READ
 103:Drivers/CMSIS/Include/cmsis_gcc.h ****   #pragma GCC diagnostic push
 104:Drivers/CMSIS/Include/cmsis_gcc.h ****   #pragma GCC diagnostic ignored "-Wpacked"
 105:Drivers/CMSIS/Include/cmsis_gcc.h ****   #pragma GCC diagnostic ignored "-Wattributes"
 106:Drivers/CMSIS/Include/cmsis_gcc.h ****   __PACKED_STRUCT T_UINT32_READ { uint32_t v; };
 107:Drivers/CMSIS/Include/cmsis_gcc.h ****   #pragma GCC diagnostic pop
 108:Drivers/CMSIS/Include/cmsis_gcc.h ****   #define __UNALIGNED_UINT32_READ(addr)          (((const struct T_UINT32_READ *)(const void *)(add
 109:Drivers/CMSIS/Include/cmsis_gcc.h **** #endif
 110:Drivers/CMSIS/Include/cmsis_gcc.h **** #ifndef   __ALIGNED
 111:Drivers/CMSIS/Include/cmsis_gcc.h ****   #define __ALIGNED(x)                           __attribute__((aligned(x)))
 112:Drivers/CMSIS/Include/cmsis_gcc.h **** #endif
 113:Drivers/CMSIS/Include/cmsis_gcc.h **** #ifndef   __RESTRICT
 114:Drivers/CMSIS/Include/cmsis_gcc.h ****   #define __RESTRICT                             __restrict
 115:Drivers/CMSIS/Include/cmsis_gcc.h **** #endif
 116:Drivers/CMSIS/Include/cmsis_gcc.h **** 
 117:Drivers/CMSIS/Include/cmsis_gcc.h **** 
 118:Drivers/CMSIS/Include/cmsis_gcc.h **** /* ###########################  Core Function Access  ########################### */
 119:Drivers/CMSIS/Include/cmsis_gcc.h **** /** \ingroup  CMSIS_Core_FunctionInterface
 120:Drivers/CMSIS/Include/cmsis_gcc.h ****     \defgroup CMSIS_Core_RegAccFunctions CMSIS Core Register Access Functions
 121:Drivers/CMSIS/Include/cmsis_gcc.h ****   @{
 122:Drivers/CMSIS/Include/cmsis_gcc.h ****  */
 123:Drivers/CMSIS/Include/cmsis_gcc.h **** 
 124:Drivers/CMSIS/Include/cmsis_gcc.h **** /**
 125:Drivers/CMSIS/Include/cmsis_gcc.h ****   \brief   Enable IRQ Interrupts
 126:Drivers/CMSIS/Include/cmsis_gcc.h ****   \details Enables IRQ interrupts by clearing the I-bit in the CPSR.
 127:Drivers/CMSIS/Include/cmsis_gcc.h ****            Can only be executed in Privileged modes.
ARM GAS  /var/folders/lp/x54gwt890xv47sdkqj1k04q40000gn/T//ccGrmI84.s 			page 10


 128:Drivers/CMSIS/Include/cmsis_gcc.h ****  */
 129:Drivers/CMSIS/Include/cmsis_gcc.h **** __STATIC_FORCEINLINE void __enable_irq(void)
 130:Drivers/CMSIS/Include/cmsis_gcc.h **** {
 131:Drivers/CMSIS/Include/cmsis_gcc.h ****   __ASM volatile ("cpsie i" : : : "memory");
 132:Drivers/CMSIS/Include/cmsis_gcc.h **** }
 133:Drivers/CMSIS/Include/cmsis_gcc.h **** 
 134:Drivers/CMSIS/Include/cmsis_gcc.h **** 
 135:Drivers/CMSIS/Include/cmsis_gcc.h **** /**
 136:Drivers/CMSIS/Include/cmsis_gcc.h ****   \brief   Disable IRQ Interrupts
 137:Drivers/CMSIS/Include/cmsis_gcc.h ****   \details Disables IRQ interrupts by setting the I-bit in the CPSR.
 138:Drivers/CMSIS/Include/cmsis_gcc.h ****            Can only be executed in Privileged modes.
 139:Drivers/CMSIS/Include/cmsis_gcc.h ****  */
 140:Drivers/CMSIS/Include/cmsis_gcc.h **** __STATIC_FORCEINLINE void __disable_irq(void)
 153              		.loc 2 140 27 view .LVU51
 154              	.LBB24:
 141:Drivers/CMSIS/Include/cmsis_gcc.h **** {
 142:Drivers/CMSIS/Include/cmsis_gcc.h ****   __ASM volatile ("cpsid i" : : : "memory");
 155              		.loc 2 142 3 view .LVU52
 156              		.syntax unified
 157              	@ 142 "Drivers/CMSIS/Include/cmsis_gcc.h" 1
 158 0072 72B6     		cpsid i
 159              	@ 0 "" 2
 160              		.thumb
 161              		.syntax unified
 162              	.L3:
 163              	.LBE24:
 164              	.LBE23:
 213:Core/Src/main.c **** 	while (1)
 165              		.loc 1 213 2 view .LVU53
 214:Core/Src/main.c **** 	{
 215:Core/Src/main.c **** 	}
 166              		.loc 1 215 2 view .LVU54
 213:Core/Src/main.c **** 	while (1)
 167              		.loc 1 213 8 view .LVU55
 213:Core/Src/main.c **** 	while (1)
 168              		.loc 1 213 2 view .LVU56
 169              		.loc 1 215 2 view .LVU57
 213:Core/Src/main.c **** 	while (1)
 170              		.loc 1 213 8 view .LVU58
 171 0074 FEE7     		b	.L3
 172              	.L2:
 173              	.LBE22:
 188:Core/Src/main.c **** 	RCC_ClkInitStruct.SYSCLKSource = RCC_SYSCLKSOURCE_PLLCLK;
 174              		.loc 1 188 2 view .LVU59
 188:Core/Src/main.c **** 	RCC_ClkInitStruct.SYSCLKSource = RCC_SYSCLKSOURCE_PLLCLK;
 175              		.loc 1 188 30 is_stmt 0 view .LVU60
 176 0076 0F22     		movs	r2, #15
 177 0078 0346     		mov	r3, r0
 189:Core/Src/main.c **** 	RCC_ClkInitStruct.AHBCLKDivider = RCC_SYSCLK_DIV1;
 178              		.loc 1 189 33 view .LVU61
 179 007a CDE90324 		strd	r2, r4, [sp, #12]
 190:Core/Src/main.c **** 	RCC_ClkInitStruct.APB1CLKDivider = RCC_HCLK_DIV4;
 180              		.loc 1 190 2 is_stmt 1 view .LVU62
 191:Core/Src/main.c **** 	RCC_ClkInitStruct.APB2CLKDivider = RCC_HCLK_DIV2;
 181              		.loc 1 191 35 is_stmt 0 view .LVU63
 182 007e 4FF4A055 		mov	r5, #5120
 192:Core/Src/main.c **** 
ARM GAS  /var/folders/lp/x54gwt890xv47sdkqj1k04q40000gn/T//ccGrmI84.s 			page 11


 183              		.loc 1 192 35 view .LVU64
 184 0082 4FF48052 		mov	r2, #4096
 194:Core/Src/main.c **** 	{
 185              		.loc 1 194 6 view .LVU65
 186 0086 03A8     		add	r0, sp, #12
 187 0088 0521     		movs	r1, #5
 191:Core/Src/main.c **** 	RCC_ClkInitStruct.APB2CLKDivider = RCC_HCLK_DIV2;
 188              		.loc 1 191 35 view .LVU66
 189 008a CDE90535 		strd	r3, r5, [sp, #20]
 192:Core/Src/main.c **** 
 190              		.loc 1 192 2 is_stmt 1 view .LVU67
 192:Core/Src/main.c **** 
 191              		.loc 1 192 35 is_stmt 0 view .LVU68
 192 008e 0792     		str	r2, [sp, #28]
 194:Core/Src/main.c **** 	{
 193              		.loc 1 194 2 is_stmt 1 view .LVU69
 194:Core/Src/main.c **** 	{
 194              		.loc 1 194 6 is_stmt 0 view .LVU70
 195 0090 FFF7FEFF 		bl	HAL_RCC_ClockConfig
 196              	.LVL1:
 194:Core/Src/main.c **** 	{
 197              		.loc 1 194 5 discriminator 1 view .LVU71
 198 0094 08B1     		cbz	r0, .L1
 196:Core/Src/main.c **** 	}
 199              		.loc 1 196 3 is_stmt 1 view .LVU72
 200              	.LBB25:
 201              	.LBI25:
 208:Core/Src/main.c **** {
 202              		.loc 1 208 6 view .LVU73
 212:Core/Src/main.c **** 	while (1)
 203              		.loc 1 212 2 view .LVU74
 204              	.LBB26:
 205              	.LBI26:
 140:Drivers/CMSIS/Include/cmsis_gcc.h **** {
 206              		.loc 2 140 27 view .LVU75
 207              	.LBB27:
 208              		.loc 2 142 3 view .LVU76
 209              		.syntax unified
 210              	@ 142 "Drivers/CMSIS/Include/cmsis_gcc.h" 1
 211 0096 72B6     		cpsid i
 212              	@ 0 "" 2
 213              		.thumb
 214              		.syntax unified
 215              	.L5:
 216              	.LBE27:
 217              	.LBE26:
 213:Core/Src/main.c **** 	{
 218              		.loc 1 213 2 view .LVU77
 219              		.loc 1 215 2 view .LVU78
 213:Core/Src/main.c **** 	{
 220              		.loc 1 213 8 view .LVU79
 213:Core/Src/main.c **** 	{
 221              		.loc 1 213 2 view .LVU80
 222              		.loc 1 215 2 view .LVU81
 213:Core/Src/main.c **** 	{
 223              		.loc 1 213 8 view .LVU82
 224 0098 FEE7     		b	.L5
ARM GAS  /var/folders/lp/x54gwt890xv47sdkqj1k04q40000gn/T//ccGrmI84.s 			page 12


 225              	.L1:
 226              	.LBE25:
 198:Core/Src/main.c **** 
 227              		.loc 1 198 1 is_stmt 0 view .LVU83
 228 009a 15B0     		add	sp, sp, #84
 229              		.cfi_def_cfa_offset 12
 230              		@ sp needed
 231 009c 30BD     		pop	{r4, r5, pc}
 232              	.L9:
 233 009e 00BF     		.align	2
 234              	.L8:
 235 00a0 00380240 		.word	1073887232
 236 00a4 00700040 		.word	1073770496
 237              		.cfi_endproc
 238              	.LFE447:
 240              		.section	.rodata.main.str1.4,"aMS",%progbits,1
 241              		.align	2
 242              	.LC0:
 243 0000 53454747 		.ascii	"SEGGER Real-Time-Terminal Sample\015\012\000"
 243      45522052 
 243      65616C2D 
 243      54696D65 
 243      2D546572 
 244              		.section	.text.startup.main,"ax",%progbits
 245              		.align	1
 246              		.p2align 2,,3
 247              		.global	main
 248              		.syntax unified
 249              		.thumb
 250              		.thumb_func
 252              	main:
 253              	.LFB446:
  75:Core/Src/main.c **** 	/* USER CODE BEGIN 1 */
 254              		.loc 1 75 1 is_stmt 1 view -0
 255              		.cfi_startproc
 256              		@ Volatile: function does not return.
 257              		@ args = 0, pretend = 0, frame = 0
 258              		@ frame_needed = 0, uses_anonymous_args = 0
  82:Core/Src/main.c **** 
 259              		.loc 1 82 2 view .LVU85
  75:Core/Src/main.c **** 	/* USER CODE BEGIN 1 */
 260              		.loc 1 75 1 is_stmt 0 view .LVU86
 261 0000 00B5     		push	{lr}
 262              		.cfi_def_cfa_offset 4
 263              		.cfi_offset 14, -4
 264 0002 83B0     		sub	sp, sp, #12
 265              		.cfi_def_cfa_offset 16
  82:Core/Src/main.c **** 
 266              		.loc 1 82 2 view .LVU87
 267 0004 FFF7FEFF 		bl	HAL_Init
 268              	.LVL2:
  90:Core/Src/main.c **** 
 269              		.loc 1 90 2 is_stmt 1 view .LVU88
 110:Core/Src/main.c **** 
 270              		.loc 1 110 2 is_stmt 0 view .LVU89
 271 0008 0024     		movs	r4, #0
  90:Core/Src/main.c **** 
ARM GAS  /var/folders/lp/x54gwt890xv47sdkqj1k04q40000gn/T//ccGrmI84.s 			page 13


 272              		.loc 1 90 2 view .LVU90
 273 000a FFF7FEFF 		bl	SystemClock_Config
 274              	.LVL3:
  97:Core/Src/main.c **** 	MX_ADC1_Init();
 275              		.loc 1 97 2 is_stmt 1 view .LVU91
 276 000e FFF7FEFF 		bl	MX_GPIO_Init
 277              	.LVL4:
  98:Core/Src/main.c **** 	MX_ADC2_Init();
 278              		.loc 1 98 2 view .LVU92
 279 0012 FFF7FEFF 		bl	MX_ADC1_Init
 280              	.LVL5:
  99:Core/Src/main.c **** 	MX_ADC3_Init();
 281              		.loc 1 99 2 view .LVU93
 282 0016 FFF7FEFF 		bl	MX_ADC2_Init
 283              	.LVL6:
 100:Core/Src/main.c **** 	MX_DMA_Init();
 284              		.loc 1 100 2 view .LVU94
 285 001a FFF7FEFF 		bl	MX_ADC3_Init
 286              	.LVL7:
 101:Core/Src/main.c **** 	MX_I2C1_Init();
 287              		.loc 1 101 2 view .LVU95
 288 001e FFF7FEFF 		bl	MX_DMA_Init
 289              	.LVL8:
 102:Core/Src/main.c **** 	MX_I2S3_Init();
 290              		.loc 1 102 2 view .LVU96
 291 0022 FFF7FEFF 		bl	MX_I2C1_Init
 292              	.LVL9:
 103:Core/Src/main.c **** 	MX_SPI1_Init();
 293              		.loc 1 103 2 view .LVU97
 294 0026 FFF7FEFF 		bl	MX_I2S3_Init
 295              	.LVL10:
 104:Core/Src/main.c **** 	MX_TIM3_Init();
 296              		.loc 1 104 2 view .LVU98
 297 002a FFF7FEFF 		bl	MX_SPI1_Init
 298              	.LVL11:
 105:Core/Src/main.c **** 	// MX_USB_HOST_Init();
 299              		.loc 1 105 2 view .LVU99
 300 002e FFF7FEFF 		bl	MX_TIM3_Init
 301              	.LVL12:
 109:Core/Src/main.c **** 	SEGGER_RTT_ConfigUpBuffer(0, NULL, NULL, 0, SEGGER_RTT_MODE_NO_BLOCK_SKIP);
 302              		.loc 1 109 2 view .LVU100
 303 0032 1749     		ldr	r1, .L13
 304 0034 0020     		movs	r0, #0
 305 0036 FFF7FEFF 		bl	SEGGER_RTT_WriteString
 306              	.LVL13:
 110:Core/Src/main.c **** 
 307              		.loc 1 110 2 view .LVU101
 308 003a 2346     		mov	r3, r4
 309 003c 2246     		mov	r2, r4
 310 003e 2146     		mov	r1, r4
 311 0040 0094     		str	r4, [sp]
 312 0042 2046     		mov	r0, r4
 313 0044 FFF7FEFF 		bl	SEGGER_RTT_ConfigUpBuffer
 314              	.LVL14:
 113:Core/Src/main.c **** 
 315              		.loc 1 113 4 view .LVU102
 316 0048 3C21     		movs	r1, #60
ARM GAS  /var/folders/lp/x54gwt890xv47sdkqj1k04q40000gn/T//ccGrmI84.s 			page 14


 317 004a 1248     		ldr	r0, .L13+4
 318 004c FFF7FEFF 		bl	HAL_TIM_Encoder_Start
 319              	.LVL15:
 119:Core/Src/main.c **** 	lv_port_disp_init();
 320              		.loc 1 119 2 view .LVU103
 321 0050 FFF7FEFF 		bl	lv_init
 322              	.LVL16:
 120:Core/Src/main.c **** 	UI_LCD_init();
 323              		.loc 1 120 2 view .LVU104
 324 0054 FFF7FEFF 		bl	lv_port_disp_init
 325              	.LVL17:
 121:Core/Src/main.c **** 
 326              		.loc 1 121 2 view .LVU105
 327 0058 FFF7FEFF 		bl	UI_LCD_init
 328              	.LVL18:
 124:Core/Src/main.c **** 
 329              		.loc 1 124 2 view .LVU106
 330 005c 2246     		mov	r2, r4
 331 005e 0E49     		ldr	r1, .L13+8
 332 0060 0E48     		ldr	r0, .L13+12
 151:Core/Src/main.c **** 	}
 333              		.loc 1 151 3 is_stmt 0 discriminator 1 view .LVU107
 334 0062 0E4C     		ldr	r4, .L13+12
 124:Core/Src/main.c **** 
 335              		.loc 1 124 2 view .LVU108
 336 0064 FFF7FEFF 		bl	USBH_Init
 337              	.LVL19:
 127:Core/Src/main.c **** 
 338              		.loc 1 127 2 is_stmt 1 view .LVU109
 339 0068 0D49     		ldr	r1, .L13+16
 340 006a 0C48     		ldr	r0, .L13+12
 341 006c FFF7FEFF 		bl	USBH_RegisterClass
 342              	.LVL20:
 130:Core/Src/main.c **** 	
 343              		.loc 1 130 2 view .LVU110
 344 0070 0A48     		ldr	r0, .L13+12
 345 0072 FFF7FEFF 		bl	USBH_Start
 346              	.LVL21:
 133:Core/Src/main.c **** 
 347              		.loc 1 133 2 view .LVU111
 348 0076 FFF7FEFF 		bl	AUDIO_Init
 349              	.LVL22:
 350              	.L11:
 141:Core/Src/main.c **** 	{
 351              		.loc 1 141 2 view .LVU112
 146:Core/Src/main.c **** 		UI_LCD_process();
 352              		.loc 1 146 3 view .LVU113
 353 007a FFF7FEFF 		bl	lv_timer_handler
 354              	.LVL23:
 147:Core/Src/main.c **** 		MIDI_Application();
 355              		.loc 1 147 3 view .LVU114
 356 007e FFF7FEFF 		bl	UI_LCD_process
 357              	.LVL24:
 148:Core/Src/main.c **** 		// ConsoleProcess();
 358              		.loc 1 148 3 view .LVU115
 359 0082 FFF7FEFF 		bl	MIDI_Application
 360              	.LVL25:
ARM GAS  /var/folders/lp/x54gwt890xv47sdkqj1k04q40000gn/T//ccGrmI84.s 			page 15


 151:Core/Src/main.c **** 	}
 361              		.loc 1 151 3 discriminator 1 view .LVU116
 362 0086 2046     		mov	r0, r4
 363 0088 FFF7FEFF 		bl	USBH_Process
 364              	.LVL26:
 141:Core/Src/main.c **** 	{
 365              		.loc 1 141 8 view .LVU117
 366 008c F5E7     		b	.L11
 367              	.L14:
 368 008e 00BF     		.align	2
 369              	.L13:
 370 0090 00000000 		.word	.LC0
 371 0094 00000000 		.word	htim3
 372 0098 00000000 		.word	USBH_UserProcess_callback
 373 009c 00000000 		.word	hUSBHost
 374 00a0 00000000 		.word	MIDI_Class
 375              		.cfi_endproc
 376              	.LFE446:
 378              		.section	.text.Error_Handler,"ax",%progbits
 379              		.align	1
 380              		.p2align 2,,3
 381              		.global	Error_Handler
 382              		.syntax unified
 383              		.thumb
 384              		.thumb_func
 386              	Error_Handler:
 387              	.LFB448:
 209:Core/Src/main.c **** 	/* USER CODE BEGIN Error_Handler_Debug */
 388              		.loc 1 209 1 view -0
 389              		.cfi_startproc
 390              		@ Volatile: function does not return.
 391              		@ args = 0, pretend = 0, frame = 0
 392              		@ frame_needed = 0, uses_anonymous_args = 0
 393              		@ link register save eliminated.
 212:Core/Src/main.c **** 	while (1)
 394              		.loc 1 212 2 view .LVU119
 395              	.LBB28:
 396              	.LBI28:
 140:Drivers/CMSIS/Include/cmsis_gcc.h **** {
 397              		.loc 2 140 27 view .LVU120
 398              	.LBB29:
 399              		.loc 2 142 3 view .LVU121
 400              		.syntax unified
 401              	@ 142 "Drivers/CMSIS/Include/cmsis_gcc.h" 1
 402 0000 72B6     		cpsid i
 403              	@ 0 "" 2
 404              		.thumb
 405              		.syntax unified
 406              	.L16:
 407              	.LBE29:
 408              	.LBE28:
 213:Core/Src/main.c **** 	{
 409              		.loc 1 213 2 view .LVU122
 410              		.loc 1 215 2 view .LVU123
 213:Core/Src/main.c **** 	{
 411              		.loc 1 213 8 view .LVU124
 213:Core/Src/main.c **** 	{
ARM GAS  /var/folders/lp/x54gwt890xv47sdkqj1k04q40000gn/T//ccGrmI84.s 			page 16


 412              		.loc 1 213 2 view .LVU125
 413              		.loc 1 215 2 view .LVU126
 213:Core/Src/main.c **** 	{
 414              		.loc 1 213 8 view .LVU127
 415 0002 FEE7     		b	.L16
 416              		.cfi_endproc
 417              	.LFE448:
 419              		.text
 420              	.Letext0:
 421              		.file 3 "/Users/jr/Library/Application Support/Code/User/globalStorage/bmd.stm32-for-vscode/@xpack
 422              		.file 4 "/Users/jr/Library/Application Support/Code/User/globalStorage/bmd.stm32-for-vscode/@xpack
 423              		.file 5 "Drivers/CMSIS/Device/ST/STM32F4xx/Include/stm32f407xx.h"
 424              		.file 6 "Drivers/STM32F4xx_HAL_Driver/Inc/stm32f4xx_hal_def.h"
 425              		.file 7 "Drivers/STM32F4xx_HAL_Driver/Inc/stm32f4xx_hal_rcc_ex.h"
 426              		.file 8 "Drivers/STM32F4xx_HAL_Driver/Inc/stm32f4xx_hal_rcc.h"
 427              		.file 9 "Drivers/STM32F4xx_HAL_Driver/Inc/stm32f4xx_hal_dma.h"
 428              		.file 10 "Drivers/STM32F4xx_HAL_Driver/Inc/stm32f4xx_hal_tim.h"
 429              		.file 11 "Middlewares/ST/STM32_USB_Host_Library/Core/Inc/usbh_def.h"
 430              		.file 12 "Core/Inc/usbh_MIDI.h"
 431              		.file 13 "Core/Inc/tim.h"
 432              		.file 14 "Middlewares/ST/STM32_USB_Host_Library/Core/Inc/usbh_core.h"
 433              		.file 15 "Core/Inc/UI_LCD.h"
 434              		.file 16 "Core/Inc/audio.h"
 435              		.file 17 "Core/Inc/MIDI_application.h"
 436              		.file 18 "Core/Inc/LCDController.h"
 437              		.file 19 "Drivers/lvgl/src/core/lv_obj.h"
 438              		.file 20 "Core/Inc/SEGGER_RTT.h"
 439              		.file 21 "Core/Inc/spi.h"
 440              		.file 22 "Core/Inc/i2s.h"
 441              		.file 23 "Core/Inc/i2c.h"
 442              		.file 24 "Core/Inc/dma.h"
 443              		.file 25 "Core/Inc/adc.h"
 444              		.file 26 "Core/Inc/gpio.h"
 445              		.file 27 "Drivers/lvgl/src/misc/lv_timer.h"
 446              		.file 28 "Drivers/STM32F4xx_HAL_Driver/Inc/stm32f4xx_hal.h"
 447              		.file 29 "Core/Inc/MIDI_event.h"
ARM GAS  /var/folders/lp/x54gwt890xv47sdkqj1k04q40000gn/T//ccGrmI84.s 			page 17


DEFINED SYMBOLS
                            *ABS*:00000000 main.c
/var/folders/lp/x54gwt890xv47sdkqj1k04q40000gn/T//ccGrmI84.s:21     .text.SystemClock_Config:00000000 $t
/var/folders/lp/x54gwt890xv47sdkqj1k04q40000gn/T//ccGrmI84.s:28     .text.SystemClock_Config:00000000 SystemClock_Config
/var/folders/lp/x54gwt890xv47sdkqj1k04q40000gn/T//ccGrmI84.s:235    .text.SystemClock_Config:000000a0 $d
/var/folders/lp/x54gwt890xv47sdkqj1k04q40000gn/T//ccGrmI84.s:241    .rodata.main.str1.4:00000000 $d
/var/folders/lp/x54gwt890xv47sdkqj1k04q40000gn/T//ccGrmI84.s:245    .text.startup.main:00000000 $t
/var/folders/lp/x54gwt890xv47sdkqj1k04q40000gn/T//ccGrmI84.s:252    .text.startup.main:00000000 main
/var/folders/lp/x54gwt890xv47sdkqj1k04q40000gn/T//ccGrmI84.s:370    .text.startup.main:00000090 $d
/var/folders/lp/x54gwt890xv47sdkqj1k04q40000gn/T//ccGrmI84.s:379    .text.Error_Handler:00000000 $t
/var/folders/lp/x54gwt890xv47sdkqj1k04q40000gn/T//ccGrmI84.s:386    .text.Error_Handler:00000000 Error_Handler

UNDEFINED SYMBOLS
HAL_RCC_OscConfig
HAL_RCC_ClockConfig
HAL_Init
MX_GPIO_Init
MX_ADC1_Init
MX_ADC2_Init
MX_ADC3_Init
MX_DMA_Init
MX_I2C1_Init
MX_I2S3_Init
MX_SPI1_Init
MX_TIM3_Init
SEGGER_RTT_WriteString
SEGGER_RTT_ConfigUpBuffer
HAL_TIM_Encoder_Start
lv_init
lv_port_disp_init
UI_LCD_init
USBH_Init
USBH_RegisterClass
USBH_Start
AUDIO_Init
lv_timer_handler
UI_LCD_process
MIDI_Application
USBH_Process
htim3
USBH_UserProcess_callback
hUSBHost
MIDI_Class
