ARM GAS  /var/folders/0z/tsy30v1j4xl4_7kw94k978ww0000gn/T//ccgBws4B.s 			page 1


   1              		.cpu cortex-m4
   2              		.arch armv7e-m
   3              		.fpu fpv4-sp-d16
   4              		.eabi_attribute 27, 1
   5              		.eabi_attribute 28, 1
   6              		.eabi_attribute 20, 1
   7              		.eabi_attribute 21, 1
   8              		.eabi_attribute 23, 3
   9              		.eabi_attribute 24, 1
  10              		.eabi_attribute 25, 1
  11              		.eabi_attribute 26, 1
  12              		.eabi_attribute 30, 2
  13              		.eabi_attribute 34, 1
  14              		.eabi_attribute 18, 4
  15              		.file	"usbh_pipes.c"
  16              		.text
  17              	.Ltext0:
  18              		.cfi_sections	.debug_frame
  19              		.section	.text.USBH_OpenPipe,"ax",%progbits
  20              		.align	1
  21              		.p2align 2,,3
  22              		.global	USBH_OpenPipe
  23              		.syntax unified
  24              		.thumb
  25              		.thumb_func
  27              	USBH_OpenPipe:
  28              	.LVL0:
  29              	.LFB238:
  30              		.file 1 "Middlewares/ST/STM32_USB_Host_Library/Core/Src/usbh_pipes.c"
   1:Middlewares/ST/STM32_USB_Host_Library/Core/Src/usbh_pipes.c **** /**
   2:Middlewares/ST/STM32_USB_Host_Library/Core/Src/usbh_pipes.c ****   ******************************************************************************
   3:Middlewares/ST/STM32_USB_Host_Library/Core/Src/usbh_pipes.c ****   * @file    usbh_pipes.c
   4:Middlewares/ST/STM32_USB_Host_Library/Core/Src/usbh_pipes.c ****   * @author  MCD Application Team
   5:Middlewares/ST/STM32_USB_Host_Library/Core/Src/usbh_pipes.c ****   * @brief   This file implements functions for opening and closing Pipes
   6:Middlewares/ST/STM32_USB_Host_Library/Core/Src/usbh_pipes.c ****   ******************************************************************************
   7:Middlewares/ST/STM32_USB_Host_Library/Core/Src/usbh_pipes.c ****   * @attention
   8:Middlewares/ST/STM32_USB_Host_Library/Core/Src/usbh_pipes.c ****   *
   9:Middlewares/ST/STM32_USB_Host_Library/Core/Src/usbh_pipes.c ****   * <h2><center>&copy; Copyright (c) 2015 STMicroelectronics.
  10:Middlewares/ST/STM32_USB_Host_Library/Core/Src/usbh_pipes.c ****   * All rights reserved.</center></h2>
  11:Middlewares/ST/STM32_USB_Host_Library/Core/Src/usbh_pipes.c ****   *
  12:Middlewares/ST/STM32_USB_Host_Library/Core/Src/usbh_pipes.c ****   * This software component is licensed by ST under Ultimate Liberty license
  13:Middlewares/ST/STM32_USB_Host_Library/Core/Src/usbh_pipes.c ****   * SLA0044, the "License"; You may not use this file except in compliance with
  14:Middlewares/ST/STM32_USB_Host_Library/Core/Src/usbh_pipes.c ****   * the License. You may obtain a copy of the License at:
  15:Middlewares/ST/STM32_USB_Host_Library/Core/Src/usbh_pipes.c ****   *                      http://www.st.com/SLA0044
  16:Middlewares/ST/STM32_USB_Host_Library/Core/Src/usbh_pipes.c ****   *
  17:Middlewares/ST/STM32_USB_Host_Library/Core/Src/usbh_pipes.c ****   ******************************************************************************
  18:Middlewares/ST/STM32_USB_Host_Library/Core/Src/usbh_pipes.c ****   */
  19:Middlewares/ST/STM32_USB_Host_Library/Core/Src/usbh_pipes.c **** 
  20:Middlewares/ST/STM32_USB_Host_Library/Core/Src/usbh_pipes.c **** /* Includes ------------------------------------------------------------------*/
  21:Middlewares/ST/STM32_USB_Host_Library/Core/Src/usbh_pipes.c **** #include "usbh_pipes.h"
  22:Middlewares/ST/STM32_USB_Host_Library/Core/Src/usbh_pipes.c **** 
  23:Middlewares/ST/STM32_USB_Host_Library/Core/Src/usbh_pipes.c **** /** @addtogroup USBH_LIB
  24:Middlewares/ST/STM32_USB_Host_Library/Core/Src/usbh_pipes.c ****   * @{
  25:Middlewares/ST/STM32_USB_Host_Library/Core/Src/usbh_pipes.c ****   */
  26:Middlewares/ST/STM32_USB_Host_Library/Core/Src/usbh_pipes.c **** 
  27:Middlewares/ST/STM32_USB_Host_Library/Core/Src/usbh_pipes.c **** /** @addtogroup USBH_LIB_CORE
  28:Middlewares/ST/STM32_USB_Host_Library/Core/Src/usbh_pipes.c **** * @{
ARM GAS  /var/folders/0z/tsy30v1j4xl4_7kw94k978ww0000gn/T//ccgBws4B.s 			page 2


  29:Middlewares/ST/STM32_USB_Host_Library/Core/Src/usbh_pipes.c **** */
  30:Middlewares/ST/STM32_USB_Host_Library/Core/Src/usbh_pipes.c **** 
  31:Middlewares/ST/STM32_USB_Host_Library/Core/Src/usbh_pipes.c **** /** @defgroup USBH_PIPES
  32:Middlewares/ST/STM32_USB_Host_Library/Core/Src/usbh_pipes.c ****   * @brief This file includes opening and closing Pipes
  33:Middlewares/ST/STM32_USB_Host_Library/Core/Src/usbh_pipes.c ****   * @{
  34:Middlewares/ST/STM32_USB_Host_Library/Core/Src/usbh_pipes.c ****   */
  35:Middlewares/ST/STM32_USB_Host_Library/Core/Src/usbh_pipes.c **** 
  36:Middlewares/ST/STM32_USB_Host_Library/Core/Src/usbh_pipes.c **** /** @defgroup USBH_PIPES_Private_Defines
  37:Middlewares/ST/STM32_USB_Host_Library/Core/Src/usbh_pipes.c ****   * @{
  38:Middlewares/ST/STM32_USB_Host_Library/Core/Src/usbh_pipes.c ****   */
  39:Middlewares/ST/STM32_USB_Host_Library/Core/Src/usbh_pipes.c **** /**
  40:Middlewares/ST/STM32_USB_Host_Library/Core/Src/usbh_pipes.c ****   * @}
  41:Middlewares/ST/STM32_USB_Host_Library/Core/Src/usbh_pipes.c ****   */
  42:Middlewares/ST/STM32_USB_Host_Library/Core/Src/usbh_pipes.c **** 
  43:Middlewares/ST/STM32_USB_Host_Library/Core/Src/usbh_pipes.c **** /** @defgroup USBH_PIPES_Private_TypesDefinitions
  44:Middlewares/ST/STM32_USB_Host_Library/Core/Src/usbh_pipes.c ****   * @{
  45:Middlewares/ST/STM32_USB_Host_Library/Core/Src/usbh_pipes.c ****   */
  46:Middlewares/ST/STM32_USB_Host_Library/Core/Src/usbh_pipes.c **** /**
  47:Middlewares/ST/STM32_USB_Host_Library/Core/Src/usbh_pipes.c ****   * @}
  48:Middlewares/ST/STM32_USB_Host_Library/Core/Src/usbh_pipes.c ****   */
  49:Middlewares/ST/STM32_USB_Host_Library/Core/Src/usbh_pipes.c **** 
  50:Middlewares/ST/STM32_USB_Host_Library/Core/Src/usbh_pipes.c **** 
  51:Middlewares/ST/STM32_USB_Host_Library/Core/Src/usbh_pipes.c **** /** @defgroup USBH_PIPES_Private_Macros
  52:Middlewares/ST/STM32_USB_Host_Library/Core/Src/usbh_pipes.c ****   * @{
  53:Middlewares/ST/STM32_USB_Host_Library/Core/Src/usbh_pipes.c ****   */
  54:Middlewares/ST/STM32_USB_Host_Library/Core/Src/usbh_pipes.c **** /**
  55:Middlewares/ST/STM32_USB_Host_Library/Core/Src/usbh_pipes.c ****   * @}
  56:Middlewares/ST/STM32_USB_Host_Library/Core/Src/usbh_pipes.c ****   */
  57:Middlewares/ST/STM32_USB_Host_Library/Core/Src/usbh_pipes.c **** 
  58:Middlewares/ST/STM32_USB_Host_Library/Core/Src/usbh_pipes.c **** 
  59:Middlewares/ST/STM32_USB_Host_Library/Core/Src/usbh_pipes.c **** /** @defgroup USBH_PIPES_Private_Variables
  60:Middlewares/ST/STM32_USB_Host_Library/Core/Src/usbh_pipes.c ****   * @{
  61:Middlewares/ST/STM32_USB_Host_Library/Core/Src/usbh_pipes.c ****   */
  62:Middlewares/ST/STM32_USB_Host_Library/Core/Src/usbh_pipes.c **** 
  63:Middlewares/ST/STM32_USB_Host_Library/Core/Src/usbh_pipes.c **** /**
  64:Middlewares/ST/STM32_USB_Host_Library/Core/Src/usbh_pipes.c ****   * @}
  65:Middlewares/ST/STM32_USB_Host_Library/Core/Src/usbh_pipes.c ****   */
  66:Middlewares/ST/STM32_USB_Host_Library/Core/Src/usbh_pipes.c **** 
  67:Middlewares/ST/STM32_USB_Host_Library/Core/Src/usbh_pipes.c **** 
  68:Middlewares/ST/STM32_USB_Host_Library/Core/Src/usbh_pipes.c **** /** @defgroup USBH_PIPES_Private_Functions
  69:Middlewares/ST/STM32_USB_Host_Library/Core/Src/usbh_pipes.c ****   * @{
  70:Middlewares/ST/STM32_USB_Host_Library/Core/Src/usbh_pipes.c ****   */
  71:Middlewares/ST/STM32_USB_Host_Library/Core/Src/usbh_pipes.c **** static uint16_t USBH_GetFreePipe (USBH_HandleTypeDef *phost);
  72:Middlewares/ST/STM32_USB_Host_Library/Core/Src/usbh_pipes.c **** 
  73:Middlewares/ST/STM32_USB_Host_Library/Core/Src/usbh_pipes.c **** 
  74:Middlewares/ST/STM32_USB_Host_Library/Core/Src/usbh_pipes.c **** /**
  75:Middlewares/ST/STM32_USB_Host_Library/Core/Src/usbh_pipes.c ****   * @brief  USBH_Open_Pipe
  76:Middlewares/ST/STM32_USB_Host_Library/Core/Src/usbh_pipes.c ****   *         Open a  pipe
  77:Middlewares/ST/STM32_USB_Host_Library/Core/Src/usbh_pipes.c ****   * @param  phost: Host Handle
  78:Middlewares/ST/STM32_USB_Host_Library/Core/Src/usbh_pipes.c ****   * @param  pipe_num: Pipe Number
  79:Middlewares/ST/STM32_USB_Host_Library/Core/Src/usbh_pipes.c ****   * @param  dev_address: USB Device address allocated to attached device
  80:Middlewares/ST/STM32_USB_Host_Library/Core/Src/usbh_pipes.c ****   * @param  speed : USB device speed (Full/Low)
  81:Middlewares/ST/STM32_USB_Host_Library/Core/Src/usbh_pipes.c ****   * @param  ep_type: end point type (Bulk/int/ctl)
  82:Middlewares/ST/STM32_USB_Host_Library/Core/Src/usbh_pipes.c ****   * @param  mps: max pkt size
  83:Middlewares/ST/STM32_USB_Host_Library/Core/Src/usbh_pipes.c ****   * @retval USBH Status
  84:Middlewares/ST/STM32_USB_Host_Library/Core/Src/usbh_pipes.c ****   */
  85:Middlewares/ST/STM32_USB_Host_Library/Core/Src/usbh_pipes.c **** USBH_StatusTypeDef USBH_OpenPipe  (USBH_HandleTypeDef *phost,
ARM GAS  /var/folders/0z/tsy30v1j4xl4_7kw94k978ww0000gn/T//ccgBws4B.s 			page 3


  86:Middlewares/ST/STM32_USB_Host_Library/Core/Src/usbh_pipes.c ****                             uint8_t pipe_num,
  87:Middlewares/ST/STM32_USB_Host_Library/Core/Src/usbh_pipes.c ****                             uint8_t epnum,
  88:Middlewares/ST/STM32_USB_Host_Library/Core/Src/usbh_pipes.c ****                             uint8_t dev_address,
  89:Middlewares/ST/STM32_USB_Host_Library/Core/Src/usbh_pipes.c ****                             uint8_t speed,
  90:Middlewares/ST/STM32_USB_Host_Library/Core/Src/usbh_pipes.c ****                             uint8_t ep_type,
  91:Middlewares/ST/STM32_USB_Host_Library/Core/Src/usbh_pipes.c ****                             uint16_t mps)
  92:Middlewares/ST/STM32_USB_Host_Library/Core/Src/usbh_pipes.c **** {
  31              		.loc 1 92 1 view -0
  32              		.cfi_startproc
  33              		@ args = 12, pretend = 0, frame = 0
  34              		@ frame_needed = 0, uses_anonymous_args = 0
  93:Middlewares/ST/STM32_USB_Host_Library/Core/Src/usbh_pipes.c **** 
  94:Middlewares/ST/STM32_USB_Host_Library/Core/Src/usbh_pipes.c ****   USBH_LL_OpenPipe(phost,
  35              		.loc 1 94 3 view .LVU1
  92:Middlewares/ST/STM32_USB_Host_Library/Core/Src/usbh_pipes.c **** 
  36              		.loc 1 92 1 is_stmt 0 view .LVU2
  37 0000 10B5     		push	{r4, lr}
  38              		.cfi_def_cfa_offset 8
  39              		.cfi_offset 4, -8
  40              		.cfi_offset 14, -4
  41 0002 84B0     		sub	sp, sp, #16
  42              		.cfi_def_cfa_offset 24
  92:Middlewares/ST/STM32_USB_Host_Library/Core/Src/usbh_pipes.c **** 
  43              		.loc 1 92 1 view .LVU3
  44 0004 9DF81840 		ldrb	r4, [sp, #24]	@ zero_extendqisi2
  45              		.loc 1 94 3 view .LVU4
  46 0008 0094     		str	r4, [sp]
  92:Middlewares/ST/STM32_USB_Host_Library/Core/Src/usbh_pipes.c **** 
  47              		.loc 1 92 1 view .LVU5
  48 000a 9DF81C40 		ldrb	r4, [sp, #28]	@ zero_extendqisi2
  49              		.loc 1 94 3 view .LVU6
  50 000e 0194     		str	r4, [sp, #4]
  92:Middlewares/ST/STM32_USB_Host_Library/Core/Src/usbh_pipes.c **** 
  51              		.loc 1 92 1 view .LVU7
  52 0010 BDF82040 		ldrh	r4, [sp, #32]
  53              		.loc 1 94 3 view .LVU8
  54 0014 0294     		str	r4, [sp, #8]
  55 0016 FFF7FEFF 		bl	USBH_LL_OpenPipe
  56              	.LVL1:
  95:Middlewares/ST/STM32_USB_Host_Library/Core/Src/usbh_pipes.c ****                         pipe_num,
  96:Middlewares/ST/STM32_USB_Host_Library/Core/Src/usbh_pipes.c ****                         epnum,
  97:Middlewares/ST/STM32_USB_Host_Library/Core/Src/usbh_pipes.c ****                         dev_address,
  98:Middlewares/ST/STM32_USB_Host_Library/Core/Src/usbh_pipes.c ****                         speed,
  99:Middlewares/ST/STM32_USB_Host_Library/Core/Src/usbh_pipes.c ****                         ep_type,
 100:Middlewares/ST/STM32_USB_Host_Library/Core/Src/usbh_pipes.c ****                         mps);
 101:Middlewares/ST/STM32_USB_Host_Library/Core/Src/usbh_pipes.c **** 
 102:Middlewares/ST/STM32_USB_Host_Library/Core/Src/usbh_pipes.c ****   return USBH_OK;
  57              		.loc 1 102 3 is_stmt 1 view .LVU9
 103:Middlewares/ST/STM32_USB_Host_Library/Core/Src/usbh_pipes.c **** 
 104:Middlewares/ST/STM32_USB_Host_Library/Core/Src/usbh_pipes.c **** }
  58              		.loc 1 104 1 is_stmt 0 view .LVU10
  59 001a 0020     		movs	r0, #0
  60 001c 04B0     		add	sp, sp, #16
  61              		.cfi_def_cfa_offset 8
  62              		@ sp needed
  63 001e 10BD     		pop	{r4, pc}
  64              		.loc 1 104 1 view .LVU11
ARM GAS  /var/folders/0z/tsy30v1j4xl4_7kw94k978ww0000gn/T//ccgBws4B.s 			page 4


  65              		.cfi_endproc
  66              	.LFE238:
  68              		.section	.text.USBH_ClosePipe,"ax",%progbits
  69              		.align	1
  70              		.p2align 2,,3
  71              		.global	USBH_ClosePipe
  72              		.syntax unified
  73              		.thumb
  74              		.thumb_func
  76              	USBH_ClosePipe:
  77              	.LVL2:
  78              	.LFB239:
 105:Middlewares/ST/STM32_USB_Host_Library/Core/Src/usbh_pipes.c **** 
 106:Middlewares/ST/STM32_USB_Host_Library/Core/Src/usbh_pipes.c **** /**
 107:Middlewares/ST/STM32_USB_Host_Library/Core/Src/usbh_pipes.c ****   * @brief  USBH_ClosePipe
 108:Middlewares/ST/STM32_USB_Host_Library/Core/Src/usbh_pipes.c ****   *         Close a  pipe
 109:Middlewares/ST/STM32_USB_Host_Library/Core/Src/usbh_pipes.c ****   * @param  phost: Host Handle
 110:Middlewares/ST/STM32_USB_Host_Library/Core/Src/usbh_pipes.c ****   * @param  pipe_num: Pipe Number
 111:Middlewares/ST/STM32_USB_Host_Library/Core/Src/usbh_pipes.c ****   * @retval USBH Status
 112:Middlewares/ST/STM32_USB_Host_Library/Core/Src/usbh_pipes.c ****   */
 113:Middlewares/ST/STM32_USB_Host_Library/Core/Src/usbh_pipes.c **** USBH_StatusTypeDef USBH_ClosePipe  (USBH_HandleTypeDef *phost,
 114:Middlewares/ST/STM32_USB_Host_Library/Core/Src/usbh_pipes.c ****                             uint8_t pipe_num)
 115:Middlewares/ST/STM32_USB_Host_Library/Core/Src/usbh_pipes.c **** {
  79              		.loc 1 115 1 is_stmt 1 view -0
  80              		.cfi_startproc
  81              		@ args = 0, pretend = 0, frame = 0
  82              		@ frame_needed = 0, uses_anonymous_args = 0
 116:Middlewares/ST/STM32_USB_Host_Library/Core/Src/usbh_pipes.c **** 
 117:Middlewares/ST/STM32_USB_Host_Library/Core/Src/usbh_pipes.c ****   USBH_LL_ClosePipe(phost, pipe_num);
  83              		.loc 1 117 3 view .LVU13
 115:Middlewares/ST/STM32_USB_Host_Library/Core/Src/usbh_pipes.c **** 
  84              		.loc 1 115 1 is_stmt 0 view .LVU14
  85 0000 08B5     		push	{r3, lr}
  86              		.cfi_def_cfa_offset 8
  87              		.cfi_offset 3, -8
  88              		.cfi_offset 14, -4
  89              		.loc 1 117 3 view .LVU15
  90 0002 FFF7FEFF 		bl	USBH_LL_ClosePipe
  91              	.LVL3:
 118:Middlewares/ST/STM32_USB_Host_Library/Core/Src/usbh_pipes.c **** 
 119:Middlewares/ST/STM32_USB_Host_Library/Core/Src/usbh_pipes.c ****   return USBH_OK;
  92              		.loc 1 119 3 is_stmt 1 view .LVU16
 120:Middlewares/ST/STM32_USB_Host_Library/Core/Src/usbh_pipes.c **** 
 121:Middlewares/ST/STM32_USB_Host_Library/Core/Src/usbh_pipes.c **** }
  93              		.loc 1 121 1 is_stmt 0 view .LVU17
  94 0006 0020     		movs	r0, #0
  95 0008 08BD     		pop	{r3, pc}
  96              		.cfi_endproc
  97              	.LFE239:
  99 000a 00BF     		.section	.text.USBH_AllocPipe,"ax",%progbits
 100              		.align	1
 101              		.p2align 2,,3
 102              		.global	USBH_AllocPipe
 103              		.syntax unified
 104              		.thumb
 105              		.thumb_func
 107              	USBH_AllocPipe:
ARM GAS  /var/folders/0z/tsy30v1j4xl4_7kw94k978ww0000gn/T//ccgBws4B.s 			page 5


 108              	.LVL4:
 109              	.LFB240:
 122:Middlewares/ST/STM32_USB_Host_Library/Core/Src/usbh_pipes.c **** 
 123:Middlewares/ST/STM32_USB_Host_Library/Core/Src/usbh_pipes.c **** /**
 124:Middlewares/ST/STM32_USB_Host_Library/Core/Src/usbh_pipes.c ****   * @brief  USBH_Alloc_Pipe
 125:Middlewares/ST/STM32_USB_Host_Library/Core/Src/usbh_pipes.c ****   *         Allocate a new Pipe
 126:Middlewares/ST/STM32_USB_Host_Library/Core/Src/usbh_pipes.c ****   * @param  phost: Host Handle
 127:Middlewares/ST/STM32_USB_Host_Library/Core/Src/usbh_pipes.c ****   * @param  ep_addr: End point for which the Pipe to be allocated
 128:Middlewares/ST/STM32_USB_Host_Library/Core/Src/usbh_pipes.c ****   * @retval Pipe number
 129:Middlewares/ST/STM32_USB_Host_Library/Core/Src/usbh_pipes.c ****   */
 130:Middlewares/ST/STM32_USB_Host_Library/Core/Src/usbh_pipes.c **** uint8_t USBH_AllocPipe  (USBH_HandleTypeDef *phost, uint8_t ep_addr)
 131:Middlewares/ST/STM32_USB_Host_Library/Core/Src/usbh_pipes.c **** {
 110              		.loc 1 131 1 is_stmt 1 view -0
 111              		.cfi_startproc
 112              		@ args = 0, pretend = 0, frame = 0
 113              		@ frame_needed = 0, uses_anonymous_args = 0
 114              		@ link register save eliminated.
 132:Middlewares/ST/STM32_USB_Host_Library/Core/Src/usbh_pipes.c ****   uint16_t pipe;
 115              		.loc 1 132 3 view .LVU19
 133:Middlewares/ST/STM32_USB_Host_Library/Core/Src/usbh_pipes.c **** 
 134:Middlewares/ST/STM32_USB_Host_Library/Core/Src/usbh_pipes.c ****   pipe =  USBH_GetFreePipe(phost);
 116              		.loc 1 134 3 view .LVU20
 117              	.LBB4:
 118              	.LBI4:
 135:Middlewares/ST/STM32_USB_Host_Library/Core/Src/usbh_pipes.c **** 
 136:Middlewares/ST/STM32_USB_Host_Library/Core/Src/usbh_pipes.c ****   if (pipe != 0xFFFFU)
 137:Middlewares/ST/STM32_USB_Host_Library/Core/Src/usbh_pipes.c ****   {
 138:Middlewares/ST/STM32_USB_Host_Library/Core/Src/usbh_pipes.c **** 	phost->Pipes[pipe] = 0x8000U | ep_addr;
 139:Middlewares/ST/STM32_USB_Host_Library/Core/Src/usbh_pipes.c ****   }
 140:Middlewares/ST/STM32_USB_Host_Library/Core/Src/usbh_pipes.c ****   return (uint8_t)pipe;
 141:Middlewares/ST/STM32_USB_Host_Library/Core/Src/usbh_pipes.c **** }
 142:Middlewares/ST/STM32_USB_Host_Library/Core/Src/usbh_pipes.c **** 
 143:Middlewares/ST/STM32_USB_Host_Library/Core/Src/usbh_pipes.c **** /**
 144:Middlewares/ST/STM32_USB_Host_Library/Core/Src/usbh_pipes.c ****   * @brief  USBH_Free_Pipe
 145:Middlewares/ST/STM32_USB_Host_Library/Core/Src/usbh_pipes.c ****   *         Free the USB Pipe
 146:Middlewares/ST/STM32_USB_Host_Library/Core/Src/usbh_pipes.c ****   * @param  phost: Host Handle
 147:Middlewares/ST/STM32_USB_Host_Library/Core/Src/usbh_pipes.c ****   * @param  idx: Pipe number to be freed
 148:Middlewares/ST/STM32_USB_Host_Library/Core/Src/usbh_pipes.c ****   * @retval USBH Status
 149:Middlewares/ST/STM32_USB_Host_Library/Core/Src/usbh_pipes.c ****   */
 150:Middlewares/ST/STM32_USB_Host_Library/Core/Src/usbh_pipes.c **** USBH_StatusTypeDef USBH_FreePipe  (USBH_HandleTypeDef *phost, uint8_t idx)
 151:Middlewares/ST/STM32_USB_Host_Library/Core/Src/usbh_pipes.c **** {
 152:Middlewares/ST/STM32_USB_Host_Library/Core/Src/usbh_pipes.c ****    if(idx < 11U)
 153:Middlewares/ST/STM32_USB_Host_Library/Core/Src/usbh_pipes.c ****    {
 154:Middlewares/ST/STM32_USB_Host_Library/Core/Src/usbh_pipes.c **** 	 phost->Pipes[idx] &= 0x7FFFU;
 155:Middlewares/ST/STM32_USB_Host_Library/Core/Src/usbh_pipes.c ****    }
 156:Middlewares/ST/STM32_USB_Host_Library/Core/Src/usbh_pipes.c ****    return USBH_OK;
 157:Middlewares/ST/STM32_USB_Host_Library/Core/Src/usbh_pipes.c **** }
 158:Middlewares/ST/STM32_USB_Host_Library/Core/Src/usbh_pipes.c **** 
 159:Middlewares/ST/STM32_USB_Host_Library/Core/Src/usbh_pipes.c **** /**
 160:Middlewares/ST/STM32_USB_Host_Library/Core/Src/usbh_pipes.c ****   * @brief  USBH_GetFreePipe
 161:Middlewares/ST/STM32_USB_Host_Library/Core/Src/usbh_pipes.c ****   * @param  phost: Host Handle
 162:Middlewares/ST/STM32_USB_Host_Library/Core/Src/usbh_pipes.c ****   *         Get a free Pipe number for allocation to a device endpoint
 163:Middlewares/ST/STM32_USB_Host_Library/Core/Src/usbh_pipes.c ****   * @retval idx: Free Pipe number
 164:Middlewares/ST/STM32_USB_Host_Library/Core/Src/usbh_pipes.c ****   */
 165:Middlewares/ST/STM32_USB_Host_Library/Core/Src/usbh_pipes.c **** static uint16_t USBH_GetFreePipe (USBH_HandleTypeDef *phost)
 119              		.loc 1 165 17 view .LVU21
 120              	.LBB5:
ARM GAS  /var/folders/0z/tsy30v1j4xl4_7kw94k978ww0000gn/T//ccgBws4B.s 			page 6


 166:Middlewares/ST/STM32_USB_Host_Library/Core/Src/usbh_pipes.c **** {
 167:Middlewares/ST/STM32_USB_Host_Library/Core/Src/usbh_pipes.c ****   uint8_t idx = 0U;
 121              		.loc 1 167 3 view .LVU22
 168:Middlewares/ST/STM32_USB_Host_Library/Core/Src/usbh_pipes.c **** 
 169:Middlewares/ST/STM32_USB_Host_Library/Core/Src/usbh_pipes.c ****   for (idx = 0U ; idx < 11U ; idx++)
 122              		.loc 1 169 3 view .LVU23
 123              		.loc 1 169 23 view .LVU24
 124              	.LBE5:
 125              	.LBE4:
 131:Middlewares/ST/STM32_USB_Host_Library/Core/Src/usbh_pipes.c ****   uint16_t pipe;
 126              		.loc 1 131 1 is_stmt 0 view .LVU25
 127 0000 10B4     		push	{r4}
 128              		.cfi_def_cfa_offset 4
 129              		.cfi_offset 4, -4
 130 0002 00F2CC52 		addw	r2, r0, #1484
 131:Middlewares/ST/STM32_USB_Host_Library/Core/Src/usbh_pipes.c ****   uint16_t pipe;
 131              		.loc 1 131 1 view .LVU26
 132 0006 0023     		movs	r3, #0
 133              	.LVL5:
 134              	.L9:
 135              	.LBB8:
 136              	.LBB6:
 137              		.loc 1 169 34 is_stmt 1 view .LVU27
 138              		.loc 1 169 23 view .LVU28
 170:Middlewares/ST/STM32_USB_Host_Library/Core/Src/usbh_pipes.c ****   {
 171:Middlewares/ST/STM32_USB_Host_Library/Core/Src/usbh_pipes.c **** 	if ((phost->Pipes[idx] & 0x8000U) == 0U)
 139              		.loc 1 171 25 is_stmt 0 view .LVU29
 140 0008 52F8044F 		ldr	r4, [r2, #4]!
 141              		.loc 1 171 5 view .LVU30
 142 000c 2404     		lsls	r4, r4, #16
 143 000e 5FFA83FC 		uxtb	ip, r3
 144              	.LVL6:
 145              		.loc 1 171 2 is_stmt 1 view .LVU31
 146              		.loc 1 171 5 is_stmt 0 view .LVU32
 147 0012 08D5     		bpl	.L12
 169:Middlewares/ST/STM32_USB_Host_Library/Core/Src/usbh_pipes.c ****   {
 148              		.loc 1 169 23 view .LVU33
 149 0014 0133     		adds	r3, r3, #1
 150 0016 0B2B     		cmp	r3, #11
 151 0018 F6D1     		bne	.L9
 152 001a 4FF0FF0C 		mov	ip, #255
 153              	.LVL7:
 169:Middlewares/ST/STM32_USB_Host_Library/Core/Src/usbh_pipes.c ****   {
 154              		.loc 1 169 23 view .LVU34
 155              	.LBE6:
 156              	.LBE8:
 140:Middlewares/ST/STM32_USB_Host_Library/Core/Src/usbh_pipes.c **** }
 157              		.loc 1 140 3 is_stmt 1 view .LVU35
 141:Middlewares/ST/STM32_USB_Host_Library/Core/Src/usbh_pipes.c **** 
 158              		.loc 1 141 1 is_stmt 0 view .LVU36
 159 001e 6046     		mov	r0, ip
 160              	.LVL8:
 141:Middlewares/ST/STM32_USB_Host_Library/Core/Src/usbh_pipes.c **** 
 161              		.loc 1 141 1 view .LVU37
 162 0020 5DF8044B 		ldr	r4, [sp], #4
 163              		.cfi_remember_state
 164              		.cfi_restore 4
ARM GAS  /var/folders/0z/tsy30v1j4xl4_7kw94k978ww0000gn/T//ccgBws4B.s 			page 7


 165              		.cfi_def_cfa_offset 0
 166 0024 7047     		bx	lr
 167              	.LVL9:
 168              	.L12:
 169              		.cfi_restore_state
 170              	.LBB9:
 171              	.LBB7:
 172:Middlewares/ST/STM32_USB_Host_Library/Core/Src/usbh_pipes.c **** 	{
 173:Middlewares/ST/STM32_USB_Host_Library/Core/Src/usbh_pipes.c **** 	   return (uint16_t)idx;
 172              		.loc 1 173 5 is_stmt 1 view .LVU38
 173              		.loc 1 173 5 is_stmt 0 view .LVU39
 174              	.LBE7:
 175              	.LBE9:
 136:Middlewares/ST/STM32_USB_Host_Library/Core/Src/usbh_pipes.c ****   {
 176              		.loc 1 136 3 is_stmt 1 view .LVU40
 138:Middlewares/ST/STM32_USB_Host_Library/Core/Src/usbh_pipes.c ****   }
 177              		.loc 1 138 2 view .LVU41
 138:Middlewares/ST/STM32_USB_Host_Library/Core/Src/usbh_pipes.c ****   }
 178              		.loc 1 138 21 is_stmt 0 view .LVU42
 179 0026 03F5BA73 		add	r3, r3, #372
 138:Middlewares/ST/STM32_USB_Host_Library/Core/Src/usbh_pipes.c ****   }
 180              		.loc 1 138 31 view .LVU43
 181 002a 41F40041 		orr	r1, r1, #32768
 182              	.LVL10:
 138:Middlewares/ST/STM32_USB_Host_Library/Core/Src/usbh_pipes.c ****   }
 183              		.loc 1 138 21 view .LVU44
 184 002e 40F82310 		str	r1, [r0, r3, lsl #2]
 185              	.LVL11:
 140:Middlewares/ST/STM32_USB_Host_Library/Core/Src/usbh_pipes.c **** }
 186              		.loc 1 140 3 is_stmt 1 view .LVU45
 141:Middlewares/ST/STM32_USB_Host_Library/Core/Src/usbh_pipes.c **** 
 187              		.loc 1 141 1 is_stmt 0 view .LVU46
 188 0032 5DF8044B 		ldr	r4, [sp], #4
 189              		.cfi_restore 4
 190              		.cfi_def_cfa_offset 0
 191 0036 6046     		mov	r0, ip
 192              	.LVL12:
 141:Middlewares/ST/STM32_USB_Host_Library/Core/Src/usbh_pipes.c **** 
 193              		.loc 1 141 1 view .LVU47
 194 0038 7047     		bx	lr
 195              		.cfi_endproc
 196              	.LFE240:
 198 003a 00BF     		.section	.text.USBH_FreePipe,"ax",%progbits
 199              		.align	1
 200              		.p2align 2,,3
 201              		.global	USBH_FreePipe
 202              		.syntax unified
 203              		.thumb
 204              		.thumb_func
 206              	USBH_FreePipe:
 207              	.LVL13:
 208              	.LFB241:
 151:Middlewares/ST/STM32_USB_Host_Library/Core/Src/usbh_pipes.c ****    if(idx < 11U)
 209              		.loc 1 151 1 is_stmt 1 view -0
 210              		.cfi_startproc
 211              		@ args = 0, pretend = 0, frame = 0
 212              		@ frame_needed = 0, uses_anonymous_args = 0
ARM GAS  /var/folders/0z/tsy30v1j4xl4_7kw94k978ww0000gn/T//ccgBws4B.s 			page 8


 213              		@ link register save eliminated.
 152:Middlewares/ST/STM32_USB_Host_Library/Core/Src/usbh_pipes.c ****    {
 214              		.loc 1 152 4 view .LVU49
 152:Middlewares/ST/STM32_USB_Host_Library/Core/Src/usbh_pipes.c ****    {
 215              		.loc 1 152 6 is_stmt 0 view .LVU50
 216 0000 0A29     		cmp	r1, #10
 217 0002 07D8     		bhi	.L14
 154:Middlewares/ST/STM32_USB_Host_Library/Core/Src/usbh_pipes.c ****    }
 218              		.loc 1 154 3 is_stmt 1 view .LVU51
 219 0004 00EB8101 		add	r1, r0, r1, lsl #2
 220              	.LVL14:
 154:Middlewares/ST/STM32_USB_Host_Library/Core/Src/usbh_pipes.c ****    }
 221              		.loc 1 154 21 is_stmt 0 view .LVU52
 222 0008 D1F8D035 		ldr	r3, [r1, #1488]
 223 000c C3F30E03 		ubfx	r3, r3, #0, #15
 224 0010 C1F8D035 		str	r3, [r1, #1488]
 225              	.L14:
 156:Middlewares/ST/STM32_USB_Host_Library/Core/Src/usbh_pipes.c **** }
 226              		.loc 1 156 4 is_stmt 1 view .LVU53
 157:Middlewares/ST/STM32_USB_Host_Library/Core/Src/usbh_pipes.c **** 
 227              		.loc 1 157 1 is_stmt 0 view .LVU54
 228 0014 0020     		movs	r0, #0
 229              	.LVL15:
 157:Middlewares/ST/STM32_USB_Host_Library/Core/Src/usbh_pipes.c **** 
 230              		.loc 1 157 1 view .LVU55
 231 0016 7047     		bx	lr
 232              		.cfi_endproc
 233              	.LFE241:
 235              		.text
 236              	.Letext0:
 237              		.file 2 "/Users/johannes/Library/Application Support/Code/User/globalStorage/bmd.stm32-for-vscode/
 238              		.file 3 "/Users/johannes/Library/Application Support/Code/User/globalStorage/bmd.stm32-for-vscode/
 239              		.file 4 "Middlewares/ST/STM32_USB_Host_Library/Core/Inc/usbh_def.h"
 240              		.file 5 "Middlewares/ST/STM32_USB_Host_Library/Core/Inc/usbh_core.h"
ARM GAS  /var/folders/0z/tsy30v1j4xl4_7kw94k978ww0000gn/T//ccgBws4B.s 			page 9


DEFINED SYMBOLS
                            *ABS*:0000000000000000 usbh_pipes.c
/var/folders/0z/tsy30v1j4xl4_7kw94k978ww0000gn/T//ccgBws4B.s:20     .text.USBH_OpenPipe:0000000000000000 $t
/var/folders/0z/tsy30v1j4xl4_7kw94k978ww0000gn/T//ccgBws4B.s:27     .text.USBH_OpenPipe:0000000000000000 USBH_OpenPipe
/var/folders/0z/tsy30v1j4xl4_7kw94k978ww0000gn/T//ccgBws4B.s:69     .text.USBH_ClosePipe:0000000000000000 $t
/var/folders/0z/tsy30v1j4xl4_7kw94k978ww0000gn/T//ccgBws4B.s:76     .text.USBH_ClosePipe:0000000000000000 USBH_ClosePipe
/var/folders/0z/tsy30v1j4xl4_7kw94k978ww0000gn/T//ccgBws4B.s:100    .text.USBH_AllocPipe:0000000000000000 $t
/var/folders/0z/tsy30v1j4xl4_7kw94k978ww0000gn/T//ccgBws4B.s:107    .text.USBH_AllocPipe:0000000000000000 USBH_AllocPipe
/var/folders/0z/tsy30v1j4xl4_7kw94k978ww0000gn/T//ccgBws4B.s:199    .text.USBH_FreePipe:0000000000000000 $t
/var/folders/0z/tsy30v1j4xl4_7kw94k978ww0000gn/T//ccgBws4B.s:206    .text.USBH_FreePipe:0000000000000000 USBH_FreePipe

UNDEFINED SYMBOLS
USBH_LL_OpenPipe
USBH_LL_ClosePipe
